Charlization AI Headless Simulation
Date: 2026-03-17T00:39:20.368Z
Settings: 50 turns, 4 AI players, 50x80 map, difficulty=prince
Map seed: 54077
Map generated in 95ms
Game initialized: 4 civs, 8 starting units
  Civ 1 (Romans): starts at (32,8) on Grassland
  Civ 2 (Babylonians): starts at (21,71) on Grassland
  Civ 3 (Germans): starts at (20,40) on Plains
  Civ 4 (Egyptians): starts at (44,38) on Grassland
    SET_RESEARCH tech=Bronze Working
    CHANGE_RATES sci=6 tax=4 lux=undefined
    BUILD_CITY unit=0 name="Rome"
    1 actions REJECTED (of 6)
    SET_RESEARCH tech=Map Making
    CHANGE_RATES sci=6 tax=4 lux=undefined
    BUILD_CITY unit=2 name="Babylon"
    1 actions REJECTED (of 6)
    SET_RESEARCH tech=Warrior Code
    CHANGE_RATES sci=6 tax=4 lux=undefined
    BUILD_CITY unit=4 name="Berlin"
    1 actions REJECTED (of 6)
    SET_RESEARCH tech=Mysticism
    CHANGE_RATES sci=6 tax=4 lux=undefined
    BUILD_CITY unit=6 name="Thebes"
    1 actions REJECTED (of 6)

══════════════════════════════════════════════════════════════════════
  TURN 1 — 4000 B.C. (35ms)
══════════════════════════════════════════════════════════════════════
  [Civ 1] Romans (despotism): 1 cities, 1 units, 1g, 3 techs, researching Bronze Working (3/28)
    Rome: size=1, prod=Warriors (2sh), bldgs=Palace
    Units: 1x Warriors
  [Civ 2] Babylonians (despotism): 1 cities, 1 units, 0g, 3 techs, researching Map Making (0/28)
    Babylon: size=1, prod=Warriors (0sh), bldgs=Palace
    Units: 1x Warriors
  [Civ 3] Germans (despotism): 1 cities, 1 units, 0g, 3 techs, researching Warrior Code (0/28)
    Berlin: size=1, prod=Warriors (0sh), bldgs=Palace
    Units: 1x Warriors
  [Civ 4] Egyptians (despotism): 1 cities, 1 units, 0g, 3 techs, researching Mysticism (0/28)
    Thebes: size=1, prod=Warriors (0sh), bldgs=Palace
    Units: 1x Warriors
  [Civ 1] Romans turn: 3 actions — CHANGE_PRODUCTION(1), MOVE_UNIT(1), UNIT_ORDER(1)
    CHANGE_PRODUCTION city=0
    CHANGE_PRODUCTION city=1
    CHANGE_PRODUCTION city=2
    CHANGE_PRODUCTION city=3

══════════════════════════════════════════════════════════════════════
  TURN 2 — 3980 B.C. (20ms)
══════════════════════════════════════════════════════════════════════
  [Civ 1] Romans (despotism): 1 cities, 1 units, 2g, 5 techs, researching Bronze Working (6/36)
    Rome: size=1, prod=building:2 (2sh), bldgs=Palace
    Units: 1x Warriors
  [Civ 2] Babylonians (despotism): 1 cities, 1 units, 1g, 5 techs, researching Map Making (2/36)
    Babylon: size=1, prod=Wonder45 (0sh), bldgs=Palace
    Units: 1x Warriors
  [Civ 3] Germans (despotism): 1 cities, 1 units, 1g, 5 techs, researching Warrior Code (2/36)
    Berlin: size=1, prod=Wonder41 (0sh), bldgs=Palace
    Units: 1x Warriors
  [Civ 4] Egyptians (despotism): 1 cities, 1 units, 1g, 5 techs, researching Mysticism (3/36)
    Thebes: size=1, prod=Wonder39 (0sh), bldgs=Palace
    Units: 1x Warriors
  [Civ 1] Romans turn: 4 actions — SET_RESEARCH(1), CHANGE_PRODUCTION(1), MOVE_UNIT(1), UNIT_ORDER(1)
    SET_RESEARCH tech=Warrior Code
    CHANGE_PRODUCTION city=0

══════════════════════════════════════════════════════════════════════
  TURN 3 — 3960 B.C. (7ms)
══════════════════════════════════════════════════════════════════════
  [Civ 1] Romans (despotism): 1 cities, 1 units, 3g, 5 techs, researching Warrior Code (9/36)
    Rome: size=1, prod=Wonder39 (2sh), bldgs=Palace
    Units: 1x Warriors
  [Civ 2] Babylonians (despotism): 1 cities, 1 units, 2g, 5 techs, researching Map Making (4/36)
    Babylon: size=1, prod=Wonder45 (3sh), bldgs=Palace
    Units: 1x Warriors
  [Civ 3] Germans (despotism): 1 cities, 1 units, 2g, 5 techs, researching Warrior Code (4/36)
    Berlin: size=1, prod=Wonder41 (1sh), bldgs=Palace
    Units: 1x Warriors
  [Civ 4] Egyptians (despotism): 1 cities, 1 units, 2g, 5 techs, researching Mysticism (6/36)
    Thebes: size=1, prod=Wonder39 (2sh), bldgs=Palace
    Units: 1x Warriors
  [Civ 1] Romans turn: 2 actions — MOVE_UNIT(1), UNIT_ORDER(1)

══════════════════════════════════════════════════════════════════════
  TURN 4 — 3940 B.C. (4ms)
══════════════════════════════════════════════════════════════════════
  [Civ 1] Romans (despotism): 1 cities, 1 units, 4g, 5 techs, researching Warrior Code (12/36)
    Rome: size=1, prod=Wonder39 (4sh), bldgs=Palace
    Units: 1x Warriors
  [Civ 2] Babylonians (despotism): 1 cities, 1 units, 3g, 5 techs, researching Map Making (6/36)
    Babylon: size=1, prod=Wonder45 (6sh), bldgs=Palace
    Units: 1x Warriors
  [Civ 3] Germans (despotism): 1 cities, 1 units, 3g, 5 techs, researching Warrior Code (6/36)
    Berlin: size=1, prod=Wonder41 (2sh), bldgs=Palace
    Units: 1x Warriors
  [Civ 4] Egyptians (despotism): 1 cities, 1 units, 3g, 5 techs, researching Mysticism (9/36)
    Thebes: size=1, prod=Wonder39 (4sh), bldgs=Palace
    Units: 1x Warriors
  [Civ 1] Romans turn: 2 actions — MOVE_UNIT(1), UNIT_ORDER(1)

══════════════════════════════════════════════════════════════════════
  TURN 5 — 3920 B.C. (6ms)
══════════════════════════════════════════════════════════════════════
  [Civ 1] Romans (despotism): 1 cities, 1 units, 5g, 5 techs, researching Warrior Code (15/36)
    Rome: size=1, prod=Wonder39 (6sh), bldgs=Palace
    Units: 1x Warriors
  [Civ 2] Babylonians (despotism): 1 cities, 1 units, 4g, 5 techs, researching Map Making (8/36)
    Babylon: size=1, prod=Wonder45 (9sh), bldgs=Palace
    Units: 1x Warriors
  [Civ 3] Germans (despotism): 1 cities, 1 units, 4g, 5 techs, researching Warrior Code (8/36)
    Berlin: size=1, prod=Wonder41 (3sh), bldgs=Palace
    Units: 1x Warriors
  [Civ 4] Egyptians (despotism): 1 cities, 1 units, 4g, 5 techs, researching Mysticism (12/36)
    Thebes: size=1, prod=Wonder39 (6sh), bldgs=Palace
    Units: 1x Warriors
  [Civ 1] Romans turn: 2 actions — MOVE_UNIT(1), UNIT_ORDER(1)

══════════════════════════════════════════════════════════════════════
  TURN 6 — 3900 B.C. (4ms)
══════════════════════════════════════════════════════════════════════
  [Civ 1] Romans (despotism): 1 cities, 1 units, 6g, 5 techs, researching Warrior Code (18/36)
    Rome: size=1, prod=Wonder39 (8sh), bldgs=Palace
    Units: 1x Warriors
  [Civ 2] Babylonians (despotism): 1 cities, 1 units, 5g, 5 techs, researching Map Making (10/36)
    Babylon: size=1, prod=Wonder45 (12sh), bldgs=Palace
    Units: 1x Warriors
  [Civ 3] Germans (despotism): 1 cities, 1 units, 5g, 5 techs, researching Warrior Code (10/36)
    Berlin: size=1, prod=Wonder41 (4sh), bldgs=Palace
    Units: 1x Warriors
  [Civ 4] Egyptians (despotism): 1 cities, 1 units, 5g, 5 techs, researching Mysticism (15/36)
    Thebes: size=1, prod=Wonder39 (8sh), bldgs=Palace
    Units: 1x Warriors
  [Civ 1] Romans turn: 2 actions — MOVE_UNIT(1), UNIT_ORDER(1)

══════════════════════════════════════════════════════════════════════
  TURN 7 — 3880 B.C. (5ms)
══════════════════════════════════════════════════════════════════════
  [Civ 1] Romans (despotism): 1 cities, 1 units, 7g, 5 techs, researching Warrior Code (21/36)
    Rome: size=1, prod=Wonder39 (10sh), bldgs=Palace
    Units: 1x Warriors
  [Civ 2] Babylonians (despotism): 1 cities, 1 units, 6g, 5 techs, researching Map Making (12/36)
    Babylon: size=1, prod=Wonder45 (15sh), bldgs=Palace
    Units: 1x Warriors
  [Civ 3] Germans (despotism): 1 cities, 1 units, 6g, 5 techs, researching Warrior Code (12/36)
    Berlin: size=1, prod=Wonder41 (5sh), bldgs=Palace
    Units: 1x Warriors
  [Civ 4] Egyptians (despotism): 1 cities, 1 units, 6g, 5 techs, researching Mysticism (18/36)
    Thebes: size=1, prod=Wonder39 (10sh), bldgs=Palace
    Units: 1x Warriors
  [Civ 1] Romans turn: 2 actions — MOVE_UNIT(1), UNIT_ORDER(1)
    >>> Berlin grew to size 2

══════════════════════════════════════════════════════════════════════
  TURN 8 — 3860 B.C. (4ms)
══════════════════════════════════════════════════════════════════════
  [Civ 1] Romans (despotism): 1 cities, 1 units, 8g, 5 techs, researching Warrior Code (24/36)
    Rome: size=1, prod=Wonder39 (12sh), bldgs=Palace
    Units: 1x Warriors
  [Civ 2] Babylonians (despotism): 1 cities, 1 units, 7g, 5 techs, researching Map Making (14/36)
    Babylon: size=1, prod=Wonder45 (18sh), bldgs=Palace
    Units: 1x Warriors
  [Civ 3] Germans (despotism): 1 cities, 1 units, 8g, 5 techs, researching Warrior Code (14/36)
    Berlin: size=2, prod=Wonder41 (6sh), bldgs=Palace
    Units: 1x Warriors
  [Civ 4] Egyptians (despotism): 1 cities, 1 units, 7g, 5 techs, researching Mysticism (21/36)
    Thebes: size=1, prod=Wonder39 (12sh), bldgs=Palace
    Units: 1x Warriors
  [Civ 1] Romans turn: 2 actions — MOVE_UNIT(1), UNIT_ORDER(1)

══════════════════════════════════════════════════════════════════════
  TURN 9 — 3840 B.C. (5ms)
══════════════════════════════════════════════════════════════════════
  [Civ 1] Romans (despotism): 1 cities, 1 units, 9g, 5 techs, researching Warrior Code (27/36)
    Rome: size=1, prod=Wonder39 (14sh), bldgs=Palace
    Units: 1x Warriors
  [Civ 2] Babylonians (despotism): 1 cities, 1 units, 8g, 5 techs, researching Map Making (16/36)
    Babylon: size=1, prod=Wonder45 (21sh), bldgs=Palace
    Units: 1x Warriors
  [Civ 3] Germans (despotism): 1 cities, 1 units, 10g, 5 techs, researching Warrior Code (16/36)
    Berlin: size=2, prod=Wonder41 (8sh), bldgs=Palace
    Units: 1x Warriors
  [Civ 4] Egyptians (despotism): 1 cities, 1 units, 8g, 5 techs, researching Mysticism (24/36)
    Thebes: size=1, prod=Wonder39 (14sh), bldgs=Palace
    Units: 1x Warriors
  [Civ 1] Romans turn: 2 actions — MOVE_UNIT(1), UNIT_ORDER(1)
    END_TURN REJECTED: 1 units still need orders
      #8 Settlers(Settle) @(39,2) mv=3 ord=none hp=full
    >>> Rome grew to size 2

══════════════════════════════════════════════════════════════════════
  TURN 10 — 3820 B.C. (4ms)
══════════════════════════════════════════════════════════════════════
  [Civ 1] Romans (despotism): 1 cities, 2 units, 11g, 5 techs, researching Warrior Code (30/36)
    Rome: size=2, prod=Wonder39 (16sh), bldgs=Palace
    Units: 1x Warriors, 1x Settlers
  [Civ 2] Babylonians (despotism): 1 cities, 1 units, 9g, 5 techs, researching Map Making (18/36)
    Babylon: size=1, prod=Wonder45 (24sh), bldgs=Palace
    Units: 1x Warriors
  [Civ 3] Germans (despotism): 1 cities, 1 units, 12g, 5 techs, researching Warrior Code (18/36)
    Berlin: size=2, prod=Wonder41 (10sh), bldgs=Palace
    Units: 1x Warriors
  [Civ 4] Egyptians (despotism): 1 cities, 1 units, 9g, 5 techs, researching Mysticism (27/36)
    Thebes: size=1, prod=Wonder39 (16sh), bldgs=Palace
    Units: 1x Warriors
  [Civ 1] Romans turn: 4 actions — WORKER_ORDER(1), MOVE_UNIT(1), UNIT_ORDER(2)
    >>> Babylon grew to size 2
    >>> Thebes grew to size 2

══════════════════════════════════════════════════════════════════════
  TURN 11 — 3800 B.C. (6ms)
══════════════════════════════════════════════════════════════════════
  [Civ 1] Romans (despotism): 1 cities, 2 units, 13g, 5 techs, researching Warrior Code (33/36)
    Rome: size=2, prod=Wonder39 (19sh), bldgs=Palace
    Units: 1x Warriors, 1x Settlers
  [Civ 2] Babylonians (despotism): 1 cities, 1 units, 10g, 5 techs, researching Map Making (22/36)
    Babylon: size=2, prod=Wonder45 (27sh), bldgs=Palace
    Units: 1x Warriors
  [Civ 3] Germans (despotism): 1 cities, 0 units, 14g, 5 techs, researching Warrior Code (20/36)
    Berlin: size=2, prod=Wonder41 (12sh), bldgs=Palace
    Units: none
  [Civ 4] Egyptians (despotism): 1 cities, 1 units, 11g, 5 techs, researching Mysticism (29/36)
    Thebes: size=2, prod=Wonder39 (18sh), bldgs=Palace
    Units: 1x Warriors
  [Civ 1] Romans turn: 2 actions — MOVE_UNIT(1), UNIT_ORDER(1)
    >>> Romans discovered: Warrior Code

══════════════════════════════════════════════════════════════════════
  TURN 12 — 3780 B.C. (8ms)
══════════════════════════════════════════════════════════════════════
  [Civ 1] Romans (despotism): 1 cities, 2 units, 13g, 6 techs, researching none (0/36)
    Rome: size=2, prod=Wonder39 (22sh), bldgs=Palace
    Units: 1x Warriors, 1x Settlers
  [Civ 2] Babylonians (despotism): 1 cities, 1 units, 11g, 5 techs, researching Map Making (26/36)
    Babylon: size=2, prod=Wonder45 (31sh), bldgs=Palace
    Units: 1x Warriors
  [Civ 3] Germans (despotism): 1 cities, 0 units, 16g, 5 techs, researching Warrior Code (22/36)
    Berlin: size=2, prod=Wonder41 (14sh), bldgs=Palace
    Units: none
  [Civ 4] Egyptians (despotism): 1 cities, 1 units, 13g, 5 techs, researching Mysticism (31/36)
    Thebes: size=2, prod=Wonder39 (20sh), bldgs=Palace
    Units: 1x Warriors
  [Civ 1] Romans turn: 5 actions — SET_RESEARCH(1), WORKER_ORDER(1), MOVE_UNIT(1), UNIT_ORDER(2)
    SET_RESEARCH tech=Iron Working

══════════════════════════════════════════════════════════════════════
  TURN 13 — 3760 B.C. (6ms)
══════════════════════════════════════════════════════════════════════
  [Civ 1] Romans (despotism): 1 cities, 2 units, 64g, 6 techs, researching Iron Working (3/36)
    Rome: size=2, prod=Wonder39 (25sh), bldgs=Palace
    Units: 1x Warriors, 1x Settlers
  [Civ 2] Babylonians (despotism): 1 cities, 1 units, 12g, 5 techs, researching Map Making (30/36)
    Babylon: size=2, prod=Wonder45 (35sh), bldgs=Palace
    Units: 1x Warriors
  [Civ 3] Germans (despotism): 1 cities, 0 units, 18g, 5 techs, researching Warrior Code (24/36)
    Berlin: size=2, prod=Wonder41 (16sh), bldgs=Palace
    Units: none
  [Civ 4] Egyptians (despotism): 1 cities, 1 units, 15g, 5 techs, researching Mysticism (33/36)
    Thebes: size=2, prod=Wonder39 (22sh), bldgs=Palace
    Units: 1x Warriors
  [Civ 1] Romans turn: 2 actions — MOVE_UNIT(1), UNIT_ORDER(1)

══════════════════════════════════════════════════════════════════════
  TURN 14 — 3740 B.C. (6ms)
══════════════════════════════════════════════════════════════════════
  [Civ 1] Romans (despotism): 1 cities, 2 units, 66g, 6 techs, researching Iron Working (6/36)
    Rome: size=2, prod=Wonder39 (28sh), bldgs=Palace
    Units: 1x Warriors, 1x Settlers
  [Civ 2] Babylonians (despotism): 1 cities, 1 units, 13g, 5 techs, researching Map Making (34/36)
    Babylon: size=2, prod=Wonder45 (39sh), bldgs=Palace
    Units: 1x Warriors
  [Civ 3] Germans (despotism): 1 cities, 0 units, 20g, 5 techs, researching Warrior Code (26/36)
    Berlin: size=2, prod=Wonder41 (18sh), bldgs=Palace
    Units: none
  [Civ 4] Egyptians (despotism): 1 cities, 1 units, 17g, 5 techs, researching Mysticism (35/36)
    Thebes: size=2, prod=Wonder39 (24sh), bldgs=Palace
    Units: 1x Warriors
  [Civ 1] Romans turn: 2 actions — MOVE_UNIT(1), UNIT_ORDER(1)
    >>> Babylonians discovered: Map Making
    SET_RESEARCH tech=Code of Laws
    >>> Egyptians discovered: Mysticism
    SET_RESEARCH tech=Writing

══════════════════════════════════════════════════════════════════════
  TURN 15 — 3720 B.C. (10ms)
══════════════════════════════════════════════════════════════════════
  [Civ 1] Romans (despotism): 1 cities, 2 units, 68g, 6 techs, researching Iron Working (9/36)
    Rome: size=2, prod=Wonder39 (31sh), bldgs=Palace
    Units: 1x Warriors, 1x Settlers
  [Civ 2] Babylonians (despotism): 1 cities, 1 units, 13g, 6 techs, researching Code of Laws (0/36)
    Babylon: size=2, prod=Wonder45 (43sh), bldgs=Palace
    Units: 1x Warriors
  [Civ 3] Germans (despotism): 1 cities, 0 units, 22g, 5 techs, researching Warrior Code (28/36)
    Berlin: size=2, prod=Wonder41 (20sh), bldgs=Palace
    Units: none
  [Civ 4] Egyptians (despotism): 1 cities, 1 units, 17g, 6 techs, researching Writing (0/36)
    Thebes: size=2, prod=Wonder39 (26sh), bldgs=Palace
    Units: 1x Warriors
  [Civ 1] Romans turn: 2 actions — MOVE_UNIT(1), UNIT_ORDER(1)

══════════════════════════════════════════════════════════════════════
  TURN 16 — 3700 B.C. (3ms)
══════════════════════════════════════════════════════════════════════
  [Civ 1] Romans (despotism): 1 cities, 2 units, 70g, 6 techs, researching Iron Working (12/36)
    Rome: size=2, prod=Wonder39 (34sh), bldgs=Palace
    Units: 1x Warriors, 1x Settlers
  [Civ 2] Babylonians (despotism): 1 cities, 1 units, 14g, 6 techs, researching Code of Laws (4/36)
    Babylon: size=2, prod=Wonder45 (47sh), bldgs=Palace
    Units: 1x Warriors
  [Civ 3] Germans (despotism): 1 cities, 0 units, 24g, 5 techs, researching Warrior Code (30/36)
    Berlin: size=2, prod=Wonder41 (22sh), bldgs=Palace
    Units: none
  [Civ 4] Egyptians (despotism): 1 cities, 1 units, 19g, 6 techs, researching Writing (2/36)
    Thebes: size=2, prod=Wonder39 (28sh), bldgs=Palace
    Units: 1x Warriors
  [Civ 1] Romans turn: 2 actions — MOVE_UNIT(1), UNIT_ORDER(1)

══════════════════════════════════════════════════════════════════════
  TURN 17 — 3680 B.C. (4ms)
══════════════════════════════════════════════════════════════════════
  [Civ 1] Romans (despotism): 1 cities, 2 units, 72g, 6 techs, researching Iron Working (15/36)
    Rome: size=2, prod=Wonder39 (37sh), bldgs=Palace
    Units: 1x Warriors, 1x Settlers
  [Civ 2] Babylonians (despotism): 1 cities, 1 units, 15g, 6 techs, researching Code of Laws (8/36)
    Babylon: size=2, prod=Wonder45 (51sh), bldgs=Palace
    Units: 1x Warriors
  [Civ 3] Germans (despotism): 1 cities, 0 units, 26g, 5 techs, researching Warrior Code (32/36)
    Berlin: size=2, prod=Wonder41 (24sh), bldgs=Palace
    Units: none
  [Civ 4] Egyptians (despotism): 1 cities, 1 units, 21g, 6 techs, researching Writing (4/36)
    Thebes: size=2, prod=Wonder39 (30sh), bldgs=Palace
    Units: 1x Warriors
  [Civ 1] Romans turn: 4 actions — MOVE_UNIT(2), UNIT_ORDER(2)
    >>> Berlin grew to size 3

══════════════════════════════════════════════════════════════════════
  TURN 18 — 3660 B.C. (6ms)
══════════════════════════════════════════════════════════════════════
  [Civ 1] Romans (despotism): 1 cities, 2 units, 74g, 6 techs, researching Iron Working (18/36)
    Rome: size=2, prod=Wonder39 (40sh), bldgs=Palace
    Units: 1x Warriors, 1x Settlers
  [Civ 2] Babylonians (despotism): 1 cities, 1 units, 16g, 6 techs, researching Code of Laws (12/36)
    Babylon: size=2, prod=Wonder45 (55sh), bldgs=Palace
    Units: 1x Warriors
  [Civ 3] Germans (despotism): 1 cities, 0 units, 28g, 5 techs, researching Warrior Code (35/36)
    Berlin: size=3, prod=Wonder41 (26sh), bldgs=Palace
    Units: none
  [Civ 4] Egyptians (despotism): 1 cities, 1 units, 23g, 6 techs, researching Writing (6/36)
    Thebes: size=2, prod=Wonder39 (32sh), bldgs=Palace
    Units: 1x Warriors
  [Civ 1] Romans turn: 4 actions — WORKER_ORDER(1), MOVE_UNIT(1), UNIT_ORDER(2)
    >>> Germans discovered: Warrior Code
    SET_RESEARCH tech=Iron Working

══════════════════════════════════════════════════════════════════════
  TURN 19 — 3640 B.C. (5ms)
══════════════════════════════════════════════════════════════════════
  [Civ 1] Romans (despotism): 1 cities, 2 units, 76g, 6 techs, researching Iron Working (21/36)
    Rome: size=2, prod=Wonder39 (43sh), bldgs=Palace
    Units: 1x Warriors, 1x Settlers
  [Civ 2] Babylonians (despotism): 1 cities, 1 units, 17g, 6 techs, researching Code of Laws (16/36)
    Babylon: size=2, prod=Wonder45 (59sh), bldgs=Palace
    Units: 1x Warriors
  [Civ 3] Germans (despotism): 1 cities, 0 units, 28g, 6 techs, researching Iron Working (0/36)
    Berlin: size=3, prod=Wonder41 (29sh), bldgs=Palace
    Units: none
  [Civ 4] Egyptians (despotism): 1 cities, 1 units, 25g, 6 techs, researching Writing (8/36)
    Thebes: size=2, prod=Wonder39 (34sh), bldgs=Palace
    Units: 1x Warriors
  [Civ 1] Romans turn: 2 actions — MOVE_UNIT(1), UNIT_ORDER(1)

══════════════════════════════════════════════════════════════════════
  TURN 20 — 3620 B.C. (5ms)
══════════════════════════════════════════════════════════════════════
  [Civ 1] Romans (despotism): 1 cities, 2 units, 78g, 6 techs, researching Iron Working (24/36)
    Rome: size=2, prod=Wonder39 (46sh), bldgs=Palace
    Units: 1x Warriors, 1x Settlers
  [Civ 2] Babylonians (despotism): 1 cities, 1 units, 18g, 6 techs, researching Code of Laws (20/36)
    Babylon: size=2, prod=Wonder45 (63sh), bldgs=Palace
    Units: 1x Warriors
  [Civ 3] Germans (despotism): 1 cities, 0 units, 30g, 6 techs, researching Iron Working (3/36)
    Berlin: size=3, prod=Wonder41 (32sh), bldgs=Palace
    Units: none
  [Civ 4] Egyptians (despotism): 1 cities, 1 units, 27g, 7 techs, researching Writing (10/33)
    Thebes: size=2, prod=Wonder39 (36sh), bldgs=Palace
    Units: 1x Warriors
  [Civ 1] Romans turn: 2 actions — MOVE_UNIT(1), UNIT_ORDER(1)

══════════════════════════════════════════════════════════════════════
  TURN 21 — 3600 B.C. (5ms)
══════════════════════════════════════════════════════════════════════
  [Civ 1] Romans (despotism): 1 cities, 2 units, 80g, 6 techs, researching Iron Working (27/36)
    Rome: size=2, prod=Wonder39 (49sh), bldgs=Palace
    Units: 1x Warriors, 1x Settlers
  [Civ 2] Babylonians (despotism): 1 cities, 1 units, 19g, 7 techs, researching Code of Laws (24/33)
    Babylon: size=2, prod=Wonder45 (67sh), bldgs=Palace
    Units: 1x Warriors
  [Civ 3] Germans (despotism): 1 cities, 0 units, 32g, 6 techs, researching Iron Working (6/36)
    Berlin: size=3, prod=Wonder41 (35sh), bldgs=Palace
    Units: none
  [Civ 4] Egyptians (despotism): 1 cities, 1 units, 29g, 7 techs, researching Writing (12/33)
    Thebes: size=2, prod=Wonder39 (38sh), bldgs=Palace
    Units: 1x Warriors
  [Civ 1] Romans turn: 2 actions — MOVE_UNIT(1), UNIT_ORDER(1)

══════════════════════════════════════════════════════════════════════
  TURN 22 — 3580 B.C. (4ms)
══════════════════════════════════════════════════════════════════════
  [Civ 1] Romans (despotism): 1 cities, 2 units, 82g, 6 techs, researching Iron Working (30/36)
    Rome: size=2, prod=Wonder39 (52sh), bldgs=Palace
    Units: 1x Warriors, 1x Settlers
  [Civ 2] Babylonians (despotism): 1 cities, 1 units, 20g, 7 techs, researching Code of Laws (28/33)
    Babylon: size=2, prod=Wonder45 (71sh), bldgs=Palace
    Units: 1x Warriors
  [Civ 3] Germans (despotism): 1 cities, 0 units, 34g, 6 techs, researching Iron Working (9/36)
    Berlin: size=3, prod=Wonder41 (38sh), bldgs=Palace
    Units: none
  [Civ 4] Egyptians (despotism): 1 cities, 1 units, 31g, 7 techs, researching Writing (14/33)
    Thebes: size=2, prod=Wonder39 (40sh), bldgs=Palace
    Units: 1x Warriors
  [Civ 1] Romans turn: 2 actions — MOVE_UNIT(1), UNIT_ORDER(1)

══════════════════════════════════════════════════════════════════════
  TURN 23 — 3560 B.C. (3ms)
══════════════════════════════════════════════════════════════════════
  [Civ 1] Romans (despotism): 1 cities, 2 units, 84g, 6 techs, researching Iron Working (33/36)
    Rome: size=2, prod=Wonder39 (55sh), bldgs=Palace
    Units: 1x Warriors, 1x Settlers
  [Civ 2] Babylonians (despotism): 1 cities, 1 units, 21g, 7 techs, researching Code of Laws (32/33)
    Babylon: size=2, prod=Wonder45 (75sh), bldgs=Palace
    Units: 1x Warriors
  [Civ 3] Germans (despotism): 1 cities, 0 units, 36g, 6 techs, researching Iron Working (12/36)
    Berlin: size=3, prod=Wonder41 (41sh), bldgs=Palace
    Units: none
  [Civ 4] Egyptians (despotism): 1 cities, 1 units, 33g, 7 techs, researching Writing (16/33)
    Thebes: size=2, prod=Wonder39 (42sh), bldgs=Palace
    Units: 1x Warriors
  [Civ 1] Romans turn: 4 actions — WORKER_ORDER(1), MOVE_UNIT(1), UNIT_ORDER(2)
    >>> Babylonians discovered: Code of Laws
    SET_RESEARCH tech=Currency
    >>> Romans discovered: Iron Working

══════════════════════════════════════════════════════════════════════
  TURN 24 — 3540 B.C. (5ms)
══════════════════════════════════════════════════════════════════════
  [Civ 1] Romans (despotism): 1 cities, 2 units, 84g, 7 techs, researching none (0/33)
    Rome: size=2, prod=Wonder39 (58sh), bldgs=Palace
    Units: 1x Warriors, 1x Settlers
  [Civ 2] Babylonians (despotism): 1 cities, 1 units, 21g, 8 techs, researching Currency (0/28)
    Babylon: size=2, prod=Wonder45 (79sh), bldgs=Palace
    Units: 1x Warriors
  [Civ 3] Germans (despotism): 1 cities, 0 units, 38g, 6 techs, researching Iron Working (15/36)
    Berlin: size=3, prod=Wonder41 (44sh), bldgs=Palace
    Units: none
  [Civ 4] Egyptians (despotism): 1 cities, 1 units, 35g, 7 techs, researching Writing (18/33)
    Thebes: size=2, prod=Wonder39 (44sh), bldgs=Palace
    Units: 1x Warriors
  [Civ 1] Romans turn: 3 actions — SET_RESEARCH(1), MOVE_UNIT(1), UNIT_ORDER(1)
    SET_RESEARCH tech=Pottery
    >>> Rome grew to size 3

══════════════════════════════════════════════════════════════════════
  TURN 25 — 3520 B.C. (3ms)
══════════════════════════════════════════════════════════════════════
  [Civ 1] Romans (despotism): 1 cities, 2 units, 86g, 7 techs, researching Pottery (4/33)
    Rome: size=3, prod=Wonder39 (61sh), bldgs=Palace
    Units: 1x Warriors, 1x Settlers
  [Civ 2] Babylonians (despotism): 1 cities, 1 units, 22g, 8 techs, researching Currency (4/28)
    Babylon: size=2, prod=Wonder45 (83sh), bldgs=Palace
    Units: 1x Warriors
  [Civ 3] Germans (despotism): 1 cities, 0 units, 40g, 6 techs, researching Iron Working (18/36)
    Berlin: size=3, prod=Wonder41 (47sh), bldgs=Palace
    Units: none
  [Civ 4] Egyptians (despotism): 1 cities, 1 units, 37g, 7 techs, researching Writing (20/33)
    Thebes: size=2, prod=Wonder39 (46sh), bldgs=Palace
    Units: 1x Warriors
  [Civ 1] Romans turn: 4 actions — MOVE_UNIT(2), UNIT_ORDER(2)
    >>> Babylon grew to size 3
    >>> Thebes grew to size 3

══════════════════════════════════════════════════════════════════════
  TURN 26 — 3500 B.C. (5ms)
══════════════════════════════════════════════════════════════════════
  [Civ 1] Romans (despotism): 1 cities, 2 units, 88g, 7 techs, researching Pottery (8/33)
    Rome: size=3, prod=Wonder39 (65sh), bldgs=Palace
    Units: 1x Warriors, 1x Settlers
  [Civ 2] Babylonians (despotism): 1 cities, 1 units, 24g, 8 techs, researching Currency (8/28)
    Babylon: size=3, prod=Wonder45 (87sh), bldgs=Palace
    Units: 1x Warriors
  [Civ 3] Germans (despotism): 1 cities, 0 units, 42g, 6 techs, researching Iron Working (21/36)
    Berlin: size=3, prod=Wonder41 (50sh), bldgs=Palace
    Units: none
  [Civ 4] Egyptians (despotism): 1 cities, 1 units, 39g, 7 techs, researching Writing (23/33)
    Thebes: size=3, prod=Wonder39 (48sh), bldgs=Palace
    Units: 1x Warriors
  [Civ 1] Romans turn: 4 actions — WORKER_ORDER(1), MOVE_UNIT(1), UNIT_ORDER(2)

══════════════════════════════════════════════════════════════════════
  TURN 27 — 3480 B.C. (3ms)
══════════════════════════════════════════════════════════════════════
  [Civ 1] Romans (despotism): 1 cities, 2 units, 90g, 7 techs, researching Pottery (12/33)
    Rome: size=3, prod=Wonder39 (69sh), bldgs=Palace
    Units: 1x Warriors, 1x Settlers
  [Civ 2] Babylonians (despotism): 1 cities, 1 units, 26g, 8 techs, researching Currency (12/28)
    Babylon: size=3, prod=Wonder45 (92sh), bldgs=Palace
    Units: 1x Warriors
  [Civ 3] Germans (despotism): 1 cities, 0 units, 44g, 6 techs, researching Iron Working (24/36)
    Berlin: size=3, prod=Wonder41 (53sh), bldgs=Palace
    Units: none
  [Civ 4] Egyptians (despotism): 1 cities, 1 units, 41g, 7 techs, researching Writing (26/33)
    Thebes: size=3, prod=Wonder39 (50sh), bldgs=Palace
    Units: 1x Warriors
  [Civ 1] Romans turn: 2 actions — MOVE_UNIT(1), UNIT_ORDER(1)

══════════════════════════════════════════════════════════════════════
  TURN 28 — 3460 B.C. (4ms)
══════════════════════════════════════════════════════════════════════
  [Civ 1] Romans (despotism): 1 cities, 2 units, 92g, 7 techs, researching Pottery (16/33)
    Rome: size=3, prod=Wonder39 (73sh), bldgs=Palace
    Units: 1x Warriors, 1x Settlers
  [Civ 2] Babylonians (despotism): 1 cities, 1 units, 28g, 8 techs, researching Currency (16/28)
    Babylon: size=3, prod=Wonder45 (97sh), bldgs=Palace
    Units: 1x Warriors
  [Civ 3] Germans (despotism): 1 cities, 0 units, 46g, 6 techs, researching Iron Working (27/36)
    Berlin: size=3, prod=Wonder41 (56sh), bldgs=Palace
    Units: none
  [Civ 4] Egyptians (despotism): 1 cities, 1 units, 43g, 7 techs, researching Writing (29/33)
    Thebes: size=3, prod=Wonder39 (52sh), bldgs=Palace
    Units: 1x Warriors
  [Civ 1] Romans turn: 2 actions — MOVE_UNIT(1), UNIT_ORDER(1)

══════════════════════════════════════════════════════════════════════
  TURN 29 — 3440 B.C. (4ms)
══════════════════════════════════════════════════════════════════════
  [Civ 1] Romans (despotism): 1 cities, 2 units, 94g, 7 techs, researching Pottery (20/33)
    Rome: size=3, prod=Wonder39 (77sh), bldgs=Palace
    Units: 1x Warriors, 1x Settlers
  [Civ 2] Babylonians (despotism): 1 cities, 1 units, 30g, 8 techs, researching Currency (20/28)
    Babylon: size=3, prod=Wonder45 (102sh), bldgs=Palace
    Units: 1x Warriors
  [Civ 3] Germans (despotism): 1 cities, 0 units, 48g, 6 techs, researching Iron Working (30/36)
    Berlin: size=3, prod=Wonder41 (59sh), bldgs=Palace
    Units: none
  [Civ 4] Egyptians (despotism): 1 cities, 1 units, 45g, 7 techs, researching Writing (32/33)
    Thebes: size=3, prod=Wonder39 (54sh), bldgs=Palace
    Units: 1x Warriors
  [Civ 1] Romans turn: 2 actions — MOVE_UNIT(1), UNIT_ORDER(1)
    >>> Egyptians discovered: Writing
    SET_RESEARCH tech=Pottery

══════════════════════════════════════════════════════════════════════
  TURN 30 — 3420 B.C. (5ms)
══════════════════════════════════════════════════════════════════════
  [Civ 1] Romans (despotism): 1 cities, 2 units, 96g, 7 techs, researching Pottery (24/33)
    Rome: size=3, prod=Wonder39 (81sh), bldgs=Palace
    Units: 1x Warriors, 1x Settlers
  [Civ 2] Babylonians (despotism): 1 cities, 1 units, 32g, 8 techs, researching Currency (24/28)
    Babylon: size=3, prod=Wonder45 (107sh), bldgs=Palace
    Units: 1x Warriors
  [Civ 3] Germans (despotism): 1 cities, 0 units, 50g, 6 techs, researching Iron Working (33/36)
    Berlin: size=3, prod=Wonder41 (62sh), bldgs=Palace
    Units: none
  [Civ 4] Egyptians (despotism): 1 cities, 1 units, 45g, 8 techs, researching Pottery (0/28)
    Thebes: size=3, prod=Wonder39 (56sh), bldgs=Palace
    Units: 1x Warriors
  [Civ 1] Romans turn: 2 actions — MOVE_UNIT(1), UNIT_ORDER(1)
    >>> Babylonians discovered: Currency
    SET_RESEARCH tech=Mathematics
    >>> Germans discovered: Iron Working
    SET_RESEARCH tech=Mathematics

══════════════════════════════════════════════════════════════════════
  TURN 31 — 3400 B.C. (6ms)
══════════════════════════════════════════════════════════════════════
  [Civ 1] Romans (despotism): 1 cities, 2 units, 98g, 7 techs, researching Pottery (28/33)
    Rome: size=3, prod=Wonder39 (85sh), bldgs=Palace
    Units: 1x Warriors, 1x Settlers
  [Civ 2] Babylonians (despotism): 1 cities, 1 units, 32g, 9 techs, researching Mathematics (0/32)
    Babylon: size=3, prod=Wonder45 (112sh), bldgs=Palace
    Units: 1x Warriors
  [Civ 3] Germans (despotism): 1 cities, 0 units, 50g, 7 techs, researching Mathematics (0/33)
    Berlin: size=3, prod=Wonder41 (65sh), bldgs=Palace
    Units: none
  [Civ 4] Egyptians (despotism): 1 cities, 1 units, 47g, 8 techs, researching Pottery (3/28)
    Thebes: size=3, prod=Wonder39 (58sh), bldgs=Palace
    Units: 1x Warriors
  [Civ 1] Romans turn: 4 actions — WORKER_ORDER(1), MOVE_UNIT(1), UNIT_ORDER(2)
    >>> Berlin grew to size 4

══════════════════════════════════════════════════════════════════════
  TURN 32 — 3380 B.C. (4ms)
══════════════════════════════════════════════════════════════════════
  [Civ 1] Romans (despotism): 1 cities, 2 units, 100g, 7 techs, researching Pottery (32/33)
    Rome: size=3, prod=Wonder39 (89sh), bldgs=Palace
    Units: 1x Warriors, 1x Settlers
  [Civ 2] Babylonians (despotism): 1 cities, 1 units, 34g, 9 techs, researching Mathematics (4/32)
    Babylon: size=3, prod=Wonder45 (117sh), bldgs=Palace
    Units: 1x Warriors
  [Civ 3] Germans (despotism): 1 cities, 0 units, 52g, 7 techs, researching Mathematics (4/33)
    Berlin: size=4, prod=Wonder41 (68sh), bldgs=Palace
    Units: none
  [Civ 4] Egyptians (despotism): 1 cities, 1 units, 49g, 9 techs, researching Pottery (6/32)
    Thebes: size=3, prod=Wonder39 (60sh), bldgs=Palace
    Units: 1x Warriors
  [Civ 1] Romans turn: 5 actions — ADJUST_ATTITUDE(3), MOVE_UNIT(1), UNIT_ORDER(1)
    ADJUST_ATTITUDE target=civ2
    ADJUST_ATTITUDE target=civ3
    ADJUST_ATTITUDE target=civ4
    ADJUST_ATTITUDE target=civ1
    ADJUST_ATTITUDE target=civ3
    ADJUST_ATTITUDE target=civ4
    ADJUST_ATTITUDE target=civ1
    ADJUST_ATTITUDE target=civ2
    ADJUST_ATTITUDE target=civ4
    ADJUST_ATTITUDE target=civ1
    ADJUST_ATTITUDE target=civ2
    ADJUST_ATTITUDE target=civ3
    >>> Romans discovered: Pottery

══════════════════════════════════════════════════════════════════════
  TURN 33 — 3360 B.C. (5ms)
══════════════════════════════════════════════════════════════════════
  [Civ 1] Romans (despotism): 1 cities, 2 units, 100g, 8 techs, researching none (0/28)
    Rome: size=3, prod=Wonder39 (93sh), bldgs=Palace
    Units: 1x Warriors, 1x Settlers
  [Civ 2] Babylonians (despotism): 1 cities, 1 units, 36g, 10 techs, researching Mathematics (8/48)
    Babylon: size=3, prod=Wonder45 (122sh), bldgs=Palace
    Units: 1x Warriors
  [Civ 3] Germans (despotism): 1 cities, 0 units, 54g, 7 techs, researching Mathematics (8/33)
    Berlin: size=4, prod=Wonder41 (73sh), bldgs=Palace
    Units: none
  [Civ 4] Egyptians (despotism): 1 cities, 1 units, 51g, 9 techs, researching Pottery (9/21)
    Thebes: size=3, prod=Wonder39 (62sh), bldgs=Palace
    Units: 1x Warriors
  [Civ 1] Romans turn: 5 actions — SET_RESEARCH(1), MOVE_UNIT(2), UNIT_ORDER(2)
    SET_RESEARCH tech=Mathematics

══════════════════════════════════════════════════════════════════════
  TURN 34 — 3340 B.C. (4ms)
══════════════════════════════════════════════════════════════════════
  [Civ 1] Romans (despotism): 1 cities, 2 units, 102g, 8 techs, researching Mathematics (4/28)
    Rome: size=3, prod=Wonder39 (97sh), bldgs=Palace
    Units: 1x Warriors, 1x Settlers
  [Civ 2] Babylonians (despotism): 1 cities, 1 units, 38g, 10 techs, researching Mathematics (12/48)
    Babylon: size=3, prod=Wonder45 (127sh), bldgs=Palace
    Units: 1x Warriors
  [Civ 3] Germans (despotism): 1 cities, 0 units, 56g, 7 techs, researching Mathematics (12/33)
    Berlin: size=4, prod=Wonder41 (78sh), bldgs=Palace
    Units: none
  [Civ 4] Egyptians (despotism): 1 cities, 1 units, 53g, 9 techs, researching Pottery (12/21)
    Thebes: size=3, prod=Wonder39 (64sh), bldgs=Palace
    Units: 1x Warriors
  [Civ 1] Romans turn: 4 actions — WORKER_ORDER(1), MOVE_UNIT(1), UNIT_ORDER(2)
    END_TURN REJECTED: 1 units still need orders
      #17 Legion(Atk) @(38,46) mv=3 ord=none hp=full

══════════════════════════════════════════════════════════════════════
  TURN 35 — 3320 B.C. (3ms)
══════════════════════════════════════════════════════════════════════
  [Civ 1] Romans (despotism): 1 cities, 2 units, 104g, 8 techs, researching Mathematics (8/28)
    Rome: size=3, prod=Wonder39 (101sh), bldgs=Palace
    Units: 1x Warriors, 1x Settlers
  [Civ 2] Babylonians (despotism): 1 cities, 1 units, 40g, 10 techs, researching Mathematics (16/48)
    Babylon: size=3, prod=Wonder45 (132sh), bldgs=Palace
    Units: 1x Warriors
  [Civ 3] Germans (despotism): 1 cities, 0 units, 58g, 7 techs, researching Mathematics (16/33)
    Berlin: size=4, prod=Wonder41 (83sh), bldgs=Palace
    Units: none
  [Civ 4] Egyptians (despotism): 1 cities, 2 units, 55g, 9 techs, researching Pottery (15/21)
    Thebes: size=3, prod=Wonder39 (66sh), bldgs=Palace
    Units: 1x Warriors, 1x Legion
  [Civ 1] Romans turn: 2 actions — MOVE_UNIT(1), UNIT_ORDER(1)

══════════════════════════════════════════════════════════════════════
  TURN 36 — 3300 B.C. (4ms)
══════════════════════════════════════════════════════════════════════
  [Civ 1] Romans (despotism): 1 cities, 2 units, 106g, 8 techs, researching Mathematics (12/28)
    Rome: size=3, prod=Wonder39 (105sh), bldgs=Palace
    Units: 1x Warriors, 1x Settlers
  [Civ 2] Babylonians (despotism): 1 cities, 1 units, 42g, 10 techs, researching Mathematics (20/48)
    Babylon: size=3, prod=Wonder45 (137sh), bldgs=Palace
    Units: 1x Warriors
  [Civ 3] Germans (despotism): 1 cities, 0 units, 60g, 7 techs, researching Mathematics (20/33)
    Berlin: size=4, prod=Wonder41 (88sh), bldgs=Palace
    Units: none
  [Civ 4] Egyptians (despotism): 1 cities, 2 units, 57g, 9 techs, researching Pottery (18/21)
    Thebes: size=3, prod=Wonder39 (68sh), bldgs=Palace
    Units: 1x Warriors, 1x Legion
  [Civ 1] Romans turn: 2 actions — MOVE_UNIT(1), UNIT_ORDER(1)
    >>> Egyptians discovered: Pottery
    SET_RESEARCH tech=Mathematics

══════════════════════════════════════════════════════════════════════
  TURN 37 — 3280 B.C. (4ms)
══════════════════════════════════════════════════════════════════════
  [Civ 1] Romans (despotism): 1 cities, 2 units, 108g, 8 techs, researching Mathematics (16/28)
    Rome: size=3, prod=Wonder39 (109sh), bldgs=Palace
    Units: 1x Warriors, 1x Settlers
  [Civ 2] Babylonians (despotism): 1 cities, 1 units, 44g, 10 techs, researching Mathematics (24/48)
    Babylon: size=3, prod=Wonder45 (142sh), bldgs=Palace
    Units: 1x Warriors
  [Civ 3] Germans (despotism): 1 cities, 0 units, 62g, 7 techs, researching Mathematics (24/33)
    Berlin: size=4, prod=Wonder41 (93sh), bldgs=Palace
    Units: none
  [Civ 4] Egyptians (despotism): 1 cities, 2 units, 57g, 10 techs, researching Mathematics (0/48)
    Thebes: size=3, prod=Wonder39 (70sh), bldgs=Palace
    Units: 1x Warriors, 1x Legion
  [Civ 1] Romans turn: 2 actions — MOVE_UNIT(1), UNIT_ORDER(1)

══════════════════════════════════════════════════════════════════════
  TURN 38 — 3260 B.C. (4ms)
══════════════════════════════════════════════════════════════════════
  [Civ 1] Romans (despotism): 1 cities, 2 units, 110g, 8 techs, researching Mathematics (20/28)
    Rome: size=3, prod=Wonder39 (113sh), bldgs=Palace
    Units: 1x Warriors, 1x Settlers
  [Civ 2] Babylonians (despotism): 1 cities, 1 units, 46g, 10 techs, researching Mathematics (28/48)
    Babylon: size=3, prod=Wonder45 (147sh), bldgs=Palace
    Units: 1x Warriors
  [Civ 3] Germans (despotism): 1 cities, 0 units, 64g, 7 techs, researching Mathematics (28/33)
    Berlin: size=4, prod=Wonder41 (98sh), bldgs=Palace
    Units: none
  [Civ 4] Egyptians (despotism): 1 cities, 2 units, 59g, 10 techs, researching Mathematics (3/48)
    Thebes: size=3, prod=Wonder39 (72sh), bldgs=Palace
    Units: 1x Warriors, 1x Legion
  [Civ 1] Romans turn: 2 actions — MOVE_UNIT(1), UNIT_ORDER(1)

══════════════════════════════════════════════════════════════════════
  TURN 39 — 3240 B.C. (3ms)
══════════════════════════════════════════════════════════════════════
  [Civ 1] Romans (despotism): 1 cities, 2 units, 112g, 8 techs, researching Mathematics (24/28)
    Rome: size=3, prod=Wonder39 (117sh), bldgs=Palace
    Units: 1x Warriors, 1x Settlers
  [Civ 2] Babylonians (despotism): 1 cities, 1 units, 48g, 11 techs, researching Mathematics (32/52)
    Babylon: size=3, prod=Wonder45 (152sh), bldgs=Palace
    Units: 1x Warriors
  [Civ 3] Germans (despotism): 1 cities, 0 units, 66g, 8 techs, researching Mathematics (32/28)
    Berlin: size=4, prod=Wonder41 (103sh), bldgs=Palace
    Units: none
  [Civ 4] Egyptians (despotism): 1 cities, 2 units, 61g, 10 techs, researching Mathematics (6/24)
    Thebes: size=3, prod=Wonder39 (74sh), bldgs=Palace
    Units: 1x Warriors, 1x Legion
  [Civ 1] Romans turn: 4 actions — WORKER_ORDER(1), MOVE_UNIT(1), UNIT_ORDER(2)
    >>> Germans discovered: Mathematics
    SET_RESEARCH tech=Code of Laws
    >>> Romans discovered: Mathematics

══════════════════════════════════════════════════════════════════════
  TURN 40 — 3220 B.C. (4ms)
══════════════════════════════════════════════════════════════════════
  [Civ 1] Romans (despotism): 1 cities, 2 units, 112g, 9 techs, researching none (0/21)
    Rome: size=3, prod=Wonder39 (121sh), bldgs=Palace
    Units: 1x Warriors, 1x Settlers
  [Civ 2] Babylonians (despotism): 1 cities, 1 units, 50g, 11 techs, researching Mathematics (36/52)
    Babylon: size=3, prod=Wonder45 (157sh), bldgs=Palace
    Units: 1x Warriors
  [Civ 3] Germans (despotism): 1 cities, 0 units, 66g, 9 techs, researching Code of Laws (0/21)
    Berlin: size=4, prod=Wonder41 (108sh), bldgs=Palace
    Units: none
  [Civ 4] Egyptians (despotism): 1 cities, 2 units, 63g, 10 techs, researching Mathematics (9/24)
    Thebes: size=3, prod=Wonder39 (76sh), bldgs=Palace
    Units: 1x Warriors, 1x Legion
  [Civ 1] Romans turn: 3 actions — SET_RESEARCH(1), MOVE_UNIT(1), UNIT_ORDER(1)
    SET_RESEARCH tech=Map Making

══════════════════════════════════════════════════════════════════════
  TURN 41 — 3200 B.C. (4ms)
══════════════════════════════════════════════════════════════════════
  [Civ 1] Romans (despotism): 1 cities, 2 units, 114g, 9 techs, researching Map Making (4/21)
    Rome: size=3, prod=Wonder39 (125sh), bldgs=Palace
    Units: 1x Warriors, 1x Settlers
  [Civ 2] Babylonians (despotism): 1 cities, 1 units, 52g, 11 techs, researching Mathematics (40/52)
    Babylon: size=3, prod=Wonder45 (162sh), bldgs=Palace
    Units: 1x Warriors
  [Civ 3] Germans (despotism): 1 cities, 0 units, 68g, 9 techs, researching Code of Laws (4/21)
    Berlin: size=4, prod=Wonder41 (113sh), bldgs=Palace
    Units: none
  [Civ 4] Egyptians (despotism): 1 cities, 2 units, 65g, 10 techs, researching Mathematics (12/24)
    Thebes: size=3, prod=Wonder39 (78sh), bldgs=Palace
    Units: 1x Warriors, 1x Legion
  [Civ 1] Romans turn: 4 actions — MOVE_UNIT(2), UNIT_ORDER(2)
    SET_RESEARCH tech=Seafaring
    SET_RESEARCH tech=Astronomy

══════════════════════════════════════════════════════════════════════
  TURN 42 — 3180 B.C. (4ms)
══════════════════════════════════════════════════════════════════════
  [Civ 1] Romans (despotism): 1 cities, 2 units, 116g, 9 techs, researching Map Making (8/21)
    Rome: size=3, prod=Wonder39 (129sh), bldgs=Palace
    Units: 1x Warriors, 1x Settlers
  [Civ 2] Babylonians (despotism): 1 cities, 1 units, 54g, 12 techs, researching Seafaring (44/57)
    Babylon: size=3, prod=Wonder45 (167sh), bldgs=Palace
    Units: 1x Warriors
  [Civ 3] Germans (despotism): 1 cities, 0 units, 70g, 9 techs, researching Code of Laws (8/21)
    Berlin: size=4, prod=Wonder41 (118sh), bldgs=Palace
    Units: none
  [Civ 4] Egyptians (despotism): 1 cities, 2 units, 67g, 11 techs, researching Astronomy (15/26)
    Thebes: size=3, prod=Wonder39 (80sh), bldgs=Palace
    Units: 1x Warriors, 1x Legion
  [Civ 1] Romans turn: 4 actions — WORKER_ORDER(1), MOVE_UNIT(1), UNIT_ORDER(2)

══════════════════════════════════════════════════════════════════════
  TURN 43 — 3160 B.C. (4ms)
══════════════════════════════════════════════════════════════════════
  [Civ 1] Romans (despotism): 1 cities, 2 units, 118g, 9 techs, researching Map Making (12/21)
    Rome: size=3, prod=Wonder39 (133sh), bldgs=Palace
    Units: 1x Warriors, 1x Settlers
  [Civ 2] Babylonians (despotism): 1 cities, 1 units, 56g, 12 techs, researching Seafaring (48/57)
    Babylon: size=3, prod=Wonder45 (172sh), bldgs=Palace
    Units: 1x Warriors
  [Civ 3] Germans (despotism): 1 cities, 0 units, 72g, 9 techs, researching Code of Laws (12/21)
    Berlin: size=4, prod=Wonder41 (123sh), bldgs=Palace
    Units: none
  [Civ 4] Egyptians (despotism): 1 cities, 2 units, 69g, 11 techs, researching Astronomy (18/26)
    Thebes: size=3, prod=Wonder39 (82sh), bldgs=Palace
    Units: 1x Warriors, 1x Legion
  [Civ 1] Romans turn: 2 actions — MOVE_UNIT(1), UNIT_ORDER(1)

══════════════════════════════════════════════════════════════════════
  TURN 44 — 3140 B.C. (3ms)
══════════════════════════════════════════════════════════════════════
  [Civ 1] Romans (despotism): 1 cities, 2 units, 120g, 9 techs, researching Map Making (16/21)
    Rome: size=3, prod=Wonder39 (137sh), bldgs=Palace
    Units: 1x Warriors, 1x Settlers
  [Civ 2] Babylonians (despotism): 1 cities, 1 units, 58g, 12 techs, researching Seafaring (52/57)
    Babylon: size=3, prod=Wonder45 (177sh), bldgs=Palace
    Units: 1x Warriors
  [Civ 3] Germans (despotism): 1 cities, 0 units, 74g, 9 techs, researching Code of Laws (16/21)
    Berlin: size=4, prod=Wonder41 (128sh), bldgs=Palace
    Units: none
  [Civ 4] Egyptians (despotism): 1 cities, 2 units, 71g, 11 techs, researching Astronomy (21/26)
    Thebes: size=3, prod=Wonder39 (84sh), bldgs=Palace
    Units: 1x Warriors, 1x Legion
  [Civ 1] Romans turn: 2 actions — MOVE_UNIT(1), UNIT_ORDER(1)
    >>> Rome grew to size 4

══════════════════════════════════════════════════════════════════════
  TURN 45 — 3120 B.C. (3ms)
══════════════════════════════════════════════════════════════════════
  [Civ 1] Romans (despotism): 1 cities, 2 units, 122g, 9 techs, researching Map Making (20/21)
    Rome: size=4, prod=Wonder39 (141sh), bldgs=Palace
    Units: 1x Warriors, 1x Settlers
  [Civ 2] Babylonians (despotism): 1 cities, 1 units, 60g, 12 techs, researching Seafaring (56/57)
    Babylon: size=3, prod=Wonder45 (182sh), bldgs=Palace
    Units: 1x Warriors
  [Civ 3] Germans (despotism): 1 cities, 0 units, 76g, 9 techs, researching Code of Laws (20/21)
    Berlin: size=4, prod=Wonder41 (133sh), bldgs=Palace
    Units: none
  [Civ 4] Egyptians (despotism): 1 cities, 2 units, 73g, 11 techs, researching Astronomy (24/26)
    Thebes: size=3, prod=Wonder39 (86sh), bldgs=Palace
    Units: 1x Warriors, 1x Legion
  [Civ 1] Romans turn: 2 actions — MOVE_UNIT(1), UNIT_ORDER(1)
    >>> Babylonians discovered: Seafaring
    >>> Babylon grew to size 4
    SET_RESEARCH tech=The Wheel
    >>> Germans discovered: Code of Laws
    SET_RESEARCH tech=Map Making
    >>> Egyptians discovered: Astronomy
    >>> Thebes grew to size 4
    SET_RESEARCH tech=Map Making
    >>> Romans discovered: Map Making

══════════════════════════════════════════════════════════════════════
  TURN 46 — 3100 B.C. (4ms)
══════════════════════════════════════════════════════════════════════
  [Civ 1] Romans (despotism): 1 cities, 2 units, 122g, 10 techs, researching none (0/24)
    Rome: size=4, prod=Wonder39 (146sh), bldgs=Palace
    Units: 1x Warriors, 1x Settlers
  [Civ 2] Babylonians (despotism): 1 cities, 1 units, 60g, 13 techs, researching The Wheel (0/62)
    Babylon: size=4, prod=Wonder45 (187sh), bldgs=Palace
    Units: 1x Warriors
  [Civ 3] Germans (despotism): 1 cities, 0 units, 76g, 10 techs, researching Map Making (0/24)
    Berlin: size=4, prod=Wonder41 (138sh), bldgs=Palace
    Units: none
  [Civ 4] Egyptians (despotism): 1 cities, 2 units, 73g, 12 techs, researching Map Making (0/28)
    Thebes: size=4, prod=Wonder39 (88sh), bldgs=Palace
    Units: 1x Warriors, 1x Legion
  [Civ 1] Romans turn: 3 actions — SET_RESEARCH(1), MOVE_UNIT(1), UNIT_ORDER(1)
    SET_RESEARCH tech=Polytheism

══════════════════════════════════════════════════════════════════════
  TURN 47 — 3080 B.C. (4ms)
══════════════════════════════════════════════════════════════════════
  [Civ 1] Romans (despotism): 1 cities, 2 units, 124g, 11 techs, researching Polytheism (4/26)
    Rome: size=4, prod=Wonder39 (151sh), bldgs=Palace
    Units: 1x Warriors, 1x Settlers
  [Civ 2] Babylonians (despotism): 1 cities, 1 units, 62g, 13 techs, researching The Wheel (4/62)
    Babylon: size=4, prod=Wonder45 (192sh), bldgs=Palace
    Units: 1x Warriors
  [Civ 3] Germans (despotism): 1 cities, 0 units, 78g, 10 techs, researching Map Making (4/24)
    Berlin: size=4, prod=Wonder41 (143sh), bldgs=Palace
    Units: none
  [Civ 4] Egyptians (despotism): 1 cities, 2 units, 75g, 13 techs, researching Map Making (4/62)
    Thebes: size=4, prod=Wonder39 (90sh), bldgs=Palace
    Units: 1x Warriors, 1x Legion
  [Civ 1] Romans turn: 4 actions — WORKER_ORDER(1), MOVE_UNIT(1), UNIT_ORDER(2)
    SET_RESEARCH tech=The Wheel
    SET_RESEARCH tech=Literacy

══════════════════════════════════════════════════════════════════════
  TURN 48 — 3060 B.C. (3ms)
══════════════════════════════════════════════════════════════════════
  [Civ 1] Romans (despotism): 1 cities, 2 units, 126g, 11 techs, researching Polytheism (8/26)
    Rome: size=4, prod=Wonder39 (156sh), bldgs=Palace
    Units: 1x Warriors, 1x Settlers
  [Civ 2] Babylonians (despotism): 1 cities, 1 units, 64g, 13 techs, researching The Wheel (8/31)
    Babylon: size=4, prod=Wonder45 (197sh), bldgs=Palace
    Units: 1x Warriors
  [Civ 3] Germans (despotism): 1 cities, 0 units, 80g, 11 techs, researching The Wheel (8/26)
    Berlin: size=4, prod=Wonder41 (148sh), bldgs=Palace
    Units: none
  [Civ 4] Egyptians (despotism): 1 cities, 2 units, 77g, 14 techs, researching Literacy (8/67)
    Thebes: size=4, prod=Wonder39 (92sh), bldgs=Palace
    Units: 1x Warriors, 1x Legion
  [Civ 1] Romans turn: 2 actions — MOVE_UNIT(1), UNIT_ORDER(1)

══════════════════════════════════════════════════════════════════════
  TURN 49 — 3040 B.C. (3ms)
══════════════════════════════════════════════════════════════════════
  [Civ 1] Romans (despotism): 1 cities, 2 units, 128g, 11 techs, researching Polytheism (12/26)
    Rome: size=4, prod=Wonder39 (161sh), bldgs=Palace
    Units: 1x Warriors, 1x Settlers
  [Civ 2] Babylonians (despotism): 1 cities, 1 units, 66g, 13 techs, researching The Wheel (12/31)
    Babylon: size=4, prod=Wonder45 (202sh), bldgs=Palace
    Units: 1x Warriors
  [Civ 3] Germans (despotism): 1 cities, 0 units, 82g, 11 techs, researching The Wheel (12/26)
    Berlin: size=4, prod=Wonder41 (153sh), bldgs=Palace
    Units: none
  [Civ 4] Egyptians (despotism): 1 cities, 2 units, 79g, 14 techs, researching Literacy (12/67)
    Thebes: size=4, prod=Wonder39 (94sh), bldgs=Palace
    Units: 1x Warriors, 1x Legion
  [Civ 1] Romans turn: 4 actions — MOVE_UNIT(2), UNIT_ORDER(2)

══════════════════════════════════════════════════════════════════════
  FINAL SUMMARY
══════════════════════════════════════════════════════════════════════
Game ended at turn 50 (3020 B.C.)

── Civ 1: Romans (despotism) ALIVE ──
  Cities: 1 (peak 1, founded 1)
  Units:  2 (peak 2)
  Treasury: 130g
  Techs discovered: 5 — Warrior Code, Iron Working, Pottery, Mathematics, Map Making
  Actions: 145 total, 0 idle turns
  Breakdown: UNIT_ORDER(66), MOVE_UNIT(55), WORKER_ORDER(10), SET_RESEARCH(7), ADJUST_ATTITUDE(3), CHANGE_PRODUCTION(2), CHANGE_RATES(1), BUILD_CITY(1)
  Army: 1x Warriors, 1x Settlers
  Rome: size=4, shields=166

── Civ 2: Babylonians (despotism) ALIVE ──
  Cities: 1 (peak 1, founded 1)
  Units:  1 (peak 1)
  Treasury: 68g
  Techs discovered: 4 — Map Making, Code of Laws, Currency, Seafaring
  Actions: 19 total, 42 idle turns
  Breakdown: SET_RESEARCH(6), UNIT_ORDER(5), ADJUST_ATTITUDE(3), MOVE_UNIT(2), CHANGE_RATES(1), BUILD_CITY(1), CHANGE_PRODUCTION(1)
  Army: 1x Warriors
  Babylon: size=4, shields=207

── Civ 3: Germans (despotism) ALIVE ──
  Cities: 1 (peak 1, founded 1)
  Units:  0 (peak 1)
  Treasury: 84g
  Techs discovered: 4 — Warrior Code, Iron Working, Mathematics, Code of Laws
  Actions: 35 total, 33 idle turns
  Breakdown: UNIT_ORDER(12), MOVE_UNIT(11), SET_RESEARCH(6), ADJUST_ATTITUDE(3), CHANGE_RATES(1), BUILD_CITY(1), CHANGE_PRODUCTION(1)
  Army: none
  Berlin: size=4, shields=158

── Civ 4: Egyptians (despotism) ALIVE ──
  Cities: 1 (peak 1, founded 1)
  Units:  2 (peak 2)
  Treasury: 81g
  Techs discovered: 4 — Mysticism, Writing, Pottery, Astronomy
  Actions: 144 total, 0 idle turns
  Breakdown: UNIT_ORDER(66), MOVE_UNIT(65), SET_RESEARCH(7), ADJUST_ATTITUDE(3), CHANGE_RATES(1), BUILD_CITY(1), CHANGE_PRODUCTION(1)
  Army: 1x Warriors, 1x Legion
  Thebes: size=4, shields=96


══════════════════════════════════════════════════════════════════════
  AI BEHAVIOR ANALYSIS
══════════════════════════════════════════════════════════════════════
[Civ 1] Romans:
  WARNING: Only 1 city after 30+ turns

[Civ 2] Babylonians:
  WARNING: Idle 42/50 turns (>50%)
  WARNING: Only 1 city after 30+ turns

[Civ 3] Germans:
  WARNING: Idle 33/50 turns (>50%)
  WARNING: Only 1 city after 30+ turns

[Civ 4] Egyptians:
  WARNING: Only 1 city after 30+ turns

