Charlization AI Headless Simulation
Date: 2026-03-19T01:08:47.656Z
Settings: 50 turns, 4 AI players, 50x80 map, difficulty=prince
Map seed: 5165
Map generated in 92ms
Game initialized: 4 civs, 8 starting units
  Civ 1 (Romans): starts at (30,46) on Grassland
  Civ 2 (Babylonians): starts at (20,8) on Forest
  Civ 3 (Germans): starts at (19,71) on Grassland
  Civ 4 (Egyptians): starts at (43,23) on Forest
    SET_RESEARCH tech=Map Making
    CHANGE_RATES sci=6 tax=4 lux=undefined
    BUILD_CITY unit=0 name="Rome"
    1 actions REJECTED (of 6)
    SET_RESEARCH tech=Ceremonial Burial
    CHANGE_RATES sci=6 tax=4 lux=undefined
    BUILD_CITY unit=2 name="Babylon"
    1 actions REJECTED (of 6)
    SET_RESEARCH tech=Map Making
    CHANGE_RATES sci=6 tax=4 lux=undefined
    BUILD_CITY unit=4 name="Berlin"
    1 actions REJECTED (of 6)
    SET_RESEARCH tech=Map Making
    CHANGE_RATES sci=6 tax=4 lux=undefined
    BUILD_CITY unit=6 name="Thebes"
    1 actions REJECTED (of 6)

══════════════════════════════════════════════════════════════════════
  TURN 1 — 4000 B.C. (37ms)
══════════════════════════════════════════════════════════════════════
  [Civ 1] Romans (despotism): 1 cities, 1 units, 1g, 3 techs, researching Map Making (3/28)
    Rome: size=1, prod=Warriors (2sh), bldgs=Palace
    Units: 1x Warriors
  [Civ 2] Babylonians (despotism): 1 cities, 1 units, 0g, 3 techs, researching Ceremonial Burial (0/28)
    Babylon: size=1, prod=Warriors (0sh), bldgs=Palace
    Units: 1x Warriors
  [Civ 3] Germans (despotism): 1 cities, 1 units, 0g, 3 techs, researching Map Making (0/28)
    Berlin: size=1, prod=Warriors (0sh), bldgs=Palace
    Units: 1x Warriors
  [Civ 4] Egyptians (despotism): 1 cities, 1 units, 0g, 3 techs, researching Map Making (0/28)
    Thebes: size=1, prod=Warriors (0sh), bldgs=Palace
    Units: 1x Warriors
  [Civ 1] Romans turn: 2 actions — MOVE_UNIT(1), UNIT_ORDER(1)

══════════════════════════════════════════════════════════════════════
  TURN 2 — 3980 B.C. (17ms)
══════════════════════════════════════════════════════════════════════
  [Civ 1] Romans (despotism): 1 cities, 1 units, 2g, 4 techs, researching Map Making (6/33)
    Rome: size=1, prod=Warriors (4sh), bldgs=Palace
    Units: 1x Warriors
  [Civ 2] Babylonians (despotism): 1 cities, 1 units, 1g, 5 techs, researching Ceremonial Burial (2/36)
    Babylon: size=1, prod=Warriors (4sh), bldgs=Palace
    Units: 1x Warriors
  [Civ 3] Germans (despotism): 1 cities, 1 units, 1g, 5 techs, researching Map Making (3/36)
    Berlin: size=1, prod=Warriors (2sh), bldgs=Palace
    Units: 1x Warriors
  [Civ 4] Egyptians (despotism): 1 cities, 1 units, 0g, 4 techs, researching Map Making (1/33)
    Thebes: size=1, prod=Warriors (4sh), bldgs=Palace
    Units: 1x Warriors
  [Civ 1] Romans turn: 2 actions — MOVE_UNIT(1), UNIT_ORDER(1)

══════════════════════════════════════════════════════════════════════
  TURN 3 — 3960 B.C. (9ms)
══════════════════════════════════════════════════════════════════════
  [Civ 1] Romans (despotism): 1 cities, 1 units, 3g, 4 techs, researching Map Making (9/33)
    Rome: size=1, prod=Warriors (6sh), bldgs=Palace
    Units: 1x Warriors
  [Civ 2] Babylonians (despotism): 1 cities, 1 units, 2g, 5 techs, researching Ceremonial Burial (4/36)
    Babylon: size=1, prod=Warriors (8sh), bldgs=Palace
    Units: 1x Warriors
  [Civ 3] Germans (despotism): 1 cities, 1 units, 2g, 5 techs, researching Map Making (6/36)
    Berlin: size=1, prod=Warriors (4sh), bldgs=Palace
    Units: 1x Warriors
  [Civ 4] Egyptians (despotism): 1 cities, 1 units, 0g, 4 techs, researching Map Making (2/33)
    Thebes: size=1, prod=Warriors (8sh), bldgs=Palace
    Units: 1x Warriors
  [Civ 1] Romans turn: 2 actions — MOVE_UNIT(1), UNIT_ORDER(1)
    >>> Babylon built Warriors
    CHANGE_PRODUCTION city=1
    >>> Thebes built Warriors
    CHANGE_PRODUCTION city=3

══════════════════════════════════════════════════════════════════════
  TURN 4 — 3940 B.C. (7ms)
══════════════════════════════════════════════════════════════════════
  [Civ 1] Romans (despotism): 1 cities, 1 units, 4g, 4 techs, researching Map Making (12/33)
    Rome: size=1, prod=Warriors (8sh), bldgs=Palace
    Units: 1x Warriors
  [Civ 2] Babylonians (despotism): 1 cities, 2 units, 3g, 5 techs, researching Ceremonial Burial (6/36)
    Babylon: size=1, prod=Archers (1sh), bldgs=Palace
    Units: 2x Warriors
  [Civ 3] Germans (despotism): 1 cities, 1 units, 3g, 5 techs, researching Map Making (9/36)
    Berlin: size=1, prod=Warriors (6sh), bldgs=Palace
    Units: 1x Warriors
  [Civ 4] Egyptians (despotism): 1 cities, 2 units, 0g, 4 techs, researching Map Making (3/33)
    Thebes: size=1, prod=Horsemen (1sh), bldgs=Palace
    Units: 2x Warriors
  [Civ 1] Romans turn: 2 actions — MOVE_UNIT(1), UNIT_ORDER(1)
    >>> Rome built Warriors

══════════════════════════════════════════════════════════════════════
  TURN 5 — 3920 B.C. (7ms)
══════════════════════════════════════════════════════════════════════
  [Civ 1] Romans (despotism): 1 cities, 2 units, 5g, 4 techs, researching Map Making (15/33)
    Rome: size=1, prod=Warriors (0sh), bldgs=Palace
    Units: 2x Warriors
  [Civ 2] Babylonians (despotism): 1 cities, 2 units, 4g, 5 techs, researching Ceremonial Burial (8/36)
    Babylon: size=1, prod=Archers (5sh), bldgs=Palace
    Units: 2x Warriors
  [Civ 3] Germans (despotism): 1 cities, 1 units, 4g, 5 techs, researching Map Making (12/36)
    Berlin: size=1, prod=Warriors (8sh), bldgs=Palace
    Units: 1x Warriors
  [Civ 4] Egyptians (despotism): 1 cities, 2 units, 0g, 4 techs, researching Map Making (4/33)
    Thebes: size=1, prod=Horsemen (5sh), bldgs=Palace
    Units: 2x Warriors
  [Civ 1] Romans turn: 3 actions — CHANGE_PRODUCTION(1), MOVE_UNIT(1), UNIT_ORDER(1)
    CHANGE_PRODUCTION city=0
    >>> Berlin built Warriors
    CHANGE_PRODUCTION city=2

══════════════════════════════════════════════════════════════════════
  TURN 6 — 3900 B.C. (7ms)
══════════════════════════════════════════════════════════════════════
  [Civ 1] Romans (despotism): 1 cities, 2 units, 6g, 4 techs, researching Map Making (18/33)
    Rome: size=1, prod=Wonder40 (2sh), bldgs=Palace
    Units: 2x Warriors
  [Civ 2] Babylonians (despotism): 1 cities, 2 units, 5g, 5 techs, researching Ceremonial Burial (10/36)
    Babylon: size=1, prod=Archers (9sh), bldgs=Palace
    Units: 2x Warriors
  [Civ 3] Germans (despotism): 1 cities, 2 units, 5g, 5 techs, researching Map Making (15/36)
    Berlin: size=1, prod=Horsemen (0sh), bldgs=Palace
    Units: 2x Warriors
  [Civ 4] Egyptians (despotism): 1 cities, 2 units, 0g, 4 techs, researching Map Making (5/33)
    Thebes: size=1, prod=Horsemen (9sh), bldgs=Palace
    Units: 2x Warriors
  [Civ 1] Romans turn: 4 actions — MOVE_UNIT(1), UNIT_ORDER(3)

══════════════════════════════════════════════════════════════════════
  TURN 7 — 3880 B.C. (8ms)
══════════════════════════════════════════════════════════════════════
  [Civ 1] Romans (despotism): 1 cities, 2 units, 7g, 4 techs, researching Map Making (21/33)
    Rome: size=1, prod=Wonder40 (4sh), bldgs=Palace
    Units: 2x Warriors
  [Civ 2] Babylonians (despotism): 1 cities, 2 units, 6g, 5 techs, researching Ceremonial Burial (12/36)
    Babylon: size=1, prod=Archers (13sh), bldgs=Palace
    Units: 2x Warriors
  [Civ 3] Germans (despotism): 1 cities, 2 units, 6g, 5 techs, researching Map Making (18/36)
    Berlin: size=1, prod=Horsemen (2sh), bldgs=Palace
    Units: 2x Warriors
  [Civ 4] Egyptians (despotism): 1 cities, 2 units, 0g, 4 techs, researching Map Making (6/33)
    Thebes: size=1, prod=Horsemen (13sh), bldgs=Palace
    Units: 2x Warriors
  [Civ 1] Romans turn: 2 actions — MOVE_UNIT(1), UNIT_ORDER(1)

══════════════════════════════════════════════════════════════════════
  TURN 8 — 3860 B.C. (7ms)
══════════════════════════════════════════════════════════════════════
  [Civ 1] Romans (despotism): 1 cities, 2 units, 8g, 4 techs, researching Map Making (24/33)
    Rome: size=1, prod=Wonder40 (6sh), bldgs=Palace
    Units: 2x Warriors
  [Civ 2] Babylonians (despotism): 1 cities, 2 units, 7g, 5 techs, researching Ceremonial Burial (14/36)
    Babylon: size=1, prod=Archers (17sh), bldgs=Palace
    Units: 2x Warriors
  [Civ 3] Germans (despotism): 1 cities, 2 units, 7g, 5 techs, researching Map Making (21/36)
    Berlin: size=1, prod=Horsemen (4sh), bldgs=Palace
    Units: 2x Warriors
  [Civ 4] Egyptians (despotism): 1 cities, 2 units, 0g, 4 techs, researching Map Making (7/33)
    Thebes: size=1, prod=Horsemen (17sh), bldgs=Palace
    Units: 2x Warriors
  [Civ 1] Romans turn: 2 actions — MOVE_UNIT(1), UNIT_ORDER(1)
    >>> Thebes built Horsemen
    CHANGE_PRODUCTION city=3

══════════════════════════════════════════════════════════════════════
  TURN 9 — 3840 B.C. (5ms)
══════════════════════════════════════════════════════════════════════
  [Civ 1] Romans (despotism): 1 cities, 2 units, 9g, 4 techs, researching Map Making (27/33)
    Rome: size=1, prod=Wonder40 (8sh), bldgs=Palace
    Units: 2x Warriors
  [Civ 2] Babylonians (despotism): 1 cities, 2 units, 8g, 5 techs, researching Ceremonial Burial (16/36)
    Babylon: size=1, prod=Archers (21sh), bldgs=Palace
    Units: 2x Warriors
  [Civ 3] Germans (despotism): 1 cities, 2 units, 8g, 5 techs, researching Map Making (24/36)
    Berlin: size=1, prod=Horsemen (6sh), bldgs=Palace
    Units: 2x Warriors
  [Civ 4] Egyptians (despotism): 1 cities, 3 units, 0g, 4 techs, researching Map Making (8/33)
    Thebes: size=1, prod=Wonder41 (0sh), bldgs=Palace
    Units: 2x Warriors, 1x Horsemen
  [Civ 1] Romans turn: 2 actions — MOVE_UNIT(1), UNIT_ORDER(1)
    >>> Rome grew to size 2

══════════════════════════════════════════════════════════════════════
  TURN 10 — 3820 B.C. (8ms)
══════════════════════════════════════════════════════════════════════
  [Civ 1] Romans (despotism): 1 cities, 2 units, 11g, 4 techs, researching Map Making (30/33)
    Rome: size=2, prod=Wonder40 (10sh), bldgs=Palace
    Units: 2x Warriors
  [Civ 2] Babylonians (despotism): 1 cities, 2 units, 9g, 5 techs, researching Ceremonial Burial (18/36)
    Babylon: size=1, prod=Archers (25sh), bldgs=Palace
    Units: 2x Warriors
  [Civ 3] Germans (despotism): 1 cities, 2 units, 9g, 5 techs, researching Map Making (27/36)
    Berlin: size=1, prod=Horsemen (8sh), bldgs=Palace
    Units: 2x Warriors
  [Civ 4] Egyptians (despotism): 1 cities, 3 units, 0g, 4 techs, researching Map Making (9/33)
    Thebes: size=1, prod=Wonder41 (3sh), bldgs=Palace
    Units: 2x Warriors, 1x Horsemen
  [Civ 1] Romans turn: 2 actions — MOVE_UNIT(1), UNIT_ORDER(1)
    >>> Berlin grew to size 2
    END_TURN REJECTED: 1 units still need orders
      #12 Horsemen(Atk) @(44,20) mv=3 ord=none hp=full

══════════════════════════════════════════════════════════════════════
  TURN 11 — 3800 B.C. (12ms)
══════════════════════════════════════════════════════════════════════
  [Civ 1] Romans (despotism): 1 cities, 2 units, 11g, 5 techs, researching none (0/36)
    Rome: size=2, prod=Wonder40 (13sh), bldgs=Palace
    Units: 2x Warriors
  [Civ 2] Babylonians (despotism): 1 cities, 2 units, 10g, 5 techs, researching Ceremonial Burial (20/36)
    Babylon: size=1, prod=Archers (29sh), bldgs=Palace
    Units: 2x Warriors
  [Civ 3] Germans (despotism): 1 cities, 2 units, 11g, 5 techs, researching Map Making (30/36)
    Berlin: size=2, prod=Horsemen (10sh), bldgs=Palace
    Units: 2x Warriors
  [Civ 4] Egyptians (despotism): 1 cities, 3 units, 0g, 4 techs, researching Map Making (10/33)
    Thebes: size=1, prod=Wonder41 (6sh), bldgs=Palace
    Units: 2x Warriors, 1x Horsemen
  [Civ 1] Romans turn: 3 actions — SET_RESEARCH(1), MOVE_UNIT(1), UNIT_ORDER(1)
    SET_RESEARCH tech=Warrior Code
    >>> Babylon built Archers
    CHANGE_PRODUCTION city=1

══════════════════════════════════════════════════════════════════════
  TURN 12 — 3780 B.C. (8ms)
══════════════════════════════════════════════════════════════════════
  [Civ 1] Romans (despotism): 1 cities, 2 units, 13g, 5 techs, researching Warrior Code (3/36)
    Rome: size=2, prod=Wonder40 (16sh), bldgs=Palace
    Units: 2x Warriors
  [Civ 2] Babylonians (despotism): 1 cities, 3 units, 11g, 5 techs, researching Ceremonial Burial (22/36)
    Babylon: size=1, prod=Horsemen (1sh), bldgs=Palace
    Units: 2x Warriors, 1x Archers
  [Civ 3] Germans (despotism): 1 cities, 2 units, 13g, 5 techs, researching Map Making (33/36)
    Berlin: size=2, prod=Horsemen (13sh), bldgs=Palace
    Units: 2x Warriors
  [Civ 4] Egyptians (despotism): 1 cities, 3 units, 0g, 4 techs, researching Map Making (11/33)
    Thebes: size=1, prod=Wonder41 (9sh), bldgs=Palace
    Units: 2x Warriors, 1x Horsemen
  [Civ 1] Romans turn: 2 actions — MOVE_UNIT(1), UNIT_ORDER(1)
    >>> Germans discovered: Map Making
    SET_RESEARCH tech=Currency

══════════════════════════════════════════════════════════════════════
  TURN 13 — 3760 B.C. (6ms)
══════════════════════════════════════════════════════════════════════
  [Civ 1] Romans (despotism): 1 cities, 2 units, 15g, 5 techs, researching Warrior Code (6/36)
    Rome: size=2, prod=Wonder40 (19sh), bldgs=Palace
    Units: 2x Warriors
  [Civ 2] Babylonians (despotism): 1 cities, 3 units, 12g, 5 techs, researching Ceremonial Burial (24/36)
    Babylon: size=1, prod=Horsemen (4sh), bldgs=Palace
    Units: 2x Warriors, 1x Archers
  [Civ 3] Germans (despotism): 1 cities, 2 units, 13g, 6 techs, researching Currency (0/36)
    Berlin: size=2, prod=Horsemen (16sh), bldgs=Palace
    Units: 2x Warriors
  [Civ 4] Egyptians (despotism): 1 cities, 3 units, 0g, 4 techs, researching Map Making (12/33)
    Thebes: size=1, prod=Wonder41 (12sh), bldgs=Palace
    Units: 2x Warriors, 1x Horsemen
  [Civ 1] Romans turn: 2 actions — MOVE_UNIT(1), UNIT_ORDER(1)
    SET_RESEARCH tech=Code of Laws

══════════════════════════════════════════════════════════════════════
  TURN 14 — 3740 B.C. (7ms)
══════════════════════════════════════════════════════════════════════
  [Civ 1] Romans (despotism): 1 cities, 2 units, 17g, 5 techs, researching Warrior Code (9/36)
    Rome: size=2, prod=Wonder40 (22sh), bldgs=Palace
    Units: 2x Warriors
  [Civ 2] Babylonians (despotism): 1 cities, 3 units, 13g, 5 techs, researching Ceremonial Burial (26/36)
    Babylon: size=1, prod=Horsemen (7sh), bldgs=Palace
    Units: 2x Warriors, 1x Archers
  [Civ 3] Germans (despotism): 1 cities, 2 units, 15g, 6 techs, researching Currency (3/36)
    Berlin: size=2, prod=Horsemen (19sh), bldgs=Palace
    Units: 2x Warriors
  [Civ 4] Egyptians (despotism): 1 cities, 3 units, 0g, 5 techs, researching Code of Laws (13/36)
    Thebes: size=1, prod=Wonder41 (15sh), bldgs=Palace
    Units: 2x Warriors, 1x Horsemen
  [Civ 1] Romans turn: 2 actions — MOVE_UNIT(1), UNIT_ORDER(1)
    >>> Berlin built Horsemen
    CHANGE_PRODUCTION city=2

══════════════════════════════════════════════════════════════════════
  TURN 15 — 3720 B.C. (8ms)
══════════════════════════════════════════════════════════════════════
  [Civ 1] Romans (despotism): 1 cities, 2 units, 19g, 5 techs, researching Warrior Code (12/36)
    Rome: size=2, prod=Wonder40 (25sh), bldgs=Palace
    Units: 2x Warriors
  [Civ 2] Babylonians (despotism): 1 cities, 3 units, 14g, 6 techs, researching Ceremonial Burial (28/36)
    Babylon: size=1, prod=Horsemen (10sh), bldgs=Palace
    Units: 2x Warriors, 1x Archers
  [Civ 3] Germans (despotism): 1 cities, 3 units, 17g, 6 techs, researching Currency (6/36)
    Berlin: size=2, prod=Settlers (1sh), bldgs=Palace
    Units: 2x Warriors, 1x Horsemen
  [Civ 4] Egyptians (despotism): 1 cities, 3 units, 0g, 5 techs, researching Code of Laws (14/36)
    Thebes: size=1, prod=Wonder41 (18sh), bldgs=Palace
    Units: 2x Warriors, 1x Horsemen
  [Civ 1] Romans turn: 2 actions — MOVE_UNIT(1), UNIT_ORDER(1)

══════════════════════════════════════════════════════════════════════
  TURN 16 — 3700 B.C. (7ms)
══════════════════════════════════════════════════════════════════════
  [Civ 1] Romans (despotism): 1 cities, 2 units, 21g, 5 techs, researching Warrior Code (15/36)
    Rome: size=2, prod=Wonder40 (28sh), bldgs=Palace
    Units: 2x Warriors
  [Civ 2] Babylonians (despotism): 1 cities, 3 units, 15g, 6 techs, researching Ceremonial Burial (30/36)
    Babylon: size=1, prod=Horsemen (13sh), bldgs=Palace
    Units: 2x Warriors, 1x Archers
  [Civ 3] Germans (despotism): 1 cities, 3 units, 19g, 6 techs, researching Currency (9/36)
    Berlin: size=2, prod=Settlers (4sh), bldgs=Palace
    Units: 2x Warriors, 1x Horsemen
  [Civ 4] Egyptians (despotism): 1 cities, 3 units, 0g, 5 techs, researching Code of Laws (15/36)
    Thebes: size=1, prod=Wonder41 (21sh), bldgs=Palace
    Units: 2x Warriors, 1x Horsemen
  [Civ 1] Romans turn: 2 actions — MOVE_UNIT(1), UNIT_ORDER(1)
    END_TURN REJECTED: 1 units still need orders
      #14 Horsemen(Atk) @(18,72) mv=5 ord=none hp=full

══════════════════════════════════════════════════════════════════════
  TURN 17 — 3680 B.C. (8ms)
══════════════════════════════════════════════════════════════════════
  [Civ 1] Romans (despotism): 1 cities, 2 units, 23g, 5 techs, researching Warrior Code (18/36)
    Rome: size=2, prod=Wonder40 (31sh), bldgs=Palace
    Units: 2x Warriors
  [Civ 2] Babylonians (despotism): 1 cities, 3 units, 16g, 6 techs, researching Ceremonial Burial (32/36)
    Babylon: size=1, prod=Horsemen (16sh), bldgs=Palace
    Units: 2x Warriors, 1x Archers
  [Civ 3] Germans (despotism): 1 cities, 3 units, 21g, 6 techs, researching Currency (12/36)
    Berlin: size=2, prod=Settlers (7sh), bldgs=Palace
    Units: 2x Warriors, 1x Horsemen
  [Civ 4] Egyptians (despotism): 1 cities, 3 units, 0g, 5 techs, researching Code of Laws (16/36)
    Thebes: size=1, prod=Wonder41 (24sh), bldgs=Palace
    Units: 2x Warriors, 1x Horsemen
  [Civ 1] Romans turn: 2 actions — MOVE_UNIT(1), UNIT_ORDER(1)

══════════════════════════════════════════════════════════════════════
  TURN 18 — 3660 B.C. (8ms)
══════════════════════════════════════════════════════════════════════
  [Civ 1] Romans (despotism): 1 cities, 2 units, 25g, 5 techs, researching Warrior Code (21/36)
    Rome: size=2, prod=Wonder40 (34sh), bldgs=Palace
    Units: 2x Warriors
  [Civ 2] Babylonians (despotism): 1 cities, 3 units, 17g, 6 techs, researching Ceremonial Burial (34/36)
    Babylon: size=1, prod=Horsemen (19sh), bldgs=Palace
    Units: 2x Warriors, 1x Archers
  [Civ 3] Germans (despotism): 1 cities, 3 units, 23g, 6 techs, researching Currency (15/36)
    Berlin: size=2, prod=Settlers (10sh), bldgs=Palace
    Units: 2x Warriors, 1x Horsemen
  [Civ 4] Egyptians (despotism): 1 cities, 3 units, 0g, 5 techs, researching Code of Laws (17/36)
    Thebes: size=1, prod=Wonder41 (27sh), bldgs=Palace
    Units: 2x Warriors, 1x Horsemen
  [Civ 1] Romans turn: 2 actions — MOVE_UNIT(1), UNIT_ORDER(1)
    >>> Babylonians discovered: Ceremonial Burial
    >>> Babylon built Horsemen
    SET_RESEARCH tech=Writing
    CHANGE_PRODUCTION city=1

══════════════════════════════════════════════════════════════════════
  TURN 19 — 3640 B.C. (7ms)
══════════════════════════════════════════════════════════════════════
  [Civ 1] Romans (despotism): 1 cities, 2 units, 27g, 5 techs, researching Warrior Code (24/36)
    Rome: size=2, prod=Wonder40 (37sh), bldgs=Palace
    Units: 2x Warriors
  [Civ 2] Babylonians (despotism): 1 cities, 4 units, 17g, 7 techs, researching Writing (0/33)
    Babylon: size=1, prod=Trireme (1sh), bldgs=Palace
    Units: 2x Warriors, 1x Archers, 1x Horsemen
  [Civ 3] Germans (despotism): 1 cities, 3 units, 65g, 6 techs, researching Currency (18/36)
    Berlin: size=2, prod=Settlers (13sh), bldgs=Palace
    Units: 2x Warriors, 1x Horsemen
  [Civ 4] Egyptians (despotism): 1 cities, 3 units, 0g, 5 techs, researching Code of Laws (18/36)
    Thebes: size=1, prod=Wonder41 (30sh), bldgs=Palace
    Units: 2x Warriors, 1x Horsemen
  [Civ 1] Romans turn: 2 actions — MOVE_UNIT(1), UNIT_ORDER(1)

══════════════════════════════════════════════════════════════════════
  TURN 20 — 3620 B.C. (8ms)
══════════════════════════════════════════════════════════════════════
  [Civ 1] Romans (despotism): 1 cities, 2 units, 29g, 5 techs, researching Warrior Code (27/36)
    Rome: size=2, prod=Wonder40 (40sh), bldgs=Palace
    Units: 2x Warriors
  [Civ 2] Babylonians (despotism): 1 cities, 4 units, 18g, 7 techs, researching Writing (2/33)
    Babylon: size=1, prod=Trireme (3sh), bldgs=Palace
    Units: 2x Warriors, 1x Archers, 1x Horsemen
  [Civ 3] Germans (despotism): 1 cities, 3 units, 67g, 6 techs, researching Currency (21/36)
    Berlin: size=2, prod=Settlers (16sh), bldgs=Palace
    Units: 2x Warriors, 1x Horsemen
  [Civ 4] Egyptians (despotism): 1 cities, 3 units, 0g, 5 techs, researching Code of Laws (19/36)
    Thebes: size=1, prod=Wonder41 (33sh), bldgs=Palace
    Units: 2x Warriors, 1x Horsemen
  [Civ 1] Romans turn: 2 actions — MOVE_UNIT(1), UNIT_ORDER(1)
    >>> Babylon grew to size 2

══════════════════════════════════════════════════════════════════════
  TURN 21 — 3600 B.C. (8ms)
══════════════════════════════════════════════════════════════════════
  [Civ 1] Romans (despotism): 1 cities, 2 units, 31g, 5 techs, researching Warrior Code (30/36)
    Rome: size=2, prod=Wonder40 (43sh), bldgs=Palace
    Units: 2x Warriors
  [Civ 2] Babylonians (despotism): 1 cities, 4 units, 19g, 7 techs, researching Writing (5/33)
    Babylon: size=2, prod=Trireme (5sh), bldgs=Palace
    Units: 2x Warriors, 1x Archers, 1x Horsemen
  [Civ 3] Germans (despotism): 1 cities, 3 units, 69g, 6 techs, researching Currency (24/36)
    Berlin: size=2, prod=Settlers (19sh), bldgs=Palace
    Units: 2x Warriors, 1x Horsemen
  [Civ 4] Egyptians (despotism): 1 cities, 3 units, 0g, 5 techs, researching Code of Laws (20/36)
    Thebes: size=1, prod=Wonder41 (36sh), bldgs=Palace
    Units: 2x Warriors, 1x Horsemen
  [Civ 1] Romans turn: 2 actions — MOVE_UNIT(1), UNIT_ORDER(1)

══════════════════════════════════════════════════════════════════════
  TURN 22 — 3580 B.C. (6ms)
══════════════════════════════════════════════════════════════════════
  [Civ 1] Romans (despotism): 1 cities, 2 units, 33g, 5 techs, researching Warrior Code (33/36)
    Rome: size=2, prod=Wonder40 (46sh), bldgs=Palace
    Units: 2x Warriors
  [Civ 2] Babylonians (despotism): 1 cities, 4 units, 20g, 7 techs, researching Writing (8/33)
    Babylon: size=2, prod=Trireme (9sh), bldgs=Palace
    Units: 2x Warriors, 1x Archers, 1x Horsemen
  [Civ 3] Germans (despotism): 1 cities, 3 units, 71g, 6 techs, researching Currency (27/36)
    Berlin: size=2, prod=Settlers (22sh), bldgs=Palace
    Units: 2x Warriors, 1x Horsemen
  [Civ 4] Egyptians (despotism): 1 cities, 3 units, 0g, 5 techs, researching Code of Laws (21/36)
    Thebes: size=1, prod=Wonder41 (39sh), bldgs=Palace
    Units: 2x Warriors, 1x Horsemen
  [Civ 1] Romans turn: 2 actions — MOVE_UNIT(1), UNIT_ORDER(1)
    >>> Romans discovered: Warrior Code

══════════════════════════════════════════════════════════════════════
  TURN 23 — 3560 B.C. (10ms)
══════════════════════════════════════════════════════════════════════
  [Civ 1] Romans (despotism): 1 cities, 2 units, 33g, 6 techs, researching none (0/36)
    Rome: size=2, prod=Wonder40 (49sh), bldgs=Palace
    Units: 2x Warriors
  [Civ 2] Babylonians (despotism): 1 cities, 4 units, 21g, 7 techs, researching Writing (11/33)
    Babylon: size=2, prod=Trireme (13sh), bldgs=Palace
    Units: 2x Warriors, 1x Archers, 1x Horsemen
  [Civ 3] Germans (despotism): 1 cities, 3 units, 73g, 6 techs, researching Currency (30/36)
    Berlin: size=2, prod=Settlers (25sh), bldgs=Palace
    Units: 2x Warriors, 1x Horsemen
  [Civ 4] Egyptians (despotism): 1 cities, 3 units, 0g, 5 techs, researching Code of Laws (22/36)
    Thebes: size=1, prod=Wonder41 (42sh), bldgs=Palace
    Units: 2x Warriors, 1x Horsemen
  [Civ 1] Romans turn: 3 actions — SET_RESEARCH(1), MOVE_UNIT(1), UNIT_ORDER(1)
    SET_RESEARCH tech=Iron Working

══════════════════════════════════════════════════════════════════════
  TURN 24 — 3540 B.C. (6ms)
══════════════════════════════════════════════════════════════════════
  [Civ 1] Romans (despotism): 1 cities, 2 units, 35g, 6 techs, researching Iron Working (3/36)
    Rome: size=2, prod=Wonder40 (52sh), bldgs=Palace
    Units: 2x Warriors
  [Civ 2] Babylonians (despotism): 1 cities, 4 units, 22g, 7 techs, researching Writing (14/33)
    Babylon: size=2, prod=Trireme (17sh), bldgs=Palace
    Units: 2x Warriors, 1x Archers, 1x Horsemen
  [Civ 3] Germans (despotism): 1 cities, 3 units, 75g, 6 techs, researching Currency (33/36)
    Berlin: size=2, prod=Settlers (28sh), bldgs=Palace
    Units: 2x Warriors, 1x Horsemen
  [Civ 4] Egyptians (despotism): 1 cities, 3 units, 0g, 5 techs, researching Code of Laws (23/36)
    Thebes: size=1, prod=Wonder41 (45sh), bldgs=Palace
    Units: 2x Warriors, 1x Horsemen
  [Civ 1] Romans turn: 2 actions — MOVE_UNIT(1), UNIT_ORDER(1)
    >>> Germans discovered: Currency
    SET_RESEARCH tech=Construction
    >>> Rome grew to size 3

══════════════════════════════════════════════════════════════════════
  TURN 25 — 3520 B.C. (6ms)
══════════════════════════════════════════════════════════════════════
  [Civ 1] Romans (despotism): 1 cities, 2 units, 37g, 6 techs, researching Iron Working (6/36)
    Rome: size=3, prod=Wonder40 (55sh), bldgs=Palace
    Units: 2x Warriors
  [Civ 2] Babylonians (despotism): 1 cities, 4 units, 23g, 7 techs, researching Writing (17/33)
    Babylon: size=2, prod=Trireme (21sh), bldgs=Palace
    Units: 2x Warriors, 1x Archers, 1x Horsemen
  [Civ 3] Germans (despotism): 1 cities, 3 units, 75g, 8 techs, researching Construction (0/28)
    Berlin: size=2, prod=Settlers (31sh), bldgs=Palace
    Units: 2x Warriors, 1x Horsemen
  [Civ 4] Egyptians (despotism): 1 cities, 3 units, 0g, 6 techs, researching Code of Laws (24/36)
    Thebes: size=1, prod=Wonder41 (48sh), bldgs=Palace
    Units: 2x Warriors, 1x Horsemen
  [Civ 1] Romans turn: 2 actions — MOVE_UNIT(1), UNIT_ORDER(1)
    >>> Berlin grew to size 3

══════════════════════════════════════════════════════════════════════
  TURN 26 — 3500 B.C. (6ms)
══════════════════════════════════════════════════════════════════════
  [Civ 1] Romans (despotism): 1 cities, 2 units, 39g, 6 techs, researching Iron Working (9/36)
    Rome: size=3, prod=Wonder40 (58sh), bldgs=Palace
    Units: 2x Warriors
  [Civ 2] Babylonians (despotism): 1 cities, 4 units, 24g, 7 techs, researching Writing (20/33)
    Babylon: size=2, prod=Trireme (25sh), bldgs=Palace
    Units: 2x Warriors, 1x Archers, 1x Horsemen
  [Civ 3] Germans (despotism): 1 cities, 3 units, 77g, 8 techs, researching Construction (4/28)
    Berlin: size=3, prod=Settlers (34sh), bldgs=Palace
    Units: 2x Warriors, 1x Horsemen
  [Civ 4] Egyptians (despotism): 1 cities, 3 units, 0g, 6 techs, researching Code of Laws (25/36)
    Thebes: size=1, prod=Wonder41 (51sh), bldgs=Palace
    Units: 2x Warriors, 1x Horsemen
  [Civ 1] Romans turn: 2 actions — MOVE_UNIT(1), UNIT_ORDER(1)

══════════════════════════════════════════════════════════════════════
  TURN 27 — 3480 B.C. (4ms)
══════════════════════════════════════════════════════════════════════
  [Civ 1] Romans (despotism): 1 cities, 2 units, 41g, 6 techs, researching Iron Working (12/36)
    Rome: size=3, prod=Wonder40 (61sh), bldgs=Palace
    Units: 2x Warriors
  [Civ 2] Babylonians (despotism): 1 cities, 4 units, 25g, 7 techs, researching Writing (23/33)
    Babylon: size=2, prod=Trireme (29sh), bldgs=Palace
    Units: 2x Warriors, 1x Archers, 1x Horsemen
  [Civ 3] Germans (despotism): 1 cities, 3 units, 79g, 8 techs, researching Construction (8/28)
    Berlin: size=3, prod=Settlers (38sh), bldgs=Palace
    Units: 2x Warriors, 1x Horsemen
  [Civ 4] Egyptians (despotism): 1 cities, 3 units, 0g, 6 techs, researching Code of Laws (26/36)
    Thebes: size=1, prod=Wonder41 (54sh), bldgs=Palace
    Units: 2x Warriors, 1x Horsemen
  [Civ 1] Romans turn: 2 actions — MOVE_UNIT(1), UNIT_ORDER(1)
    >>> Berlin built Settlers
    ADJUST_ATTITUDE target=civ1
    ADJUST_ATTITUDE target=civ1

══════════════════════════════════════════════════════════════════════
  TURN 28 — 3460 B.C. (13ms)
══════════════════════════════════════════════════════════════════════
  [Civ 1] Romans (despotism): 1 cities, 2 units, 43g, 6 techs, researching Iron Working (15/36)
    Rome: size=3, prod=Wonder40 (64sh), bldgs=Palace
    Units: 2x Warriors
  [Civ 2] Babylonians (despotism): 1 cities, 4 units, 26g, 8 techs, researching Writing (26/28)
    Babylon: size=2, prod=Trireme (33sh), bldgs=Palace
    Units: 2x Warriors, 1x Archers, 1x Horsemen
  [Civ 3] Germans (despotism): 1 cities, 4 units, 81g, 8 techs, researching Construction (10/28)
    Berlin: size=2, prod=Settlers (2sh), bldgs=Palace
    Units: 2x Warriors, 1x Horsemen, 1x Settlers
  [Civ 4] Egyptians (despotism): 1 cities, 3 units, 0g, 6 techs, researching Code of Laws (27/36)
    Thebes: size=1, prod=Wonder41 (57sh), bldgs=Palace
    Units: 2x Warriors, 1x Horsemen
  [Civ 1] Romans turn: 2 actions — MOVE_UNIT(1), UNIT_ORDER(1)
    >>> Babylonians discovered: Writing
    SET_RESEARCH tech=Iron Working

══════════════════════════════════════════════════════════════════════
  TURN 29 — 3440 B.C. (22ms)
══════════════════════════════════════════════════════════════════════
  [Civ 1] Romans (despotism): 1 cities, 2 units, 45g, 6 techs, researching Iron Working (18/36)
    Rome: size=3, prod=Wonder40 (67sh), bldgs=Palace
    Units: 2x Warriors
  [Civ 2] Babylonians (despotism): 1 cities, 4 units, 26g, 9 techs, researching Iron Working (0/32)
    Babylon: size=2, prod=Trireme (37sh), bldgs=Palace
    Units: 2x Warriors, 1x Archers, 1x Horsemen
  [Civ 3] Germans (despotism): 1 cities, 4 units, 83g, 8 techs, researching Construction (12/28)
    Berlin: size=2, prod=Settlers (4sh), bldgs=Palace
    Units: 2x Warriors, 1x Horsemen, 1x Settlers
  [Civ 4] Egyptians (despotism): 1 cities, 3 units, 0g, 6 techs, researching Code of Laws (28/36)
    Thebes: size=1, prod=Wonder41 (60sh), bldgs=Palace
    Units: 2x Warriors, 1x Horsemen
  [Civ 1] Romans turn: 2 actions — MOVE_UNIT(1), UNIT_ORDER(1)
    >>> Babylon built Trireme
    CHANGE_PRODUCTION city=1
    END_TURN REJECTED: 1 units still need orders
      #18 Settlers(Settle) @(31,38) mv=3 ord=none hp=full
    ADJUST_ATTITUDE target=civ1
    ADJUST_ATTITUDE target=civ1

══════════════════════════════════════════════════════════════════════
  TURN 30 — 3420 B.C. (8ms)
══════════════════════════════════════════════════════════════════════
  [Civ 1] Romans (despotism): 1 cities, 2 units, 47g, 6 techs, researching Iron Working (21/36)
    Rome: size=3, prod=Wonder40 (70sh), bldgs=Palace
    Units: 2x Warriors
  [Civ 2] Babylonians (despotism): 1 cities, 6 units, 27g, 9 techs, researching Iron Working (2/32)
    Babylon: size=2, prod=Settlers (0sh), bldgs=Palace
    Units: 2x Warriors, 1x Archers, 1x Horsemen, 1x Trireme, 1x Settlers
  [Civ 3] Germans (despotism): 1 cities, 4 units, 85g, 8 techs, researching Construction (14/28)
    Berlin: size=2, prod=Settlers (6sh), bldgs=Palace
    Units: 2x Warriors, 1x Horsemen, 1x Settlers
  [Civ 4] Egyptians (despotism): 1 cities, 3 units, 0g, 6 techs, researching Code of Laws (29/36)
    Thebes: size=1, prod=Wonder41 (63sh), bldgs=Palace
    Units: 2x Warriors, 1x Horsemen
  [Civ 1] Romans turn: 2 actions — MOVE_UNIT(1), UNIT_ORDER(1)
    BUILD_CITY unit=18 name="Sumer"
    1 actions REJECTED (of 9)
    END_TURN REJECTED: 1 units still need orders
      #19 Horsemen(Atk) @(34,13) mv=6 ord=none hp=full

══════════════════════════════════════════════════════════════════════
  TURN 31 — 3400 B.C. (11ms)
══════════════════════════════════════════════════════════════════════
  [Civ 1] Romans (despotism): 1 cities, 2 units, 49g, 6 techs, researching Iron Working (24/36)
    Rome: size=3, prod=Wonder40 (73sh), bldgs=Palace
    Units: 2x Warriors
  [Civ 2] Babylonians (despotism): 2 cities, 6 units, 28g, 9 techs, researching Iron Working (4/32)
    Babylon: size=2, prod=Settlers (3sh), bldgs=Palace
    Sumer: size=1, prod=Warriors (0sh)
    Units: 2x Warriors, 1x Archers, 2x Horsemen, 1x Trireme
  [Civ 3] Germans (despotism): 1 cities, 4 units, 87g, 9 techs, researching Construction (16/32)
    Berlin: size=2, prod=Settlers (8sh), bldgs=Palace
    Units: 2x Warriors, 1x Horsemen, 1x Settlers
  [Civ 4] Egyptians (despotism): 1 cities, 3 units, 0g, 6 techs, researching Code of Laws (30/36)
    Thebes: size=1, prod=Wonder41 (66sh), bldgs=Palace
    Units: 2x Warriors, 1x Horsemen
  [Civ 1] Romans turn: 2 actions — MOVE_UNIT(1), UNIT_ORDER(1)
    CHANGE_PRODUCTION city=4

══════════════════════════════════════════════════════════════════════
  TURN 32 — 3380 B.C. (6ms)
══════════════════════════════════════════════════════════════════════
  [Civ 1] Romans (despotism): 1 cities, 2 units, 51g, 6 techs, researching Iron Working (27/36)
    Rome: size=3, prod=Wonder40 (76sh), bldgs=Palace
    Units: 2x Warriors
  [Civ 2] Babylonians (despotism): 2 cities, 6 units, 29g, 9 techs, researching Iron Working (8/32)
    Babylon: size=2, prod=Settlers (6sh), bldgs=Palace
    Sumer: size=1, prod=Archers (1sh)
    Units: 2x Warriors, 1x Archers, 2x Horsemen, 1x Trireme
  [Civ 3] Germans (despotism): 1 cities, 4 units, 89g, 9 techs, researching Construction (18/32)
    Berlin: size=2, prod=Settlers (10sh), bldgs=Palace
    Units: 2x Warriors, 1x Horsemen, 1x Settlers
  [Civ 4] Egyptians (despotism): 1 cities, 3 units, 0g, 6 techs, researching Code of Laws (31/36)
    Thebes: size=1, prod=Wonder41 (69sh), bldgs=Palace
    Units: 2x Warriors, 1x Horsemen
  [Civ 1] Romans turn: 5 actions — ADJUST_ATTITUDE(3), MOVE_UNIT(1), UNIT_ORDER(1)
    ADJUST_ATTITUDE target=civ2
    ADJUST_ATTITUDE target=civ3
    ADJUST_ATTITUDE target=civ4
    ADJUST_ATTITUDE target=civ1
    ADJUST_ATTITUDE target=civ3
    ADJUST_ATTITUDE target=civ4
    ADJUST_ATTITUDE target=civ1
    ADJUST_ATTITUDE target=civ2
    ADJUST_ATTITUDE target=civ4
    ADJUST_ATTITUDE target=civ1
    ADJUST_ATTITUDE target=civ2
    ADJUST_ATTITUDE target=civ3
    COMBAT: Warriors vs Warriors → defWin (atkHp=undefined, defHp=undefined)
    1 actions REJECTED (of 7)
    END_TURN REJECTED: 1 units still need orders
      #9 Warriors(Atk) @(43,23) mv=3 ord=none hp=full

══════════════════════════════════════════════════════════════════════
  TURN 33 — 3360 B.C. (13ms)
══════════════════════════════════════════════════════════════════════
  [Civ 1] Romans (despotism): 1 cities, 2 units, 53g, 6 techs, researching Iron Working (30/36)
    Rome: size=3, prod=Wonder40 (79sh), bldgs=Palace
    Units: 2x Warriors
  [Civ 2] Babylonians (despotism): 2 cities, 6 units, 30g, 9 techs, researching Iron Working (12/32)
    Babylon: size=2, prod=Settlers (9sh), bldgs=Palace
    Sumer: size=1, prod=Archers (3sh)
    Units: 2x Warriors, 1x Archers, 2x Horsemen, 1x Trireme
  [Civ 3] Germans (despotism): 1 cities, 4 units, 91g, 9 techs, researching Construction (20/32)
    Berlin: size=2, prod=Settlers (12sh), bldgs=Palace
    Units: 2x Warriors, 1x Horsemen, 1x Settlers
  [Civ 4] Egyptians (despotism): 1 cities, 2 units, 0g, 6 techs, researching Code of Laws (32/36)
    Thebes: size=1, prod=Wonder41 (72sh), bldgs=Palace
    Units: 1x Warriors, 1x Horsemen
  [Civ 1] Romans turn: 6 actions — ADJUST_ATTITUDE(2), MOVE_UNIT(1), UNIT_ORDER(3)
    ADJUST_ATTITUDE target=civ4
    ADJUST_ATTITUDE target=civ4
    ADJUST_ATTITUDE target=civ1

══════════════════════════════════════════════════════════════════════
  TURN 34 — 3340 B.C. (9ms)
══════════════════════════════════════════════════════════════════════
  [Civ 1] Romans (despotism): 1 cities, 2 units, 55g, 6 techs, researching Iron Working (33/36)
    Rome: size=3, prod=Wonder40 (82sh), bldgs=Palace
    Units: 2x Warriors
  [Civ 2] Babylonians (despotism): 2 cities, 6 units, 31g, 9 techs, researching Iron Working (16/32)
    Babylon: size=2, prod=Settlers (12sh), bldgs=Palace
    Sumer: size=1, prod=Archers (5sh)
    Units: 2x Warriors, 1x Archers, 2x Horsemen, 1x Trireme
  [Civ 3] Germans (despotism): 1 cities, 4 units, 93g, 9 techs, researching Construction (22/32)
    Berlin: size=2, prod=Settlers (14sh), bldgs=Palace
    Units: 2x Warriors, 1x Horsemen, 1x Settlers
  [Civ 4] Egyptians (despotism): 1 cities, 2 units, 0g, 6 techs, researching Code of Laws (33/36)
    Thebes: size=1, prod=Wonder41 (75sh), bldgs=Palace
    Units: 1x Warriors, 1x Horsemen
  [Civ 1] Romans turn: 3 actions — ADJUST_ATTITUDE(1), MOVE_UNIT(1), UNIT_ORDER(1)
    ADJUST_ATTITUDE target=civ4
    >>> Romans discovered: Iron Working

══════════════════════════════════════════════════════════════════════
  TURN 35 — 3320 B.C. (7ms)
══════════════════════════════════════════════════════════════════════
  [Civ 1] Romans (despotism): 1 cities, 2 units, 55g, 7 techs, researching none (0/33)
    Rome: size=3, prod=Wonder40 (85sh), bldgs=Palace
    Units: 2x Warriors
  [Civ 2] Babylonians (despotism): 2 cities, 6 units, 32g, 9 techs, researching Iron Working (20/32)
    Babylon: size=2, prod=Settlers (15sh), bldgs=Palace
    Sumer: size=1, prod=Archers (7sh)
    Units: 2x Warriors, 1x Archers, 2x Horsemen, 1x Trireme
  [Civ 3] Germans (despotism): 1 cities, 4 units, 95g, 9 techs, researching Construction (24/32)
    Berlin: size=2, prod=Settlers (16sh), bldgs=Palace
    Units: 2x Warriors, 1x Horsemen, 1x Settlers
  [Civ 4] Egyptians (despotism): 1 cities, 2 units, 0g, 6 techs, researching Code of Laws (34/36)
    Thebes: size=1, prod=Wonder41 (78sh), bldgs=Palace
    Units: 1x Warriors, 1x Horsemen
  [Civ 1] Romans turn: 4 actions — SET_RESEARCH(1), ADJUST_ATTITUDE(1), MOVE_UNIT(1), UNIT_ORDER(1)
    SET_RESEARCH tech=Masonry
    ADJUST_ATTITUDE target=civ4
    PROPOSE_TREATY treaty=peace target=civ1
    ADJUST_ATTITUDE target=civ1

══════════════════════════════════════════════════════════════════════
  TURN 36 — 3300 B.C. (9ms)
══════════════════════════════════════════════════════════════════════
  [Civ 1] Romans (despotism): 1 cities, 2 units, 57g, 7 techs, researching Masonry (3/33)
    Rome: size=3, prod=Wonder40 (88sh), bldgs=Palace
    Units: 2x Warriors
  [Civ 2] Babylonians (despotism): 2 cities, 6 units, 33g, 9 techs, researching Iron Working (24/32)
    Babylon: size=2, prod=Settlers (18sh), bldgs=Palace
    Sumer: size=1, prod=Archers (9sh)
    Units: 2x Warriors, 1x Archers, 2x Horsemen, 1x Trireme
  [Civ 3] Germans (despotism): 1 cities, 4 units, 97g, 9 techs, researching Construction (26/32)
    Berlin: size=2, prod=Settlers (18sh), bldgs=Palace
    Units: 2x Warriors, 1x Horsemen, 1x Settlers
  [Civ 4] Egyptians (despotism): 1 cities, 2 units, 0g, 6 techs, researching Code of Laws (35/36)
    Thebes: size=1, prod=Wonder41 (81sh), bldgs=Palace
    Units: 1x Warriors, 1x Horsemen
  [Civ 1] Romans turn: 6 actions — ADJUST_ATTITUDE(3), RESPOND_TREATY(1), MOVE_UNIT(1), UNIT_ORDER(1)
    ADJUST_ATTITUDE target=civ4
    ADJUST_ATTITUDE target=civ4
    ADJUST_ATTITUDE target=civ4
    >>> Egyptians discovered: Code of Laws
    SET_RESEARCH tech=The Wheel

══════════════════════════════════════════════════════════════════════
  TURN 37 — 3280 B.C. (11ms)
══════════════════════════════════════════════════════════════════════
  [Civ 1] Romans (despotism): 1 cities, 2 units, 59g, 7 techs, researching Masonry (6/33)
    Rome: size=3, prod=Wonder40 (91sh), bldgs=Palace
    Units: 2x Warriors
  [Civ 2] Babylonians (despotism): 2 cities, 6 units, 34g, 9 techs, researching Iron Working (28/32)
    Babylon: size=2, prod=Settlers (21sh), bldgs=Palace
    Sumer: size=1, prod=Archers (11sh)
    Units: 2x Warriors, 1x Archers, 2x Horsemen, 1x Trireme
  [Civ 3] Germans (despotism): 1 cities, 4 units, 99g, 9 techs, researching Construction (28/32)
    Berlin: size=2, prod=Settlers (20sh), bldgs=Palace
    Units: 2x Warriors, 1x Horsemen, 1x Settlers
  [Civ 4] Egyptians (despotism): 1 cities, 2 units, 0g, 7 techs, researching The Wheel (0/33)
    Thebes: size=1, prod=Wonder41 (84sh), bldgs=Palace
    Units: 1x Warriors, 1x Horsemen
  [Civ 1] Romans turn: 3 actions — ADJUST_ATTITUDE(1), MOVE_UNIT(1), UNIT_ORDER(1)
    ADJUST_ATTITUDE target=civ4
    >>> Babylonians discovered: Iron Working
    SET_RESEARCH tech=Code of Laws
    >>> Germans discovered: Construction
    SET_RESEARCH tech=The Wheel

══════════════════════════════════════════════════════════════════════
  TURN 38 — 3260 B.C. (9ms)
══════════════════════════════════════════════════════════════════════
  [Civ 1] Romans (despotism): 1 cities, 2 units, 61g, 7 techs, researching Masonry (9/33)
    Rome: size=3, prod=Wonder40 (94sh), bldgs=Palace
    Units: 2x Warriors
  [Civ 2] Babylonians (despotism): 2 cities, 6 units, 34g, 10 techs, researching Code of Laws (0/48)
    Babylon: size=2, prod=Settlers (24sh), bldgs=Palace
    Sumer: size=1, prod=Archers (13sh)
    Units: 2x Warriors, 1x Archers, 2x Horsemen, 1x Trireme
  [Civ 3] Germans (despotism): 1 cities, 4 units, 99g, 10 techs, researching The Wheel (0/48)
    Berlin: size=2, prod=Settlers (22sh), bldgs=Palace
    Units: 2x Warriors, 1x Horsemen, 1x Settlers
  [Civ 4] Egyptians (despotism): 1 cities, 2 units, 0g, 7 techs, researching The Wheel (1/33)
    Thebes: size=1, prod=Wonder41 (87sh), bldgs=Palace
    Units: 1x Warriors, 1x Horsemen
  [Civ 1] Romans turn: 3 actions — ADJUST_ATTITUDE(1), MOVE_UNIT(1), UNIT_ORDER(1)
    ADJUST_ATTITUDE target=civ4

══════════════════════════════════════════════════════════════════════
  TURN 39 — 3240 B.C. (6ms)
══════════════════════════════════════════════════════════════════════
  [Civ 1] Romans (despotism): 1 cities, 2 units, 63g, 7 techs, researching Masonry (12/33)
    Rome: size=3, prod=Wonder40 (97sh), bldgs=Palace
    Units: 2x Warriors
  [Civ 2] Babylonians (despotism): 2 cities, 6 units, 35g, 10 techs, researching Code of Laws (4/24)
    Babylon: size=2, prod=Settlers (27sh), bldgs=Palace
    Sumer: size=1, prod=Archers (15sh)
    Units: 2x Warriors, 1x Archers, 2x Horsemen, 1x Trireme
  [Civ 3] Germans (despotism): 1 cities, 4 units, 101g, 11 techs, researching The Wheel (2/52)
    Berlin: size=2, prod=Settlers (24sh), bldgs=Palace
    Units: 2x Warriors, 1x Horsemen, 1x Settlers
  [Civ 4] Egyptians (despotism): 1 cities, 2 units, 0g, 8 techs, researching The Wheel (2/28)
    Thebes: size=1, prod=Wonder41 (90sh), bldgs=Palace
    Units: 1x Warriors, 1x Horsemen
  [Civ 1] Romans turn: 3 actions — ADJUST_ATTITUDE(1), MOVE_UNIT(1), UNIT_ORDER(1)
    ADJUST_ATTITUDE target=civ4

══════════════════════════════════════════════════════════════════════
  TURN 40 — 3220 B.C. (8ms)
══════════════════════════════════════════════════════════════════════
  [Civ 1] Romans (despotism): 1 cities, 2 units, 65g, 7 techs, researching Masonry (15/33)
    Rome: size=3, prod=Wonder40 (100sh), bldgs=Palace
    Units: 2x Warriors
  [Civ 2] Babylonians (despotism): 2 cities, 6 units, 36g, 10 techs, researching Code of Laws (8/24)
    Babylon: size=2, prod=Settlers (30sh), bldgs=Palace
    Sumer: size=1, prod=Archers (17sh)
    Units: 2x Warriors, 1x Archers, 2x Horsemen, 1x Trireme
  [Civ 3] Germans (despotism): 1 cities, 4 units, 103g, 11 techs, researching The Wheel (4/52)
    Berlin: size=2, prod=Settlers (26sh), bldgs=Palace
    Units: 2x Warriors, 1x Horsemen, 1x Settlers
  [Civ 4] Egyptians (despotism): 1 cities, 2 units, 0g, 8 techs, researching The Wheel (3/28)
    Thebes: size=1, prod=Wonder41 (93sh), bldgs=Palace
    Units: 1x Warriors, 1x Horsemen
  [Civ 1] Romans turn: 3 actions — ADJUST_ATTITUDE(1), MOVE_UNIT(1), UNIT_ORDER(1)
    ADJUST_ATTITUDE target=civ4
    ADJUST_ATTITUDE target=civ1

══════════════════════════════════════════════════════════════════════
  TURN 41 — 3200 B.C. (9ms)
══════════════════════════════════════════════════════════════════════
  [Civ 1] Romans (despotism): 1 cities, 2 units, 67g, 7 techs, researching Masonry (18/33)
    Rome: size=3, prod=Wonder40 (103sh), bldgs=Palace
    Units: 2x Warriors
  [Civ 2] Babylonians (despotism): 2 cities, 6 units, 37g, 10 techs, researching Code of Laws (12/24)
    Babylon: size=2, prod=Settlers (33sh), bldgs=Palace
    Sumer: size=1, prod=Archers (19sh)
    Units: 2x Warriors, 1x Archers, 2x Horsemen, 1x Trireme
  [Civ 3] Germans (despotism): 1 cities, 4 units, 105g, 11 techs, researching The Wheel (6/52)
    Berlin: size=2, prod=Settlers (28sh), bldgs=Palace
    Units: 2x Warriors, 1x Horsemen, 1x Settlers
  [Civ 4] Egyptians (despotism): 1 cities, 2 units, 0g, 8 techs, researching The Wheel (4/28)
    Thebes: size=1, prod=Wonder41 (96sh), bldgs=Palace
    Units: 1x Warriors, 1x Horsemen
  [Civ 1] Romans turn: 3 actions — ADJUST_ATTITUDE(1), MOVE_UNIT(1), UNIT_ORDER(1)
    ADJUST_ATTITUDE target=civ4
    COMBAT: Archers vs Horsemen → atkWin (atkHp=undefined, defHp=undefined)
    RUSH_BUY city=2
    ADJUST_ATTITUDE target=civ2

══════════════════════════════════════════════════════════════════════
  TURN 42 — 3180 B.C. (7ms)
══════════════════════════════════════════════════════════════════════
  [Civ 1] Romans (despotism): 1 cities, 2 units, 69g, 7 techs, researching Masonry (21/33)
    Rome: size=3, prod=Wonder40 (106sh), bldgs=Palace
    Units: 2x Warriors
  [Civ 2] Babylonians (despotism): 2 cities, 6 units, 38g, 10 techs, researching Code of Laws (16/24)
    Babylon: size=2, prod=Settlers (36sh), bldgs=Palace
    Sumer: size=1, prod=Archers (21sh)
    Units: 2x Warriors, 1x Archers, 2x Horsemen, 1x Trireme
  [Civ 3] Germans (despotism): 1 cities, 4 units, 82g, 11 techs, researching The Wheel (8/52)
    Berlin: size=2, prod=Settlers (40sh), bldgs=Palace
    Units: 2x Warriors, 1x Horsemen, 1x Settlers
  [Civ 4] Egyptians (despotism): 1 cities, 1 units, 0g, 8 techs, researching The Wheel (5/28)
    Thebes: size=1, prod=Wonder41 (100sh), bldgs=Palace
    Units: 1x Warriors
  [Civ 1] Romans turn: 3 actions — ADJUST_ATTITUDE(1), MOVE_UNIT(1), UNIT_ORDER(1)
    ADJUST_ATTITUDE target=civ4
    ADJUST_ATTITUDE target=civ4
    PROPOSE_TREATY treaty=peace target=civ4
    ADJUST_ATTITUDE target=civ4
    >>> Berlin built Settlers
    ADJUST_ATTITUDE target=civ2
    ADJUST_ATTITUDE target=civ2
    PROPOSE_TREATY treaty=ceasefire target=civ2
    ADJUST_ATTITUDE target=civ2
    1 actions REJECTED (of 5)

══════════════════════════════════════════════════════════════════════
  TURN 43 — 3160 B.C. (8ms)
══════════════════════════════════════════════════════════════════════
  [Civ 1] Romans (despotism): 1 cities, 2 units, 71g, 7 techs, researching Masonry (24/33)
    Rome: size=3, prod=Wonder40 (109sh), bldgs=Palace
    Units: 2x Warriors
  [Civ 2] Babylonians (despotism): 2 cities, 6 units, 39g, 10 techs, researching Code of Laws (20/24)
    Babylon: size=2, prod=Settlers (39sh), bldgs=Palace
    Sumer: size=1, prod=Archers (23sh)
    Units: 2x Warriors, 1x Archers, 2x Horsemen, 1x Trireme
  [Civ 3] Germans (despotism): 1 cities, 4 units, 83g, 11 techs, researching The Wheel (10/52)
    Berlin: size=1, prod=Settlers (12sh), bldgs=Palace
    Units: 2x Warriors, 2x Settlers
  [Civ 4] Egyptians (despotism): 1 cities, 1 units, 0g, 8 techs, researching The Wheel (6/28)
    Thebes: size=1, prod=Wonder41 (104sh), bldgs=Palace
    Units: 1x Warriors
  [Civ 1] Romans turn: 3 actions — ADJUST_ATTITUDE(1), MOVE_UNIT(1), UNIT_ORDER(1)
    ADJUST_ATTITUDE target=civ4
    >>> Babylon built Settlers
    ADJUST_ATTITUDE target=civ2

══════════════════════════════════════════════════════════════════════
  TURN 44 — 3140 B.C. (15ms)
══════════════════════════════════════════════════════════════════════
  [Civ 1] Romans (despotism): 1 cities, 2 units, 73g, 7 techs, researching Masonry (27/33)
    Rome: size=3, prod=Wonder40 (112sh), bldgs=Palace
    Units: 2x Warriors
  [Civ 2] Babylonians (despotism): 2 cities, 7 units, 40g, 10 techs, researching Code of Laws (23/24)
    Babylon: size=1, prod=Settlers (2sh), bldgs=Palace
    Sumer: size=1, prod=Archers (25sh)
    Units: 2x Warriors, 1x Archers, 2x Horsemen, 1x Trireme, 1x Settlers
  [Civ 3] Germans (despotism): 1 cities, 4 units, 84g, 11 techs, researching The Wheel (12/52)
    Berlin: size=1, prod=Settlers (12sh), bldgs=Palace
    Units: 2x Warriors, 2x Settlers
  [Civ 4] Egyptians (despotism): 1 cities, 1 units, 0g, 8 techs, researching The Wheel (7/28)
    Thebes: size=1, prod=Wonder41 (108sh), bldgs=Palace
    Units: 1x Warriors
  [Civ 1] Romans turn: 3 actions — ADJUST_ATTITUDE(1), MOVE_UNIT(1), UNIT_ORDER(1)
    ADJUST_ATTITUDE target=civ4
    >>> Babylonians discovered: Code of Laws
    >>> Babylon grew to size 2
    SET_RESEARCH tech=Literacy
    ADJUST_ATTITUDE target=civ4
    ADJUST_ATTITUDE target=civ2
    >>> Rome grew to size 4

══════════════════════════════════════════════════════════════════════
  TURN 45 — 3120 B.C. (18ms)
══════════════════════════════════════════════════════════════════════
  [Civ 1] Romans (despotism): 1 cities, 2 units, 75g, 7 techs, researching Masonry (31/33)
    Rome: size=4, prod=Wonder40 (115sh), bldgs=Palace
    Units: 2x Warriors
  [Civ 2] Babylonians (despotism): 2 cities, 7 units, 40g, 11 techs, researching Literacy (0/52)
    Babylon: size=2, prod=Settlers (2sh), bldgs=Palace
    Sumer: size=1, prod=Archers (27sh)
    Units: 2x Warriors, 1x Archers, 2x Horsemen, 1x Trireme, 1x Settlers
  [Civ 3] Germans (despotism): 1 cities, 4 units, 85g, 11 techs, researching The Wheel (14/52)
    Berlin: size=1, prod=Settlers (12sh), bldgs=Palace
    Units: 2x Warriors, 2x Settlers
  [Civ 4] Egyptians (despotism): 1 cities, 1 units, 0g, 8 techs, researching The Wheel (8/28)
    Thebes: size=1, prod=Wonder41 (112sh), bldgs=Palace
    Units: 1x Warriors
  [Civ 1] Romans turn: 3 actions — ADJUST_ATTITUDE(1), MOVE_UNIT(1), UNIT_ORDER(1)
    ADJUST_ATTITUDE target=civ4
    ADJUST_ATTITUDE target=civ4
    ADJUST_ATTITUDE target=civ2
    >>> Romans discovered: Masonry

══════════════════════════════════════════════════════════════════════
  TURN 46 — 3100 B.C. (10ms)
══════════════════════════════════════════════════════════════════════
  [Civ 1] Romans (despotism): 1 cities, 2 units, 75g, 9 techs, researching none (0/21)
    Rome: size=4, prod=Wonder40 (118sh), bldgs=Palace
    Units: 2x Warriors
  [Civ 2] Babylonians (despotism): 2 cities, 7 units, 41g, 11 techs, researching Literacy (3/26)
    Babylon: size=2, prod=Settlers (4sh), bldgs=Palace
    Sumer: size=1, prod=Archers (29sh)
    Units: 2x Warriors, 1x Archers, 2x Horsemen, 1x Trireme, 1x Settlers
  [Civ 3] Germans (despotism): 1 cities, 4 units, 86g, 12 techs, researching The Wheel (16/57)
    Berlin: size=1, prod=Settlers (12sh), bldgs=Palace
    Units: 2x Warriors, 2x Settlers
  [Civ 4] Egyptians (despotism): 1 cities, 1 units, 0g, 8 techs, researching The Wheel (9/28)
    Thebes: size=1, prod=Wonder41 (116sh), bldgs=Palace
    Units: 1x Warriors
  [Civ 1] Romans turn: 4 actions — SET_RESEARCH(1), ADJUST_ATTITUDE(1), MOVE_UNIT(1), UNIT_ORDER(1)
    SET_RESEARCH tech=The Wheel
    ADJUST_ATTITUDE target=civ4
    >>> Sumer built Archers
    ADJUST_ATTITUDE target=civ4
    CHANGE_PRODUCTION city=4
    ADJUST_ATTITUDE target=civ2

══════════════════════════════════════════════════════════════════════
  TURN 47 — 3080 B.C. (12ms)
══════════════════════════════════════════════════════════════════════
  [Civ 1] Romans (despotism): 1 cities, 2 units, 77g, 9 techs, researching The Wheel (4/21)
    Rome: size=4, prod=Wonder40 (121sh), bldgs=Palace
    Units: 2x Warriors
  [Civ 2] Babylonians (despotism): 2 cities, 8 units, 42g, 11 techs, researching Literacy (6/26)
    Babylon: size=2, prod=Settlers (6sh), bldgs=Palace
    Sumer: size=1, prod=Legion (0sh)
    Units: 2x Warriors, 2x Archers, 2x Horsemen, 1x Trireme, 1x Settlers
  [Civ 3] Germans (despotism): 1 cities, 4 units, 87g, 12 techs, researching The Wheel (18/57)
    Berlin: size=1, prod=Settlers (12sh), bldgs=Palace
    Units: 2x Warriors, 2x Settlers
  [Civ 4] Egyptians (despotism): 1 cities, 1 units, 0g, 8 techs, researching The Wheel (10/28)
    Thebes: size=1, prod=Wonder41 (120sh), bldgs=Palace
    Units: 1x Warriors
  [Civ 1] Romans turn: 3 actions — ADJUST_ATTITUDE(1), MOVE_UNIT(1), UNIT_ORDER(1)
    ADJUST_ATTITUDE target=civ4
    ADJUST_ATTITUDE target=civ4
    ADJUST_ATTITUDE target=civ2

══════════════════════════════════════════════════════════════════════
  TURN 48 — 3060 B.C. (10ms)
══════════════════════════════════════════════════════════════════════
  [Civ 1] Romans (despotism): 1 cities, 2 units, 79g, 9 techs, researching The Wheel (8/21)
    Rome: size=4, prod=Wonder40 (124sh), bldgs=Palace
    Units: 2x Warriors
  [Civ 2] Babylonians (despotism): 2 cities, 8 units, 43g, 12 techs, researching Literacy (9/57)
    Babylon: size=2, prod=Settlers (8sh), bldgs=Palace
    Sumer: size=1, prod=Legion (2sh)
    Units: 2x Warriors, 2x Archers, 2x Horsemen, 1x Trireme, 1x Settlers
  [Civ 3] Germans (despotism): 1 cities, 4 units, 88g, 12 techs, researching The Wheel (20/57)
    Berlin: size=1, prod=Settlers (12sh), bldgs=Palace
    Units: 2x Warriors, 2x Settlers
  [Civ 4] Egyptians (despotism): 1 cities, 1 units, 0g, 9 techs, researching The Wheel (11/21)
    Thebes: size=1, prod=Wonder41 (124sh), bldgs=Palace
    Units: 1x Warriors
  [Civ 1] Romans turn: 3 actions — ADJUST_ATTITUDE(1), MOVE_UNIT(1), UNIT_ORDER(1)
    ADJUST_ATTITUDE target=civ4
    ADJUST_ATTITUDE target=civ4
    ADJUST_ATTITUDE target=civ2

══════════════════════════════════════════════════════════════════════
  TURN 49 — 3040 B.C. (12ms)
══════════════════════════════════════════════════════════════════════
  [Civ 1] Romans (despotism): 1 cities, 2 units, 81g, 9 techs, researching The Wheel (12/21)
    Rome: size=4, prod=Wonder40 (127sh), bldgs=Palace
    Units: 2x Warriors
  [Civ 2] Babylonians (despotism): 2 cities, 8 units, 44g, 12 techs, researching Literacy (12/57)
    Babylon: size=2, prod=Settlers (10sh), bldgs=Palace
    Sumer: size=1, prod=Legion (4sh)
    Units: 2x Warriors, 2x Archers, 2x Horsemen, 1x Trireme, 1x Settlers
  [Civ 3] Germans (despotism): 1 cities, 4 units, 89g, 12 techs, researching The Wheel (22/57)
    Berlin: size=1, prod=Settlers (12sh), bldgs=Palace
    Units: 2x Warriors, 2x Settlers
  [Civ 4] Egyptians (despotism): 1 cities, 1 units, 0g, 9 techs, researching The Wheel (12/21)
    Thebes: size=1, prod=Wonder41 (128sh), bldgs=Palace
    Units: 1x Warriors
  [Civ 1] Romans turn: 3 actions — ADJUST_ATTITUDE(1), MOVE_UNIT(1), UNIT_ORDER(1)
    ADJUST_ATTITUDE target=civ4
    ADJUST_ATTITUDE target=civ4
    COMBAT: Archers vs Warriors → atkWin (atkHp=undefined, defHp=undefined)
    ADJUST_ATTITUDE target=civ2

══════════════════════════════════════════════════════════════════════
  FINAL SUMMARY
══════════════════════════════════════════════════════════════════════
Game ended at turn 50 (3020 B.C.)

── Civ 1: Romans (despotism) ALIVE ──
  Cities: 1 (peak 1, founded 1)
  Units:  1 (peak 2)
  Treasury: 83g
  Techs discovered: 3 — Warrior Code, Iron Working, Masonry
  Actions: 137 total, 0 idle turns
  Breakdown: UNIT_ORDER(55), MOVE_UNIT(50), ADJUST_ATTITUDE(23), SET_RESEARCH(5), CHANGE_RATES(1), BUILD_CITY(1), CHANGE_PRODUCTION(1), RESPOND_TREATY(1)
  Army: 1x Warriors
  Rome: size=4, shields=130

── Civ 2: Babylonians (despotism) ALIVE ──
  Cities: 2 (peak 2, founded 2)
  Units:  8 (peak 8)
  Treasury: 45g
  Techs discovered: 4 — Ceremonial Burial, Writing, Iron Working, Code of Laws
  Actions: 329 total, 0 idle turns
  Breakdown: UNIT_ORDER(163), MOVE_UNIT(139), ADJUST_ATTITUDE(12), CHANGE_PRODUCTION(6), SET_RESEARCH(5), BUILD_CITY(2), CHANGE_RATES(1), PROPOSE_TREATY(1)
  Army: 2x Warriors, 2x Archers, 2x Horsemen, 1x Trireme, 1x Settlers
  Babylon: size=2, shields=12
  Sumer: size=1, shields=6

── Civ 3: Germans (despotism) ALIVE ──
  Cities: 1 (peak 1, founded 1)
  Units:  4 (peak 4)
  Treasury: 90g
  Techs discovered: 3 — Map Making, Currency, Construction
  Actions: 172 total, 0 idle turns
  Breakdown: UNIT_ORDER(81), MOVE_UNIT(79), SET_RESEARCH(4), ADJUST_ATTITUDE(3), CHANGE_PRODUCTION(2), CHANGE_RATES(1), BUILD_CITY(1), RUSH_BUY(1)
  Army: 2x Warriors, 2x Settlers
  Berlin: size=1, shields=12

── Civ 4: Egyptians (despotism) ALIVE ──
  Cities: 1 (peak 1, founded 1)
  Units:  1 (peak 3)
  Treasury: 0g
  Techs discovered: 1 — Code of Laws
  Actions: 164 total, 0 idle turns
  Breakdown: UNIT_ORDER(69), MOVE_UNIT(65), ADJUST_ATTITUDE(20), SET_RESEARCH(3), CHANGE_PRODUCTION(2), PROPOSE_TREATY(2), CHANGE_RATES(1), BUILD_CITY(1), RESPOND_TREATY(1)
  Army: 1x Warriors
  Thebes: size=1, shields=132


══════════════════════════════════════════════════════════════════════
  AI BEHAVIOR ANALYSIS
══════════════════════════════════════════════════════════════════════
[Civ 1] Romans:
  WARNING: Only 1 city after 30+ turns

[Civ 2] Babylonians:
  WARNING: 1 units stuck (busy orders outside city)

[Civ 3] Germans:
  WARNING: Only 1 city after 30+ turns
  WARNING: 2 units stuck (busy orders outside city)

[Civ 4] Egyptians:
  WARNING: Only 1 city after 30+ turns

