Charlization AI Headless Simulation
Date: 2026-03-19T00:54:28.950Z
Settings: 50 turns, 4 AI players, 50x80 map, difficulty=prince
Map seed: 44220
Map generated in 74ms
Game initialized: 4 civs, 8 starting units
  Civ 1 (Romans): starts at (25,9) on Grassland
  Civ 2 (Babylonians): starts at (25,71) on Grassland
  Civ 3 (Germans): starts at (18,40) on Grassland
  Civ 4 (Egyptians): starts at (44,34) on Plains
    SET_RESEARCH tech=Bronze Working
    CHANGE_RATES sci=6 tax=4 lux=undefined
    BUILD_CITY unit=0 name="Rome"
    1 actions REJECTED (of 6)
    SET_RESEARCH tech=Alphabet
    CHANGE_RATES sci=6 tax=4 lux=undefined
    BUILD_CITY unit=2 name="Babylon"
    1 actions REJECTED (of 6)
    SET_RESEARCH tech=Pottery
    CHANGE_RATES sci=6 tax=4 lux=undefined
    BUILD_CITY unit=4 name="Berlin"
    1 actions REJECTED (of 6)
    SET_RESEARCH tech=Map Making
    CHANGE_RATES sci=6 tax=4 lux=undefined
    BUILD_CITY unit=6 name="Thebes"
    1 actions REJECTED (of 6)

══════════════════════════════════════════════════════════════════════
  TURN 1 — 4000 B.C. (56ms)
══════════════════════════════════════════════════════════════════════
  [Civ 1] Romans (despotism): 1 cities, 1 units, 1g, 3 techs, researching Bronze Working (3/28)
    Rome: size=1, prod=Warriors (2sh), bldgs=Palace
    Units: 1x Warriors
  [Civ 2] Babylonians (despotism): 1 cities, 1 units, 0g, 3 techs, researching Alphabet (0/28)
    Babylon: size=1, prod=Warriors (0sh), bldgs=Palace
    Units: 1x Warriors
  [Civ 3] Germans (despotism): 1 cities, 1 units, 0g, 3 techs, researching Pottery (0/28)
    Berlin: size=1, prod=Warriors (0sh), bldgs=Palace
    Units: 1x Warriors
  [Civ 4] Egyptians (despotism): 1 cities, 1 units, 0g, 3 techs, researching Map Making (0/28)
    Thebes: size=1, prod=Warriors (0sh), bldgs=Palace
    Units: 1x Warriors
  [Civ 1] Romans turn: 2 actions — MOVE_UNIT(1), UNIT_ORDER(1)
    SET_RESEARCH tech=Code of Laws

══════════════════════════════════════════════════════════════════════
  TURN 2 — 3980 B.C. (17ms)
══════════════════════════════════════════════════════════════════════
  [Civ 1] Romans (despotism): 1 cities, 1 units, 2g, 4 techs, researching Bronze Working (6/33)
    Rome: size=1, prod=Warriors (4sh), bldgs=Palace
    Units: 1x Warriors
  [Civ 2] Babylonians (despotism): 1 cities, 1 units, 1g, 4 techs, researching Code of Laws (3/33)
    Babylon: size=1, prod=Warriors (2sh), bldgs=Palace
    Units: 1x Warriors
  [Civ 3] Germans (despotism): 1 cities, 1 units, 1g, 5 techs, researching Pottery (3/36)
    Berlin: size=1, prod=Warriors (2sh), bldgs=Palace
    Units: 1x Warriors
  [Civ 4] Egyptians (despotism): 1 cities, 1 units, 1g, 5 techs, researching Map Making (3/36)
    Thebes: size=1, prod=Warriors (3sh), bldgs=Palace
    Units: 1x Warriors
  [Civ 1] Romans turn: 2 actions — MOVE_UNIT(1), UNIT_ORDER(1)

══════════════════════════════════════════════════════════════════════
  TURN 3 — 3960 B.C. (8ms)
══════════════════════════════════════════════════════════════════════
  [Civ 1] Romans (despotism): 1 cities, 1 units, 3g, 4 techs, researching Bronze Working (9/33)
    Rome: size=1, prod=Warriors (6sh), bldgs=Palace
    Units: 1x Warriors
  [Civ 2] Babylonians (despotism): 1 cities, 1 units, 2g, 4 techs, researching Code of Laws (6/33)
    Babylon: size=1, prod=Warriors (4sh), bldgs=Palace
    Units: 1x Warriors
  [Civ 3] Germans (despotism): 1 cities, 1 units, 2g, 5 techs, researching Pottery (6/36)
    Berlin: size=1, prod=Warriors (4sh), bldgs=Palace
    Units: 1x Warriors
  [Civ 4] Egyptians (despotism): 1 cities, 1 units, 2g, 5 techs, researching Map Making (6/36)
    Thebes: size=1, prod=Warriors (6sh), bldgs=Palace
    Units: 1x Warriors
  [Civ 1] Romans turn: 2 actions — MOVE_UNIT(1), UNIT_ORDER(1)

══════════════════════════════════════════════════════════════════════
  TURN 4 — 3940 B.C. (8ms)
══════════════════════════════════════════════════════════════════════
  [Civ 1] Romans (despotism): 1 cities, 1 units, 4g, 4 techs, researching Bronze Working (12/33)
    Rome: size=1, prod=Warriors (8sh), bldgs=Palace
    Units: 1x Warriors
  [Civ 2] Babylonians (despotism): 1 cities, 1 units, 32g, 4 techs, researching Code of Laws (9/33)
    Babylon: size=1, prod=Warriors (6sh), bldgs=Palace
    Units: 1x Warriors
  [Civ 3] Germans (despotism): 1 cities, 1 units, 3g, 5 techs, researching Pottery (9/36)
    Berlin: size=1, prod=Warriors (6sh), bldgs=Palace
    Units: 1x Warriors
  [Civ 4] Egyptians (despotism): 1 cities, 1 units, 3g, 5 techs, researching Map Making (9/36)
    Thebes: size=1, prod=Warriors (9sh), bldgs=Palace
    Units: 1x Warriors
  [Civ 1] Romans turn: 2 actions — MOVE_UNIT(1), UNIT_ORDER(1)
    >>> Thebes built Warriors
    CHANGE_PRODUCTION city=3
    >>> Rome built Warriors

══════════════════════════════════════════════════════════════════════
  TURN 5 — 3920 B.C. (6ms)
══════════════════════════════════════════════════════════════════════
  [Civ 1] Romans (despotism): 1 cities, 2 units, 5g, 4 techs, researching Bronze Working (15/33)
    Rome: size=1, prod=Warriors (0sh), bldgs=Palace
    Units: 2x Warriors
  [Civ 2] Babylonians (despotism): 1 cities, 1 units, 33g, 4 techs, researching Code of Laws (12/33)
    Babylon: size=1, prod=Warriors (8sh), bldgs=Palace
    Units: 1x Warriors
  [Civ 3] Germans (despotism): 1 cities, 1 units, 4g, 5 techs, researching Pottery (12/36)
    Berlin: size=1, prod=Warriors (8sh), bldgs=Palace
    Units: 1x Warriors
  [Civ 4] Egyptians (despotism): 1 cities, 2 units, 4g, 5 techs, researching Map Making (12/36)
    Thebes: size=1, prod=Wonder39 (0sh), bldgs=Palace
    Units: 2x Warriors
  [Civ 1] Romans turn: 3 actions — CHANGE_PRODUCTION(1), MOVE_UNIT(1), UNIT_ORDER(1)
    CHANGE_PRODUCTION city=0
    >>> Babylon built Warriors
    CHANGE_PRODUCTION city=1
    >>> Berlin built Warriors
    CHANGE_PRODUCTION city=2
    CHANGE_PRODUCTION city=3

══════════════════════════════════════════════════════════════════════
  TURN 6 — 3900 B.C. (9ms)
══════════════════════════════════════════════════════════════════════
  [Civ 1] Romans (despotism): 1 cities, 2 units, 6g, 4 techs, researching Bronze Working (18/33)
    Rome: size=1, prod=Wonder39 (2sh), bldgs=Palace
    Units: 2x Warriors
  [Civ 2] Babylonians (despotism): 1 cities, 2 units, 34g, 4 techs, researching Code of Laws (15/33)
    Babylon: size=1, prod=Horsemen (0sh), bldgs=Palace
    Units: 2x Warriors
  [Civ 3] Germans (despotism): 1 cities, 2 units, 5g, 5 techs, researching Pottery (15/36)
    Berlin: size=1, prod=Wonder45 (0sh), bldgs=Palace
    Units: 2x Warriors
  [Civ 4] Egyptians (despotism): 1 cities, 2 units, 5g, 5 techs, researching Map Making (15/36)
    Thebes: size=1, prod=Horsemen (0sh), bldgs=Palace
    Units: 2x Warriors
  [Civ 1] Romans turn: 4 actions — MOVE_UNIT(1), UNIT_ORDER(3)

══════════════════════════════════════════════════════════════════════
  TURN 7 — 3880 B.C. (7ms)
══════════════════════════════════════════════════════════════════════
  [Civ 1] Romans (despotism): 1 cities, 2 units, 7g, 4 techs, researching Bronze Working (21/33)
    Rome: size=1, prod=Wonder39 (4sh), bldgs=Palace
    Units: 2x Warriors
  [Civ 2] Babylonians (despotism): 1 cities, 2 units, 35g, 4 techs, researching Code of Laws (18/33)
    Babylon: size=1, prod=Horsemen (2sh), bldgs=Palace
    Units: 2x Warriors
  [Civ 3] Germans (despotism): 1 cities, 2 units, 6g, 5 techs, researching Pottery (18/36)
    Berlin: size=1, prod=Wonder45 (2sh), bldgs=Palace
    Units: 2x Warriors
  [Civ 4] Egyptians (despotism): 1 cities, 2 units, 6g, 5 techs, researching Map Making (18/36)
    Thebes: size=1, prod=Horsemen (3sh), bldgs=Palace
    Units: 2x Warriors
  [Civ 1] Romans turn: 2 actions — MOVE_UNIT(1), UNIT_ORDER(1)

══════════════════════════════════════════════════════════════════════
  TURN 8 — 3860 B.C. (7ms)
══════════════════════════════════════════════════════════════════════
  [Civ 1] Romans (despotism): 1 cities, 2 units, 8g, 4 techs, researching Bronze Working (24/33)
    Rome: size=1, prod=Wonder39 (6sh), bldgs=Palace
    Units: 2x Warriors
  [Civ 2] Babylonians (despotism): 1 cities, 2 units, 36g, 4 techs, researching Code of Laws (21/33)
    Babylon: size=1, prod=Horsemen (4sh), bldgs=Palace
    Units: 2x Warriors
  [Civ 3] Germans (despotism): 1 cities, 2 units, 7g, 5 techs, researching Pottery (21/36)
    Berlin: size=1, prod=Wonder45 (4sh), bldgs=Palace
    Units: 2x Warriors
  [Civ 4] Egyptians (despotism): 1 cities, 2 units, 7g, 5 techs, researching Map Making (21/36)
    Thebes: size=1, prod=Horsemen (6sh), bldgs=Palace
    Units: 2x Warriors
  [Civ 1] Romans turn: 2 actions — MOVE_UNIT(1), UNIT_ORDER(1)

══════════════════════════════════════════════════════════════════════
  TURN 9 — 3840 B.C. (7ms)
══════════════════════════════════════════════════════════════════════
  [Civ 1] Romans (despotism): 1 cities, 2 units, 9g, 4 techs, researching Bronze Working (27/33)
    Rome: size=1, prod=Wonder39 (8sh), bldgs=Palace
    Units: 2x Warriors
  [Civ 2] Babylonians (despotism): 1 cities, 2 units, 37g, 4 techs, researching Code of Laws (24/33)
    Babylon: size=1, prod=Horsemen (6sh), bldgs=Palace
    Units: 2x Warriors
  [Civ 3] Germans (despotism): 1 cities, 2 units, 8g, 5 techs, researching Pottery (24/36)
    Berlin: size=1, prod=Wonder45 (6sh), bldgs=Palace
    Units: 2x Warriors
  [Civ 4] Egyptians (despotism): 1 cities, 2 units, 8g, 5 techs, researching Map Making (24/36)
    Thebes: size=1, prod=Horsemen (9sh), bldgs=Palace
    Units: 2x Warriors
  [Civ 1] Romans turn: 2 actions — MOVE_UNIT(1), UNIT_ORDER(1)
    >>> Rome grew to size 2

══════════════════════════════════════════════════════════════════════
  TURN 10 — 3820 B.C. (8ms)
══════════════════════════════════════════════════════════════════════
  [Civ 1] Romans (despotism): 1 cities, 2 units, 11g, 4 techs, researching Bronze Working (30/33)
    Rome: size=2, prod=Wonder39 (10sh), bldgs=Palace
    Units: 2x Warriors
  [Civ 2] Babylonians (despotism): 1 cities, 2 units, 38g, 4 techs, researching Code of Laws (27/33)
    Babylon: size=1, prod=Horsemen (8sh), bldgs=Palace
    Units: 2x Warriors
  [Civ 3] Germans (despotism): 1 cities, 2 units, 9g, 5 techs, researching Pottery (27/36)
    Berlin: size=1, prod=Wonder45 (8sh), bldgs=Palace
    Units: 2x Warriors
  [Civ 4] Egyptians (despotism): 1 cities, 2 units, 9g, 5 techs, researching Map Making (27/36)
    Thebes: size=1, prod=Horsemen (12sh), bldgs=Palace
    Units: 2x Warriors
  [Civ 1] Romans turn: 2 actions — MOVE_UNIT(1), UNIT_ORDER(1)
    >>> Babylon grew to size 2
    >>> Berlin grew to size 2
    >>> Romans discovered: Bronze Working

══════════════════════════════════════════════════════════════════════
  TURN 11 — 3800 B.C. (8ms)
══════════════════════════════════════════════════════════════════════
  [Civ 1] Romans (despotism): 1 cities, 2 units, 11g, 5 techs, researching none (0/36)
    Rome: size=2, prod=Wonder39 (13sh), bldgs=Palace
    Units: 2x Warriors
  [Civ 2] Babylonians (despotism): 1 cities, 2 units, 40g, 4 techs, researching Code of Laws (30/33)
    Babylon: size=2, prod=Horsemen (10sh), bldgs=Palace
    Units: 2x Warriors
  [Civ 3] Germans (despotism): 1 cities, 2 units, 11g, 5 techs, researching Pottery (30/36)
    Berlin: size=2, prod=Wonder45 (10sh), bldgs=Palace
    Units: 2x Warriors
  [Civ 4] Egyptians (despotism): 1 cities, 2 units, 10g, 5 techs, researching Map Making (30/36)
    Thebes: size=1, prod=Horsemen (15sh), bldgs=Palace
    Units: 2x Warriors
  [Civ 1] Romans turn: 3 actions — SET_RESEARCH(1), MOVE_UNIT(1), UNIT_ORDER(1)
    SET_RESEARCH tech=Map Making
    >>> Babylonians discovered: Code of Laws
    SET_RESEARCH tech=Map Making

══════════════════════════════════════════════════════════════════════
  TURN 12 — 3780 B.C. (8ms)
══════════════════════════════════════════════════════════════════════
  [Civ 1] Romans (despotism): 1 cities, 2 units, 13g, 5 techs, researching Map Making (3/36)
    Rome: size=2, prod=Wonder39 (16sh), bldgs=Palace
    Units: 2x Warriors
  [Civ 2] Babylonians (despotism): 1 cities, 2 units, 40g, 5 techs, researching Map Making (0/36)
    Babylon: size=2, prod=Horsemen (13sh), bldgs=Palace
    Units: 2x Warriors
  [Civ 3] Germans (despotism): 1 cities, 2 units, 13g, 5 techs, researching Pottery (33/36)
    Berlin: size=2, prod=Wonder45 (13sh), bldgs=Palace
    Units: 2x Warriors
  [Civ 4] Egyptians (despotism): 1 cities, 2 units, 11g, 5 techs, researching Map Making (33/36)
    Thebes: size=1, prod=Horsemen (18sh), bldgs=Palace
    Units: 2x Warriors
  [Civ 1] Romans turn: 2 actions — MOVE_UNIT(1), UNIT_ORDER(1)
    >>> Germans discovered: Pottery
    SET_RESEARCH tech=Map Making
    >>> Egyptians discovered: Map Making
    >>> Thebes built Horsemen
    SET_RESEARCH tech=Seafaring
    CHANGE_PRODUCTION city=3

══════════════════════════════════════════════════════════════════════
  TURN 13 — 3760 B.C. (6ms)
══════════════════════════════════════════════════════════════════════
  [Civ 1] Romans (despotism): 1 cities, 2 units, 15g, 5 techs, researching Map Making (6/36)
    Rome: size=2, prod=Wonder39 (19sh), bldgs=Palace
    Units: 2x Warriors
  [Civ 2] Babylonians (despotism): 1 cities, 2 units, 42g, 5 techs, researching Map Making (3/36)
    Babylon: size=2, prod=Horsemen (16sh), bldgs=Palace
    Units: 2x Warriors
  [Civ 3] Germans (despotism): 1 cities, 2 units, 13g, 6 techs, researching Map Making (0/36)
    Berlin: size=2, prod=Wonder45 (16sh), bldgs=Palace
    Units: 2x Warriors
  [Civ 4] Egyptians (despotism): 1 cities, 3 units, 11g, 6 techs, researching Seafaring (0/36)
    Thebes: size=1, prod=Wonder40 (0sh), bldgs=Palace
    Units: 2x Warriors, 1x Horsemen
  [Civ 1] Romans turn: 2 actions — MOVE_UNIT(1), UNIT_ORDER(1)

══════════════════════════════════════════════════════════════════════
  TURN 14 — 3740 B.C. (7ms)
══════════════════════════════════════════════════════════════════════
  [Civ 1] Romans (despotism): 1 cities, 2 units, 17g, 6 techs, researching Map Making (9/36)
    Rome: size=2, prod=Wonder39 (22sh), bldgs=Palace
    Units: 2x Warriors
  [Civ 2] Babylonians (despotism): 1 cities, 2 units, 44g, 5 techs, researching Map Making (6/36)
    Babylon: size=2, prod=Horsemen (19sh), bldgs=Palace
    Units: 2x Warriors
  [Civ 3] Germans (despotism): 1 cities, 2 units, 15g, 6 techs, researching Map Making (3/36)
    Berlin: size=2, prod=Wonder45 (19sh), bldgs=Palace
    Units: 2x Warriors
  [Civ 4] Egyptians (despotism): 1 cities, 3 units, 12g, 6 techs, researching Seafaring (3/36)
    Thebes: size=1, prod=Wonder40 (2sh), bldgs=Palace
    Units: 2x Warriors, 1x Horsemen
  [Civ 1] Romans turn: 2 actions — MOVE_UNIT(1), UNIT_ORDER(1)
    >>> Babylon built Horsemen
    CHANGE_PRODUCTION city=1
    END_TURN REJECTED: 1 units still need orders
      #14 Chariot(Atk) @(32,68) mv=6 ord=none hp=full

══════════════════════════════════════════════════════════════════════
  TURN 15 — 3720 B.C. (13ms)
══════════════════════════════════════════════════════════════════════
  [Civ 1] Romans (despotism): 1 cities, 2 units, 19g, 6 techs, researching Map Making (12/36)
    Rome: size=2, prod=Wonder39 (25sh), bldgs=Palace
    Units: 2x Warriors
  [Civ 2] Babylonians (despotism): 1 cities, 4 units, 46g, 6 techs, researching Map Making (9/36)
    Babylon: size=2, prod=Settlers (1sh), bldgs=Palace
    Units: 2x Warriors, 1x Horsemen, 1x Chariot
  [Civ 3] Germans (despotism): 1 cities, 2 units, 17g, 6 techs, researching Map Making (6/36)
    Berlin: size=2, prod=Wonder45 (22sh), bldgs=Palace
    Units: 2x Warriors
  [Civ 4] Egyptians (despotism): 1 cities, 3 units, 13g, 6 techs, researching Seafaring (6/36)
    Thebes: size=1, prod=Wonder40 (4sh), bldgs=Palace
    Units: 2x Warriors, 1x Horsemen
  [Civ 1] Romans turn: 2 actions — MOVE_UNIT(1), UNIT_ORDER(1)

══════════════════════════════════════════════════════════════════════
  TURN 16 — 3700 B.C. (9ms)
══════════════════════════════════════════════════════════════════════
  [Civ 1] Romans (despotism): 1 cities, 2 units, 21g, 6 techs, researching Map Making (15/36)
    Rome: size=2, prod=Wonder39 (28sh), bldgs=Palace
    Units: 2x Warriors
  [Civ 2] Babylonians (despotism): 1 cities, 4 units, 48g, 6 techs, researching Map Making (12/36)
    Babylon: size=2, prod=Settlers (4sh), bldgs=Palace
    Units: 2x Warriors, 1x Horsemen, 1x Chariot
  [Civ 3] Germans (despotism): 1 cities, 2 units, 19g, 6 techs, researching Map Making (9/36)
    Berlin: size=2, prod=Wonder45 (25sh), bldgs=Palace
    Units: 2x Warriors
  [Civ 4] Egyptians (despotism): 1 cities, 3 units, 14g, 6 techs, researching Seafaring (9/36)
    Thebes: size=1, prod=Wonder40 (6sh), bldgs=Palace
    Units: 2x Warriors, 1x Horsemen
  [Civ 1] Romans turn: 2 actions — MOVE_UNIT(1), UNIT_ORDER(1)

══════════════════════════════════════════════════════════════════════
  TURN 17 — 3680 B.C. (6ms)
══════════════════════════════════════════════════════════════════════
  [Civ 1] Romans (despotism): 1 cities, 2 units, 23g, 6 techs, researching Map Making (18/36)
    Rome: size=2, prod=Wonder39 (31sh), bldgs=Palace
    Units: 2x Warriors
  [Civ 2] Babylonians (despotism): 1 cities, 4 units, 50g, 6 techs, researching Map Making (15/36)
    Babylon: size=2, prod=Settlers (7sh), bldgs=Palace
    Units: 2x Warriors, 1x Horsemen, 1x Chariot
  [Civ 3] Germans (despotism): 1 cities, 2 units, 21g, 6 techs, researching Map Making (12/36)
    Berlin: size=2, prod=Wonder45 (28sh), bldgs=Palace
    Units: 2x Warriors
  [Civ 4] Egyptians (despotism): 1 cities, 3 units, 15g, 6 techs, researching Seafaring (12/36)
    Thebes: size=1, prod=Wonder40 (8sh), bldgs=Palace
    Units: 2x Warriors, 1x Horsemen
  [Civ 1] Romans turn: 2 actions — MOVE_UNIT(1), UNIT_ORDER(1)

══════════════════════════════════════════════════════════════════════
  TURN 18 — 3660 B.C. (6ms)
══════════════════════════════════════════════════════════════════════
  [Civ 1] Romans (despotism): 1 cities, 2 units, 25g, 6 techs, researching Map Making (21/36)
    Rome: size=2, prod=Wonder39 (34sh), bldgs=Palace
    Units: 2x Warriors
  [Civ 2] Babylonians (despotism): 1 cities, 4 units, 52g, 6 techs, researching Map Making (18/36)
    Babylon: size=2, prod=Settlers (10sh), bldgs=Palace
    Units: 2x Warriors, 1x Horsemen, 1x Chariot
  [Civ 3] Germans (despotism): 1 cities, 2 units, 23g, 6 techs, researching Map Making (15/36)
    Berlin: size=2, prod=Wonder45 (31sh), bldgs=Palace
    Units: 2x Warriors
  [Civ 4] Egyptians (despotism): 1 cities, 3 units, 16g, 6 techs, researching Seafaring (15/36)
    Thebes: size=1, prod=Wonder40 (10sh), bldgs=Palace
    Units: 2x Warriors, 1x Horsemen
  [Civ 1] Romans turn: 2 actions — MOVE_UNIT(1), UNIT_ORDER(1)

══════════════════════════════════════════════════════════════════════
  TURN 19 — 3640 B.C. (7ms)
══════════════════════════════════════════════════════════════════════
  [Civ 1] Romans (despotism): 1 cities, 2 units, 27g, 6 techs, researching Map Making (24/36)
    Rome: size=2, prod=Wonder39 (37sh), bldgs=Palace
    Units: 2x Warriors
  [Civ 2] Babylonians (despotism): 1 cities, 4 units, 54g, 6 techs, researching Map Making (21/36)
    Babylon: size=2, prod=Settlers (13sh), bldgs=Palace
    Units: 2x Warriors, 1x Horsemen, 1x Chariot
  [Civ 3] Germans (despotism): 1 cities, 2 units, 25g, 6 techs, researching Map Making (18/36)
    Berlin: size=2, prod=Wonder45 (34sh), bldgs=Palace
    Units: 2x Warriors
  [Civ 4] Egyptians (despotism): 1 cities, 3 units, 17g, 6 techs, researching Seafaring (18/36)
    Thebes: size=1, prod=Wonder40 (12sh), bldgs=Palace
    Units: 2x Warriors, 1x Horsemen
  [Civ 1] Romans turn: 2 actions — MOVE_UNIT(1), UNIT_ORDER(1)

══════════════════════════════════════════════════════════════════════
  TURN 20 — 3620 B.C. (7ms)
══════════════════════════════════════════════════════════════════════
  [Civ 1] Romans (despotism): 1 cities, 2 units, 29g, 6 techs, researching Map Making (27/36)
    Rome: size=2, prod=Wonder39 (40sh), bldgs=Palace
    Units: 2x Warriors
  [Civ 2] Babylonians (despotism): 1 cities, 4 units, 56g, 6 techs, researching Map Making (24/36)
    Babylon: size=2, prod=Settlers (16sh), bldgs=Palace
    Units: 2x Warriors, 1x Horsemen, 1x Chariot
  [Civ 3] Germans (despotism): 1 cities, 2 units, 27g, 6 techs, researching Map Making (21/36)
    Berlin: size=2, prod=Wonder45 (37sh), bldgs=Palace
    Units: 2x Warriors
  [Civ 4] Egyptians (despotism): 1 cities, 3 units, 18g, 6 techs, researching Seafaring (21/36)
    Thebes: size=1, prod=Wonder40 (14sh), bldgs=Palace
    Units: 2x Warriors, 1x Horsemen
  [Civ 1] Romans turn: 2 actions — MOVE_UNIT(1), UNIT_ORDER(1)
    >>> Thebes grew to size 2

══════════════════════════════════════════════════════════════════════
  TURN 21 — 3600 B.C. (8ms)
══════════════════════════════════════════════════════════════════════
  [Civ 1] Romans (despotism): 1 cities, 2 units, 31g, 6 techs, researching Map Making (30/36)
    Rome: size=2, prod=Wonder39 (43sh), bldgs=Palace
    Units: 2x Warriors
  [Civ 2] Babylonians (despotism): 1 cities, 4 units, 58g, 6 techs, researching Map Making (27/36)
    Babylon: size=2, prod=Settlers (19sh), bldgs=Palace
    Units: 2x Warriors, 1x Horsemen, 1x Chariot
  [Civ 3] Germans (despotism): 1 cities, 2 units, 29g, 6 techs, researching Map Making (24/36)
    Berlin: size=2, prod=Wonder45 (40sh), bldgs=Palace
    Units: 2x Warriors
  [Civ 4] Egyptians (despotism): 1 cities, 3 units, 19g, 6 techs, researching Seafaring (25/36)
    Thebes: size=2, prod=Wonder40 (16sh), bldgs=Palace
    Units: 2x Warriors, 1x Horsemen
  [Civ 1] Romans turn: 2 actions — MOVE_UNIT(1), UNIT_ORDER(1)

══════════════════════════════════════════════════════════════════════
  TURN 22 — 3580 B.C. (7ms)
══════════════════════════════════════════════════════════════════════
  [Civ 1] Romans (despotism): 1 cities, 2 units, 33g, 6 techs, researching Map Making (33/36)
    Rome: size=2, prod=Wonder39 (46sh), bldgs=Palace
    Units: 2x Warriors
  [Civ 2] Babylonians (despotism): 1 cities, 4 units, 60g, 6 techs, researching Map Making (30/36)
    Babylon: size=2, prod=Settlers (22sh), bldgs=Palace
    Units: 2x Warriors, 1x Horsemen, 1x Chariot
  [Civ 3] Germans (despotism): 1 cities, 2 units, 31g, 6 techs, researching Map Making (27/36)
    Berlin: size=2, prod=Wonder45 (43sh), bldgs=Palace
    Units: 2x Warriors
  [Civ 4] Egyptians (despotism): 1 cities, 3 units, 20g, 6 techs, researching Seafaring (29/36)
    Thebes: size=2, prod=Wonder40 (21sh), bldgs=Palace
    Units: 2x Warriors, 1x Horsemen
  [Civ 1] Romans turn: 2 actions — MOVE_UNIT(1), UNIT_ORDER(1)
    >>> Romans discovered: Map Making

══════════════════════════════════════════════════════════════════════
  TURN 23 — 3560 B.C. (6ms)
══════════════════════════════════════════════════════════════════════
  [Civ 1] Romans (despotism): 1 cities, 2 units, 33g, 7 techs, researching none (0/33)
    Rome: size=2, prod=Wonder39 (49sh), bldgs=Palace
    Units: 2x Warriors
  [Civ 2] Babylonians (despotism): 1 cities, 4 units, 62g, 6 techs, researching Map Making (33/36)
    Babylon: size=2, prod=Settlers (25sh), bldgs=Palace
    Units: 2x Warriors, 1x Horsemen, 1x Chariot
  [Civ 3] Germans (despotism): 1 cities, 2 units, 33g, 6 techs, researching Map Making (30/36)
    Berlin: size=2, prod=Wonder45 (46sh), bldgs=Palace
    Units: 2x Warriors
  [Civ 4] Egyptians (despotism): 1 cities, 3 units, 21g, 6 techs, researching Seafaring (33/36)
    Thebes: size=2, prod=Wonder40 (26sh), bldgs=Palace
    Units: 2x Warriors, 1x Horsemen
  [Civ 1] Romans turn: 3 actions — SET_RESEARCH(1), MOVE_UNIT(1), UNIT_ORDER(1)
    SET_RESEARCH tech=Mathematics
    >>> Babylonians discovered: Map Making
    SET_RESEARCH tech=Mysticism
    COMBAT: Warriors vs Warriors → defWin (atkHp=undefined, defHp=undefined)
    1 actions REJECTED (of 2)
    >>> Egyptians discovered: Seafaring
    SET_RESEARCH tech=Mathematics
    END_TURN REJECTED: 1 units still need orders
      #15 Horsemen(Atk) @(38,41) mv=6 ord=none hp=full

══════════════════════════════════════════════════════════════════════
  TURN 24 — 3540 B.C. (12ms)
══════════════════════════════════════════════════════════════════════
  [Civ 1] Romans (despotism): 1 cities, 2 units, 35g, 7 techs, researching Mathematics (3/33)
    Rome: size=2, prod=Wonder39 (52sh), bldgs=Palace
    Units: 2x Warriors
  [Civ 2] Babylonians (despotism): 1 cities, 4 units, 62g, 7 techs, researching Mysticism (0/33)
    Babylon: size=2, prod=Settlers (28sh), bldgs=Palace
    Units: 2x Warriors, 1x Horsemen, 1x Chariot
  [Civ 3] Germans (despotism): 1 cities, 1 units, 35g, 6 techs, researching Map Making (33/36)
    Berlin: size=2, prod=Wonder45 (49sh), bldgs=Palace
    Units: 1x Warriors
  [Civ 4] Egyptians (despotism): 1 cities, 4 units, 21g, 7 techs, researching Mathematics (0/33)
    Thebes: size=2, prod=Wonder40 (31sh), bldgs=Palace
    Units: 2x Warriors, 2x Horsemen
  [Civ 1] Romans turn: 6 actions — ADJUST_ATTITUDE(2), MOVE_UNIT(1), UNIT_ORDER(3)
    ADJUST_ATTITUDE target=civ3
    ADJUST_ATTITUDE target=civ3
    >>> Germans discovered: Map Making
    SET_RESEARCH tech=The Wheel
    ADJUST_ATTITUDE target=civ1
    ADJUST_ATTITUDE target=civ1
    PROPOSE_TREATY treaty=peace target=civ1
    ADJUST_ATTITUDE target=civ1
    >>> Rome grew to size 3

══════════════════════════════════════════════════════════════════════
  TURN 25 — 3520 B.C. (9ms)
══════════════════════════════════════════════════════════════════════
  [Civ 1] Romans (despotism): 1 cities, 2 units, 37g, 7 techs, researching Mathematics (7/33)
    Rome: size=3, prod=Wonder39 (55sh), bldgs=Palace
    Units: 2x Warriors
  [Civ 2] Babylonians (despotism): 1 cities, 4 units, 64g, 7 techs, researching Mysticism (3/33)
    Babylon: size=2, prod=Settlers (31sh), bldgs=Palace
    Units: 2x Warriors, 1x Horsemen, 1x Chariot
  [Civ 3] Germans (despotism): 1 cities, 1 units, 35g, 7 techs, researching The Wheel (0/33)
    Berlin: size=2, prod=Wonder45 (52sh), bldgs=Palace
    Units: 1x Warriors
  [Civ 4] Egyptians (despotism): 1 cities, 4 units, 22g, 7 techs, researching Mathematics (4/33)
    Thebes: size=2, prod=Wonder40 (36sh), bldgs=Palace
    Units: 2x Warriors, 2x Horsemen
  [Civ 1] Romans turn: 5 actions — ADJUST_ATTITUDE(2), RESPOND_TREATY(1), MOVE_UNIT(1), UNIT_ORDER(1)
    ADJUST_ATTITUDE target=civ3
    ADJUST_ATTITUDE target=civ3
    >>> Babylon grew to size 3
    >>> Berlin grew to size 3
    ADJUST_ATTITUDE target=civ1

══════════════════════════════════════════════════════════════════════
  TURN 26 — 3500 B.C. (7ms)
══════════════════════════════════════════════════════════════════════
  [Civ 1] Romans (despotism): 1 cities, 2 units, 39g, 7 techs, researching Mathematics (11/33)
    Rome: size=3, prod=Wonder39 (59sh), bldgs=Palace
    Units: 2x Warriors
  [Civ 2] Babylonians (despotism): 1 cities, 4 units, 66g, 7 techs, researching Mysticism (7/33)
    Babylon: size=3, prod=Settlers (34sh), bldgs=Palace
    Units: 2x Warriors, 1x Horsemen, 1x Chariot
  [Civ 3] Germans (despotism): 1 cities, 1 units, 37g, 7 techs, researching The Wheel (3/33)
    Berlin: size=3, prod=Wonder45 (55sh), bldgs=Palace
    Units: 1x Warriors
  [Civ 4] Egyptians (despotism): 1 cities, 4 units, 23g, 7 techs, researching Mathematics (8/33)
    Thebes: size=2, prod=Wonder40 (41sh), bldgs=Palace
    Units: 2x Warriors, 2x Horsemen
  [Civ 1] Romans turn: 3 actions — ADJUST_ATTITUDE(1), MOVE_UNIT(1), UNIT_ORDER(1)
    ADJUST_ATTITUDE target=civ3
    ADJUST_ATTITUDE target=civ1

══════════════════════════════════════════════════════════════════════
  TURN 27 — 3480 B.C. (7ms)
══════════════════════════════════════════════════════════════════════
  [Civ 1] Romans (despotism): 1 cities, 2 units, 41g, 7 techs, researching Mathematics (15/33)
    Rome: size=3, prod=Wonder39 (63sh), bldgs=Palace
    Units: 2x Warriors
  [Civ 2] Babylonians (despotism): 1 cities, 4 units, 68g, 7 techs, researching Mysticism (11/33)
    Babylon: size=3, prod=Settlers (38sh), bldgs=Palace
    Units: 2x Warriors, 1x Horsemen, 1x Chariot
  [Civ 3] Germans (despotism): 1 cities, 1 units, 39g, 7 techs, researching The Wheel (6/33)
    Berlin: size=3, prod=Wonder45 (58sh), bldgs=Palace
    Units: 1x Warriors
  [Civ 4] Egyptians (despotism): 1 cities, 4 units, 24g, 7 techs, researching Mathematics (12/33)
    Thebes: size=2, prod=Wonder40 (46sh), bldgs=Palace
    Units: 2x Warriors, 2x Horsemen
  [Civ 1] Romans turn: 4 actions — ADJUST_ATTITUDE(2), MOVE_UNIT(1), UNIT_ORDER(1)
    ADJUST_ATTITUDE target=civ3
    ADJUST_ATTITUDE target=civ3
    >>> Babylon built Settlers
    ADJUST_ATTITUDE target=civ1

══════════════════════════════════════════════════════════════════════
  TURN 28 — 3460 B.C. (11ms)
══════════════════════════════════════════════════════════════════════
  [Civ 1] Romans (despotism): 1 cities, 2 units, 43g, 7 techs, researching Mathematics (19/33)
    Rome: size=3, prod=Wonder39 (67sh), bldgs=Palace
    Units: 2x Warriors
  [Civ 2] Babylonians (despotism): 1 cities, 5 units, 70g, 7 techs, researching Mysticism (13/33)
    Babylon: size=2, prod=Settlers (2sh), bldgs=Palace
    Units: 2x Warriors, 1x Horsemen, 1x Chariot, 1x Settlers
  [Civ 3] Germans (despotism): 1 cities, 1 units, 41g, 7 techs, researching The Wheel (9/33)
    Berlin: size=3, prod=Wonder45 (61sh), bldgs=Palace
    Units: 1x Warriors
  [Civ 4] Egyptians (despotism): 1 cities, 3 units, 25g, 7 techs, researching Mathematics (16/33)
    Thebes: size=2, prod=Wonder40 (51sh), bldgs=Palace
    Units: 1x Warriors, 2x Horsemen
  [Civ 1] Romans turn: 3 actions — ADJUST_ATTITUDE(1), MOVE_UNIT(1), UNIT_ORDER(1)
    ADJUST_ATTITUDE target=civ3
    ADJUST_ATTITUDE target=civ1
    PROPOSE_TREATY treaty=peace target=civ1
    ADJUST_ATTITUDE target=civ1

══════════════════════════════════════════════════════════════════════
  TURN 29 — 3440 B.C. (7ms)
══════════════════════════════════════════════════════════════════════
  [Civ 1] Romans (despotism): 1 cities, 2 units, 45g, 7 techs, researching Mathematics (23/33)
    Rome: size=3, prod=Wonder39 (71sh), bldgs=Palace
    Units: 2x Warriors
  [Civ 2] Babylonians (despotism): 1 cities, 5 units, 72g, 7 techs, researching Mysticism (15/33)
    Babylon: size=2, prod=Settlers (4sh), bldgs=Palace
    Units: 2x Warriors, 1x Horsemen, 1x Chariot, 1x Settlers
  [Civ 3] Germans (despotism): 1 cities, 1 units, 43g, 7 techs, researching The Wheel (12/33)
    Berlin: size=3, prod=Wonder45 (64sh), bldgs=Palace
    Units: 1x Warriors
  [Civ 4] Egyptians (despotism): 1 cities, 3 units, 26g, 7 techs, researching Mathematics (20/33)
    Thebes: size=2, prod=Wonder40 (56sh), bldgs=Palace
    Units: 1x Warriors, 2x Horsemen
  [Civ 1] Romans turn: 5 actions — ADJUST_ATTITUDE(2), RESPOND_TREATY(1), MOVE_UNIT(1), UNIT_ORDER(1)
    ADJUST_ATTITUDE target=civ3
    ADJUST_ATTITUDE target=civ3
    ADJUST_ATTITUDE target=civ1
    COMBAT: Horsemen vs Horsemen → defWin (atkHp=undefined, defHp=undefined)
    COMBAT: Horsemen vs Horsemen → atkWin (atkHp=undefined, defHp=undefined)
    1 actions REJECTED (of 4)

══════════════════════════════════════════════════════════════════════
  TURN 30 — 3420 B.C. (8ms)
══════════════════════════════════════════════════════════════════════
  [Civ 1] Romans (despotism): 1 cities, 2 units, 47g, 7 techs, researching Mathematics (27/33)
    Rome: size=3, prod=Wonder39 (75sh), bldgs=Palace
    Units: 2x Warriors
  [Civ 2] Babylonians (despotism): 1 cities, 5 units, 74g, 7 techs, researching Mysticism (17/33)
    Babylon: size=2, prod=Settlers (6sh), bldgs=Palace
    Units: 2x Warriors, 1x Horsemen, 1x Chariot, 1x Settlers
  [Civ 3] Germans (despotism): 1 cities, 1 units, 45g, 7 techs, researching The Wheel (15/33)
    Berlin: size=3, prod=Wonder45 (67sh), bldgs=Palace
    Units: 1x Warriors
  [Civ 4] Egyptians (despotism): 1 cities, 2 units, 127g, 7 techs, researching Mathematics (24/33)
    Thebes: size=2, prod=Wonder40 (61sh), bldgs=Palace
    Units: 1x Warriors, 1x Horsemen
  [Civ 1] Romans turn: 4 actions — ADJUST_ATTITUDE(2), MOVE_UNIT(1), UNIT_ORDER(1)
    ADJUST_ATTITUDE target=civ3
    ADJUST_ATTITUDE target=civ3
    ADJUST_ATTITUDE target=civ1

══════════════════════════════════════════════════════════════════════
  TURN 31 — 3400 B.C. (10ms)
══════════════════════════════════════════════════════════════════════
  [Civ 1] Romans (despotism): 1 cities, 2 units, 49g, 7 techs, researching Mathematics (31/33)
    Rome: size=3, prod=Wonder39 (79sh), bldgs=Palace
    Units: 2x Warriors
  [Civ 2] Babylonians (despotism): 1 cities, 5 units, 76g, 7 techs, researching Mysticism (19/33)
    Babylon: size=2, prod=Settlers (8sh), bldgs=Palace
    Units: 2x Warriors, 1x Horsemen, 1x Chariot, 1x Settlers
  [Civ 3] Germans (despotism): 1 cities, 1 units, 47g, 7 techs, researching The Wheel (18/33)
    Berlin: size=3, prod=Wonder45 (70sh), bldgs=Palace
    Units: 1x Warriors
  [Civ 4] Egyptians (despotism): 1 cities, 2 units, 128g, 7 techs, researching Mathematics (28/33)
    Thebes: size=2, prod=Wonder40 (66sh), bldgs=Palace
    Units: 1x Warriors, 1x Horsemen
  [Civ 1] Romans turn: 3 actions — ADJUST_ATTITUDE(1), MOVE_UNIT(1), UNIT_ORDER(1)
    ADJUST_ATTITUDE target=civ3
    ADJUST_ATTITUDE target=civ1
    >>> Romans discovered: Mathematics

══════════════════════════════════════════════════════════════════════
  TURN 32 — 3380 B.C. (13ms)
══════════════════════════════════════════════════════════════════════
  [Civ 1] Romans (despotism): 1 cities, 2 units, 49g, 8 techs, researching none (0/28)
    Rome: size=3, prod=Wonder39 (83sh), bldgs=Palace
    Units: 2x Warriors
  [Civ 2] Babylonians (despotism): 1 cities, 5 units, 78g, 7 techs, researching Mysticism (21/33)
    Babylon: size=2, prod=Settlers (10sh), bldgs=Palace
    Units: 2x Warriors, 1x Horsemen, 1x Chariot, 1x Settlers
  [Civ 3] Germans (despotism): 1 cities, 1 units, 49g, 7 techs, researching The Wheel (21/33)
    Berlin: size=3, prod=Wonder45 (73sh), bldgs=Palace
    Units: 1x Warriors
  [Civ 4] Egyptians (despotism): 1 cities, 2 units, 129g, 7 techs, researching Mathematics (32/33)
    Thebes: size=2, prod=Wonder40 (71sh), bldgs=Palace
    Units: 1x Warriors, 1x Horsemen
  [Civ 1] Romans turn: 7 actions — SET_RESEARCH(1), ADJUST_ATTITUDE(4), MOVE_UNIT(1), UNIT_ORDER(1)
    SET_RESEARCH tech=Warrior Code
    ADJUST_ATTITUDE target=civ2
    ADJUST_ATTITUDE target=civ3
    ADJUST_ATTITUDE target=civ4
    ADJUST_ATTITUDE target=civ3
    ADJUST_ATTITUDE target=civ1
    ADJUST_ATTITUDE target=civ3
    ADJUST_ATTITUDE target=civ4
    ADJUST_ATTITUDE target=civ1
    ADJUST_ATTITUDE target=civ2
    ADJUST_ATTITUDE target=civ4
    ADJUST_ATTITUDE target=civ1
    PROPOSE_TREATY treaty=peace target=civ1
    ADJUST_ATTITUDE target=civ1
    >>> Egyptians discovered: Mathematics
    SET_RESEARCH tech=Writing
    ADJUST_ATTITUDE target=civ1
    ADJUST_ATTITUDE target=civ2
    ADJUST_ATTITUDE target=civ3

══════════════════════════════════════════════════════════════════════
  TURN 33 — 3360 B.C. (8ms)
══════════════════════════════════════════════════════════════════════
  [Civ 1] Romans (despotism): 1 cities, 2 units, 51g, 8 techs, researching Warrior Code (4/28)
    Rome: size=3, prod=Wonder39 (87sh), bldgs=Palace
    Units: 2x Warriors
  [Civ 2] Babylonians (despotism): 1 cities, 5 units, 80g, 7 techs, researching Mysticism (23/33)
    Babylon: size=2, prod=Settlers (12sh), bldgs=Palace
    Units: 2x Warriors, 1x Horsemen, 1x Chariot, 1x Settlers
  [Civ 3] Germans (despotism): 1 cities, 1 units, 51g, 7 techs, researching The Wheel (24/33)
    Berlin: size=3, prod=Wonder45 (76sh), bldgs=Palace
    Units: 1x Warriors
  [Civ 4] Egyptians (despotism): 1 cities, 2 units, 129g, 8 techs, researching Writing (0/28)
    Thebes: size=2, prod=Wonder40 (76sh), bldgs=Palace
    Units: 1x Warriors, 1x Horsemen
  [Civ 1] Romans turn: 6 actions — ADJUST_ATTITUDE(3), RESPOND_TREATY(1), MOVE_UNIT(1), UNIT_ORDER(1)
    ADJUST_ATTITUDE target=civ3
    ADJUST_ATTITUDE target=civ3
    ADJUST_ATTITUDE target=civ3
    ADJUST_ATTITUDE target=civ1

══════════════════════════════════════════════════════════════════════
  TURN 34 — 3340 B.C. (8ms)
══════════════════════════════════════════════════════════════════════
  [Civ 1] Romans (despotism): 1 cities, 2 units, 53g, 8 techs, researching Warrior Code (8/28)
    Rome: size=3, prod=Wonder39 (91sh), bldgs=Palace
    Units: 2x Warriors
  [Civ 2] Babylonians (despotism): 1 cities, 5 units, 82g, 7 techs, researching Mysticism (25/33)
    Babylon: size=2, prod=Settlers (14sh), bldgs=Palace
    Units: 2x Warriors, 1x Horsemen, 1x Chariot, 1x Settlers
  [Civ 3] Germans (despotism): 1 cities, 1 units, 53g, 7 techs, researching The Wheel (27/33)
    Berlin: size=3, prod=Wonder45 (79sh), bldgs=Palace
    Units: 1x Warriors
  [Civ 4] Egyptians (despotism): 1 cities, 2 units, 130g, 8 techs, researching Writing (4/28)
    Thebes: size=2, prod=Wonder40 (81sh), bldgs=Palace
    Units: 1x Warriors, 1x Horsemen
  [Civ 1] Romans turn: 3 actions — ADJUST_ATTITUDE(1), MOVE_UNIT(1), UNIT_ORDER(1)
    ADJUST_ATTITUDE target=civ3
    ADJUST_ATTITUDE target=civ1

══════════════════════════════════════════════════════════════════════
  TURN 35 — 3320 B.C. (8ms)
══════════════════════════════════════════════════════════════════════
  [Civ 1] Romans (despotism): 1 cities, 2 units, 55g, 8 techs, researching Warrior Code (12/28)
    Rome: size=3, prod=Wonder39 (95sh), bldgs=Palace
    Units: 2x Warriors
  [Civ 2] Babylonians (despotism): 1 cities, 5 units, 126g, 8 techs, researching Mysticism (27/28)
    Babylon: size=2, prod=Settlers (16sh), bldgs=Palace
    Units: 2x Warriors, 1x Horsemen, 1x Chariot, 1x Settlers
  [Civ 3] Germans (despotism): 1 cities, 1 units, 55g, 8 techs, researching The Wheel (30/28)
    Berlin: size=3, prod=Wonder45 (82sh), bldgs=Palace
    Units: 1x Warriors
  [Civ 4] Egyptians (despotism): 1 cities, 2 units, 160g, 8 techs, researching Writing (8/28)
    Thebes: size=2, prod=Wonder40 (86sh), bldgs=Palace
    Units: 1x Warriors, 1x Horsemen
  [Civ 1] Romans turn: 3 actions — ADJUST_ATTITUDE(1), MOVE_UNIT(1), UNIT_ORDER(1)
    ADJUST_ATTITUDE target=civ3
    >>> Babylonians discovered: Mysticism
    SET_RESEARCH tech=Writing
    >>> Germans discovered: The Wheel
    SET_RESEARCH tech=Code of Laws
    ADJUST_ATTITUDE target=civ1

══════════════════════════════════════════════════════════════════════
  TURN 36 — 3300 B.C. (9ms)
══════════════════════════════════════════════════════════════════════
  [Civ 1] Romans (despotism): 1 cities, 2 units, 57g, 8 techs, researching Warrior Code (16/28)
    Rome: size=3, prod=Wonder39 (99sh), bldgs=Palace
    Units: 2x Warriors
  [Civ 2] Babylonians (despotism): 1 cities, 5 units, 126g, 9 techs, researching Writing (0/32)
    Babylon: size=2, prod=Settlers (18sh), bldgs=Palace
    Units: 2x Warriors, 1x Horsemen, 1x Chariot, 1x Settlers
  [Civ 3] Germans (despotism): 1 cities, 1 units, 55g, 9 techs, researching Code of Laws (0/32)
    Berlin: size=3, prod=Wonder45 (85sh), bldgs=Palace
    Units: 1x Warriors
  [Civ 4] Egyptians (despotism): 1 cities, 2 units, 161g, 8 techs, researching Writing (12/28)
    Thebes: size=2, prod=Wonder40 (91sh), bldgs=Palace
    Units: 1x Warriors, 1x Horsemen
  [Civ 1] Romans turn: 4 actions — ADJUST_ATTITUDE(2), MOVE_UNIT(1), UNIT_ORDER(1)
    ADJUST_ATTITUDE target=civ3
    ADJUST_ATTITUDE target=civ3
    ADJUST_ATTITUDE target=civ1
    PROPOSE_TREATY treaty=peace target=civ1
    ADJUST_ATTITUDE target=civ1

══════════════════════════════════════════════════════════════════════
  TURN 37 — 3280 B.C. (6ms)
══════════════════════════════════════════════════════════════════════
  [Civ 1] Romans (despotism): 1 cities, 2 units, 59g, 8 techs, researching Warrior Code (20/28)
    Rome: size=3, prod=Wonder39 (103sh), bldgs=Palace
    Units: 2x Warriors
  [Civ 2] Babylonians (despotism): 1 cities, 5 units, 128g, 9 techs, researching Writing (2/32)
    Babylon: size=2, prod=Settlers (20sh), bldgs=Palace
    Units: 2x Warriors, 1x Horsemen, 1x Chariot, 1x Settlers
  [Civ 3] Germans (despotism): 1 cities, 1 units, 57g, 9 techs, researching Code of Laws (3/32)
    Berlin: size=3, prod=Wonder45 (88sh), bldgs=Palace
    Units: 1x Warriors
  [Civ 4] Egyptians (despotism): 1 cities, 2 units, 162g, 8 techs, researching Writing (16/28)
    Thebes: size=2, prod=Wonder40 (96sh), bldgs=Palace
    Units: 1x Warriors, 1x Horsemen
  [Civ 1] Romans turn: 5 actions — ADJUST_ATTITUDE(2), RESPOND_TREATY(1), MOVE_UNIT(1), UNIT_ORDER(1)
    ADJUST_ATTITUDE target=civ3
    ADJUST_ATTITUDE target=civ3
    ADJUST_ATTITUDE target=civ1

══════════════════════════════════════════════════════════════════════
  TURN 38 — 3260 B.C. (7ms)
══════════════════════════════════════════════════════════════════════
  [Civ 1] Romans (despotism): 1 cities, 2 units, 61g, 8 techs, researching Warrior Code (24/28)
    Rome: size=3, prod=Wonder39 (107sh), bldgs=Palace
    Units: 2x Warriors
  [Civ 2] Babylonians (despotism): 1 cities, 5 units, 130g, 9 techs, researching Writing (4/32)
    Babylon: size=2, prod=Settlers (22sh), bldgs=Palace
    Units: 2x Warriors, 1x Horsemen, 1x Chariot, 1x Settlers
  [Civ 3] Germans (despotism): 1 cities, 1 units, 59g, 9 techs, researching Code of Laws (6/32)
    Berlin: size=3, prod=Wonder45 (91sh), bldgs=Palace
    Units: 1x Warriors
  [Civ 4] Egyptians (despotism): 1 cities, 2 units, 163g, 8 techs, researching Writing (20/28)
    Thebes: size=2, prod=Wonder40 (101sh), bldgs=Palace
    Units: 1x Warriors, 1x Horsemen
  [Civ 1] Romans turn: 3 actions — ADJUST_ATTITUDE(1), MOVE_UNIT(1), UNIT_ORDER(1)
    ADJUST_ATTITUDE target=civ3
    ADJUST_ATTITUDE target=civ1
    ADJUST_ATTITUDE target=civ2
    >>> Romans discovered: Warrior Code

══════════════════════════════════════════════════════════════════════
  TURN 39 — 3240 B.C. (9ms)
══════════════════════════════════════════════════════════════════════
  [Civ 1] Romans (despotism): 1 cities, 2 units, 61g, 9 techs, researching none (0/32)
    Rome: size=3, prod=Wonder39 (111sh), bldgs=Palace
    Units: 2x Warriors
  [Civ 2] Babylonians (despotism): 1 cities, 5 units, 132g, 9 techs, researching Writing (6/32)
    Babylon: size=2, prod=Settlers (24sh), bldgs=Palace
    Units: 2x Warriors, 1x Horsemen, 1x Chariot, 1x Settlers
  [Civ 3] Germans (despotism): 1 cities, 1 units, 61g, 9 techs, researching Code of Laws (9/32)
    Berlin: size=3, prod=Wonder45 (94sh), bldgs=Palace
    Units: 1x Warriors
  [Civ 4] Egyptians (despotism): 1 cities, 2 units, 164g, 8 techs, researching Writing (24/28)
    Thebes: size=2, prod=Wonder40 (106sh), bldgs=Palace
    Units: 1x Warriors, 1x Horsemen
  [Civ 1] Romans turn: 5 actions — SET_RESEARCH(1), ADJUST_ATTITUDE(2), MOVE_UNIT(1), UNIT_ORDER(1)
    SET_RESEARCH tech=Iron Working
    ADJUST_ATTITUDE target=civ3
    ADJUST_ATTITUDE target=civ3
    ADJUST_ATTITUDE target=civ1
    >>> Egyptians discovered: Writing
    SET_RESEARCH tech=Bronze Working
    ADJUST_ATTITUDE target=civ2

══════════════════════════════════════════════════════════════════════
  TURN 40 — 3220 B.C. (7ms)
══════════════════════════════════════════════════════════════════════
  [Civ 1] Romans (despotism): 1 cities, 2 units, 63g, 9 techs, researching Iron Working (4/32)
    Rome: size=3, prod=Wonder39 (115sh), bldgs=Palace
    Units: 2x Warriors
  [Civ 2] Babylonians (despotism): 1 cities, 5 units, 134g, 9 techs, researching Writing (8/32)
    Babylon: size=2, prod=Settlers (26sh), bldgs=Palace
    Units: 2x Warriors, 1x Horsemen, 1x Chariot, 1x Settlers
  [Civ 3] Germans (despotism): 1 cities, 1 units, 63g, 9 techs, researching Code of Laws (12/32)
    Berlin: size=3, prod=Wonder45 (97sh), bldgs=Palace
    Units: 1x Warriors
  [Civ 4] Egyptians (despotism): 1 cities, 2 units, 164g, 9 techs, researching Bronze Working (0/32)
    Thebes: size=2, prod=Wonder40 (111sh), bldgs=Palace
    Units: 1x Warriors, 1x Horsemen
  [Civ 1] Romans turn: 3 actions — ADJUST_ATTITUDE(1), MOVE_UNIT(1), UNIT_ORDER(1)
    ADJUST_ATTITUDE target=civ3
    RUSH_BUY city=1
    ADJUST_ATTITUDE target=civ1
    PROPOSE_TREATY treaty=peace target=civ1
    ADJUST_ATTITUDE target=civ1
    ADJUST_ATTITUDE target=civ2

══════════════════════════════════════════════════════════════════════
  TURN 41 — 3200 B.C. (7ms)
══════════════════════════════════════════════════════════════════════
  [Civ 1] Romans (despotism): 1 cities, 2 units, 65g, 9 techs, researching Iron Working (8/21)
    Rome: size=3, prod=Wonder39 (119sh), bldgs=Palace
    Units: 2x Warriors
  [Civ 2] Babylonians (despotism): 1 cities, 4 units, 105g, 10 techs, researching Writing (10/48)
    Babylon: size=2, prod=Settlers (40sh), bldgs=Palace
    Units: 2x Warriors, 1x Horsemen, 1x Settlers
  [Civ 3] Germans (despotism): 1 cities, 1 units, 65g, 9 techs, researching Code of Laws (15/21)
    Berlin: size=3, prod=Wonder45 (100sh), bldgs=Palace
    Units: 1x Warriors
  [Civ 4] Egyptians (despotism): 1 cities, 1 units, 165g, 10 techs, researching Bronze Working (4/48)
    Thebes: size=2, prod=Wonder40 (116sh), bldgs=Palace
    Units: 1x Warriors
  [Civ 1] Romans turn: 5 actions — ADJUST_ATTITUDE(2), RESPOND_TREATY(1), MOVE_UNIT(1), UNIT_ORDER(1)
    ADJUST_ATTITUDE target=civ3
    ADJUST_ATTITUDE target=civ3
    >>> Babylon built Settlers
    ADJUST_ATTITUDE target=civ1

══════════════════════════════════════════════════════════════════════
  TURN 42 — 3180 B.C. (5ms)
══════════════════════════════════════════════════════════════════════
  [Civ 1] Romans (despotism): 1 cities, 2 units, 67g, 9 techs, researching Iron Working (12/21)
    Rome: size=3, prod=Wonder39 (123sh), bldgs=Palace
    Units: 2x Warriors
  [Civ 2] Babylonians (despotism): 1 cities, 4 units, 106g, 10 techs, researching Writing (12/48)
    Babylon: size=1, prod=Settlers (12sh), bldgs=Palace
    Units: 2x Warriors, 2x Settlers
  [Civ 3] Germans (despotism): 1 cities, 1 units, 67g, 9 techs, researching Code of Laws (18/21)
    Berlin: size=3, prod=Wonder45 (103sh), bldgs=Palace
    Units: 1x Warriors
  [Civ 4] Egyptians (despotism): 1 cities, 1 units, 166g, 10 techs, researching Bronze Working (8/48)
    Thebes: size=2, prod=Wonder40 (121sh), bldgs=Palace
    Units: 1x Warriors
  [Civ 1] Romans turn: 4 actions — ADJUST_ATTITUDE(2), MOVE_UNIT(1), UNIT_ORDER(1)
    ADJUST_ATTITUDE target=civ3
    ADJUST_ATTITUDE target=civ3
    >>> Germans discovered: Code of Laws
    SET_RESEARCH tech=Mysticism
    ADJUST_ATTITUDE target=civ1

══════════════════════════════════════════════════════════════════════
  TURN 43 — 3160 B.C. (5ms)
══════════════════════════════════════════════════════════════════════
  [Civ 1] Romans (despotism): 1 cities, 2 units, 69g, 9 techs, researching Iron Working (16/21)
    Rome: size=3, prod=Wonder39 (127sh), bldgs=Palace
    Units: 2x Warriors
  [Civ 2] Babylonians (despotism): 1 cities, 4 units, 107g, 10 techs, researching Writing (14/48)
    Babylon: size=1, prod=Settlers (12sh), bldgs=Palace
    Units: 2x Warriors, 2x Settlers
  [Civ 3] Germans (despotism): 1 cities, 1 units, 67g, 10 techs, researching Mysticism (0/48)
    Berlin: size=3, prod=Wonder45 (106sh), bldgs=Palace
    Units: 1x Warriors
  [Civ 4] Egyptians (despotism): 1 cities, 1 units, 167g, 10 techs, researching Bronze Working (12/48)
    Thebes: size=2, prod=Wonder40 (126sh), bldgs=Palace
    Units: 1x Warriors
  [Civ 1] Romans turn: 3 actions — ADJUST_ATTITUDE(1), MOVE_UNIT(1), UNIT_ORDER(1)
    ADJUST_ATTITUDE target=civ3
    COMBAT: Warriors vs Warriors → defWin (atkHp=undefined, defHp=undefined)
    1 actions REJECTED (of 2)
    ADJUST_ATTITUDE target=civ1

══════════════════════════════════════════════════════════════════════
  TURN 44 — 3140 B.C. (10ms)
══════════════════════════════════════════════════════════════════════
  [Civ 1] Romans (despotism): 1 cities, 2 units, 71g, 10 techs, researching Iron Working (20/24)
    Rome: size=3, prod=Wonder39 (131sh), bldgs=Palace
    Units: 2x Warriors
  [Civ 2] Babylonians (despotism): 1 cities, 3 units, 108g, 10 techs, researching Writing (16/24)
    Babylon: size=1, prod=Settlers (12sh), bldgs=Palace
    Units: 1x Warriors, 2x Settlers
  [Civ 3] Germans (despotism): 1 cities, 1 units, 69g, 10 techs, researching Mysticism (3/24)
    Berlin: size=3, prod=Wonder45 (109sh), bldgs=Palace
    Units: 1x Warriors
  [Civ 4] Egyptians (despotism): 1 cities, 1 units, 168g, 11 techs, researching Bronze Working (16/52)
    Thebes: size=2, prod=Wonder40 (131sh), bldgs=Palace
    Units: 1x Warriors
  [Civ 1] Romans turn: 3 actions — ADJUST_ATTITUDE(1), MOVE_UNIT(1), UNIT_ORDER(1)
    ADJUST_ATTITUDE target=civ3
    ADJUST_ATTITUDE target=civ1
    PROPOSE_TREATY treaty=peace target=civ1
    ADJUST_ATTITUDE target=civ1
    >>> Romans discovered: Iron Working
    >>> Rome grew to size 4

══════════════════════════════════════════════════════════════════════
  TURN 45 — 3120 B.C. (5ms)
══════════════════════════════════════════════════════════════════════
  [Civ 1] Romans (despotism): 1 cities, 2 units, 71g, 11 techs, researching none (0/52)
    Rome: size=4, prod=Wonder39 (135sh), bldgs=Palace
    Units: 2x Warriors
  [Civ 2] Babylonians (despotism): 1 cities, 3 units, 109g, 10 techs, researching Writing (18/24)
    Babylon: size=1, prod=Settlers (12sh), bldgs=Palace
    Units: 1x Warriors, 2x Settlers
  [Civ 3] Germans (despotism): 1 cities, 1 units, 71g, 10 techs, researching Mysticism (6/24)
    Berlin: size=3, prod=Wonder45 (112sh), bldgs=Palace
    Units: 1x Warriors
  [Civ 4] Egyptians (despotism): 1 cities, 1 units, 169g, 11 techs, researching Bronze Working (20/52)
    Thebes: size=2, prod=Wonder40 (136sh), bldgs=Palace
    Units: 1x Warriors
  [Civ 1] Romans turn: 7 actions — SET_RESEARCH(1), ADJUST_ATTITUDE(3), RESPOND_TREATY(1), MOVE_UNIT(1), UNIT_ORDER(1)
    SET_RESEARCH tech=Monarchy
    ADJUST_ATTITUDE target=civ3
    ADJUST_ATTITUDE target=civ3
    ADJUST_ATTITUDE target=civ3
    >>> Berlin grew to size 4
    ADJUST_ATTITUDE target=civ1

══════════════════════════════════════════════════════════════════════
  TURN 46 — 3100 B.C. (6ms)
══════════════════════════════════════════════════════════════════════
  [Civ 1] Romans (despotism): 1 cities, 2 units, 73g, 11 techs, researching Monarchy (5/52)
    Rome: size=4, prod=Wonder39 (140sh), bldgs=Palace
    Units: 2x Warriors
  [Civ 2] Babylonians (despotism): 1 cities, 3 units, 110g, 10 techs, researching Writing (20/24)
    Babylon: size=1, prod=Settlers (12sh), bldgs=Palace
    Units: 1x Warriors, 2x Settlers
  [Civ 3] Germans (despotism): 1 cities, 1 units, 75g, 10 techs, researching Mysticism (12/24)
    Berlin: size=4, prod=Wonder45 (115sh), bldgs=Palace
    Units: 1x Warriors
  [Civ 4] Egyptians (despotism): 1 cities, 1 units, 170g, 11 techs, researching Bronze Working (24/52)
    Thebes: size=2, prod=Wonder40 (141sh), bldgs=Palace
    Units: 1x Warriors
  [Civ 1] Romans turn: 3 actions — ADJUST_ATTITUDE(1), MOVE_UNIT(1), UNIT_ORDER(1)
    ADJUST_ATTITUDE target=civ3
    ADJUST_ATTITUDE target=civ1

══════════════════════════════════════════════════════════════════════
  TURN 47 — 3080 B.C. (4ms)
══════════════════════════════════════════════════════════════════════
  [Civ 1] Romans (despotism): 1 cities, 2 units, 75g, 11 techs, researching Monarchy (10/52)
    Rome: size=4, prod=Wonder39 (145sh), bldgs=Palace
    Units: 2x Warriors
  [Civ 2] Babylonians (despotism): 1 cities, 3 units, 111g, 10 techs, researching Writing (22/24)
    Babylon: size=1, prod=Settlers (12sh), bldgs=Palace
    Units: 1x Warriors, 2x Settlers
  [Civ 3] Germans (despotism): 1 cities, 1 units, 79g, 10 techs, researching Mysticism (18/24)
    Berlin: size=4, prod=Wonder45 (119sh), bldgs=Palace
    Units: 1x Warriors
  [Civ 4] Egyptians (despotism): 1 cities, 1 units, 171g, 11 techs, researching Bronze Working (28/52)
    Thebes: size=2, prod=Wonder40 (146sh), bldgs=Palace
    Units: 1x Warriors
  [Civ 1] Romans turn: 3 actions — ADJUST_ATTITUDE(1), MOVE_UNIT(1), UNIT_ORDER(1)
    ADJUST_ATTITUDE target=civ3
    >>> Babylonians discovered: Writing
    SET_RESEARCH tech=Literacy
    >>> Germans discovered: Mysticism
    SET_RESEARCH tech=Bronze Working
    ADJUST_ATTITUDE target=civ1

══════════════════════════════════════════════════════════════════════
  TURN 48 — 3060 B.C. (6ms)
══════════════════════════════════════════════════════════════════════
  [Civ 1] Romans (despotism): 1 cities, 2 units, 77g, 11 techs, researching Monarchy (15/52)
    Rome: size=4, prod=Wonder39 (150sh), bldgs=Palace
    Units: 2x Warriors
  [Civ 2] Babylonians (despotism): 1 cities, 3 units, 111g, 11 techs, researching Literacy (0/52)
    Babylon: size=1, prod=Settlers (12sh), bldgs=Palace
    Units: 1x Warriors, 2x Settlers
  [Civ 3] Germans (despotism): 1 cities, 1 units, 79g, 11 techs, researching Bronze Working (0/52)
    Berlin: size=4, prod=Wonder45 (123sh), bldgs=Palace
    Units: 1x Warriors
  [Civ 4] Egyptians (despotism): 1 cities, 1 units, 172g, 11 techs, researching Bronze Working (32/52)
    Thebes: size=2, prod=Wonder40 (151sh), bldgs=Palace
    Units: 1x Warriors
  [Civ 1] Romans turn: 4 actions — ADJUST_ATTITUDE(2), MOVE_UNIT(1), UNIT_ORDER(1)
    ADJUST_ATTITUDE target=civ3
    ADJUST_ATTITUDE target=civ3
    ADJUST_ATTITUDE target=civ1
    PROPOSE_TREATY treaty=peace target=civ1
    ADJUST_ATTITUDE target=civ1
    >>> Egyptians discovered: Bronze Working
    SET_RESEARCH tech=Currency

══════════════════════════════════════════════════════════════════════
  TURN 49 — 3040 B.C. (7ms)
══════════════════════════════════════════════════════════════════════
  [Civ 1] Romans (despotism): 1 cities, 2 units, 79g, 13 techs, researching Monarchy (20/62)
    Rome: size=4, prod=Wonder39 (155sh), bldgs=Palace
    Units: 2x Warriors
  [Civ 2] Babylonians (despotism): 1 cities, 3 units, 112g, 11 techs, researching Literacy (2/26)
    Babylon: size=1, prod=Settlers (12sh), bldgs=Palace
    Units: 1x Warriors, 2x Settlers
  [Civ 3] Germans (despotism): 1 cities, 1 units, 83g, 12 techs, researching Bronze Working (6/28)
    Berlin: size=4, prod=Wonder45 (127sh), bldgs=Palace
    Units: 1x Warriors
  [Civ 4] Egyptians (despotism): 1 cities, 1 units, 172g, 13 techs, researching Currency (0/62)
    Thebes: size=2, prod=Wonder40 (156sh), bldgs=Palace
    Units: 1x Warriors
  [Civ 1] Romans turn: 5 actions — ADJUST_ATTITUDE(2), RESPOND_TREATY(1), MOVE_UNIT(1), UNIT_ORDER(1)
    ADJUST_ATTITUDE target=civ3
    ADJUST_ATTITUDE target=civ3
    ADJUST_ATTITUDE target=civ1

══════════════════════════════════════════════════════════════════════
  FINAL SUMMARY
══════════════════════════════════════════════════════════════════════
Game ended at turn 50 (3020 B.C.)

── Civ 1: Romans (despotism) ALIVE ──
  Cities: 1 (peak 1, founded 1)
  Units:  2 (peak 2)
  Treasury: 81g
  Techs discovered: 5 — Bronze Working, Map Making, Mathematics, Warrior Code, Iron Working
  Actions: 166 total, 0 idle turns
  Breakdown: UNIT_ORDER(55), MOVE_UNIT(50), ADJUST_ATTITUDE(45), RESPOND_TREATY(7), SET_RESEARCH(6), CHANGE_RATES(1), BUILD_CITY(1), CHANGE_PRODUCTION(1)
  Army: 2x Warriors
  Rome: size=4, shields=160

── Civ 2: Babylonians (despotism) ALIVE ──
  Cities: 1 (peak 1, founded 1)
  Units:  3 (peak 5)
  Treasury: 113g
  Techs discovered: 4 — Code of Laws, Map Making, Mysticism, Writing
  Actions: 212 total, 5 idle turns
  Breakdown: UNIT_ORDER(100), MOVE_UNIT(96), SET_RESEARCH(6), ADJUST_ATTITUDE(3), CHANGE_PRODUCTION(2), WORKER_ORDER(2), CHANGE_RATES(1), BUILD_CITY(1), RUSH_BUY(1)
  Army: 1x Warriors, 2x Settlers
  Babylon: size=1, shields=12

── Civ 3: Germans (despotism) ALIVE ──
  Cities: 1 (peak 1, founded 1)
  Units:  1 (peak 2)
  Treasury: 87g
  Techs discovered: 5 — Pottery, Map Making, The Wheel, Code of Laws, Mysticism
  Actions: 104 total, 0 idle turns
  Breakdown: ADJUST_ATTITUDE(37), UNIT_ORDER(27), MOVE_UNIT(24), PROPOSE_TREATY(7), SET_RESEARCH(6), CHANGE_RATES(1), BUILD_CITY(1), CHANGE_PRODUCTION(1)
  Army: 1x Warriors
  Berlin: size=4, shields=131

── Civ 4: Egyptians (despotism) ALIVE ──
  Cities: 1 (peak 1, founded 1)
  Units:  1 (peak 4)
  Treasury: 173g
  Techs discovered: 5 — Map Making, Seafaring, Mathematics, Writing, Bronze Working
  Actions: 143 total, 8 idle turns
  Breakdown: UNIT_ORDER(64), MOVE_UNIT(62), SET_RESEARCH(6), ADJUST_ATTITUDE(6), CHANGE_PRODUCTION(3), CHANGE_RATES(1), BUILD_CITY(1)
  Army: 1x Warriors
  Thebes: size=2, shields=161


══════════════════════════════════════════════════════════════════════
  AI BEHAVIOR ANALYSIS
══════════════════════════════════════════════════════════════════════
[Civ 1] Romans:
  WARNING: Only 1 city after 30+ turns

[Civ 2] Babylonians:
  WARNING: Only 1 city after 30+ turns

[Civ 3] Germans:
  WARNING: Only 1 city after 30+ turns

[Civ 4] Egyptians:
  WARNING: Only 1 city after 30+ turns

