Charlization AI Headless Simulation
Date: 2026-03-16T19:37:59.024Z
Settings: 50 turns, 4 AI players, 50x80 map, difficulty=prince
Map seed: 62192
Map generated in 64ms
Game initialized: 4 civs, 8 starting units
  Civ 1 (Romans): starts at (16,26) on Grassland
  Civ 2 (Babylonians): starts at (5,71) on Forest
  Civ 3 (Germans): starts at (41,19) on Grassland
  Civ 4 (Egyptians): starts at (9,49) on Grassland
    SET_RESEARCH tech=Warrior Code
    CHANGE_RATES sci=6 tax=4 lux=undefined
    BUILD_CITY unit=0 name="Rome"
    1 actions REJECTED (of 6)
    SET_RESEARCH tech=Iron Working
    CHANGE_RATES sci=6 tax=4 lux=undefined
    BUILD_CITY unit=2 name="Babylon"
    1 actions REJECTED (of 6)
    SET_RESEARCH tech=Alphabet
    CHANGE_RATES sci=6 tax=4 lux=undefined
    BUILD_CITY unit=4 name="Berlin"
    1 actions REJECTED (of 6)
    SET_RESEARCH tech=Map Making
    CHANGE_RATES sci=6 tax=4 lux=undefined
    BUILD_CITY unit=6 name="Thebes"
    1 actions REJECTED (of 6)

══════════════════════════════════════════════════════════════════════
  TURN 1 — 3980 B.C. (32ms)
══════════════════════════════════════════════════════════════════════
  [Civ 1] Romans (despotism): 1 cities, 1 units, 1g, 3 techs, researching Warrior Code (2/28)
    Rome: size=1, prod=Warriors (2sh), bldgs=Palace
    Units: 1x Warriors
  [Civ 2] Babylonians (despotism): 1 cities, 1 units, 0g, 3 techs, researching Iron Working (0/28)
    Babylon: size=1, prod=Warriors (0sh), bldgs=Palace
    Units: 1x Warriors
  [Civ 3] Germans (despotism): 1 cities, 1 units, 0g, 3 techs, researching Alphabet (0/28)
    Berlin: size=1, prod=Warriors (0sh), bldgs=Palace
    Units: 1x Warriors
  [Civ 4] Egyptians (despotism): 1 cities, 1 units, 0g, 3 techs, researching Map Making (0/28)
    Thebes: size=1, prod=Warriors (0sh), bldgs=Palace
    Units: 1x Warriors
  [Civ 1] Romans turn: 3 actions — CHANGE_PRODUCTION(1), MOVE_UNIT(1), UNIT_ORDER(1)
    CHANGE_PRODUCTION city=0
    CHANGE_PRODUCTION city=1
    CHANGE_PRODUCTION city=2
    END_TURN REJECTED: 1 units still need orders
      #8 Archers(Atk) @(43,20) mv=3 ord=none hp=full
    CHANGE_PRODUCTION city=3

══════════════════════════════════════════════════════════════════════
  TURN 2 — 3960 B.C. (13ms)
══════════════════════════════════════════════════════════════════════
  [Civ 1] Romans (despotism): 1 cities, 1 units, 2g, 4 techs, researching Warrior Code (4/33)
    Rome: size=1, prod=Wonder40 (2sh), bldgs=Palace
    Units: 1x Warriors
  [Civ 2] Babylonians (despotism): 1 cities, 1 units, 1g, 5 techs, researching Iron Working (2/36)
    Babylon: size=1, prod=building:3 (0sh), bldgs=Palace
    Units: 1x Warriors
  [Civ 3] Germans (despotism): 1 cities, 2 units, 1g, 4 techs, researching Alphabet (2/33)
    Berlin: size=1, prod=Wonder41 (0sh), bldgs=Palace
    Units: 1x Warriors, 1x Archers
  [Civ 4] Egyptians (despotism): 1 cities, 1 units, 0g, 5 techs, researching Map Making (1/36)
    Thebes: size=1, prod=building:3 (0sh), bldgs=Palace
    Units: 1x Warriors
  [Civ 1] Romans turn: 2 actions — MOVE_UNIT(1), UNIT_ORDER(1)

══════════════════════════════════════════════════════════════════════
  TURN 3 — 3940 B.C. (8ms)
══════════════════════════════════════════════════════════════════════
  [Civ 1] Romans (despotism): 1 cities, 1 units, 3g, 4 techs, researching Warrior Code (6/33)
    Rome: size=1, prod=Wonder40 (4sh), bldgs=Palace
    Units: 1x Warriors
  [Civ 2] Babylonians (despotism): 1 cities, 1 units, 2g, 5 techs, researching Iron Working (4/36)
    Babylon: size=1, prod=building:3 (3sh), bldgs=Palace
    Units: 1x Warriors
  [Civ 3] Germans (despotism): 1 cities, 2 units, 2g, 4 techs, researching Alphabet (4/33)
    Berlin: size=1, prod=Wonder41 (2sh), bldgs=Palace
    Units: 1x Warriors, 1x Archers
  [Civ 4] Egyptians (despotism): 1 cities, 1 units, 0g, 5 techs, researching Map Making (2/36)
    Thebes: size=1, prod=building:3 (2sh), bldgs=Palace
    Units: 1x Warriors
  [Civ 1] Romans turn: 2 actions — MOVE_UNIT(1), UNIT_ORDER(1)

══════════════════════════════════════════════════════════════════════
  TURN 4 — 3920 B.C. (8ms)
══════════════════════════════════════════════════════════════════════
  [Civ 1] Romans (despotism): 1 cities, 0 units, 4g, 4 techs, researching Warrior Code (8/33)
    Rome: size=1, prod=Wonder40 (6sh), bldgs=Palace
    Units: none
  [Civ 2] Babylonians (despotism): 1 cities, 1 units, 3g, 5 techs, researching Iron Working (6/36)
    Babylon: size=1, prod=building:3 (6sh), bldgs=Palace
    Units: 1x Warriors
  [Civ 3] Germans (despotism): 1 cities, 2 units, 3g, 4 techs, researching Alphabet (6/33)
    Berlin: size=1, prod=Wonder41 (4sh), bldgs=Palace
    Units: 1x Warriors, 1x Archers
  [Civ 4] Egyptians (despotism): 1 cities, 1 units, 0g, 5 techs, researching Map Making (3/36)
    Thebes: size=1, prod=building:3 (4sh), bldgs=Palace
    Units: 1x Warriors
  [Civ 1] Romans turn: 0 actions — idle

══════════════════════════════════════════════════════════════════════
  TURN 5 — 3900 B.C. (4ms)
══════════════════════════════════════════════════════════════════════
  [Civ 1] Romans (despotism): 1 cities, 0 units, 5g, 4 techs, researching Warrior Code (10/33)
    Rome: size=1, prod=Wonder40 (8sh), bldgs=Palace
    Units: none
  [Civ 2] Babylonians (despotism): 1 cities, 1 units, 4g, 5 techs, researching Iron Working (8/36)
    Babylon: size=1, prod=building:3 (9sh), bldgs=Palace
    Units: 1x Warriors
  [Civ 3] Germans (despotism): 1 cities, 2 units, 4g, 4 techs, researching Alphabet (8/33)
    Berlin: size=1, prod=Wonder41 (6sh), bldgs=Palace
    Units: 1x Warriors, 1x Archers
  [Civ 4] Egyptians (despotism): 1 cities, 1 units, 0g, 5 techs, researching Map Making (4/36)
    Thebes: size=1, prod=building:3 (6sh), bldgs=Palace
    Units: 1x Warriors
  [Civ 1] Romans turn: 0 actions — idle

══════════════════════════════════════════════════════════════════════
  TURN 6 — 3880 B.C. (5ms)
══════════════════════════════════════════════════════════════════════
  [Civ 1] Romans (despotism): 1 cities, 0 units, 6g, 4 techs, researching Warrior Code (12/33)
    Rome: size=1, prod=Wonder40 (10sh), bldgs=Palace
    Units: none
  [Civ 2] Babylonians (despotism): 1 cities, 1 units, 5g, 5 techs, researching Iron Working (10/36)
    Babylon: size=1, prod=building:3 (12sh), bldgs=Palace
    Units: 1x Warriors
  [Civ 3] Germans (despotism): 1 cities, 2 units, 5g, 4 techs, researching Alphabet (10/33)
    Berlin: size=1, prod=Wonder41 (8sh), bldgs=Palace
    Units: 1x Warriors, 1x Archers
  [Civ 4] Egyptians (despotism): 1 cities, 1 units, 0g, 5 techs, researching Map Making (5/36)
    Thebes: size=1, prod=building:3 (8sh), bldgs=Palace
    Units: 1x Warriors
  [Civ 1] Romans turn: 0 actions — idle

══════════════════════════════════════════════════════════════════════
  TURN 7 — 3860 B.C. (4ms)
══════════════════════════════════════════════════════════════════════
  [Civ 1] Romans (despotism): 1 cities, 0 units, 7g, 4 techs, researching Warrior Code (14/33)
    Rome: size=1, prod=Wonder40 (12sh), bldgs=Palace
    Units: none
  [Civ 2] Babylonians (despotism): 1 cities, 1 units, 6g, 5 techs, researching Iron Working (12/36)
    Babylon: size=1, prod=building:3 (15sh), bldgs=Palace
    Units: 1x Warriors
  [Civ 3] Germans (despotism): 1 cities, 2 units, 6g, 4 techs, researching Alphabet (12/33)
    Berlin: size=1, prod=Wonder41 (10sh), bldgs=Palace
    Units: 1x Warriors, 1x Archers
  [Civ 4] Egyptians (despotism): 1 cities, 1 units, 0g, 5 techs, researching Map Making (6/36)
    Thebes: size=1, prod=building:3 (10sh), bldgs=Palace
    Units: 1x Warriors
  [Civ 1] Romans turn: 0 actions — idle

══════════════════════════════════════════════════════════════════════
  TURN 8 — 3840 B.C. (5ms)
══════════════════════════════════════════════════════════════════════
  [Civ 1] Romans (despotism): 1 cities, 0 units, 8g, 4 techs, researching Warrior Code (16/33)
    Rome: size=1, prod=Wonder40 (14sh), bldgs=Palace
    Units: none
  [Civ 2] Babylonians (despotism): 1 cities, 1 units, 7g, 5 techs, researching Iron Working (14/36)
    Babylon: size=1, prod=building:3 (18sh), bldgs=Palace
    Units: 1x Warriors
  [Civ 3] Germans (despotism): 1 cities, 2 units, 7g, 4 techs, researching Alphabet (14/33)
    Berlin: size=1, prod=Wonder41 (12sh), bldgs=Palace
    Units: 1x Warriors, 1x Archers
  [Civ 4] Egyptians (despotism): 1 cities, 1 units, 0g, 5 techs, researching Map Making (7/36)
    Thebes: size=1, prod=building:3 (12sh), bldgs=Palace
    Units: 1x Warriors
  [Civ 1] Romans turn: 0 actions — idle

══════════════════════════════════════════════════════════════════════
  TURN 9 — 3820 B.C. (4ms)
══════════════════════════════════════════════════════════════════════
  [Civ 1] Romans (despotism): 1 cities, 0 units, 9g, 4 techs, researching Warrior Code (18/33)
    Rome: size=1, prod=Wonder40 (16sh), bldgs=Palace
    Units: none
  [Civ 2] Babylonians (despotism): 1 cities, 1 units, 8g, 5 techs, researching Iron Working (16/36)
    Babylon: size=1, prod=building:3 (21sh), bldgs=Palace
    Units: 1x Warriors
  [Civ 3] Germans (despotism): 1 cities, 2 units, 8g, 4 techs, researching Alphabet (16/33)
    Berlin: size=1, prod=Wonder41 (14sh), bldgs=Palace
    Units: 1x Warriors, 1x Archers
  [Civ 4] Egyptians (despotism): 1 cities, 1 units, 0g, 5 techs, researching Map Making (8/36)
    Thebes: size=1, prod=building:3 (14sh), bldgs=Palace
    Units: 1x Warriors
  [Civ 1] Romans turn: 0 actions — idle
    >>> Rome grew to size 2

══════════════════════════════════════════════════════════════════════
  TURN 10 — 3800 B.C. (5ms)
══════════════════════════════════════════════════════════════════════
  [Civ 1] Romans (despotism): 1 cities, 0 units, 11g, 4 techs, researching Warrior Code (20/33)
    Rome: size=2, prod=Wonder40 (18sh), bldgs=Palace
    Units: none
  [Civ 2] Babylonians (despotism): 1 cities, 1 units, 9g, 5 techs, researching Iron Working (18/36)
    Babylon: size=1, prod=building:3 (24sh), bldgs=Palace
    Units: 1x Warriors
  [Civ 3] Germans (despotism): 1 cities, 2 units, 9g, 4 techs, researching Alphabet (18/33)
    Berlin: size=1, prod=Wonder41 (16sh), bldgs=Palace
    Units: 1x Warriors, 1x Archers
  [Civ 4] Egyptians (despotism): 1 cities, 1 units, 0g, 5 techs, researching Map Making (9/36)
    Thebes: size=1, prod=building:3 (16sh), bldgs=Palace
    Units: 1x Warriors
  [Civ 1] Romans turn: 0 actions — idle
    >>> Berlin grew to size 2
    >>> Thebes grew to size 2

══════════════════════════════════════════════════════════════════════
  TURN 11 — 3780 B.C. (5ms)
══════════════════════════════════════════════════════════════════════
  [Civ 1] Romans (despotism): 1 cities, 0 units, 13g, 4 techs, researching Warrior Code (22/33)
    Rome: size=2, prod=Wonder40 (21sh), bldgs=Palace
    Units: none
  [Civ 2] Babylonians (despotism): 1 cities, 1 units, 10g, 5 techs, researching Iron Working (20/36)
    Babylon: size=1, prod=building:3 (27sh), bldgs=Palace
    Units: 1x Warriors
  [Civ 3] Germans (despotism): 1 cities, 2 units, 11g, 4 techs, researching Alphabet (20/33)
    Berlin: size=2, prod=Wonder41 (18sh), bldgs=Palace
    Units: 1x Warriors, 1x Archers
  [Civ 4] Egyptians (despotism): 1 cities, 1 units, 0g, 5 techs, researching Map Making (10/36)
    Thebes: size=2, prod=building:3 (18sh), bldgs=Palace
    Units: 1x Warriors
  [Civ 1] Romans turn: 0 actions — idle

══════════════════════════════════════════════════════════════════════
  TURN 12 — 3760 B.C. (3ms)
══════════════════════════════════════════════════════════════════════
  [Civ 1] Romans (despotism): 1 cities, 0 units, 15g, 4 techs, researching Warrior Code (24/33)
    Rome: size=2, prod=Wonder40 (24sh), bldgs=Palace
    Units: none
  [Civ 2] Babylonians (despotism): 1 cities, 1 units, 11g, 5 techs, researching Iron Working (22/36)
    Babylon: size=1, prod=building:3 (30sh), bldgs=Palace
    Units: 1x Warriors
  [Civ 3] Germans (despotism): 1 cities, 2 units, 13g, 4 techs, researching Alphabet (22/33)
    Berlin: size=2, prod=Wonder41 (21sh), bldgs=Palace
    Units: 1x Warriors, 1x Archers
  [Civ 4] Egyptians (despotism): 1 cities, 1 units, 0g, 5 techs, researching Map Making (11/36)
    Thebes: size=2, prod=building:3 (21sh), bldgs=Palace
    Units: 1x Warriors
  [Civ 1] Romans turn: 0 actions — idle

══════════════════════════════════════════════════════════════════════
  TURN 13 — 3740 B.C. (5ms)
══════════════════════════════════════════════════════════════════════
  [Civ 1] Romans (despotism): 1 cities, 0 units, 17g, 4 techs, researching Warrior Code (26/33)
    Rome: size=2, prod=Wonder40 (27sh), bldgs=Palace
    Units: none
  [Civ 2] Babylonians (despotism): 1 cities, 1 units, 12g, 5 techs, researching Iron Working (24/36)
    Babylon: size=1, prod=building:3 (33sh), bldgs=Palace
    Units: 1x Warriors
  [Civ 3] Germans (despotism): 1 cities, 2 units, 15g, 4 techs, researching Alphabet (24/33)
    Berlin: size=2, prod=Wonder41 (24sh), bldgs=Palace
    Units: 1x Warriors, 1x Archers
  [Civ 4] Egyptians (despotism): 1 cities, 1 units, 0g, 5 techs, researching Map Making (12/36)
    Thebes: size=2, prod=building:3 (24sh), bldgs=Palace
    Units: 1x Warriors
  [Civ 1] Romans turn: 0 actions — idle

══════════════════════════════════════════════════════════════════════
  TURN 14 — 3720 B.C. (4ms)
══════════════════════════════════════════════════════════════════════
  [Civ 1] Romans (despotism): 1 cities, 0 units, 19g, 4 techs, researching Warrior Code (28/33)
    Rome: size=2, prod=Wonder40 (30sh), bldgs=Palace
    Units: none
  [Civ 2] Babylonians (despotism): 1 cities, 1 units, 13g, 5 techs, researching Iron Working (26/36)
    Babylon: size=1, prod=building:3 (36sh), bldgs=Palace
    Units: 1x Warriors
  [Civ 3] Germans (despotism): 1 cities, 2 units, 17g, 4 techs, researching Alphabet (26/33)
    Berlin: size=2, prod=Wonder41 (27sh), bldgs=Palace
    Units: 1x Warriors, 1x Archers
  [Civ 4] Egyptians (despotism): 1 cities, 1 units, 0g, 5 techs, researching Map Making (13/36)
    Thebes: size=2, prod=building:3 (27sh), bldgs=Palace
    Units: 1x Warriors
  [Civ 1] Romans turn: 0 actions — idle

══════════════════════════════════════════════════════════════════════
  TURN 15 — 3700 B.C. (4ms)
══════════════════════════════════════════════════════════════════════
  [Civ 1] Romans (despotism): 1 cities, 0 units, 21g, 4 techs, researching Warrior Code (30/33)
    Rome: size=2, prod=Wonder40 (33sh), bldgs=Palace
    Units: none
  [Civ 2] Babylonians (despotism): 1 cities, 1 units, 14g, 5 techs, researching Iron Working (28/36)
    Babylon: size=1, prod=building:3 (39sh), bldgs=Palace
    Units: 1x Warriors
  [Civ 3] Germans (despotism): 1 cities, 2 units, 19g, 4 techs, researching Alphabet (28/33)
    Berlin: size=2, prod=Wonder41 (30sh), bldgs=Palace
    Units: 1x Warriors, 1x Archers
  [Civ 4] Egyptians (despotism): 1 cities, 1 units, 0g, 5 techs, researching Map Making (14/36)
    Thebes: size=2, prod=building:3 (30sh), bldgs=Palace
    Units: 1x Warriors
  [Civ 1] Romans turn: 0 actions — idle

══════════════════════════════════════════════════════════════════════
  TURN 16 — 3680 B.C. (5ms)
══════════════════════════════════════════════════════════════════════
  [Civ 1] Romans (despotism): 1 cities, 0 units, 23g, 4 techs, researching Warrior Code (32/33)
    Rome: size=2, prod=Wonder40 (36sh), bldgs=Palace
    Units: none
  [Civ 2] Babylonians (despotism): 1 cities, 1 units, 15g, 5 techs, researching Iron Working (30/36)
    Babylon: size=1, prod=building:3 (42sh), bldgs=Palace
    Units: 1x Warriors
  [Civ 3] Germans (despotism): 1 cities, 2 units, 21g, 4 techs, researching Alphabet (30/33)
    Berlin: size=2, prod=Wonder41 (33sh), bldgs=Palace
    Units: 1x Warriors, 1x Archers
  [Civ 4] Egyptians (despotism): 1 cities, 1 units, 0g, 5 techs, researching Map Making (15/36)
    Thebes: size=2, prod=building:3 (33sh), bldgs=Palace
    Units: 1x Warriors
  [Civ 1] Romans turn: 0 actions — idle
    >>> Romans discovered: Warrior Code

══════════════════════════════════════════════════════════════════════
  TURN 17 — 3660 B.C. (12ms)
══════════════════════════════════════════════════════════════════════
  [Civ 1] Romans (despotism): 1 cities, 0 units, 23g, 5 techs, researching none (0/36)
    Rome: size=2, prod=Wonder40 (39sh), bldgs=Palace
    Units: none
  [Civ 2] Babylonians (despotism): 1 cities, 1 units, 16g, 5 techs, researching Iron Working (32/36)
    Babylon: size=1, prod=building:3 (45sh), bldgs=Palace
    Units: 1x Warriors
  [Civ 3] Germans (despotism): 1 cities, 2 units, 23g, 4 techs, researching Alphabet (32/33)
    Berlin: size=2, prod=Wonder41 (36sh), bldgs=Palace
    Units: 1x Warriors, 1x Archers
  [Civ 4] Egyptians (despotism): 1 cities, 1 units, 0g, 5 techs, researching Map Making (16/36)
    Thebes: size=2, prod=building:3 (36sh), bldgs=Palace
    Units: 1x Warriors
  [Civ 1] Romans turn: 1 actions — SET_RESEARCH(1)
    SET_RESEARCH tech=Iron Working
    >>> Germans discovered: Alphabet
    SET_RESEARCH tech=Map Making

══════════════════════════════════════════════════════════════════════
  TURN 18 — 3640 B.C. (5ms)
══════════════════════════════════════════════════════════════════════
  [Civ 1] Romans (despotism): 1 cities, 0 units, 25g, 5 techs, researching Iron Working (2/36)
    Rome: size=2, prod=Wonder40 (42sh), bldgs=Palace
    Units: none
  [Civ 2] Babylonians (despotism): 1 cities, 1 units, 17g, 5 techs, researching Iron Working (34/36)
    Babylon: size=1, prod=building:3 (48sh), bldgs=Palace
    Units: 1x Warriors
  [Civ 3] Germans (despotism): 1 cities, 2 units, 23g, 5 techs, researching Map Making (0/36)
    Berlin: size=2, prod=Wonder41 (39sh), bldgs=Palace
    Units: 1x Warriors, 1x Archers
  [Civ 4] Egyptians (despotism): 1 cities, 1 units, 0g, 5 techs, researching Map Making (17/36)
    Thebes: size=2, prod=building:3 (39sh), bldgs=Palace
    Units: 1x Warriors
  [Civ 1] Romans turn: 0 actions — idle
    >>> Babylonians discovered: Iron Working
    SET_RESEARCH tech=Mysticism

══════════════════════════════════════════════════════════════════════
  TURN 19 — 3620 B.C. (4ms)
══════════════════════════════════════════════════════════════════════
  [Civ 1] Romans (despotism): 1 cities, 0 units, 27g, 6 techs, researching Iron Working (4/36)
    Rome: size=2, prod=Wonder40 (45sh), bldgs=Palace
    Units: none
  [Civ 2] Babylonians (despotism): 1 cities, 1 units, 17g, 6 techs, researching Mysticism (0/36)
    Babylon: size=1, prod=building:3 (51sh), bldgs=Palace
    Units: 1x Warriors
  [Civ 3] Germans (despotism): 1 cities, 2 units, 25g, 6 techs, researching Map Making (2/36)
    Berlin: size=2, prod=Wonder41 (42sh), bldgs=Palace
    Units: 1x Warriors, 1x Archers
  [Civ 4] Egyptians (despotism): 1 cities, 1 units, 0g, 6 techs, researching Map Making (18/36)
    Thebes: size=2, prod=building:3 (42sh), bldgs=Palace
    Units: 1x Warriors
  [Civ 1] Romans turn: 0 actions — idle

══════════════════════════════════════════════════════════════════════
  TURN 20 — 3600 B.C. (4ms)
══════════════════════════════════════════════════════════════════════
  [Civ 1] Romans (despotism): 1 cities, 0 units, 29g, 6 techs, researching Iron Working (6/36)
    Rome: size=2, prod=Wonder40 (48sh), bldgs=Palace
    Units: none
  [Civ 2] Babylonians (despotism): 1 cities, 1 units, 18g, 7 techs, researching Mysticism (2/33)
    Babylon: size=1, prod=building:3 (54sh), bldgs=Palace
    Units: 1x Warriors
  [Civ 3] Germans (despotism): 1 cities, 2 units, 27g, 6 techs, researching Map Making (4/36)
    Berlin: size=2, prod=Wonder41 (45sh), bldgs=Palace
    Units: 1x Warriors, 1x Archers
  [Civ 4] Egyptians (despotism): 1 cities, 1 units, 0g, 6 techs, researching Map Making (19/36)
    Thebes: size=2, prod=building:3 (45sh), bldgs=Palace
    Units: 1x Warriors
  [Civ 1] Romans turn: 0 actions — idle
    >>> Babylon grew to size 2

══════════════════════════════════════════════════════════════════════
  TURN 21 — 3580 B.C. (3ms)
══════════════════════════════════════════════════════════════════════
  [Civ 1] Romans (despotism): 1 cities, 0 units, 31g, 6 techs, researching Iron Working (8/36)
    Rome: size=2, prod=Wonder40 (51sh), bldgs=Palace
    Units: none
  [Civ 2] Babylonians (despotism): 1 cities, 1 units, 20g, 7 techs, researching Mysticism (4/33)
    Babylon: size=2, prod=building:3 (57sh), bldgs=Palace
    Units: 1x Warriors
  [Civ 3] Germans (despotism): 1 cities, 2 units, 29g, 6 techs, researching Map Making (6/36)
    Berlin: size=2, prod=Wonder41 (48sh), bldgs=Palace
    Units: 1x Warriors, 1x Archers
  [Civ 4] Egyptians (despotism): 1 cities, 1 units, 0g, 6 techs, researching Map Making (20/36)
    Thebes: size=2, prod=building:3 (48sh), bldgs=Palace
    Units: 1x Warriors
  [Civ 1] Romans turn: 0 actions — idle
    >>> Babylon built building:3
    CHANGE_PRODUCTION city=1

══════════════════════════════════════════════════════════════════════
  TURN 22 — 3560 B.C. (4ms)
══════════════════════════════════════════════════════════════════════
  [Civ 1] Romans (despotism): 1 cities, 0 units, 33g, 6 techs, researching Iron Working (10/36)
    Rome: size=2, prod=Wonder40 (54sh), bldgs=Palace
    Units: none
  [Civ 2] Babylonians (despotism): 1 cities, 1 units, 21g, 7 techs, researching Mysticism (6/33)
    Babylon: size=2, prod=building:2 (0sh), bldgs=Palace, Granary
    Units: 1x Warriors
  [Civ 3] Germans (despotism): 1 cities, 2 units, 31g, 6 techs, researching Map Making (8/36)
    Berlin: size=2, prod=Wonder41 (51sh), bldgs=Palace
    Units: 1x Warriors, 1x Archers
  [Civ 4] Egyptians (despotism): 1 cities, 1 units, 0g, 6 techs, researching Map Making (21/36)
    Thebes: size=2, prod=building:3 (51sh), bldgs=Palace
    Units: 1x Warriors
  [Civ 1] Romans turn: 0 actions — idle

══════════════════════════════════════════════════════════════════════
  TURN 23 — 3540 B.C. (3ms)
══════════════════════════════════════════════════════════════════════
  [Civ 1] Romans (despotism): 1 cities, 0 units, 35g, 6 techs, researching Iron Working (12/36)
    Rome: size=2, prod=Wonder40 (57sh), bldgs=Palace
    Units: none
  [Civ 2] Babylonians (despotism): 1 cities, 1 units, 22g, 7 techs, researching Mysticism (8/33)
    Babylon: size=2, prod=building:2 (4sh), bldgs=Palace, Granary
    Units: 1x Warriors
  [Civ 3] Germans (despotism): 1 cities, 2 units, 33g, 6 techs, researching Map Making (10/36)
    Berlin: size=2, prod=Wonder41 (54sh), bldgs=Palace
    Units: 1x Warriors, 1x Archers
  [Civ 4] Egyptians (despotism): 1 cities, 1 units, 0g, 6 techs, researching Map Making (22/36)
    Thebes: size=2, prod=building:3 (54sh), bldgs=Palace
    Units: 1x Warriors
  [Civ 1] Romans turn: 0 actions — idle

══════════════════════════════════════════════════════════════════════
  TURN 24 — 3520 B.C. (4ms)
══════════════════════════════════════════════════════════════════════
  [Civ 1] Romans (despotism): 1 cities, 0 units, 37g, 6 techs, researching Iron Working (14/36)
    Rome: size=2, prod=Wonder40 (60sh), bldgs=Palace
    Units: none
  [Civ 2] Babylonians (despotism): 1 cities, 1 units, 23g, 7 techs, researching Mysticism (10/33)
    Babylon: size=2, prod=building:2 (8sh), bldgs=Palace, Granary
    Units: 1x Warriors
  [Civ 3] Germans (despotism): 1 cities, 2 units, 35g, 6 techs, researching Map Making (12/36)
    Berlin: size=2, prod=Wonder41 (57sh), bldgs=Palace
    Units: 1x Warriors, 1x Archers
  [Civ 4] Egyptians (despotism): 1 cities, 1 units, 0g, 6 techs, researching Map Making (23/36)
    Thebes: size=2, prod=building:3 (57sh), bldgs=Palace
    Units: 1x Warriors
  [Civ 1] Romans turn: 0 actions — idle
    >>> Thebes built building:3
    >>> Thebes sold Granary
    >>> Rome grew to size 3

══════════════════════════════════════════════════════════════════════
  TURN 25 — 3500 B.C. (3ms)
══════════════════════════════════════════════════════════════════════
  [Civ 1] Romans (despotism): 1 cities, 0 units, 39g, 6 techs, researching Iron Working (17/36)
    Rome: size=3, prod=Wonder40 (63sh), bldgs=Palace
    Units: none
  [Civ 2] Babylonians (despotism): 1 cities, 1 units, 24g, 7 techs, researching Mysticism (12/33)
    Babylon: size=2, prod=building:2 (12sh), bldgs=Palace, Granary
    Units: 1x Warriors
  [Civ 3] Germans (despotism): 1 cities, 2 units, 37g, 6 techs, researching Map Making (14/36)
    Berlin: size=2, prod=Wonder41 (60sh), bldgs=Palace
    Units: 1x Warriors, 1x Archers
  [Civ 4] Egyptians (despotism): 1 cities, 1 units, 59g, 6 techs, researching Map Making (24/36)
    Thebes: size=2, prod=building:3 (0sh), bldgs=Palace
    Units: 1x Warriors
  [Civ 1] Romans turn: 0 actions — idle
    >>> Berlin grew to size 3
    >>> Thebes grew to size 3

══════════════════════════════════════════════════════════════════════
  TURN 26 — 3480 B.C. (4ms)
══════════════════════════════════════════════════════════════════════
  [Civ 1] Romans (despotism): 1 cities, 0 units, 41g, 6 techs, researching Iron Working (20/36)
    Rome: size=3, prod=Wonder40 (67sh), bldgs=Palace
    Units: none
  [Civ 2] Babylonians (despotism): 1 cities, 1 units, 25g, 7 techs, researching Mysticism (14/33)
    Babylon: size=2, prod=building:2 (16sh), bldgs=Palace, Granary
    Units: 1x Warriors
  [Civ 3] Germans (despotism): 1 cities, 2 units, 39g, 6 techs, researching Map Making (17/36)
    Berlin: size=3, prod=Wonder41 (63sh), bldgs=Palace
    Units: 1x Warriors, 1x Archers
  [Civ 4] Egyptians (despotism): 1 cities, 1 units, 59g, 6 techs, researching Map Making (25/36)
    Thebes: size=3, prod=building:3 (3sh), bldgs=Palace
    Units: 1x Warriors
  [Civ 1] Romans turn: 0 actions — idle

══════════════════════════════════════════════════════════════════════
  TURN 27 — 3460 B.C. (5ms)
══════════════════════════════════════════════════════════════════════
  [Civ 1] Romans (despotism): 1 cities, 0 units, 43g, 6 techs, researching Iron Working (23/36)
    Rome: size=3, prod=Wonder40 (71sh), bldgs=Palace
    Units: none
  [Civ 2] Babylonians (despotism): 1 cities, 1 units, 26g, 7 techs, researching Mysticism (16/33)
    Babylon: size=2, prod=building:2 (20sh), bldgs=Palace, Granary
    Units: 1x Warriors
  [Civ 3] Germans (despotism): 1 cities, 2 units, 41g, 6 techs, researching Map Making (20/36)
    Berlin: size=3, prod=Wonder41 (67sh), bldgs=Palace
    Units: 1x Warriors, 1x Archers
  [Civ 4] Egyptians (despotism): 1 cities, 1 units, 59g, 6 techs, researching Map Making (26/36)
    Thebes: size=3, prod=building:3 (7sh), bldgs=Palace
    Units: 1x Warriors
  [Civ 1] Romans turn: 0 actions — idle

══════════════════════════════════════════════════════════════════════
  TURN 28 — 3440 B.C. (3ms)
══════════════════════════════════════════════════════════════════════
  [Civ 1] Romans (despotism): 1 cities, 0 units, 45g, 6 techs, researching Iron Working (26/36)
    Rome: size=3, prod=Wonder40 (75sh), bldgs=Palace
    Units: none
  [Civ 2] Babylonians (despotism): 1 cities, 1 units, 27g, 7 techs, researching Mysticism (18/33)
    Babylon: size=2, prod=building:2 (24sh), bldgs=Palace, Granary
    Units: 1x Warriors
  [Civ 3] Germans (despotism): 1 cities, 2 units, 43g, 6 techs, researching Map Making (23/36)
    Berlin: size=3, prod=Wonder41 (71sh), bldgs=Palace
    Units: 1x Warriors, 1x Archers
  [Civ 4] Egyptians (despotism): 1 cities, 1 units, 59g, 6 techs, researching Map Making (27/36)
    Thebes: size=3, prod=building:3 (11sh), bldgs=Palace
    Units: 1x Warriors
  [Civ 1] Romans turn: 0 actions — idle

══════════════════════════════════════════════════════════════════════
  TURN 29 — 3420 B.C. (4ms)
══════════════════════════════════════════════════════════════════════
  [Civ 1] Romans (despotism): 1 cities, 0 units, 47g, 6 techs, researching Iron Working (29/36)
    Rome: size=3, prod=Wonder40 (79sh), bldgs=Palace
    Units: none
  [Civ 2] Babylonians (despotism): 1 cities, 1 units, 28g, 7 techs, researching Mysticism (20/33)
    Babylon: size=2, prod=building:2 (28sh), bldgs=Palace, Granary
    Units: 1x Warriors
  [Civ 3] Germans (despotism): 1 cities, 2 units, 45g, 6 techs, researching Map Making (26/36)
    Berlin: size=3, prod=Wonder41 (75sh), bldgs=Palace
    Units: 1x Warriors, 1x Archers
  [Civ 4] Egyptians (despotism): 1 cities, 1 units, 59g, 6 techs, researching Map Making (28/36)
    Thebes: size=3, prod=building:3 (15sh), bldgs=Palace
    Units: 1x Warriors
  [Civ 1] Romans turn: 0 actions — idle

══════════════════════════════════════════════════════════════════════
  TURN 30 — 3400 B.C. (3ms)
══════════════════════════════════════════════════════════════════════
  [Civ 1] Romans (despotism): 1 cities, 0 units, 49g, 6 techs, researching Iron Working (32/36)
    Rome: size=3, prod=Wonder40 (83sh), bldgs=Palace
    Units: none
  [Civ 2] Babylonians (despotism): 1 cities, 1 units, 29g, 7 techs, researching Mysticism (22/33)
    Babylon: size=2, prod=building:2 (32sh), bldgs=Palace, Granary
    Units: 1x Warriors
  [Civ 3] Germans (despotism): 1 cities, 2 units, 47g, 6 techs, researching Map Making (29/36)
    Berlin: size=3, prod=Wonder41 (79sh), bldgs=Palace
    Units: 1x Warriors, 1x Archers
  [Civ 4] Egyptians (despotism): 1 cities, 1 units, 59g, 6 techs, researching Map Making (29/36)
    Thebes: size=3, prod=building:3 (19sh), bldgs=Palace
    Units: 1x Warriors
  [Civ 1] Romans turn: 0 actions — idle

══════════════════════════════════════════════════════════════════════
  TURN 31 — 3380 B.C. (2ms)
══════════════════════════════════════════════════════════════════════
  [Civ 1] Romans (despotism): 1 cities, 0 units, 51g, 6 techs, researching Iron Working (35/36)
    Rome: size=3, prod=Wonder40 (87sh), bldgs=Palace
    Units: none
  [Civ 2] Babylonians (despotism): 1 cities, 1 units, 30g, 7 techs, researching Mysticism (24/33)
    Babylon: size=2, prod=building:2 (36sh), bldgs=Palace, Granary
    Units: 1x Warriors
  [Civ 3] Germans (despotism): 1 cities, 2 units, 49g, 6 techs, researching Map Making (32/36)
    Berlin: size=3, prod=Wonder41 (83sh), bldgs=Palace
    Units: 1x Warriors, 1x Archers
  [Civ 4] Egyptians (despotism): 1 cities, 1 units, 59g, 6 techs, researching Map Making (30/36)
    Thebes: size=3, prod=building:3 (23sh), bldgs=Palace
    Units: 1x Warriors
  [Civ 1] Romans turn: 0 actions — idle
    >>> Babylon built building:2
    CHANGE_PRODUCTION city=1
    >>> Romans discovered: Iron Working

══════════════════════════════════════════════════════════════════════
  TURN 32 — 3360 B.C. (5ms)
══════════════════════════════════════════════════════════════════════
  [Civ 1] Romans (despotism): 1 cities, 0 units, 51g, 7 techs, researching none (0/33)
    Rome: size=3, prod=Wonder40 (91sh), bldgs=Palace
    Units: none
  [Civ 2] Babylonians (despotism): 1 cities, 1 units, 30g, 7 techs, researching Mysticism (26/33)
    Babylon: size=2, prod=Legion (0sh), bldgs=Palace, Granary, Barracks
    Units: 1x Warriors
  [Civ 3] Germans (despotism): 1 cities, 2 units, 51g, 6 techs, researching Map Making (35/36)
    Berlin: size=3, prod=Wonder41 (87sh), bldgs=Palace
    Units: 1x Warriors, 1x Archers
  [Civ 4] Egyptians (despotism): 1 cities, 1 units, 59g, 6 techs, researching Map Making (31/36)
    Thebes: size=3, prod=building:3 (27sh), bldgs=Palace
    Units: 1x Warriors
  [Civ 1] Romans turn: 4 actions — SET_RESEARCH(1), ADJUST_ATTITUDE(3)
    SET_RESEARCH tech=Code of Laws
    ADJUST_ATTITUDE target=civ2
    ADJUST_ATTITUDE target=civ3
    ADJUST_ATTITUDE target=civ4
    ADJUST_ATTITUDE target=civ1
    ADJUST_ATTITUDE target=civ3
    ADJUST_ATTITUDE target=civ4
    >>> Germans discovered: Map Making
    SET_RESEARCH tech=Masonry
    ADJUST_ATTITUDE target=civ1
    ADJUST_ATTITUDE target=civ2
    ADJUST_ATTITUDE target=civ4
    ADJUST_ATTITUDE target=civ1
    ADJUST_ATTITUDE target=civ2
    ADJUST_ATTITUDE target=civ3

══════════════════════════════════════════════════════════════════════
  TURN 33 — 3340 B.C. (7ms)
══════════════════════════════════════════════════════════════════════
  [Civ 1] Romans (despotism): 1 cities, 0 units, 53g, 7 techs, researching Code of Laws (3/33)
    Rome: size=3, prod=Wonder40 (95sh), bldgs=Palace
    Units: none
  [Civ 2] Babylonians (despotism): 1 cities, 1 units, 30g, 7 techs, researching Mysticism (28/33)
    Babylon: size=2, prod=Legion (4sh), bldgs=Palace, Granary, Barracks
    Units: 1x Warriors
  [Civ 3] Germans (despotism): 1 cities, 2 units, 51g, 7 techs, researching Masonry (0/33)
    Berlin: size=3, prod=Wonder41 (91sh), bldgs=Palace
    Units: 1x Warriors, 1x Archers
  [Civ 4] Egyptians (despotism): 1 cities, 1 units, 59g, 6 techs, researching Map Making (32/36)
    Thebes: size=3, prod=building:3 (31sh), bldgs=Palace
    Units: 1x Warriors
  [Civ 1] Romans turn: 0 actions — idle

══════════════════════════════════════════════════════════════════════
  TURN 34 — 3320 B.C. (5ms)
══════════════════════════════════════════════════════════════════════
  [Civ 1] Romans (despotism): 1 cities, 0 units, 55g, 7 techs, researching Code of Laws (6/33)
    Rome: size=3, prod=Wonder40 (99sh), bldgs=Palace
    Units: none
  [Civ 2] Babylonians (despotism): 1 cities, 1 units, 30g, 7 techs, researching Mysticism (30/33)
    Babylon: size=2, prod=Legion (8sh), bldgs=Palace, Granary, Barracks
    Units: 1x Warriors
  [Civ 3] Germans (despotism): 1 cities, 2 units, 53g, 8 techs, researching Masonry (3/28)
    Berlin: size=3, prod=Wonder41 (95sh), bldgs=Palace
    Units: 1x Warriors, 1x Archers
  [Civ 4] Egyptians (despotism): 1 cities, 1 units, 59g, 7 techs, researching Map Making (33/33)
    Thebes: size=3, prod=building:3 (35sh), bldgs=Palace
    Units: 1x Warriors
  [Civ 1] Romans turn: 0 actions — idle
    >>> Egyptians discovered: Map Making
    SET_RESEARCH tech=Masonry

══════════════════════════════════════════════════════════════════════
  TURN 35 — 3300 B.C. (4ms)
══════════════════════════════════════════════════════════════════════
  [Civ 1] Romans (despotism): 1 cities, 0 units, 57g, 7 techs, researching Code of Laws (9/33)
    Rome: size=3, prod=Wonder40 (103sh), bldgs=Palace
    Units: none
  [Civ 2] Babylonians (despotism): 1 cities, 1 units, 30g, 7 techs, researching Mysticism (32/33)
    Babylon: size=2, prod=Legion (12sh), bldgs=Palace, Granary, Barracks
    Units: 1x Warriors
  [Civ 3] Germans (despotism): 1 cities, 2 units, 55g, 8 techs, researching Masonry (6/28)
    Berlin: size=3, prod=Wonder41 (99sh), bldgs=Palace
    Units: 1x Warriors, 1x Archers
  [Civ 4] Egyptians (despotism): 1 cities, 1 units, 59g, 8 techs, researching Masonry (0/28)
    Thebes: size=3, prod=building:3 (39sh), bldgs=Palace
    Units: 1x Warriors
  [Civ 1] Romans turn: 0 actions — idle
    >>> Babylonians discovered: Mysticism
    SET_RESEARCH tech=Code of Laws
    CHANGE_PRODUCTION city=1

══════════════════════════════════════════════════════════════════════
  TURN 36 — 3280 B.C. (4ms)
══════════════════════════════════════════════════════════════════════
  [Civ 1] Romans (despotism): 1 cities, 0 units, 59g, 8 techs, researching Code of Laws (12/28)
    Rome: size=3, prod=Wonder40 (107sh), bldgs=Palace
    Units: none
  [Civ 2] Babylonians (despotism): 1 cities, 1 units, 30g, 8 techs, researching Code of Laws (0/28)
    Babylon: size=2, prod=Wonder44 (0sh), bldgs=Palace, Granary, Barracks
    Units: 1x Warriors
  [Civ 3] Germans (despotism): 1 cities, 2 units, 57g, 8 techs, researching Masonry (9/28)
    Berlin: size=3, prod=Wonder41 (103sh), bldgs=Palace
    Units: 1x Warriors, 1x Archers
  [Civ 4] Egyptians (despotism): 1 cities, 1 units, 59g, 8 techs, researching Masonry (1/28)
    Thebes: size=3, prod=building:3 (43sh), bldgs=Palace
    Units: 1x Warriors
  [Civ 1] Romans turn: 0 actions — idle

══════════════════════════════════════════════════════════════════════
  TURN 37 — 3260 B.C. (5ms)
══════════════════════════════════════════════════════════════════════
  [Civ 1] Romans (despotism): 1 cities, 0 units, 61g, 8 techs, researching Code of Laws (15/28)
    Rome: size=3, prod=Wonder40 (111sh), bldgs=Palace
    Units: none
  [Civ 2] Babylonians (despotism): 1 cities, 1 units, 30g, 9 techs, researching Code of Laws (2/32)
    Babylon: size=2, prod=Wonder44 (4sh), bldgs=Palace, Granary, Barracks
    Units: 1x Warriors
  [Civ 3] Germans (despotism): 1 cities, 2 units, 59g, 8 techs, researching Masonry (12/28)
    Berlin: size=3, prod=Wonder41 (107sh), bldgs=Palace
    Units: 1x Warriors, 1x Archers
  [Civ 4] Egyptians (despotism): 1 cities, 1 units, 59g, 8 techs, researching Masonry (2/28)
    Thebes: size=3, prod=building:3 (47sh), bldgs=Palace
    Units: 1x Warriors
  [Civ 1] Romans turn: 0 actions — idle

══════════════════════════════════════════════════════════════════════
  TURN 38 — 3240 B.C. (6ms)
══════════════════════════════════════════════════════════════════════
  [Civ 1] Romans (despotism): 1 cities, 0 units, 63g, 8 techs, researching Code of Laws (18/28)
    Rome: size=3, prod=Wonder40 (115sh), bldgs=Palace
    Units: none
  [Civ 2] Babylonians (despotism): 1 cities, 1 units, 30g, 9 techs, researching Code of Laws (4/32)
    Babylon: size=2, prod=Wonder44 (8sh), bldgs=Palace, Granary, Barracks
    Units: 1x Warriors
  [Civ 3] Germans (despotism): 1 cities, 2 units, 61g, 8 techs, researching Masonry (15/28)
    Berlin: size=3, prod=Wonder41 (111sh), bldgs=Palace
    Units: 1x Warriors, 1x Archers
  [Civ 4] Egyptians (despotism): 1 cities, 1 units, 59g, 8 techs, researching Masonry (3/28)
    Thebes: size=3, prod=building:3 (51sh), bldgs=Palace
    Units: 1x Warriors
  [Civ 1] Romans turn: 0 actions — idle

══════════════════════════════════════════════════════════════════════
  TURN 39 — 3220 B.C. (6ms)
══════════════════════════════════════════════════════════════════════
  [Civ 1] Romans (despotism): 1 cities, 0 units, 65g, 8 techs, researching Code of Laws (21/28)
    Rome: size=3, prod=Wonder40 (119sh), bldgs=Palace
    Units: none
  [Civ 2] Babylonians (despotism): 1 cities, 1 units, 30g, 9 techs, researching Code of Laws (6/32)
    Babylon: size=2, prod=Wonder44 (12sh), bldgs=Palace, Granary, Barracks
    Units: 1x Warriors
  [Civ 3] Germans (despotism): 1 cities, 2 units, 63g, 8 techs, researching Masonry (18/28)
    Berlin: size=3, prod=Wonder41 (115sh), bldgs=Palace
    Units: 1x Warriors, 1x Archers
  [Civ 4] Egyptians (despotism): 1 cities, 1 units, 59g, 8 techs, researching Masonry (4/28)
    Thebes: size=3, prod=building:3 (55sh), bldgs=Palace
    Units: 1x Warriors
  [Civ 1] Romans turn: 0 actions — idle

══════════════════════════════════════════════════════════════════════
  TURN 40 — 3200 B.C. (6ms)
══════════════════════════════════════════════════════════════════════
  [Civ 1] Romans (despotism): 1 cities, 0 units, 67g, 8 techs, researching Code of Laws (24/28)
    Rome: size=3, prod=Wonder40 (123sh), bldgs=Palace
    Units: none
  [Civ 2] Babylonians (despotism): 1 cities, 1 units, 30g, 9 techs, researching Code of Laws (8/32)
    Babylon: size=2, prod=Wonder44 (16sh), bldgs=Palace, Granary, Barracks
    Units: 1x Warriors
  [Civ 3] Germans (despotism): 1 cities, 2 units, 65g, 8 techs, researching Masonry (21/28)
    Berlin: size=3, prod=Wonder41 (119sh), bldgs=Palace
    Units: 1x Warriors, 1x Archers
  [Civ 4] Egyptians (despotism): 1 cities, 1 units, 59g, 8 techs, researching Masonry (5/28)
    Thebes: size=3, prod=building:3 (59sh), bldgs=Palace
    Units: 1x Warriors
  [Civ 1] Romans turn: 0 actions — idle
    >>> Thebes built building:3
    CHANGE_PRODUCTION city=3

══════════════════════════════════════════════════════════════════════
  TURN 41 — 3180 B.C. (5ms)
══════════════════════════════════════════════════════════════════════
  [Civ 1] Romans (despotism): 1 cities, 0 units, 69g, 8 techs, researching Code of Laws (27/28)
    Rome: size=3, prod=Wonder40 (127sh), bldgs=Palace
    Units: none
  [Civ 2] Babylonians (despotism): 1 cities, 1 units, 30g, 9 techs, researching Code of Laws (10/32)
    Babylon: size=2, prod=Wonder44 (20sh), bldgs=Palace, Granary, Barracks
    Units: 1x Warriors
  [Civ 3] Germans (despotism): 1 cities, 2 units, 67g, 8 techs, researching Masonry (24/28)
    Berlin: size=3, prod=Wonder41 (123sh), bldgs=Palace
    Units: 1x Warriors, 1x Archers
  [Civ 4] Egyptians (despotism): 1 cities, 1 units, 58g, 8 techs, researching Masonry (6/28)
    Thebes: size=3, prod=Wonder42 (0sh), bldgs=Palace, Granary
    Units: 1x Warriors
  [Civ 1] Romans turn: 0 actions — idle
    >>> Romans discovered: Code of Laws

══════════════════════════════════════════════════════════════════════
  TURN 42 — 3160 B.C. (6ms)
══════════════════════════════════════════════════════════════════════
  [Civ 1] Romans (despotism): 1 cities, 0 units, 69g, 9 techs, researching none (0/32)
    Rome: size=3, prod=Wonder40 (131sh), bldgs=Palace
    Units: none
  [Civ 2] Babylonians (despotism): 1 cities, 1 units, 30g, 9 techs, researching Code of Laws (12/32)
    Babylon: size=2, prod=Wonder44 (24sh), bldgs=Palace, Granary, Barracks
    Units: 1x Warriors
  [Civ 3] Germans (despotism): 1 cities, 2 units, 69g, 8 techs, researching Masonry (27/28)
    Berlin: size=3, prod=Wonder41 (127sh), bldgs=Palace
    Units: 1x Warriors, 1x Archers
  [Civ 4] Egyptians (despotism): 1 cities, 1 units, 57g, 8 techs, researching Masonry (7/28)
    Thebes: size=3, prod=Wonder42 (4sh), bldgs=Palace, Granary
    Units: 1x Warriors
  [Civ 1] Romans turn: 1 actions — SET_RESEARCH(1)
    SET_RESEARCH tech=Masonry
    >>> Germans discovered: Masonry
    SET_RESEARCH tech=Currency

══════════════════════════════════════════════════════════════════════
  TURN 43 — 3140 B.C. (8ms)
══════════════════════════════════════════════════════════════════════
  [Civ 1] Romans (despotism): 1 cities, 0 units, 71g, 9 techs, researching Masonry (3/32)
    Rome: size=3, prod=Wonder40 (135sh), bldgs=Palace
    Units: none
  [Civ 2] Babylonians (despotism): 1 cities, 1 units, 30g, 9 techs, researching Code of Laws (14/32)
    Babylon: size=2, prod=Wonder44 (28sh), bldgs=Palace, Granary, Barracks
    Units: 1x Warriors
  [Civ 3] Germans (despotism): 1 cities, 2 units, 69g, 9 techs, researching Currency (0/32)
    Berlin: size=3, prod=Wonder41 (131sh), bldgs=Palace
    Units: 1x Warriors, 1x Archers
  [Civ 4] Egyptians (despotism): 1 cities, 1 units, 56g, 8 techs, researching Masonry (8/28)
    Thebes: size=3, prod=Wonder42 (8sh), bldgs=Palace, Granary
    Units: 1x Warriors
  [Civ 1] Romans turn: 0 actions — idle

══════════════════════════════════════════════════════════════════════
  TURN 44 — 3120 B.C. (7ms)
══════════════════════════════════════════════════════════════════════
  [Civ 1] Romans (despotism): 1 cities, 0 units, 73g, 9 techs, researching Masonry (6/32)
    Rome: size=3, prod=Wonder40 (139sh), bldgs=Palace
    Units: none
  [Civ 2] Babylonians (despotism): 1 cities, 1 units, 30g, 9 techs, researching Code of Laws (16/32)
    Babylon: size=2, prod=Wonder44 (32sh), bldgs=Palace, Granary, Barracks
    Units: 1x Warriors
  [Civ 3] Germans (despotism): 1 cities, 2 units, 71g, 9 techs, researching Currency (3/32)
    Berlin: size=3, prod=Wonder41 (135sh), bldgs=Palace
    Units: 1x Warriors, 1x Archers
  [Civ 4] Egyptians (despotism): 1 cities, 1 units, 55g, 8 techs, researching Masonry (9/28)
    Thebes: size=3, prod=Wonder42 (12sh), bldgs=Palace, Granary
    Units: 1x Warriors
  [Civ 1] Romans turn: 0 actions — idle
    >>> Rome grew to size 4

══════════════════════════════════════════════════════════════════════
  TURN 45 — 3100 B.C. (7ms)
══════════════════════════════════════════════════════════════════════
  [Civ 1] Romans (despotism): 1 cities, 0 units, 75g, 9 techs, researching Masonry (10/32)
    Rome: size=4, prod=Wonder40 (143sh), bldgs=Palace
    Units: none
  [Civ 2] Babylonians (despotism): 1 cities, 1 units, 30g, 9 techs, researching Code of Laws (18/32)
    Babylon: size=2, prod=Wonder44 (36sh), bldgs=Palace, Granary, Barracks
    Units: 1x Warriors
  [Civ 3] Germans (despotism): 1 cities, 2 units, 73g, 9 techs, researching Currency (6/32)
    Berlin: size=3, prod=Wonder41 (139sh), bldgs=Palace
    Units: 1x Warriors, 1x Archers
  [Civ 4] Egyptians (despotism): 1 cities, 1 units, 54g, 8 techs, researching Masonry (10/28)
    Thebes: size=3, prod=Wonder42 (16sh), bldgs=Palace, Granary
    Units: 1x Warriors
  [Civ 1] Romans turn: 0 actions — idle
    >>> Berlin grew to size 4
    >>> Thebes grew to size 4

══════════════════════════════════════════════════════════════════════
  TURN 46 — 3080 B.C. (4ms)
══════════════════════════════════════════════════════════════════════
  [Civ 1] Romans (despotism): 1 cities, 0 units, 77g, 9 techs, researching Masonry (14/32)
    Rome: size=4, prod=Wonder40 (148sh), bldgs=Palace
    Units: none
  [Civ 2] Babylonians (despotism): 1 cities, 1 units, 30g, 9 techs, researching Code of Laws (20/32)
    Babylon: size=2, prod=Wonder44 (40sh), bldgs=Palace, Granary, Barracks
    Units: 1x Warriors
  [Civ 3] Germans (despotism): 1 cities, 2 units, 75g, 9 techs, researching Currency (10/32)
    Berlin: size=4, prod=Wonder41 (143sh), bldgs=Palace
    Units: 1x Warriors, 1x Archers
  [Civ 4] Egyptians (despotism): 1 cities, 1 units, 53g, 8 techs, researching Masonry (11/28)
    Thebes: size=4, prod=Wonder42 (20sh), bldgs=Palace, Granary
    Units: 1x Warriors
  [Civ 1] Romans turn: 0 actions — idle

══════════════════════════════════════════════════════════════════════
  TURN 47 — 3060 B.C. (5ms)
══════════════════════════════════════════════════════════════════════
  [Civ 1] Romans (despotism): 1 cities, 0 units, 79g, 9 techs, researching Masonry (18/32)
    Rome: size=4, prod=Wonder40 (153sh), bldgs=Palace
    Units: none
  [Civ 2] Babylonians (despotism): 1 cities, 1 units, 30g, 9 techs, researching Code of Laws (22/32)
    Babylon: size=2, prod=Wonder44 (44sh), bldgs=Palace, Granary, Barracks
    Units: 1x Warriors
  [Civ 3] Germans (despotism): 1 cities, 2 units, 77g, 9 techs, researching Currency (14/32)
    Berlin: size=4, prod=Wonder41 (148sh), bldgs=Palace
    Units: 1x Warriors, 1x Archers
  [Civ 4] Egyptians (despotism): 1 cities, 1 units, 52g, 8 techs, researching Masonry (12/28)
    Thebes: size=4, prod=Wonder42 (25sh), bldgs=Palace, Granary
    Units: 1x Warriors
  [Civ 1] Romans turn: 0 actions — idle

══════════════════════════════════════════════════════════════════════
  TURN 48 — 3040 B.C. (4ms)
══════════════════════════════════════════════════════════════════════
  [Civ 1] Romans (despotism): 1 cities, 0 units, 81g, 9 techs, researching Masonry (22/32)
    Rome: size=4, prod=Wonder40 (158sh), bldgs=Palace
    Units: none
  [Civ 2] Babylonians (despotism): 1 cities, 1 units, 30g, 9 techs, researching Code of Laws (24/32)
    Babylon: size=2, prod=Wonder44 (48sh), bldgs=Palace, Granary, Barracks
    Units: 1x Warriors
  [Civ 3] Germans (despotism): 1 cities, 2 units, 79g, 9 techs, researching Currency (18/32)
    Berlin: size=4, prod=Wonder41 (153sh), bldgs=Palace
    Units: 1x Warriors, 1x Archers
  [Civ 4] Egyptians (despotism): 1 cities, 1 units, 51g, 8 techs, researching Masonry (13/28)
    Thebes: size=4, prod=Wonder42 (30sh), bldgs=Palace, Granary
    Units: 1x Warriors
  [Civ 1] Romans turn: 0 actions — idle

══════════════════════════════════════════════════════════════════════
  TURN 49 — 3020 B.C. (6ms)
══════════════════════════════════════════════════════════════════════
  [Civ 1] Romans (despotism): 1 cities, 0 units, 83g, 9 techs, researching Masonry (26/32)
    Rome: size=4, prod=Wonder40 (163sh), bldgs=Palace
    Units: none
  [Civ 2] Babylonians (despotism): 1 cities, 1 units, 30g, 9 techs, researching Code of Laws (26/32)
    Babylon: size=2, prod=Wonder44 (52sh), bldgs=Palace, Granary, Barracks
    Units: 1x Warriors
  [Civ 3] Germans (despotism): 1 cities, 2 units, 81g, 9 techs, researching Currency (22/32)
    Berlin: size=4, prod=Wonder41 (158sh), bldgs=Palace
    Units: 1x Warriors, 1x Archers
  [Civ 4] Egyptians (despotism): 1 cities, 1 units, 50g, 8 techs, researching Masonry (14/28)
    Thebes: size=4, prod=Wonder42 (35sh), bldgs=Palace, Granary
    Units: 1x Warriors
  [Civ 1] Romans turn: 0 actions — idle

══════════════════════════════════════════════════════════════════════
  FINAL SUMMARY
══════════════════════════════════════════════════════════════════════
Game ended at turn 50 (3000 B.C.)

── Civ 1: Romans (despotism) ALIVE ──
  Cities: 1 (peak 1, founded 1)
  Units:  0 (peak 1)
  Treasury: 85g
  Techs discovered: 3 — Warrior Code, Iron Working, Code of Laws
  Actions: 19 total, 43 idle turns
  Breakdown: UNIT_ORDER(5), SET_RESEARCH(4), MOVE_UNIT(4), ADJUST_ATTITUDE(3), CHANGE_RATES(1), BUILD_CITY(1), CHANGE_PRODUCTION(1)
  Army: none
  Rome: size=4, shields=168

── Civ 2: Babylonians (despotism) ALIVE ──
  Cities: 1 (peak 1, founded 1)
  Units:  1 (peak 1)
  Treasury: 30g
  Techs discovered: 2 — Iron Working, Mysticism
  Actions: 113 total, 0 idle turns
  Breakdown: UNIT_ORDER(51), MOVE_UNIT(50), CHANGE_PRODUCTION(4), SET_RESEARCH(3), ADJUST_ATTITUDE(3), CHANGE_RATES(1), BUILD_CITY(1)
  Army: 1x Warriors
  Babylon: size=2, shields=56

── Civ 3: Germans (despotism) ALIVE ──
  Cities: 1 (peak 1, founded 1)
  Units:  2 (peak 2)
  Treasury: 83g
  Techs discovered: 3 — Alphabet, Map Making, Masonry
  Actions: 207 total, 0 idle turns
  Breakdown: UNIT_ORDER(99), MOVE_UNIT(98), SET_RESEARCH(4), ADJUST_ATTITUDE(3), CHANGE_RATES(1), BUILD_CITY(1), CHANGE_PRODUCTION(1)
  Army: 1x Warriors, 1x Archers
  Berlin: size=4, shields=163

── Civ 4: Egyptians (despotism) ALIVE ──
  Cities: 1 (peak 1, founded 1)
  Units:  1 (peak 1)
  Treasury: 49g
  Techs discovered: 1 — Map Making
  Actions: 110 total, 0 idle turns
  Breakdown: UNIT_ORDER(51), MOVE_UNIT(50), ADJUST_ATTITUDE(3), SET_RESEARCH(2), CHANGE_PRODUCTION(2), CHANGE_RATES(1), BUILD_CITY(1)
  Army: 1x Warriors
  Thebes: size=4, shields=40


══════════════════════════════════════════════════════════════════════
  AI BEHAVIOR ANALYSIS
══════════════════════════════════════════════════════════════════════
[Civ 1] Romans:
  WARNING: Idle 43/50 turns (>50%)
  WARNING: Only 1 city after 30+ turns

[Civ 2] Babylonians:
  WARNING: Only 1 city after 30+ turns

[Civ 3] Germans:
  WARNING: Only 1 city after 30+ turns

[Civ 4] Egyptians:
  WARNING: Only 1 city after 30+ turns

