Charlization AI Headless Simulation
Date: 2026-03-16T23:24:00.983Z
Settings: 50 turns, 4 AI players, 50x80 map, difficulty=prince
Map seed: 18281
Map generated in 83ms
Game initialized: 4 civs, 8 starting units
  Civ 1 (Romans): starts at (29,53) on Grassland
  Civ 2 (Babylonians): starts at (38,8) on Hills
  Civ 3 (Germans): starts at (13,27) on Forest
  Civ 4 (Egyptians): starts at (4,62) on Grassland
    SET_RESEARCH tech=Bronze Working
    CHANGE_RATES sci=6 tax=4 lux=undefined
    BUILD_CITY unit=0 name="Rome"
    1 actions REJECTED (of 6)
    SET_RESEARCH tech=Alphabet
    CHANGE_RATES sci=6 tax=4 lux=undefined
    BUILD_CITY unit=2 name="Babylon"
    1 actions REJECTED (of 6)
    SET_RESEARCH tech=Map Making
    CHANGE_RATES sci=6 tax=4 lux=undefined
    BUILD_CITY unit=4 name="Berlin"
    1 actions REJECTED (of 6)
    SET_RESEARCH tech=Masonry
    CHANGE_RATES sci=6 tax=4 lux=undefined
    BUILD_CITY unit=6 name="Thebes"
    1 actions REJECTED (of 6)

══════════════════════════════════════════════════════════════════════
  TURN 1 — 4000 B.C. (32ms)
══════════════════════════════════════════════════════════════════════
  [Civ 1] Romans (despotism): 1 cities, 1 units, 1g, 3 techs, researching Bronze Working (2/28)
    Rome: size=1, prod=Warriors (2sh), bldgs=Palace
    Units: 1x Warriors
  [Civ 2] Babylonians (despotism): 1 cities, 1 units, 0g, 3 techs, researching Alphabet (0/28)
    Babylon: size=1, prod=Warriors (0sh), bldgs=Palace
    Units: 1x Warriors
  [Civ 3] Germans (despotism): 1 cities, 1 units, 0g, 3 techs, researching Map Making (0/28)
    Berlin: size=1, prod=Warriors (0sh), bldgs=Palace
    Units: 1x Warriors
  [Civ 4] Egyptians (despotism): 1 cities, 1 units, 0g, 3 techs, researching Masonry (0/28)
    Thebes: size=1, prod=Warriors (0sh), bldgs=Palace
    Units: 1x Warriors
  [Civ 1] Romans turn: 3 actions — CHANGE_PRODUCTION(1), MOVE_UNIT(1), UNIT_ORDER(1)
    CHANGE_PRODUCTION city=0
    SET_RESEARCH tech=Map Making
    CHANGE_PRODUCTION city=1
    CHANGE_PRODUCTION city=2
    SET_RESEARCH tech=Ceremonial Burial
    CHANGE_PRODUCTION city=3

══════════════════════════════════════════════════════════════════════
  TURN 2 — 3980 B.C. (18ms)
══════════════════════════════════════════════════════════════════════
  [Civ 1] Romans (despotism): 1 cities, 1 units, 2g, 5 techs, researching Bronze Working (4/36)
    Rome: size=1, prod=Wonder39 (2sh), bldgs=Palace
    Units: 1x Warriors
  [Civ 2] Babylonians (despotism): 1 cities, 1 units, 0g, 5 techs, researching Map Making (1/36)
    Babylon: size=1, prod=building:3 (0sh), bldgs=Palace
    Units: 1x Warriors
  [Civ 3] Germans (despotism): 1 cities, 1 units, 0g, 5 techs, researching Map Making (0/36)
    Berlin: size=1, prod=building:3 (0sh), bldgs=Palace
    Units: 1x Warriors
  [Civ 4] Egyptians (despotism): 1 cities, 1 units, 0g, 5 techs, researching Ceremonial Burial (1/36)
    Thebes: size=1, prod=building:3 (0sh), bldgs=Palace
    Units: 1x Warriors
  [Civ 1] Romans turn: 2 actions — MOVE_UNIT(1), UNIT_ORDER(1)

══════════════════════════════════════════════════════════════════════
  TURN 3 — 3960 B.C. (9ms)
══════════════════════════════════════════════════════════════════════
  [Civ 1] Romans (despotism): 1 cities, 1 units, 3g, 5 techs, researching Bronze Working (6/36)
    Rome: size=1, prod=Wonder39 (4sh), bldgs=Palace
    Units: 1x Warriors
  [Civ 2] Babylonians (despotism): 1 cities, 1 units, 0g, 5 techs, researching Map Making (2/36)
    Babylon: size=1, prod=building:3 (2sh), bldgs=Palace
    Units: 1x Warriors
  [Civ 3] Germans (despotism): 1 cities, 1 units, 0g, 5 techs, researching Map Making (0/36)
    Berlin: size=1, prod=building:3 (4sh), bldgs=Palace
    Units: 1x Warriors
  [Civ 4] Egyptians (despotism): 1 cities, 1 units, 0g, 5 techs, researching Ceremonial Burial (2/36)
    Thebes: size=1, prod=building:3 (2sh), bldgs=Palace
    Units: 1x Warriors
  [Civ 1] Romans turn: 2 actions — MOVE_UNIT(1), UNIT_ORDER(1)

══════════════════════════════════════════════════════════════════════
  TURN 4 — 3940 B.C. (5ms)
══════════════════════════════════════════════════════════════════════
  [Civ 1] Romans (despotism): 1 cities, 1 units, 4g, 5 techs, researching Bronze Working (8/36)
    Rome: size=1, prod=Wonder39 (6sh), bldgs=Palace
    Units: 1x Warriors
  [Civ 2] Babylonians (despotism): 1 cities, 1 units, 0g, 5 techs, researching Map Making (3/36)
    Babylon: size=1, prod=building:3 (4sh), bldgs=Palace
    Units: 1x Warriors
  [Civ 3] Germans (despotism): 1 cities, 1 units, 0g, 5 techs, researching Map Making (0/36)
    Berlin: size=1, prod=building:3 (8sh), bldgs=Palace
    Units: 1x Warriors
  [Civ 4] Egyptians (despotism): 1 cities, 1 units, 0g, 5 techs, researching Ceremonial Burial (3/36)
    Thebes: size=1, prod=building:3 (4sh), bldgs=Palace
    Units: 1x Warriors
  [Civ 1] Romans turn: 2 actions — MOVE_UNIT(1), UNIT_ORDER(1)

══════════════════════════════════════════════════════════════════════
  TURN 5 — 3920 B.C. (5ms)
══════════════════════════════════════════════════════════════════════
  [Civ 1] Romans (despotism): 1 cities, 1 units, 5g, 5 techs, researching Bronze Working (10/36)
    Rome: size=1, prod=Wonder39 (8sh), bldgs=Palace
    Units: 1x Warriors
  [Civ 2] Babylonians (despotism): 1 cities, 1 units, 0g, 5 techs, researching Map Making (4/36)
    Babylon: size=1, prod=building:3 (6sh), bldgs=Palace
    Units: 1x Warriors
  [Civ 3] Germans (despotism): 1 cities, 1 units, 0g, 5 techs, researching Map Making (0/36)
    Berlin: size=1, prod=building:3 (12sh), bldgs=Palace
    Units: 1x Warriors
  [Civ 4] Egyptians (despotism): 1 cities, 1 units, 0g, 5 techs, researching Ceremonial Burial (4/36)
    Thebes: size=1, prod=building:3 (6sh), bldgs=Palace
    Units: 1x Warriors
  [Civ 1] Romans turn: 2 actions — MOVE_UNIT(1), UNIT_ORDER(1)

══════════════════════════════════════════════════════════════════════
  TURN 6 — 3900 B.C. (4ms)
══════════════════════════════════════════════════════════════════════
  [Civ 1] Romans (despotism): 1 cities, 1 units, 6g, 5 techs, researching Bronze Working (12/36)
    Rome: size=1, prod=Wonder39 (10sh), bldgs=Palace
    Units: 1x Warriors
  [Civ 2] Babylonians (despotism): 1 cities, 1 units, 0g, 5 techs, researching Map Making (5/36)
    Babylon: size=1, prod=building:3 (8sh), bldgs=Palace
    Units: 1x Warriors
  [Civ 3] Germans (despotism): 1 cities, 1 units, 0g, 5 techs, researching Map Making (0/36)
    Berlin: size=1, prod=building:3 (16sh), bldgs=Palace
    Units: 1x Warriors
  [Civ 4] Egyptians (despotism): 1 cities, 1 units, 0g, 5 techs, researching Ceremonial Burial (5/36)
    Thebes: size=1, prod=building:3 (8sh), bldgs=Palace
    Units: 1x Warriors
  [Civ 1] Romans turn: 2 actions — MOVE_UNIT(1), UNIT_ORDER(1)

══════════════════════════════════════════════════════════════════════
  TURN 7 — 3880 B.C. (5ms)
══════════════════════════════════════════════════════════════════════
  [Civ 1] Romans (despotism): 1 cities, 1 units, 7g, 5 techs, researching Bronze Working (14/36)
    Rome: size=1, prod=Wonder39 (12sh), bldgs=Palace
    Units: 1x Warriors
  [Civ 2] Babylonians (despotism): 1 cities, 1 units, 0g, 5 techs, researching Map Making (6/36)
    Babylon: size=1, prod=building:3 (10sh), bldgs=Palace
    Units: 1x Warriors
  [Civ 3] Germans (despotism): 1 cities, 1 units, 0g, 5 techs, researching Map Making (0/36)
    Berlin: size=1, prod=building:3 (20sh), bldgs=Palace
    Units: 1x Warriors
  [Civ 4] Egyptians (despotism): 1 cities, 1 units, 0g, 5 techs, researching Ceremonial Burial (6/36)
    Thebes: size=1, prod=building:3 (10sh), bldgs=Palace
    Units: 1x Warriors
  [Civ 1] Romans turn: 2 actions — MOVE_UNIT(1), UNIT_ORDER(1)

══════════════════════════════════════════════════════════════════════
  TURN 8 — 3860 B.C. (4ms)
══════════════════════════════════════════════════════════════════════
  [Civ 1] Romans (despotism): 1 cities, 1 units, 8g, 5 techs, researching Bronze Working (16/36)
    Rome: size=1, prod=Wonder39 (14sh), bldgs=Palace
    Units: 1x Warriors
  [Civ 2] Babylonians (despotism): 1 cities, 1 units, 0g, 5 techs, researching Map Making (7/36)
    Babylon: size=1, prod=building:3 (12sh), bldgs=Palace
    Units: 1x Warriors
  [Civ 3] Germans (despotism): 1 cities, 1 units, 0g, 5 techs, researching Map Making (0/36)
    Berlin: size=1, prod=building:3 (24sh), bldgs=Palace
    Units: 1x Warriors
  [Civ 4] Egyptians (despotism): 1 cities, 1 units, 0g, 5 techs, researching Ceremonial Burial (7/36)
    Thebes: size=1, prod=building:3 (12sh), bldgs=Palace
    Units: 1x Warriors
  [Civ 1] Romans turn: 2 actions — MOVE_UNIT(1), UNIT_ORDER(1)

══════════════════════════════════════════════════════════════════════
  TURN 9 — 3840 B.C. (5ms)
══════════════════════════════════════════════════════════════════════
  [Civ 1] Romans (despotism): 1 cities, 1 units, 9g, 5 techs, researching Bronze Working (18/36)
    Rome: size=1, prod=Wonder39 (16sh), bldgs=Palace
    Units: 1x Warriors
  [Civ 2] Babylonians (despotism): 1 cities, 1 units, 0g, 5 techs, researching Map Making (8/36)
    Babylon: size=1, prod=building:3 (14sh), bldgs=Palace
    Units: 1x Warriors
  [Civ 3] Germans (despotism): 1 cities, 1 units, 0g, 5 techs, researching Map Making (0/36)
    Berlin: size=1, prod=building:3 (28sh), bldgs=Palace
    Units: 1x Warriors
  [Civ 4] Egyptians (despotism): 1 cities, 1 units, 0g, 5 techs, researching Ceremonial Burial (8/36)
    Thebes: size=1, prod=building:3 (14sh), bldgs=Palace
    Units: 1x Warriors
  [Civ 1] Romans turn: 2 actions — MOVE_UNIT(1), UNIT_ORDER(1)
    >>> Rome grew to size 2

══════════════════════════════════════════════════════════════════════
  TURN 10 — 3820 B.C. (4ms)
══════════════════════════════════════════════════════════════════════
  [Civ 1] Romans (despotism): 1 cities, 1 units, 11g, 5 techs, researching Bronze Working (20/36)
    Rome: size=2, prod=Wonder39 (18sh), bldgs=Palace
    Units: 1x Warriors
  [Civ 2] Babylonians (despotism): 1 cities, 1 units, 0g, 5 techs, researching Map Making (9/36)
    Babylon: size=1, prod=building:3 (16sh), bldgs=Palace
    Units: 1x Warriors
  [Civ 3] Germans (despotism): 1 cities, 1 units, 0g, 5 techs, researching Map Making (0/36)
    Berlin: size=1, prod=building:3 (32sh), bldgs=Palace
    Units: 1x Warriors
  [Civ 4] Egyptians (despotism): 1 cities, 1 units, 0g, 5 techs, researching Ceremonial Burial (9/36)
    Thebes: size=1, prod=building:3 (16sh), bldgs=Palace
    Units: 1x Warriors
  [Civ 1] Romans turn: 2 actions — MOVE_UNIT(1), UNIT_ORDER(1)
    >>> Babylon grew to size 2
    >>> Thebes grew to size 2

══════════════════════════════════════════════════════════════════════
  TURN 11 — 3800 B.C. (5ms)
══════════════════════════════════════════════════════════════════════
  [Civ 1] Romans (despotism): 1 cities, 1 units, 13g, 5 techs, researching Bronze Working (22/36)
    Rome: size=2, prod=Wonder39 (21sh), bldgs=Palace
    Units: 1x Warriors
  [Civ 2] Babylonians (despotism): 1 cities, 1 units, 1g, 5 techs, researching Map Making (10/36)
    Babylon: size=2, prod=building:3 (18sh), bldgs=Palace
    Units: 1x Warriors
  [Civ 3] Germans (despotism): 1 cities, 1 units, 0g, 5 techs, researching Map Making (0/36)
    Berlin: size=1, prod=building:3 (36sh), bldgs=Palace
    Units: 1x Warriors
  [Civ 4] Egyptians (despotism): 1 cities, 1 units, 0g, 5 techs, researching Ceremonial Burial (10/36)
    Thebes: size=2, prod=building:3 (18sh), bldgs=Palace
    Units: 1x Warriors
  [Civ 1] Romans turn: 2 actions — MOVE_UNIT(1), UNIT_ORDER(1)

══════════════════════════════════════════════════════════════════════
  TURN 12 — 3780 B.C. (4ms)
══════════════════════════════════════════════════════════════════════
  [Civ 1] Romans (despotism): 1 cities, 1 units, 15g, 5 techs, researching Bronze Working (24/36)
    Rome: size=2, prod=Wonder39 (24sh), bldgs=Palace
    Units: 1x Warriors
  [Civ 2] Babylonians (despotism): 1 cities, 1 units, 2g, 5 techs, researching Map Making (11/36)
    Babylon: size=2, prod=building:3 (21sh), bldgs=Palace
    Units: 1x Warriors
  [Civ 3] Germans (despotism): 1 cities, 1 units, 0g, 5 techs, researching Map Making (0/36)
    Berlin: size=1, prod=building:3 (40sh), bldgs=Palace
    Units: 1x Warriors
  [Civ 4] Egyptians (despotism): 1 cities, 1 units, 0g, 5 techs, researching Ceremonial Burial (11/36)
    Thebes: size=2, prod=building:3 (21sh), bldgs=Palace
    Units: 1x Warriors
  [Civ 1] Romans turn: 2 actions — MOVE_UNIT(1), UNIT_ORDER(1)

══════════════════════════════════════════════════════════════════════
  TURN 13 — 3760 B.C. (4ms)
══════════════════════════════════════════════════════════════════════
  [Civ 1] Romans (despotism): 1 cities, 1 units, 17g, 5 techs, researching Bronze Working (26/36)
    Rome: size=2, prod=Wonder39 (27sh), bldgs=Palace
    Units: 1x Warriors
  [Civ 2] Babylonians (despotism): 1 cities, 1 units, 3g, 5 techs, researching Map Making (12/36)
    Babylon: size=2, prod=building:3 (24sh), bldgs=Palace
    Units: 1x Warriors
  [Civ 3] Germans (despotism): 1 cities, 1 units, 0g, 5 techs, researching Map Making (0/36)
    Berlin: size=1, prod=building:3 (44sh), bldgs=Palace
    Units: 1x Warriors
  [Civ 4] Egyptians (despotism): 1 cities, 1 units, 0g, 5 techs, researching Ceremonial Burial (12/36)
    Thebes: size=2, prod=building:3 (24sh), bldgs=Palace
    Units: 1x Warriors
  [Civ 1] Romans turn: 2 actions — MOVE_UNIT(1), UNIT_ORDER(1)

══════════════════════════════════════════════════════════════════════
  TURN 14 — 3740 B.C. (5ms)
══════════════════════════════════════════════════════════════════════
  [Civ 1] Romans (despotism): 1 cities, 1 units, 19g, 5 techs, researching Bronze Working (28/36)
    Rome: size=2, prod=Wonder39 (30sh), bldgs=Palace
    Units: 1x Warriors
  [Civ 2] Babylonians (despotism): 1 cities, 1 units, 4g, 5 techs, researching Map Making (13/36)
    Babylon: size=2, prod=building:3 (27sh), bldgs=Palace
    Units: 1x Warriors
  [Civ 3] Germans (despotism): 1 cities, 1 units, 0g, 5 techs, researching Map Making (0/36)
    Berlin: size=1, prod=building:3 (48sh), bldgs=Palace
    Units: 1x Warriors
  [Civ 4] Egyptians (despotism): 1 cities, 1 units, 0g, 5 techs, researching Ceremonial Burial (13/36)
    Thebes: size=2, prod=building:3 (27sh), bldgs=Palace
    Units: 1x Warriors
  [Civ 1] Romans turn: 2 actions — MOVE_UNIT(1), UNIT_ORDER(1)

══════════════════════════════════════════════════════════════════════
  TURN 15 — 3720 B.C. (3ms)
══════════════════════════════════════════════════════════════════════
  [Civ 1] Romans (despotism): 1 cities, 1 units, 21g, 5 techs, researching Bronze Working (30/36)
    Rome: size=2, prod=Wonder39 (33sh), bldgs=Palace
    Units: 1x Warriors
  [Civ 2] Babylonians (despotism): 1 cities, 1 units, 5g, 5 techs, researching Map Making (14/36)
    Babylon: size=2, prod=building:3 (30sh), bldgs=Palace
    Units: 1x Warriors
  [Civ 3] Germans (despotism): 1 cities, 1 units, 0g, 5 techs, researching Map Making (0/36)
    Berlin: size=1, prod=building:3 (52sh), bldgs=Palace
    Units: 1x Warriors
  [Civ 4] Egyptians (despotism): 1 cities, 1 units, 0g, 5 techs, researching Ceremonial Burial (14/36)
    Thebes: size=2, prod=building:3 (30sh), bldgs=Palace
    Units: 1x Warriors
  [Civ 1] Romans turn: 2 actions — MOVE_UNIT(1), UNIT_ORDER(1)
    END_TURN REJECTED: 1 units still need orders
      #8 Archers(Atk) @(15,65) mv=3 ord=none hp=full

══════════════════════════════════════════════════════════════════════
  TURN 16 — 3700 B.C. (8ms)
══════════════════════════════════════════════════════════════════════
  [Civ 1] Romans (despotism): 1 cities, 1 units, 23g, 5 techs, researching Bronze Working (32/36)
    Rome: size=2, prod=Wonder39 (36sh), bldgs=Palace
    Units: 1x Warriors
  [Civ 2] Babylonians (despotism): 1 cities, 1 units, 6g, 5 techs, researching Map Making (15/36)
    Babylon: size=2, prod=building:3 (33sh), bldgs=Palace
    Units: 1x Warriors
  [Civ 3] Germans (despotism): 1 cities, 1 units, 0g, 5 techs, researching Map Making (0/36)
    Berlin: size=1, prod=building:3 (56sh), bldgs=Palace
    Units: 1x Warriors
  [Civ 4] Egyptians (despotism): 1 cities, 2 units, 0g, 5 techs, researching Ceremonial Burial (15/36)
    Thebes: size=2, prod=building:3 (33sh), bldgs=Palace
    Units: 1x Warriors, 1x Archers
  [Civ 1] Romans turn: 2 actions — MOVE_UNIT(1), UNIT_ORDER(1)
    >>> Berlin built building:3
    >>> Berlin sold Granary

══════════════════════════════════════════════════════════════════════
  TURN 17 — 3680 B.C. (8ms)
══════════════════════════════════════════════════════════════════════
  [Civ 1] Romans (despotism): 1 cities, 1 units, 25g, 5 techs, researching Bronze Working (34/36)
    Rome: size=2, prod=Wonder39 (39sh), bldgs=Palace
    Units: 1x Warriors
  [Civ 2] Babylonians (despotism): 1 cities, 1 units, 7g, 5 techs, researching Map Making (16/36)
    Babylon: size=2, prod=building:3 (36sh), bldgs=Palace
    Units: 1x Warriors
  [Civ 3] Germans (despotism): 1 cities, 1 units, 59g, 5 techs, researching Map Making (0/36)
    Berlin: size=1, prod=building:3 (0sh), bldgs=Palace
    Units: 1x Warriors
  [Civ 4] Egyptians (despotism): 1 cities, 2 units, 0g, 5 techs, researching Ceremonial Burial (16/36)
    Thebes: size=2, prod=building:3 (36sh), bldgs=Palace
    Units: 1x Warriors, 1x Archers
  [Civ 1] Romans turn: 2 actions — MOVE_UNIT(1), UNIT_ORDER(1)
    >>> Romans discovered: Bronze Working

══════════════════════════════════════════════════════════════════════
  TURN 18 — 3660 B.C. (7ms)
══════════════════════════════════════════════════════════════════════
  [Civ 1] Romans (despotism): 1 cities, 1 units, 25g, 6 techs, researching none (0/36)
    Rome: size=2, prod=Wonder39 (42sh), bldgs=Palace
    Units: 1x Warriors
  [Civ 2] Babylonians (despotism): 1 cities, 1 units, 8g, 5 techs, researching Map Making (17/36)
    Babylon: size=2, prod=building:3 (39sh), bldgs=Palace
    Units: 1x Warriors
  [Civ 3] Germans (despotism): 1 cities, 1 units, 59g, 5 techs, researching Map Making (0/36)
    Berlin: size=1, prod=building:3 (4sh), bldgs=Palace
    Units: 1x Warriors
  [Civ 4] Egyptians (despotism): 1 cities, 2 units, 0g, 5 techs, researching Ceremonial Burial (17/36)
    Thebes: size=2, prod=building:3 (39sh), bldgs=Palace
    Units: 1x Warriors, 1x Archers
  [Civ 1] Romans turn: 3 actions — SET_RESEARCH(1), MOVE_UNIT(1), UNIT_ORDER(1)
    SET_RESEARCH tech=Iron Working

══════════════════════════════════════════════════════════════════════
  TURN 19 — 3640 B.C. (8ms)
══════════════════════════════════════════════════════════════════════
  [Civ 1] Romans (despotism): 1 cities, 1 units, 27g, 6 techs, researching Iron Working (2/36)
    Rome: size=2, prod=Wonder39 (45sh), bldgs=Palace
    Units: 1x Warriors
  [Civ 2] Babylonians (despotism): 1 cities, 1 units, 9g, 5 techs, researching Map Making (18/36)
    Babylon: size=2, prod=building:3 (42sh), bldgs=Palace
    Units: 1x Warriors
  [Civ 3] Germans (despotism): 1 cities, 1 units, 59g, 5 techs, researching Map Making (0/36)
    Berlin: size=1, prod=building:3 (8sh), bldgs=Palace
    Units: 1x Warriors
  [Civ 4] Egyptians (despotism): 1 cities, 2 units, 0g, 5 techs, researching Ceremonial Burial (18/36)
    Thebes: size=2, prod=building:3 (42sh), bldgs=Palace
    Units: 1x Warriors, 1x Archers
  [Civ 1] Romans turn: 2 actions — MOVE_UNIT(1), UNIT_ORDER(1)

══════════════════════════════════════════════════════════════════════
  TURN 20 — 3620 B.C. (6ms)
══════════════════════════════════════════════════════════════════════
  [Civ 1] Romans (despotism): 1 cities, 1 units, 29g, 6 techs, researching Iron Working (4/36)
    Rome: size=2, prod=Wonder39 (48sh), bldgs=Palace
    Units: 1x Warriors
  [Civ 2] Babylonians (despotism): 1 cities, 1 units, 10g, 5 techs, researching Map Making (19/36)
    Babylon: size=2, prod=building:3 (45sh), bldgs=Palace
    Units: 1x Warriors
  [Civ 3] Germans (despotism): 1 cities, 1 units, 59g, 5 techs, researching Map Making (0/36)
    Berlin: size=1, prod=building:3 (12sh), bldgs=Palace
    Units: 1x Warriors
  [Civ 4] Egyptians (despotism): 1 cities, 2 units, 0g, 5 techs, researching Ceremonial Burial (19/36)
    Thebes: size=2, prod=building:3 (45sh), bldgs=Palace
    Units: 1x Warriors, 1x Archers
  [Civ 1] Romans turn: 2 actions — MOVE_UNIT(1), UNIT_ORDER(1)
    >>> Berlin grew to size 2

══════════════════════════════════════════════════════════════════════
  TURN 21 — 3600 B.C. (5ms)
══════════════════════════════════════════════════════════════════════
  [Civ 1] Romans (despotism): 1 cities, 1 units, 31g, 6 techs, researching Iron Working (6/36)
    Rome: size=2, prod=Wonder39 (51sh), bldgs=Palace
    Units: 1x Warriors
  [Civ 2] Babylonians (despotism): 1 cities, 1 units, 11g, 5 techs, researching Map Making (20/36)
    Babylon: size=2, prod=building:3 (48sh), bldgs=Palace
    Units: 1x Warriors
  [Civ 3] Germans (despotism): 1 cities, 1 units, 59g, 5 techs, researching Map Making (1/36)
    Berlin: size=2, prod=building:3 (16sh), bldgs=Palace
    Units: 1x Warriors
  [Civ 4] Egyptians (despotism): 1 cities, 2 units, 0g, 5 techs, researching Ceremonial Burial (20/36)
    Thebes: size=2, prod=building:3 (48sh), bldgs=Palace
    Units: 1x Warriors, 1x Archers
  [Civ 1] Romans turn: 2 actions — MOVE_UNIT(1), UNIT_ORDER(1)

══════════════════════════════════════════════════════════════════════
  TURN 22 — 3580 B.C. (5ms)
══════════════════════════════════════════════════════════════════════
  [Civ 1] Romans (despotism): 1 cities, 1 units, 33g, 6 techs, researching Iron Working (8/36)
    Rome: size=2, prod=Wonder39 (54sh), bldgs=Palace
    Units: 1x Warriors
  [Civ 2] Babylonians (despotism): 1 cities, 1 units, 12g, 5 techs, researching Map Making (21/36)
    Babylon: size=2, prod=building:3 (51sh), bldgs=Palace
    Units: 1x Warriors
  [Civ 3] Germans (despotism): 1 cities, 1 units, 59g, 5 techs, researching Map Making (2/36)
    Berlin: size=2, prod=building:3 (21sh), bldgs=Palace
    Units: 1x Warriors
  [Civ 4] Egyptians (despotism): 1 cities, 2 units, 0g, 5 techs, researching Ceremonial Burial (21/36)
    Thebes: size=2, prod=building:3 (51sh), bldgs=Palace
    Units: 1x Warriors, 1x Archers
  [Civ 1] Romans turn: 2 actions — MOVE_UNIT(1), UNIT_ORDER(1)

══════════════════════════════════════════════════════════════════════
  TURN 23 — 3560 B.C. (4ms)
══════════════════════════════════════════════════════════════════════
  [Civ 1] Romans (despotism): 1 cities, 1 units, 35g, 6 techs, researching Iron Working (10/36)
    Rome: size=2, prod=Wonder39 (57sh), bldgs=Palace
    Units: 1x Warriors
  [Civ 2] Babylonians (despotism): 1 cities, 1 units, 13g, 5 techs, researching Map Making (22/36)
    Babylon: size=2, prod=building:3 (54sh), bldgs=Palace
    Units: 1x Warriors
  [Civ 3] Germans (despotism): 1 cities, 1 units, 59g, 5 techs, researching Map Making (3/36)
    Berlin: size=2, prod=building:3 (26sh), bldgs=Palace
    Units: 1x Warriors
  [Civ 4] Egyptians (despotism): 1 cities, 2 units, 0g, 5 techs, researching Ceremonial Burial (22/36)
    Thebes: size=2, prod=building:3 (54sh), bldgs=Palace
    Units: 1x Warriors, 1x Archers
  [Civ 1] Romans turn: 2 actions — MOVE_UNIT(1), UNIT_ORDER(1)

══════════════════════════════════════════════════════════════════════
  TURN 24 — 3540 B.C. (3ms)
══════════════════════════════════════════════════════════════════════
  [Civ 1] Romans (despotism): 1 cities, 1 units, 37g, 6 techs, researching Iron Working (12/36)
    Rome: size=2, prod=Wonder39 (60sh), bldgs=Palace
    Units: 1x Warriors
  [Civ 2] Babylonians (despotism): 1 cities, 1 units, 14g, 5 techs, researching Map Making (23/36)
    Babylon: size=2, prod=building:3 (57sh), bldgs=Palace
    Units: 1x Warriors
  [Civ 3] Germans (despotism): 1 cities, 1 units, 59g, 5 techs, researching Map Making (4/36)
    Berlin: size=2, prod=building:3 (31sh), bldgs=Palace
    Units: 1x Warriors
  [Civ 4] Egyptians (despotism): 1 cities, 2 units, 0g, 5 techs, researching Ceremonial Burial (23/36)
    Thebes: size=2, prod=building:3 (57sh), bldgs=Palace
    Units: 1x Warriors, 1x Archers
  [Civ 1] Romans turn: 2 actions — MOVE_UNIT(1), UNIT_ORDER(1)
    >>> Babylon built building:3
    CHANGE_PRODUCTION city=1
    >>> Thebes built building:3
    >>> Thebes sold Granary
    >>> Rome grew to size 3

══════════════════════════════════════════════════════════════════════
  TURN 25 — 3520 B.C. (5ms)
══════════════════════════════════════════════════════════════════════
  [Civ 1] Romans (despotism): 1 cities, 1 units, 39g, 6 techs, researching Iron Working (15/36)
    Rome: size=3, prod=Wonder39 (63sh), bldgs=Palace
    Units: 1x Warriors
  [Civ 2] Babylonians (despotism): 1 cities, 1 units, 14g, 5 techs, researching Map Making (24/36)
    Babylon: size=2, prod=Settlers (0sh), bldgs=Palace, Granary
    Units: 1x Warriors
  [Civ 3] Germans (despotism): 1 cities, 1 units, 59g, 5 techs, researching Map Making (5/36)
    Berlin: size=2, prod=building:3 (36sh), bldgs=Palace
    Units: 1x Warriors
  [Civ 4] Egyptians (despotism): 1 cities, 2 units, 59g, 5 techs, researching Ceremonial Burial (24/36)
    Thebes: size=2, prod=building:3 (0sh), bldgs=Palace
    Units: 1x Warriors, 1x Archers
  [Civ 1] Romans turn: 2 actions — MOVE_UNIT(1), UNIT_ORDER(1)
    >>> Babylon grew to size 3
    >>> Thebes grew to size 3

══════════════════════════════════════════════════════════════════════
  TURN 26 — 3500 B.C. (4ms)
══════════════════════════════════════════════════════════════════════
  [Civ 1] Romans (despotism): 1 cities, 1 units, 41g, 6 techs, researching Iron Working (18/36)
    Rome: size=3, prod=Wonder39 (67sh), bldgs=Palace
    Units: 1x Warriors
  [Civ 2] Babylonians (despotism): 1 cities, 1 units, 14g, 5 techs, researching Map Making (26/36)
    Babylon: size=3, prod=Settlers (3sh), bldgs=Palace, Granary
    Units: 1x Warriors
  [Civ 3] Germans (despotism): 1 cities, 1 units, 59g, 5 techs, researching Map Making (6/36)
    Berlin: size=2, prod=building:3 (41sh), bldgs=Palace
    Units: 1x Warriors
  [Civ 4] Egyptians (despotism): 1 cities, 2 units, 59g, 5 techs, researching Ceremonial Burial (25/36)
    Thebes: size=3, prod=building:3 (3sh), bldgs=Palace
    Units: 1x Warriors, 1x Archers
  [Civ 1] Romans turn: 2 actions — MOVE_UNIT(1), UNIT_ORDER(1)

══════════════════════════════════════════════════════════════════════
  TURN 27 — 3480 B.C. (4ms)
══════════════════════════════════════════════════════════════════════
  [Civ 1] Romans (despotism): 1 cities, 1 units, 43g, 6 techs, researching Iron Working (21/36)
    Rome: size=3, prod=Wonder39 (71sh), bldgs=Palace
    Units: 1x Warriors
  [Civ 2] Babylonians (despotism): 1 cities, 1 units, 14g, 5 techs, researching Map Making (28/36)
    Babylon: size=3, prod=Settlers (7sh), bldgs=Palace, Granary
    Units: 1x Warriors
  [Civ 3] Germans (despotism): 1 cities, 1 units, 59g, 5 techs, researching Map Making (7/36)
    Berlin: size=2, prod=building:3 (46sh), bldgs=Palace
    Units: 1x Warriors
  [Civ 4] Egyptians (despotism): 1 cities, 2 units, 59g, 5 techs, researching Ceremonial Burial (26/36)
    Thebes: size=3, prod=building:3 (7sh), bldgs=Palace
    Units: 1x Warriors, 1x Archers
  [Civ 1] Romans turn: 2 actions — MOVE_UNIT(1), UNIT_ORDER(1)

══════════════════════════════════════════════════════════════════════
  TURN 28 — 3460 B.C. (3ms)
══════════════════════════════════════════════════════════════════════
  [Civ 1] Romans (despotism): 1 cities, 1 units, 45g, 6 techs, researching Iron Working (24/36)
    Rome: size=3, prod=Wonder39 (75sh), bldgs=Palace
    Units: 1x Warriors
  [Civ 2] Babylonians (despotism): 1 cities, 1 units, 14g, 5 techs, researching Map Making (30/36)
    Babylon: size=3, prod=Settlers (11sh), bldgs=Palace, Granary
    Units: 1x Warriors
  [Civ 3] Germans (despotism): 1 cities, 1 units, 59g, 5 techs, researching Map Making (8/36)
    Berlin: size=2, prod=building:3 (51sh), bldgs=Palace
    Units: 1x Warriors
  [Civ 4] Egyptians (despotism): 1 cities, 2 units, 59g, 5 techs, researching Ceremonial Burial (27/36)
    Thebes: size=3, prod=building:3 (11sh), bldgs=Palace
    Units: 1x Warriors, 1x Archers
  [Civ 1] Romans turn: 2 actions — MOVE_UNIT(1), UNIT_ORDER(1)

══════════════════════════════════════════════════════════════════════
  TURN 29 — 3440 B.C. (3ms)
══════════════════════════════════════════════════════════════════════
  [Civ 1] Romans (despotism): 1 cities, 1 units, 47g, 6 techs, researching Iron Working (27/36)
    Rome: size=3, prod=Wonder39 (79sh), bldgs=Palace
    Units: 1x Warriors
  [Civ 2] Babylonians (despotism): 1 cities, 1 units, 14g, 5 techs, researching Map Making (32/36)
    Babylon: size=3, prod=Settlers (15sh), bldgs=Palace, Granary
    Units: 1x Warriors
  [Civ 3] Germans (despotism): 1 cities, 1 units, 59g, 5 techs, researching Map Making (9/36)
    Berlin: size=2, prod=building:3 (56sh), bldgs=Palace
    Units: 1x Warriors
  [Civ 4] Egyptians (despotism): 1 cities, 2 units, 59g, 5 techs, researching Ceremonial Burial (28/36)
    Thebes: size=3, prod=building:3 (15sh), bldgs=Palace
    Units: 1x Warriors, 1x Archers
  [Civ 1] Romans turn: 2 actions — MOVE_UNIT(1), UNIT_ORDER(1)
    >>> Berlin built building:3
    CHANGE_PRODUCTION city=2

══════════════════════════════════════════════════════════════════════
  TURN 30 — 3420 B.C. (3ms)
══════════════════════════════════════════════════════════════════════
  [Civ 1] Romans (despotism): 1 cities, 1 units, 49g, 6 techs, researching Iron Working (30/36)
    Rome: size=3, prod=Wonder39 (83sh), bldgs=Palace
    Units: 1x Warriors
  [Civ 2] Babylonians (despotism): 1 cities, 1 units, 14g, 5 techs, researching Map Making (34/36)
    Babylon: size=3, prod=Settlers (19sh), bldgs=Palace, Granary
    Units: 1x Warriors
  [Civ 3] Germans (despotism): 1 cities, 1 units, 58g, 5 techs, researching Map Making (10/36)
    Berlin: size=2, prod=Settlers (0sh), bldgs=Palace, Granary
    Units: 1x Warriors
  [Civ 4] Egyptians (despotism): 1 cities, 2 units, 59g, 5 techs, researching Ceremonial Burial (29/36)
    Thebes: size=3, prod=building:3 (19sh), bldgs=Palace
    Units: 1x Warriors, 1x Archers
  [Civ 1] Romans turn: 2 actions — MOVE_UNIT(1), UNIT_ORDER(1)
    >>> Babylonians discovered: Map Making
    SET_RESEARCH tech=Code of Laws

══════════════════════════════════════════════════════════════════════
  TURN 31 — 3400 B.C. (4ms)
══════════════════════════════════════════════════════════════════════
  [Civ 1] Romans (despotism): 1 cities, 1 units, 51g, 6 techs, researching Iron Working (33/36)
    Rome: size=3, prod=Wonder39 (87sh), bldgs=Palace
    Units: 1x Warriors
  [Civ 2] Babylonians (despotism): 1 cities, 1 units, 14g, 6 techs, researching Code of Laws (0/36)
    Babylon: size=3, prod=Settlers (23sh), bldgs=Palace, Granary
    Units: 1x Warriors
  [Civ 3] Germans (despotism): 1 cities, 1 units, 57g, 5 techs, researching Map Making (11/36)
    Berlin: size=2, prod=Settlers (5sh), bldgs=Palace, Granary
    Units: 1x Warriors
  [Civ 4] Egyptians (despotism): 1 cities, 2 units, 59g, 5 techs, researching Ceremonial Burial (30/36)
    Thebes: size=3, prod=building:3 (23sh), bldgs=Palace
    Units: 1x Warriors, 1x Archers
  [Civ 1] Romans turn: 2 actions — MOVE_UNIT(1), UNIT_ORDER(1)
    >>> Romans discovered: Iron Working

══════════════════════════════════════════════════════════════════════
  TURN 32 — 3380 B.C. (5ms)
══════════════════════════════════════════════════════════════════════
  [Civ 1] Romans (despotism): 1 cities, 1 units, 51g, 7 techs, researching none (0/33)
    Rome: size=3, prod=Wonder39 (91sh), bldgs=Palace
    Units: 1x Warriors
  [Civ 2] Babylonians (despotism): 1 cities, 1 units, 14g, 6 techs, researching Code of Laws (2/36)
    Babylon: size=3, prod=Settlers (27sh), bldgs=Palace, Granary
    Units: 1x Warriors
  [Civ 3] Germans (despotism): 1 cities, 1 units, 56g, 5 techs, researching Map Making (12/36)
    Berlin: size=2, prod=Settlers (10sh), bldgs=Palace, Granary
    Units: 1x Warriors
  [Civ 4] Egyptians (despotism): 1 cities, 2 units, 59g, 5 techs, researching Ceremonial Burial (31/36)
    Thebes: size=3, prod=building:3 (27sh), bldgs=Palace
    Units: 1x Warriors, 1x Archers
  [Civ 1] Romans turn: 6 actions — SET_RESEARCH(1), ADJUST_ATTITUDE(3), MOVE_UNIT(1), UNIT_ORDER(1)
    SET_RESEARCH tech=Ceremonial Burial
    ADJUST_ATTITUDE target=civ2
    ADJUST_ATTITUDE target=civ3
    ADJUST_ATTITUDE target=civ4
    ADJUST_ATTITUDE target=civ1
    ADJUST_ATTITUDE target=civ3
    ADJUST_ATTITUDE target=civ4
    ADJUST_ATTITUDE target=civ1
    ADJUST_ATTITUDE target=civ2
    ADJUST_ATTITUDE target=civ4
    ADJUST_ATTITUDE target=civ1
    ADJUST_ATTITUDE target=civ2
    ADJUST_ATTITUDE target=civ3

══════════════════════════════════════════════════════════════════════
  TURN 33 — 3360 B.C. (4ms)
══════════════════════════════════════════════════════════════════════
  [Civ 1] Romans (despotism): 1 cities, 1 units, 53g, 7 techs, researching Ceremonial Burial (3/33)
    Rome: size=3, prod=Wonder39 (95sh), bldgs=Palace
    Units: 1x Warriors
  [Civ 2] Babylonians (despotism): 1 cities, 1 units, 14g, 6 techs, researching Code of Laws (4/36)
    Babylon: size=3, prod=Settlers (31sh), bldgs=Palace, Granary
    Units: 1x Warriors
  [Civ 3] Germans (despotism): 1 cities, 1 units, 55g, 5 techs, researching Map Making (13/36)
    Berlin: size=2, prod=Settlers (15sh), bldgs=Palace, Granary
    Units: 1x Warriors
  [Civ 4] Egyptians (despotism): 1 cities, 2 units, 59g, 5 techs, researching Ceremonial Burial (32/36)
    Thebes: size=3, prod=building:3 (31sh), bldgs=Palace
    Units: 1x Warriors, 1x Archers
  [Civ 1] Romans turn: 2 actions — MOVE_UNIT(1), UNIT_ORDER(1)

══════════════════════════════════════════════════════════════════════
  TURN 34 — 3340 B.C. (5ms)
══════════════════════════════════════════════════════════════════════
  [Civ 1] Romans (despotism): 1 cities, 1 units, 55g, 7 techs, researching Ceremonial Burial (6/33)
    Rome: size=3, prod=Wonder39 (99sh), bldgs=Palace
    Units: 1x Warriors
  [Civ 2] Babylonians (despotism): 1 cities, 1 units, 14g, 6 techs, researching Code of Laws (6/36)
    Babylon: size=3, prod=Settlers (35sh), bldgs=Palace, Granary
    Units: 1x Warriors
  [Civ 3] Germans (despotism): 1 cities, 1 units, 54g, 5 techs, researching Map Making (14/36)
    Berlin: size=2, prod=Settlers (20sh), bldgs=Palace, Granary
    Units: 1x Warriors
  [Civ 4] Egyptians (despotism): 1 cities, 2 units, 59g, 5 techs, researching Ceremonial Burial (33/36)
    Thebes: size=3, prod=building:3 (35sh), bldgs=Palace
    Units: 1x Warriors, 1x Archers
  [Civ 1] Romans turn: 2 actions — MOVE_UNIT(1), UNIT_ORDER(1)

══════════════════════════════════════════════════════════════════════
  TURN 35 — 3320 B.C. (4ms)
══════════════════════════════════════════════════════════════════════
  [Civ 1] Romans (despotism): 1 cities, 1 units, 57g, 7 techs, researching Ceremonial Burial (9/33)
    Rome: size=3, prod=Wonder39 (103sh), bldgs=Palace
    Units: 1x Warriors
  [Civ 2] Babylonians (despotism): 1 cities, 1 units, 14g, 6 techs, researching Code of Laws (8/36)
    Babylon: size=3, prod=Settlers (39sh), bldgs=Palace, Granary
    Units: 1x Warriors
  [Civ 3] Germans (despotism): 1 cities, 1 units, 53g, 5 techs, researching Map Making (15/36)
    Berlin: size=2, prod=Settlers (25sh), bldgs=Palace, Granary
    Units: 1x Warriors
  [Civ 4] Egyptians (despotism): 1 cities, 2 units, 59g, 5 techs, researching Ceremonial Burial (34/36)
    Thebes: size=3, prod=building:3 (39sh), bldgs=Palace
    Units: 1x Warriors, 1x Archers
  [Civ 1] Romans turn: 2 actions — MOVE_UNIT(1), UNIT_ORDER(1)
    >>> Babylon built Settlers

══════════════════════════════════════════════════════════════════════
  TURN 36 — 3300 B.C. (5ms)
══════════════════════════════════════════════════════════════════════
  [Civ 1] Romans (despotism): 1 cities, 1 units, 59g, 7 techs, researching Ceremonial Burial (12/33)
    Rome: size=3, prod=Wonder39 (107sh), bldgs=Palace
    Units: 1x Warriors
  [Civ 2] Babylonians (despotism): 1 cities, 2 units, 14g, 6 techs, researching Code of Laws (9/36)
    Babylon: size=2, prod=Settlers (3sh), bldgs=Palace, Granary
    Units: 1x Warriors, 1x Settlers
  [Civ 3] Germans (despotism): 1 cities, 1 units, 52g, 5 techs, researching Map Making (16/36)
    Berlin: size=2, prod=Settlers (30sh), bldgs=Palace, Granary
    Units: 1x Warriors
  [Civ 4] Egyptians (despotism): 1 cities, 2 units, 59g, 5 techs, researching Ceremonial Burial (35/36)
    Thebes: size=3, prod=building:3 (43sh), bldgs=Palace
    Units: 1x Warriors, 1x Archers
  [Civ 1] Romans turn: 2 actions — MOVE_UNIT(1), UNIT_ORDER(1)
    >>> Babylon grew to size 3
    >>> Egyptians discovered: Ceremonial Burial
    SET_RESEARCH tech=Mathematics

══════════════════════════════════════════════════════════════════════
  TURN 37 — 3280 B.C. (4ms)
══════════════════════════════════════════════════════════════════════
  [Civ 1] Romans (despotism): 1 cities, 1 units, 61g, 7 techs, researching Ceremonial Burial (15/33)
    Rome: size=3, prod=Wonder39 (111sh), bldgs=Palace
    Units: 1x Warriors
  [Civ 2] Babylonians (despotism): 1 cities, 2 units, 14g, 6 techs, researching Code of Laws (11/36)
    Babylon: size=3, prod=Settlers (6sh), bldgs=Palace, Granary
    Units: 1x Warriors, 1x Settlers
  [Civ 3] Germans (despotism): 1 cities, 1 units, 51g, 5 techs, researching Map Making (17/36)
    Berlin: size=2, prod=Settlers (35sh), bldgs=Palace, Granary
    Units: 1x Warriors
  [Civ 4] Egyptians (despotism): 1 cities, 2 units, 59g, 6 techs, researching Mathematics (0/36)
    Thebes: size=3, prod=building:3 (47sh), bldgs=Palace
    Units: 1x Warriors, 1x Archers
  [Civ 1] Romans turn: 2 actions — MOVE_UNIT(1), UNIT_ORDER(1)
    >>> Berlin built Settlers
    CHANGE_PRODUCTION city=2

══════════════════════════════════════════════════════════════════════
  TURN 38 — 3260 B.C. (4ms)
══════════════════════════════════════════════════════════════════════
  [Civ 1] Romans (despotism): 1 cities, 1 units, 63g, 7 techs, researching Ceremonial Burial (18/33)
    Rome: size=3, prod=Wonder39 (115sh), bldgs=Palace
    Units: 1x Warriors
  [Civ 2] Babylonians (despotism): 1 cities, 2 units, 14g, 6 techs, researching Code of Laws (13/36)
    Babylon: size=3, prod=Settlers (10sh), bldgs=Palace, Granary
    Units: 1x Warriors, 1x Settlers
  [Civ 3] Germans (despotism): 1 cities, 2 units, 50g, 5 techs, researching Map Making (17/36)
    Berlin: size=1, prod=Archers (0sh), bldgs=Palace, Granary
    Units: 1x Warriors, 1x Settlers
  [Civ 4] Egyptians (despotism): 1 cities, 2 units, 59g, 6 techs, researching Mathematics (1/36)
    Thebes: size=3, prod=building:3 (51sh), bldgs=Palace
    Units: 1x Warriors, 1x Archers
  [Civ 1] Romans turn: 2 actions — MOVE_UNIT(1), UNIT_ORDER(1)
    ADJUST_ATTITUDE target=civ1

══════════════════════════════════════════════════════════════════════
  TURN 39 — 3240 B.C. (6ms)
══════════════════════════════════════════════════════════════════════
  [Civ 1] Romans (despotism): 1 cities, 1 units, 65g, 7 techs, researching Ceremonial Burial (21/33)
    Rome: size=3, prod=Wonder39 (119sh), bldgs=Palace
    Units: 1x Warriors
  [Civ 2] Babylonians (despotism): 1 cities, 2 units, 14g, 6 techs, researching Code of Laws (15/36)
    Babylon: size=3, prod=Settlers (14sh), bldgs=Palace, Granary
    Units: 1x Warriors, 1x Settlers
  [Civ 3] Germans (despotism): 1 cities, 2 units, 49g, 5 techs, researching Map Making (17/36)
    Berlin: size=1, prod=Archers (4sh), bldgs=Palace, Granary
    Units: 1x Warriors, 1x Settlers
  [Civ 4] Egyptians (despotism): 1 cities, 2 units, 59g, 6 techs, researching Mathematics (2/36)
    Thebes: size=3, prod=building:3 (55sh), bldgs=Palace
    Units: 1x Warriors, 1x Archers
  [Civ 1] Romans turn: 2 actions — MOVE_UNIT(1), UNIT_ORDER(1)
    CHANGE_PRODUCTION city=2
    COMBAT: ? vs ? → capture (atkHp=undefined, defHp=undefined)

══════════════════════════════════════════════════════════════════════
  TURN 40 — 3220 B.C. (6ms)
══════════════════════════════════════════════════════════════════════
  [Civ 1] Romans (despotism): 0 cities, 1 units, 17g, 7 techs, researching Ceremonial Burial (21/33)
    Units: 1x Warriors
  [Civ 2] Babylonians (despotism): 1 cities, 2 units, 14g, 6 techs, researching Code of Laws (17/36)
    Babylon: size=3, prod=Settlers (18sh), bldgs=Palace, Granary
    Units: 1x Warriors, 1x Settlers
  [Civ 3] Germans (despotism): 1 cities, 2 units, 48g, 5 techs, researching Map Making (17/36)
    Berlin: size=1, prod=Wonder45 (0sh), bldgs=Palace, Granary
    Units: 1x Warriors, 1x Settlers
  [Civ 4] Egyptians (despotism): 2 cities, 2 units, 107g, 6 techs, researching Mathematics (3/36)
    Rome: size=2, prod=Warriors (0sh)
    Thebes: size=3, prod=building:3 (59sh), bldgs=Palace
    Units: 1x Warriors, 1x Archers
  [Civ 1] Romans turn: 2 actions — MOVE_UNIT(1), UNIT_ORDER(1)
    >>> Thebes built building:3
    CHANGE_PRODUCTION city=0
    CHANGE_PRODUCTION city=3

══════════════════════════════════════════════════════════════════════
  TURN 41 — 3200 B.C. (4ms)
══════════════════════════════════════════════════════════════════════
  [Civ 1] Romans (despotism): 0 cities, 1 units, 17g, 7 techs, researching Ceremonial Burial (21/33)
    Units: 1x Warriors
  [Civ 2] Babylonians (despotism): 1 cities, 2 units, 14g, 6 techs, researching Code of Laws (19/36)
    Babylon: size=3, prod=Settlers (22sh), bldgs=Palace, Granary
    Units: 1x Warriors, 1x Settlers
  [Civ 3] Germans (despotism): 1 cities, 2 units, 47g, 5 techs, researching Map Making (17/36)
    Berlin: size=1, prod=Wonder45 (4sh), bldgs=Palace, Granary
    Units: 1x Warriors, 1x Settlers
  [Civ 4] Egyptians (despotism): 2 cities, 2 units, 106g, 6 techs, researching Mathematics (4/36)
    Rome: size=2, prod=building:3 (0sh)
    Thebes: size=3, prod=Settlers (0sh), bldgs=Palace, Granary
    Units: 1x Warriors, 1x Archers
  [Civ 1] Romans turn: 2 actions — MOVE_UNIT(1), UNIT_ORDER(1)

══════════════════════════════════════════════════════════════════════
  TURN 42 — 3180 B.C. (4ms)
══════════════════════════════════════════════════════════════════════
  [Civ 1] Romans (despotism): 0 cities, 1 units, 17g, 7 techs, researching Ceremonial Burial (21/33)
    Units: 1x Warriors
  [Civ 2] Babylonians (despotism): 1 cities, 2 units, 14g, 6 techs, researching Code of Laws (21/36)
    Babylon: size=3, prod=Settlers (26sh), bldgs=Palace, Granary
    Units: 1x Warriors, 1x Settlers
  [Civ 3] Germans (despotism): 1 cities, 2 units, 46g, 5 techs, researching Map Making (17/36)
    Berlin: size=1, prod=Wonder45 (8sh), bldgs=Palace, Granary
    Units: 1x Warriors, 1x Settlers
  [Civ 4] Egyptians (despotism): 2 cities, 2 units, 105g, 6 techs, researching Mathematics (5/36)
    Rome: size=2, prod=building:3 (2sh)
    Thebes: size=3, prod=Settlers (4sh), bldgs=Palace, Granary
    Units: 1x Warriors, 1x Archers
  [Civ 1] Romans turn: 2 actions — MOVE_UNIT(1), UNIT_ORDER(1)
    ADJUST_ATTITUDE target=civ1
    ADJUST_ATTITUDE target=civ1

══════════════════════════════════════════════════════════════════════
  TURN 43 — 3160 B.C. (4ms)
══════════════════════════════════════════════════════════════════════
  [Civ 1] Romans (despotism): 0 cities, 1 units, 17g, 7 techs, researching Ceremonial Burial (21/33)
    Units: 1x Warriors
  [Civ 2] Babylonians (despotism): 1 cities, 2 units, 14g, 6 techs, researching Code of Laws (23/36)
    Babylon: size=3, prod=Settlers (30sh), bldgs=Palace, Granary
    Units: 1x Warriors, 1x Settlers
  [Civ 3] Germans (despotism): 1 cities, 2 units, 45g, 5 techs, researching Map Making (17/36)
    Berlin: size=1, prod=Wonder45 (12sh), bldgs=Palace, Granary
    Units: 1x Warriors, 1x Settlers
  [Civ 4] Egyptians (despotism): 2 cities, 2 units, 104g, 6 techs, researching Mathematics (6/36)
    Rome: size=2, prod=building:3 (4sh)
    Thebes: size=3, prod=Settlers (8sh), bldgs=Palace, Granary
    Units: 1x Warriors, 1x Archers
  [Civ 1] Romans turn: 2 actions — MOVE_UNIT(1), UNIT_ORDER(1)

══════════════════════════════════════════════════════════════════════
  TURN 44 — 3140 B.C. (6ms)
══════════════════════════════════════════════════════════════════════
  [Civ 1] Romans (despotism): 0 cities, 1 units, 17g, 7 techs, researching Ceremonial Burial (21/33)
    Units: 1x Warriors
  [Civ 2] Babylonians (despotism): 1 cities, 2 units, 14g, 6 techs, researching Code of Laws (25/36)
    Babylon: size=3, prod=Settlers (34sh), bldgs=Palace, Granary
    Units: 1x Warriors, 1x Settlers
  [Civ 3] Germans (despotism): 1 cities, 2 units, 44g, 5 techs, researching Map Making (17/36)
    Berlin: size=1, prod=Wonder45 (16sh), bldgs=Palace, Granary
    Units: 1x Warriors, 1x Settlers
  [Civ 4] Egyptians (despotism): 2 cities, 2 units, 103g, 6 techs, researching Mathematics (7/36)
    Rome: size=2, prod=building:3 (6sh)
    Thebes: size=3, prod=Settlers (12sh), bldgs=Palace, Granary
    Units: 1x Warriors, 1x Archers
  [Civ 1] Romans turn: 2 actions — MOVE_UNIT(1), UNIT_ORDER(1)

══════════════════════════════════════════════════════════════════════
  TURN 45 — 3120 B.C. (5ms)
══════════════════════════════════════════════════════════════════════
  [Civ 1] Romans (despotism): 0 cities, 1 units, 17g, 7 techs, researching Ceremonial Burial (21/33)
    Units: 1x Warriors
  [Civ 2] Babylonians (despotism): 1 cities, 2 units, 14g, 6 techs, researching Code of Laws (27/36)
    Babylon: size=3, prod=Settlers (38sh), bldgs=Palace, Granary
    Units: 1x Warriors, 1x Settlers
  [Civ 3] Germans (despotism): 1 cities, 2 units, 43g, 5 techs, researching Map Making (17/36)
    Berlin: size=1, prod=Wonder45 (20sh), bldgs=Palace, Granary
    Units: 1x Warriors, 1x Settlers
  [Civ 4] Egyptians (despotism): 2 cities, 2 units, 102g, 6 techs, researching Mathematics (8/36)
    Rome: size=2, prod=building:3 (8sh)
    Thebes: size=3, prod=Settlers (16sh), bldgs=Palace, Granary
    Units: 1x Warriors, 1x Archers
  [Civ 1] Romans turn: 2 actions — MOVE_UNIT(1), UNIT_ORDER(1)
    >>> Babylon built Settlers
    >>> Thebes grew to size 4

══════════════════════════════════════════════════════════════════════
  TURN 46 — 3100 B.C. (5ms)
══════════════════════════════════════════════════════════════════════
  [Civ 1] Romans (despotism): 0 cities, 1 units, 17g, 7 techs, researching Ceremonial Burial (21/33)
    Units: 1x Warriors
  [Civ 2] Babylonians (despotism): 1 cities, 3 units, 14g, 6 techs, researching Code of Laws (28/36)
    Babylon: size=2, prod=Settlers (2sh), bldgs=Palace, Granary
    Units: 1x Warriors, 2x Settlers
  [Civ 3] Germans (despotism): 1 cities, 2 units, 42g, 5 techs, researching Map Making (17/36)
    Berlin: size=1, prod=Wonder45 (24sh), bldgs=Palace, Granary
    Units: 1x Warriors, 1x Settlers
  [Civ 4] Egyptians (despotism): 2 cities, 2 units, 101g, 6 techs, researching Mathematics (9/36)
    Rome: size=2, prod=building:3 (10sh)
    Thebes: size=4, prod=Settlers (20sh), bldgs=Palace, Granary
    Units: 1x Warriors, 1x Archers
  [Civ 1] Romans turn: 2 actions — MOVE_UNIT(1), UNIT_ORDER(1)

══════════════════════════════════════════════════════════════════════
  TURN 47 — 3080 B.C. (14ms)
══════════════════════════════════════════════════════════════════════
  [Civ 1] Romans (despotism): 0 cities, 1 units, 17g, 7 techs, researching Ceremonial Burial (21/33)
    Units: 1x Warriors
  [Civ 2] Babylonians (despotism): 1 cities, 3 units, 14g, 6 techs, researching Code of Laws (29/36)
    Babylon: size=2, prod=Settlers (5sh), bldgs=Palace, Granary
    Units: 1x Warriors, 2x Settlers
  [Civ 3] Germans (despotism): 1 cities, 2 units, 41g, 5 techs, researching Map Making (17/36)
    Berlin: size=1, prod=Wonder45 (28sh), bldgs=Palace, Granary
    Units: 1x Warriors, 1x Settlers
  [Civ 4] Egyptians (despotism): 2 cities, 2 units, 100g, 6 techs, researching Mathematics (10/36)
    Rome: size=2, prod=building:3 (12sh)
    Thebes: size=4, prod=Settlers (26sh), bldgs=Palace, Granary
    Units: 1x Warriors, 1x Archers
  [Civ 1] Romans turn: 2 actions — MOVE_UNIT(1), UNIT_ORDER(1)

══════════════════════════════════════════════════════════════════════
  TURN 48 — 3060 B.C. (4ms)
══════════════════════════════════════════════════════════════════════
  [Civ 1] Romans (despotism): 0 cities, 1 units, 17g, 7 techs, researching Ceremonial Burial (21/33)
    Units: 1x Warriors
  [Civ 2] Babylonians (despotism): 1 cities, 3 units, 14g, 6 techs, researching Code of Laws (30/36)
    Babylon: size=2, prod=Settlers (8sh), bldgs=Palace, Granary
    Units: 1x Warriors, 2x Settlers
  [Civ 3] Germans (despotism): 1 cities, 2 units, 40g, 5 techs, researching Map Making (17/36)
    Berlin: size=1, prod=Wonder45 (32sh), bldgs=Palace, Granary
    Units: 1x Warriors, 1x Settlers
  [Civ 4] Egyptians (despotism): 2 cities, 2 units, 99g, 6 techs, researching Mathematics (11/36)
    Rome: size=2, prod=building:3 (14sh)
    Thebes: size=4, prod=Settlers (32sh), bldgs=Palace, Granary
    Units: 1x Warriors, 1x Archers
  [Civ 1] Romans turn: 2 actions — MOVE_UNIT(1), UNIT_ORDER(1)

══════════════════════════════════════════════════════════════════════
  TURN 49 — 3040 B.C. (6ms)
══════════════════════════════════════════════════════════════════════
  [Civ 1] Romans (despotism): 0 cities, 1 units, 17g, 7 techs, researching Ceremonial Burial (21/33)
    Units: 1x Warriors
  [Civ 2] Babylonians (despotism): 1 cities, 3 units, 14g, 6 techs, researching Code of Laws (31/36)
    Babylon: size=2, prod=Settlers (11sh), bldgs=Palace, Granary
    Units: 1x Warriors, 2x Settlers
  [Civ 3] Germans (despotism): 1 cities, 2 units, 39g, 5 techs, researching Map Making (17/36)
    Berlin: size=1, prod=Wonder45 (36sh), bldgs=Palace, Granary
    Units: 1x Warriors, 1x Settlers
  [Civ 4] Egyptians (despotism): 2 cities, 2 units, 98g, 6 techs, researching Mathematics (12/36)
    Rome: size=2, prod=building:3 (16sh)
    Thebes: size=4, prod=Settlers (38sh), bldgs=Palace, Granary
    Units: 1x Warriors, 1x Archers
  [Civ 1] Romans turn: 2 actions — MOVE_UNIT(1), UNIT_ORDER(1)
    >>> Thebes built Settlers
    CHANGE_PRODUCTION city=3

══════════════════════════════════════════════════════════════════════
  FINAL SUMMARY
══════════════════════════════════════════════════════════════════════
Game ended at turn 50 (3020 B.C.)

── Civ 1: Romans (despotism) ALIVE ──
  Cities: 0 (peak 1, founded 1)
  Units:  1 (peak 1)
  Treasury: 17g
  Techs discovered: 2 — Bronze Working, Iron Working
  Actions: 110 total, 0 idle turns
  Breakdown: UNIT_ORDER(51), MOVE_UNIT(50), SET_RESEARCH(3), ADJUST_ATTITUDE(3), CHANGE_RATES(1), BUILD_CITY(1), CHANGE_PRODUCTION(1)
  Army: 1x Warriors

── Civ 2: Babylonians (despotism) ALIVE ──
  Cities: 1 (peak 1, founded 1)
  Units:  3 (peak 3)
  Treasury: 14g
  Techs discovered: 1 — Map Making
  Actions: 115 total, 0 idle turns
  Breakdown: UNIT_ORDER(53), MOVE_UNIT(51), SET_RESEARCH(3), ADJUST_ATTITUDE(3), CHANGE_PRODUCTION(2), CHANGE_RATES(1), BUILD_CITY(1), WORKER_ORDER(1)
  Army: 1x Warriors, 2x Settlers
  Babylon: size=2, shields=14

── Civ 3: Germans (despotism) ALIVE ──
  Cities: 1 (peak 1, founded 1)
  Units:  2 (peak 2)
  Treasury: 38g
  Techs discovered: 0 — none
  Actions: 113 total, 0 idle turns
  Breakdown: UNIT_ORDER(52), MOVE_UNIT(51), CHANGE_PRODUCTION(4), ADJUST_ATTITUDE(3), SET_RESEARCH(1), CHANGE_RATES(1), BUILD_CITY(1)
  Army: 1x Warriors, 1x Settlers
  Berlin: size=1, shields=40

── Civ 4: Egyptians (despotism) ALIVE ──
  Cities: 2 (peak 2, founded 1)
  Units:  3 (peak 2)
  Treasury: 97g
  Techs discovered: 1 — Ceremonial Burial
  Actions: 166 total, 0 idle turns
  Breakdown: UNIT_ORDER(77), MOVE_UNIT(74), ADJUST_ATTITUDE(6), CHANGE_PRODUCTION(4), SET_RESEARCH(3), CHANGE_RATES(1), BUILD_CITY(1)
  Army: 1x Warriors, 1x Archers, 1x Settlers
  Rome: size=2, shields=18
  Thebes: size=3, shields=0


══════════════════════════════════════════════════════════════════════
  AI BEHAVIOR ANALYSIS
══════════════════════════════════════════════════════════════════════
[Civ 1] Romans:
  WARNING: Only 1 city after 30+ turns

[Civ 2] Babylonians:
  WARNING: Only 1 city after 30+ turns
  WARNING: 1 units stuck (busy orders outside city)

[Civ 3] Germans:
  WARNING: Never discovered a tech
  WARNING: Only 1 city after 30+ turns
  WARNING: 1 units stuck (busy orders outside city)

[Civ 4] Egyptians:
  WARNING: Only 1 city after 30+ turns

