Charlization AI Headless Simulation
Date: 2026-03-21T18:04:59.029Z
Settings: 50 turns, 4 AI players, 50x80 map, difficulty=prince
Map seed: 23214
Map generated in 106ms
Game initialized: 4 civs, 10 starting units
  Civ 1 (Romans): starts at (17,17) on Grassland
  Civ 2 (Babylonians): starts at (41,71) on Forest
  Civ 3 (Germans): starts at (34,44) on Grassland
  Civ 4 (Egyptians): starts at (9,45) on Swamp
    SET_RESEARCH tech=Warrior Code
    CHANGE_RATES sci=6 tax=4 lux=undefined
    BUILD_CITY unit=0 name="Rome"
    1 actions REJECTED (of 6)
    SET_RESEARCH tech=Alphabet
    CHANGE_RATES sci=6 tax=4 lux=undefined
    BUILD_CITY unit=2 name="Babylon"
    1 actions REJECTED (of 6)
    SET_RESEARCH tech=Bronze Working
    CHANGE_RATES sci=6 tax=4 lux=undefined
    BUILD_CITY unit=4 name="Berlin"
    BUILD_CITY unit=8 name="Berlin"
    2 actions REJECTED (of 8)
    SET_RESEARCH tech=Bronze Working
    CHANGE_RATES sci=6 tax=4 lux=undefined
    BUILD_CITY unit=6 name="Thebes"
    BUILD_CITY unit=9 name="Thebes"
    2 actions REJECTED (of 8)

══════════════════════════════════════════════════════════════════════
  TURN 1 — 4000 B.C. (43ms)
══════════════════════════════════════════════════════════════════════
  [Civ 1] Romans (despotism): 1 cities, 1 units, 1g, 3 techs, researching Warrior Code (2/39)
    Rome: size=1, prod=Warriors (3sh), bldgs=Palace
    Units: 1x Warriors
  [Civ 2] Babylonians (despotism): 1 cities, 1 units, 0g, 2 techs, researching Alphabet (0/22)
    Babylon: size=1, prod=Warriors (0sh), bldgs=Palace
    Units: 1x Warriors
  [Civ 3] Germans (despotism): 1 cities, 2 units, 0g, 1 techs, researching Bronze Working (0/11)
    Berlin: size=1, prod=Warriors (0sh), bldgs=Palace
    Units: 1x Warriors, 1x Settlers
  [Civ 4] Egyptians (despotism): 1 cities, 2 units, 0g, 3 techs, researching Bronze Working (0/39)
    Thebes: size=1, prod=Warriors (0sh), bldgs=Palace
    Units: 1x Warriors, 1x Settlers
  [Civ 1] Romans turn: 2 actions — MOVE_UNIT(1), UNIT_ORDER(1)
    CHANGE_PRODUCTION city=2
    CHANGE_PRODUCTION city=3

══════════════════════════════════════════════════════════════════════
  TURN 2 — 3980 B.C. (22ms)
══════════════════════════════════════════════════════════════════════
  [Civ 1] Romans (despotism): 1 cities, 1 units, 2g, 3 techs, researching Warrior Code (4/39)
    Rome: size=1, prod=Warriors (6sh), bldgs=Palace
    Units: 1x Warriors
  [Civ 2] Babylonians (despotism): 1 cities, 1 units, 0g, 2 techs, researching Alphabet (2/22)
    Babylon: size=1, prod=Warriors (3sh), bldgs=Palace
    Units: 1x Warriors
  [Civ 3] Germans (despotism): 1 cities, 2 units, 1g, 1 techs, researching Bronze Working (3/11)
    Berlin: size=1, prod=building:2 (2sh), bldgs=Palace
    Units: 1x Warriors, 1x Settlers
  [Civ 4] Egyptians (despotism): 1 cities, 2 units, 0g, 3 techs, researching Bronze Working (2/39)
    Thebes: size=1, prod=Archers (2sh), bldgs=Palace
    Units: 1x Warriors, 1x Settlers
  [Civ 1] Romans turn: 2 actions — MOVE_UNIT(1), UNIT_ORDER(1)

══════════════════════════════════════════════════════════════════════
  TURN 3 — 3960 B.C. (8ms)
══════════════════════════════════════════════════════════════════════
  [Civ 1] Romans (despotism): 1 cities, 1 units, 3g, 3 techs, researching Warrior Code (6/39)
    Rome: size=1, prod=Warriors (9sh), bldgs=Palace
    Units: 1x Warriors
  [Civ 2] Babylonians (despotism): 1 cities, 1 units, 0g, 2 techs, researching Alphabet (4/22)
    Babylon: size=1, prod=Warriors (6sh), bldgs=Palace
    Units: 1x Warriors
  [Civ 3] Germans (despotism): 1 cities, 2 units, 2g, 1 techs, researching Bronze Working (6/11)
    Berlin: size=1, prod=building:2 (4sh), bldgs=Palace
    Units: 1x Warriors, 1x Settlers
  [Civ 4] Egyptians (despotism): 1 cities, 2 units, 0g, 3 techs, researching Bronze Working (4/39)
    Thebes: size=1, prod=Archers (4sh), bldgs=Palace
    Units: 1x Warriors, 1x Settlers
  [Civ 1] Romans turn: 2 actions — MOVE_UNIT(1), UNIT_ORDER(1)
    >>> Rome built Warriors

══════════════════════════════════════════════════════════════════════
  TURN 4 — 3940 B.C. (6ms)
══════════════════════════════════════════════════════════════════════
  [Civ 1] Romans (despotism): 1 cities, 2 units, 4g, 3 techs, researching Warrior Code (8/39)
    Rome: size=1, prod=Warriors (2sh), bldgs=Palace
    Units: 2x Warriors
  [Civ 2] Babylonians (despotism): 1 cities, 1 units, 0g, 2 techs, researching Alphabet (6/22)
    Babylon: size=1, prod=Warriors (9sh), bldgs=Palace
    Units: 1x Warriors
  [Civ 3] Germans (despotism): 1 cities, 2 units, 3g, 1 techs, researching Bronze Working (9/11)
    Berlin: size=1, prod=building:2 (6sh), bldgs=Palace
    Units: 1x Warriors, 1x Settlers
  [Civ 4] Egyptians (despotism): 1 cities, 2 units, 0g, 3 techs, researching Bronze Working (6/39)
    Thebes: size=1, prod=Archers (6sh), bldgs=Palace
    Units: 1x Warriors, 1x Settlers
  [Civ 1] Romans turn: 5 actions — CHANGE_PRODUCTION(1), MOVE_UNIT(1), UNIT_ORDER(3)
    CHANGE_PRODUCTION city=0
    >>> Babylon built Warriors
    CHANGE_PRODUCTION city=1
    >>> Germans discovered: Bronze Working
    SET_RESEARCH tech=Alphabet
    END_TURN REJECTED: 1 units still need orders
      #12 Archers(Atk) @(35,37) mv=3 ord=none hp=full

══════════════════════════════════════════════════════════════════════
  TURN 5 — 3920 B.C. (8ms)
══════════════════════════════════════════════════════════════════════
  [Civ 1] Romans (despotism): 1 cities, 2 units, 5g, 3 techs, researching Warrior Code (10/39)
    Rome: size=1, prod=Horsemen (5sh), bldgs=Palace
    Units: 2x Warriors
  [Civ 2] Babylonians (despotism): 1 cities, 2 units, 0g, 2 techs, researching Alphabet (8/22)
    Babylon: size=1, prod=Horsemen (2sh), bldgs=Palace
    Units: 2x Warriors
  [Civ 3] Germans (despotism): 1 cities, 3 units, 3g, 2 techs, researching Alphabet (0/22)
    Berlin: size=1, prod=building:2 (8sh), bldgs=Palace
    Units: 1x Warriors, 1x Settlers, 1x Archers
  [Civ 4] Egyptians (despotism): 1 cities, 2 units, 0g, 3 techs, researching Bronze Working (8/39)
    Thebes: size=1, prod=Archers (8sh), bldgs=Palace
    Units: 1x Warriors, 1x Settlers
  [Civ 1] Romans turn: 2 actions — MOVE_UNIT(1), UNIT_ORDER(1)

══════════════════════════════════════════════════════════════════════
  TURN 6 — 3900 B.C. (6ms)
══════════════════════════════════════════════════════════════════════
  [Civ 1] Romans (despotism): 1 cities, 2 units, 6g, 3 techs, researching Warrior Code (12/39)
    Rome: size=1, prod=Horsemen (8sh), bldgs=Palace
    Units: 2x Warriors
  [Civ 2] Babylonians (despotism): 1 cities, 2 units, 0g, 2 techs, researching Alphabet (10/22)
    Babylon: size=1, prod=Horsemen (5sh), bldgs=Palace
    Units: 2x Warriors
  [Civ 3] Germans (despotism): 1 cities, 3 units, 4g, 2 techs, researching Alphabet (3/22)
    Berlin: size=1, prod=building:2 (10sh), bldgs=Palace
    Units: 1x Warriors, 1x Settlers, 1x Archers
  [Civ 4] Egyptians (despotism): 1 cities, 2 units, 0g, 3 techs, researching Bronze Working (10/39)
    Thebes: size=1, prod=Archers (10sh), bldgs=Palace
    Units: 1x Warriors, 1x Settlers
  [Civ 1] Romans turn: 2 actions — MOVE_UNIT(1), UNIT_ORDER(1)

══════════════════════════════════════════════════════════════════════
  TURN 7 — 3880 B.C. (6ms)
══════════════════════════════════════════════════════════════════════
  [Civ 1] Romans (despotism): 1 cities, 2 units, 7g, 3 techs, researching Warrior Code (14/39)
    Rome: size=1, prod=Horsemen (11sh), bldgs=Palace
    Units: 2x Warriors
  [Civ 2] Babylonians (despotism): 1 cities, 2 units, 0g, 2 techs, researching Alphabet (12/22)
    Babylon: size=1, prod=Horsemen (8sh), bldgs=Palace
    Units: 2x Warriors
  [Civ 3] Germans (despotism): 1 cities, 3 units, 5g, 2 techs, researching Alphabet (6/22)
    Berlin: size=1, prod=building:2 (12sh), bldgs=Palace
    Units: 1x Warriors, 1x Settlers, 1x Archers
  [Civ 4] Egyptians (despotism): 1 cities, 2 units, 0g, 3 techs, researching Bronze Working (12/39)
    Thebes: size=1, prod=Archers (12sh), bldgs=Palace
    Units: 1x Warriors, 1x Settlers
  [Civ 1] Romans turn: 2 actions — MOVE_UNIT(1), UNIT_ORDER(1)

══════════════════════════════════════════════════════════════════════
  TURN 8 — 3860 B.C. (4ms)
══════════════════════════════════════════════════════════════════════
  [Civ 1] Romans (despotism): 1 cities, 2 units, 8g, 3 techs, researching Warrior Code (16/39)
    Rome: size=1, prod=Horsemen (14sh), bldgs=Palace
    Units: 2x Warriors
  [Civ 2] Babylonians (despotism): 1 cities, 2 units, 0g, 2 techs, researching Alphabet (14/22)
    Babylon: size=1, prod=Horsemen (11sh), bldgs=Palace
    Units: 2x Warriors
  [Civ 3] Germans (despotism): 1 cities, 3 units, 6g, 2 techs, researching Alphabet (9/22)
    Berlin: size=1, prod=building:2 (14sh), bldgs=Palace
    Units: 1x Warriors, 1x Settlers, 1x Archers
  [Civ 4] Egyptians (despotism): 1 cities, 2 units, 0g, 3 techs, researching Bronze Working (14/39)
    Thebes: size=1, prod=Archers (14sh), bldgs=Palace
    Units: 1x Warriors, 1x Settlers
  [Civ 1] Romans turn: 2 actions — MOVE_UNIT(1), UNIT_ORDER(1)
    END_TURN REJECTED: 1 units still need orders
      #13 Chariot(Atk) @(40,56) mv=6 ord=none hp=full

══════════════════════════════════════════════════════════════════════
  TURN 9 — 3840 B.C. (5ms)
══════════════════════════════════════════════════════════════════════
  [Civ 1] Romans (despotism): 1 cities, 2 units, 9g, 3 techs, researching Warrior Code (18/39)
    Rome: size=1, prod=Horsemen (17sh), bldgs=Palace
    Units: 2x Warriors
  [Civ 2] Babylonians (despotism): 1 cities, 3 units, 0g, 2 techs, researching Alphabet (16/22)
    Babylon: size=1, prod=Horsemen (14sh), bldgs=Palace
    Units: 2x Warriors, 1x Chariot
  [Civ 3] Germans (despotism): 1 cities, 3 units, 7g, 2 techs, researching Alphabet (12/22)
    Berlin: size=1, prod=building:2 (16sh), bldgs=Palace
    Units: 1x Warriors, 1x Settlers, 1x Archers
  [Civ 4] Egyptians (despotism): 1 cities, 2 units, 0g, 3 techs, researching Bronze Working (16/39)
    Thebes: size=1, prod=Archers (16sh), bldgs=Palace
    Units: 1x Warriors, 1x Settlers
  [Civ 1] Romans turn: 2 actions — MOVE_UNIT(1), UNIT_ORDER(1)
    >>> Rome grew to size 2
    >>> Rome built Horsemen

══════════════════════════════════════════════════════════════════════
  TURN 10 — 3820 B.C. (7ms)
══════════════════════════════════════════════════════════════════════
  [Civ 1] Romans (despotism): 1 cities, 3 units, 11g, 3 techs, researching Warrior Code (22/39)
    Rome: size=2, prod=Horsemen (2sh), bldgs=Palace
    Units: 2x Warriors, 1x Horsemen
  [Civ 2] Babylonians (despotism): 1 cities, 3 units, 0g, 2 techs, researching Alphabet (18/22)
    Babylon: size=1, prod=Horsemen (17sh), bldgs=Palace
    Units: 2x Warriors, 1x Chariot
  [Civ 3] Germans (despotism): 1 cities, 3 units, 8g, 2 techs, researching Alphabet (15/22)
    Berlin: size=1, prod=building:2 (18sh), bldgs=Palace
    Units: 1x Warriors, 1x Settlers, 1x Archers
  [Civ 4] Egyptians (despotism): 1 cities, 2 units, 0g, 3 techs, researching Bronze Working (18/39)
    Thebes: size=1, prod=Archers (18sh), bldgs=Palace
    Units: 1x Warriors, 1x Settlers
  [Civ 1] Romans turn: 5 actions — CHANGE_PRODUCTION(1), MOVE_UNIT(2), UNIT_ORDER(2)
    CHANGE_PRODUCTION city=0
    >>> Babylon built Horsemen
    CHANGE_PRODUCTION city=1
    >>> Berlin grew to size 2

══════════════════════════════════════════════════════════════════════
  TURN 11 — 3800 B.C. (11ms)
══════════════════════════════════════════════════════════════════════
  [Civ 1] Romans (despotism): 1 cities, 3 units, 13g, 3 techs, researching Warrior Code (26/39)
    Rome: size=2, prod=building:8 (7sh), bldgs=Palace
    Units: 2x Warriors, 1x Horsemen
  [Civ 2] Babylonians (despotism): 1 cities, 4 units, 0g, 2 techs, researching Alphabet (20/22)
    Babylon: size=1, prod=building:8 (0sh), bldgs=Palace
    Units: 2x Warriors, 1x Chariot, 1x Horsemen
  [Civ 3] Germans (despotism): 1 cities, 3 units, 10g, 2 techs, researching Alphabet (18/22)
    Berlin: size=2, prod=building:2 (21sh), bldgs=Palace
    Units: 1x Warriors, 1x Settlers, 1x Archers
  [Civ 4] Egyptians (despotism): 1 cities, 2 units, 0g, 3 techs, researching Bronze Working (20/39)
    Thebes: size=1, prod=Archers (20sh), bldgs=Palace
    Units: 1x Warriors, 1x Settlers
  [Civ 1] Romans turn: 3 actions — MOVE_UNIT(2), UNIT_ORDER(1)
    END_TURN REJECTED: 1 units still need orders
      #14 Horsemen(Atk) @(19,17) mv=3 ord=none hp=full
    SET_RESEARCH tech=Code of Laws
    END_TURN REJECTED: 1 units still need orders
      #15 Horsemen(Atk) @(43,70) mv=3 ord=none hp=full

══════════════════════════════════════════════════════════════════════
  TURN 12 — 3780 B.C. (8ms)
══════════════════════════════════════════════════════════════════════
  [Civ 1] Romans (despotism): 1 cities, 3 units, 15g, 3 techs, researching Warrior Code (30/39)
    Rome: size=2, prod=building:8 (12sh), bldgs=Palace
    Units: 2x Warriors, 1x Horsemen
  [Civ 2] Babylonians (despotism): 1 cities, 4 units, 0g, 3 techs, researching Code of Laws (0/39)
    Babylon: size=1, prod=building:8 (2sh), bldgs=Palace
    Units: 2x Warriors, 1x Chariot, 1x Horsemen
  [Civ 3] Germans (despotism): 1 cities, 3 units, 12g, 2 techs, researching Alphabet (21/22)
    Berlin: size=2, prod=building:2 (24sh), bldgs=Palace
    Units: 1x Warriors, 1x Settlers, 1x Archers
  [Civ 4] Egyptians (despotism): 1 cities, 1 units, 0g, 3 techs, researching Bronze Working (22/39)
    Thebes: size=1, prod=Archers (22sh), bldgs=Palace
    Units: 1x Settlers
  [Civ 1] Romans turn: 4 actions — MOVE_UNIT(2), UNIT_ORDER(2)
    >>> Germans discovered: Alphabet
    SET_RESEARCH tech=Map Making

══════════════════════════════════════════════════════════════════════
  TURN 13 — 3760 B.C. (8ms)
══════════════════════════════════════════════════════════════════════
  [Civ 1] Romans (despotism): 1 cities, 3 units, 17g, 3 techs, researching Warrior Code (34/39)
    Rome: size=2, prod=building:8 (17sh), bldgs=Palace
    Units: 2x Warriors, 1x Horsemen
  [Civ 2] Babylonians (despotism): 1 cities, 4 units, 0g, 3 techs, researching Code of Laws (2/39)
    Babylon: size=1, prod=building:8 (4sh), bldgs=Palace
    Units: 2x Warriors, 1x Chariot, 1x Horsemen
  [Civ 3] Germans (despotism): 1 cities, 3 units, 12g, 3 techs, researching Map Making (0/39)
    Berlin: size=2, prod=building:2 (27sh), bldgs=Palace
    Units: 1x Warriors, 1x Settlers, 1x Archers
  [Civ 4] Egyptians (despotism): 1 cities, 1 units, 0g, 3 techs, researching Bronze Working (24/39)
    Thebes: size=1, prod=Archers (24sh), bldgs=Palace
    Units: 1x Settlers
  [Civ 1] Romans turn: 4 actions — MOVE_UNIT(2), UNIT_ORDER(2)

══════════════════════════════════════════════════════════════════════
  TURN 14 — 3740 B.C. (8ms)
══════════════════════════════════════════════════════════════════════
  [Civ 1] Romans (despotism): 1 cities, 3 units, 19g, 3 techs, researching Warrior Code (38/39)
    Rome: size=2, prod=building:8 (22sh), bldgs=Palace
    Units: 2x Warriors, 1x Horsemen
  [Civ 2] Babylonians (despotism): 1 cities, 4 units, 0g, 3 techs, researching Code of Laws (4/39)
    Babylon: size=1, prod=building:8 (6sh), bldgs=Palace
    Units: 2x Warriors, 1x Chariot, 1x Horsemen
  [Civ 3] Germans (despotism): 1 cities, 3 units, 14g, 3 techs, researching Map Making (3/39)
    Berlin: size=2, prod=building:2 (30sh), bldgs=Palace
    Units: 1x Warriors, 1x Settlers, 1x Archers
  [Civ 4] Egyptians (despotism): 1 cities, 1 units, 0g, 3 techs, researching Bronze Working (26/39)
    Thebes: size=1, prod=Archers (26sh), bldgs=Palace
    Units: 1x Settlers
  [Civ 1] Romans turn: 4 actions — MOVE_UNIT(2), UNIT_ORDER(2)
    >>> Romans discovered: Warrior Code

══════════════════════════════════════════════════════════════════════
  TURN 15 — 3720 B.C. (10ms)
══════════════════════════════════════════════════════════════════════
  [Civ 1] Romans (despotism): 1 cities, 3 units, 65g, 4 techs, researching none (0/52)
    Rome: size=2, prod=building:8 (27sh), bldgs=Palace
    Units: 2x Warriors, 1x Horsemen
  [Civ 2] Babylonians (despotism): 1 cities, 4 units, 0g, 3 techs, researching Code of Laws (6/36)
    Babylon: size=1, prod=building:8 (8sh), bldgs=Palace
    Units: 2x Warriors, 1x Chariot, 1x Horsemen
  [Civ 3] Germans (despotism): 1 cities, 3 units, 16g, 3 techs, researching Map Making (6/36)
    Berlin: size=2, prod=building:2 (33sh), bldgs=Palace
    Units: 1x Warriors, 1x Settlers, 1x Archers
  [Civ 4] Egyptians (despotism): 1 cities, 1 units, 0g, 3 techs, researching Bronze Working (28/36)
    Thebes: size=1, prod=Archers (28sh), bldgs=Palace
    Units: 1x Settlers
  [Civ 1] Romans turn: 5 actions — SET_RESEARCH(1), MOVE_UNIT(2), UNIT_ORDER(2)
    SET_RESEARCH tech=Alphabet
    END_TURN REJECTED: 1 units still need orders
      #27 Archers(Atk) @(36,49) mv=3 ord=none hp=full
    >>> Thebes built Archers
    CHANGE_PRODUCTION city=3

══════════════════════════════════════════════════════════════════════
  TURN 16 — 3700 B.C. (12ms)
══════════════════════════════════════════════════════════════════════
  [Civ 1] Romans (despotism): 1 cities, 3 units, 67g, 4 techs, researching Alphabet (4/52)
    Rome: size=2, prod=building:8 (32sh), bldgs=Palace
    Units: 2x Warriors, 1x Horsemen
  [Civ 2] Babylonians (despotism): 1 cities, 5 units, 0g, 3 techs, researching Code of Laws (8/36)
    Babylon: size=1, prod=building:8 (10sh), bldgs=Palace
    Units: 2x Warriors, 1x Chariot, 1x Horsemen, 1x Archers
  [Civ 3] Germans (despotism): 1 cities, 3 units, 18g, 3 techs, researching Map Making (9/36)
    Berlin: size=2, prod=building:2 (36sh), bldgs=Palace
    Units: 1x Warriors, 1x Settlers, 1x Archers
  [Civ 4] Egyptians (despotism): 1 cities, 2 units, 0g, 3 techs, researching Bronze Working (30/36)
    Thebes: size=1, prod=Warriors (0sh), bldgs=Palace
    Units: 1x Settlers, 1x Archers
  [Civ 1] Romans turn: 4 actions — MOVE_UNIT(2), UNIT_ORDER(2)

══════════════════════════════════════════════════════════════════════
  TURN 17 — 3680 B.C. (6ms)
══════════════════════════════════════════════════════════════════════
  [Civ 1] Romans (despotism): 1 cities, 3 units, 69g, 4 techs, researching Alphabet (8/52)
    Rome: size=2, prod=building:8 (37sh), bldgs=Palace
    Units: 2x Warriors, 1x Horsemen
  [Civ 2] Babylonians (despotism): 1 cities, 5 units, 0g, 3 techs, researching Code of Laws (10/36)
    Babylon: size=1, prod=building:8 (12sh), bldgs=Palace
    Units: 2x Warriors, 1x Chariot, 1x Horsemen, 1x Archers
  [Civ 3] Germans (despotism): 1 cities, 3 units, 20g, 3 techs, researching Map Making (12/36)
    Berlin: size=2, prod=building:2 (39sh), bldgs=Palace
    Units: 1x Warriors, 1x Settlers, 1x Archers
  [Civ 4] Egyptians (despotism): 1 cities, 2 units, 0g, 3 techs, researching Bronze Working (32/36)
    Thebes: size=1, prod=Warriors (2sh), bldgs=Palace
    Units: 1x Settlers, 1x Archers
  [Civ 1] Romans turn: 4 actions — MOVE_UNIT(2), UNIT_ORDER(2)
    >>> Berlin built building:2
    CHANGE_PRODUCTION city=2

══════════════════════════════════════════════════════════════════════
  TURN 18 — 3660 B.C. (8ms)
══════════════════════════════════════════════════════════════════════
  [Civ 1] Romans (despotism): 1 cities, 3 units, 71g, 4 techs, researching Alphabet (12/52)
    Rome: size=2, prod=building:8 (42sh), bldgs=Palace
    Units: 2x Warriors, 1x Horsemen
  [Civ 2] Babylonians (despotism): 1 cities, 5 units, 0g, 3 techs, researching Code of Laws (12/36)
    Babylon: size=1, prod=building:8 (14sh), bldgs=Palace
    Units: 2x Warriors, 1x Chariot, 1x Horsemen, 1x Archers
  [Civ 3] Germans (despotism): 1 cities, 3 units, 21g, 3 techs, researching Map Making (15/36)
    Berlin: size=2, prod=Settlers (2sh), bldgs=Palace, Barracks
    Units: 1x Warriors, 1x Settlers, 1x Archers
  [Civ 4] Egyptians (despotism): 1 cities, 2 units, 0g, 3 techs, researching Bronze Working (34/36)
    Thebes: size=1, prod=Warriors (4sh), bldgs=Palace
    Units: 1x Settlers, 1x Archers
  [Civ 1] Romans turn: 4 actions — MOVE_UNIT(2), UNIT_ORDER(2)
    >>> Egyptians discovered: Bronze Working
    SET_RESEARCH tech=Mysticism

══════════════════════════════════════════════════════════════════════
  TURN 19 — 3640 B.C. (7ms)
══════════════════════════════════════════════════════════════════════
  [Civ 1] Romans (despotism): 1 cities, 3 units, 73g, 4 techs, researching Alphabet (16/52)
    Rome: size=2, prod=building:8 (47sh), bldgs=Palace
    Units: 2x Warriors, 1x Horsemen
  [Civ 2] Babylonians (despotism): 1 cities, 5 units, 0g, 3 techs, researching Code of Laws (14/36)
    Babylon: size=1, prod=building:8 (16sh), bldgs=Palace
    Units: 2x Warriors, 1x Chariot, 1x Horsemen, 1x Archers
  [Civ 3] Germans (despotism): 1 cities, 3 units, 22g, 3 techs, researching Map Making (18/36)
    Berlin: size=2, prod=Settlers (5sh), bldgs=Palace, Barracks
    Units: 1x Warriors, 1x Settlers, 1x Archers
  [Civ 4] Egyptians (despotism): 1 cities, 2 units, 0g, 4 techs, researching Mysticism (0/52)
    Thebes: size=1, prod=Warriors (6sh), bldgs=Palace
    Units: 1x Settlers, 1x Archers
  [Civ 1] Romans turn: 4 actions — MOVE_UNIT(2), UNIT_ORDER(2)

══════════════════════════════════════════════════════════════════════
  TURN 20 — 3620 B.C. (7ms)
══════════════════════════════════════════════════════════════════════
  [Civ 1] Romans (despotism): 1 cities, 3 units, 75g, 4 techs, researching Alphabet (20/52)
    Rome: size=2, prod=building:8 (52sh), bldgs=Palace
    Units: 2x Warriors, 1x Horsemen
  [Civ 2] Babylonians (despotism): 1 cities, 5 units, 0g, 3 techs, researching Code of Laws (16/36)
    Babylon: size=1, prod=building:8 (18sh), bldgs=Palace
    Units: 2x Warriors, 1x Chariot, 1x Horsemen, 1x Archers
  [Civ 3] Germans (despotism): 1 cities, 3 units, 23g, 3 techs, researching Map Making (21/36)
    Berlin: size=2, prod=Settlers (8sh), bldgs=Palace, Barracks
    Units: 1x Warriors, 1x Settlers, 1x Archers
  [Civ 4] Egyptians (despotism): 1 cities, 2 units, 0g, 4 techs, researching Mysticism (2/52)
    Thebes: size=1, prod=Warriors (8sh), bldgs=Palace
    Units: 1x Settlers, 1x Archers
  [Civ 1] Romans turn: 4 actions — MOVE_UNIT(2), UNIT_ORDER(2)
    >>> Babylon grew to size 2
    >>> Thebes grew to size 2
    >>> Thebes built Warriors
    CHANGE_PRODUCTION city=3

══════════════════════════════════════════════════════════════════════
  TURN 21 — 3600 B.C. (11ms)
══════════════════════════════════════════════════════════════════════
  [Civ 1] Romans (despotism): 1 cities, 3 units, 77g, 4 techs, researching Alphabet (24/52)
    Rome: size=2, prod=building:8 (57sh), bldgs=Palace
    Units: 2x Warriors, 1x Horsemen
  [Civ 2] Babylonians (despotism): 1 cities, 5 units, 1g, 3 techs, researching Code of Laws (19/36)
    Babylon: size=2, prod=building:8 (22sh), bldgs=Palace
    Units: 2x Warriors, 1x Chariot, 1x Horsemen, 1x Archers
  [Civ 3] Germans (despotism): 1 cities, 3 units, 24g, 3 techs, researching Map Making (24/36)
    Berlin: size=2, prod=Settlers (11sh), bldgs=Palace, Barracks
    Units: 1x Warriors, 1x Settlers, 1x Archers
  [Civ 4] Egyptians (despotism): 1 cities, 3 units, 1g, 4 techs, researching Mysticism (4/52)
    Thebes: size=2, prod=building:2 (1sh), bldgs=Palace
    Units: 1x Settlers, 1x Archers, 1x Warriors
  [Civ 1] Romans turn: 4 actions — MOVE_UNIT(2), UNIT_ORDER(2)

══════════════════════════════════════════════════════════════════════
  TURN 22 — 3580 B.C. (9ms)
══════════════════════════════════════════════════════════════════════
  [Civ 1] Romans (despotism): 1 cities, 3 units, 79g, 4 techs, researching Alphabet (28/52)
    Rome: size=2, prod=building:8 (62sh), bldgs=Palace
    Units: 2x Warriors, 1x Horsemen
  [Civ 2] Babylonians (despotism): 1 cities, 5 units, 2g, 3 techs, researching Code of Laws (22/36)
    Babylon: size=2, prod=building:8 (26sh), bldgs=Palace
    Units: 2x Warriors, 1x Chariot, 1x Horsemen, 1x Archers
  [Civ 3] Germans (despotism): 1 cities, 3 units, 25g, 3 techs, researching Map Making (27/36)
    Berlin: size=2, prod=Settlers (14sh), bldgs=Palace, Barracks
    Units: 1x Warriors, 1x Settlers, 1x Archers
  [Civ 4] Egyptians (despotism): 1 cities, 3 units, 2g, 4 techs, researching Mysticism (6/52)
    Thebes: size=2, prod=building:2 (4sh), bldgs=Palace
    Units: 1x Settlers, 1x Archers, 1x Warriors
  [Civ 1] Romans turn: 4 actions — MOVE_UNIT(2), UNIT_ORDER(2)
    END_TURN REJECTED: 1 units still need orders
      #38 Archers(Atk) @(13,0) mv=3 ord=none hp=full

══════════════════════════════════════════════════════════════════════
  TURN 23 — 3560 B.C. (9ms)
══════════════════════════════════════════════════════════════════════
  [Civ 1] Romans (despotism): 1 cities, 4 units, 81g, 4 techs, researching Alphabet (32/52)
    Rome: size=2, prod=building:8 (67sh), bldgs=Palace
    Units: 2x Warriors, 1x Horsemen, 1x Archers
  [Civ 2] Babylonians (despotism): 1 cities, 5 units, 3g, 3 techs, researching Code of Laws (25/36)
    Babylon: size=2, prod=building:8 (30sh), bldgs=Palace
    Units: 2x Warriors, 1x Chariot, 1x Horsemen, 1x Archers
  [Civ 3] Germans (despotism): 1 cities, 3 units, 26g, 3 techs, researching Map Making (30/36)
    Berlin: size=2, prod=Settlers (17sh), bldgs=Palace, Barracks
    Units: 1x Warriors, 1x Settlers, 1x Archers
  [Civ 4] Egyptians (despotism): 1 cities, 3 units, 53g, 4 techs, researching Mysticism (8/52)
    Thebes: size=2, prod=building:2 (7sh), bldgs=Palace
    Units: 1x Settlers, 1x Archers, 1x Warriors
  [Civ 1] Romans turn: 6 actions — MOVE_UNIT(3), UNIT_ORDER(3)

══════════════════════════════════════════════════════════════════════
  TURN 24 — 3540 B.C. (8ms)
══════════════════════════════════════════════════════════════════════
  [Civ 1] Romans (despotism): 1 cities, 4 units, 83g, 4 techs, researching Alphabet (36/52)
    Rome: size=2, prod=building:8 (72sh), bldgs=Palace
    Units: 2x Warriors, 1x Horsemen, 1x Archers
  [Civ 2] Babylonians (despotism): 1 cities, 5 units, 4g, 3 techs, researching Code of Laws (28/36)
    Babylon: size=2, prod=building:8 (34sh), bldgs=Palace
    Units: 2x Warriors, 1x Chariot, 1x Horsemen, 1x Archers
  [Civ 3] Germans (despotism): 1 cities, 3 units, 27g, 3 techs, researching Map Making (33/36)
    Berlin: size=2, prod=Settlers (20sh), bldgs=Palace, Barracks
    Units: 1x Warriors, 1x Settlers, 1x Archers
  [Civ 4] Egyptians (despotism): 1 cities, 3 units, 54g, 4 techs, researching Mysticism (10/52)
    Thebes: size=2, prod=building:2 (10sh), bldgs=Palace
    Units: 1x Settlers, 1x Archers, 1x Warriors
  [Civ 1] Romans turn: 6 actions — MOVE_UNIT(3), UNIT_ORDER(3)
    >>> Germans discovered: Map Making
    SET_RESEARCH tech=Code of Laws

══════════════════════════════════════════════════════════════════════
  TURN 25 — 3520 B.C. (7ms)
══════════════════════════════════════════════════════════════════════
  [Civ 1] Romans (despotism): 1 cities, 4 units, 85g, 4 techs, researching Alphabet (40/52)
    Rome: size=2, prod=building:8 (77sh), bldgs=Palace
    Units: 2x Warriors, 1x Horsemen, 1x Archers
  [Civ 2] Babylonians (despotism): 1 cities, 5 units, 5g, 3 techs, researching Code of Laws (31/36)
    Babylon: size=2, prod=building:8 (38sh), bldgs=Palace
    Units: 2x Warriors, 1x Chariot, 1x Horsemen, 1x Archers
  [Civ 3] Germans (despotism): 1 cities, 3 units, 27g, 4 techs, researching Code of Laws (0/52)
    Berlin: size=2, prod=Settlers (23sh), bldgs=Palace, Barracks
    Units: 1x Warriors, 1x Settlers, 1x Archers
  [Civ 4] Egyptians (despotism): 1 cities, 3 units, 55g, 4 techs, researching Mysticism (12/52)
    Thebes: size=2, prod=building:2 (13sh), bldgs=Palace
    Units: 1x Settlers, 1x Archers, 1x Warriors
  [Civ 1] Romans turn: 6 actions — MOVE_UNIT(3), UNIT_ORDER(3)
    >>> Berlin grew to size 3
    >>> Rome built building:8

══════════════════════════════════════════════════════════════════════
  TURN 26 — 3500 B.C. (6ms)
══════════════════════════════════════════════════════════════════════
  [Civ 1] Romans (despotism): 1 cities, 4 units, 87g, 4 techs, researching Alphabet (44/52)
    Rome: size=2, prod=building:8 (2sh), bldgs=Palace, City Walls
    Units: 2x Warriors, 1x Horsemen, 1x Archers
  [Civ 2] Babylonians (despotism): 1 cities, 5 units, 6g, 3 techs, researching Code of Laws (34/36)
    Babylon: size=2, prod=building:8 (42sh), bldgs=Palace
    Units: 2x Warriors, 1x Chariot, 1x Horsemen, 1x Archers
  [Civ 3] Germans (despotism): 1 cities, 3 units, 28g, 4 techs, researching Code of Laws (4/52)
    Berlin: size=3, prod=Settlers (27sh), bldgs=Palace, Barracks
    Units: 1x Warriors, 1x Settlers, 1x Archers
  [Civ 4] Egyptians (despotism): 1 cities, 3 units, 56g, 4 techs, researching Mysticism (14/52)
    Thebes: size=2, prod=building:2 (16sh), bldgs=Palace
    Units: 1x Settlers, 1x Archers, 1x Warriors
  [Civ 1] Romans turn: 7 actions — CHANGE_PRODUCTION(1), MOVE_UNIT(3), UNIT_ORDER(3)
    CHANGE_PRODUCTION city=0
    >>> Babylonians discovered: Code of Laws
    SET_RESEARCH tech=Writing

══════════════════════════════════════════════════════════════════════
  TURN 27 — 3480 B.C. (6ms)
══════════════════════════════════════════════════════════════════════
  [Civ 1] Romans (despotism): 1 cities, 4 units, 89g, 4 techs, researching Alphabet (48/52)
    Rome: size=2, prod=building:2 (7sh), bldgs=Palace, City Walls
    Units: 2x Warriors, 1x Horsemen, 1x Archers
  [Civ 2] Babylonians (despotism): 1 cities, 5 units, 6g, 4 techs, researching Writing (0/52)
    Babylon: size=2, prod=building:8 (46sh), bldgs=Palace
    Units: 2x Warriors, 1x Chariot, 1x Horsemen, 1x Archers
  [Civ 3] Germans (despotism): 1 cities, 3 units, 29g, 4 techs, researching Code of Laws (8/52)
    Berlin: size=3, prod=Settlers (31sh), bldgs=Palace, Barracks
    Units: 1x Warriors, 1x Settlers, 1x Archers
  [Civ 4] Egyptians (despotism): 1 cities, 3 units, 57g, 4 techs, researching Mysticism (16/52)
    Thebes: size=2, prod=building:2 (19sh), bldgs=Palace
    Units: 1x Settlers, 1x Archers, 1x Warriors
  [Civ 1] Romans turn: 6 actions — MOVE_UNIT(3), UNIT_ORDER(3)
    >>> Romans discovered: Alphabet

══════════════════════════════════════════════════════════════════════
  TURN 28 — 3460 B.C. (7ms)
══════════════════════════════════════════════════════════════════════
  [Civ 1] Romans (despotism): 1 cities, 4 units, 89g, 5 techs, researching none (0/70)
    Rome: size=2, prod=building:2 (12sh), bldgs=Palace, City Walls
    Units: 2x Warriors, 1x Horsemen, 1x Archers
  [Civ 2] Babylonians (despotism): 1 cities, 5 units, 7g, 4 techs, researching Writing (3/48)
    Babylon: size=2, prod=building:8 (50sh), bldgs=Palace
    Units: 2x Warriors, 1x Chariot, 1x Horsemen, 1x Archers
  [Civ 3] Germans (despotism): 1 cities, 3 units, 30g, 4 techs, researching Code of Laws (12/48)
    Berlin: size=3, prod=Settlers (35sh), bldgs=Palace, Barracks
    Units: 1x Warriors, 1x Settlers, 1x Archers
  [Civ 4] Egyptians (despotism): 1 cities, 3 units, 58g, 4 techs, researching Mysticism (18/48)
    Thebes: size=2, prod=building:2 (22sh), bldgs=Palace
    Units: 1x Settlers, 1x Archers, 1x Warriors
  [Civ 1] Romans turn: 7 actions — SET_RESEARCH(1), MOVE_UNIT(3), UNIT_ORDER(3)
    SET_RESEARCH tech=Bronze Working

══════════════════════════════════════════════════════════════════════
  TURN 29 — 3440 B.C. (6ms)
══════════════════════════════════════════════════════════════════════
  [Civ 1] Romans (despotism): 1 cities, 4 units, 91g, 5 techs, researching Bronze Working (4/70)
    Rome: size=2, prod=building:2 (17sh), bldgs=Palace, City Walls
    Units: 2x Warriors, 1x Horsemen, 1x Archers
  [Civ 2] Babylonians (despotism): 1 cities, 5 units, 8g, 4 techs, researching Writing (6/48)
    Babylon: size=2, prod=building:8 (54sh), bldgs=Palace
    Units: 2x Warriors, 1x Chariot, 1x Horsemen, 1x Archers
  [Civ 3] Germans (despotism): 1 cities, 3 units, 31g, 4 techs, researching Code of Laws (16/48)
    Berlin: size=3, prod=Settlers (39sh), bldgs=Palace, Barracks
    Units: 1x Warriors, 1x Settlers, 1x Archers
  [Civ 4] Egyptians (despotism): 1 cities, 3 units, 59g, 4 techs, researching Mysticism (20/48)
    Thebes: size=2, prod=building:2 (25sh), bldgs=Palace
    Units: 1x Settlers, 1x Archers, 1x Warriors
  [Civ 1] Romans turn: 6 actions — MOVE_UNIT(3), UNIT_ORDER(3)
    >>> Berlin built Settlers

══════════════════════════════════════════════════════════════════════
  TURN 30 — 3420 B.C. (32ms)
══════════════════════════════════════════════════════════════════════
  [Civ 1] Romans (despotism): 1 cities, 4 units, 93g, 5 techs, researching Bronze Working (8/70)
    Rome: size=2, prod=building:2 (22sh), bldgs=Palace, City Walls
    Units: 2x Warriors, 1x Horsemen, 1x Archers
  [Civ 2] Babylonians (despotism): 1 cities, 5 units, 9g, 4 techs, researching Writing (9/48)
    Babylon: size=2, prod=building:8 (58sh), bldgs=Palace
    Units: 2x Warriors, 1x Chariot, 1x Horsemen, 1x Archers
  [Civ 3] Germans (despotism): 1 cities, 4 units, 32g, 4 techs, researching Code of Laws (19/48)
    Berlin: size=2, prod=Settlers (3sh), bldgs=Palace, Barracks
    Units: 1x Warriors, 2x Settlers, 1x Archers
  [Civ 4] Egyptians (despotism): 1 cities, 3 units, 60g, 4 techs, researching Mysticism (22/48)
    Thebes: size=2, prod=building:2 (28sh), bldgs=Palace
    Units: 1x Settlers, 1x Archers, 1x Warriors
  [Civ 1] Romans turn: 6 actions — MOVE_UNIT(3), UNIT_ORDER(3)

══════════════════════════════════════════════════════════════════════
  TURN 31 — 3400 B.C. (11ms)
══════════════════════════════════════════════════════════════════════
  [Civ 1] Romans (despotism): 1 cities, 4 units, 95g, 5 techs, researching Bronze Working (12/70)
    Rome: size=2, prod=building:2 (27sh), bldgs=Palace, City Walls
    Units: 2x Warriors, 1x Horsemen, 1x Archers
  [Civ 2] Babylonians (despotism): 1 cities, 5 units, 10g, 4 techs, researching Writing (12/48)
    Babylon: size=2, prod=building:8 (62sh), bldgs=Palace
    Units: 2x Warriors, 1x Chariot, 1x Horsemen, 1x Archers
  [Civ 3] Germans (despotism): 1 cities, 4 units, 33g, 4 techs, researching Code of Laws (22/48)
    Berlin: size=2, prod=Settlers (6sh), bldgs=Palace, Barracks
    Units: 1x Warriors, 2x Settlers, 1x Archers
  [Civ 4] Egyptians (despotism): 1 cities, 3 units, 61g, 4 techs, researching Mysticism (24/48)
    Thebes: size=2, prod=building:2 (31sh), bldgs=Palace
    Units: 1x Settlers, 1x Archers, 1x Warriors
  [Civ 1] Romans turn: 6 actions — MOVE_UNIT(3), UNIT_ORDER(3)

══════════════════════════════════════════════════════════════════════
  TURN 32 — 3380 B.C. (8ms)
══════════════════════════════════════════════════════════════════════
  [Civ 1] Romans (despotism): 1 cities, 4 units, 97g, 5 techs, researching Bronze Working (16/70)
    Rome: size=2, prod=building:2 (32sh), bldgs=Palace, City Walls
    Units: 2x Warriors, 1x Horsemen, 1x Archers
  [Civ 2] Babylonians (despotism): 1 cities, 5 units, 11g, 4 techs, researching Writing (15/48)
    Babylon: size=2, prod=building:8 (66sh), bldgs=Palace
    Units: 2x Warriors, 1x Chariot, 1x Horsemen, 1x Archers
  [Civ 3] Germans (despotism): 1 cities, 4 units, 34g, 4 techs, researching Code of Laws (25/48)
    Berlin: size=2, prod=Settlers (9sh), bldgs=Palace, Barracks
    Units: 1x Warriors, 2x Settlers, 1x Archers
  [Civ 4] Egyptians (despotism): 1 cities, 3 units, 62g, 4 techs, researching Mysticism (26/48)
    Thebes: size=2, prod=building:2 (34sh), bldgs=Palace
    Units: 1x Settlers, 1x Archers, 1x Warriors
  [Civ 1] Romans turn: 9 actions — ADJUST_ATTITUDE(3), MOVE_UNIT(3), UNIT_ORDER(3)
    ADJUST_ATTITUDE target=civ2
    ADJUST_ATTITUDE target=civ3
    ADJUST_ATTITUDE target=civ4
    ADJUST_ATTITUDE target=civ1
    ADJUST_ATTITUDE target=civ3
    ADJUST_ATTITUDE target=civ4
    ADJUST_ATTITUDE target=civ1
    ADJUST_ATTITUDE target=civ2
    ADJUST_ATTITUDE target=civ4
    ADJUST_ATTITUDE target=civ1
    ADJUST_ATTITUDE target=civ2
    ADJUST_ATTITUDE target=civ3

══════════════════════════════════════════════════════════════════════
  TURN 33 — 3360 B.C. (8ms)
══════════════════════════════════════════════════════════════════════
  [Civ 1] Romans (despotism): 1 cities, 4 units, 99g, 5 techs, researching Bronze Working (20/70)
    Rome: size=2, prod=building:2 (37sh), bldgs=Palace, City Walls
    Units: 2x Warriors, 1x Horsemen, 1x Archers
  [Civ 2] Babylonians (despotism): 1 cities, 5 units, 12g, 4 techs, researching Writing (18/48)
    Babylon: size=2, prod=building:8 (70sh), bldgs=Palace
    Units: 2x Warriors, 1x Chariot, 1x Horsemen, 1x Archers
  [Civ 3] Germans (despotism): 1 cities, 4 units, 35g, 4 techs, researching Code of Laws (28/48)
    Berlin: size=2, prod=Settlers (12sh), bldgs=Palace, Barracks
    Units: 1x Warriors, 2x Settlers, 1x Archers
  [Civ 4] Egyptians (despotism): 1 cities, 3 units, 63g, 4 techs, researching Mysticism (28/48)
    Thebes: size=2, prod=building:2 (37sh), bldgs=Palace
    Units: 1x Settlers, 1x Archers, 1x Warriors
  [Civ 1] Romans turn: 6 actions — MOVE_UNIT(3), UNIT_ORDER(3)
    >>> Thebes built building:2
    CHANGE_PRODUCTION city=3
    >>> Rome built building:2

══════════════════════════════════════════════════════════════════════
  TURN 34 — 3340 B.C. (9ms)
══════════════════════════════════════════════════════════════════════
  [Civ 1] Romans (despotism): 1 cities, 4 units, 100g, 5 techs, researching Bronze Working (24/70)
    Rome: size=2, prod=building:2 (2sh), bldgs=Palace, City Walls, Barracks
    Units: 2x Warriors, 1x Horsemen, 1x Archers
  [Civ 2] Babylonians (despotism): 1 cities, 5 units, 13g, 4 techs, researching Writing (21/48)
    Babylon: size=2, prod=building:8 (74sh), bldgs=Palace
    Units: 2x Warriors, 1x Chariot, 1x Horsemen, 1x Archers
  [Civ 3] Germans (despotism): 1 cities, 4 units, 36g, 4 techs, researching Code of Laws (31/48)
    Berlin: size=2, prod=Settlers (15sh), bldgs=Palace, Barracks
    Units: 1x Warriors, 2x Settlers, 1x Archers
  [Civ 4] Egyptians (despotism): 1 cities, 3 units, 63g, 4 techs, researching Mysticism (30/48)
    Thebes: size=2, prod=Warriors (0sh), bldgs=Palace, Barracks
    Units: 1x Settlers, 1x Archers, 1x Warriors
  [Civ 1] Romans turn: 7 actions — CHANGE_PRODUCTION(1), MOVE_UNIT(3), UNIT_ORDER(3)
    CHANGE_PRODUCTION city=0
    CHANGE_PRODUCTION city=3

══════════════════════════════════════════════════════════════════════
  TURN 35 — 3320 B.C. (9ms)
══════════════════════════════════════════════════════════════════════
  [Civ 1] Romans (despotism): 1 cities, 4 units, 101g, 5 techs, researching Bronze Working (28/70)
    Rome: size=2, prod=Archers (7sh), bldgs=Palace, City Walls, Barracks
    Units: 2x Warriors, 1x Horsemen, 1x Archers
  [Civ 2] Babylonians (despotism): 1 cities, 5 units, 14g, 4 techs, researching Writing (24/48)
    Babylon: size=2, prod=building:8 (78sh), bldgs=Palace
    Units: 2x Warriors, 1x Chariot, 1x Horsemen, 1x Archers
  [Civ 3] Germans (despotism): 1 cities, 4 units, 37g, 4 techs, researching Code of Laws (34/48)
    Berlin: size=2, prod=Settlers (18sh), bldgs=Palace, Barracks
    Units: 1x Warriors, 2x Settlers, 1x Archers
  [Civ 4] Egyptians (despotism): 1 cities, 3 units, 63g, 4 techs, researching Mysticism (32/48)
    Thebes: size=2, prod=Archers (3sh), bldgs=Palace, Barracks
    Units: 1x Settlers, 1x Archers, 1x Warriors
  [Civ 1] Romans turn: 6 actions — MOVE_UNIT(3), UNIT_ORDER(3)
    >>> Babylon built building:8
    CHANGE_PRODUCTION city=1

══════════════════════════════════════════════════════════════════════
  TURN 36 — 3300 B.C. (7ms)
══════════════════════════════════════════════════════════════════════
  [Civ 1] Romans (despotism): 1 cities, 4 units, 102g, 5 techs, researching Bronze Working (32/70)
    Rome: size=2, prod=Archers (12sh), bldgs=Palace, City Walls, Barracks
    Units: 2x Warriors, 1x Horsemen, 1x Archers
  [Civ 2] Babylonians (despotism): 1 cities, 5 units, 15g, 4 techs, researching Writing (27/48)
    Babylon: size=2, prod=Settlers (2sh), bldgs=Palace, City Walls
    Units: 2x Warriors, 1x Chariot, 1x Horsemen, 1x Archers
  [Civ 3] Germans (despotism): 1 cities, 4 units, 38g, 4 techs, researching Code of Laws (37/48)
    Berlin: size=2, prod=Settlers (21sh), bldgs=Palace, Barracks
    Units: 1x Warriors, 2x Settlers, 1x Archers
  [Civ 4] Egyptians (despotism): 1 cities, 3 units, 63g, 4 techs, researching Mysticism (34/48)
    Thebes: size=2, prod=Archers (6sh), bldgs=Palace, Barracks
    Units: 1x Settlers, 1x Archers, 1x Warriors
  [Civ 1] Romans turn: 6 actions — MOVE_UNIT(3), UNIT_ORDER(3)

══════════════════════════════════════════════════════════════════════
  TURN 37 — 3280 B.C. (5ms)
══════════════════════════════════════════════════════════════════════
  [Civ 1] Romans (despotism): 1 cities, 4 units, 103g, 5 techs, researching Bronze Working (36/70)
    Rome: size=2, prod=Archers (17sh), bldgs=Palace, City Walls, Barracks
    Units: 2x Warriors, 1x Horsemen, 1x Archers
  [Civ 2] Babylonians (despotism): 1 cities, 5 units, 16g, 4 techs, researching Writing (30/48)
    Babylon: size=2, prod=Settlers (6sh), bldgs=Palace, City Walls
    Units: 2x Warriors, 1x Chariot, 1x Horsemen, 1x Archers
  [Civ 3] Germans (despotism): 1 cities, 4 units, 39g, 4 techs, researching Code of Laws (40/48)
    Berlin: size=2, prod=Settlers (24sh), bldgs=Palace, Barracks
    Units: 1x Warriors, 2x Settlers, 1x Archers
  [Civ 4] Egyptians (despotism): 1 cities, 3 units, 63g, 4 techs, researching Mysticism (36/48)
    Thebes: size=2, prod=Archers (9sh), bldgs=Palace, Barracks
    Units: 1x Settlers, 1x Archers, 1x Warriors
  [Civ 1] Romans turn: 6 actions — MOVE_UNIT(3), UNIT_ORDER(3)

══════════════════════════════════════════════════════════════════════
  TURN 38 — 3260 B.C. (5ms)
══════════════════════════════════════════════════════════════════════
  [Civ 1] Romans (despotism): 1 cities, 4 units, 104g, 5 techs, researching Bronze Working (40/70)
    Rome: size=2, prod=Archers (22sh), bldgs=Palace, City Walls, Barracks
    Units: 2x Warriors, 1x Horsemen, 1x Archers
  [Civ 2] Babylonians (despotism): 1 cities, 5 units, 17g, 4 techs, researching Writing (33/48)
    Babylon: size=2, prod=Settlers (10sh), bldgs=Palace, City Walls
    Units: 2x Warriors, 1x Chariot, 1x Horsemen, 1x Archers
  [Civ 3] Germans (despotism): 1 cities, 4 units, 40g, 4 techs, researching Code of Laws (43/48)
    Berlin: size=2, prod=Settlers (27sh), bldgs=Palace, Barracks
    Units: 1x Warriors, 2x Settlers, 1x Archers
  [Civ 4] Egyptians (despotism): 1 cities, 3 units, 63g, 4 techs, researching Mysticism (38/48)
    Thebes: size=2, prod=Archers (12sh), bldgs=Palace, Barracks
    Units: 1x Settlers, 1x Archers, 1x Warriors
  [Civ 1] Romans turn: 6 actions — MOVE_UNIT(3), UNIT_ORDER(3)

══════════════════════════════════════════════════════════════════════
  TURN 39 — 3240 B.C. (6ms)
══════════════════════════════════════════════════════════════════════
  [Civ 1] Romans (despotism): 1 cities, 4 units, 105g, 5 techs, researching Bronze Working (44/70)
    Rome: size=2, prod=Archers (27sh), bldgs=Palace, City Walls, Barracks
    Units: 2x Warriors, 1x Horsemen, 1x Archers
  [Civ 2] Babylonians (despotism): 1 cities, 5 units, 18g, 4 techs, researching Writing (36/48)
    Babylon: size=2, prod=Settlers (14sh), bldgs=Palace, City Walls
    Units: 2x Warriors, 1x Chariot, 1x Horsemen, 1x Archers
  [Civ 3] Germans (despotism): 1 cities, 4 units, 41g, 4 techs, researching Code of Laws (46/48)
    Berlin: size=2, prod=Settlers (30sh), bldgs=Palace, Barracks
    Units: 1x Warriors, 2x Settlers, 1x Archers
  [Civ 4] Egyptians (despotism): 1 cities, 3 units, 63g, 4 techs, researching Mysticism (40/48)
    Thebes: size=2, prod=Archers (15sh), bldgs=Palace, Barracks
    Units: 1x Settlers, 1x Archers, 1x Warriors
  [Civ 1] Romans turn: 6 actions — MOVE_UNIT(3), UNIT_ORDER(3)
    >>> Germans discovered: Code of Laws
    SET_RESEARCH tech=Seafaring
    COMBAT: Warriors vs Warriors → defWin (atkHp=undefined, defHp=undefined)
    1 actions REJECTED (of 2)
    >>> Rome grew to size 3
    >>> Rome built Archers

══════════════════════════════════════════════════════════════════════
  TURN 40 — 3220 B.C. (10ms)
══════════════════════════════════════════════════════════════════════
  [Civ 1] Romans (despotism): 1 cities, 5 units, 106g, 5 techs, researching Bronze Working (50/70)
    Rome: size=3, prod=Archers (3sh), bldgs=Palace, City Walls, Barracks
    Units: 2x Warriors, 1x Horsemen, 2x Archers
  [Civ 2] Babylonians (despotism): 1 cities, 5 units, 19g, 4 techs, researching Writing (39/48)
    Babylon: size=2, prod=Settlers (18sh), bldgs=Palace, City Walls
    Units: 2x Warriors, 1x Chariot, 1x Horsemen, 1x Archers
  [Civ 3] Germans (despotism): 1 cities, 4 units, 41g, 5 techs, researching Seafaring (0/70)
    Berlin: size=2, prod=Settlers (33sh), bldgs=Palace, Barracks
    Units: 1x Warriors, 2x Settlers, 1x Archers
  [Civ 4] Egyptians (despotism): 1 cities, 2 units, 63g, 4 techs, researching Mysticism (42/48)
    Thebes: size=2, prod=Archers (18sh), bldgs=Palace, Barracks
    Units: 1x Settlers, 1x Archers
  [Civ 1] Romans turn: 8 actions — MOVE_UNIT(4), UNIT_ORDER(4)
    CHANGE_PRODUCTION city=3

══════════════════════════════════════════════════════════════════════
  TURN 41 — 3200 B.C. (15ms)
══════════════════════════════════════════════════════════════════════
  [Civ 1] Romans (despotism): 1 cities, 5 units, 107g, 5 techs, researching Bronze Working (56/70)
    Rome: size=3, prod=Archers (9sh), bldgs=Palace, City Walls, Barracks
    Units: 2x Warriors, 1x Horsemen, 2x Archers
  [Civ 2] Babylonians (despotism): 1 cities, 5 units, 20g, 4 techs, researching Writing (42/48)
    Babylon: size=2, prod=Settlers (22sh), bldgs=Palace, City Walls
    Units: 2x Warriors, 1x Chariot, 1x Horsemen, 1x Archers
  [Civ 3] Germans (despotism): 1 cities, 4 units, 42g, 5 techs, researching Seafaring (3/70)
    Berlin: size=2, prod=Settlers (36sh), bldgs=Palace, Barracks
    Units: 1x Warriors, 2x Settlers, 1x Archers
  [Civ 4] Egyptians (despotism): 1 cities, 2 units, 63g, 4 techs, researching Mysticism (44/48)
    Thebes: size=2, prod=Warriors (10sh), bldgs=Palace, Barracks
    Units: 1x Settlers, 1x Archers
  [Civ 1] Romans turn: 8 actions — CHANGE_PRODUCTION(1), MOVE_UNIT(4), UNIT_ORDER(3)
    CHANGE_PRODUCTION city=0
    >>> Thebes built Warriors
    CHANGE_PRODUCTION city=3

══════════════════════════════════════════════════════════════════════
  TURN 42 — 3180 B.C. (6ms)
══════════════════════════════════════════════════════════════════════
  [Civ 1] Romans (despotism): 1 cities, 5 units, 108g, 5 techs, researching Bronze Working (62/70)
    Rome: size=3, prod=Horsemen (15sh), bldgs=Palace, City Walls, Barracks
    Units: 2x Warriors, 1x Horsemen, 2x Archers
  [Civ 2] Babylonians (despotism): 1 cities, 5 units, 21g, 4 techs, researching Writing (45/48)
    Babylon: size=2, prod=Settlers (26sh), bldgs=Palace, City Walls
    Units: 2x Warriors, 1x Chariot, 1x Horsemen, 1x Archers
  [Civ 3] Germans (despotism): 1 cities, 4 units, 43g, 5 techs, researching Seafaring (6/70)
    Berlin: size=2, prod=Settlers (39sh), bldgs=Palace, Barracks
    Units: 1x Warriors, 2x Settlers, 1x Archers
  [Civ 4] Egyptians (despotism): 1 cities, 3 units, 63g, 4 techs, researching Mysticism (46/48)
    Thebes: size=2, prod=Archers (3sh), bldgs=Palace, Barracks
    Units: 1x Settlers, 1x Archers, 1x Warriors
  [Civ 1] Romans turn: 9 actions — CHANGE_PRODUCTION(1), MOVE_UNIT(4), UNIT_ORDER(4)
    CHANGE_PRODUCTION city=0
    >>> Babylonians discovered: Writing
    SET_RESEARCH tech=Literacy
    >>> Berlin built Settlers
    >>> Egyptians discovered: Mysticism
    SET_RESEARCH tech=Map Making

══════════════════════════════════════════════════════════════════════
  TURN 43 — 3160 B.C. (10ms)
══════════════════════════════════════════════════════════════════════
  [Civ 1] Romans (despotism): 1 cities, 5 units, 109g, 5 techs, researching Bronze Working (68/70)
    Rome: size=3, prod=Archers (21sh), bldgs=Palace, City Walls, Barracks
    Units: 2x Warriors, 1x Horsemen, 2x Archers
  [Civ 2] Babylonians (despotism): 1 cities, 5 units, 21g, 5 techs, researching Literacy (0/70)
    Babylon: size=2, prod=Settlers (30sh), bldgs=Palace, City Walls
    Units: 2x Warriors, 1x Chariot, 1x Horsemen, 1x Archers
  [Civ 3] Germans (despotism): 1 cities, 5 units, 43g, 5 techs, researching Seafaring (8/70)
    Berlin: size=1, prod=Settlers (2sh), bldgs=Palace, Barracks
    Units: 1x Warriors, 3x Settlers, 1x Archers
  [Civ 4] Egyptians (despotism): 1 cities, 3 units, 63g, 5 techs, researching Map Making (0/70)
    Thebes: size=2, prod=Archers (6sh), bldgs=Palace, Barracks
    Units: 1x Settlers, 1x Archers, 1x Warriors
  [Civ 1] Romans turn: 8 actions — MOVE_UNIT(4), UNIT_ORDER(4)
    >>> Berlin grew to size 2
    >>> Romans discovered: Bronze Working

══════════════════════════════════════════════════════════════════════
  TURN 44 — 3140 B.C. (7ms)
══════════════════════════════════════════════════════════════════════
  [Civ 1] Romans (despotism): 1 cities, 5 units, 109g, 6 techs, researching none (0/84)
    Rome: size=3, prod=Archers (27sh), bldgs=Palace, City Walls, Barracks
    Units: 2x Warriors, 1x Horsemen, 2x Archers
  [Civ 2] Babylonians (despotism): 1 cities, 5 units, 22g, 5 techs, researching Literacy (3/65)
    Babylon: size=2, prod=Settlers (34sh), bldgs=Palace, City Walls
    Units: 2x Warriors, 1x Chariot, 1x Horsemen, 1x Archers
  [Civ 3] Germans (despotism): 1 cities, 5 units, 44g, 5 techs, researching Seafaring (11/65)
    Berlin: size=2, prod=Settlers (5sh), bldgs=Palace, Barracks
    Units: 1x Warriors, 3x Settlers, 1x Archers
  [Civ 4] Egyptians (despotism): 1 cities, 3 units, 63g, 5 techs, researching Map Making (2/65)
    Thebes: size=2, prod=Archers (9sh), bldgs=Palace, Barracks
    Units: 1x Settlers, 1x Archers, 1x Warriors
  [Civ 1] Romans turn: 9 actions — SET_RESEARCH(1), MOVE_UNIT(4), UNIT_ORDER(4)
    SET_RESEARCH tech=Iron Working
    >>> Rome built Archers

══════════════════════════════════════════════════════════════════════
  TURN 45 — 3120 B.C. (9ms)
══════════════════════════════════════════════════════════════════════
  [Civ 1] Romans (despotism): 1 cities, 6 units, 110g, 6 techs, researching Iron Working (5/84)
    Rome: size=3, prod=Archers (3sh), bldgs=Palace, City Walls, Barracks
    Units: 2x Warriors, 1x Horsemen, 3x Archers
  [Civ 2] Babylonians (despotism): 1 cities, 5 units, 23g, 5 techs, researching Literacy (6/65)
    Babylon: size=2, prod=Settlers (38sh), bldgs=Palace, City Walls
    Units: 2x Warriors, 1x Chariot, 1x Horsemen, 1x Archers
  [Civ 3] Germans (despotism): 1 cities, 5 units, 45g, 5 techs, researching Seafaring (14/65)
    Berlin: size=2, prod=Settlers (8sh), bldgs=Palace, Barracks
    Units: 1x Warriors, 3x Settlers, 1x Archers
  [Civ 4] Egyptians (despotism): 1 cities, 3 units, 63g, 5 techs, researching Map Making (4/65)
    Thebes: size=2, prod=Archers (12sh), bldgs=Palace, Barracks
    Units: 1x Settlers, 1x Archers, 1x Warriors
  [Civ 1] Romans turn: 11 actions — CHANGE_PRODUCTION(1), MOVE_UNIT(5), UNIT_ORDER(5)
    CHANGE_PRODUCTION city=0
    >>> Babylon built Settlers

══════════════════════════════════════════════════════════════════════
  TURN 46 — 3100 B.C. (10ms)
══════════════════════════════════════════════════════════════════════
  [Civ 1] Romans (despotism): 1 cities, 6 units, 111g, 6 techs, researching Iron Working (10/84)
    Rome: size=3, prod=Horsemen (8sh), bldgs=Palace, City Walls, Barracks
    Units: 2x Warriors, 1x Horsemen, 3x Archers
  [Civ 2] Babylonians (despotism): 1 cities, 6 units, 23g, 5 techs, researching Literacy (7/65)
    Babylon: size=1, prod=Settlers (2sh), bldgs=Palace, City Walls
    Units: 2x Warriors, 1x Chariot, 1x Horsemen, 1x Archers, 1x Settlers
  [Civ 3] Germans (despotism): 1 cities, 5 units, 46g, 5 techs, researching Seafaring (17/65)
    Berlin: size=2, prod=Settlers (11sh), bldgs=Palace, Barracks
    Units: 1x Warriors, 3x Settlers, 1x Archers
  [Civ 4] Egyptians (despotism): 1 cities, 2 units, 63g, 5 techs, researching Map Making (6/65)
    Thebes: size=2, prod=Archers (15sh), bldgs=Palace, Barracks
    Units: 1x Settlers, 1x Archers
  [Civ 1] Romans turn: 9 actions — MOVE_UNIT(5), UNIT_ORDER(4)
    >>> Babylon grew to size 2
    CHANGE_PRODUCTION city=3

══════════════════════════════════════════════════════════════════════
  TURN 47 — 3080 B.C. (7ms)
══════════════════════════════════════════════════════════════════════
  [Civ 1] Romans (despotism): 1 cities, 6 units, 112g, 6 techs, researching Iron Working (15/84)
    Rome: size=3, prod=Horsemen (13sh), bldgs=Palace, City Walls, Barracks
    Units: 2x Warriors, 1x Horsemen, 3x Archers
  [Civ 2] Babylonians (despotism): 1 cities, 6 units, 24g, 5 techs, researching Literacy (9/65)
    Babylon: size=2, prod=Settlers (5sh), bldgs=Palace, City Walls
    Units: 2x Warriors, 1x Chariot, 1x Horsemen, 1x Archers, 1x Settlers
  [Civ 3] Germans (despotism): 1 cities, 5 units, 47g, 5 techs, researching Seafaring (20/65)
    Berlin: size=2, prod=Settlers (14sh), bldgs=Palace, Barracks
    Units: 1x Warriors, 3x Settlers, 1x Archers
  [Civ 4] Egyptians (despotism): 1 cities, 2 units, 63g, 5 techs, researching Map Making (8/65)
    Thebes: size=2, prod=Warriors (10sh), bldgs=Palace, Barracks
    Units: 1x Settlers, 1x Archers
  [Civ 1] Romans turn: 10 actions — MOVE_UNIT(5), UNIT_ORDER(5)
    >>> Thebes built Warriors
    CHANGE_PRODUCTION city=3

══════════════════════════════════════════════════════════════════════
  TURN 48 — 3060 B.C. (10ms)
══════════════════════════════════════════════════════════════════════
  [Civ 1] Romans (despotism): 1 cities, 6 units, 113g, 6 techs, researching Iron Working (20/84)
    Rome: size=3, prod=Horsemen (18sh), bldgs=Palace, City Walls, Barracks
    Units: 2x Warriors, 1x Horsemen, 3x Archers
  [Civ 2] Babylonians (despotism): 1 cities, 6 units, 25g, 5 techs, researching Literacy (11/65)
    Babylon: size=2, prod=Settlers (8sh), bldgs=Palace, City Walls
    Units: 2x Warriors, 1x Chariot, 1x Horsemen, 1x Archers, 1x Settlers
  [Civ 3] Germans (despotism): 1 cities, 5 units, 48g, 5 techs, researching Seafaring (23/65)
    Berlin: size=2, prod=Settlers (17sh), bldgs=Palace, Barracks
    Units: 1x Warriors, 3x Settlers, 1x Archers
  [Civ 4] Egyptians (despotism): 1 cities, 3 units, 63g, 5 techs, researching Map Making (10/65)
    Thebes: size=2, prod=Archers (3sh), bldgs=Palace, Barracks
    Units: 1x Settlers, 1x Archers, 1x Warriors
  [Civ 1] Romans turn: 10 actions — MOVE_UNIT(5), UNIT_ORDER(5)
    >>> Rome built Horsemen

══════════════════════════════════════════════════════════════════════
  TURN 49 — 3040 B.C. (7ms)
══════════════════════════════════════════════════════════════════════
  [Civ 1] Romans (despotism): 1 cities, 7 units, 114g, 6 techs, researching Iron Working (24/84)
    Rome: size=3, prod=Horsemen (3sh), bldgs=Palace, City Walls, Barracks
    Units: 2x Warriors, 2x Horsemen, 3x Archers
  [Civ 2] Babylonians (despotism): 1 cities, 6 units, 26g, 5 techs, researching Literacy (13/65)
    Babylon: size=2, prod=Settlers (11sh), bldgs=Palace, City Walls
    Units: 2x Warriors, 1x Chariot, 1x Horsemen, 1x Archers, 1x Settlers
  [Civ 3] Germans (despotism): 1 cities, 5 units, 49g, 5 techs, researching Seafaring (26/65)
    Berlin: size=2, prod=Settlers (20sh), bldgs=Palace, Barracks
    Units: 1x Warriors, 3x Settlers, 1x Archers
  [Civ 4] Egyptians (despotism): 1 cities, 3 units, 63g, 5 techs, researching Map Making (12/65)
    Thebes: size=2, prod=Archers (6sh), bldgs=Palace, Barracks
    Units: 1x Settlers, 1x Archers, 1x Warriors
  [Civ 1] Romans turn: 13 actions — CHANGE_PRODUCTION(1), MOVE_UNIT(6), UNIT_ORDER(6)
    CHANGE_PRODUCTION city=0

══════════════════════════════════════════════════════════════════════
  FINAL SUMMARY
══════════════════════════════════════════════════════════════════════
Game ended at turn 50 (3020 B.C.)

── Civ 1: Romans (despotism) ALIVE ──
  Cities: 1 (peak 1, founded 1)
  Units:  7 (peak 7)
  Treasury: 115g
  Techs discovered: 3 — Warrior Code, Alphabet, Bronze Working
  Actions: 283 total, 0 idle turns
  Breakdown: MOVE_UNIT(133), UNIT_ORDER(133), CHANGE_PRODUCTION(8), SET_RESEARCH(4), ADJUST_ATTITUDE(3), CHANGE_RATES(1), BUILD_CITY(1)
  Army: 2x Warriors, 2x Horsemen, 3x Archers
  Rome: size=3, shields=7

── Civ 2: Babylonians (despotism) ALIVE ──
  Cities: 1 (peak 1, founded 1)
  Units:  6 (peak 6)
  Treasury: 27g
  Techs discovered: 2 — Code of Laws, Writing
  Actions: 346 total, 0 idle turns
  Breakdown: UNIT_ORDER(168), MOVE_UNIT(166), SET_RESEARCH(4), CHANGE_PRODUCTION(3), ADJUST_ATTITUDE(3), CHANGE_RATES(1), BUILD_CITY(1)
  Army: 2x Warriors, 1x Chariot, 1x Horsemen, 1x Archers, 1x Settlers
  Babylon: size=2, shields=14

── Civ 3: Germans (despotism) ALIVE ──
  Cities: 1 (peak 1, founded 2)
  Units:  5 (peak 5)
  Treasury: 50g
  Techs discovered: 4 — Bronze Working, Alphabet, Map Making, Code of Laws
  Actions: 211 total, 0 idle turns
  Breakdown: UNIT_ORDER(100), MOVE_UNIT(97), SET_RESEARCH(5), ADJUST_ATTITUDE(3), BUILD_CITY(2), CHANGE_PRODUCTION(2), CHANGE_RATES(1), WORKER_ORDER(1)
  Army: 1x Warriors, 3x Settlers, 1x Archers
  Berlin: size=2, shields=23

── Civ 4: Egyptians (despotism) ALIVE ──
  Cities: 1 (peak 1, founded 2)
  Units:  3 (peak 3)
  Treasury: 63g
  Techs discovered: 2 — Bronze Working, Mysticism
  Actions: 101 total, 6 idle turns
  Breakdown: UNIT_ORDER(42), MOVE_UNIT(41), CHANGE_PRODUCTION(9), SET_RESEARCH(3), ADJUST_ATTITUDE(3), BUILD_CITY(2), CHANGE_RATES(1)
  Army: 1x Settlers, 1x Archers, 1x Warriors
  Thebes: size=2, shields=9


══════════════════════════════════════════════════════════════════════
  AI BEHAVIOR ANALYSIS
══════════════════════════════════════════════════════════════════════
[Civ 1] Romans:
  WARNING: Only 1 city after 30+ turns
  WARNING: 1 units stuck (busy orders outside city)

[Civ 2] Babylonians:
  WARNING: Only 1 city after 30+ turns
  WARNING: 1 units stuck (busy orders outside city)

[Civ 3] Germans:
  WARNING: 2 units stuck (busy orders outside city)

[Civ 4] Egyptians:
  WARNING: 1 units stuck (busy orders outside city)

