Charlization AI Headless Simulation
Date: 2026-03-17T01:28:33.209Z
Settings: 50 turns, 4 AI players, 50x80 map, difficulty=prince
Map seed: 28920
Map generated in 91ms
Game initialized: 4 civs, 8 starting units
  Civ 1 (Romans): starts at (8,64) on Grassland
  Civ 2 (Babylonians): starts at (6,8) on Forest
  Civ 3 (Germans): starts at (28,36) on Grassland
  Civ 4 (Egyptians): starts at (33,67) on Forest
    SET_RESEARCH tech=Bronze Working
    CHANGE_RATES sci=6 tax=4 lux=undefined
    BUILD_CITY unit=0 name="Rome"
    1 actions REJECTED (of 6)
    SET_RESEARCH tech=Code of Laws
    CHANGE_RATES sci=6 tax=4 lux=undefined
    BUILD_CITY unit=2 name="Babylon"
    1 actions REJECTED (of 6)
    SET_RESEARCH tech=Writing
    CHANGE_RATES sci=6 tax=4 lux=undefined
    BUILD_CITY unit=4 name="Berlin"
    1 actions REJECTED (of 6)
    SET_RESEARCH tech=Alphabet
    CHANGE_RATES sci=6 tax=4 lux=undefined
    BUILD_CITY unit=6 name="Thebes"
    1 actions REJECTED (of 6)

══════════════════════════════════════════════════════════════════════
  TURN 1 — 4000 B.C. (36ms)
══════════════════════════════════════════════════════════════════════
  [Civ 1] Romans (despotism): 1 cities, 1 units, 1g, 3 techs, researching Bronze Working (3/28)
    Rome: size=1, prod=Warriors (2sh), bldgs=Palace
    Units: 1x Warriors
  [Civ 2] Babylonians (despotism): 1 cities, 1 units, 0g, 3 techs, researching Code of Laws (0/28)
    Babylon: size=1, prod=Warriors (0sh), bldgs=Palace
    Units: 1x Warriors
  [Civ 3] Germans (despotism): 1 cities, 1 units, 0g, 3 techs, researching Writing (0/28)
    Berlin: size=1, prod=Warriors (0sh), bldgs=Palace
    Units: 1x Warriors
  [Civ 4] Egyptians (despotism): 1 cities, 1 units, 0g, 3 techs, researching Alphabet (0/28)
    Thebes: size=1, prod=Warriors (0sh), bldgs=Palace
    Units: 1x Warriors
  [Civ 1] Romans turn: 3 actions — CHANGE_PRODUCTION(1), MOVE_UNIT(1), UNIT_ORDER(1)
    CHANGE_PRODUCTION city=0
    CHANGE_PRODUCTION city=1
    CHANGE_PRODUCTION city=2
    SET_RESEARCH tech=Masonry
    CHANGE_PRODUCTION city=3

══════════════════════════════════════════════════════════════════════
  TURN 2 — 3980 B.C. (14ms)
══════════════════════════════════════════════════════════════════════
  [Civ 1] Romans (despotism): 1 cities, 1 units, 2g, 5 techs, researching Bronze Working (6/36)
    Rome: size=1, prod=Archers (3sh), bldgs=Palace
    Units: 1x Warriors
  [Civ 2] Babylonians (despotism): 1 cities, 1 units, 0g, 6 techs, researching Code of Laws (2/36)
    Babylon: size=1, prod=building:3 (0sh), bldgs=Palace
    Units: 1x Warriors
  [Civ 3] Germans (despotism): 1 cities, 1 units, 1g, 4 techs, researching Writing (3/33)
    Berlin: size=1, prod=building:2 (0sh), bldgs=Palace
    Units: 1x Warriors
  [Civ 4] Egyptians (despotism): 1 cities, 1 units, 0g, 5 techs, researching Masonry (1/36)
    Thebes: size=1, prod=Wonder41 (0sh), bldgs=Palace
    Units: 1x Warriors
  [Civ 1] Romans turn: 2 actions — MOVE_UNIT(1), UNIT_ORDER(1)
    CHANGE_PRODUCTION city=2
    SET_RESEARCH tech=Map Making

══════════════════════════════════════════════════════════════════════
  TURN 3 — 3960 B.C. (8ms)
══════════════════════════════════════════════════════════════════════
  [Civ 1] Romans (despotism): 1 cities, 1 units, 3g, 5 techs, researching Bronze Working (9/36)
    Rome: size=1, prod=Archers (5sh), bldgs=Palace
    Units: 1x Warriors
  [Civ 2] Babylonians (despotism): 1 cities, 1 units, 0g, 6 techs, researching Code of Laws (4/36)
    Babylon: size=1, prod=building:3 (3sh), bldgs=Palace
    Units: 1x Warriors
  [Civ 3] Germans (despotism): 1 cities, 1 units, 2g, 5 techs, researching Writing (6/36)
    Berlin: size=1, prod=Wonder45 (0sh), bldgs=Palace
    Units: 1x Warriors
  [Civ 4] Egyptians (despotism): 1 cities, 1 units, 0g, 6 techs, researching Map Making (2/36)
    Thebes: size=1, prod=Wonder41 (4sh), bldgs=Palace
    Units: 1x Warriors
  [Civ 1] Romans turn: 2 actions — MOVE_UNIT(1), UNIT_ORDER(1)

══════════════════════════════════════════════════════════════════════
  TURN 4 — 3940 B.C. (6ms)
══════════════════════════════════════════════════════════════════════
  [Civ 1] Romans (despotism): 1 cities, 1 units, 4g, 5 techs, researching Bronze Working (12/36)
    Rome: size=1, prod=Archers (7sh), bldgs=Palace
    Units: 1x Warriors
  [Civ 2] Babylonians (despotism): 1 cities, 1 units, 0g, 6 techs, researching Code of Laws (6/36)
    Babylon: size=1, prod=building:3 (6sh), bldgs=Palace
    Units: 1x Warriors
  [Civ 3] Germans (despotism): 1 cities, 1 units, 3g, 5 techs, researching Writing (9/36)
    Berlin: size=1, prod=Wonder45 (2sh), bldgs=Palace
    Units: 1x Warriors
  [Civ 4] Egyptians (despotism): 1 cities, 1 units, 0g, 6 techs, researching Map Making (3/36)
    Thebes: size=1, prod=Wonder41 (8sh), bldgs=Palace
    Units: 1x Warriors
  [Civ 1] Romans turn: 2 actions — MOVE_UNIT(1), UNIT_ORDER(1)

══════════════════════════════════════════════════════════════════════
  TURN 5 — 3920 B.C. (5ms)
══════════════════════════════════════════════════════════════════════
  [Civ 1] Romans (despotism): 1 cities, 1 units, 5g, 5 techs, researching Bronze Working (15/36)
    Rome: size=1, prod=Archers (9sh), bldgs=Palace
    Units: 1x Warriors
  [Civ 2] Babylonians (despotism): 1 cities, 1 units, 0g, 6 techs, researching Code of Laws (8/36)
    Babylon: size=1, prod=building:3 (9sh), bldgs=Palace
    Units: 1x Warriors
  [Civ 3] Germans (despotism): 1 cities, 1 units, 4g, 5 techs, researching Writing (12/36)
    Berlin: size=1, prod=Wonder45 (4sh), bldgs=Palace
    Units: 1x Warriors
  [Civ 4] Egyptians (despotism): 1 cities, 1 units, 0g, 6 techs, researching Map Making (4/36)
    Thebes: size=1, prod=Wonder41 (12sh), bldgs=Palace
    Units: 1x Warriors
  [Civ 1] Romans turn: 2 actions — MOVE_UNIT(1), UNIT_ORDER(1)

══════════════════════════════════════════════════════════════════════
  TURN 6 — 3900 B.C. (5ms)
══════════════════════════════════════════════════════════════════════
  [Civ 1] Romans (despotism): 1 cities, 1 units, 6g, 5 techs, researching Bronze Working (18/36)
    Rome: size=1, prod=Archers (11sh), bldgs=Palace
    Units: 1x Warriors
  [Civ 2] Babylonians (despotism): 1 cities, 1 units, 0g, 6 techs, researching Code of Laws (10/36)
    Babylon: size=1, prod=building:3 (12sh), bldgs=Palace
    Units: 1x Warriors
  [Civ 3] Germans (despotism): 1 cities, 1 units, 5g, 5 techs, researching Writing (15/36)
    Berlin: size=1, prod=Wonder45 (6sh), bldgs=Palace
    Units: 1x Warriors
  [Civ 4] Egyptians (despotism): 1 cities, 1 units, 0g, 6 techs, researching Map Making (5/36)
    Thebes: size=1, prod=Wonder41 (16sh), bldgs=Palace
    Units: 1x Warriors
  [Civ 1] Romans turn: 2 actions — MOVE_UNIT(1), UNIT_ORDER(1)

══════════════════════════════════════════════════════════════════════
  TURN 7 — 3880 B.C. (5ms)
══════════════════════════════════════════════════════════════════════
  [Civ 1] Romans (despotism): 1 cities, 1 units, 7g, 5 techs, researching Bronze Working (21/36)
    Rome: size=1, prod=Archers (13sh), bldgs=Palace
    Units: 1x Warriors
  [Civ 2] Babylonians (despotism): 1 cities, 1 units, 0g, 6 techs, researching Code of Laws (12/36)
    Babylon: size=1, prod=building:3 (15sh), bldgs=Palace
    Units: 1x Warriors
  [Civ 3] Germans (despotism): 1 cities, 1 units, 6g, 5 techs, researching Writing (18/36)
    Berlin: size=1, prod=Wonder45 (8sh), bldgs=Palace
    Units: 1x Warriors
  [Civ 4] Egyptians (despotism): 1 cities, 1 units, 0g, 6 techs, researching Map Making (6/36)
    Thebes: size=1, prod=Wonder41 (20sh), bldgs=Palace
    Units: 1x Warriors
  [Civ 1] Romans turn: 2 actions — MOVE_UNIT(1), UNIT_ORDER(1)

══════════════════════════════════════════════════════════════════════
  TURN 8 — 3860 B.C. (6ms)
══════════════════════════════════════════════════════════════════════
  [Civ 1] Romans (despotism): 1 cities, 1 units, 8g, 5 techs, researching Bronze Working (24/36)
    Rome: size=1, prod=Archers (15sh), bldgs=Palace
    Units: 1x Warriors
  [Civ 2] Babylonians (despotism): 1 cities, 1 units, 0g, 6 techs, researching Code of Laws (14/36)
    Babylon: size=1, prod=building:3 (18sh), bldgs=Palace
    Units: 1x Warriors
  [Civ 3] Germans (despotism): 1 cities, 1 units, 7g, 5 techs, researching Writing (21/36)
    Berlin: size=1, prod=Wonder45 (10sh), bldgs=Palace
    Units: 1x Warriors
  [Civ 4] Egyptians (despotism): 1 cities, 1 units, 0g, 6 techs, researching Map Making (7/36)
    Thebes: size=1, prod=Wonder41 (24sh), bldgs=Palace
    Units: 1x Warriors
  [Civ 1] Romans turn: 2 actions — MOVE_UNIT(1), UNIT_ORDER(1)

══════════════════════════════════════════════════════════════════════
  TURN 9 — 3840 B.C. (4ms)
══════════════════════════════════════════════════════════════════════
  [Civ 1] Romans (despotism): 1 cities, 1 units, 9g, 5 techs, researching Bronze Working (27/36)
    Rome: size=1, prod=Archers (17sh), bldgs=Palace
    Units: 1x Warriors
  [Civ 2] Babylonians (despotism): 1 cities, 1 units, 0g, 6 techs, researching Code of Laws (16/36)
    Babylon: size=1, prod=building:3 (21sh), bldgs=Palace
    Units: 1x Warriors
  [Civ 3] Germans (despotism): 1 cities, 1 units, 8g, 5 techs, researching Writing (24/36)
    Berlin: size=1, prod=Wonder45 (12sh), bldgs=Palace
    Units: 1x Warriors
  [Civ 4] Egyptians (despotism): 1 cities, 1 units, 0g, 6 techs, researching Map Making (8/36)
    Thebes: size=1, prod=Wonder41 (28sh), bldgs=Palace
    Units: 1x Warriors
  [Civ 1] Romans turn: 2 actions — MOVE_UNIT(1), UNIT_ORDER(1)
    >>> Rome grew to size 2

══════════════════════════════════════════════════════════════════════
  TURN 10 — 3820 B.C. (5ms)
══════════════════════════════════════════════════════════════════════
  [Civ 1] Romans (despotism): 1 cities, 1 units, 11g, 5 techs, researching Bronze Working (30/36)
    Rome: size=2, prod=Archers (19sh), bldgs=Palace
    Units: 1x Warriors
  [Civ 2] Babylonians (despotism): 1 cities, 1 units, 0g, 6 techs, researching Code of Laws (18/36)
    Babylon: size=1, prod=building:3 (24sh), bldgs=Palace
    Units: 1x Warriors
  [Civ 3] Germans (despotism): 1 cities, 1 units, 9g, 5 techs, researching Writing (27/36)
    Berlin: size=1, prod=Wonder45 (14sh), bldgs=Palace
    Units: 1x Warriors
  [Civ 4] Egyptians (despotism): 1 cities, 1 units, 0g, 6 techs, researching Map Making (9/36)
    Thebes: size=1, prod=Wonder41 (32sh), bldgs=Palace
    Units: 1x Warriors
  [Civ 1] Romans turn: 2 actions — MOVE_UNIT(1), UNIT_ORDER(1)
    >>> Berlin grew to size 2

══════════════════════════════════════════════════════════════════════
  TURN 11 — 3800 B.C. (5ms)
══════════════════════════════════════════════════════════════════════
  [Civ 1] Romans (despotism): 1 cities, 1 units, 13g, 5 techs, researching Bronze Working (33/36)
    Rome: size=2, prod=Archers (22sh), bldgs=Palace
    Units: 1x Warriors
  [Civ 2] Babylonians (despotism): 1 cities, 1 units, 0g, 6 techs, researching Code of Laws (20/36)
    Babylon: size=1, prod=building:3 (27sh), bldgs=Palace
    Units: 1x Warriors
  [Civ 3] Germans (despotism): 1 cities, 1 units, 11g, 5 techs, researching Writing (30/36)
    Berlin: size=2, prod=Wonder45 (16sh), bldgs=Palace
    Units: 1x Warriors
  [Civ 4] Egyptians (despotism): 1 cities, 1 units, 0g, 6 techs, researching Map Making (10/36)
    Thebes: size=1, prod=Wonder41 (36sh), bldgs=Palace
    Units: 1x Warriors
  [Civ 1] Romans turn: 2 actions — MOVE_UNIT(1), UNIT_ORDER(1)
    >>> Romans discovered: Bronze Working

══════════════════════════════════════════════════════════════════════
  TURN 12 — 3780 B.C. (9ms)
══════════════════════════════════════════════════════════════════════
  [Civ 1] Romans (despotism): 1 cities, 1 units, 13g, 6 techs, researching none (0/36)
    Rome: size=2, prod=Archers (25sh), bldgs=Palace
    Units: 1x Warriors
  [Civ 2] Babylonians (despotism): 1 cities, 1 units, 0g, 6 techs, researching Code of Laws (22/36)
    Babylon: size=1, prod=building:3 (30sh), bldgs=Palace
    Units: 1x Warriors
  [Civ 3] Germans (despotism): 1 cities, 1 units, 13g, 5 techs, researching Writing (33/36)
    Berlin: size=2, prod=Wonder45 (19sh), bldgs=Palace
    Units: 1x Warriors
  [Civ 4] Egyptians (despotism): 1 cities, 0 units, 0g, 6 techs, researching Map Making (11/36)
    Thebes: size=1, prod=Wonder41 (40sh), bldgs=Palace
    Units: none
  [Civ 1] Romans turn: 3 actions — SET_RESEARCH(1), MOVE_UNIT(1), UNIT_ORDER(1)
    SET_RESEARCH tech=Iron Working
    >>> Germans discovered: Writing
    SET_RESEARCH tech=Map Making

══════════════════════════════════════════════════════════════════════
  TURN 13 — 3760 B.C. (6ms)
══════════════════════════════════════════════════════════════════════
  [Civ 1] Romans (despotism): 1 cities, 1 units, 15g, 6 techs, researching Iron Working (3/36)
    Rome: size=2, prod=Archers (28sh), bldgs=Palace
    Units: 1x Warriors
  [Civ 2] Babylonians (despotism): 1 cities, 1 units, 0g, 6 techs, researching Code of Laws (24/36)
    Babylon: size=1, prod=building:3 (33sh), bldgs=Palace
    Units: 1x Warriors
  [Civ 3] Germans (despotism): 1 cities, 1 units, 13g, 6 techs, researching Map Making (0/36)
    Berlin: size=2, prod=Wonder45 (22sh), bldgs=Palace
    Units: 1x Warriors
  [Civ 4] Egyptians (despotism): 1 cities, 0 units, 0g, 6 techs, researching Map Making (12/36)
    Thebes: size=1, prod=Wonder41 (44sh), bldgs=Palace
    Units: none
  [Civ 1] Romans turn: 2 actions — MOVE_UNIT(1), UNIT_ORDER(1)
    >>> Rome built Archers

══════════════════════════════════════════════════════════════════════
  TURN 14 — 3740 B.C. (4ms)
══════════════════════════════════════════════════════════════════════
  [Civ 1] Romans (despotism): 1 cities, 2 units, 17g, 6 techs, researching Iron Working (6/36)
    Rome: size=2, prod=Archers (1sh), bldgs=Palace
    Units: 1x Warriors, 1x Archers
  [Civ 2] Babylonians (despotism): 1 cities, 1 units, 0g, 7 techs, researching Code of Laws (26/33)
    Babylon: size=1, prod=building:3 (36sh), bldgs=Palace
    Units: 1x Warriors
  [Civ 3] Germans (despotism): 1 cities, 1 units, 15g, 7 techs, researching Map Making (3/33)
    Berlin: size=2, prod=Wonder45 (25sh), bldgs=Palace
    Units: 1x Warriors
  [Civ 4] Egyptians (despotism): 1 cities, 0 units, 0g, 6 techs, researching Map Making (13/36)
    Thebes: size=1, prod=Wonder41 (48sh), bldgs=Palace
    Units: none
  [Civ 1] Romans turn: 3 actions — CHANGE_PRODUCTION(1), MOVE_UNIT(1), UNIT_ORDER(1)
    CHANGE_PRODUCTION city=0

══════════════════════════════════════════════════════════════════════
  TURN 15 — 3720 B.C. (7ms)
══════════════════════════════════════════════════════════════════════
  [Civ 1] Romans (despotism): 1 cities, 2 units, 19g, 6 techs, researching Iron Working (9/36)
    Rome: size=2, prod=Wonder39 (3sh), bldgs=Palace
    Units: 1x Warriors, 1x Archers
  [Civ 2] Babylonians (despotism): 1 cities, 1 units, 0g, 7 techs, researching Code of Laws (28/33)
    Babylon: size=1, prod=building:3 (39sh), bldgs=Palace
    Units: 1x Warriors
  [Civ 3] Germans (despotism): 1 cities, 1 units, 17g, 7 techs, researching Map Making (6/33)
    Berlin: size=2, prod=Wonder45 (28sh), bldgs=Palace
    Units: 1x Warriors
  [Civ 4] Egyptians (despotism): 1 cities, 0 units, 0g, 6 techs, researching Map Making (14/36)
    Thebes: size=1, prod=Wonder41 (52sh), bldgs=Palace
    Units: none
  [Civ 1] Romans turn: 4 actions — MOVE_UNIT(1), UNIT_ORDER(3)

══════════════════════════════════════════════════════════════════════
  TURN 16 — 3700 B.C. (5ms)
══════════════════════════════════════════════════════════════════════
  [Civ 1] Romans (despotism): 1 cities, 2 units, 21g, 6 techs, researching Iron Working (12/36)
    Rome: size=2, prod=Wonder39 (6sh), bldgs=Palace
    Units: 1x Warriors, 1x Archers
  [Civ 2] Babylonians (despotism): 1 cities, 1 units, 0g, 7 techs, researching Code of Laws (30/33)
    Babylon: size=1, prod=building:3 (42sh), bldgs=Palace
    Units: 1x Warriors
  [Civ 3] Germans (despotism): 1 cities, 1 units, 19g, 7 techs, researching Map Making (9/33)
    Berlin: size=2, prod=Wonder45 (31sh), bldgs=Palace
    Units: 1x Warriors
  [Civ 4] Egyptians (despotism): 1 cities, 0 units, 0g, 6 techs, researching Map Making (15/36)
    Thebes: size=1, prod=Wonder41 (56sh), bldgs=Palace
    Units: none
  [Civ 1] Romans turn: 2 actions — MOVE_UNIT(1), UNIT_ORDER(1)

══════════════════════════════════════════════════════════════════════
  TURN 17 — 3680 B.C. (5ms)
══════════════════════════════════════════════════════════════════════
  [Civ 1] Romans (despotism): 1 cities, 2 units, 23g, 6 techs, researching Iron Working (15/36)
    Rome: size=2, prod=Wonder39 (9sh), bldgs=Palace
    Units: 1x Warriors, 1x Archers
  [Civ 2] Babylonians (despotism): 1 cities, 1 units, 0g, 7 techs, researching Code of Laws (32/33)
    Babylon: size=1, prod=building:3 (45sh), bldgs=Palace
    Units: 1x Warriors
  [Civ 3] Germans (despotism): 1 cities, 1 units, 21g, 7 techs, researching Map Making (12/33)
    Berlin: size=2, prod=Wonder45 (34sh), bldgs=Palace
    Units: 1x Warriors
  [Civ 4] Egyptians (despotism): 1 cities, 0 units, 0g, 6 techs, researching Map Making (16/36)
    Thebes: size=1, prod=Wonder41 (60sh), bldgs=Palace
    Units: none
  [Civ 1] Romans turn: 2 actions — MOVE_UNIT(1), UNIT_ORDER(1)
    >>> Babylonians discovered: Code of Laws
    SET_RESEARCH tech=Iron Working

══════════════════════════════════════════════════════════════════════
  TURN 18 — 3660 B.C. (7ms)
══════════════════════════════════════════════════════════════════════
  [Civ 1] Romans (despotism): 1 cities, 2 units, 25g, 6 techs, researching Iron Working (18/36)
    Rome: size=2, prod=Wonder39 (12sh), bldgs=Palace
    Units: 1x Warriors, 1x Archers
  [Civ 2] Babylonians (despotism): 1 cities, 1 units, 0g, 8 techs, researching Iron Working (0/28)
    Babylon: size=1, prod=building:3 (48sh), bldgs=Palace
    Units: 1x Warriors
  [Civ 3] Germans (despotism): 1 cities, 1 units, 23g, 7 techs, researching Map Making (15/33)
    Berlin: size=2, prod=Wonder45 (37sh), bldgs=Palace
    Units: 1x Warriors
  [Civ 4] Egyptians (despotism): 1 cities, 0 units, 0g, 6 techs, researching Map Making (17/36)
    Thebes: size=1, prod=Wonder41 (64sh), bldgs=Palace
    Units: none
  [Civ 1] Romans turn: 2 actions — MOVE_UNIT(1), UNIT_ORDER(1)

══════════════════════════════════════════════════════════════════════
  TURN 19 — 3640 B.C. (6ms)
══════════════════════════════════════════════════════════════════════
  [Civ 1] Romans (despotism): 1 cities, 2 units, 27g, 6 techs, researching Iron Working (21/36)
    Rome: size=2, prod=Wonder39 (15sh), bldgs=Palace
    Units: 1x Warriors, 1x Archers
  [Civ 2] Babylonians (despotism): 1 cities, 1 units, 0g, 8 techs, researching Iron Working (2/28)
    Babylon: size=1, prod=building:3 (51sh), bldgs=Palace
    Units: 1x Warriors
  [Civ 3] Germans (despotism): 1 cities, 1 units, 25g, 7 techs, researching Map Making (18/33)
    Berlin: size=2, prod=Wonder45 (40sh), bldgs=Palace
    Units: 1x Warriors
  [Civ 4] Egyptians (despotism): 1 cities, 0 units, 0g, 6 techs, researching Map Making (18/36)
    Thebes: size=1, prod=Wonder41 (68sh), bldgs=Palace
    Units: none
  [Civ 1] Romans turn: 2 actions — MOVE_UNIT(1), UNIT_ORDER(1)

══════════════════════════════════════════════════════════════════════
  TURN 20 — 3620 B.C. (5ms)
══════════════════════════════════════════════════════════════════════
  [Civ 1] Romans (despotism): 1 cities, 2 units, 29g, 6 techs, researching Iron Working (24/36)
    Rome: size=2, prod=Wonder39 (18sh), bldgs=Palace
    Units: 1x Warriors, 1x Archers
  [Civ 2] Babylonians (despotism): 1 cities, 1 units, 0g, 8 techs, researching Iron Working (4/28)
    Babylon: size=1, prod=building:3 (54sh), bldgs=Palace
    Units: 1x Warriors
  [Civ 3] Germans (despotism): 1 cities, 1 units, 27g, 7 techs, researching Map Making (21/33)
    Berlin: size=2, prod=Wonder45 (43sh), bldgs=Palace
    Units: 1x Warriors
  [Civ 4] Egyptians (despotism): 1 cities, 0 units, 0g, 6 techs, researching Map Making (19/36)
    Thebes: size=1, prod=Wonder41 (72sh), bldgs=Palace
    Units: none
  [Civ 1] Romans turn: 2 actions — MOVE_UNIT(1), UNIT_ORDER(1)
    >>> Babylon grew to size 2
    >>> Thebes grew to size 2

══════════════════════════════════════════════════════════════════════
  TURN 21 — 3600 B.C. (5ms)
══════════════════════════════════════════════════════════════════════
  [Civ 1] Romans (despotism): 1 cities, 2 units, 31g, 6 techs, researching Iron Working (27/36)
    Rome: size=2, prod=Wonder39 (21sh), bldgs=Palace
    Units: 1x Warriors, 1x Archers
  [Civ 2] Babylonians (despotism): 1 cities, 1 units, 1g, 8 techs, researching Iron Working (7/28)
    Babylon: size=2, prod=building:3 (57sh), bldgs=Palace
    Units: 1x Warriors
  [Civ 3] Germans (despotism): 1 cities, 1 units, 29g, 7 techs, researching Map Making (24/33)
    Berlin: size=2, prod=Wonder45 (46sh), bldgs=Palace
    Units: 1x Warriors
  [Civ 4] Egyptians (despotism): 1 cities, 0 units, 0g, 6 techs, researching Map Making (21/36)
    Thebes: size=2, prod=Wonder41 (76sh), bldgs=Palace
    Units: none
  [Civ 1] Romans turn: 2 actions — MOVE_UNIT(1), UNIT_ORDER(1)
    >>> Babylon built building:3
    CHANGE_PRODUCTION city=1

══════════════════════════════════════════════════════════════════════
  TURN 22 — 3580 B.C. (5ms)
══════════════════════════════════════════════════════════════════════
  [Civ 1] Romans (despotism): 1 cities, 2 units, 33g, 6 techs, researching Iron Working (30/36)
    Rome: size=2, prod=Wonder39 (24sh), bldgs=Palace
    Units: 1x Warriors, 1x Archers
  [Civ 2] Babylonians (despotism): 1 cities, 1 units, 1g, 8 techs, researching Iron Working (10/28)
    Babylon: size=2, prod=building:7 (0sh), bldgs=Palace, Granary
    Units: 1x Warriors
  [Civ 3] Germans (despotism): 1 cities, 1 units, 31g, 7 techs, researching Map Making (27/33)
    Berlin: size=2, prod=Wonder45 (49sh), bldgs=Palace
    Units: 1x Warriors
  [Civ 4] Egyptians (despotism): 1 cities, 0 units, 0g, 6 techs, researching Map Making (23/36)
    Thebes: size=2, prod=Wonder41 (82sh), bldgs=Palace
    Units: none
  [Civ 1] Romans turn: 2 actions — MOVE_UNIT(1), UNIT_ORDER(1)

══════════════════════════════════════════════════════════════════════
  TURN 23 — 3560 B.C. (4ms)
══════════════════════════════════════════════════════════════════════
  [Civ 1] Romans (despotism): 1 cities, 2 units, 35g, 6 techs, researching Iron Working (33/36)
    Rome: size=2, prod=Wonder39 (27sh), bldgs=Palace
    Units: 1x Warriors, 1x Archers
  [Civ 2] Babylonians (despotism): 1 cities, 1 units, 1g, 8 techs, researching Iron Working (13/28)
    Babylon: size=2, prod=building:7 (4sh), bldgs=Palace, Granary
    Units: 1x Warriors
  [Civ 3] Germans (despotism): 1 cities, 1 units, 33g, 7 techs, researching Map Making (30/33)
    Berlin: size=2, prod=Wonder45 (52sh), bldgs=Palace
    Units: 1x Warriors
  [Civ 4] Egyptians (despotism): 1 cities, 0 units, 0g, 6 techs, researching Map Making (25/36)
    Thebes: size=2, prod=Wonder41 (88sh), bldgs=Palace
    Units: none
  [Civ 1] Romans turn: 2 actions — MOVE_UNIT(1), UNIT_ORDER(1)
    >>> Germans discovered: Map Making
    SET_RESEARCH tech=Currency
    >>> Romans discovered: Iron Working

══════════════════════════════════════════════════════════════════════
  TURN 24 — 3540 B.C. (6ms)
══════════════════════════════════════════════════════════════════════
  [Civ 1] Romans (despotism): 1 cities, 2 units, 35g, 7 techs, researching none (0/33)
    Rome: size=2, prod=Wonder39 (30sh), bldgs=Palace
    Units: 1x Warriors, 1x Archers
  [Civ 2] Babylonians (despotism): 1 cities, 1 units, 1g, 8 techs, researching Iron Working (16/28)
    Babylon: size=2, prod=building:7 (8sh), bldgs=Palace, Granary
    Units: 1x Warriors
  [Civ 3] Germans (despotism): 1 cities, 1 units, 33g, 8 techs, researching Currency (0/28)
    Berlin: size=2, prod=Wonder45 (55sh), bldgs=Palace
    Units: 1x Warriors
  [Civ 4] Egyptians (despotism): 1 cities, 0 units, 0g, 6 techs, researching Map Making (27/36)
    Thebes: size=2, prod=Wonder41 (94sh), bldgs=Palace
    Units: none
  [Civ 1] Romans turn: 3 actions — SET_RESEARCH(1), MOVE_UNIT(1), UNIT_ORDER(1)
    SET_RESEARCH tech=Map Making
    >>> Rome grew to size 3

══════════════════════════════════════════════════════════════════════
  TURN 25 — 3520 B.C. (5ms)
══════════════════════════════════════════════════════════════════════
  [Civ 1] Romans (despotism): 1 cities, 2 units, 37g, 7 techs, researching Map Making (4/33)
    Rome: size=3, prod=Wonder39 (33sh), bldgs=Palace
    Units: 1x Warriors, 1x Archers
  [Civ 2] Babylonians (despotism): 1 cities, 1 units, 1g, 8 techs, researching Iron Working (19/28)
    Babylon: size=2, prod=building:7 (12sh), bldgs=Palace, Granary
    Units: 1x Warriors
  [Civ 3] Germans (despotism): 1 cities, 1 units, 35g, 8 techs, researching Currency (3/28)
    Berlin: size=2, prod=Wonder45 (58sh), bldgs=Palace
    Units: 1x Warriors
  [Civ 4] Egyptians (despotism): 1 cities, 0 units, 0g, 6 techs, researching Map Making (29/36)
    Thebes: size=2, prod=Wonder41 (100sh), bldgs=Palace
    Units: none
  [Civ 1] Romans turn: 2 actions — MOVE_UNIT(1), UNIT_ORDER(1)
    >>> Berlin grew to size 3

══════════════════════════════════════════════════════════════════════
  TURN 26 — 3500 B.C. (3ms)
══════════════════════════════════════════════════════════════════════
  [Civ 1] Romans (despotism): 1 cities, 2 units, 39g, 7 techs, researching Map Making (8/33)
    Rome: size=3, prod=Wonder39 (37sh), bldgs=Palace
    Units: 1x Warriors, 1x Archers
  [Civ 2] Babylonians (despotism): 1 cities, 1 units, 1g, 8 techs, researching Iron Working (22/28)
    Babylon: size=2, prod=building:7 (16sh), bldgs=Palace, Granary
    Units: 1x Warriors
  [Civ 3] Germans (despotism): 1 cities, 1 units, 37g, 8 techs, researching Currency (7/28)
    Berlin: size=3, prod=Wonder45 (61sh), bldgs=Palace
    Units: 1x Warriors
  [Civ 4] Egyptians (despotism): 1 cities, 0 units, 0g, 6 techs, researching Map Making (31/36)
    Thebes: size=2, prod=Wonder41 (106sh), bldgs=Palace
    Units: none
  [Civ 1] Romans turn: 2 actions — MOVE_UNIT(1), UNIT_ORDER(1)

══════════════════════════════════════════════════════════════════════
  TURN 27 — 3480 B.C. (5ms)
══════════════════════════════════════════════════════════════════════
  [Civ 1] Romans (despotism): 1 cities, 2 units, 41g, 7 techs, researching Map Making (12/33)
    Rome: size=3, prod=Wonder39 (41sh), bldgs=Palace
    Units: 1x Warriors, 1x Archers
  [Civ 2] Babylonians (despotism): 1 cities, 1 units, 1g, 8 techs, researching Iron Working (25/28)
    Babylon: size=2, prod=building:7 (20sh), bldgs=Palace, Granary
    Units: 1x Warriors
  [Civ 3] Germans (despotism): 1 cities, 1 units, 39g, 8 techs, researching Currency (11/28)
    Berlin: size=3, prod=Wonder45 (65sh), bldgs=Palace
    Units: 1x Warriors
  [Civ 4] Egyptians (despotism): 1 cities, 0 units, 0g, 6 techs, researching Map Making (33/36)
    Thebes: size=2, prod=Wonder41 (112sh), bldgs=Palace
    Units: none
  [Civ 1] Romans turn: 2 actions — MOVE_UNIT(1), UNIT_ORDER(1)
    >>> Babylonians discovered: Iron Working
    SET_RESEARCH tech=Mysticism

══════════════════════════════════════════════════════════════════════
  TURN 28 — 3460 B.C. (5ms)
══════════════════════════════════════════════════════════════════════
  [Civ 1] Romans (despotism): 1 cities, 2 units, 43g, 7 techs, researching Map Making (16/33)
    Rome: size=3, prod=Wonder39 (45sh), bldgs=Palace
    Units: 1x Warriors, 1x Archers
  [Civ 2] Babylonians (despotism): 1 cities, 1 units, 1g, 9 techs, researching Mysticism (0/32)
    Babylon: size=2, prod=building:7 (24sh), bldgs=Palace, Granary
    Units: 1x Warriors
  [Civ 3] Germans (despotism): 1 cities, 1 units, 41g, 8 techs, researching Currency (15/28)
    Berlin: size=3, prod=Wonder45 (69sh), bldgs=Palace
    Units: 1x Warriors
  [Civ 4] Egyptians (despotism): 1 cities, 0 units, 0g, 6 techs, researching Map Making (35/36)
    Thebes: size=2, prod=Wonder41 (118sh), bldgs=Palace
    Units: none
  [Civ 1] Romans turn: 2 actions — MOVE_UNIT(1), UNIT_ORDER(1)
    >>> Egyptians discovered: Map Making
    SET_RESEARCH tech=Mysticism

══════════════════════════════════════════════════════════════════════
  TURN 29 — 3440 B.C. (5ms)
══════════════════════════════════════════════════════════════════════
  [Civ 1] Romans (despotism): 1 cities, 2 units, 45g, 7 techs, researching Map Making (20/33)
    Rome: size=3, prod=Wonder39 (49sh), bldgs=Palace
    Units: 1x Warriors, 1x Archers
  [Civ 2] Babylonians (despotism): 1 cities, 1 units, 1g, 9 techs, researching Mysticism (3/32)
    Babylon: size=2, prod=building:7 (28sh), bldgs=Palace, Granary
    Units: 1x Warriors
  [Civ 3] Germans (despotism): 1 cities, 1 units, 43g, 9 techs, researching Currency (19/32)
    Berlin: size=3, prod=Wonder45 (73sh), bldgs=Palace
    Units: 1x Warriors
  [Civ 4] Egyptians (despotism): 1 cities, 0 units, 0g, 8 techs, researching Mysticism (0/28)
    Thebes: size=2, prod=Wonder41 (124sh), bldgs=Palace
    Units: none
  [Civ 1] Romans turn: 2 actions — MOVE_UNIT(1), UNIT_ORDER(1)
    END_TURN REJECTED: 1 units still need orders
      #16 Chariot(Atk) @(28,8) mv=6 ord=none hp=full

══════════════════════════════════════════════════════════════════════
  TURN 30 — 3420 B.C. (6ms)
══════════════════════════════════════════════════════════════════════
  [Civ 1] Romans (despotism): 1 cities, 2 units, 47g, 8 techs, researching Map Making (24/28)
    Rome: size=3, prod=Wonder39 (53sh), bldgs=Palace
    Units: 1x Warriors, 1x Archers
  [Civ 2] Babylonians (despotism): 1 cities, 2 units, 1g, 9 techs, researching Mysticism (6/32)
    Babylon: size=2, prod=building:7 (32sh), bldgs=Palace, Granary
    Units: 1x Warriors, 1x Chariot
  [Civ 3] Germans (despotism): 1 cities, 1 units, 45g, 9 techs, researching Currency (23/32)
    Berlin: size=3, prod=Wonder45 (77sh), bldgs=Palace
    Units: 1x Warriors
  [Civ 4] Egyptians (despotism): 1 cities, 0 units, 0g, 8 techs, researching Mysticism (2/28)
    Thebes: size=2, prod=Wonder41 (130sh), bldgs=Palace
    Units: none
  [Civ 1] Romans turn: 3 actions — SET_RESEARCH(1), MOVE_UNIT(1), UNIT_ORDER(1)
    SET_RESEARCH tech=Currency
    COMBAT: Chariot vs Warriors → atkWin (atkHp=undefined, defHp=undefined)
    >>> Germans discovered: Currency
    SET_RESEARCH tech=Mysticism
    ADJUST_ATTITUDE target=civ2
    ADJUST_ATTITUDE target=civ2
    >>> Romans discovered: Currency

══════════════════════════════════════════════════════════════════════
  TURN 31 — 3400 B.C. (8ms)
══════════════════════════════════════════════════════════════════════
  [Civ 1] Romans (despotism): 1 cities, 2 units, 47g, 9 techs, researching none (0/21)
    Rome: size=3, prod=Wonder39 (57sh), bldgs=Palace
    Units: 1x Warriors, 1x Archers
  [Civ 2] Babylonians (despotism): 1 cities, 2 units, 1g, 10 techs, researching Mysticism (9/48)
    Babylon: size=2, prod=building:7 (36sh), bldgs=Palace, Granary
    Units: 1x Warriors, 1x Chariot
  [Civ 3] Germans (despotism): 1 cities, 0 units, 45g, 10 techs, researching Mysticism (0/48)
    Berlin: size=3, prod=Wonder45 (81sh), bldgs=Palace
    Units: none
  [Civ 4] Egyptians (despotism): 1 cities, 0 units, 0g, 8 techs, researching Mysticism (4/28)
    Thebes: size=2, prod=Wonder41 (136sh), bldgs=Palace
    Units: none
  [Civ 1] Romans turn: 3 actions — SET_RESEARCH(1), MOVE_UNIT(1), UNIT_ORDER(1)
    SET_RESEARCH tech=Mysticism
    PROPOSE_TREATY treaty=peace target=civ3
    ADJUST_ATTITUDE target=civ3
    ADJUST_ATTITUDE target=civ2
    ADJUST_ATTITUDE target=civ2
    PROPOSE_TREATY treaty=ceasefire target=civ2
    ADJUST_ATTITUDE target=civ2
    1 actions REJECTED (of 5)

══════════════════════════════════════════════════════════════════════
  TURN 32 — 3380 B.C. (9ms)
══════════════════════════════════════════════════════════════════════
  [Civ 1] Romans (despotism): 1 cities, 2 units, 49g, 9 techs, researching Mysticism (4/21)
    Rome: size=3, prod=Wonder39 (61sh), bldgs=Palace
    Units: 1x Warriors, 1x Archers
  [Civ 2] Babylonians (despotism): 1 cities, 2 units, 1g, 10 techs, researching Mysticism (12/48)
    Babylon: size=2, prod=building:7 (40sh), bldgs=Palace, Granary
    Units: 1x Warriors, 1x Chariot
  [Civ 3] Germans (despotism): 1 cities, 0 units, 47g, 10 techs, researching Mysticism (4/48)
    Berlin: size=3, prod=Wonder45 (85sh), bldgs=Palace
    Units: none
  [Civ 4] Egyptians (despotism): 1 cities, 0 units, 0g, 8 techs, researching Mysticism (6/28)
    Thebes: size=2, prod=Wonder41 (142sh), bldgs=Palace
    Units: none
  [Civ 1] Romans turn: 5 actions — ADJUST_ATTITUDE(3), MOVE_UNIT(1), UNIT_ORDER(1)
    ADJUST_ATTITUDE target=civ2
    ADJUST_ATTITUDE target=civ3
    ADJUST_ATTITUDE target=civ4
    ADJUST_ATTITUDE target=civ1
    ADJUST_ATTITUDE target=civ3
    ADJUST_ATTITUDE target=civ4
    ADJUST_ATTITUDE target=civ3
    ADJUST_ATTITUDE target=civ1
    ADJUST_ATTITUDE target=civ2
    ADJUST_ATTITUDE target=civ4
    ADJUST_ATTITUDE target=civ2
    ADJUST_ATTITUDE target=civ1
    ADJUST_ATTITUDE target=civ2
    ADJUST_ATTITUDE target=civ3

══════════════════════════════════════════════════════════════════════
  TURN 33 — 3360 B.C. (7ms)
══════════════════════════════════════════════════════════════════════
  [Civ 1] Romans (despotism): 1 cities, 2 units, 51g, 9 techs, researching Mysticism (8/21)
    Rome: size=3, prod=Wonder39 (65sh), bldgs=Palace
    Units: 1x Warriors, 1x Archers
  [Civ 2] Babylonians (despotism): 1 cities, 2 units, 1g, 11 techs, researching Mysticism (15/52)
    Babylon: size=2, prod=building:7 (44sh), bldgs=Palace, Granary
    Units: 1x Warriors, 1x Chariot
  [Civ 3] Germans (despotism): 1 cities, 0 units, 49g, 10 techs, researching Mysticism (8/24)
    Berlin: size=3, prod=Wonder45 (89sh), bldgs=Palace
    Units: none
  [Civ 4] Egyptians (despotism): 1 cities, 0 units, 0g, 9 techs, researching Mysticism (8/21)
    Thebes: size=2, prod=Wonder41 (148sh), bldgs=Palace
    Units: none
  [Civ 1] Romans turn: 2 actions — MOVE_UNIT(1), UNIT_ORDER(1)
    ADJUST_ATTITUDE target=civ3
    ADJUST_ATTITUDE target=civ2

══════════════════════════════════════════════════════════════════════
  TURN 34 — 3340 B.C. (5ms)
══════════════════════════════════════════════════════════════════════
  [Civ 1] Romans (despotism): 1 cities, 2 units, 53g, 9 techs, researching Mysticism (12/21)
    Rome: size=3, prod=Wonder39 (69sh), bldgs=Palace
    Units: 1x Warriors, 1x Archers
  [Civ 2] Babylonians (despotism): 1 cities, 2 units, 1g, 11 techs, researching Mysticism (18/52)
    Babylon: size=2, prod=building:7 (48sh), bldgs=Palace, Granary
    Units: 1x Warriors, 1x Chariot
  [Civ 3] Germans (despotism): 1 cities, 0 units, 51g, 10 techs, researching Mysticism (12/24)
    Berlin: size=3, prod=Wonder45 (93sh), bldgs=Palace
    Units: none
  [Civ 4] Egyptians (despotism): 1 cities, 0 units, 0g, 9 techs, researching Mysticism (10/21)
    Thebes: size=2, prod=Wonder41 (154sh), bldgs=Palace
    Units: none
  [Civ 1] Romans turn: 2 actions — MOVE_UNIT(1), UNIT_ORDER(1)
    ADJUST_ATTITUDE target=civ3
    ADJUST_ATTITUDE target=civ2

══════════════════════════════════════════════════════════════════════
  TURN 35 — 3320 B.C. (7ms)
══════════════════════════════════════════════════════════════════════
  [Civ 1] Romans (despotism): 1 cities, 2 units, 55g, 9 techs, researching Mysticism (16/21)
    Rome: size=3, prod=Wonder39 (73sh), bldgs=Palace
    Units: 1x Warriors, 1x Archers
  [Civ 2] Babylonians (despotism): 1 cities, 2 units, 1g, 11 techs, researching Mysticism (21/52)
    Babylon: size=2, prod=building:7 (52sh), bldgs=Palace, Granary
    Units: 1x Warriors, 1x Chariot
  [Civ 3] Germans (despotism): 1 cities, 0 units, 53g, 10 techs, researching Mysticism (16/24)
    Berlin: size=3, prod=Wonder45 (97sh), bldgs=Palace
    Units: none
  [Civ 4] Egyptians (despotism): 1 cities, 0 units, 0g, 9 techs, researching Mysticism (12/21)
    Thebes: size=2, prod=Wonder41 (160sh), bldgs=Palace
    Units: none
  [Civ 1] Romans turn: 2 actions — MOVE_UNIT(1), UNIT_ORDER(1)
    ADJUST_ATTITUDE target=civ3
    ADJUST_ATTITUDE target=civ2

══════════════════════════════════════════════════════════════════════
  TURN 36 — 3300 B.C. (5ms)
══════════════════════════════════════════════════════════════════════
  [Civ 1] Romans (despotism): 1 cities, 2 units, 57g, 9 techs, researching Mysticism (20/21)
    Rome: size=3, prod=Wonder39 (77sh), bldgs=Palace
    Units: 1x Warriors, 1x Archers
  [Civ 2] Babylonians (despotism): 1 cities, 2 units, 1g, 11 techs, researching Mysticism (24/52)
    Babylon: size=2, prod=building:7 (56sh), bldgs=Palace, Granary
    Units: 1x Warriors, 1x Chariot
  [Civ 3] Germans (despotism): 1 cities, 0 units, 55g, 10 techs, researching Mysticism (20/24)
    Berlin: size=3, prod=Wonder45 (101sh), bldgs=Palace
    Units: none
  [Civ 4] Egyptians (despotism): 1 cities, 0 units, 0g, 9 techs, researching Mysticism (14/21)
    Thebes: size=2, prod=Wonder41 (166sh), bldgs=Palace
    Units: none
  [Civ 1] Romans turn: 2 actions — MOVE_UNIT(1), UNIT_ORDER(1)
    ADJUST_ATTITUDE target=civ3
    >>> Germans discovered: Mysticism
    SET_RESEARCH tech=Construction
    ADJUST_ATTITUDE target=civ2
    >>> Romans discovered: Mysticism

══════════════════════════════════════════════════════════════════════
  TURN 37 — 3280 B.C. (6ms)
══════════════════════════════════════════════════════════════════════
  [Civ 1] Romans (despotism): 1 cities, 2 units, 57g, 10 techs, researching none (0/24)
    Rome: size=3, prod=Wonder39 (81sh), bldgs=Palace
    Units: 1x Warriors, 1x Archers
  [Civ 2] Babylonians (despotism): 1 cities, 2 units, 1g, 11 techs, researching Mysticism (27/52)
    Babylon: size=2, prod=building:7 (60sh), bldgs=Palace, Granary
    Units: 1x Warriors, 1x Chariot
  [Civ 3] Germans (despotism): 1 cities, 0 units, 55g, 11 techs, researching Construction (0/52)
    Berlin: size=3, prod=Wonder45 (105sh), bldgs=Palace
    Units: none
  [Civ 4] Egyptians (despotism): 1 cities, 0 units, 0g, 9 techs, researching Mysticism (16/21)
    Thebes: size=2, prod=Wonder41 (172sh), bldgs=Palace
    Units: none
  [Civ 1] Romans turn: 3 actions — SET_RESEARCH(1), MOVE_UNIT(1), UNIT_ORDER(1)
    SET_RESEARCH tech=Construction
    ADJUST_ATTITUDE target=civ3
    ADJUST_ATTITUDE target=civ2

══════════════════════════════════════════════════════════════════════
  TURN 38 — 3260 B.C. (8ms)
══════════════════════════════════════════════════════════════════════
  [Civ 1] Romans (despotism): 1 cities, 2 units, 59g, 10 techs, researching Construction (4/24)
    Rome: size=3, prod=Wonder39 (85sh), bldgs=Palace
    Units: 1x Warriors, 1x Archers
  [Civ 2] Babylonians (despotism): 1 cities, 2 units, 1g, 11 techs, researching Mysticism (30/52)
    Babylon: size=2, prod=building:7 (64sh), bldgs=Palace, Granary
    Units: 1x Warriors, 1x Chariot
  [Civ 3] Germans (despotism): 1 cities, 0 units, 57g, 11 techs, researching Construction (4/52)
    Berlin: size=3, prod=Wonder45 (109sh), bldgs=Palace
    Units: none
  [Civ 4] Egyptians (despotism): 1 cities, 0 units, 0g, 9 techs, researching Mysticism (18/21)
    Thebes: size=2, prod=Wonder41 (178sh), bldgs=Palace
    Units: none
  [Civ 1] Romans turn: 2 actions — MOVE_UNIT(1), UNIT_ORDER(1)
    SET_RESEARCH tech=Seafaring
    ADJUST_ATTITUDE target=civ3
    ADJUST_ATTITUDE target=civ2
    SET_RESEARCH tech=Code of Laws

══════════════════════════════════════════════════════════════════════
  TURN 39 — 3240 B.C. (7ms)
══════════════════════════════════════════════════════════════════════
  [Civ 1] Romans (despotism): 1 cities, 2 units, 61g, 10 techs, researching Construction (8/24)
    Rome: size=3, prod=Wonder39 (89sh), bldgs=Palace
    Units: 1x Warriors, 1x Archers
  [Civ 2] Babylonians (despotism): 1 cities, 2 units, 1g, 12 techs, researching Seafaring (33/57)
    Babylon: size=2, prod=building:7 (68sh), bldgs=Palace, Granary
    Units: 1x Warriors, 1x Chariot
  [Civ 3] Germans (despotism): 1 cities, 0 units, 59g, 11 techs, researching Construction (8/26)
    Berlin: size=3, prod=Wonder45 (113sh), bldgs=Palace
    Units: none
  [Civ 4] Egyptians (despotism): 1 cities, 0 units, 0g, 10 techs, researching Code of Laws (20/24)
    Thebes: size=2, prod=Wonder41 (184sh), bldgs=Palace
    Units: none
  [Civ 1] Romans turn: 2 actions — MOVE_UNIT(1), UNIT_ORDER(1)
    ADJUST_ATTITUDE target=civ3
    ADJUST_ATTITUDE target=civ2

══════════════════════════════════════════════════════════════════════
  TURN 40 — 3220 B.C. (6ms)
══════════════════════════════════════════════════════════════════════
  [Civ 1] Romans (despotism): 1 cities, 2 units, 63g, 10 techs, researching Construction (12/24)
    Rome: size=3, prod=Wonder39 (93sh), bldgs=Palace
    Units: 1x Warriors, 1x Archers
  [Civ 2] Babylonians (despotism): 1 cities, 2 units, 51g, 12 techs, researching Seafaring (36/57)
    Babylon: size=2, prod=building:7 (72sh), bldgs=Palace, Granary
    Units: 1x Warriors, 1x Chariot
  [Civ 3] Germans (despotism): 1 cities, 0 units, 61g, 11 techs, researching Construction (12/26)
    Berlin: size=3, prod=Wonder45 (117sh), bldgs=Palace
    Units: none
  [Civ 4] Egyptians (despotism): 1 cities, 0 units, 0g, 10 techs, researching Code of Laws (22/24)
    Thebes: size=2, prod=Wonder41 (190sh), bldgs=Palace
    Units: none
  [Civ 1] Romans turn: 2 actions — MOVE_UNIT(1), UNIT_ORDER(1)
    ADJUST_ATTITUDE target=civ3
    ADJUST_ATTITUDE target=civ2
    >>> Egyptians discovered: Code of Laws
    SET_RESEARCH tech=The Wheel

══════════════════════════════════════════════════════════════════════
  TURN 41 — 3200 B.C. (7ms)
══════════════════════════════════════════════════════════════════════
  [Civ 1] Romans (despotism): 1 cities, 2 units, 65g, 10 techs, researching Construction (16/24)
    Rome: size=3, prod=Wonder39 (97sh), bldgs=Palace
    Units: 1x Warriors, 1x Archers
  [Civ 2] Babylonians (despotism): 1 cities, 2 units, 51g, 12 techs, researching Seafaring (39/57)
    Babylon: size=2, prod=building:7 (76sh), bldgs=Palace, Granary
    Units: 1x Warriors, 1x Chariot
  [Civ 3] Germans (despotism): 1 cities, 0 units, 63g, 11 techs, researching Construction (16/26)
    Berlin: size=3, prod=Wonder45 (121sh), bldgs=Palace
    Units: none
  [Civ 4] Egyptians (despotism): 1 cities, 0 units, 0g, 11 techs, researching The Wheel (0/26)
    Thebes: size=2, prod=Wonder41 (196sh), bldgs=Palace
    Units: none
  [Civ 1] Romans turn: 2 actions — MOVE_UNIT(1), UNIT_ORDER(1)
    >>> Babylon built building:7
    ADJUST_ATTITUDE target=civ3
    CHANGE_PRODUCTION city=1
    ADJUST_ATTITUDE target=civ2
    >>> Thebes built Wonder41
    CHANGE_PRODUCTION city=3

══════════════════════════════════════════════════════════════════════
  TURN 42 — 3180 B.C. (6ms)
══════════════════════════════════════════════════════════════════════
  [Civ 1] Romans (despotism): 1 cities, 2 units, 67g, 11 techs, researching Construction (20/26)
    Rome: size=3, prod=Wonder39 (101sh), bldgs=Palace
    Units: 1x Warriors, 1x Archers
  [Civ 2] Babylonians (despotism): 1 cities, 2 units, 50g, 12 techs, researching Seafaring (42/57)
    Babylon: size=2, prod=building:5 (0sh), bldgs=Palace, Granary, Courthouse
    Units: 1x Warriors, 1x Chariot
  [Civ 3] Germans (despotism): 1 cities, 0 units, 65g, 11 techs, researching Construction (20/26)
    Berlin: size=3, prod=Wonder45 (125sh), bldgs=Palace
    Units: none
  [Civ 4] Egyptians (despotism): 1 cities, 0 units, 0g, 11 techs, researching The Wheel (2/26)
    Thebes: size=2, prod=building:7 (0sh), bldgs=Palace
    Units: none
  [Civ 1] Romans turn: 2 actions — MOVE_UNIT(1), UNIT_ORDER(1)
    ADJUST_ATTITUDE target=civ3
    ADJUST_ATTITUDE target=civ2
    CHANGE_PRODUCTION city=3

══════════════════════════════════════════════════════════════════════
  TURN 43 — 3160 B.C. (10ms)
══════════════════════════════════════════════════════════════════════
  [Civ 1] Romans (despotism): 1 cities, 2 units, 69g, 11 techs, researching Construction (24/26)
    Rome: size=3, prod=Wonder39 (105sh), bldgs=Palace
    Units: 1x Warriors, 1x Archers
  [Civ 2] Babylonians (despotism): 1 cities, 2 units, 49g, 12 techs, researching Seafaring (45/57)
    Babylon: size=2, prod=building:5 (4sh), bldgs=Palace, Granary, Courthouse
    Units: 1x Warriors, 1x Chariot
  [Civ 3] Germans (despotism): 1 cities, 0 units, 67g, 12 techs, researching Construction (24/57)
    Berlin: size=3, prod=Wonder45 (129sh), bldgs=Palace
    Units: none
  [Civ 4] Egyptians (despotism): 1 cities, 0 units, 0g, 11 techs, researching The Wheel (4/26)
    Thebes: size=2, prod=Wonder44 (0sh), bldgs=Palace
    Units: none
  [Civ 1] Romans turn: 2 actions — MOVE_UNIT(1), UNIT_ORDER(1)
    ADJUST_ATTITUDE target=civ3
    ADJUST_ATTITUDE target=civ2
    >>> Romans discovered: Construction

══════════════════════════════════════════════════════════════════════
  TURN 44 — 3140 B.C. (8ms)
══════════════════════════════════════════════════════════════════════
  [Civ 1] Romans (despotism): 1 cities, 2 units, 69g, 12 techs, researching none (0/57)
    Rome: size=3, prod=Wonder39 (109sh), bldgs=Palace
    Units: 1x Warriors, 1x Archers
  [Civ 2] Babylonians (despotism): 1 cities, 2 units, 48g, 12 techs, researching Seafaring (48/57)
    Babylon: size=2, prod=building:5 (8sh), bldgs=Palace, Granary, Courthouse
    Units: 1x Warriors, 1x Chariot
  [Civ 3] Germans (despotism): 1 cities, 0 units, 69g, 12 techs, researching Construction (28/57)
    Berlin: size=3, prod=Wonder45 (133sh), bldgs=Palace
    Units: none
  [Civ 4] Egyptians (despotism): 1 cities, 0 units, 0g, 11 techs, researching The Wheel (6/26)
    Thebes: size=2, prod=Wonder44 (6sh), bldgs=Palace
    Units: none
  [Civ 1] Romans turn: 3 actions — SET_RESEARCH(1), MOVE_UNIT(1), UNIT_ORDER(1)
    SET_RESEARCH tech=Monarchy
    ADJUST_ATTITUDE target=civ3
    ADJUST_ATTITUDE target=civ2
    >>> Rome grew to size 4

══════════════════════════════════════════════════════════════════════
  TURN 45 — 3120 B.C. (8ms)
══════════════════════════════════════════════════════════════════════
  [Civ 1] Romans (despotism): 1 cities, 2 units, 71g, 12 techs, researching Monarchy (5/57)
    Rome: size=4, prod=Wonder39 (113sh), bldgs=Palace
    Units: 1x Warriors, 1x Archers
  [Civ 2] Babylonians (despotism): 1 cities, 2 units, 47g, 12 techs, researching Seafaring (51/57)
    Babylon: size=2, prod=building:5 (12sh), bldgs=Palace, Granary, Courthouse
    Units: 1x Warriors, 1x Chariot
  [Civ 3] Germans (despotism): 1 cities, 0 units, 71g, 12 techs, researching Construction (32/57)
    Berlin: size=3, prod=Wonder45 (137sh), bldgs=Palace
    Units: none
  [Civ 4] Egyptians (despotism): 1 cities, 0 units, 0g, 11 techs, researching The Wheel (8/26)
    Thebes: size=2, prod=Wonder44 (12sh), bldgs=Palace
    Units: none
  [Civ 1] Romans turn: 2 actions — MOVE_UNIT(1), UNIT_ORDER(1)
    ADJUST_ATTITUDE target=civ3
    >>> Berlin grew to size 4
    ADJUST_ATTITUDE target=civ2

══════════════════════════════════════════════════════════════════════
  TURN 46 — 3100 B.C. (7ms)
══════════════════════════════════════════════════════════════════════
  [Civ 1] Romans (despotism): 1 cities, 2 units, 73g, 12 techs, researching Monarchy (10/57)
    Rome: size=4, prod=Wonder39 (118sh), bldgs=Palace
    Units: 1x Warriors, 1x Archers
  [Civ 2] Babylonians (despotism): 1 cities, 2 units, 46g, 12 techs, researching Seafaring (54/57)
    Babylon: size=2, prod=building:5 (16sh), bldgs=Palace, Granary, Courthouse
    Units: 1x Warriors, 1x Chariot
  [Civ 3] Germans (despotism): 1 cities, 0 units, 73g, 12 techs, researching Construction (36/57)
    Berlin: size=4, prod=Wonder45 (141sh), bldgs=Palace
    Units: none
  [Civ 4] Egyptians (despotism): 1 cities, 0 units, 0g, 11 techs, researching The Wheel (10/26)
    Thebes: size=2, prod=Wonder44 (18sh), bldgs=Palace
    Units: none
  [Civ 1] Romans turn: 2 actions — MOVE_UNIT(1), UNIT_ORDER(1)
    >>> Babylonians discovered: Seafaring
    SET_RESEARCH tech=Mathematics
    ADJUST_ATTITUDE target=civ3
    CHANGE_PRODUCTION city=1
    >>> Germans discovered: Construction
    SET_RESEARCH tech=Mathematics
    ADJUST_ATTITUDE target=civ2

══════════════════════════════════════════════════════════════════════
  TURN 47 — 3080 B.C. (10ms)
══════════════════════════════════════════════════════════════════════
  [Civ 1] Romans (despotism): 1 cities, 2 units, 75g, 12 techs, researching Monarchy (15/28)
    Rome: size=4, prod=Wonder39 (123sh), bldgs=Palace
    Units: 1x Warriors, 1x Archers
  [Civ 2] Babylonians (despotism): 1 cities, 2 units, 46g, 13 techs, researching Mathematics (0/62)
    Babylon: size=2, prod=building:30 (10sh), bldgs=Palace, Granary, Courthouse
    Units: 1x Warriors, 1x Chariot
  [Civ 3] Germans (despotism): 1 cities, 0 units, 73g, 13 techs, researching Mathematics (0/62)
    Berlin: size=4, prod=Wonder45 (145sh), bldgs=Palace
    Units: none
  [Civ 4] Egyptians (despotism): 1 cities, 0 units, 0g, 11 techs, researching The Wheel (12/26)
    Thebes: size=2, prod=Wonder44 (24sh), bldgs=Palace
    Units: none
  [Civ 1] Romans turn: 2 actions — MOVE_UNIT(1), UNIT_ORDER(1)
    ADJUST_ATTITUDE target=civ3
    ADJUST_ATTITUDE target=civ2

══════════════════════════════════════════════════════════════════════
  TURN 48 — 3060 B.C. (8ms)
══════════════════════════════════════════════════════════════════════
  [Civ 1] Romans (despotism): 1 cities, 2 units, 77g, 12 techs, researching Monarchy (20/28)
    Rome: size=4, prod=Wonder39 (128sh), bldgs=Palace
    Units: 1x Warriors, 1x Archers
  [Civ 2] Babylonians (despotism): 1 cities, 2 units, 45g, 13 techs, researching Mathematics (3/62)
    Babylon: size=2, prod=building:30 (14sh), bldgs=Palace, Granary, Courthouse
    Units: 1x Warriors, 1x Chariot
  [Civ 3] Germans (despotism): 1 cities, 0 units, 75g, 13 techs, researching Mathematics (4/62)
    Berlin: size=4, prod=Wonder45 (149sh), bldgs=Palace
    Units: none
  [Civ 4] Egyptians (despotism): 1 cities, 0 units, 0g, 12 techs, researching The Wheel (14/28)
    Thebes: size=2, prod=Wonder44 (30sh), bldgs=Palace
    Units: none
  [Civ 1] Romans turn: 2 actions — MOVE_UNIT(1), UNIT_ORDER(1)
    ADJUST_ATTITUDE target=civ3
    ADJUST_ATTITUDE target=civ2

══════════════════════════════════════════════════════════════════════
  TURN 49 — 3040 B.C. (7ms)
══════════════════════════════════════════════════════════════════════
  [Civ 1] Romans (despotism): 1 cities, 2 units, 79g, 12 techs, researching Monarchy (25/28)
    Rome: size=4, prod=Wonder39 (133sh), bldgs=Palace
    Units: 1x Warriors, 1x Archers
  [Civ 2] Babylonians (despotism): 1 cities, 2 units, 44g, 14 techs, researching Mathematics (6/67)
    Babylon: size=2, prod=building:30 (18sh), bldgs=Palace, Granary, Courthouse
    Units: 1x Warriors, 1x Chariot
  [Civ 3] Germans (despotism): 1 cities, 0 units, 77g, 13 techs, researching Mathematics (8/31)
    Berlin: size=4, prod=Wonder45 (153sh), bldgs=Palace
    Units: none
  [Civ 4] Egyptians (despotism): 1 cities, 0 units, 0g, 12 techs, researching The Wheel (16/28)
    Thebes: size=2, prod=Wonder44 (36sh), bldgs=Palace
    Units: none
  [Civ 1] Romans turn: 2 actions — MOVE_UNIT(1), UNIT_ORDER(1)
    ADJUST_ATTITUDE target=civ3
    ADJUST_ATTITUDE target=civ2
    >>> Romans discovered: Monarchy

══════════════════════════════════════════════════════════════════════
  FINAL SUMMARY
══════════════════════════════════════════════════════════════════════
Game ended at turn 50 (3020 B.C.)

── Civ 1: Romans (despotism) ALIVE ──
  Cities: 1 (peak 1, founded 1)
  Units:  2 (peak 2)
  Treasury: 79g
  Techs discovered: 6 — Bronze Working, Iron Working, Currency, Mysticism, Construction, Monarchy
  Actions: 117 total, 0 idle turns
  Breakdown: UNIT_ORDER(53), MOVE_UNIT(50), SET_RESEARCH(7), ADJUST_ATTITUDE(3), CHANGE_PRODUCTION(2), CHANGE_RATES(1), BUILD_CITY(1)
  Army: 1x Warriors, 1x Archers
  Rome: size=4, shields=138

── Civ 2: Babylonians (despotism) ALIVE ──
  Cities: 1 (peak 1, founded 1)
  Units:  2 (peak 2)
  Treasury: 43g
  Techs discovered: 3 — Code of Laws, Iron Working, Seafaring
  Actions: 175 total, 0 idle turns
  Breakdown: UNIT_ORDER(71), MOVE_UNIT(70), ADJUST_ATTITUDE(22), SET_RESEARCH(5), CHANGE_PRODUCTION(4), CHANGE_RATES(1), BUILD_CITY(1), PROPOSE_TREATY(1)
  Army: 1x Warriors, 1x Chariot
  Babylon: size=2, shields=22

── Civ 3: Germans (despotism) ALIVE ──
  Cities: 1 (peak 1, founded 1)
  Units:  0 (peak 1)
  Treasury: 79g
  Techs discovered: 5 — Writing, Map Making, Currency, Mysticism, Construction
  Actions: 99 total, 0 idle turns
  Breakdown: UNIT_ORDER(31), MOVE_UNIT(30), ADJUST_ATTITUDE(26), SET_RESEARCH(6), CHANGE_PRODUCTION(2), CHANGE_RATES(1), BUILD_CITY(1), RESPOND_TREATY(1), PROPOSE_TREATY(1)
  Army: none
  Berlin: size=4, shields=157

── Civ 4: Egyptians (despotism) ALIVE ──
  Cities: 1 (peak 1, founded 1)
  Units:  0 (peak 1)
  Treasury: 0g
  Techs discovered: 2 — Map Making, Code of Laws
  Actions: 39 total, 32 idle turns
  Breakdown: UNIT_ORDER(13), MOVE_UNIT(12), SET_RESEARCH(6), CHANGE_PRODUCTION(3), ADJUST_ATTITUDE(3), CHANGE_RATES(1), BUILD_CITY(1)
  Army: none
  Thebes: size=2, shields=42


══════════════════════════════════════════════════════════════════════
  AI BEHAVIOR ANALYSIS
══════════════════════════════════════════════════════════════════════
[Civ 1] Romans:
  WARNING: Only 1 city after 30+ turns

[Civ 2] Babylonians:
  WARNING: Only 1 city after 30+ turns

[Civ 3] Germans:
  WARNING: Only 1 city after 30+ turns

[Civ 4] Egyptians:
  WARNING: Idle 32/50 turns (>50%)
  WARNING: Only 1 city after 30+ turns

