Charlization AI Headless Simulation
Date: 2026-03-20T18:01:04.729Z
Settings: 50 turns, 4 AI players, 50x80 map, difficulty=prince
Map seed: 11306
Map generated in 75ms
Game initialized: 4 civs, 10 starting units
  Civ 1 (Romans): starts at (30,38) on Grassland
  Civ 2 (Babylonians): starts at (31,71) on Grassland
  Civ 3 (Germans): starts at (30,8) on Grassland
  Civ 4 (Egyptians): starts at (5,11) on Forest
    SET_RESEARCH tech=Ceremonial Burial
    CHANGE_RATES sci=6 tax=4 lux=undefined
    BUILD_CITY unit=0 name="Rome"
    1 actions REJECTED (of 6)
    SET_RESEARCH tech=Ceremonial Burial
    CHANGE_RATES sci=6 tax=4 lux=undefined
    BUILD_CITY unit=2 name="Babylon"
    BUILD_CITY unit=8 name="Babylon"
    2 actions REJECTED (of 8)
    SET_RESEARCH tech=Alphabet
    CHANGE_RATES sci=6 tax=4 lux=undefined
    BUILD_CITY unit=4 name="Berlin"
    1 actions REJECTED (of 6)
    SET_RESEARCH tech=Masonry
    CHANGE_RATES sci=6 tax=4 lux=undefined
    BUILD_CITY unit=6 name="Thebes"
    BUILD_CITY unit=9 name="Thebes"
    2 actions REJECTED (of 8)

══════════════════════════════════════════════════════════════════════
  TURN 1 — 4000 B.C. (35ms)
══════════════════════════════════════════════════════════════════════
  [Civ 1] Romans (despotism): 1 cities, 1 units, 1g, 3 techs, researching Ceremonial Burial (3/39)
    Rome: size=1, prod=Warriors (2sh), bldgs=Palace
    Units: 1x Warriors
  [Civ 2] Babylonians (despotism): 1 cities, 2 units, 0g, 2 techs, researching Ceremonial Burial (0/22)
    Babylon: size=1, prod=Warriors (0sh), bldgs=Palace
    Units: 1x Warriors, 1x Settlers
  [Civ 3] Germans (despotism): 1 cities, 1 units, 0g, 1 techs, researching Alphabet (0/11)
    Berlin: size=1, prod=Warriors (0sh), bldgs=Palace
    Units: 1x Warriors
  [Civ 4] Egyptians (despotism): 1 cities, 2 units, 0g, 1 techs, researching Masonry (0/11)
    Thebes: size=1, prod=Warriors (0sh), bldgs=Palace
    Units: 1x Warriors, 1x Settlers
  [Civ 1] Romans turn: 2 actions — MOVE_UNIT(1), UNIT_ORDER(1)
    CHANGE_PRODUCTION city=1
    END_TURN REJECTED: 1 units still need orders
      #10 Horsemen(Atk) @(32,73) mv=6 ord=none hp=full
    CHANGE_PRODUCTION city=3

══════════════════════════════════════════════════════════════════════
  TURN 2 — 3980 B.C. (14ms)
══════════════════════════════════════════════════════════════════════
  [Civ 1] Romans (despotism): 1 cities, 1 units, 2g, 3 techs, researching Ceremonial Burial (6/39)
    Rome: size=1, prod=Warriors (4sh), bldgs=Palace
    Units: 1x Warriors
  [Civ 2] Babylonians (despotism): 1 cities, 3 units, 1g, 2 techs, researching Ceremonial Burial (3/22)
    Babylon: size=1, prod=Horsemen (2sh), bldgs=Palace
    Units: 1x Warriors, 1x Settlers, 1x Horsemen
  [Civ 3] Germans (despotism): 1 cities, 1 units, 1g, 2 techs, researching Alphabet (3/22)
    Berlin: size=1, prod=Warriors (2sh), bldgs=Palace
    Units: 1x Warriors
  [Civ 4] Egyptians (despotism): 1 cities, 2 units, 0g, 2 techs, researching Masonry (1/22)
    Thebes: size=1, prod=Horsemen (3sh), bldgs=Palace
    Units: 1x Warriors, 1x Settlers
  [Civ 1] Romans turn: 2 actions — MOVE_UNIT(1), UNIT_ORDER(1)
    END_TURN REJECTED: 2 units still need orders
      #3 Warriors(Atk) @(32,73) mv=3 ord=none hp=full
      #10 Horsemen(Atk) @(32,73) mv=6 ord=none hp=full

══════════════════════════════════════════════════════════════════════
  TURN 3 — 3960 B.C. (9ms)
══════════════════════════════════════════════════════════════════════
  [Civ 1] Romans (despotism): 1 cities, 1 units, 3g, 3 techs, researching Ceremonial Burial (9/39)
    Rome: size=1, prod=Warriors (6sh), bldgs=Palace
    Units: 1x Warriors
  [Civ 2] Babylonians (despotism): 1 cities, 3 units, 2g, 2 techs, researching Ceremonial Burial (6/22)
    Babylon: size=1, prod=Horsemen (4sh), bldgs=Palace
    Units: 1x Warriors, 1x Settlers, 1x Horsemen
  [Civ 3] Germans (despotism): 1 cities, 1 units, 2g, 2 techs, researching Alphabet (6/22)
    Berlin: size=1, prod=Warriors (4sh), bldgs=Palace
    Units: 1x Warriors
  [Civ 4] Egyptians (despotism): 1 cities, 2 units, 0g, 2 techs, researching Masonry (2/22)
    Thebes: size=1, prod=Horsemen (6sh), bldgs=Palace
    Units: 1x Warriors, 1x Settlers
  [Civ 1] Romans turn: 2 actions — MOVE_UNIT(1), UNIT_ORDER(1)
    END_TURN REJECTED: 2 units still need orders
      #3 Warriors(Atk) @(32,73) mv=3 ord=none hp=full
      #10 Horsemen(Atk) @(32,73) mv=6 ord=none hp=full

══════════════════════════════════════════════════════════════════════
  TURN 4 — 3940 B.C. (4ms)
══════════════════════════════════════════════════════════════════════
  [Civ 1] Romans (despotism): 1 cities, 1 units, 4g, 3 techs, researching Ceremonial Burial (12/39)
    Rome: size=1, prod=Warriors (8sh), bldgs=Palace
    Units: 1x Warriors
  [Civ 2] Babylonians (despotism): 1 cities, 3 units, 3g, 2 techs, researching Ceremonial Burial (9/22)
    Babylon: size=1, prod=Horsemen (6sh), bldgs=Palace
    Units: 1x Warriors, 1x Settlers, 1x Horsemen
  [Civ 3] Germans (despotism): 1 cities, 1 units, 3g, 2 techs, researching Alphabet (9/22)
    Berlin: size=1, prod=Warriors (6sh), bldgs=Palace
    Units: 1x Warriors
  [Civ 4] Egyptians (despotism): 1 cities, 2 units, 0g, 2 techs, researching Masonry (3/22)
    Thebes: size=1, prod=Horsemen (9sh), bldgs=Palace
    Units: 1x Warriors, 1x Settlers
  [Civ 1] Romans turn: 2 actions — MOVE_UNIT(1), UNIT_ORDER(1)
    END_TURN REJECTED: 2 units still need orders
      #3 Warriors(Atk) @(32,73) mv=3 ord=none hp=full
      #10 Horsemen(Atk) @(32,73) mv=6 ord=none hp=full
    >>> Rome built Warriors

══════════════════════════════════════════════════════════════════════
  TURN 5 — 3920 B.C. (6ms)
══════════════════════════════════════════════════════════════════════
  [Civ 1] Romans (despotism): 1 cities, 2 units, 5g, 3 techs, researching Ceremonial Burial (15/39)
    Rome: size=1, prod=Warriors (0sh), bldgs=Palace
    Units: 2x Warriors
  [Civ 2] Babylonians (despotism): 1 cities, 3 units, 4g, 2 techs, researching Ceremonial Burial (12/22)
    Babylon: size=1, prod=Horsemen (8sh), bldgs=Palace
    Units: 1x Warriors, 1x Settlers, 1x Horsemen
  [Civ 3] Germans (despotism): 1 cities, 0 units, 4g, 2 techs, researching Alphabet (12/22)
    Berlin: size=1, prod=Warriors (8sh), bldgs=Palace
    Units: none
  [Civ 4] Egyptians (despotism): 1 cities, 2 units, 0g, 2 techs, researching Masonry (4/22)
    Thebes: size=1, prod=Horsemen (12sh), bldgs=Palace
    Units: 1x Warriors, 1x Settlers
  [Civ 1] Romans turn: 3 actions — CHANGE_PRODUCTION(1), MOVE_UNIT(1), UNIT_ORDER(1)
    CHANGE_PRODUCTION city=0
    END_TURN REJECTED: 2 units still need orders
      #3 Warriors(Atk) @(32,73) mv=3 ord=none hp=full
      #10 Horsemen(Atk) @(32,73) mv=6 ord=none hp=full
    CHANGE_PRODUCTION city=2

══════════════════════════════════════════════════════════════════════
  TURN 6 — 3900 B.C. (4ms)
══════════════════════════════════════════════════════════════════════
  [Civ 1] Romans (despotism): 1 cities, 2 units, 6g, 3 techs, researching Ceremonial Burial (18/39)
    Rome: size=1, prod=Horsemen (2sh), bldgs=Palace
    Units: 2x Warriors
  [Civ 2] Babylonians (despotism): 1 cities, 3 units, 5g, 2 techs, researching Ceremonial Burial (15/22)
    Babylon: size=1, prod=Horsemen (10sh), bldgs=Palace
    Units: 1x Warriors, 1x Settlers, 1x Horsemen
  [Civ 3] Germans (despotism): 1 cities, 1 units, 5g, 2 techs, researching Alphabet (15/22)
    Berlin: size=1, prod=Horsemen (0sh), bldgs=Palace
    Units: 1x Warriors
  [Civ 4] Egyptians (despotism): 1 cities, 2 units, 0g, 2 techs, researching Masonry (5/22)
    Thebes: size=1, prod=Horsemen (15sh), bldgs=Palace
    Units: 1x Warriors, 1x Settlers
  [Civ 1] Romans turn: 4 actions — MOVE_UNIT(1), UNIT_ORDER(3)
    END_TURN REJECTED: 2 units still need orders
      #3 Warriors(Atk) @(32,73) mv=3 ord=none hp=full
      #10 Horsemen(Atk) @(32,73) mv=6 ord=none hp=full

══════════════════════════════════════════════════════════════════════
  TURN 7 — 3880 B.C. (6ms)
══════════════════════════════════════════════════════════════════════
  [Civ 1] Romans (despotism): 1 cities, 2 units, 7g, 3 techs, researching Ceremonial Burial (21/39)
    Rome: size=1, prod=Horsemen (4sh), bldgs=Palace
    Units: 2x Warriors
  [Civ 2] Babylonians (despotism): 1 cities, 3 units, 6g, 2 techs, researching Ceremonial Burial (18/22)
    Babylon: size=1, prod=Horsemen (12sh), bldgs=Palace
    Units: 1x Warriors, 1x Settlers, 1x Horsemen
  [Civ 3] Germans (despotism): 1 cities, 1 units, 6g, 2 techs, researching Alphabet (18/22)
    Berlin: size=1, prod=Horsemen (2sh), bldgs=Palace
    Units: 1x Warriors
  [Civ 4] Egyptians (despotism): 1 cities, 1 units, 0g, 2 techs, researching Masonry (6/22)
    Thebes: size=1, prod=Horsemen (18sh), bldgs=Palace
    Units: 1x Settlers
  [Civ 1] Romans turn: 2 actions — MOVE_UNIT(1), UNIT_ORDER(1)
    END_TURN REJECTED: 2 units still need orders
      #3 Warriors(Atk) @(32,73) mv=3 ord=none hp=full
      #10 Horsemen(Atk) @(32,73) mv=6 ord=none hp=full
    >>> Thebes built Horsemen
    CHANGE_PRODUCTION city=3

══════════════════════════════════════════════════════════════════════
  TURN 8 — 3860 B.C. (3ms)
══════════════════════════════════════════════════════════════════════
  [Civ 1] Romans (despotism): 1 cities, 2 units, 8g, 3 techs, researching Ceremonial Burial (24/39)
    Rome: size=1, prod=Horsemen (6sh), bldgs=Palace
    Units: 2x Warriors
  [Civ 2] Babylonians (despotism): 1 cities, 3 units, 7g, 2 techs, researching Ceremonial Burial (21/22)
    Babylon: size=1, prod=Horsemen (14sh), bldgs=Palace
    Units: 1x Warriors, 1x Settlers, 1x Horsemen
  [Civ 3] Germans (despotism): 1 cities, 1 units, 7g, 2 techs, researching Alphabet (21/22)
    Berlin: size=1, prod=Horsemen (4sh), bldgs=Palace
    Units: 1x Warriors
  [Civ 4] Egyptians (despotism): 1 cities, 2 units, 0g, 2 techs, researching Masonry (7/22)
    Thebes: size=1, prod=Warriors (1sh), bldgs=Palace
    Units: 1x Settlers, 1x Horsemen
  [Civ 1] Romans turn: 2 actions — MOVE_UNIT(1), UNIT_ORDER(1)
    >>> Babylonians discovered: Ceremonial Burial
    SET_RESEARCH tech=Masonry
    END_TURN REJECTED: 2 units still need orders
      #3 Warriors(Atk) @(32,73) mv=3 ord=none hp=full
      #10 Horsemen(Atk) @(32,73) mv=6 ord=none hp=full
    SET_RESEARCH tech=Map Making

══════════════════════════════════════════════════════════════════════
  TURN 9 — 3840 B.C. (7ms)
══════════════════════════════════════════════════════════════════════
  [Civ 1] Romans (despotism): 1 cities, 2 units, 9g, 3 techs, researching Ceremonial Burial (27/39)
    Rome: size=1, prod=Horsemen (8sh), bldgs=Palace
    Units: 2x Warriors
  [Civ 2] Babylonians (despotism): 1 cities, 3 units, 7g, 3 techs, researching Masonry (0/39)
    Babylon: size=1, prod=Horsemen (16sh), bldgs=Palace
    Units: 1x Warriors, 1x Settlers, 1x Horsemen
  [Civ 3] Germans (despotism): 1 cities, 1 units, 7g, 3 techs, researching Map Making (0/39)
    Berlin: size=1, prod=Horsemen (6sh), bldgs=Palace
    Units: 1x Warriors
  [Civ 4] Egyptians (despotism): 1 cities, 2 units, 0g, 2 techs, researching Masonry (8/22)
    Thebes: size=1, prod=Warriors (4sh), bldgs=Palace
    Units: 1x Settlers, 1x Horsemen
  [Civ 1] Romans turn: 2 actions — MOVE_UNIT(1), UNIT_ORDER(1)
    END_TURN REJECTED: 1 units still need orders
      #27 Horsemen(Atk) @(29,22) mv=6 ord=none hp=full
    END_TURN REJECTED: 2 units still need orders
      #3 Warriors(Atk) @(32,73) mv=3 ord=none hp=full
      #10 Horsemen(Atk) @(32,73) mv=6 ord=none hp=full
    >>> Rome grew to size 2

══════════════════════════════════════════════════════════════════════
  TURN 10 — 3820 B.C. (7ms)
══════════════════════════════════════════════════════════════════════
  [Civ 1] Romans (despotism): 1 cities, 3 units, 11g, 3 techs, researching Ceremonial Burial (30/39)
    Rome: size=2, prod=Horsemen (11sh), bldgs=Palace
    Units: 2x Warriors, 1x Horsemen
  [Civ 2] Babylonians (despotism): 1 cities, 3 units, 8g, 3 techs, researching Masonry (3/39)
    Babylon: size=1, prod=Horsemen (18sh), bldgs=Palace
    Units: 1x Warriors, 1x Settlers, 1x Horsemen
  [Civ 3] Germans (despotism): 1 cities, 1 units, 8g, 3 techs, researching Map Making (3/39)
    Berlin: size=1, prod=Horsemen (8sh), bldgs=Palace
    Units: 1x Warriors
  [Civ 4] Egyptians (despotism): 1 cities, 2 units, 0g, 3 techs, researching Masonry (9/39)
    Thebes: size=1, prod=Warriors (7sh), bldgs=Palace
    Units: 1x Settlers, 1x Horsemen
  [Civ 1] Romans turn: 0 actions — idle
    END_TURN REJECTED: 2 units still need orders
      #1 Warriors(Atk) @(29,22) mv=3 ord=none hp=full
      #27 Horsemen(Atk) @(29,22) mv=6 ord=none hp=full
    END_TURN REJECTED: 2 units still need orders
      #3 Warriors(Atk) @(32,73) mv=3 ord=none hp=full
      #10 Horsemen(Atk) @(32,73) mv=6 ord=none hp=full
    >>> Babylon grew to size 2
    >>> Babylon built Horsemen
    >>> Berlin grew to size 2
    >>> Thebes built Warriors

══════════════════════════════════════════════════════════════════════
  TURN 11 — 3800 B.C. (8ms)
══════════════════════════════════════════════════════════════════════
  [Civ 1] Romans (despotism): 1 cities, 3 units, 13g, 3 techs, researching Ceremonial Burial (33/36)
    Rome: size=2, prod=Horsemen (14sh), bldgs=Palace
    Units: 2x Warriors, 1x Horsemen
  [Civ 2] Babylonians (despotism): 1 cities, 4 units, 10g, 4 techs, researching Masonry (6/52)
    Babylon: size=2, prod=Horsemen (1sh), bldgs=Palace
    Units: 1x Warriors, 1x Settlers, 2x Horsemen
  [Civ 3] Germans (despotism): 1 cities, 1 units, 10g, 3 techs, researching Map Making (6/36)
    Berlin: size=2, prod=Horsemen (11sh), bldgs=Palace
    Units: 1x Warriors
  [Civ 4] Egyptians (despotism): 1 cities, 3 units, 0g, 3 techs, researching Masonry (10/36)
    Thebes: size=1, prod=Warriors (0sh), bldgs=Palace
    Units: 1x Settlers, 1x Horsemen, 1x Warriors
  [Civ 1] Romans turn: 0 actions — idle
    END_TURN REJECTED: 2 units still need orders
      #1 Warriors(Atk) @(29,22) mv=3 ord=none hp=full
      #27 Horsemen(Atk) @(29,22) mv=6 ord=none hp=full
    END_TURN REJECTED: 3 units still need orders
      #3 Warriors(Atk) @(32,73) mv=3 ord=none hp=full
      #10 Horsemen(Atk) @(32,73) mv=6 ord=none hp=full
      #28 Horsemen(Atk) @(31,71) mv=6 ord=none hp=full
    END_TURN REJECTED: 1 units still need orders
      #29 Warriors(Atk) @(5,11) mv=3 ord=none hp=full

══════════════════════════════════════════════════════════════════════
  TURN 12 — 3780 B.C. (5ms)
══════════════════════════════════════════════════════════════════════
  [Civ 1] Romans (despotism): 1 cities, 3 units, 13g, 4 techs, researching none (0/52)
    Rome: size=2, prod=Horsemen (17sh), bldgs=Palace
    Units: 2x Warriors, 1x Horsemen
  [Civ 2] Babylonians (despotism): 1 cities, 4 units, 12g, 4 techs, researching Masonry (9/52)
    Babylon: size=2, prod=Horsemen (4sh), bldgs=Palace
    Units: 1x Warriors, 1x Settlers, 2x Horsemen
  [Civ 3] Germans (despotism): 1 cities, 1 units, 12g, 3 techs, researching Map Making (9/36)
    Berlin: size=2, prod=Horsemen (14sh), bldgs=Palace
    Units: 1x Warriors
  [Civ 4] Egyptians (despotism): 1 cities, 3 units, 0g, 3 techs, researching Masonry (11/36)
    Thebes: size=1, prod=Warriors (2sh), bldgs=Palace
    Units: 1x Settlers, 1x Horsemen, 1x Warriors
  [Civ 1] Romans turn: 1 actions — SET_RESEARCH(1)
    SET_RESEARCH tech=Map Making
    END_TURN REJECTED: 2 units still need orders
      #1 Warriors(Atk) @(29,22) mv=3 ord=none hp=full
      #27 Horsemen(Atk) @(29,22) mv=6 ord=none hp=full
    END_TURN REJECTED: 3 units still need orders
      #3 Warriors(Atk) @(32,73) mv=3 ord=none hp=full
      #10 Horsemen(Atk) @(32,73) mv=6 ord=none hp=full
      #28 Horsemen(Atk) @(31,71) mv=6 ord=none hp=full
    END_TURN REJECTED: 1 units still need orders
      #29 Warriors(Atk) @(5,11) mv=3 ord=none hp=full

══════════════════════════════════════════════════════════════════════
  TURN 13 — 3760 B.C. (4ms)
══════════════════════════════════════════════════════════════════════
  [Civ 1] Romans (despotism): 1 cities, 4 units, 15g, 4 techs, researching Map Making (3/52)
    Rome: size=2, prod=Horsemen (0sh), bldgs=Palace
    Units: 2x Warriors, 2x Horsemen
  [Civ 2] Babylonians (despotism): 1 cities, 4 units, 14g, 4 techs, researching Masonry (12/52)
    Babylon: size=2, prod=Horsemen (7sh), bldgs=Palace
    Units: 1x Warriors, 1x Settlers, 2x Horsemen
  [Civ 3] Germans (despotism): 1 cities, 1 units, 14g, 3 techs, researching Map Making (12/36)
    Berlin: size=2, prod=Horsemen (17sh), bldgs=Palace
    Units: 1x Warriors
  [Civ 4] Egyptians (despotism): 1 cities, 3 units, 0g, 3 techs, researching Masonry (12/36)
    Thebes: size=1, prod=Warriors (4sh), bldgs=Palace
    Units: 1x Settlers, 1x Horsemen, 1x Warriors
  [Civ 1] Romans turn: 0 actions — idle
    END_TURN REJECTED: 2 units still need orders
      #1 Warriors(Atk) @(29,22) mv=3 ord=none hp=full
      #27 Horsemen(Atk) @(29,22) mv=6 ord=none hp=full
    END_TURN REJECTED: 3 units still need orders
      #3 Warriors(Atk) @(32,73) mv=3 ord=none hp=full
      #10 Horsemen(Atk) @(32,73) mv=6 ord=none hp=full
      #28 Horsemen(Atk) @(31,71) mv=6 ord=none hp=full
    CHANGE_PRODUCTION city=2
    END_TURN REJECTED: 1 units still need orders
      #29 Warriors(Atk) @(5,11) mv=3 ord=none hp=full

══════════════════════════════════════════════════════════════════════
  TURN 14 — 3740 B.C. (3ms)
══════════════════════════════════════════════════════════════════════
  [Civ 1] Romans (despotism): 1 cities, 4 units, 17g, 4 techs, researching Map Making (6/52)
    Rome: size=2, prod=Horsemen (3sh), bldgs=Palace
    Units: 2x Warriors, 2x Horsemen
  [Civ 2] Babylonians (despotism): 1 cities, 4 units, 16g, 4 techs, researching Masonry (15/52)
    Babylon: size=2, prod=Horsemen (10sh), bldgs=Palace
    Units: 1x Warriors, 1x Settlers, 2x Horsemen
  [Civ 3] Germans (despotism): 1 cities, 2 units, 16g, 4 techs, researching Map Making (15/52)
    Berlin: size=2, prod=building:2 (0sh), bldgs=Palace
    Units: 1x Warriors, 1x Horsemen
  [Civ 4] Egyptians (despotism): 1 cities, 3 units, 0g, 4 techs, researching Masonry (13/52)
    Thebes: size=1, prod=Warriors (6sh), bldgs=Palace
    Units: 1x Settlers, 1x Horsemen, 1x Warriors
  [Civ 1] Romans turn: 0 actions — idle
    END_TURN REJECTED: 3 units still need orders
      #1 Warriors(Atk) @(29,22) mv=3 ord=none hp=full
      #27 Horsemen(Atk) @(29,22) mv=6 ord=none hp=full
      #32 Horsemen(Atk) @(30,38) mv=6 ord=none hp=full
    END_TURN REJECTED: 3 units still need orders
      #3 Warriors(Atk) @(32,73) mv=3 ord=none hp=full
      #10 Horsemen(Atk) @(32,73) mv=6 ord=none hp=full
      #28 Horsemen(Atk) @(31,71) mv=6 ord=none hp=full
    END_TURN REJECTED: 1 units still need orders
      #29 Warriors(Atk) @(5,11) mv=3 ord=none hp=full

══════════════════════════════════════════════════════════════════════
  TURN 15 — 3720 B.C. (5ms)
══════════════════════════════════════════════════════════════════════
  [Civ 1] Romans (despotism): 1 cities, 4 units, 19g, 4 techs, researching Map Making (9/52)
    Rome: size=2, prod=Horsemen (6sh), bldgs=Palace
    Units: 2x Warriors, 2x Horsemen
  [Civ 2] Babylonians (despotism): 1 cities, 4 units, 18g, 4 techs, researching Masonry (18/52)
    Babylon: size=2, prod=Horsemen (13sh), bldgs=Palace
    Units: 1x Warriors, 1x Settlers, 2x Horsemen
  [Civ 3] Germans (despotism): 1 cities, 2 units, 18g, 4 techs, researching Map Making (18/52)
    Berlin: size=2, prod=building:2 (3sh), bldgs=Palace
    Units: 1x Warriors, 1x Horsemen
  [Civ 4] Egyptians (despotism): 1 cities, 3 units, 0g, 4 techs, researching Masonry (14/52)
    Thebes: size=1, prod=Warriors (8sh), bldgs=Palace
    Units: 1x Settlers, 1x Horsemen, 1x Warriors
  [Civ 1] Romans turn: 0 actions — idle
    END_TURN REJECTED: 3 units still need orders
      #1 Warriors(Atk) @(29,22) mv=3 ord=none hp=full
      #27 Horsemen(Atk) @(29,22) mv=6 ord=none hp=full
      #32 Horsemen(Atk) @(30,38) mv=6 ord=none hp=full
    END_TURN REJECTED: 3 units still need orders
      #3 Warriors(Atk) @(32,73) mv=3 ord=none hp=full
      #10 Horsemen(Atk) @(32,73) mv=6 ord=none hp=full
      #28 Horsemen(Atk) @(31,71) mv=6 ord=none hp=full
    END_TURN REJECTED: 1 units still need orders
      #33 Horsemen(Atk) @(32,8) mv=3 ord=none hp=full
    END_TURN REJECTED: 1 units still need orders
      #29 Warriors(Atk) @(5,11) mv=3 ord=none hp=full

══════════════════════════════════════════════════════════════════════
  TURN 16 — 3700 B.C. (4ms)
══════════════════════════════════════════════════════════════════════
  [Civ 1] Romans (despotism): 1 cities, 4 units, 21g, 4 techs, researching Map Making (12/52)
    Rome: size=2, prod=Horsemen (9sh), bldgs=Palace
    Units: 2x Warriors, 2x Horsemen
  [Civ 2] Babylonians (despotism): 1 cities, 4 units, 20g, 4 techs, researching Masonry (21/52)
    Babylon: size=2, prod=Horsemen (16sh), bldgs=Palace
    Units: 1x Warriors, 1x Settlers, 2x Horsemen
  [Civ 3] Germans (despotism): 1 cities, 2 units, 20g, 4 techs, researching Map Making (21/52)
    Berlin: size=2, prod=building:2 (6sh), bldgs=Palace
    Units: 1x Warriors, 1x Horsemen
  [Civ 4] Egyptians (despotism): 1 cities, 4 units, 0g, 4 techs, researching Masonry (14/52)
    Thebes: size=1, prod=Warriors (0sh), bldgs=Palace
    Units: 1x Settlers, 1x Horsemen, 2x Warriors
  [Civ 1] Romans turn: 0 actions — idle
    END_TURN REJECTED: 3 units still need orders
      #1 Warriors(Atk) @(29,22) mv=3 ord=none hp=full
      #27 Horsemen(Atk) @(29,22) mv=6 ord=none hp=full
      #32 Horsemen(Atk) @(30,38) mv=6 ord=none hp=full
    END_TURN REJECTED: 3 units still need orders
      #3 Warriors(Atk) @(32,73) mv=3 ord=none hp=full
      #10 Horsemen(Atk) @(32,73) mv=6 ord=none hp=full
      #28 Horsemen(Atk) @(31,71) mv=6 ord=none hp=full
    END_TURN REJECTED: 2 units still need orders
      #29 Warriors(Atk) @(5,11) mv=3 ord=none hp=full
      #34 Warriors(Atk) @(5,11) mv=3 ord=none hp=full

══════════════════════════════════════════════════════════════════════
  TURN 17 — 3680 B.C. (4ms)
══════════════════════════════════════════════════════════════════════
  [Civ 1] Romans (despotism): 1 cities, 4 units, 23g, 4 techs, researching Map Making (15/52)
    Rome: size=2, prod=Horsemen (12sh), bldgs=Palace
    Units: 2x Warriors, 2x Horsemen
  [Civ 2] Babylonians (despotism): 1 cities, 4 units, 22g, 4 techs, researching Masonry (24/52)
    Babylon: size=2, prod=Horsemen (19sh), bldgs=Palace
    Units: 1x Warriors, 1x Settlers, 2x Horsemen
  [Civ 3] Germans (despotism): 1 cities, 2 units, 22g, 4 techs, researching Map Making (24/52)
    Berlin: size=2, prod=building:2 (9sh), bldgs=Palace
    Units: 1x Warriors, 1x Horsemen
  [Civ 4] Egyptians (despotism): 1 cities, 4 units, 0g, 4 techs, researching Masonry (14/52)
    Thebes: size=1, prod=Warriors (1sh), bldgs=Palace
    Units: 1x Settlers, 1x Horsemen, 2x Warriors
  [Civ 1] Romans turn: 0 actions — idle
    END_TURN REJECTED: 3 units still need orders
      #1 Warriors(Atk) @(29,22) mv=3 ord=none hp=full
      #27 Horsemen(Atk) @(29,22) mv=6 ord=none hp=full
      #32 Horsemen(Atk) @(30,38) mv=6 ord=none hp=full
    END_TURN REJECTED: 3 units still need orders
      #3 Warriors(Atk) @(32,73) mv=3 ord=none hp=full
      #10 Horsemen(Atk) @(32,73) mv=6 ord=none hp=full
      #28 Horsemen(Atk) @(31,71) mv=6 ord=none hp=full
    END_TURN REJECTED: 2 units still need orders
      #29 Warriors(Atk) @(5,11) mv=3 ord=none hp=full
      #34 Warriors(Atk) @(5,11) mv=3 ord=none hp=full

══════════════════════════════════════════════════════════════════════
  TURN 18 — 3660 B.C. (3ms)
══════════════════════════════════════════════════════════════════════
  [Civ 1] Romans (despotism): 1 cities, 4 units, 25g, 4 techs, researching Map Making (18/52)
    Rome: size=2, prod=Horsemen (15sh), bldgs=Palace
    Units: 2x Warriors, 2x Horsemen
  [Civ 2] Babylonians (despotism): 1 cities, 5 units, 24g, 4 techs, researching Masonry (27/52)
    Babylon: size=2, prod=Horsemen (2sh), bldgs=Palace
    Units: 1x Warriors, 1x Settlers, 3x Horsemen
  [Civ 3] Germans (despotism): 1 cities, 2 units, 24g, 4 techs, researching Map Making (27/52)
    Berlin: size=2, prod=building:2 (12sh), bldgs=Palace
    Units: 1x Warriors, 1x Horsemen
  [Civ 4] Egyptians (despotism): 1 cities, 4 units, 0g, 4 techs, researching Masonry (14/52)
    Thebes: size=1, prod=Warriors (2sh), bldgs=Palace
    Units: 1x Settlers, 1x Horsemen, 2x Warriors
  [Civ 1] Romans turn: 0 actions — idle
    END_TURN REJECTED: 3 units still need orders
      #1 Warriors(Atk) @(29,22) mv=3 ord=none hp=full
      #27 Horsemen(Atk) @(29,22) mv=6 ord=none hp=full
      #32 Horsemen(Atk) @(30,38) mv=6 ord=none hp=full
    END_TURN REJECTED: 4 units still need orders
      #3 Warriors(Atk) @(32,73) mv=3 ord=none hp=full
      #10 Horsemen(Atk) @(32,73) mv=6 ord=none hp=full
      #28 Horsemen(Atk) @(31,71) mv=6 ord=none hp=full
      #35 Horsemen(Atk) @(31,71) mv=6 ord=none hp=full
    END_TURN REJECTED: 2 units still need orders
      #29 Warriors(Atk) @(5,11) mv=3 ord=none hp=full
      #34 Warriors(Atk) @(5,11) mv=3 ord=none hp=full

══════════════════════════════════════════════════════════════════════
  TURN 19 — 3640 B.C. (3ms)
══════════════════════════════════════════════════════════════════════
  [Civ 1] Romans (despotism): 1 cities, 4 units, 27g, 4 techs, researching Map Making (21/52)
    Rome: size=2, prod=Horsemen (18sh), bldgs=Palace
    Units: 2x Warriors, 2x Horsemen
  [Civ 2] Babylonians (despotism): 1 cities, 5 units, 26g, 4 techs, researching Masonry (30/52)
    Babylon: size=2, prod=Horsemen (5sh), bldgs=Palace
    Units: 1x Warriors, 1x Settlers, 3x Horsemen
  [Civ 3] Germans (despotism): 1 cities, 2 units, 26g, 4 techs, researching Map Making (30/52)
    Berlin: size=2, prod=building:2 (15sh), bldgs=Palace
    Units: 1x Warriors, 1x Horsemen
  [Civ 4] Egyptians (despotism): 1 cities, 4 units, 0g, 4 techs, researching Masonry (14/52)
    Thebes: size=1, prod=Warriors (3sh), bldgs=Palace
    Units: 1x Settlers, 1x Horsemen, 2x Warriors
  [Civ 1] Romans turn: 0 actions — idle
    END_TURN REJECTED: 3 units still need orders
      #1 Warriors(Atk) @(29,22) mv=3 ord=none hp=full
      #27 Horsemen(Atk) @(29,22) mv=6 ord=none hp=full
      #32 Horsemen(Atk) @(30,38) mv=6 ord=none hp=full
    END_TURN REJECTED: 4 units still need orders
      #3 Warriors(Atk) @(32,73) mv=3 ord=none hp=full
      #10 Horsemen(Atk) @(32,73) mv=6 ord=none hp=full
      #28 Horsemen(Atk) @(31,71) mv=6 ord=none hp=full
      #35 Horsemen(Atk) @(31,71) mv=6 ord=none hp=full
    END_TURN REJECTED: 2 units still need orders
      #29 Warriors(Atk) @(5,11) mv=3 ord=none hp=full
      #34 Warriors(Atk) @(5,11) mv=3 ord=none hp=full

══════════════════════════════════════════════════════════════════════
  TURN 20 — 3620 B.C. (4ms)
══════════════════════════════════════════════════════════════════════
  [Civ 1] Romans (despotism): 1 cities, 5 units, 29g, 4 techs, researching Map Making (23/52)
    Rome: size=2, prod=Horsemen (1sh), bldgs=Palace
    Units: 2x Warriors, 3x Horsemen
  [Civ 2] Babylonians (despotism): 1 cities, 5 units, 28g, 4 techs, researching Masonry (33/52)
    Babylon: size=2, prod=Horsemen (8sh), bldgs=Palace
    Units: 1x Warriors, 1x Settlers, 3x Horsemen
  [Civ 3] Germans (despotism): 1 cities, 2 units, 28g, 4 techs, researching Map Making (33/52)
    Berlin: size=2, prod=building:2 (18sh), bldgs=Palace
    Units: 1x Warriors, 1x Horsemen
  [Civ 4] Egyptians (despotism): 1 cities, 4 units, 0g, 4 techs, researching Masonry (14/52)
    Thebes: size=1, prod=Warriors (4sh), bldgs=Palace
    Units: 1x Settlers, 1x Horsemen, 2x Warriors
  [Civ 1] Romans turn: 0 actions — idle
    END_TURN REJECTED: 3 units still need orders
      #1 Warriors(Atk) @(29,22) mv=3 ord=none hp=full
      #27 Horsemen(Atk) @(29,22) mv=6 ord=none hp=full
      #32 Horsemen(Atk) @(30,38) mv=6 ord=none hp=full
    END_TURN REJECTED: 4 units still need orders
      #3 Warriors(Atk) @(32,73) mv=3 ord=none hp=full
      #10 Horsemen(Atk) @(32,73) mv=6 ord=none hp=full
      #28 Horsemen(Atk) @(31,71) mv=6 ord=none hp=full
      #35 Horsemen(Atk) @(31,71) mv=6 ord=none hp=full
    >>> Thebes grew to size 2
    END_TURN REJECTED: 2 units still need orders
      #29 Warriors(Atk) @(5,11) mv=3 ord=none hp=full
      #34 Warriors(Atk) @(5,11) mv=3 ord=none hp=full

══════════════════════════════════════════════════════════════════════
  TURN 21 — 3600 B.C. (4ms)
══════════════════════════════════════════════════════════════════════
  [Civ 1] Romans (despotism): 1 cities, 5 units, 31g, 4 techs, researching Map Making (25/52)
    Rome: size=2, prod=Horsemen (3sh), bldgs=Palace
    Units: 2x Warriors, 3x Horsemen
  [Civ 2] Babylonians (despotism): 1 cities, 5 units, 30g, 4 techs, researching Masonry (36/52)
    Babylon: size=2, prod=Horsemen (11sh), bldgs=Palace
    Units: 1x Warriors, 1x Settlers, 3x Horsemen
  [Civ 3] Germans (despotism): 1 cities, 2 units, 30g, 4 techs, researching Map Making (36/52)
    Berlin: size=2, prod=building:2 (21sh), bldgs=Palace
    Units: 1x Warriors, 1x Horsemen
  [Civ 4] Egyptians (despotism): 1 cities, 4 units, 0g, 4 techs, researching Masonry (15/52)
    Thebes: size=2, prod=Warriors (7sh), bldgs=Palace
    Units: 1x Settlers, 1x Horsemen, 2x Warriors
  [Civ 1] Romans turn: 0 actions — idle
    END_TURN REJECTED: 4 units still need orders
      #1 Warriors(Atk) @(29,22) mv=3 ord=none hp=full
      #27 Horsemen(Atk) @(29,22) mv=6 ord=none hp=full
      #32 Horsemen(Atk) @(30,38) mv=6 ord=none hp=full
      #36 Horsemen(Atk) @(30,38) mv=6 ord=none hp=full
    END_TURN REJECTED: 4 units still need orders
      #3 Warriors(Atk) @(32,73) mv=3 ord=none hp=full
      #10 Horsemen(Atk) @(32,73) mv=6 ord=none hp=full
      #28 Horsemen(Atk) @(31,71) mv=6 ord=none hp=full
      #35 Horsemen(Atk) @(31,71) mv=6 ord=none hp=full
    >>> Thebes built Warriors
    END_TURN REJECTED: 2 units still need orders
      #29 Warriors(Atk) @(5,11) mv=3 ord=none hp=full
      #34 Warriors(Atk) @(5,11) mv=3 ord=none hp=full

══════════════════════════════════════════════════════════════════════
  TURN 22 — 3580 B.C. (3ms)
══════════════════════════════════════════════════════════════════════
  [Civ 1] Romans (despotism): 1 cities, 5 units, 33g, 4 techs, researching Map Making (27/52)
    Rome: size=2, prod=Horsemen (5sh), bldgs=Palace
    Units: 2x Warriors, 3x Horsemen
  [Civ 2] Babylonians (despotism): 1 cities, 5 units, 32g, 4 techs, researching Masonry (39/52)
    Babylon: size=2, prod=Horsemen (14sh), bldgs=Palace
    Units: 1x Warriors, 1x Settlers, 3x Horsemen
  [Civ 3] Germans (despotism): 1 cities, 2 units, 32g, 4 techs, researching Map Making (39/52)
    Berlin: size=2, prod=building:2 (24sh), bldgs=Palace
    Units: 1x Warriors, 1x Horsemen
  [Civ 4] Egyptians (despotism): 1 cities, 5 units, 0g, 4 techs, researching Masonry (15/52)
    Thebes: size=2, prod=Warriors (0sh), bldgs=Palace
    Units: 1x Settlers, 1x Horsemen, 3x Warriors
  [Civ 1] Romans turn: 0 actions — idle
    END_TURN REJECTED: 4 units still need orders
      #1 Warriors(Atk) @(29,22) mv=3 ord=none hp=full
      #27 Horsemen(Atk) @(29,22) mv=6 ord=none hp=full
      #32 Horsemen(Atk) @(30,38) mv=6 ord=none hp=full
      #36 Horsemen(Atk) @(30,38) mv=6 ord=none hp=full
    END_TURN REJECTED: 4 units still need orders
      #3 Warriors(Atk) @(32,73) mv=3 ord=none hp=full
      #10 Horsemen(Atk) @(32,73) mv=6 ord=none hp=full
      #28 Horsemen(Atk) @(31,71) mv=6 ord=none hp=full
      #35 Horsemen(Atk) @(31,71) mv=6 ord=none hp=full
    END_TURN REJECTED: 3 units still need orders
      #29 Warriors(Atk) @(5,11) mv=3 ord=none hp=full
      #34 Warriors(Atk) @(5,11) mv=3 ord=none hp=full
      #37 Warriors(Atk) @(5,11) mv=3 ord=none hp=full

══════════════════════════════════════════════════════════════════════
  TURN 23 — 3560 B.C. (3ms)
══════════════════════════════════════════════════════════════════════
  [Civ 1] Romans (despotism): 1 cities, 5 units, 35g, 4 techs, researching Map Making (29/52)
    Rome: size=2, prod=Horsemen (7sh), bldgs=Palace
    Units: 2x Warriors, 3x Horsemen
  [Civ 2] Babylonians (despotism): 1 cities, 5 units, 34g, 4 techs, researching Masonry (42/52)
    Babylon: size=2, prod=Horsemen (17sh), bldgs=Palace
    Units: 1x Warriors, 1x Settlers, 3x Horsemen
  [Civ 3] Germans (despotism): 1 cities, 2 units, 34g, 4 techs, researching Map Making (42/52)
    Berlin: size=2, prod=building:2 (27sh), bldgs=Palace
    Units: 1x Warriors, 1x Horsemen
  [Civ 4] Egyptians (despotism): 1 cities, 5 units, 0g, 4 techs, researching Masonry (15/52)
    Thebes: size=2, prod=Warriors (2sh), bldgs=Palace
    Units: 1x Settlers, 1x Horsemen, 3x Warriors
  [Civ 1] Romans turn: 0 actions — idle
    END_TURN REJECTED: 4 units still need orders
      #1 Warriors(Atk) @(29,22) mv=3 ord=none hp=full
      #27 Horsemen(Atk) @(29,22) mv=6 ord=none hp=full
      #32 Horsemen(Atk) @(30,38) mv=6 ord=none hp=full
      #36 Horsemen(Atk) @(30,38) mv=6 ord=none hp=full
    END_TURN REJECTED: 4 units still need orders
      #3 Warriors(Atk) @(32,73) mv=3 ord=none hp=full
      #10 Horsemen(Atk) @(32,73) mv=6 ord=none hp=full
      #28 Horsemen(Atk) @(31,71) mv=6 ord=none hp=full
      #35 Horsemen(Atk) @(31,71) mv=6 ord=none hp=full
    END_TURN REJECTED: 3 units still need orders
      #29 Warriors(Atk) @(5,11) mv=3 ord=none hp=full
      #34 Warriors(Atk) @(5,11) mv=3 ord=none hp=full
      #37 Warriors(Atk) @(5,11) mv=3 ord=none hp=full

══════════════════════════════════════════════════════════════════════
  TURN 24 — 3540 B.C. (4ms)
══════════════════════════════════════════════════════════════════════
  [Civ 1] Romans (despotism): 1 cities, 5 units, 37g, 4 techs, researching Map Making (31/52)
    Rome: size=2, prod=Horsemen (9sh), bldgs=Palace
    Units: 2x Warriors, 3x Horsemen
  [Civ 2] Babylonians (despotism): 1 cities, 6 units, 36g, 4 techs, researching Masonry (44/52)
    Babylon: size=2, prod=Horsemen (0sh), bldgs=Palace
    Units: 1x Warriors, 1x Settlers, 4x Horsemen
  [Civ 3] Germans (despotism): 1 cities, 2 units, 36g, 4 techs, researching Map Making (45/52)
    Berlin: size=2, prod=building:2 (30sh), bldgs=Palace
    Units: 1x Warriors, 1x Horsemen
  [Civ 4] Egyptians (despotism): 1 cities, 5 units, 0g, 4 techs, researching Masonry (15/52)
    Thebes: size=2, prod=Warriors (4sh), bldgs=Palace
    Units: 1x Settlers, 1x Horsemen, 3x Warriors
  [Civ 1] Romans turn: 0 actions — idle
    END_TURN REJECTED: 4 units still need orders
      #1 Warriors(Atk) @(29,22) mv=3 ord=none hp=full
      #27 Horsemen(Atk) @(29,22) mv=6 ord=none hp=full
      #32 Horsemen(Atk) @(30,38) mv=6 ord=none hp=full
      #36 Horsemen(Atk) @(30,38) mv=6 ord=none hp=full
    END_TURN REJECTED: 5 units still need orders
      #3 Warriors(Atk) @(32,73) mv=3 ord=none hp=full
      #10 Horsemen(Atk) @(32,73) mv=6 ord=none hp=full
      #28 Horsemen(Atk) @(31,71) mv=6 ord=none hp=full
      #35 Horsemen(Atk) @(31,71) mv=6 ord=none hp=full
      #38 Horsemen(Atk) @(31,71) mv=6 ord=none hp=full
    END_TURN REJECTED: 3 units still need orders
      #29 Warriors(Atk) @(5,11) mv=3 ord=none hp=full
      #34 Warriors(Atk) @(5,11) mv=3 ord=none hp=full
      #37 Warriors(Atk) @(5,11) mv=3 ord=none hp=full

══════════════════════════════════════════════════════════════════════
  TURN 25 — 3520 B.C. (3ms)
══════════════════════════════════════════════════════════════════════
  [Civ 1] Romans (despotism): 1 cities, 5 units, 39g, 4 techs, researching Map Making (35/52)
    Rome: size=3, prod=Horsemen (13sh), bldgs=Palace
    Units: 2x Warriors, 3x Horsemen
  [Civ 2] Babylonians (despotism): 1 cities, 6 units, 38g, 4 techs, researching Masonry (46/52)
    Babylon: size=2, prod=Horsemen (2sh), bldgs=Palace
    Units: 1x Warriors, 1x Settlers, 4x Horsemen
  [Civ 3] Germans (despotism): 1 cities, 2 units, 38g, 4 techs, researching Map Making (48/52)
    Berlin: size=2, prod=building:2 (33sh), bldgs=Palace
    Units: 1x Warriors, 1x Horsemen
  [Civ 4] Egyptians (despotism): 1 cities, 5 units, 0g, 4 techs, researching Masonry (15/52)
    Thebes: size=2, prod=Warriors (6sh), bldgs=Palace
    Units: 1x Settlers, 1x Horsemen, 3x Warriors
  [Civ 1] Romans turn: 0 actions — idle
    END_TURN REJECTED: 4 units still need orders
      #1 Warriors(Atk) @(29,22) mv=3 ord=none hp=full
      #27 Horsemen(Atk) @(29,22) mv=6 ord=none hp=full
      #32 Horsemen(Atk) @(30,38) mv=6 ord=none hp=full
      #36 Horsemen(Atk) @(30,38) mv=6 ord=none hp=full
    END_TURN REJECTED: 5 units still need orders
      #3 Warriors(Atk) @(32,73) mv=3 ord=none hp=full
      #10 Horsemen(Atk) @(32,73) mv=6 ord=none hp=full
      #28 Horsemen(Atk) @(31,71) mv=6 ord=none hp=full
      #35 Horsemen(Atk) @(31,71) mv=6 ord=none hp=full
      #38 Horsemen(Atk) @(31,71) mv=6 ord=none hp=full
    SET_RESEARCH tech=Code of Laws
    END_TURN REJECTED: 3 units still need orders
      #29 Warriors(Atk) @(5,11) mv=3 ord=none hp=full
      #34 Warriors(Atk) @(5,11) mv=3 ord=none hp=full
      #37 Warriors(Atk) @(5,11) mv=3 ord=none hp=full

══════════════════════════════════════════════════════════════════════
  TURN 26 — 3500 B.C. (4ms)
══════════════════════════════════════════════════════════════════════
  [Civ 1] Romans (despotism): 1 cities, 5 units, 41g, 4 techs, researching Map Making (39/48)
    Rome: size=3, prod=Horsemen (17sh), bldgs=Palace
    Units: 2x Warriors, 3x Horsemen
  [Civ 2] Babylonians (despotism): 1 cities, 6 units, 40g, 4 techs, researching Masonry (50/48)
    Babylon: size=3, prod=Horsemen (6sh), bldgs=Palace
    Units: 1x Warriors, 1x Settlers, 4x Horsemen
  [Civ 3] Germans (despotism): 1 cities, 2 units, 38g, 5 techs, researching Code of Laws (0/70)
    Berlin: size=3, prod=building:2 (37sh), bldgs=Palace
    Units: 1x Warriors, 1x Horsemen
  [Civ 4] Egyptians (despotism): 1 cities, 5 units, 0g, 4 techs, researching Masonry (15/48)
    Thebes: size=2, prod=Warriors (8sh), bldgs=Palace
    Units: 1x Settlers, 1x Horsemen, 3x Warriors
  [Civ 1] Romans turn: 0 actions — idle
    END_TURN REJECTED: 4 units still need orders
      #1 Warriors(Atk) @(29,22) mv=3 ord=none hp=full
      #27 Horsemen(Atk) @(29,22) mv=6 ord=none hp=full
      #32 Horsemen(Atk) @(30,38) mv=6 ord=none hp=full
      #36 Horsemen(Atk) @(30,38) mv=6 ord=none hp=full
    SET_RESEARCH tech=Code of Laws
    END_TURN REJECTED: 5 units still need orders
      #3 Warriors(Atk) @(32,73) mv=3 ord=none hp=full
      #10 Horsemen(Atk) @(32,73) mv=6 ord=none hp=full
      #28 Horsemen(Atk) @(31,71) mv=6 ord=none hp=full
      #35 Horsemen(Atk) @(31,71) mv=6 ord=none hp=full
      #38 Horsemen(Atk) @(31,71) mv=6 ord=none hp=full
    CHANGE_PRODUCTION city=2
    >>> Thebes built Warriors
    END_TURN REJECTED: 3 units still need orders
      #29 Warriors(Atk) @(5,11) mv=3 ord=none hp=full
      #34 Warriors(Atk) @(5,11) mv=3 ord=none hp=full
      #37 Warriors(Atk) @(5,11) mv=3 ord=none hp=full

══════════════════════════════════════════════════════════════════════
  TURN 27 — 3480 B.C. (6ms)
══════════════════════════════════════════════════════════════════════
  [Civ 1] Romans (despotism): 1 cities, 6 units, 43g, 4 techs, researching Map Making (42/48)
    Rome: size=3, prod=Horsemen (1sh), bldgs=Palace
    Units: 2x Warriors, 4x Horsemen
  [Civ 2] Babylonians (despotism): 1 cities, 6 units, 40g, 5 techs, researching Code of Laws (0/70)
    Babylon: size=3, prod=Horsemen (10sh), bldgs=Palace
    Units: 1x Warriors, 1x Settlers, 4x Horsemen
  [Civ 3] Germans (despotism): 1 cities, 2 units, 39g, 5 techs, researching Code of Laws (4/70)
    Berlin: size=3, prod=Settlers (0sh), bldgs=Palace, Barracks
    Units: 1x Warriors, 1x Horsemen
  [Civ 4] Egyptians (despotism): 1 cities, 6 units, 0g, 4 techs, researching Masonry (15/48)
    Thebes: size=2, prod=Warriors (0sh), bldgs=Palace
    Units: 1x Settlers, 1x Horsemen, 4x Warriors
  [Civ 1] Romans turn: 0 actions — idle
    END_TURN REJECTED: 4 units still need orders
      #1 Warriors(Atk) @(29,22) mv=3 ord=none hp=full
      #27 Horsemen(Atk) @(29,22) mv=6 ord=none hp=full
      #32 Horsemen(Atk) @(30,38) mv=6 ord=none hp=full
      #36 Horsemen(Atk) @(30,38) mv=6 ord=none hp=full
    END_TURN REJECTED: 5 units still need orders
      #3 Warriors(Atk) @(32,73) mv=3 ord=none hp=full
      #10 Horsemen(Atk) @(32,73) mv=6 ord=none hp=full
      #28 Horsemen(Atk) @(31,71) mv=6 ord=none hp=full
      #35 Horsemen(Atk) @(31,71) mv=6 ord=none hp=full
      #38 Horsemen(Atk) @(31,71) mv=6 ord=none hp=full
    END_TURN REJECTED: 4 units still need orders
      #29 Warriors(Atk) @(5,11) mv=3 ord=none hp=full
      #34 Warriors(Atk) @(5,11) mv=3 ord=none hp=full
      #37 Warriors(Atk) @(5,11) mv=3 ord=none hp=full
      #39 Warriors(Atk) @(5,11) mv=3 ord=none hp=full

══════════════════════════════════════════════════════════════════════
  TURN 28 — 3460 B.C. (4ms)
══════════════════════════════════════════════════════════════════════
  [Civ 1] Romans (despotism): 1 cities, 6 units, 45g, 4 techs, researching Map Making (45/48)
    Rome: size=3, prod=Horsemen (4sh), bldgs=Palace
    Units: 2x Warriors, 4x Horsemen
  [Civ 2] Babylonians (despotism): 1 cities, 6 units, 42g, 5 techs, researching Code of Laws (4/70)
    Babylon: size=3, prod=Horsemen (14sh), bldgs=Palace
    Units: 1x Warriors, 1x Settlers, 4x Horsemen
  [Civ 3] Germans (despotism): 1 cities, 2 units, 40g, 5 techs, researching Code of Laws (8/70)
    Berlin: size=3, prod=Settlers (4sh), bldgs=Palace, Barracks
    Units: 1x Warriors, 1x Horsemen
  [Civ 4] Egyptians (despotism): 1 cities, 6 units, 0g, 4 techs, researching Masonry (15/48)
    Thebes: size=2, prod=Warriors (1sh), bldgs=Palace
    Units: 1x Settlers, 1x Horsemen, 4x Warriors
  [Civ 1] Romans turn: 0 actions — idle
    END_TURN REJECTED: 5 units still need orders
      #1 Warriors(Atk) @(29,22) mv=3 ord=none hp=full
      #27 Horsemen(Atk) @(29,22) mv=6 ord=none hp=full
      #32 Horsemen(Atk) @(30,38) mv=6 ord=none hp=full
      #36 Horsemen(Atk) @(30,38) mv=6 ord=none hp=full
      #40 Horsemen(Atk) @(30,38) mv=6 ord=none hp=full
    END_TURN REJECTED: 5 units still need orders
      #3 Warriors(Atk) @(32,73) mv=3 ord=none hp=full
      #10 Horsemen(Atk) @(32,73) mv=6 ord=none hp=full
      #28 Horsemen(Atk) @(31,71) mv=6 ord=none hp=full
      #35 Horsemen(Atk) @(31,71) mv=6 ord=none hp=full
      #38 Horsemen(Atk) @(31,71) mv=6 ord=none hp=full
    END_TURN REJECTED: 4 units still need orders
      #29 Warriors(Atk) @(5,11) mv=3 ord=none hp=full
      #34 Warriors(Atk) @(5,11) mv=3 ord=none hp=full
      #37 Warriors(Atk) @(5,11) mv=3 ord=none hp=full
      #39 Warriors(Atk) @(5,11) mv=3 ord=none hp=full

══════════════════════════════════════════════════════════════════════
  TURN 29 — 3440 B.C. (4ms)
══════════════════════════════════════════════════════════════════════
  [Civ 1] Romans (despotism): 1 cities, 6 units, 45g, 5 techs, researching none (0/70)
    Rome: size=3, prod=Horsemen (7sh), bldgs=Palace
    Units: 2x Warriors, 4x Horsemen
  [Civ 2] Babylonians (despotism): 1 cities, 6 units, 44g, 5 techs, researching Code of Laws (8/70)
    Babylon: size=3, prod=Horsemen (18sh), bldgs=Palace
    Units: 1x Warriors, 1x Settlers, 4x Horsemen
  [Civ 3] Germans (despotism): 1 cities, 2 units, 41g, 5 techs, researching Code of Laws (12/70)
    Berlin: size=3, prod=Settlers (8sh), bldgs=Palace, Barracks
    Units: 1x Warriors, 1x Horsemen
  [Civ 4] Egyptians (despotism): 1 cities, 6 units, 0g, 4 techs, researching Masonry (15/48)
    Thebes: size=2, prod=Warriors (2sh), bldgs=Palace
    Units: 1x Settlers, 1x Horsemen, 4x Warriors
  [Civ 1] Romans turn: 1 actions — SET_RESEARCH(1)
    SET_RESEARCH tech=Warrior Code
    END_TURN REJECTED: 5 units still need orders
      #1 Warriors(Atk) @(29,22) mv=3 ord=none hp=full
      #27 Horsemen(Atk) @(29,22) mv=6 ord=none hp=full
      #32 Horsemen(Atk) @(30,38) mv=6 ord=none hp=full
      #36 Horsemen(Atk) @(30,38) mv=6 ord=none hp=full
      #40 Horsemen(Atk) @(30,38) mv=6 ord=none hp=full
    END_TURN REJECTED: 5 units still need orders
      #3 Warriors(Atk) @(32,73) mv=3 ord=none hp=full
      #10 Horsemen(Atk) @(32,73) mv=6 ord=none hp=full
      #28 Horsemen(Atk) @(31,71) mv=6 ord=none hp=full
      #35 Horsemen(Atk) @(31,71) mv=6 ord=none hp=full
      #38 Horsemen(Atk) @(31,71) mv=6 ord=none hp=full
    END_TURN REJECTED: 4 units still need orders
      #29 Warriors(Atk) @(5,11) mv=3 ord=none hp=full
      #34 Warriors(Atk) @(5,11) mv=3 ord=none hp=full
      #37 Warriors(Atk) @(5,11) mv=3 ord=none hp=full
      #39 Warriors(Atk) @(5,11) mv=3 ord=none hp=full

══════════════════════════════════════════════════════════════════════
  TURN 30 — 3420 B.C. (4ms)
══════════════════════════════════════════════════════════════════════
  [Civ 1] Romans (despotism): 1 cities, 6 units, 47g, 5 techs, researching Warrior Code (3/70)
    Rome: size=3, prod=Horsemen (10sh), bldgs=Palace
    Units: 2x Warriors, 4x Horsemen
  [Civ 2] Babylonians (despotism): 1 cities, 7 units, 46g, 5 techs, researching Code of Laws (11/70)
    Babylon: size=3, prod=Horsemen (2sh), bldgs=Palace
    Units: 1x Warriors, 1x Settlers, 5x Horsemen
  [Civ 3] Germans (despotism): 1 cities, 2 units, 42g, 5 techs, researching Code of Laws (16/70)
    Berlin: size=3, prod=Settlers (12sh), bldgs=Palace, Barracks
    Units: 1x Warriors, 1x Horsemen
  [Civ 4] Egyptians (despotism): 1 cities, 6 units, 0g, 4 techs, researching Masonry (15/48)
    Thebes: size=2, prod=Warriors (3sh), bldgs=Palace
    Units: 1x Settlers, 1x Horsemen, 4x Warriors
  [Civ 1] Romans turn: 0 actions — idle
    END_TURN REJECTED: 5 units still need orders
      #1 Warriors(Atk) @(29,22) mv=3 ord=none hp=full
      #27 Horsemen(Atk) @(29,22) mv=6 ord=none hp=full
      #32 Horsemen(Atk) @(30,38) mv=6 ord=none hp=full
      #36 Horsemen(Atk) @(30,38) mv=6 ord=none hp=full
      #40 Horsemen(Atk) @(30,38) mv=6 ord=none hp=full
    END_TURN REJECTED: 6 units still need orders
      #3 Warriors(Atk) @(32,73) mv=3 ord=none hp=full
      #10 Horsemen(Atk) @(32,73) mv=6 ord=none hp=full
      #28 Horsemen(Atk) @(31,71) mv=6 ord=none hp=full
      #35 Horsemen(Atk) @(31,71) mv=6 ord=none hp=full
      #38 Horsemen(Atk) @(31,71) mv=6 ord=none hp=full
    END_TURN REJECTED: 4 units still need orders
      #29 Warriors(Atk) @(5,11) mv=3 ord=none hp=full
      #34 Warriors(Atk) @(5,11) mv=3 ord=none hp=full
      #37 Warriors(Atk) @(5,11) mv=3 ord=none hp=full
      #39 Warriors(Atk) @(5,11) mv=3 ord=none hp=full

══════════════════════════════════════════════════════════════════════
  TURN 31 — 3400 B.C. (4ms)
══════════════════════════════════════════════════════════════════════
  [Civ 1] Romans (despotism): 1 cities, 6 units, 49g, 5 techs, researching Warrior Code (6/65)
    Rome: size=3, prod=Horsemen (13sh), bldgs=Palace
    Units: 2x Warriors, 4x Horsemen
  [Civ 2] Babylonians (despotism): 1 cities, 7 units, 48g, 6 techs, researching Code of Laws (14/84)
    Babylon: size=3, prod=Horsemen (5sh), bldgs=Palace
    Units: 1x Warriors, 1x Settlers, 5x Horsemen
  [Civ 3] Germans (despotism): 1 cities, 2 units, 43g, 5 techs, researching Code of Laws (20/65)
    Berlin: size=3, prod=Settlers (16sh), bldgs=Palace, Barracks
    Units: 1x Warriors, 1x Horsemen
  [Civ 4] Egyptians (despotism): 1 cities, 6 units, 0g, 5 techs, researching Masonry (15/65)
    Thebes: size=2, prod=Warriors (4sh), bldgs=Palace
    Units: 1x Settlers, 1x Horsemen, 4x Warriors
  [Civ 1] Romans turn: 0 actions — idle
    END_TURN REJECTED: 5 units still need orders
      #1 Warriors(Atk) @(29,22) mv=3 ord=none hp=full
      #27 Horsemen(Atk) @(29,22) mv=6 ord=none hp=full
      #32 Horsemen(Atk) @(30,38) mv=6 ord=none hp=full
      #36 Horsemen(Atk) @(30,38) mv=6 ord=none hp=full
      #40 Horsemen(Atk) @(30,38) mv=6 ord=none hp=full
    END_TURN REJECTED: 6 units still need orders
      #3 Warriors(Atk) @(32,73) mv=3 ord=none hp=full
      #10 Horsemen(Atk) @(32,73) mv=6 ord=none hp=full
      #28 Horsemen(Atk) @(31,71) mv=6 ord=none hp=full
      #35 Horsemen(Atk) @(31,71) mv=6 ord=none hp=full
      #38 Horsemen(Atk) @(31,71) mv=6 ord=none hp=full
    END_TURN REJECTED: 4 units still need orders
      #29 Warriors(Atk) @(5,11) mv=3 ord=none hp=full
      #34 Warriors(Atk) @(5,11) mv=3 ord=none hp=full
      #37 Warriors(Atk) @(5,11) mv=3 ord=none hp=full
      #39 Warriors(Atk) @(5,11) mv=3 ord=none hp=full

══════════════════════════════════════════════════════════════════════
  TURN 32 — 3380 B.C. (3ms)
══════════════════════════════════════════════════════════════════════
  [Civ 1] Romans (despotism): 1 cities, 6 units, 51g, 5 techs, researching Warrior Code (9/65)
    Rome: size=3, prod=Horsemen (16sh), bldgs=Palace
    Units: 2x Warriors, 4x Horsemen
  [Civ 2] Babylonians (despotism): 1 cities, 7 units, 50g, 6 techs, researching Code of Laws (17/84)
    Babylon: size=3, prod=Horsemen (8sh), bldgs=Palace
    Units: 1x Warriors, 1x Settlers, 5x Horsemen
  [Civ 3] Germans (despotism): 1 cities, 2 units, 44g, 5 techs, researching Code of Laws (24/65)
    Berlin: size=3, prod=Settlers (20sh), bldgs=Palace, Barracks
    Units: 1x Warriors, 1x Horsemen
  [Civ 4] Egyptians (despotism): 1 cities, 6 units, 0g, 5 techs, researching Masonry (15/65)
    Thebes: size=2, prod=Warriors (5sh), bldgs=Palace
    Units: 1x Settlers, 1x Horsemen, 4x Warriors
  [Civ 1] Romans turn: 3 actions — ADJUST_ATTITUDE(3)
    ADJUST_ATTITUDE target=civ2
    ADJUST_ATTITUDE target=civ3
    ADJUST_ATTITUDE target=civ4
    END_TURN REJECTED: 5 units still need orders
      #1 Warriors(Atk) @(29,22) mv=3 ord=none hp=full
      #27 Horsemen(Atk) @(29,22) mv=6 ord=none hp=full
      #32 Horsemen(Atk) @(30,38) mv=6 ord=none hp=full
      #36 Horsemen(Atk) @(30,38) mv=6 ord=none hp=full
      #40 Horsemen(Atk) @(30,38) mv=6 ord=none hp=full
    ADJUST_ATTITUDE target=civ1
    ADJUST_ATTITUDE target=civ3
    ADJUST_ATTITUDE target=civ4
    END_TURN REJECTED: 6 units still need orders
      #3 Warriors(Atk) @(32,73) mv=3 ord=none hp=full
      #10 Horsemen(Atk) @(32,73) mv=6 ord=none hp=full
      #28 Horsemen(Atk) @(31,71) mv=6 ord=none hp=full
      #35 Horsemen(Atk) @(31,71) mv=6 ord=none hp=full
      #38 Horsemen(Atk) @(31,71) mv=6 ord=none hp=full
    ADJUST_ATTITUDE target=civ1
    ADJUST_ATTITUDE target=civ2
    ADJUST_ATTITUDE target=civ4
    ADJUST_ATTITUDE target=civ1
    ADJUST_ATTITUDE target=civ2
    ADJUST_ATTITUDE target=civ3
    END_TURN REJECTED: 4 units still need orders
      #29 Warriors(Atk) @(5,11) mv=3 ord=none hp=full
      #34 Warriors(Atk) @(5,11) mv=3 ord=none hp=full
      #37 Warriors(Atk) @(5,11) mv=3 ord=none hp=full
      #39 Warriors(Atk) @(5,11) mv=3 ord=none hp=full

══════════════════════════════════════════════════════════════════════
  TURN 33 — 3360 B.C. (5ms)
══════════════════════════════════════════════════════════════════════
  [Civ 1] Romans (despotism): 1 cities, 6 units, 53g, 5 techs, researching Warrior Code (12/65)
    Rome: size=3, prod=Horsemen (19sh), bldgs=Palace
    Units: 2x Warriors, 4x Horsemen
  [Civ 2] Babylonians (despotism): 1 cities, 7 units, 52g, 6 techs, researching Code of Laws (20/84)
    Babylon: size=3, prod=Horsemen (11sh), bldgs=Palace
    Units: 1x Warriors, 1x Settlers, 5x Horsemen
  [Civ 3] Germans (despotism): 1 cities, 2 units, 45g, 5 techs, researching Code of Laws (28/65)
    Berlin: size=3, prod=Settlers (24sh), bldgs=Palace, Barracks
    Units: 1x Warriors, 1x Horsemen
  [Civ 4] Egyptians (despotism): 1 cities, 6 units, 0g, 5 techs, researching Masonry (15/65)
    Thebes: size=2, prod=Warriors (6sh), bldgs=Palace
    Units: 1x Settlers, 1x Horsemen, 4x Warriors
  [Civ 1] Romans turn: 0 actions — idle
    END_TURN REJECTED: 5 units still need orders
      #1 Warriors(Atk) @(29,22) mv=3 ord=none hp=full
      #27 Horsemen(Atk) @(29,22) mv=6 ord=none hp=full
      #32 Horsemen(Atk) @(30,38) mv=6 ord=none hp=full
      #36 Horsemen(Atk) @(30,38) mv=6 ord=none hp=full
      #40 Horsemen(Atk) @(30,38) mv=6 ord=none hp=full
    END_TURN REJECTED: 6 units still need orders
      #3 Warriors(Atk) @(32,73) mv=3 ord=none hp=full
      #10 Horsemen(Atk) @(32,73) mv=6 ord=none hp=full
      #28 Horsemen(Atk) @(31,71) mv=6 ord=none hp=full
      #35 Horsemen(Atk) @(31,71) mv=6 ord=none hp=full
      #38 Horsemen(Atk) @(31,71) mv=6 ord=none hp=full
    END_TURN REJECTED: 4 units still need orders
      #29 Warriors(Atk) @(5,11) mv=3 ord=none hp=full
      #34 Warriors(Atk) @(5,11) mv=3 ord=none hp=full
      #37 Warriors(Atk) @(5,11) mv=3 ord=none hp=full
      #39 Warriors(Atk) @(5,11) mv=3 ord=none hp=full

══════════════════════════════════════════════════════════════════════
  TURN 34 — 3340 B.C. (4ms)
══════════════════════════════════════════════════════════════════════
  [Civ 1] Romans (despotism): 1 cities, 7 units, 55g, 5 techs, researching Warrior Code (15/65)
    Rome: size=3, prod=Horsemen (2sh), bldgs=Palace
    Units: 2x Warriors, 5x Horsemen
  [Civ 2] Babylonians (despotism): 1 cities, 7 units, 54g, 6 techs, researching Code of Laws (23/84)
    Babylon: size=3, prod=Horsemen (14sh), bldgs=Palace
    Units: 1x Warriors, 1x Settlers, 5x Horsemen
  [Civ 3] Germans (despotism): 1 cities, 2 units, 46g, 5 techs, researching Code of Laws (32/65)
    Berlin: size=3, prod=Settlers (28sh), bldgs=Palace, Barracks
    Units: 1x Warriors, 1x Horsemen
  [Civ 4] Egyptians (despotism): 1 cities, 6 units, 0g, 5 techs, researching Masonry (15/65)
    Thebes: size=2, prod=Warriors (7sh), bldgs=Palace
    Units: 1x Settlers, 1x Horsemen, 4x Warriors
  [Civ 1] Romans turn: 0 actions — idle
    END_TURN REJECTED: 5 units still need orders
      #1 Warriors(Atk) @(29,22) mv=3 ord=none hp=full
      #27 Horsemen(Atk) @(29,22) mv=6 ord=none hp=full
      #32 Horsemen(Atk) @(30,38) mv=6 ord=none hp=full
      #36 Horsemen(Atk) @(30,38) mv=6 ord=none hp=full
      #40 Horsemen(Atk) @(30,38) mv=6 ord=none hp=full
    END_TURN REJECTED: 6 units still need orders
      #3 Warriors(Atk) @(32,73) mv=3 ord=none hp=full
      #10 Horsemen(Atk) @(32,73) mv=6 ord=none hp=full
      #28 Horsemen(Atk) @(31,71) mv=6 ord=none hp=full
      #35 Horsemen(Atk) @(31,71) mv=6 ord=none hp=full
      #38 Horsemen(Atk) @(31,71) mv=6 ord=none hp=full
    END_TURN REJECTED: 4 units still need orders
      #29 Warriors(Atk) @(5,11) mv=3 ord=none hp=full
      #34 Warriors(Atk) @(5,11) mv=3 ord=none hp=full
      #37 Warriors(Atk) @(5,11) mv=3 ord=none hp=full
      #39 Warriors(Atk) @(5,11) mv=3 ord=none hp=full

══════════════════════════════════════════════════════════════════════
  TURN 35 — 3320 B.C. (3ms)
══════════════════════════════════════════════════════════════════════
  [Civ 1] Romans (despotism): 1 cities, 7 units, 57g, 5 techs, researching Warrior Code (18/65)
    Rome: size=3, prod=Horsemen (4sh), bldgs=Palace
    Units: 2x Warriors, 5x Horsemen
  [Civ 2] Babylonians (despotism): 1 cities, 7 units, 56g, 6 techs, researching Code of Laws (26/84)
    Babylon: size=3, prod=Horsemen (17sh), bldgs=Palace
    Units: 1x Warriors, 1x Settlers, 5x Horsemen
  [Civ 3] Germans (despotism): 1 cities, 2 units, 47g, 5 techs, researching Code of Laws (36/65)
    Berlin: size=3, prod=Settlers (32sh), bldgs=Palace, Barracks
    Units: 1x Warriors, 1x Horsemen
  [Civ 4] Egyptians (despotism): 1 cities, 6 units, 0g, 5 techs, researching Masonry (15/65)
    Thebes: size=2, prod=Warriors (8sh), bldgs=Palace
    Units: 1x Settlers, 1x Horsemen, 4x Warriors
  [Civ 1] Romans turn: 0 actions — idle
    END_TURN REJECTED: 6 units still need orders
      #1 Warriors(Atk) @(29,22) mv=3 ord=none hp=full
      #27 Horsemen(Atk) @(29,22) mv=6 ord=none hp=full
      #32 Horsemen(Atk) @(30,38) mv=6 ord=none hp=full
      #36 Horsemen(Atk) @(30,38) mv=6 ord=none hp=full
      #40 Horsemen(Atk) @(30,38) mv=6 ord=none hp=full
    END_TURN REJECTED: 6 units still need orders
      #3 Warriors(Atk) @(32,73) mv=3 ord=none hp=full
      #10 Horsemen(Atk) @(32,73) mv=6 ord=none hp=full
      #28 Horsemen(Atk) @(31,71) mv=6 ord=none hp=full
      #35 Horsemen(Atk) @(31,71) mv=6 ord=none hp=full
      #38 Horsemen(Atk) @(31,71) mv=6 ord=none hp=full
    END_TURN REJECTED: 4 units still need orders
      #29 Warriors(Atk) @(5,11) mv=3 ord=none hp=full
      #34 Warriors(Atk) @(5,11) mv=3 ord=none hp=full
      #37 Warriors(Atk) @(5,11) mv=3 ord=none hp=full
      #39 Warriors(Atk) @(5,11) mv=3 ord=none hp=full

══════════════════════════════════════════════════════════════════════
  TURN 36 — 3300 B.C. (4ms)
══════════════════════════════════════════════════════════════════════
  [Civ 1] Romans (despotism): 1 cities, 7 units, 59g, 5 techs, researching Warrior Code (21/65)
    Rome: size=3, prod=Horsemen (6sh), bldgs=Palace
    Units: 2x Warriors, 5x Horsemen
  [Civ 2] Babylonians (despotism): 1 cities, 8 units, 58g, 6 techs, researching Code of Laws (29/84)
    Babylon: size=3, prod=Horsemen (0sh), bldgs=Palace
    Units: 1x Warriors, 1x Settlers, 6x Horsemen
  [Civ 3] Germans (despotism): 1 cities, 2 units, 48g, 5 techs, researching Code of Laws (40/65)
    Berlin: size=3, prod=Settlers (36sh), bldgs=Palace, Barracks
    Units: 1x Warriors, 1x Horsemen
  [Civ 4] Egyptians (despotism): 1 cities, 6 units, 0g, 5 techs, researching Masonry (15/65)
    Thebes: size=2, prod=Warriors (9sh), bldgs=Palace
    Units: 1x Settlers, 1x Horsemen, 4x Warriors
  [Civ 1] Romans turn: 0 actions — idle
    END_TURN REJECTED: 6 units still need orders
      #1 Warriors(Atk) @(29,22) mv=3 ord=none hp=full
      #27 Horsemen(Atk) @(29,22) mv=6 ord=none hp=full
      #32 Horsemen(Atk) @(30,38) mv=6 ord=none hp=full
      #36 Horsemen(Atk) @(30,38) mv=6 ord=none hp=full
      #40 Horsemen(Atk) @(30,38) mv=6 ord=none hp=full
    END_TURN REJECTED: 7 units still need orders
      #3 Warriors(Atk) @(32,73) mv=3 ord=none hp=full
      #10 Horsemen(Atk) @(32,73) mv=6 ord=none hp=full
      #28 Horsemen(Atk) @(31,71) mv=6 ord=none hp=full
      #35 Horsemen(Atk) @(31,71) mv=6 ord=none hp=full
      #38 Horsemen(Atk) @(31,71) mv=6 ord=none hp=full
    >>> Thebes built Warriors
    END_TURN REJECTED: 4 units still need orders
      #29 Warriors(Atk) @(5,11) mv=3 ord=none hp=full
      #34 Warriors(Atk) @(5,11) mv=3 ord=none hp=full
      #37 Warriors(Atk) @(5,11) mv=3 ord=none hp=full
      #39 Warriors(Atk) @(5,11) mv=3 ord=none hp=full

══════════════════════════════════════════════════════════════════════
  TURN 37 — 3280 B.C. (3ms)
══════════════════════════════════════════════════════════════════════
  [Civ 1] Romans (despotism): 1 cities, 7 units, 61g, 5 techs, researching Warrior Code (24/65)
    Rome: size=3, prod=Horsemen (8sh), bldgs=Palace
    Units: 2x Warriors, 5x Horsemen
  [Civ 2] Babylonians (despotism): 1 cities, 8 units, 60g, 6 techs, researching Code of Laws (32/84)
    Babylon: size=3, prod=Horsemen (2sh), bldgs=Palace
    Units: 1x Warriors, 1x Settlers, 6x Horsemen
  [Civ 3] Germans (despotism): 1 cities, 3 units, 49g, 5 techs, researching Code of Laws (42/65)
    Berlin: size=2, prod=Settlers (0sh), bldgs=Palace, Barracks
    Units: 1x Warriors, 1x Horsemen, 1x Settlers
  [Civ 4] Egyptians (despotism): 1 cities, 7 units, 0g, 5 techs, researching Masonry (15/65)
    Thebes: size=2, prod=Warriors (0sh), bldgs=Palace
    Units: 1x Settlers, 1x Horsemen, 5x Warriors
  [Civ 1] Romans turn: 0 actions — idle
    END_TURN REJECTED: 6 units still need orders
      #1 Warriors(Atk) @(29,22) mv=3 ord=none hp=full
      #27 Horsemen(Atk) @(29,22) mv=6 ord=none hp=full
      #32 Horsemen(Atk) @(30,38) mv=6 ord=none hp=full
      #36 Horsemen(Atk) @(30,38) mv=6 ord=none hp=full
      #40 Horsemen(Atk) @(30,38) mv=6 ord=none hp=full
    END_TURN REJECTED: 7 units still need orders
      #3 Warriors(Atk) @(32,73) mv=3 ord=none hp=full
      #10 Horsemen(Atk) @(32,73) mv=6 ord=none hp=full
      #28 Horsemen(Atk) @(31,71) mv=6 ord=none hp=full
      #35 Horsemen(Atk) @(31,71) mv=6 ord=none hp=full
      #38 Horsemen(Atk) @(31,71) mv=6 ord=none hp=full
    END_TURN REJECTED: 5 units still need orders
      #29 Warriors(Atk) @(5,11) mv=3 ord=none hp=full
      #34 Warriors(Atk) @(5,11) mv=3 ord=none hp=full
      #37 Warriors(Atk) @(5,11) mv=3 ord=none hp=full
      #39 Warriors(Atk) @(5,11) mv=3 ord=none hp=full
      #45 Warriors(Atk) @(5,11) mv=3 ord=none hp=full

══════════════════════════════════════════════════════════════════════
  TURN 38 — 3260 B.C. (18ms)
══════════════════════════════════════════════════════════════════════
  [Civ 1] Romans (despotism): 1 cities, 7 units, 63g, 5 techs, researching Warrior Code (27/65)
    Rome: size=3, prod=Horsemen (10sh), bldgs=Palace
    Units: 2x Warriors, 5x Horsemen
  [Civ 2] Babylonians (despotism): 1 cities, 8 units, 62g, 6 techs, researching Code of Laws (35/84)
    Babylon: size=3, prod=Horsemen (4sh), bldgs=Palace
    Units: 1x Warriors, 1x Settlers, 6x Horsemen
  [Civ 3] Germans (despotism): 1 cities, 3 units, 50g, 5 techs, researching Code of Laws (44/65)
    Berlin: size=2, prod=Settlers (2sh), bldgs=Palace, Barracks
    Units: 1x Warriors, 1x Horsemen, 1x Settlers
  [Civ 4] Egyptians (despotism): 1 cities, 7 units, 0g, 5 techs, researching Masonry (15/65)
    Thebes: size=2, prod=Warriors (0sh), bldgs=Palace
    Units: 1x Settlers, 1x Horsemen, 5x Warriors
  [Civ 1] Romans turn: 0 actions — idle
    END_TURN REJECTED: 6 units still need orders
      #1 Warriors(Atk) @(29,22) mv=3 ord=none hp=full
      #27 Horsemen(Atk) @(29,22) mv=6 ord=none hp=full
      #32 Horsemen(Atk) @(30,38) mv=6 ord=none hp=full
      #36 Horsemen(Atk) @(30,38) mv=6 ord=none hp=full
      #40 Horsemen(Atk) @(30,38) mv=6 ord=none hp=full
    END_TURN REJECTED: 7 units still need orders
      #3 Warriors(Atk) @(32,73) mv=3 ord=none hp=full
      #10 Horsemen(Atk) @(32,73) mv=6 ord=none hp=full
      #28 Horsemen(Atk) @(31,71) mv=6 ord=none hp=full
      #35 Horsemen(Atk) @(31,71) mv=6 ord=none hp=full
      #38 Horsemen(Atk) @(31,71) mv=6 ord=none hp=full
    END_TURN REJECTED: 5 units still need orders
      #29 Warriors(Atk) @(5,11) mv=3 ord=none hp=full
      #34 Warriors(Atk) @(5,11) mv=3 ord=none hp=full
      #37 Warriors(Atk) @(5,11) mv=3 ord=none hp=full
      #39 Warriors(Atk) @(5,11) mv=3 ord=none hp=full
      #45 Warriors(Atk) @(5,11) mv=3 ord=none hp=full

══════════════════════════════════════════════════════════════════════
  TURN 39 — 3240 B.C. (3ms)
══════════════════════════════════════════════════════════════════════
  [Civ 1] Romans (despotism): 1 cities, 7 units, 65g, 5 techs, researching Warrior Code (30/65)
    Rome: size=3, prod=Horsemen (12sh), bldgs=Palace
    Units: 2x Warriors, 5x Horsemen
  [Civ 2] Babylonians (despotism): 1 cities, 8 units, 64g, 6 techs, researching Code of Laws (38/84)
    Babylon: size=3, prod=Horsemen (6sh), bldgs=Palace
    Units: 1x Warriors, 1x Settlers, 6x Horsemen
  [Civ 3] Germans (despotism): 1 cities, 3 units, 51g, 5 techs, researching Code of Laws (46/65)
    Berlin: size=2, prod=Settlers (4sh), bldgs=Palace, Barracks
    Units: 1x Warriors, 1x Horsemen, 1x Settlers
  [Civ 4] Egyptians (despotism): 1 cities, 7 units, 0g, 5 techs, researching Masonry (15/65)
    Thebes: size=2, prod=Warriors (0sh), bldgs=Palace
    Units: 1x Settlers, 1x Horsemen, 5x Warriors
  [Civ 1] Romans turn: 0 actions — idle
    END_TURN REJECTED: 6 units still need orders
      #1 Warriors(Atk) @(29,22) mv=3 ord=none hp=full
      #27 Horsemen(Atk) @(29,22) mv=6 ord=none hp=full
      #32 Horsemen(Atk) @(30,38) mv=6 ord=none hp=full
      #36 Horsemen(Atk) @(30,38) mv=6 ord=none hp=full
      #40 Horsemen(Atk) @(30,38) mv=6 ord=none hp=full
    END_TURN REJECTED: 7 units still need orders
      #3 Warriors(Atk) @(32,73) mv=3 ord=none hp=full
      #10 Horsemen(Atk) @(32,73) mv=6 ord=none hp=full
      #28 Horsemen(Atk) @(31,71) mv=6 ord=none hp=full
      #35 Horsemen(Atk) @(31,71) mv=6 ord=none hp=full
      #38 Horsemen(Atk) @(31,71) mv=6 ord=none hp=full
    END_TURN REJECTED: 5 units still need orders
      #29 Warriors(Atk) @(5,11) mv=3 ord=none hp=full
      #34 Warriors(Atk) @(5,11) mv=3 ord=none hp=full
      #37 Warriors(Atk) @(5,11) mv=3 ord=none hp=full
      #39 Warriors(Atk) @(5,11) mv=3 ord=none hp=full
      #45 Warriors(Atk) @(5,11) mv=3 ord=none hp=full

══════════════════════════════════════════════════════════════════════
  TURN 40 — 3220 B.C. (4ms)
══════════════════════════════════════════════════════════════════════
  [Civ 1] Romans (despotism): 1 cities, 7 units, 67g, 5 techs, researching Warrior Code (33/65)
    Rome: size=3, prod=Horsemen (14sh), bldgs=Palace
    Units: 2x Warriors, 5x Horsemen
  [Civ 2] Babylonians (despotism): 1 cities, 8 units, 66g, 6 techs, researching Code of Laws (41/84)
    Babylon: size=3, prod=Horsemen (8sh), bldgs=Palace
    Units: 1x Warriors, 1x Settlers, 6x Horsemen
  [Civ 3] Germans (despotism): 1 cities, 3 units, 52g, 5 techs, researching Code of Laws (48/65)
    Berlin: size=2, prod=Settlers (6sh), bldgs=Palace, Barracks
    Units: 1x Warriors, 1x Horsemen, 1x Settlers
  [Civ 4] Egyptians (despotism): 1 cities, 7 units, 0g, 5 techs, researching Masonry (15/65)
    Thebes: size=2, prod=Warriors (0sh), bldgs=Palace
    Units: 1x Settlers, 1x Horsemen, 5x Warriors
  [Civ 1] Romans turn: 0 actions — idle
    END_TURN REJECTED: 6 units still need orders
      #1 Warriors(Atk) @(29,22) mv=3 ord=none hp=full
      #27 Horsemen(Atk) @(29,22) mv=6 ord=none hp=full
      #32 Horsemen(Atk) @(30,38) mv=6 ord=none hp=full
      #36 Horsemen(Atk) @(30,38) mv=6 ord=none hp=full
      #40 Horsemen(Atk) @(30,38) mv=6 ord=none hp=full
    END_TURN REJECTED: 7 units still need orders
      #3 Warriors(Atk) @(32,73) mv=3 ord=none hp=full
      #10 Horsemen(Atk) @(32,73) mv=6 ord=none hp=full
      #28 Horsemen(Atk) @(31,71) mv=6 ord=none hp=full
      #35 Horsemen(Atk) @(31,71) mv=6 ord=none hp=full
      #38 Horsemen(Atk) @(31,71) mv=6 ord=none hp=full
    END_TURN REJECTED: 5 units still need orders
      #29 Warriors(Atk) @(5,11) mv=3 ord=none hp=full
      #34 Warriors(Atk) @(5,11) mv=3 ord=none hp=full
      #37 Warriors(Atk) @(5,11) mv=3 ord=none hp=full
      #39 Warriors(Atk) @(5,11) mv=3 ord=none hp=full
      #45 Warriors(Atk) @(5,11) mv=3 ord=none hp=full

══════════════════════════════════════════════════════════════════════
  TURN 41 — 3200 B.C. (5ms)
══════════════════════════════════════════════════════════════════════
  [Civ 1] Romans (despotism): 1 cities, 7 units, 69g, 5 techs, researching Warrior Code (36/65)
    Rome: size=3, prod=Horsemen (16sh), bldgs=Palace
    Units: 2x Warriors, 5x Horsemen
  [Civ 2] Babylonians (despotism): 1 cities, 8 units, 68g, 6 techs, researching Code of Laws (44/84)
    Babylon: size=3, prod=Horsemen (10sh), bldgs=Palace
    Units: 1x Warriors, 1x Settlers, 6x Horsemen
  [Civ 3] Germans (despotism): 1 cities, 3 units, 53g, 5 techs, researching Code of Laws (50/65)
    Berlin: size=2, prod=Settlers (8sh), bldgs=Palace, Barracks
    Units: 1x Warriors, 1x Horsemen, 1x Settlers
  [Civ 4] Egyptians (despotism): 1 cities, 7 units, 0g, 5 techs, researching Masonry (15/65)
    Thebes: size=2, prod=Warriors (0sh), bldgs=Palace
    Units: 1x Settlers, 1x Horsemen, 5x Warriors
  [Civ 1] Romans turn: 0 actions — idle
    END_TURN REJECTED: 6 units still need orders
      #1 Warriors(Atk) @(29,22) mv=3 ord=none hp=full
      #27 Horsemen(Atk) @(29,22) mv=6 ord=none hp=full
      #32 Horsemen(Atk) @(30,38) mv=6 ord=none hp=full
      #36 Horsemen(Atk) @(30,38) mv=6 ord=none hp=full
      #40 Horsemen(Atk) @(30,38) mv=6 ord=none hp=full
    END_TURN REJECTED: 7 units still need orders
      #3 Warriors(Atk) @(32,73) mv=3 ord=none hp=full
      #10 Horsemen(Atk) @(32,73) mv=6 ord=none hp=full
      #28 Horsemen(Atk) @(31,71) mv=6 ord=none hp=full
      #35 Horsemen(Atk) @(31,71) mv=6 ord=none hp=full
      #38 Horsemen(Atk) @(31,71) mv=6 ord=none hp=full
    END_TURN REJECTED: 5 units still need orders
      #29 Warriors(Atk) @(5,11) mv=3 ord=none hp=full
      #34 Warriors(Atk) @(5,11) mv=3 ord=none hp=full
      #37 Warriors(Atk) @(5,11) mv=3 ord=none hp=full
      #39 Warriors(Atk) @(5,11) mv=3 ord=none hp=full
      #45 Warriors(Atk) @(5,11) mv=3 ord=none hp=full

══════════════════════════════════════════════════════════════════════
  TURN 42 — 3180 B.C. (3ms)
══════════════════════════════════════════════════════════════════════
  [Civ 1] Romans (despotism): 1 cities, 7 units, 71g, 5 techs, researching Warrior Code (39/65)
    Rome: size=3, prod=Horsemen (18sh), bldgs=Palace
    Units: 2x Warriors, 5x Horsemen
  [Civ 2] Babylonians (despotism): 1 cities, 8 units, 70g, 6 techs, researching Code of Laws (47/84)
    Babylon: size=3, prod=Horsemen (12sh), bldgs=Palace
    Units: 1x Warriors, 1x Settlers, 6x Horsemen
  [Civ 3] Germans (despotism): 1 cities, 3 units, 54g, 5 techs, researching Code of Laws (52/65)
    Berlin: size=2, prod=Settlers (10sh), bldgs=Palace, Barracks
    Units: 1x Warriors, 1x Horsemen, 1x Settlers
  [Civ 4] Egyptians (despotism): 1 cities, 7 units, 0g, 5 techs, researching Masonry (15/65)
    Thebes: size=2, prod=Warriors (0sh), bldgs=Palace
    Units: 1x Settlers, 1x Horsemen, 5x Warriors
  [Civ 1] Romans turn: 0 actions — idle
    END_TURN REJECTED: 6 units still need orders
      #1 Warriors(Atk) @(29,22) mv=3 ord=none hp=full
      #27 Horsemen(Atk) @(29,22) mv=6 ord=none hp=full
      #32 Horsemen(Atk) @(30,38) mv=6 ord=none hp=full
      #36 Horsemen(Atk) @(30,38) mv=6 ord=none hp=full
      #40 Horsemen(Atk) @(30,38) mv=6 ord=none hp=full
    END_TURN REJECTED: 7 units still need orders
      #3 Warriors(Atk) @(32,73) mv=3 ord=none hp=full
      #10 Horsemen(Atk) @(32,73) mv=6 ord=none hp=full
      #28 Horsemen(Atk) @(31,71) mv=6 ord=none hp=full
      #35 Horsemen(Atk) @(31,71) mv=6 ord=none hp=full
      #38 Horsemen(Atk) @(31,71) mv=6 ord=none hp=full
    END_TURN REJECTED: 5 units still need orders
      #29 Warriors(Atk) @(5,11) mv=3 ord=none hp=full
      #34 Warriors(Atk) @(5,11) mv=3 ord=none hp=full
      #37 Warriors(Atk) @(5,11) mv=3 ord=none hp=full
      #39 Warriors(Atk) @(5,11) mv=3 ord=none hp=full
      #45 Warriors(Atk) @(5,11) mv=3 ord=none hp=full

══════════════════════════════════════════════════════════════════════
  TURN 43 — 3160 B.C. (4ms)
══════════════════════════════════════════════════════════════════════
  [Civ 1] Romans (despotism): 1 cities, 8 units, 73g, 5 techs, researching Warrior Code (42/65)
    Rome: size=3, prod=Horsemen (0sh), bldgs=Palace
    Units: 2x Warriors, 6x Horsemen
  [Civ 2] Babylonians (despotism): 1 cities, 8 units, 72g, 6 techs, researching Code of Laws (50/84)
    Babylon: size=3, prod=Horsemen (14sh), bldgs=Palace
    Units: 1x Warriors, 1x Settlers, 6x Horsemen
  [Civ 3] Germans (despotism): 1 cities, 3 units, 55g, 5 techs, researching Code of Laws (54/65)
    Berlin: size=2, prod=Settlers (12sh), bldgs=Palace, Barracks
    Units: 1x Warriors, 1x Horsemen, 1x Settlers
  [Civ 4] Egyptians (despotism): 1 cities, 7 units, 0g, 5 techs, researching Masonry (15/65)
    Thebes: size=2, prod=Warriors (0sh), bldgs=Palace
    Units: 1x Settlers, 1x Horsemen, 5x Warriors
  [Civ 1] Romans turn: 0 actions — idle
    END_TURN REJECTED: 6 units still need orders
      #1 Warriors(Atk) @(29,22) mv=3 ord=none hp=full
      #27 Horsemen(Atk) @(29,22) mv=6 ord=none hp=full
      #32 Horsemen(Atk) @(30,38) mv=6 ord=none hp=full
      #36 Horsemen(Atk) @(30,38) mv=6 ord=none hp=full
      #40 Horsemen(Atk) @(30,38) mv=6 ord=none hp=full
    END_TURN REJECTED: 7 units still need orders
      #3 Warriors(Atk) @(32,73) mv=3 ord=none hp=full
      #10 Horsemen(Atk) @(32,73) mv=6 ord=none hp=full
      #28 Horsemen(Atk) @(31,71) mv=6 ord=none hp=full
      #35 Horsemen(Atk) @(31,71) mv=6 ord=none hp=full
      #38 Horsemen(Atk) @(31,71) mv=6 ord=none hp=full
    END_TURN REJECTED: 5 units still need orders
      #29 Warriors(Atk) @(5,11) mv=3 ord=none hp=full
      #34 Warriors(Atk) @(5,11) mv=3 ord=none hp=full
      #37 Warriors(Atk) @(5,11) mv=3 ord=none hp=full
      #39 Warriors(Atk) @(5,11) mv=3 ord=none hp=full
      #45 Warriors(Atk) @(5,11) mv=3 ord=none hp=full

══════════════════════════════════════════════════════════════════════
  TURN 44 — 3140 B.C. (3ms)
══════════════════════════════════════════════════════════════════════
  [Civ 1] Romans (despotism): 1 cities, 8 units, 75g, 5 techs, researching Warrior Code (45/65)
    Rome: size=3, prod=Horsemen (1sh), bldgs=Palace
    Units: 2x Warriors, 6x Horsemen
  [Civ 2] Babylonians (despotism): 1 cities, 8 units, 74g, 6 techs, researching Code of Laws (53/84)
    Babylon: size=3, prod=Horsemen (16sh), bldgs=Palace
    Units: 1x Warriors, 1x Settlers, 6x Horsemen
  [Civ 3] Germans (despotism): 1 cities, 3 units, 56g, 5 techs, researching Code of Laws (56/65)
    Berlin: size=2, prod=Settlers (14sh), bldgs=Palace, Barracks
    Units: 1x Warriors, 1x Horsemen, 1x Settlers
  [Civ 4] Egyptians (despotism): 1 cities, 7 units, 0g, 5 techs, researching Masonry (15/65)
    Thebes: size=2, prod=Warriors (0sh), bldgs=Palace
    Units: 1x Settlers, 1x Horsemen, 5x Warriors
  [Civ 1] Romans turn: 0 actions — idle
    END_TURN REJECTED: 7 units still need orders
      #1 Warriors(Atk) @(29,22) mv=3 ord=none hp=full
      #27 Horsemen(Atk) @(29,22) mv=6 ord=none hp=full
      #32 Horsemen(Atk) @(30,38) mv=6 ord=none hp=full
      #36 Horsemen(Atk) @(30,38) mv=6 ord=none hp=full
      #40 Horsemen(Atk) @(30,38) mv=6 ord=none hp=full
    END_TURN REJECTED: 7 units still need orders
      #3 Warriors(Atk) @(32,73) mv=3 ord=none hp=full
      #10 Horsemen(Atk) @(32,73) mv=6 ord=none hp=full
      #28 Horsemen(Atk) @(31,71) mv=6 ord=none hp=full
      #35 Horsemen(Atk) @(31,71) mv=6 ord=none hp=full
      #38 Horsemen(Atk) @(31,71) mv=6 ord=none hp=full
    END_TURN REJECTED: 5 units still need orders
      #29 Warriors(Atk) @(5,11) mv=3 ord=none hp=full
      #34 Warriors(Atk) @(5,11) mv=3 ord=none hp=full
      #37 Warriors(Atk) @(5,11) mv=3 ord=none hp=full
      #39 Warriors(Atk) @(5,11) mv=3 ord=none hp=full
      #45 Warriors(Atk) @(5,11) mv=3 ord=none hp=full

══════════════════════════════════════════════════════════════════════
  TURN 45 — 3120 B.C. (3ms)
══════════════════════════════════════════════════════════════════════
  [Civ 1] Romans (despotism): 1 cities, 8 units, 77g, 5 techs, researching Warrior Code (49/65)
    Rome: size=4, prod=Horsemen (4sh), bldgs=Palace
    Units: 2x Warriors, 6x Horsemen
  [Civ 2] Babylonians (despotism): 1 cities, 8 units, 76g, 6 techs, researching Code of Laws (56/84)
    Babylon: size=3, prod=Horsemen (18sh), bldgs=Palace
    Units: 1x Warriors, 1x Settlers, 6x Horsemen
  [Civ 3] Germans (despotism): 1 cities, 3 units, 57g, 5 techs, researching Code of Laws (60/65)
    Berlin: size=3, prod=Settlers (18sh), bldgs=Palace, Barracks
    Units: 1x Warriors, 1x Horsemen, 1x Settlers
  [Civ 4] Egyptians (despotism): 1 cities, 7 units, 0g, 5 techs, researching Masonry (15/65)
    Thebes: size=2, prod=Warriors (0sh), bldgs=Palace
    Units: 1x Settlers, 1x Horsemen, 5x Warriors
  [Civ 1] Romans turn: 0 actions — idle
    END_TURN REJECTED: 7 units still need orders
      #1 Warriors(Atk) @(29,22) mv=3 ord=none hp=full
      #27 Horsemen(Atk) @(29,22) mv=6 ord=none hp=full
      #32 Horsemen(Atk) @(30,38) mv=6 ord=none hp=full
      #36 Horsemen(Atk) @(30,38) mv=6 ord=none hp=full
      #40 Horsemen(Atk) @(30,38) mv=6 ord=none hp=full
    END_TURN REJECTED: 7 units still need orders
      #3 Warriors(Atk) @(32,73) mv=3 ord=none hp=full
      #10 Horsemen(Atk) @(32,73) mv=6 ord=none hp=full
      #28 Horsemen(Atk) @(31,71) mv=6 ord=none hp=full
      #35 Horsemen(Atk) @(31,71) mv=6 ord=none hp=full
      #38 Horsemen(Atk) @(31,71) mv=6 ord=none hp=full
    END_TURN REJECTED: 5 units still need orders
      #29 Warriors(Atk) @(5,11) mv=3 ord=none hp=full
      #34 Warriors(Atk) @(5,11) mv=3 ord=none hp=full
      #37 Warriors(Atk) @(5,11) mv=3 ord=none hp=full
      #39 Warriors(Atk) @(5,11) mv=3 ord=none hp=full
      #45 Warriors(Atk) @(5,11) mv=3 ord=none hp=full

══════════════════════════════════════════════════════════════════════
  TURN 46 — 3100 B.C. (4ms)
══════════════════════════════════════════════════════════════════════
  [Civ 1] Romans (despotism): 1 cities, 8 units, 79g, 5 techs, researching Warrior Code (53/65)
    Rome: size=4, prod=Horsemen (7sh), bldgs=Palace
    Units: 2x Warriors, 6x Horsemen
  [Civ 2] Babylonians (despotism): 1 cities, 9 units, 78g, 6 techs, researching Code of Laws (60/84)
    Babylon: size=4, prod=Horsemen (1sh), bldgs=Palace
    Units: 1x Warriors, 1x Settlers, 7x Horsemen
  [Civ 3] Germans (despotism): 1 cities, 3 units, 58g, 5 techs, researching Code of Laws (64/65)
    Berlin: size=3, prod=Settlers (22sh), bldgs=Palace, Barracks
    Units: 1x Warriors, 1x Horsemen, 1x Settlers
  [Civ 4] Egyptians (despotism): 1 cities, 7 units, 0g, 5 techs, researching Masonry (15/65)
    Thebes: size=2, prod=Warriors (0sh), bldgs=Palace
    Units: 1x Settlers, 1x Horsemen, 5x Warriors
  [Civ 1] Romans turn: 0 actions — idle
    END_TURN REJECTED: 7 units still need orders
      #1 Warriors(Atk) @(29,22) mv=3 ord=none hp=full
      #27 Horsemen(Atk) @(29,22) mv=6 ord=none hp=full
      #32 Horsemen(Atk) @(30,38) mv=6 ord=none hp=full
      #36 Horsemen(Atk) @(30,38) mv=6 ord=none hp=full
      #40 Horsemen(Atk) @(30,38) mv=6 ord=none hp=full
    END_TURN REJECTED: 8 units still need orders
      #3 Warriors(Atk) @(32,73) mv=3 ord=none hp=full
      #10 Horsemen(Atk) @(32,73) mv=6 ord=none hp=full
      #28 Horsemen(Atk) @(31,71) mv=6 ord=none hp=full
      #35 Horsemen(Atk) @(31,71) mv=6 ord=none hp=full
      #38 Horsemen(Atk) @(31,71) mv=6 ord=none hp=full
    SET_RESEARCH tech=The Wheel
    END_TURN REJECTED: 5 units still need orders
      #29 Warriors(Atk) @(5,11) mv=3 ord=none hp=full
      #34 Warriors(Atk) @(5,11) mv=3 ord=none hp=full
      #37 Warriors(Atk) @(5,11) mv=3 ord=none hp=full
      #39 Warriors(Atk) @(5,11) mv=3 ord=none hp=full
      #45 Warriors(Atk) @(5,11) mv=3 ord=none hp=full

══════════════════════════════════════════════════════════════════════
  TURN 47 — 3080 B.C. (4ms)
══════════════════════════════════════════════════════════════════════
  [Civ 1] Romans (despotism): 1 cities, 8 units, 81g, 5 techs, researching Warrior Code (57/65)
    Rome: size=4, prod=Horsemen (10sh), bldgs=Palace
    Units: 2x Warriors, 6x Horsemen
  [Civ 2] Babylonians (despotism): 1 cities, 9 units, 80g, 6 techs, researching Code of Laws (64/84)
    Babylon: size=4, prod=Horsemen (3sh), bldgs=Palace
    Units: 1x Warriors, 1x Settlers, 7x Horsemen
  [Civ 3] Germans (despotism): 1 cities, 3 units, 58g, 6 techs, researching The Wheel (0/84)
    Berlin: size=3, prod=Settlers (26sh), bldgs=Palace, Barracks
    Units: 1x Warriors, 1x Horsemen, 1x Settlers
  [Civ 4] Egyptians (despotism): 1 cities, 7 units, 0g, 5 techs, researching Masonry (15/65)
    Thebes: size=2, prod=Warriors (0sh), bldgs=Palace
    Units: 1x Settlers, 1x Horsemen, 5x Warriors
  [Civ 1] Romans turn: 0 actions — idle
    END_TURN REJECTED: 7 units still need orders
      #1 Warriors(Atk) @(29,22) mv=3 ord=none hp=full
      #27 Horsemen(Atk) @(29,22) mv=6 ord=none hp=full
      #32 Horsemen(Atk) @(30,38) mv=6 ord=none hp=full
      #36 Horsemen(Atk) @(30,38) mv=6 ord=none hp=full
      #40 Horsemen(Atk) @(30,38) mv=6 ord=none hp=full
    END_TURN REJECTED: 8 units still need orders
      #3 Warriors(Atk) @(32,73) mv=3 ord=none hp=full
      #10 Horsemen(Atk) @(32,73) mv=6 ord=none hp=full
      #28 Horsemen(Atk) @(31,71) mv=6 ord=none hp=full
      #35 Horsemen(Atk) @(31,71) mv=6 ord=none hp=full
      #38 Horsemen(Atk) @(31,71) mv=6 ord=none hp=full
    END_TURN REJECTED: 5 units still need orders
      #29 Warriors(Atk) @(5,11) mv=3 ord=none hp=full
      #34 Warriors(Atk) @(5,11) mv=3 ord=none hp=full
      #37 Warriors(Atk) @(5,11) mv=3 ord=none hp=full
      #39 Warriors(Atk) @(5,11) mv=3 ord=none hp=full
      #45 Warriors(Atk) @(5,11) mv=3 ord=none hp=full

══════════════════════════════════════════════════════════════════════
  TURN 48 — 3060 B.C. (5ms)
══════════════════════════════════════════════════════════════════════
  [Civ 1] Romans (despotism): 1 cities, 8 units, 83g, 5 techs, researching Warrior Code (61/65)
    Rome: size=4, prod=Horsemen (13sh), bldgs=Palace
    Units: 2x Warriors, 6x Horsemen
  [Civ 2] Babylonians (despotism): 1 cities, 9 units, 82g, 6 techs, researching Code of Laws (68/84)
    Babylon: size=4, prod=Horsemen (5sh), bldgs=Palace
    Units: 1x Warriors, 1x Settlers, 7x Horsemen
  [Civ 3] Germans (despotism): 1 cities, 3 units, 59g, 6 techs, researching The Wheel (4/84)
    Berlin: size=3, prod=Settlers (30sh), bldgs=Palace, Barracks
    Units: 1x Warriors, 1x Horsemen, 1x Settlers
  [Civ 4] Egyptians (despotism): 1 cities, 7 units, 0g, 5 techs, researching Masonry (15/65)
    Thebes: size=2, prod=Warriors (0sh), bldgs=Palace
    Units: 1x Settlers, 1x Horsemen, 5x Warriors
  [Civ 1] Romans turn: 0 actions — idle
    END_TURN REJECTED: 7 units still need orders
      #1 Warriors(Atk) @(29,22) mv=3 ord=none hp=full
      #27 Horsemen(Atk) @(29,22) mv=6 ord=none hp=full
      #32 Horsemen(Atk) @(30,38) mv=6 ord=none hp=full
      #36 Horsemen(Atk) @(30,38) mv=6 ord=none hp=full
      #40 Horsemen(Atk) @(30,38) mv=6 ord=none hp=full
    END_TURN REJECTED: 8 units still need orders
      #3 Warriors(Atk) @(32,73) mv=3 ord=none hp=full
      #10 Horsemen(Atk) @(32,73) mv=6 ord=none hp=full
      #28 Horsemen(Atk) @(31,71) mv=6 ord=none hp=full
      #35 Horsemen(Atk) @(31,71) mv=6 ord=none hp=full
      #38 Horsemen(Atk) @(31,71) mv=6 ord=none hp=full
    END_TURN REJECTED: 5 units still need orders
      #29 Warriors(Atk) @(5,11) mv=3 ord=none hp=full
      #34 Warriors(Atk) @(5,11) mv=3 ord=none hp=full
      #37 Warriors(Atk) @(5,11) mv=3 ord=none hp=full
      #39 Warriors(Atk) @(5,11) mv=3 ord=none hp=full
      #45 Warriors(Atk) @(5,11) mv=3 ord=none hp=full

══════════════════════════════════════════════════════════════════════
  TURN 49 — 3040 B.C. (4ms)
══════════════════════════════════════════════════════════════════════
  [Civ 1] Romans (despotism): 1 cities, 8 units, 83g, 6 techs, researching none (0/84)
    Rome: size=4, prod=Horsemen (16sh), bldgs=Palace
    Units: 2x Warriors, 6x Horsemen
  [Civ 2] Babylonians (despotism): 1 cities, 9 units, 84g, 6 techs, researching Code of Laws (72/84)
    Babylon: size=4, prod=Horsemen (7sh), bldgs=Palace
    Units: 1x Warriors, 1x Settlers, 7x Horsemen
  [Civ 3] Germans (despotism): 1 cities, 3 units, 60g, 6 techs, researching The Wheel (8/84)
    Berlin: size=3, prod=Settlers (34sh), bldgs=Palace, Barracks
    Units: 1x Warriors, 1x Horsemen, 1x Settlers
  [Civ 4] Egyptians (despotism): 1 cities, 7 units, 0g, 5 techs, researching Masonry (15/65)
    Thebes: size=2, prod=Warriors (0sh), bldgs=Palace
    Units: 1x Settlers, 1x Horsemen, 5x Warriors
  [Civ 1] Romans turn: 1 actions — SET_RESEARCH(1)
    SET_RESEARCH tech=Iron Working
    END_TURN REJECTED: 7 units still need orders
      #1 Warriors(Atk) @(29,22) mv=3 ord=none hp=full
      #27 Horsemen(Atk) @(29,22) mv=6 ord=none hp=full
      #32 Horsemen(Atk) @(30,38) mv=6 ord=none hp=full
      #36 Horsemen(Atk) @(30,38) mv=6 ord=none hp=full
      #40 Horsemen(Atk) @(30,38) mv=6 ord=none hp=full
    END_TURN REJECTED: 8 units still need orders
      #3 Warriors(Atk) @(32,73) mv=3 ord=none hp=full
      #10 Horsemen(Atk) @(32,73) mv=6 ord=none hp=full
      #28 Horsemen(Atk) @(31,71) mv=6 ord=none hp=full
      #35 Horsemen(Atk) @(31,71) mv=6 ord=none hp=full
      #38 Horsemen(Atk) @(31,71) mv=6 ord=none hp=full
    END_TURN REJECTED: 5 units still need orders
      #29 Warriors(Atk) @(5,11) mv=3 ord=none hp=full
      #34 Warriors(Atk) @(5,11) mv=3 ord=none hp=full
      #37 Warriors(Atk) @(5,11) mv=3 ord=none hp=full
      #39 Warriors(Atk) @(5,11) mv=3 ord=none hp=full
      #45 Warriors(Atk) @(5,11) mv=3 ord=none hp=full

══════════════════════════════════════════════════════════════════════
  FINAL SUMMARY
══════════════════════════════════════════════════════════════════════
Game ended at turn 50 (3020 B.C.)

── Civ 1: Romans (despotism) ALIVE ──
  Cities: 1 (peak 1, founded 1)
  Units:  8 (peak 8)
  Treasury: 85g
  Techs discovered: 0 — none
  Actions: 33 total, 36 idle turns
  Breakdown: UNIT_ORDER(13), MOVE_UNIT(10), SET_RESEARCH(4), ADJUST_ATTITUDE(3), CHANGE_RATES(1), BUILD_CITY(1), CHANGE_PRODUCTION(1)
  Army: 2x Warriors, 6x Horsemen
  Rome: size=4, shields=19

── Civ 2: Babylonians (despotism) ALIVE ──
  Cities: 1 (peak 1, founded 2)
  Units:  9 (peak 9)
  Treasury: 86g
  Techs discovered: 1 — Ceremonial Burial
  Actions: 18 total, 45 idle turns
  Breakdown: UNIT_ORDER(5), SET_RESEARCH(3), ADJUST_ATTITUDE(3), BUILD_CITY(2), MOVE_UNIT(2), CHANGE_RATES(1), CHANGE_PRODUCTION(1), WORKER_ORDER(1)
  Army: 1x Warriors, 1x Settlers, 7x Horsemen
  Babylon: size=4, shields=9

── Civ 3: Germans (despotism) ALIVE ──
  Cities: 1 (peak 1, founded 1)
  Units:  3 (peak 3)
  Treasury: 61g
  Techs discovered: 0 — none
  Actions: 98 total, 6 idle turns
  Breakdown: UNIT_ORDER(44), MOVE_UNIT(42), SET_RESEARCH(4), CHANGE_PRODUCTION(3), ADJUST_ATTITUDE(3), CHANGE_RATES(1), BUILD_CITY(1)
  Army: 1x Warriors, 1x Horsemen, 1x Settlers
  Berlin: size=3, shields=38

── Civ 4: Egyptians (despotism) ALIVE ──
  Cities: 1 (peak 1, founded 2)
  Units:  7 (peak 7)
  Treasury: 0g
  Techs discovered: 0 — none
  Actions: 29 total, 41 idle turns
  Breakdown: UNIT_ORDER(12), MOVE_UNIT(8), ADJUST_ATTITUDE(3), BUILD_CITY(2), CHANGE_PRODUCTION(2), SET_RESEARCH(1), CHANGE_RATES(1)
  Army: 1x Settlers, 1x Horsemen, 5x Warriors
  Thebes: size=2, shields=0


══════════════════════════════════════════════════════════════════════
  AI BEHAVIOR ANALYSIS
══════════════════════════════════════════════════════════════════════
[Civ 1] Romans:
  WARNING: Never discovered a tech
  WARNING: Idle 36/50 turns (>50%)
  WARNING: Only 1 city after 30+ turns
  WARNING: Low unit diversity

[Civ 2] Babylonians:
  WARNING: Idle 45/50 turns (>50%)

[Civ 3] Germans:
  WARNING: Never discovered a tech
  WARNING: Only 1 city after 30+ turns
  WARNING: 1 units stuck (busy orders outside city)

[Civ 4] Egyptians:
  WARNING: Never discovered a tech
  WARNING: Idle 41/50 turns (>50%)
  WARNING: 1 units stuck (busy orders outside city)

