Charlization AI Headless Simulation
Date: 2026-03-17T00:55:22.130Z
Settings: 50 turns, 4 AI players, 50x80 map, difficulty=prince
Map seed: 646
Map generated in 88ms
Game initialized: 4 civs, 8 starting units
  Civ 1 (Romans): starts at (8,68) on Grassland
  Civ 2 (Babylonians): starts at (22,8) on Forest
  Civ 3 (Germans): starts at (38,38) on Plains
  Civ 4 (Egyptians): starts at (13,33) on Grassland
    SET_RESEARCH tech=Warrior Code
    CHANGE_RATES sci=6 tax=4 lux=undefined
    BUILD_CITY unit=0 name="Rome"
    1 actions REJECTED (of 6)
    SET_RESEARCH tech=Code of Laws
    CHANGE_RATES sci=6 tax=4 lux=undefined
    BUILD_CITY unit=2 name="Babylon"
    1 actions REJECTED (of 6)
    SET_RESEARCH tech=Ceremonial Burial
    CHANGE_RATES sci=6 tax=4 lux=undefined
    BUILD_CITY unit=4 name="Berlin"
    1 actions REJECTED (of 6)
    SET_RESEARCH tech=Ceremonial Burial
    CHANGE_RATES sci=6 tax=4 lux=undefined
    BUILD_CITY unit=6 name="Thebes"
    1 actions REJECTED (of 6)

══════════════════════════════════════════════════════════════════════
  TURN 1 — 4000 B.C. (36ms)
══════════════════════════════════════════════════════════════════════
  [Civ 1] Romans (despotism): 1 cities, 1 units, 1g, 3 techs, researching Warrior Code (3/28)
    Rome: size=1, prod=Warriors (2sh), bldgs=Palace
    Units: 1x Warriors
  [Civ 2] Babylonians (despotism): 1 cities, 1 units, 0g, 3 techs, researching Code of Laws (0/28)
    Babylon: size=1, prod=Warriors (0sh), bldgs=Palace
    Units: 1x Warriors
  [Civ 3] Germans (despotism): 1 cities, 1 units, 0g, 3 techs, researching Ceremonial Burial (0/28)
    Berlin: size=1, prod=Warriors (0sh), bldgs=Palace
    Units: 1x Warriors
  [Civ 4] Egyptians (despotism): 1 cities, 1 units, 0g, 3 techs, researching Ceremonial Burial (0/28)
    Thebes: size=1, prod=Warriors (0sh), bldgs=Palace
    Units: 1x Warriors
  [Civ 1] Romans turn: 3 actions — CHANGE_PRODUCTION(1), MOVE_UNIT(1), UNIT_ORDER(1)
    CHANGE_PRODUCTION city=0
    CHANGE_PRODUCTION city=1
    CHANGE_PRODUCTION city=2
    CHANGE_PRODUCTION city=3

══════════════════════════════════════════════════════════════════════
  TURN 2 — 3980 B.C. (14ms)
══════════════════════════════════════════════════════════════════════
  [Civ 1] Romans (despotism): 1 cities, 1 units, 2g, 3 techs, researching Warrior Code (6/28)
    Rome: size=1, prod=Wonder39 (2sh), bldgs=Palace
    Units: 1x Warriors
  [Civ 2] Babylonians (despotism): 1 cities, 1 units, 0g, 4 techs, researching Code of Laws (1/33)
    Babylon: size=1, prod=Wonder45 (0sh), bldgs=Palace
    Units: 1x Warriors
  [Civ 3] Germans (despotism): 1 cities, 1 units, 1g, 4 techs, researching Ceremonial Burial (2/33)
    Berlin: size=1, prod=Wonder40 (0sh), bldgs=Palace
    Units: 1x Warriors
  [Civ 4] Egyptians (despotism): 1 cities, 1 units, 1g, 4 techs, researching Ceremonial Burial (3/33)
    Thebes: size=1, prod=Wonder41 (0sh), bldgs=Palace
    Units: 1x Warriors
  [Civ 1] Romans turn: 2 actions — MOVE_UNIT(1), UNIT_ORDER(1)

══════════════════════════════════════════════════════════════════════
  TURN 3 — 3960 B.C. (7ms)
══════════════════════════════════════════════════════════════════════
  [Civ 1] Romans (despotism): 1 cities, 1 units, 3g, 3 techs, researching Warrior Code (9/28)
    Rome: size=1, prod=Wonder39 (4sh), bldgs=Palace
    Units: 1x Warriors
  [Civ 2] Babylonians (despotism): 1 cities, 1 units, 0g, 4 techs, researching Code of Laws (2/33)
    Babylon: size=1, prod=Wonder45 (3sh), bldgs=Palace
    Units: 1x Warriors
  [Civ 3] Germans (despotism): 1 cities, 1 units, 2g, 4 techs, researching Ceremonial Burial (4/33)
    Berlin: size=1, prod=Wonder40 (1sh), bldgs=Palace
    Units: 1x Warriors
  [Civ 4] Egyptians (despotism): 1 cities, 1 units, 2g, 4 techs, researching Ceremonial Burial (6/33)
    Thebes: size=1, prod=Wonder41 (3sh), bldgs=Palace
    Units: 1x Warriors
  [Civ 1] Romans turn: 2 actions — MOVE_UNIT(1), UNIT_ORDER(1)
    END_TURN REJECTED: 1 units still need orders
      #8 Archers(Atk) @(39,32) mv=3 ord=none hp=full

══════════════════════════════════════════════════════════════════════
  TURN 4 — 3940 B.C. (7ms)
══════════════════════════════════════════════════════════════════════
  [Civ 1] Romans (despotism): 1 cities, 1 units, 4g, 3 techs, researching Warrior Code (12/28)
    Rome: size=1, prod=Wonder39 (6sh), bldgs=Palace
    Units: 1x Warriors
  [Civ 2] Babylonians (despotism): 1 cities, 1 units, 0g, 4 techs, researching Code of Laws (3/33)
    Babylon: size=1, prod=Wonder45 (6sh), bldgs=Palace
    Units: 1x Warriors
  [Civ 3] Germans (despotism): 1 cities, 2 units, 3g, 4 techs, researching Ceremonial Burial (6/33)
    Berlin: size=1, prod=Wonder40 (2sh), bldgs=Palace
    Units: 1x Warriors, 1x Archers
  [Civ 4] Egyptians (despotism): 1 cities, 1 units, 3g, 4 techs, researching Ceremonial Burial (9/33)
    Thebes: size=1, prod=Wonder41 (6sh), bldgs=Palace
    Units: 1x Warriors
  [Civ 1] Romans turn: 2 actions — MOVE_UNIT(1), UNIT_ORDER(1)

══════════════════════════════════════════════════════════════════════
  TURN 5 — 3920 B.C. (7ms)
══════════════════════════════════════════════════════════════════════
  [Civ 1] Romans (despotism): 1 cities, 1 units, 5g, 3 techs, researching Warrior Code (15/28)
    Rome: size=1, prod=Wonder39 (8sh), bldgs=Palace
    Units: 1x Warriors
  [Civ 2] Babylonians (despotism): 1 cities, 1 units, 0g, 4 techs, researching Code of Laws (4/33)
    Babylon: size=1, prod=Wonder45 (9sh), bldgs=Palace
    Units: 1x Warriors
  [Civ 3] Germans (despotism): 1 cities, 2 units, 4g, 4 techs, researching Ceremonial Burial (8/33)
    Berlin: size=1, prod=Wonder40 (3sh), bldgs=Palace
    Units: 1x Warriors, 1x Archers
  [Civ 4] Egyptians (despotism): 1 cities, 1 units, 4g, 4 techs, researching Ceremonial Burial (12/33)
    Thebes: size=1, prod=Wonder41 (9sh), bldgs=Palace
    Units: 1x Warriors
  [Civ 1] Romans turn: 2 actions — MOVE_UNIT(1), UNIT_ORDER(1)

══════════════════════════════════════════════════════════════════════
  TURN 6 — 3900 B.C. (8ms)
══════════════════════════════════════════════════════════════════════
  [Civ 1] Romans (despotism): 1 cities, 1 units, 6g, 3 techs, researching Warrior Code (18/28)
    Rome: size=1, prod=Wonder39 (10sh), bldgs=Palace
    Units: 1x Warriors
  [Civ 2] Babylonians (despotism): 1 cities, 1 units, 0g, 4 techs, researching Code of Laws (5/33)
    Babylon: size=1, prod=Wonder45 (12sh), bldgs=Palace
    Units: 1x Warriors
  [Civ 3] Germans (despotism): 1 cities, 2 units, 5g, 4 techs, researching Ceremonial Burial (10/33)
    Berlin: size=1, prod=Wonder40 (4sh), bldgs=Palace
    Units: 1x Warriors, 1x Archers
  [Civ 4] Egyptians (despotism): 1 cities, 1 units, 5g, 4 techs, researching Ceremonial Burial (15/33)
    Thebes: size=1, prod=Wonder41 (12sh), bldgs=Palace
    Units: 1x Warriors
  [Civ 1] Romans turn: 2 actions — MOVE_UNIT(1), UNIT_ORDER(1)

══════════════════════════════════════════════════════════════════════
  TURN 7 — 3880 B.C. (5ms)
══════════════════════════════════════════════════════════════════════
  [Civ 1] Romans (despotism): 1 cities, 1 units, 7g, 3 techs, researching Warrior Code (21/28)
    Rome: size=1, prod=Wonder39 (12sh), bldgs=Palace
    Units: 1x Warriors
  [Civ 2] Babylonians (despotism): 1 cities, 1 units, 0g, 4 techs, researching Code of Laws (6/33)
    Babylon: size=1, prod=Wonder45 (15sh), bldgs=Palace
    Units: 1x Warriors
  [Civ 3] Germans (despotism): 1 cities, 2 units, 6g, 4 techs, researching Ceremonial Burial (12/33)
    Berlin: size=1, prod=Wonder40 (5sh), bldgs=Palace
    Units: 1x Warriors, 1x Archers
  [Civ 4] Egyptians (despotism): 1 cities, 1 units, 6g, 4 techs, researching Ceremonial Burial (18/33)
    Thebes: size=1, prod=Wonder41 (15sh), bldgs=Palace
    Units: 1x Warriors
  [Civ 1] Romans turn: 2 actions — MOVE_UNIT(1), UNIT_ORDER(1)

══════════════════════════════════════════════════════════════════════
  TURN 8 — 3860 B.C. (6ms)
══════════════════════════════════════════════════════════════════════
  [Civ 1] Romans (despotism): 1 cities, 1 units, 8g, 3 techs, researching Warrior Code (24/28)
    Rome: size=1, prod=Wonder39 (14sh), bldgs=Palace
    Units: 1x Warriors
  [Civ 2] Babylonians (despotism): 1 cities, 1 units, 0g, 4 techs, researching Code of Laws (7/33)
    Babylon: size=1, prod=Wonder45 (18sh), bldgs=Palace
    Units: 1x Warriors
  [Civ 3] Germans (despotism): 1 cities, 2 units, 7g, 4 techs, researching Ceremonial Burial (14/33)
    Berlin: size=1, prod=Wonder40 (6sh), bldgs=Palace
    Units: 1x Warriors, 1x Archers
  [Civ 4] Egyptians (despotism): 1 cities, 1 units, 7g, 4 techs, researching Ceremonial Burial (21/33)
    Thebes: size=1, prod=Wonder41 (18sh), bldgs=Palace
    Units: 1x Warriors
  [Civ 1] Romans turn: 2 actions — MOVE_UNIT(1), UNIT_ORDER(1)

══════════════════════════════════════════════════════════════════════
  TURN 9 — 3840 B.C. (5ms)
══════════════════════════════════════════════════════════════════════
  [Civ 1] Romans (despotism): 1 cities, 1 units, 9g, 3 techs, researching Warrior Code (27/28)
    Rome: size=1, prod=Wonder39 (16sh), bldgs=Palace
    Units: 1x Warriors
  [Civ 2] Babylonians (despotism): 1 cities, 1 units, 0g, 4 techs, researching Code of Laws (8/33)
    Babylon: size=1, prod=Wonder45 (21sh), bldgs=Palace
    Units: 1x Warriors
  [Civ 3] Germans (despotism): 1 cities, 2 units, 8g, 4 techs, researching Ceremonial Burial (16/33)
    Berlin: size=1, prod=Wonder40 (7sh), bldgs=Palace
    Units: 1x Warriors, 1x Archers
  [Civ 4] Egyptians (despotism): 1 cities, 1 units, 8g, 4 techs, researching Ceremonial Burial (24/33)
    Thebes: size=1, prod=Wonder41 (21sh), bldgs=Palace
    Units: 1x Warriors
  [Civ 1] Romans turn: 2 actions — MOVE_UNIT(1), UNIT_ORDER(1)
    >>> Romans discovered: Warrior Code
    >>> Rome grew to size 2

══════════════════════════════════════════════════════════════════════
  TURN 10 — 3820 B.C. (8ms)
══════════════════════════════════════════════════════════════════════
  [Civ 1] Romans (despotism): 1 cities, 1 units, 9g, 4 techs, researching none (0/33)
    Rome: size=2, prod=Wonder39 (18sh), bldgs=Palace
    Units: 1x Warriors
  [Civ 2] Babylonians (despotism): 1 cities, 1 units, 0g, 4 techs, researching Code of Laws (9/33)
    Babylon: size=1, prod=Wonder45 (24sh), bldgs=Palace
    Units: 1x Warriors
  [Civ 3] Germans (despotism): 1 cities, 2 units, 9g, 4 techs, researching Ceremonial Burial (18/33)
    Berlin: size=1, prod=Wonder40 (8sh), bldgs=Palace
    Units: 1x Warriors, 1x Archers
  [Civ 4] Egyptians (despotism): 1 cities, 1 units, 9g, 4 techs, researching Ceremonial Burial (27/33)
    Thebes: size=1, prod=Wonder41 (24sh), bldgs=Palace
    Units: 1x Warriors
  [Civ 1] Romans turn: 3 actions — SET_RESEARCH(1), MOVE_UNIT(1), UNIT_ORDER(1)
    SET_RESEARCH tech=Iron Working
    >>> Berlin grew to size 2
    CHANGE_PRODUCTION city=2

══════════════════════════════════════════════════════════════════════
  TURN 11 — 3800 B.C. (6ms)
══════════════════════════════════════════════════════════════════════
  [Civ 1] Romans (despotism): 1 cities, 1 units, 11g, 4 techs, researching Iron Working (3/33)
    Rome: size=2, prod=Wonder39 (21sh), bldgs=Palace
    Units: 1x Warriors
  [Civ 2] Babylonians (despotism): 1 cities, 1 units, 0g, 4 techs, researching Code of Laws (10/33)
    Babylon: size=1, prod=Wonder45 (27sh), bldgs=Palace
    Units: 1x Warriors
  [Civ 3] Germans (despotism): 1 cities, 2 units, 10g, 4 techs, researching Ceremonial Burial (21/33)
    Berlin: size=2, prod=Settlers (0sh), bldgs=Palace
    Units: 1x Warriors, 1x Archers
  [Civ 4] Egyptians (despotism): 1 cities, 1 units, 10g, 4 techs, researching Ceremonial Burial (30/33)
    Thebes: size=1, prod=Wonder41 (27sh), bldgs=Palace
    Units: 1x Warriors
  [Civ 1] Romans turn: 2 actions — MOVE_UNIT(1), UNIT_ORDER(1)
    >>> Egyptians discovered: Ceremonial Burial
    SET_RESEARCH tech=Alphabet

══════════════════════════════════════════════════════════════════════
  TURN 12 — 3780 B.C. (6ms)
══════════════════════════════════════════════════════════════════════
  [Civ 1] Romans (despotism): 1 cities, 1 units, 13g, 4 techs, researching Iron Working (6/33)
    Rome: size=2, prod=Wonder39 (24sh), bldgs=Palace
    Units: 1x Warriors
  [Civ 2] Babylonians (despotism): 1 cities, 1 units, 0g, 5 techs, researching Code of Laws (11/36)
    Babylon: size=1, prod=Wonder45 (30sh), bldgs=Palace
    Units: 1x Warriors
  [Civ 3] Germans (despotism): 1 cities, 2 units, 11g, 5 techs, researching Ceremonial Burial (24/36)
    Berlin: size=2, prod=Settlers (3sh), bldgs=Palace
    Units: 1x Warriors, 1x Archers
  [Civ 4] Egyptians (despotism): 1 cities, 1 units, 10g, 5 techs, researching Alphabet (0/36)
    Thebes: size=1, prod=Wonder41 (30sh), bldgs=Palace
    Units: 1x Warriors
  [Civ 1] Romans turn: 2 actions — MOVE_UNIT(1), UNIT_ORDER(1)

══════════════════════════════════════════════════════════════════════
  TURN 13 — 3760 B.C. (4ms)
══════════════════════════════════════════════════════════════════════
  [Civ 1] Romans (despotism): 1 cities, 1 units, 15g, 4 techs, researching Iron Working (9/33)
    Rome: size=2, prod=Wonder39 (27sh), bldgs=Palace
    Units: 1x Warriors
  [Civ 2] Babylonians (despotism): 1 cities, 1 units, 0g, 5 techs, researching Code of Laws (12/36)
    Babylon: size=1, prod=Wonder45 (33sh), bldgs=Palace
    Units: 1x Warriors
  [Civ 3] Germans (despotism): 1 cities, 2 units, 12g, 5 techs, researching Ceremonial Burial (27/36)
    Berlin: size=2, prod=Settlers (6sh), bldgs=Palace
    Units: 1x Warriors, 1x Archers
  [Civ 4] Egyptians (despotism): 1 cities, 1 units, 11g, 5 techs, researching Alphabet (3/36)
    Thebes: size=1, prod=Wonder41 (33sh), bldgs=Palace
    Units: 1x Warriors
  [Civ 1] Romans turn: 2 actions — MOVE_UNIT(1), UNIT_ORDER(1)

══════════════════════════════════════════════════════════════════════
  TURN 14 — 3740 B.C. (4ms)
══════════════════════════════════════════════════════════════════════
  [Civ 1] Romans (despotism): 1 cities, 1 units, 58g, 4 techs, researching Iron Working (12/33)
    Rome: size=2, prod=Wonder39 (30sh), bldgs=Palace
    Units: 1x Warriors
  [Civ 2] Babylonians (despotism): 1 cities, 1 units, 0g, 5 techs, researching Code of Laws (13/36)
    Babylon: size=1, prod=Wonder45 (36sh), bldgs=Palace
    Units: 1x Warriors
  [Civ 3] Germans (despotism): 1 cities, 2 units, 13g, 5 techs, researching Ceremonial Burial (30/36)
    Berlin: size=2, prod=Settlers (9sh), bldgs=Palace
    Units: 1x Warriors, 1x Archers
  [Civ 4] Egyptians (despotism): 1 cities, 1 units, 12g, 5 techs, researching Alphabet (6/36)
    Thebes: size=1, prod=Wonder41 (36sh), bldgs=Palace
    Units: 1x Warriors
  [Civ 1] Romans turn: 2 actions — MOVE_UNIT(1), UNIT_ORDER(1)

══════════════════════════════════════════════════════════════════════
  TURN 15 — 3720 B.C. (4ms)
══════════════════════════════════════════════════════════════════════
  [Civ 1] Romans (despotism): 1 cities, 1 units, 60g, 4 techs, researching Iron Working (15/33)
    Rome: size=2, prod=Wonder39 (33sh), bldgs=Palace
    Units: 1x Warriors
  [Civ 2] Babylonians (despotism): 1 cities, 1 units, 0g, 5 techs, researching Code of Laws (14/36)
    Babylon: size=1, prod=Wonder45 (39sh), bldgs=Palace
    Units: 1x Warriors
  [Civ 3] Germans (despotism): 1 cities, 2 units, 14g, 5 techs, researching Ceremonial Burial (33/36)
    Berlin: size=2, prod=Settlers (12sh), bldgs=Palace
    Units: 1x Warriors, 1x Archers
  [Civ 4] Egyptians (despotism): 1 cities, 1 units, 13g, 5 techs, researching Alphabet (9/36)
    Thebes: size=1, prod=Wonder41 (39sh), bldgs=Palace
    Units: 1x Warriors
  [Civ 1] Romans turn: 2 actions — MOVE_UNIT(1), UNIT_ORDER(1)
    >>> Germans discovered: Ceremonial Burial
    SET_RESEARCH tech=Mysticism

══════════════════════════════════════════════════════════════════════
  TURN 16 — 3700 B.C. (5ms)
══════════════════════════════════════════════════════════════════════
  [Civ 1] Romans (despotism): 1 cities, 1 units, 62g, 4 techs, researching Iron Working (18/33)
    Rome: size=2, prod=Wonder39 (36sh), bldgs=Palace
    Units: 1x Warriors
  [Civ 2] Babylonians (despotism): 1 cities, 1 units, 0g, 5 techs, researching Code of Laws (15/36)
    Babylon: size=1, prod=Wonder45 (42sh), bldgs=Palace
    Units: 1x Warriors
  [Civ 3] Germans (despotism): 1 cities, 2 units, 14g, 6 techs, researching Mysticism (0/36)
    Berlin: size=2, prod=Settlers (15sh), bldgs=Palace
    Units: 1x Warriors, 1x Archers
  [Civ 4] Egyptians (despotism): 1 cities, 1 units, 14g, 5 techs, researching Alphabet (12/36)
    Thebes: size=1, prod=Wonder41 (42sh), bldgs=Palace
    Units: 1x Warriors
  [Civ 1] Romans turn: 2 actions — MOVE_UNIT(1), UNIT_ORDER(1)

══════════════════════════════════════════════════════════════════════
  TURN 17 — 3680 B.C. (4ms)
══════════════════════════════════════════════════════════════════════
  [Civ 1] Romans (despotism): 1 cities, 1 units, 64g, 5 techs, researching Iron Working (21/36)
    Rome: size=2, prod=Wonder39 (39sh), bldgs=Palace
    Units: 1x Warriors
  [Civ 2] Babylonians (despotism): 1 cities, 1 units, 0g, 5 techs, researching Code of Laws (16/36)
    Babylon: size=1, prod=Wonder45 (45sh), bldgs=Palace
    Units: 1x Warriors
  [Civ 3] Germans (despotism): 1 cities, 2 units, 15g, 6 techs, researching Mysticism (3/36)
    Berlin: size=2, prod=Settlers (18sh), bldgs=Palace
    Units: 1x Warriors, 1x Archers
  [Civ 4] Egyptians (despotism): 1 cities, 1 units, 15g, 5 techs, researching Alphabet (15/36)
    Thebes: size=1, prod=Wonder41 (45sh), bldgs=Palace
    Units: 1x Warriors
  [Civ 1] Romans turn: 2 actions — MOVE_UNIT(1), UNIT_ORDER(1)
    END_TURN REJECTED: 1 units still need orders
      #9 Chariot(Atk) @(40,8) mv=6 ord=none hp=full

══════════════════════════════════════════════════════════════════════
  TURN 18 — 3660 B.C. (5ms)
══════════════════════════════════════════════════════════════════════
  [Civ 1] Romans (despotism): 1 cities, 1 units, 66g, 5 techs, researching Iron Working (24/36)
    Rome: size=2, prod=Wonder39 (42sh), bldgs=Palace
    Units: 1x Warriors
  [Civ 2] Babylonians (despotism): 1 cities, 1 units, 0g, 6 techs, researching Code of Laws (17/36)
    Babylon: size=1, prod=Wonder45 (48sh), bldgs=Palace
    Units: 1x Warriors
  [Civ 3] Germans (despotism): 1 cities, 3 units, 16g, 6 techs, researching Mysticism (6/36)
    Berlin: size=2, prod=Settlers (21sh), bldgs=Palace
    Units: 1x Warriors, 1x Archers, 1x Chariot
  [Civ 4] Egyptians (despotism): 1 cities, 1 units, 16g, 5 techs, researching Alphabet (18/36)
    Thebes: size=1, prod=Wonder41 (48sh), bldgs=Palace
    Units: 1x Warriors
  [Civ 1] Romans turn: 2 actions — MOVE_UNIT(1), UNIT_ORDER(1)

══════════════════════════════════════════════════════════════════════
  TURN 19 — 3640 B.C. (4ms)
══════════════════════════════════════════════════════════════════════
  [Civ 1] Romans (despotism): 1 cities, 1 units, 68g, 5 techs, researching Iron Working (27/36)
    Rome: size=2, prod=Wonder39 (45sh), bldgs=Palace
    Units: 1x Warriors
  [Civ 2] Babylonians (despotism): 1 cities, 1 units, 0g, 6 techs, researching Code of Laws (18/36)
    Babylon: size=1, prod=Wonder45 (51sh), bldgs=Palace
    Units: 1x Warriors
  [Civ 3] Germans (despotism): 1 cities, 3 units, 17g, 6 techs, researching Mysticism (9/36)
    Berlin: size=2, prod=Settlers (24sh), bldgs=Palace
    Units: 1x Warriors, 1x Archers, 1x Chariot
  [Civ 4] Egyptians (despotism): 1 cities, 1 units, 17g, 5 techs, researching Alphabet (21/36)
    Thebes: size=1, prod=Wonder41 (51sh), bldgs=Palace
    Units: 1x Warriors
  [Civ 1] Romans turn: 2 actions — MOVE_UNIT(1), UNIT_ORDER(1)

══════════════════════════════════════════════════════════════════════
  TURN 20 — 3620 B.C. (3ms)
══════════════════════════════════════════════════════════════════════
  [Civ 1] Romans (despotism): 1 cities, 1 units, 70g, 5 techs, researching Iron Working (30/36)
    Rome: size=2, prod=Wonder39 (48sh), bldgs=Palace
    Units: 1x Warriors
  [Civ 2] Babylonians (despotism): 1 cities, 1 units, 0g, 6 techs, researching Code of Laws (19/36)
    Babylon: size=1, prod=Wonder45 (54sh), bldgs=Palace
    Units: 1x Warriors
  [Civ 3] Germans (despotism): 1 cities, 3 units, 18g, 6 techs, researching Mysticism (12/36)
    Berlin: size=2, prod=Settlers (27sh), bldgs=Palace
    Units: 1x Warriors, 1x Archers, 1x Chariot
  [Civ 4] Egyptians (despotism): 1 cities, 1 units, 18g, 5 techs, researching Alphabet (24/36)
    Thebes: size=1, prod=Wonder41 (54sh), bldgs=Palace
    Units: 1x Warriors
  [Civ 1] Romans turn: 2 actions — MOVE_UNIT(1), UNIT_ORDER(1)
    >>> Babylon grew to size 2
    >>> Thebes grew to size 2

══════════════════════════════════════════════════════════════════════
  TURN 21 — 3600 B.C. (4ms)
══════════════════════════════════════════════════════════════════════
  [Civ 1] Romans (despotism): 1 cities, 1 units, 72g, 5 techs, researching Iron Working (33/36)
    Rome: size=2, prod=Wonder39 (51sh), bldgs=Palace
    Units: 1x Warriors
  [Civ 2] Babylonians (despotism): 1 cities, 1 units, 0g, 6 techs, researching Code of Laws (21/36)
    Babylon: size=2, prod=Wonder45 (57sh), bldgs=Palace
    Units: 1x Warriors
  [Civ 3] Germans (despotism): 1 cities, 3 units, 19g, 6 techs, researching Mysticism (15/36)
    Berlin: size=2, prod=Settlers (30sh), bldgs=Palace
    Units: 1x Warriors, 1x Archers, 1x Chariot
  [Civ 4] Egyptians (despotism): 1 cities, 1 units, 19g, 5 techs, researching Alphabet (28/36)
    Thebes: size=2, prod=Wonder41 (57sh), bldgs=Palace
    Units: 1x Warriors
  [Civ 1] Romans turn: 2 actions — MOVE_UNIT(1), UNIT_ORDER(1)
    >>> Romans discovered: Iron Working

══════════════════════════════════════════════════════════════════════
  TURN 22 — 3580 B.C. (4ms)
══════════════════════════════════════════════════════════════════════
  [Civ 1] Romans (despotism): 1 cities, 1 units, 72g, 6 techs, researching none (0/36)
    Rome: size=2, prod=Wonder39 (54sh), bldgs=Palace
    Units: 1x Warriors
  [Civ 2] Babylonians (despotism): 1 cities, 1 units, 0g, 6 techs, researching Code of Laws (23/36)
    Babylon: size=2, prod=Wonder45 (61sh), bldgs=Palace
    Units: 1x Warriors
  [Civ 3] Germans (despotism): 1 cities, 3 units, 20g, 6 techs, researching Mysticism (18/36)
    Berlin: size=2, prod=Settlers (33sh), bldgs=Palace
    Units: 1x Warriors, 1x Archers, 1x Chariot
  [Civ 4] Egyptians (despotism): 1 cities, 1 units, 20g, 5 techs, researching Alphabet (32/36)
    Thebes: size=2, prod=Wonder41 (61sh), bldgs=Palace
    Units: 1x Warriors
  [Civ 1] Romans turn: 3 actions — SET_RESEARCH(1), MOVE_UNIT(1), UNIT_ORDER(1)
    SET_RESEARCH tech=Alphabet
    >>> Egyptians discovered: Alphabet
    SET_RESEARCH tech=Map Making

══════════════════════════════════════════════════════════════════════
  TURN 23 — 3560 B.C. (5ms)
══════════════════════════════════════════════════════════════════════
  [Civ 1] Romans (despotism): 1 cities, 1 units, 74g, 6 techs, researching Alphabet (3/36)
    Rome: size=2, prod=Wonder39 (57sh), bldgs=Palace
    Units: 1x Warriors
  [Civ 2] Babylonians (despotism): 1 cities, 1 units, 0g, 6 techs, researching Code of Laws (25/36)
    Babylon: size=2, prod=Wonder45 (65sh), bldgs=Palace
    Units: 1x Warriors
  [Civ 3] Germans (despotism): 1 cities, 3 units, 21g, 6 techs, researching Mysticism (21/36)
    Berlin: size=2, prod=Settlers (36sh), bldgs=Palace
    Units: 1x Warriors, 1x Archers, 1x Chariot
  [Civ 4] Egyptians (despotism): 1 cities, 1 units, 20g, 6 techs, researching Map Making (0/36)
    Thebes: size=2, prod=Wonder41 (65sh), bldgs=Palace
    Units: 1x Warriors
  [Civ 1] Romans turn: 2 actions — MOVE_UNIT(1), UNIT_ORDER(1)

══════════════════════════════════════════════════════════════════════
  TURN 24 — 3540 B.C. (4ms)
══════════════════════════════════════════════════════════════════════
  [Civ 1] Romans (despotism): 1 cities, 1 units, 76g, 7 techs, researching Alphabet (6/33)
    Rome: size=2, prod=Wonder39 (60sh), bldgs=Palace
    Units: 1x Warriors
  [Civ 2] Babylonians (despotism): 1 cities, 1 units, 0g, 6 techs, researching Code of Laws (27/36)
    Babylon: size=2, prod=Wonder45 (69sh), bldgs=Palace
    Units: 1x Warriors
  [Civ 3] Germans (despotism): 1 cities, 3 units, 22g, 6 techs, researching Mysticism (24/36)
    Berlin: size=2, prod=Settlers (39sh), bldgs=Palace
    Units: 1x Warriors, 1x Archers, 1x Chariot
  [Civ 4] Egyptians (despotism): 1 cities, 1 units, 21g, 6 techs, researching Map Making (4/36)
    Thebes: size=2, prod=Wonder41 (69sh), bldgs=Palace
    Units: 1x Warriors
  [Civ 1] Romans turn: 3 actions — SET_RESEARCH(1), MOVE_UNIT(1), UNIT_ORDER(1)
    SET_RESEARCH tech=Map Making
    >>> Berlin built Settlers
    >>> Rome grew to size 3

══════════════════════════════════════════════════════════════════════
  TURN 25 — 3520 B.C. (4ms)
══════════════════════════════════════════════════════════════════════
  [Civ 1] Romans (despotism): 1 cities, 1 units, 78g, 7 techs, researching Map Making (10/33)
    Rome: size=3, prod=Wonder39 (63sh), bldgs=Palace
    Units: 1x Warriors
  [Civ 2] Babylonians (despotism): 1 cities, 1 units, 0g, 6 techs, researching Code of Laws (29/36)
    Babylon: size=2, prod=Wonder45 (73sh), bldgs=Palace
    Units: 1x Warriors
  [Civ 3] Germans (despotism): 1 cities, 4 units, 23g, 7 techs, researching Mysticism (26/33)
    Berlin: size=1, prod=Settlers (2sh), bldgs=Palace
    Units: 1x Warriors, 1x Archers, 1x Chariot, 1x Settlers
  [Civ 4] Egyptians (despotism): 1 cities, 1 units, 22g, 6 techs, researching Map Making (8/36)
    Thebes: size=2, prod=Wonder41 (73sh), bldgs=Palace
    Units: 1x Warriors
  [Civ 1] Romans turn: 2 actions — MOVE_UNIT(1), UNIT_ORDER(1)

══════════════════════════════════════════════════════════════════════
  TURN 26 — 3500 B.C. (16ms)
══════════════════════════════════════════════════════════════════════
  [Civ 1] Romans (despotism): 1 cities, 1 units, 80g, 7 techs, researching Map Making (14/33)
    Rome: size=3, prod=Wonder39 (67sh), bldgs=Palace
    Units: 1x Warriors
  [Civ 2] Babylonians (despotism): 1 cities, 1 units, 0g, 6 techs, researching Code of Laws (31/36)
    Babylon: size=2, prod=Wonder45 (77sh), bldgs=Palace
    Units: 1x Warriors
  [Civ 3] Germans (despotism): 1 cities, 4 units, 24g, 7 techs, researching Mysticism (28/33)
    Berlin: size=1, prod=Settlers (5sh), bldgs=Palace
    Units: 1x Warriors, 1x Archers, 1x Chariot, 1x Settlers
  [Civ 4] Egyptians (despotism): 1 cities, 1 units, 23g, 6 techs, researching Map Making (12/36)
    Thebes: size=2, prod=Wonder41 (77sh), bldgs=Palace
    Units: 1x Warriors
  [Civ 1] Romans turn: 2 actions — MOVE_UNIT(1), UNIT_ORDER(1)

══════════════════════════════════════════════════════════════════════
  TURN 27 — 3480 B.C. (6ms)
══════════════════════════════════════════════════════════════════════
  [Civ 1] Romans (despotism): 1 cities, 1 units, 82g, 7 techs, researching Map Making (18/33)
    Rome: size=3, prod=Wonder39 (71sh), bldgs=Palace
    Units: 1x Warriors
  [Civ 2] Babylonians (despotism): 1 cities, 1 units, 0g, 6 techs, researching Code of Laws (33/36)
    Babylon: size=2, prod=Wonder45 (81sh), bldgs=Palace
    Units: 1x Warriors
  [Civ 3] Germans (despotism): 1 cities, 4 units, 25g, 7 techs, researching Mysticism (30/33)
    Berlin: size=1, prod=Settlers (8sh), bldgs=Palace
    Units: 1x Warriors, 1x Archers, 1x Chariot, 1x Settlers
  [Civ 4] Egyptians (despotism): 1 cities, 1 units, 24g, 6 techs, researching Map Making (16/36)
    Thebes: size=2, prod=Wonder41 (81sh), bldgs=Palace
    Units: 1x Warriors
  [Civ 1] Romans turn: 2 actions — MOVE_UNIT(1), UNIT_ORDER(1)

══════════════════════════════════════════════════════════════════════
  TURN 28 — 3460 B.C. (4ms)
══════════════════════════════════════════════════════════════════════
  [Civ 1] Romans (despotism): 1 cities, 1 units, 84g, 7 techs, researching Map Making (22/33)
    Rome: size=3, prod=Wonder39 (75sh), bldgs=Palace
    Units: 1x Warriors
  [Civ 2] Babylonians (despotism): 1 cities, 1 units, 0g, 6 techs, researching Code of Laws (35/36)
    Babylon: size=2, prod=Wonder45 (85sh), bldgs=Palace
    Units: 1x Warriors
  [Civ 3] Germans (despotism): 1 cities, 4 units, 26g, 7 techs, researching Mysticism (32/33)
    Berlin: size=1, prod=Settlers (11sh), bldgs=Palace
    Units: 1x Warriors, 1x Archers, 1x Chariot, 1x Settlers
  [Civ 4] Egyptians (despotism): 1 cities, 1 units, 25g, 6 techs, researching Map Making (20/36)
    Thebes: size=2, prod=Wonder41 (85sh), bldgs=Palace
    Units: 1x Warriors
  [Civ 1] Romans turn: 2 actions — MOVE_UNIT(1), UNIT_ORDER(1)
    >>> Babylonians discovered: Code of Laws
    SET_RESEARCH tech=Map Making
    >>> Germans discovered: Mysticism
    SET_RESEARCH tech=Map Making

══════════════════════════════════════════════════════════════════════
  TURN 29 — 3440 B.C. (6ms)
══════════════════════════════════════════════════════════════════════
  [Civ 1] Romans (despotism): 1 cities, 1 units, 86g, 7 techs, researching Map Making (26/33)
    Rome: size=3, prod=Wonder39 (79sh), bldgs=Palace
    Units: 1x Warriors
  [Civ 2] Babylonians (despotism): 1 cities, 1 units, 0g, 7 techs, researching Map Making (0/33)
    Babylon: size=2, prod=Wonder45 (89sh), bldgs=Palace
    Units: 1x Warriors
  [Civ 3] Germans (despotism): 1 cities, 4 units, 26g, 8 techs, researching Map Making (0/28)
    Berlin: size=1, prod=Settlers (14sh), bldgs=Palace
    Units: 1x Warriors, 1x Archers, 1x Chariot, 1x Settlers
  [Civ 4] Egyptians (despotism): 1 cities, 1 units, 26g, 6 techs, researching Map Making (24/36)
    Thebes: size=2, prod=Wonder41 (89sh), bldgs=Palace
    Units: 1x Warriors
  [Civ 1] Romans turn: 2 actions — MOVE_UNIT(1), UNIT_ORDER(1)

══════════════════════════════════════════════════════════════════════
  TURN 30 — 3420 B.C. (9ms)
══════════════════════════════════════════════════════════════════════
  [Civ 1] Romans (despotism): 1 cities, 1 units, 88g, 7 techs, researching Map Making (30/33)
    Rome: size=3, prod=Wonder39 (83sh), bldgs=Palace
    Units: 1x Warriors
  [Civ 2] Babylonians (despotism): 1 cities, 1 units, 0g, 7 techs, researching Map Making (2/33)
    Babylon: size=2, prod=Wonder45 (93sh), bldgs=Palace
    Units: 1x Warriors
  [Civ 3] Germans (despotism): 1 cities, 4 units, 27g, 8 techs, researching Map Making (2/28)
    Berlin: size=1, prod=Settlers (17sh), bldgs=Palace
    Units: 1x Warriors, 1x Archers, 1x Chariot, 1x Settlers
  [Civ 4] Egyptians (despotism): 1 cities, 1 units, 27g, 6 techs, researching Map Making (28/36)
    Thebes: size=2, prod=Wonder41 (93sh), bldgs=Palace
    Units: 1x Warriors
  [Civ 1] Romans turn: 2 actions — MOVE_UNIT(1), UNIT_ORDER(1)
    >>> Romans discovered: Map Making

══════════════════════════════════════════════════════════════════════
  TURN 31 — 3400 B.C. (7ms)
══════════════════════════════════════════════════════════════════════
  [Civ 1] Romans (despotism): 1 cities, 1 units, 88g, 8 techs, researching none (0/28)
    Rome: size=3, prod=Wonder39 (87sh), bldgs=Palace
    Units: 1x Warriors
  [Civ 2] Babylonians (despotism): 1 cities, 1 units, 0g, 7 techs, researching Map Making (4/33)
    Babylon: size=2, prod=Wonder45 (97sh), bldgs=Palace
    Units: 1x Warriors
  [Civ 3] Germans (despotism): 1 cities, 4 units, 28g, 8 techs, researching Map Making (4/28)
    Berlin: size=1, prod=Settlers (20sh), bldgs=Palace
    Units: 1x Warriors, 1x Archers, 1x Chariot, 1x Settlers
  [Civ 4] Egyptians (despotism): 1 cities, 1 units, 28g, 6 techs, researching Map Making (32/36)
    Thebes: size=2, prod=Wonder41 (97sh), bldgs=Palace
    Units: 1x Warriors
  [Civ 1] Romans turn: 3 actions — SET_RESEARCH(1), MOVE_UNIT(1), UNIT_ORDER(1)
    SET_RESEARCH tech=Mathematics
    >>> Egyptians discovered: Map Making
    SET_RESEARCH tech=Currency

══════════════════════════════════════════════════════════════════════
  TURN 32 — 3380 B.C. (5ms)
══════════════════════════════════════════════════════════════════════
  [Civ 1] Romans (despotism): 1 cities, 1 units, 90g, 8 techs, researching Mathematics (4/28)
    Rome: size=3, prod=Wonder39 (91sh), bldgs=Palace
    Units: 1x Warriors
  [Civ 2] Babylonians (despotism): 1 cities, 1 units, 0g, 7 techs, researching Map Making (6/33)
    Babylon: size=2, prod=Wonder45 (101sh), bldgs=Palace
    Units: 1x Warriors
  [Civ 3] Germans (despotism): 1 cities, 4 units, 29g, 8 techs, researching Map Making (6/28)
    Berlin: size=1, prod=Settlers (23sh), bldgs=Palace
    Units: 1x Warriors, 1x Archers, 1x Chariot, 1x Settlers
  [Civ 4] Egyptians (despotism): 1 cities, 1 units, 28g, 7 techs, researching Currency (0/33)
    Thebes: size=2, prod=Wonder41 (101sh), bldgs=Palace
    Units: 1x Warriors
  [Civ 1] Romans turn: 5 actions — ADJUST_ATTITUDE(3), MOVE_UNIT(1), UNIT_ORDER(1)
    ADJUST_ATTITUDE target=civ2
    ADJUST_ATTITUDE target=civ3
    ADJUST_ATTITUDE target=civ4
    ADJUST_ATTITUDE target=civ1
    ADJUST_ATTITUDE target=civ3
    ADJUST_ATTITUDE target=civ4
    ADJUST_ATTITUDE target=civ1
    ADJUST_ATTITUDE target=civ2
    ADJUST_ATTITUDE target=civ4
    ADJUST_ATTITUDE target=civ1
    ADJUST_ATTITUDE target=civ2
    ADJUST_ATTITUDE target=civ3

══════════════════════════════════════════════════════════════════════
  TURN 33 — 3360 B.C. (5ms)
══════════════════════════════════════════════════════════════════════
  [Civ 1] Romans (despotism): 1 cities, 1 units, 92g, 8 techs, researching Mathematics (8/28)
    Rome: size=3, prod=Wonder39 (95sh), bldgs=Palace
    Units: 1x Warriors
  [Civ 2] Babylonians (despotism): 1 cities, 1 units, 0g, 7 techs, researching Map Making (8/33)
    Babylon: size=2, prod=Wonder45 (105sh), bldgs=Palace
    Units: 1x Warriors
  [Civ 3] Germans (despotism): 1 cities, 4 units, 30g, 8 techs, researching Map Making (8/28)
    Berlin: size=1, prod=Settlers (26sh), bldgs=Palace
    Units: 1x Warriors, 1x Archers, 1x Chariot, 1x Settlers
  [Civ 4] Egyptians (despotism): 1 cities, 1 units, 29g, 7 techs, researching Currency (4/33)
    Thebes: size=2, prod=Wonder41 (105sh), bldgs=Palace
    Units: 1x Warriors
  [Civ 1] Romans turn: 2 actions — MOVE_UNIT(1), UNIT_ORDER(1)
    SET_RESEARCH tech=Currency
    SET_RESEARCH tech=Seafaring

══════════════════════════════════════════════════════════════════════
  TURN 34 — 3340 B.C. (4ms)
══════════════════════════════════════════════════════════════════════
  [Civ 1] Romans (despotism): 1 cities, 1 units, 94g, 8 techs, researching Mathematics (12/28)
    Rome: size=3, prod=Wonder39 (99sh), bldgs=Palace
    Units: 1x Warriors
  [Civ 2] Babylonians (despotism): 1 cities, 1 units, 0g, 8 techs, researching Currency (10/28)
    Babylon: size=2, prod=Wonder45 (109sh), bldgs=Palace
    Units: 1x Warriors
  [Civ 3] Germans (despotism): 1 cities, 4 units, 31g, 9 techs, researching Seafaring (10/32)
    Berlin: size=1, prod=Settlers (29sh), bldgs=Palace
    Units: 1x Warriors, 1x Archers, 1x Chariot, 1x Settlers
  [Civ 4] Egyptians (despotism): 1 cities, 1 units, 30g, 7 techs, researching Currency (8/33)
    Thebes: size=2, prod=Wonder41 (109sh), bldgs=Palace
    Units: 1x Warriors
  [Civ 1] Romans turn: 2 actions — MOVE_UNIT(1), UNIT_ORDER(1)

══════════════════════════════════════════════════════════════════════
  TURN 35 — 3320 B.C. (4ms)
══════════════════════════════════════════════════════════════════════
  [Civ 1] Romans (despotism): 1 cities, 1 units, 96g, 8 techs, researching Mathematics (16/28)
    Rome: size=3, prod=Wonder39 (103sh), bldgs=Palace
    Units: 1x Warriors
  [Civ 2] Babylonians (despotism): 1 cities, 1 units, 0g, 8 techs, researching Currency (12/28)
    Babylon: size=2, prod=Wonder45 (113sh), bldgs=Palace
    Units: 1x Warriors
  [Civ 3] Germans (despotism): 1 cities, 4 units, 32g, 9 techs, researching Seafaring (12/32)
    Berlin: size=1, prod=Settlers (32sh), bldgs=Palace
    Units: 1x Warriors, 1x Archers, 1x Chariot, 1x Settlers
  [Civ 4] Egyptians (despotism): 1 cities, 1 units, 31g, 7 techs, researching Currency (12/33)
    Thebes: size=2, prod=Wonder41 (113sh), bldgs=Palace
    Units: 1x Warriors
  [Civ 1] Romans turn: 2 actions — MOVE_UNIT(1), UNIT_ORDER(1)

══════════════════════════════════════════════════════════════════════
  TURN 36 — 3300 B.C. (4ms)
══════════════════════════════════════════════════════════════════════
  [Civ 1] Romans (despotism): 1 cities, 1 units, 98g, 8 techs, researching Mathematics (20/28)
    Rome: size=3, prod=Wonder39 (107sh), bldgs=Palace
    Units: 1x Warriors
  [Civ 2] Babylonians (despotism): 1 cities, 1 units, 0g, 8 techs, researching Currency (14/28)
    Babylon: size=2, prod=Wonder45 (117sh), bldgs=Palace
    Units: 1x Warriors
  [Civ 3] Germans (despotism): 1 cities, 4 units, 33g, 9 techs, researching Seafaring (14/32)
    Berlin: size=1, prod=Settlers (35sh), bldgs=Palace
    Units: 1x Warriors, 1x Archers, 1x Chariot, 1x Settlers
  [Civ 4] Egyptians (despotism): 1 cities, 1 units, 32g, 7 techs, researching Currency (16/33)
    Thebes: size=2, prod=Wonder41 (117sh), bldgs=Palace
    Units: 1x Warriors
  [Civ 1] Romans turn: 2 actions — MOVE_UNIT(1), UNIT_ORDER(1)

══════════════════════════════════════════════════════════════════════
  TURN 37 — 3280 B.C. (4ms)
══════════════════════════════════════════════════════════════════════
  [Civ 1] Romans (despotism): 1 cities, 1 units, 100g, 8 techs, researching Mathematics (24/28)
    Rome: size=3, prod=Wonder39 (111sh), bldgs=Palace
    Units: 1x Warriors
  [Civ 2] Babylonians (despotism): 1 cities, 1 units, 0g, 8 techs, researching Currency (16/28)
    Babylon: size=2, prod=Wonder45 (121sh), bldgs=Palace
    Units: 1x Warriors
  [Civ 3] Germans (despotism): 1 cities, 4 units, 34g, 9 techs, researching Seafaring (16/32)
    Berlin: size=1, prod=Settlers (38sh), bldgs=Palace
    Units: 1x Warriors, 1x Archers, 1x Chariot, 1x Settlers
  [Civ 4] Egyptians (despotism): 1 cities, 1 units, 33g, 7 techs, researching Currency (20/33)
    Thebes: size=2, prod=Wonder41 (121sh), bldgs=Palace
    Units: 1x Warriors
  [Civ 1] Romans turn: 2 actions — MOVE_UNIT(1), UNIT_ORDER(1)
    >>> Berlin built Settlers
    >>> Romans discovered: Mathematics

══════════════════════════════════════════════════════════════════════
  TURN 38 — 3260 B.C. (7ms)
══════════════════════════════════════════════════════════════════════
  [Civ 1] Romans (despotism): 1 cities, 1 units, 100g, 9 techs, researching none (0/32)
    Rome: size=3, prod=Wonder39 (115sh), bldgs=Palace
    Units: 1x Warriors
  [Civ 2] Babylonians (despotism): 1 cities, 1 units, 0g, 8 techs, researching Currency (18/28)
    Babylon: size=2, prod=Wonder45 (125sh), bldgs=Palace
    Units: 1x Warriors
  [Civ 3] Germans (despotism): 1 cities, 5 units, 35g, 9 techs, researching Seafaring (18/32)
    Berlin: size=1, prod=Settlers (1sh), bldgs=Palace
    Units: 1x Warriors, 1x Archers, 1x Chariot, 2x Settlers
  [Civ 4] Egyptians (despotism): 1 cities, 1 units, 34g, 7 techs, researching Currency (24/33)
    Thebes: size=2, prod=Wonder41 (125sh), bldgs=Palace
    Units: 1x Warriors
  [Civ 1] Romans turn: 3 actions — SET_RESEARCH(1), MOVE_UNIT(1), UNIT_ORDER(1)
    SET_RESEARCH tech=Currency

══════════════════════════════════════════════════════════════════════
  TURN 39 — 3240 B.C. (13ms)
══════════════════════════════════════════════════════════════════════
  [Civ 1] Romans (despotism): 1 cities, 1 units, 102g, 9 techs, researching Currency (4/32)
    Rome: size=3, prod=Wonder39 (119sh), bldgs=Palace
    Units: 1x Warriors
  [Civ 2] Babylonians (despotism): 1 cities, 1 units, 0g, 8 techs, researching Currency (20/28)
    Babylon: size=2, prod=Wonder45 (129sh), bldgs=Palace
    Units: 1x Warriors
  [Civ 3] Germans (despotism): 1 cities, 5 units, 36g, 9 techs, researching Seafaring (20/32)
    Berlin: size=1, prod=Settlers (3sh), bldgs=Palace
    Units: 1x Warriors, 1x Archers, 1x Chariot, 2x Settlers
  [Civ 4] Egyptians (despotism): 1 cities, 1 units, 35g, 7 techs, researching Currency (28/33)
    Thebes: size=2, prod=Wonder41 (129sh), bldgs=Palace
    Units: 1x Warriors
  [Civ 1] Romans turn: 2 actions — MOVE_UNIT(1), UNIT_ORDER(1)

══════════════════════════════════════════════════════════════════════
  TURN 40 — 3220 B.C. (6ms)
══════════════════════════════════════════════════════════════════════
  [Civ 1] Romans (despotism): 1 cities, 1 units, 104g, 9 techs, researching Currency (8/32)
    Rome: size=3, prod=Wonder39 (123sh), bldgs=Palace
    Units: 1x Warriors
  [Civ 2] Babylonians (despotism): 1 cities, 1 units, 0g, 8 techs, researching Currency (22/28)
    Babylon: size=2, prod=Wonder45 (133sh), bldgs=Palace
    Units: 1x Warriors
  [Civ 3] Germans (despotism): 1 cities, 5 units, 37g, 9 techs, researching Seafaring (22/32)
    Berlin: size=1, prod=Settlers (5sh), bldgs=Palace
    Units: 1x Warriors, 1x Archers, 1x Chariot, 2x Settlers
  [Civ 4] Egyptians (despotism): 1 cities, 1 units, 36g, 7 techs, researching Currency (32/33)
    Thebes: size=2, prod=Wonder41 (133sh), bldgs=Palace
    Units: 1x Warriors
  [Civ 1] Romans turn: 2 actions — MOVE_UNIT(1), UNIT_ORDER(1)
    >>> Egyptians discovered: Currency
    SET_RESEARCH tech=Construction

══════════════════════════════════════════════════════════════════════
  TURN 41 — 3200 B.C. (7ms)
══════════════════════════════════════════════════════════════════════
  [Civ 1] Romans (despotism): 1 cities, 1 units, 106g, 9 techs, researching Currency (12/32)
    Rome: size=3, prod=Wonder39 (127sh), bldgs=Palace
    Units: 1x Warriors
  [Civ 2] Babylonians (despotism): 1 cities, 1 units, 0g, 8 techs, researching Currency (24/28)
    Babylon: size=2, prod=Wonder45 (137sh), bldgs=Palace
    Units: 1x Warriors
  [Civ 3] Germans (despotism): 1 cities, 5 units, 38g, 9 techs, researching Seafaring (24/32)
    Berlin: size=1, prod=Settlers (7sh), bldgs=Palace
    Units: 1x Warriors, 1x Archers, 1x Chariot, 2x Settlers
  [Civ 4] Egyptians (despotism): 1 cities, 1 units, 36g, 8 techs, researching Construction (0/28)
    Thebes: size=2, prod=Wonder41 (137sh), bldgs=Palace
    Units: 1x Warriors
  [Civ 1] Romans turn: 2 actions — MOVE_UNIT(1), UNIT_ORDER(1)

══════════════════════════════════════════════════════════════════════
  TURN 42 — 3180 B.C. (5ms)
══════════════════════════════════════════════════════════════════════
  [Civ 1] Romans (despotism): 1 cities, 1 units, 108g, 9 techs, researching Currency (16/32)
    Rome: size=3, prod=Wonder39 (131sh), bldgs=Palace
    Units: 1x Warriors
  [Civ 2] Babylonians (despotism): 1 cities, 1 units, 0g, 8 techs, researching Currency (26/28)
    Babylon: size=2, prod=Wonder45 (141sh), bldgs=Palace
    Units: 1x Warriors
  [Civ 3] Germans (despotism): 1 cities, 5 units, 39g, 9 techs, researching Seafaring (26/32)
    Berlin: size=1, prod=Settlers (9sh), bldgs=Palace
    Units: 1x Warriors, 1x Archers, 1x Chariot, 2x Settlers
  [Civ 4] Egyptians (despotism): 1 cities, 1 units, 37g, 8 techs, researching Construction (4/28)
    Thebes: size=2, prod=Wonder41 (141sh), bldgs=Palace
    Units: 1x Warriors
  [Civ 1] Romans turn: 2 actions — MOVE_UNIT(1), UNIT_ORDER(1)
    >>> Babylonians discovered: Currency
    SET_RESEARCH tech=Construction

══════════════════════════════════════════════════════════════════════
  TURN 43 — 3160 B.C. (5ms)
══════════════════════════════════════════════════════════════════════
  [Civ 1] Romans (despotism): 1 cities, 1 units, 110g, 9 techs, researching Currency (20/32)
    Rome: size=3, prod=Wonder39 (135sh), bldgs=Palace
    Units: 1x Warriors
  [Civ 2] Babylonians (despotism): 1 cities, 1 units, 0g, 9 techs, researching Construction (0/32)
    Babylon: size=2, prod=Wonder45 (145sh), bldgs=Palace
    Units: 1x Warriors
  [Civ 3] Germans (despotism): 1 cities, 5 units, 40g, 9 techs, researching Seafaring (28/32)
    Berlin: size=1, prod=Settlers (11sh), bldgs=Palace
    Units: 1x Warriors, 1x Archers, 1x Chariot, 2x Settlers
  [Civ 4] Egyptians (despotism): 1 cities, 1 units, 38g, 8 techs, researching Construction (8/28)
    Thebes: size=2, prod=Wonder41 (145sh), bldgs=Palace
    Units: 1x Warriors
  [Civ 1] Romans turn: 2 actions — MOVE_UNIT(1), UNIT_ORDER(1)
    >>> Romans discovered: Currency

══════════════════════════════════════════════════════════════════════
  TURN 44 — 3140 B.C. (5ms)
══════════════════════════════════════════════════════════════════════
  [Civ 1] Romans (despotism): 1 cities, 1 units, 110g, 10 techs, researching none (0/48)
    Rome: size=3, prod=Wonder39 (139sh), bldgs=Palace
    Units: 1x Warriors
  [Civ 2] Babylonians (despotism): 1 cities, 1 units, 0g, 9 techs, researching Construction (2/21)
    Babylon: size=2, prod=Wonder45 (149sh), bldgs=Palace
    Units: 1x Warriors
  [Civ 3] Germans (despotism): 1 cities, 5 units, 41g, 10 techs, researching Seafaring (30/48)
    Berlin: size=1, prod=Settlers (13sh), bldgs=Palace
    Units: 1x Warriors, 1x Archers, 1x Chariot, 2x Settlers
  [Civ 4] Egyptians (despotism): 1 cities, 1 units, 39g, 8 techs, researching Construction (12/28)
    Thebes: size=2, prod=Wonder41 (149sh), bldgs=Palace
    Units: 1x Warriors
  [Civ 1] Romans turn: 3 actions — SET_RESEARCH(1), MOVE_UNIT(1), UNIT_ORDER(1)
    SET_RESEARCH tech=Construction
    >>> Rome grew to size 4

══════════════════════════════════════════════════════════════════════
  TURN 45 — 3120 B.C. (7ms)
══════════════════════════════════════════════════════════════════════
  [Civ 1] Romans (despotism): 1 cities, 1 units, 112g, 10 techs, researching Construction (5/48)
    Rome: size=4, prod=Wonder39 (143sh), bldgs=Palace
    Units: 1x Warriors
  [Civ 2] Babylonians (despotism): 1 cities, 1 units, 0g, 9 techs, researching Construction (4/21)
    Babylon: size=2, prod=Wonder45 (153sh), bldgs=Palace
    Units: 1x Warriors
  [Civ 3] Germans (despotism): 1 cities, 5 units, 42g, 10 techs, researching Seafaring (32/48)
    Berlin: size=1, prod=Settlers (15sh), bldgs=Palace
    Units: 1x Warriors, 1x Archers, 1x Chariot, 2x Settlers
  [Civ 4] Egyptians (despotism): 1 cities, 1 units, 40g, 8 techs, researching Construction (16/28)
    Thebes: size=2, prod=Wonder41 (153sh), bldgs=Palace
    Units: 1x Warriors
  [Civ 1] Romans turn: 2 actions — MOVE_UNIT(1), UNIT_ORDER(1)

══════════════════════════════════════════════════════════════════════
  TURN 46 — 3100 B.C. (3ms)
══════════════════════════════════════════════════════════════════════
  [Civ 1] Romans (despotism): 1 cities, 1 units, 114g, 10 techs, researching Construction (10/48)
    Rome: size=4, prod=Wonder39 (148sh), bldgs=Palace
    Units: 1x Warriors
  [Civ 2] Babylonians (despotism): 1 cities, 1 units, 0g, 9 techs, researching Construction (6/21)
    Babylon: size=2, prod=Wonder45 (157sh), bldgs=Palace
    Units: 1x Warriors
  [Civ 3] Germans (despotism): 1 cities, 5 units, 43g, 10 techs, researching Seafaring (34/48)
    Berlin: size=1, prod=Settlers (17sh), bldgs=Palace
    Units: 1x Warriors, 1x Archers, 1x Chariot, 2x Settlers
  [Civ 4] Egyptians (despotism): 1 cities, 1 units, 41g, 8 techs, researching Construction (20/28)
    Thebes: size=2, prod=Wonder41 (157sh), bldgs=Palace
    Units: 1x Warriors
  [Civ 1] Romans turn: 2 actions — MOVE_UNIT(1), UNIT_ORDER(1)

══════════════════════════════════════════════════════════════════════
  TURN 47 — 3080 B.C. (7ms)
══════════════════════════════════════════════════════════════════════
  [Civ 1] Romans (despotism): 1 cities, 1 units, 116g, 10 techs, researching Construction (15/48)
    Rome: size=4, prod=Wonder39 (153sh), bldgs=Palace
    Units: 1x Warriors
  [Civ 2] Babylonians (despotism): 1 cities, 1 units, 0g, 9 techs, researching Construction (8/21)
    Babylon: size=2, prod=Wonder45 (161sh), bldgs=Palace
    Units: 1x Warriors
  [Civ 3] Germans (despotism): 1 cities, 5 units, 44g, 10 techs, researching Seafaring (36/48)
    Berlin: size=1, prod=Settlers (19sh), bldgs=Palace
    Units: 1x Warriors, 1x Archers, 1x Chariot, 2x Settlers
  [Civ 4] Egyptians (despotism): 1 cities, 1 units, 42g, 8 techs, researching Construction (24/28)
    Thebes: size=2, prod=Wonder41 (161sh), bldgs=Palace
    Units: 1x Warriors
  [Civ 1] Romans turn: 2 actions — MOVE_UNIT(1), UNIT_ORDER(1)
    >>> Egyptians discovered: Construction
    SET_RESEARCH tech=The Wheel

══════════════════════════════════════════════════════════════════════
  TURN 48 — 3060 B.C. (6ms)
══════════════════════════════════════════════════════════════════════
  [Civ 1] Romans (despotism): 1 cities, 1 units, 118g, 10 techs, researching Construction (20/48)
    Rome: size=4, prod=Wonder39 (158sh), bldgs=Palace
    Units: 1x Warriors
  [Civ 2] Babylonians (despotism): 1 cities, 1 units, 0g, 9 techs, researching Construction (10/21)
    Babylon: size=2, prod=Wonder45 (165sh), bldgs=Palace
    Units: 1x Warriors
  [Civ 3] Germans (despotism): 1 cities, 5 units, 45g, 10 techs, researching Seafaring (38/48)
    Berlin: size=1, prod=Settlers (21sh), bldgs=Palace
    Units: 1x Warriors, 1x Archers, 1x Chariot, 2x Settlers
  [Civ 4] Egyptians (despotism): 1 cities, 1 units, 42g, 9 techs, researching The Wheel (0/21)
    Thebes: size=2, prod=Wonder41 (165sh), bldgs=Palace
    Units: 1x Warriors
  [Civ 1] Romans turn: 2 actions — MOVE_UNIT(1), UNIT_ORDER(1)

══════════════════════════════════════════════════════════════════════
  TURN 49 — 3040 B.C. (6ms)
══════════════════════════════════════════════════════════════════════
  [Civ 1] Romans (despotism): 1 cities, 1 units, 120g, 10 techs, researching Construction (25/48)
    Rome: size=4, prod=Wonder39 (163sh), bldgs=Palace
    Units: 1x Warriors
  [Civ 2] Babylonians (despotism): 1 cities, 1 units, 0g, 9 techs, researching Construction (12/21)
    Babylon: size=2, prod=Wonder45 (169sh), bldgs=Palace
    Units: 1x Warriors
  [Civ 3] Germans (despotism): 1 cities, 5 units, 46g, 10 techs, researching Seafaring (40/48)
    Berlin: size=1, prod=Settlers (23sh), bldgs=Palace
    Units: 1x Warriors, 1x Archers, 1x Chariot, 2x Settlers
  [Civ 4] Egyptians (despotism): 1 cities, 1 units, 43g, 9 techs, researching The Wheel (4/21)
    Thebes: size=2, prod=Wonder41 (169sh), bldgs=Palace
    Units: 1x Warriors
  [Civ 1] Romans turn: 2 actions — MOVE_UNIT(1), UNIT_ORDER(1)

══════════════════════════════════════════════════════════════════════
  FINAL SUMMARY
══════════════════════════════════════════════════════════════════════
Game ended at turn 50 (3020 B.C.)

── Civ 1: Romans (despotism) ALIVE ──
  Cities: 1 (peak 1, founded 1)
  Units:  1 (peak 1)
  Treasury: 122g
  Techs discovered: 5 — Warrior Code, Iron Working, Map Making, Mathematics, Currency
  Actions: 114 total, 0 idle turns
  Breakdown: UNIT_ORDER(51), MOVE_UNIT(50), SET_RESEARCH(7), ADJUST_ATTITUDE(3), CHANGE_RATES(1), BUILD_CITY(1), CHANGE_PRODUCTION(1)
  Army: 1x Warriors
  Rome: size=4, shields=168

── Civ 2: Babylonians (despotism) ALIVE ──
  Cities: 1 (peak 1, founded 1)
  Units:  1 (peak 1)
  Treasury: 0g
  Techs discovered: 2 — Code of Laws, Currency
  Actions: 111 total, 0 idle turns
  Breakdown: UNIT_ORDER(51), MOVE_UNIT(50), SET_RESEARCH(4), ADJUST_ATTITUDE(3), CHANGE_RATES(1), BUILD_CITY(1), CHANGE_PRODUCTION(1)
  Army: 1x Warriors
  Babylon: size=2, shields=173

── Civ 3: Germans (despotism) ALIVE ──
  Cities: 1 (peak 1, founded 1)
  Units:  5 (peak 5)
  Treasury: 47g
  Techs discovered: 2 — Ceremonial Burial, Mysticism
  Actions: 272 total, 0 idle turns
  Breakdown: UNIT_ORDER(131), MOVE_UNIT(130), SET_RESEARCH(4), ADJUST_ATTITUDE(3), CHANGE_PRODUCTION(2), CHANGE_RATES(1), BUILD_CITY(1)
  Army: 1x Warriors, 1x Archers, 1x Chariot, 2x Settlers
  Berlin: size=1, shields=25

── Civ 4: Egyptians (despotism) ALIVE ──
  Cities: 1 (peak 1, founded 1)
  Units:  1 (peak 1)
  Treasury: 44g
  Techs discovered: 5 — Ceremonial Burial, Alphabet, Map Making, Currency, Construction
  Actions: 113 total, 0 idle turns
  Breakdown: UNIT_ORDER(51), MOVE_UNIT(50), SET_RESEARCH(6), ADJUST_ATTITUDE(3), CHANGE_RATES(1), BUILD_CITY(1), CHANGE_PRODUCTION(1)
  Army: 1x Warriors
  Thebes: size=2, shields=173


══════════════════════════════════════════════════════════════════════
  AI BEHAVIOR ANALYSIS
══════════════════════════════════════════════════════════════════════
[Civ 1] Romans:
  WARNING: Only 1 city after 30+ turns

[Civ 2] Babylonians:
  WARNING: Only 1 city after 30+ turns

[Civ 3] Germans:
  WARNING: Only 1 city after 30+ turns
  WARNING: 2 units stuck (busy orders outside city)

[Civ 4] Egyptians:
  WARNING: Only 1 city after 30+ turns

