Charlization AI Headless Simulation
Date: 2026-03-20T18:11:37.236Z
Settings: 5 turns, 4 AI players, 50x80 map, difficulty=prince
Map seed: 32710
Map generated in 87ms
Game initialized: 4 civs, 11 starting units
  Civ 1 (Romans): starts at (21,29) on Grassland
  Civ 2 (Babylonians): starts at (16,68) on Grassland
  Civ 3 (Germans): starts at (12,8) on Grassland
  Civ 4 (Egyptians): starts at (36,62) on Hills
    SET_RESEARCH tech=Warrior Code
    CHANGE_RATES sci=6 tax=4 lux=undefined
    BUILD_CITY unit=0 name="Rome"
    1 actions REJECTED (of 6)
    SET_RESEARCH tech=Alphabet
    CHANGE_RATES sci=6 tax=4 lux=undefined
    BUILD_CITY unit=2 name="Babylon"
    BUILD_CITY unit=8 name="Babylon"
    2 actions REJECTED (of 8)
    SET_RESEARCH tech=Alphabet
    CHANGE_RATES sci=6 tax=4 lux=undefined
    BUILD_CITY unit=4 name="Berlin"
    BUILD_CITY unit=9 name="Berlin"
    2 actions REJECTED (of 8)
    SET_RESEARCH tech=Pottery
    CHANGE_RATES sci=6 tax=4 lux=undefined
    BUILD_CITY unit=6 name="Thebes"
    BUILD_CITY unit=10 name="Thebes"
    2 actions REJECTED (of 8)

══════════════════════════════════════════════════════════════════════
  TURN 1 — 4000 B.C. (40ms)
══════════════════════════════════════════════════════════════════════
  [Civ 1] Romans (despotism): 1 cities, 1 units, 1g, 3 techs, researching Warrior Code (3/39)
    Rome: size=1, prod=Warriors (2sh), bldgs=Palace
    Units: 1x Warriors
  [Civ 2] Babylonians (despotism): 1 cities, 2 units, 0g, 3 techs, researching Alphabet (0/39)
    Babylon: size=1, prod=Warriors (0sh), bldgs=Palace
    Units: 1x Warriors, 1x Settlers
  [Civ 3] Germans (despotism): 1 cities, 2 units, 0g, 1 techs, researching Alphabet (0/11)
    Berlin: size=1, prod=Warriors (0sh), bldgs=Palace
    Units: 1x Warriors, 1x Settlers
  [Civ 4] Egyptians (despotism): 1 cities, 2 units, 0g, 2 techs, researching Pottery (0/22)
    Thebes: size=1, prod=Warriors (0sh), bldgs=Palace
    Units: 1x Warriors, 1x Settlers
  [Civ 1] Romans turn: 2 actions — MOVE_UNIT(1), UNIT_ORDER(1)
    CHANGE_PRODUCTION city=1
    CHANGE_PRODUCTION city=2
    CHANGE_PRODUCTION city=3

══════════════════════════════════════════════════════════════════════
  TURN 2 — 3980 B.C. (16ms)
══════════════════════════════════════════════════════════════════════
  [Civ 1] Romans (despotism): 1 cities, 1 units, 2g, 3 techs, researching Warrior Code (6/39)
    Rome: size=1, prod=Warriors (4sh), bldgs=Palace
    Units: 1x Warriors
  [Civ 2] Babylonians (despotism): 1 cities, 2 units, 1g, 3 techs, researching Alphabet (2/39)
    Babylon: size=1, prod=Horsemen (3sh), bldgs=Palace
    Units: 1x Warriors, 1x Settlers
  [Civ 3] Germans (despotism): 1 cities, 2 units, 0g, 3 techs, researching Alphabet (2/39)
    Berlin: size=1, prod=Horsemen (2sh), bldgs=Palace
    Units: 1x Warriors, 1x Settlers
  [Civ 4] Egyptians (despotism): 1 cities, 2 units, 0g, 3 techs, researching Pottery (2/39)
    Thebes: size=1, prod=Horsemen (2sh), bldgs=Palace
    Units: 1x Warriors, 1x Settlers
  [Civ 1] Romans turn: 2 actions — MOVE_UNIT(1), UNIT_ORDER(1)

══════════════════════════════════════════════════════════════════════
  TURN 3 — 3960 B.C. (8ms)
══════════════════════════════════════════════════════════════════════
  [Civ 1] Romans (despotism): 1 cities, 1 units, 3g, 3 techs, researching Warrior Code (9/39)
    Rome: size=1, prod=Warriors (6sh), bldgs=Palace
    Units: 1x Warriors
  [Civ 2] Babylonians (despotism): 1 cities, 2 units, 46g, 3 techs, researching Alphabet (4/39)
    Babylon: size=1, prod=Horsemen (6sh), bldgs=Palace
    Units: 1x Warriors, 1x Settlers
  [Civ 3] Germans (despotism): 1 cities, 2 units, 0g, 3 techs, researching Alphabet (4/39)
    Berlin: size=1, prod=Horsemen (4sh), bldgs=Palace
    Units: 1x Warriors, 1x Settlers
  [Civ 4] Egyptians (despotism): 1 cities, 2 units, 0g, 3 techs, researching Pottery (4/39)
    Thebes: size=1, prod=Horsemen (4sh), bldgs=Palace
    Units: 1x Warriors, 1x Settlers
  [Civ 1] Romans turn: 2 actions — MOVE_UNIT(1), UNIT_ORDER(1)

══════════════════════════════════════════════════════════════════════
  TURN 4 — 3940 B.C. (6ms)
══════════════════════════════════════════════════════════════════════
  [Civ 1] Romans (despotism): 1 cities, 1 units, 4g, 3 techs, researching Warrior Code (12/36)
    Rome: size=1, prod=Warriors (8sh), bldgs=Palace
    Units: 1x Warriors
  [Civ 2] Babylonians (despotism): 1 cities, 2 units, 47g, 4 techs, researching Alphabet (6/52)
    Babylon: size=1, prod=Horsemen (9sh), bldgs=Palace
    Units: 1x Warriors, 1x Settlers
  [Civ 3] Germans (despotism): 1 cities, 2 units, 0g, 3 techs, researching Alphabet (6/36)
    Berlin: size=1, prod=Horsemen (6sh), bldgs=Palace
    Units: 1x Warriors, 1x Settlers
  [Civ 4] Egyptians (despotism): 1 cities, 2 units, 0g, 3 techs, researching Pottery (6/36)
    Thebes: size=1, prod=Horsemen (6sh), bldgs=Palace
    Units: 1x Warriors, 1x Settlers
  [Civ 1] Romans turn: 2 actions — MOVE_UNIT(1), UNIT_ORDER(1)
    >>> Rome built Warriors

══════════════════════════════════════════════════════════════════════
  FINAL SUMMARY
══════════════════════════════════════════════════════════════════════
Game ended at turn 5 (3920 B.C.)

── Civ 1: Romans (despotism) ALIVE ──
  Cities: 1 (peak 1, founded 1)
  Units:  2 (peak 1)
  Treasury: 5g
  Techs discovered: 0 — none
  Actions: 14 total, 0 idle turns
  Breakdown: UNIT_ORDER(6), MOVE_UNIT(5), SET_RESEARCH(1), CHANGE_RATES(1), BUILD_CITY(1)
  Army: 2x Warriors
  Rome: size=1, shields=0

── Civ 2: Babylonians (despotism) ALIVE ──
  Cities: 1 (peak 1, founded 2)
  Units:  2 (peak 2)
  Treasury: 48g
  Techs discovered: 0 — none
  Actions: 19 total, 0 idle turns
  Breakdown: UNIT_ORDER(8), MOVE_UNIT(5), BUILD_CITY(2), SET_RESEARCH(1), CHANGE_RATES(1), CHANGE_PRODUCTION(1), WORKER_ORDER(1)
  Army: 1x Warriors, 1x Settlers
  Babylon: size=1, shields=12

── Civ 3: Germans (despotism) ALIVE ──
  Cities: 1 (peak 1, founded 2)
  Units:  2 (peak 2)
  Treasury: 0g
  Techs discovered: 0 — none
  Actions: 19 total, 0 idle turns
  Breakdown: UNIT_ORDER(8), MOVE_UNIT(6), BUILD_CITY(2), SET_RESEARCH(1), CHANGE_RATES(1), CHANGE_PRODUCTION(1)
  Army: 1x Warriors, 1x Settlers
  Berlin: size=1, shields=8

── Civ 4: Egyptians (despotism) ALIVE ──
  Cities: 1 (peak 1, founded 2)
  Units:  2 (peak 2)
  Treasury: 0g
  Techs discovered: 0 — none
  Actions: 19 total, 0 idle turns
  Breakdown: UNIT_ORDER(8), MOVE_UNIT(5), BUILD_CITY(2), SET_RESEARCH(1), CHANGE_RATES(1), CHANGE_PRODUCTION(1), WORKER_ORDER(1)
  Army: 1x Warriors, 1x Settlers
  Thebes: size=1, shields=8


══════════════════════════════════════════════════════════════════════
  AI BEHAVIOR ANALYSIS
══════════════════════════════════════════════════════════════════════
[Civ 1] Romans:
  WARNING: Never discovered a tech
  WARNING: Never changed production

[Civ 2] Babylonians:
  WARNING: Never discovered a tech

[Civ 3] Germans:
  WARNING: Never discovered a tech
  WARNING: 1 units stuck (busy orders outside city)

[Civ 4] Egyptians:
  WARNING: Never discovered a tech

