Charlization AI Headless Simulation
Date: 2026-03-16T22:23:42.818Z
Settings: 50 turns, 4 AI players, 50x80 map, difficulty=prince
Map seed: 9043
Map generated in 56ms
Game initialized: 4 civs, 8 starting units
  Civ 1 (Romans): starts at (21,45) on Grassland
  Civ 2 (Babylonians): starts at (43,15) on Forest
  Civ 3 (Germans): starts at (17,71) on Grassland
  Civ 4 (Egyptians): starts at (44,64) on Forest
    SET_RESEARCH tech=Warrior Code
    CHANGE_RATES sci=6 tax=4 lux=undefined
    BUILD_CITY unit=0 name="Rome"
    1 actions REJECTED (of 6)
    SET_RESEARCH tech=Iron Working
    CHANGE_RATES sci=6 tax=4 lux=undefined
    BUILD_CITY unit=2 name="Babylon"
    1 actions REJECTED (of 6)
    SET_RESEARCH tech=Map Making
    CHANGE_RATES sci=6 tax=4 lux=undefined
    BUILD_CITY unit=4 name="Berlin"
    1 actions REJECTED (of 6)
    SET_RESEARCH tech=Masonry
    CHANGE_RATES sci=6 tax=4 lux=undefined
    BUILD_CITY unit=6 name="Thebes"
    1 actions REJECTED (of 6)

══════════════════════════════════════════════════════════════════════
  TURN 1 — 4000 B.C. (32ms)
══════════════════════════════════════════════════════════════════════
  [Civ 1] Romans (despotism): 1 cities, 1 units, 1g, 3 techs, researching Warrior Code (2/28)
    Rome: size=1, prod=Warriors (2sh), bldgs=Palace
    Units: 1x Warriors
  [Civ 2] Babylonians (despotism): 1 cities, 1 units, 0g, 3 techs, researching Iron Working (0/28)
    Babylon: size=1, prod=Warriors (0sh), bldgs=Palace
    Units: 1x Warriors
  [Civ 3] Germans (despotism): 1 cities, 1 units, 0g, 3 techs, researching Map Making (0/28)
    Berlin: size=1, prod=Warriors (0sh), bldgs=Palace
    Units: 1x Warriors
  [Civ 4] Egyptians (despotism): 1 cities, 1 units, 0g, 3 techs, researching Masonry (0/28)
    Thebes: size=1, prod=Warriors (0sh), bldgs=Palace
    Units: 1x Warriors
  [Civ 1] Romans turn: 3 actions — CHANGE_PRODUCTION(1), MOVE_UNIT(1), UNIT_ORDER(1)
    CHANGE_PRODUCTION city=0
    CHANGE_PRODUCTION city=1
    CHANGE_PRODUCTION city=2
    END_TURN REJECTED: 1 units still need orders
      #8 Archers(Atk) @(17,74) mv=3 ord=none hp=full
    CHANGE_PRODUCTION city=3

══════════════════════════════════════════════════════════════════════
  TURN 2 — 3980 B.C. (15ms)
══════════════════════════════════════════════════════════════════════
  [Civ 1] Romans (despotism): 1 cities, 1 units, 2g, 4 techs, researching Warrior Code (4/33)
    Rome: size=1, prod=Wonder40 (2sh), bldgs=Palace
    Units: 1x Warriors
  [Civ 2] Babylonians (despotism): 1 cities, 1 units, 0g, 5 techs, researching Iron Working (0/36)
    Babylon: size=1, prod=building:3 (0sh), bldgs=Palace
    Units: 1x Warriors
  [Civ 3] Germans (despotism): 1 cities, 2 units, 2g, 6 techs, researching Map Making (2/36)
    Berlin: size=1, prod=building:3 (0sh), bldgs=Palace
    Units: 1x Warriors, 1x Archers
  [Civ 4] Egyptians (despotism): 1 cities, 1 units, 1g, 4 techs, researching Masonry (1/33)
    Thebes: size=1, prod=building:3 (0sh), bldgs=Palace
    Units: 1x Warriors
  [Civ 1] Romans turn: 4 actions — SET_RESEARCH(1), CHANGE_PRODUCTION(1), MOVE_UNIT(1), UNIT_ORDER(1)
    SET_RESEARCH tech=Alphabet
    CHANGE_PRODUCTION city=0

══════════════════════════════════════════════════════════════════════
  TURN 3 — 3960 B.C. (8ms)
══════════════════════════════════════════════════════════════════════
  [Civ 1] Romans (despotism): 1 cities, 1 units, 3g, 4 techs, researching Alphabet (6/33)
    Rome: size=1, prod=Archers (2sh), bldgs=Palace
    Units: 1x Warriors
  [Civ 2] Babylonians (despotism): 1 cities, 1 units, 0g, 5 techs, researching Iron Working (0/36)
    Babylon: size=1, prod=building:3 (3sh), bldgs=Palace
    Units: 1x Warriors
  [Civ 3] Germans (despotism): 1 cities, 2 units, 4g, 6 techs, researching Map Making (4/36)
    Berlin: size=1, prod=building:3 (3sh), bldgs=Palace
    Units: 1x Warriors, 1x Archers
  [Civ 4] Egyptians (despotism): 1 cities, 1 units, 43g, 4 techs, researching Masonry (2/33)
    Thebes: size=1, prod=building:3 (4sh), bldgs=Palace
    Units: 1x Warriors
  [Civ 1] Romans turn: 2 actions — MOVE_UNIT(1), UNIT_ORDER(1)

══════════════════════════════════════════════════════════════════════
  TURN 4 — 3940 B.C. (5ms)
══════════════════════════════════════════════════════════════════════
  [Civ 1] Romans (despotism): 1 cities, 1 units, 4g, 4 techs, researching Alphabet (8/33)
    Rome: size=1, prod=Archers (4sh), bldgs=Palace
    Units: 1x Warriors
  [Civ 2] Babylonians (despotism): 1 cities, 1 units, 0g, 5 techs, researching Iron Working (0/36)
    Babylon: size=1, prod=building:3 (6sh), bldgs=Palace
    Units: 1x Warriors
  [Civ 3] Germans (despotism): 1 cities, 2 units, 6g, 6 techs, researching Map Making (6/36)
    Berlin: size=1, prod=building:3 (6sh), bldgs=Palace
    Units: 1x Warriors, 1x Archers
  [Civ 4] Egyptians (despotism): 1 cities, 1 units, 44g, 4 techs, researching Masonry (3/33)
    Thebes: size=1, prod=building:3 (8sh), bldgs=Palace
    Units: 1x Warriors
  [Civ 1] Romans turn: 2 actions — MOVE_UNIT(1), UNIT_ORDER(1)

══════════════════════════════════════════════════════════════════════
  TURN 5 — 3920 B.C. (6ms)
══════════════════════════════════════════════════════════════════════
  [Civ 1] Romans (despotism): 1 cities, 1 units, 5g, 4 techs, researching Alphabet (10/33)
    Rome: size=1, prod=Archers (6sh), bldgs=Palace
    Units: 1x Warriors
  [Civ 2] Babylonians (despotism): 1 cities, 1 units, 0g, 5 techs, researching Iron Working (0/36)
    Babylon: size=1, prod=building:3 (9sh), bldgs=Palace
    Units: 1x Warriors
  [Civ 3] Germans (despotism): 1 cities, 2 units, 8g, 6 techs, researching Map Making (8/36)
    Berlin: size=1, prod=building:3 (9sh), bldgs=Palace
    Units: 1x Warriors, 1x Archers
  [Civ 4] Egyptians (despotism): 1 cities, 1 units, 45g, 4 techs, researching Masonry (4/33)
    Thebes: size=1, prod=building:3 (12sh), bldgs=Palace
    Units: 1x Warriors
  [Civ 1] Romans turn: 2 actions — MOVE_UNIT(1), UNIT_ORDER(1)

══════════════════════════════════════════════════════════════════════
  TURN 6 — 3900 B.C. (5ms)
══════════════════════════════════════════════════════════════════════
  [Civ 1] Romans (despotism): 1 cities, 1 units, 6g, 4 techs, researching Alphabet (12/33)
    Rome: size=1, prod=Archers (8sh), bldgs=Palace
    Units: 1x Warriors
  [Civ 2] Babylonians (despotism): 1 cities, 1 units, 0g, 5 techs, researching Iron Working (0/36)
    Babylon: size=1, prod=building:3 (12sh), bldgs=Palace
    Units: 1x Warriors
  [Civ 3] Germans (despotism): 1 cities, 2 units, 10g, 6 techs, researching Map Making (10/36)
    Berlin: size=1, prod=building:3 (12sh), bldgs=Palace
    Units: 1x Warriors, 1x Archers
  [Civ 4] Egyptians (despotism): 1 cities, 1 units, 46g, 4 techs, researching Masonry (5/33)
    Thebes: size=1, prod=building:3 (16sh), bldgs=Palace
    Units: 1x Warriors
  [Civ 1] Romans turn: 2 actions — MOVE_UNIT(1), UNIT_ORDER(1)

══════════════════════════════════════════════════════════════════════
  TURN 7 — 3880 B.C. (7ms)
══════════════════════════════════════════════════════════════════════
  [Civ 1] Romans (despotism): 1 cities, 1 units, 7g, 4 techs, researching Alphabet (14/33)
    Rome: size=1, prod=Archers (10sh), bldgs=Palace
    Units: 1x Warriors
  [Civ 2] Babylonians (despotism): 1 cities, 1 units, 0g, 5 techs, researching Iron Working (0/36)
    Babylon: size=1, prod=building:3 (15sh), bldgs=Palace
    Units: 1x Warriors
  [Civ 3] Germans (despotism): 1 cities, 2 units, 12g, 6 techs, researching Map Making (12/36)
    Berlin: size=1, prod=building:3 (15sh), bldgs=Palace
    Units: 1x Warriors, 1x Archers
  [Civ 4] Egyptians (despotism): 1 cities, 1 units, 47g, 4 techs, researching Masonry (6/33)
    Thebes: size=1, prod=building:3 (20sh), bldgs=Palace
    Units: 1x Warriors
  [Civ 1] Romans turn: 2 actions — MOVE_UNIT(1), UNIT_ORDER(1)

══════════════════════════════════════════════════════════════════════
  TURN 8 — 3860 B.C. (8ms)
══════════════════════════════════════════════════════════════════════
  [Civ 1] Romans (despotism): 1 cities, 1 units, 8g, 4 techs, researching Alphabet (16/33)
    Rome: size=1, prod=Archers (12sh), bldgs=Palace
    Units: 1x Warriors
  [Civ 2] Babylonians (despotism): 1 cities, 1 units, 0g, 5 techs, researching Iron Working (0/36)
    Babylon: size=1, prod=building:3 (18sh), bldgs=Palace
    Units: 1x Warriors
  [Civ 3] Germans (despotism): 1 cities, 2 units, 14g, 6 techs, researching Map Making (14/36)
    Berlin: size=1, prod=building:3 (18sh), bldgs=Palace
    Units: 1x Warriors, 1x Archers
  [Civ 4] Egyptians (despotism): 1 cities, 1 units, 48g, 4 techs, researching Masonry (7/33)
    Thebes: size=1, prod=building:3 (24sh), bldgs=Palace
    Units: 1x Warriors
  [Civ 1] Romans turn: 2 actions — MOVE_UNIT(1), UNIT_ORDER(1)

══════════════════════════════════════════════════════════════════════
  TURN 9 — 3840 B.C. (4ms)
══════════════════════════════════════════════════════════════════════
  [Civ 1] Romans (despotism): 1 cities, 1 units, 9g, 4 techs, researching Alphabet (18/33)
    Rome: size=1, prod=Archers (14sh), bldgs=Palace
    Units: 1x Warriors
  [Civ 2] Babylonians (despotism): 1 cities, 1 units, 0g, 5 techs, researching Iron Working (0/36)
    Babylon: size=1, prod=building:3 (21sh), bldgs=Palace
    Units: 1x Warriors
  [Civ 3] Germans (despotism): 1 cities, 2 units, 16g, 6 techs, researching Map Making (16/36)
    Berlin: size=1, prod=building:3 (21sh), bldgs=Palace
    Units: 1x Warriors, 1x Archers
  [Civ 4] Egyptians (despotism): 1 cities, 1 units, 49g, 4 techs, researching Masonry (8/33)
    Thebes: size=1, prod=building:3 (28sh), bldgs=Palace
    Units: 1x Warriors
  [Civ 1] Romans turn: 2 actions — MOVE_UNIT(1), UNIT_ORDER(1)
    >>> Rome grew to size 2

══════════════════════════════════════════════════════════════════════
  TURN 10 — 3820 B.C. (5ms)
══════════════════════════════════════════════════════════════════════
  [Civ 1] Romans (despotism): 1 cities, 1 units, 11g, 4 techs, researching Alphabet (20/33)
    Rome: size=2, prod=Archers (16sh), bldgs=Palace
    Units: 1x Warriors
  [Civ 2] Babylonians (despotism): 1 cities, 1 units, 0g, 5 techs, researching Iron Working (0/36)
    Babylon: size=1, prod=building:3 (24sh), bldgs=Palace
    Units: 1x Warriors
  [Civ 3] Germans (despotism): 1 cities, 2 units, 18g, 6 techs, researching Map Making (18/36)
    Berlin: size=1, prod=building:3 (24sh), bldgs=Palace
    Units: 1x Warriors, 1x Archers
  [Civ 4] Egyptians (despotism): 1 cities, 1 units, 50g, 4 techs, researching Masonry (9/33)
    Thebes: size=1, prod=building:3 (32sh), bldgs=Palace
    Units: 1x Warriors
  [Civ 1] Romans turn: 2 actions — MOVE_UNIT(1), UNIT_ORDER(1)

══════════════════════════════════════════════════════════════════════
  TURN 11 — 3800 B.C. (3ms)
══════════════════════════════════════════════════════════════════════
  [Civ 1] Romans (despotism): 1 cities, 1 units, 13g, 4 techs, researching Alphabet (22/33)
    Rome: size=2, prod=Archers (19sh), bldgs=Palace
    Units: 1x Warriors
  [Civ 2] Babylonians (despotism): 1 cities, 1 units, 0g, 5 techs, researching Iron Working (0/36)
    Babylon: size=1, prod=building:3 (27sh), bldgs=Palace
    Units: 1x Warriors
  [Civ 3] Germans (despotism): 1 cities, 2 units, 20g, 6 techs, researching Map Making (20/36)
    Berlin: size=1, prod=building:3 (27sh), bldgs=Palace
    Units: 1x Warriors, 1x Archers
  [Civ 4] Egyptians (despotism): 1 cities, 1 units, 51g, 4 techs, researching Masonry (10/33)
    Thebes: size=1, prod=building:3 (36sh), bldgs=Palace
    Units: 1x Warriors
  [Civ 1] Romans turn: 2 actions — MOVE_UNIT(1), UNIT_ORDER(1)

══════════════════════════════════════════════════════════════════════
  TURN 12 — 3780 B.C. (4ms)
══════════════════════════════════════════════════════════════════════
  [Civ 1] Romans (despotism): 1 cities, 1 units, 15g, 4 techs, researching Alphabet (24/33)
    Rome: size=2, prod=Archers (22sh), bldgs=Palace
    Units: 1x Warriors
  [Civ 2] Babylonians (despotism): 1 cities, 1 units, 0g, 5 techs, researching Iron Working (0/36)
    Babylon: size=1, prod=building:3 (30sh), bldgs=Palace
    Units: 1x Warriors
  [Civ 3] Germans (despotism): 1 cities, 2 units, 22g, 6 techs, researching Map Making (22/36)
    Berlin: size=1, prod=building:3 (30sh), bldgs=Palace
    Units: 1x Warriors, 1x Archers
  [Civ 4] Egyptians (despotism): 1 cities, 1 units, 52g, 4 techs, researching Masonry (11/33)
    Thebes: size=1, prod=building:3 (40sh), bldgs=Palace
    Units: 1x Warriors
  [Civ 1] Romans turn: 2 actions — MOVE_UNIT(1), UNIT_ORDER(1)

══════════════════════════════════════════════════════════════════════
  TURN 13 — 3760 B.C. (3ms)
══════════════════════════════════════════════════════════════════════
  [Civ 1] Romans (despotism): 1 cities, 1 units, 17g, 4 techs, researching Alphabet (26/33)
    Rome: size=2, prod=Archers (25sh), bldgs=Palace
    Units: 1x Warriors
  [Civ 2] Babylonians (despotism): 1 cities, 1 units, 0g, 5 techs, researching Iron Working (0/36)
    Babylon: size=1, prod=building:3 (33sh), bldgs=Palace
    Units: 1x Warriors
  [Civ 3] Germans (despotism): 1 cities, 2 units, 24g, 6 techs, researching Map Making (24/36)
    Berlin: size=1, prod=building:3 (33sh), bldgs=Palace
    Units: 1x Warriors, 1x Archers
  [Civ 4] Egyptians (despotism): 1 cities, 1 units, 53g, 4 techs, researching Masonry (12/33)
    Thebes: size=1, prod=building:3 (44sh), bldgs=Palace
    Units: 1x Warriors
  [Civ 1] Romans turn: 2 actions — MOVE_UNIT(1), UNIT_ORDER(1)

══════════════════════════════════════════════════════════════════════
  TURN 14 — 3740 B.C. (4ms)
══════════════════════════════════════════════════════════════════════
  [Civ 1] Romans (despotism): 1 cities, 1 units, 19g, 4 techs, researching Alphabet (28/33)
    Rome: size=2, prod=Archers (28sh), bldgs=Palace
    Units: 1x Warriors
  [Civ 2] Babylonians (despotism): 1 cities, 1 units, 0g, 5 techs, researching Iron Working (0/36)
    Babylon: size=1, prod=building:3 (36sh), bldgs=Palace
    Units: 1x Warriors
  [Civ 3] Germans (despotism): 1 cities, 2 units, 26g, 6 techs, researching Map Making (26/36)
    Berlin: size=1, prod=building:3 (36sh), bldgs=Palace
    Units: 1x Warriors, 1x Archers
  [Civ 4] Egyptians (despotism): 1 cities, 1 units, 54g, 4 techs, researching Masonry (13/33)
    Thebes: size=1, prod=building:3 (48sh), bldgs=Palace
    Units: 1x Warriors
  [Civ 1] Romans turn: 2 actions — MOVE_UNIT(1), UNIT_ORDER(1)
    >>> Rome built Archers

══════════════════════════════════════════════════════════════════════
  TURN 15 — 3720 B.C. (4ms)
══════════════════════════════════════════════════════════════════════
  [Civ 1] Romans (despotism): 1 cities, 2 units, 21g, 4 techs, researching Alphabet (30/33)
    Rome: size=2, prod=Archers (1sh), bldgs=Palace
    Units: 1x Warriors, 1x Archers
  [Civ 2] Babylonians (despotism): 1 cities, 1 units, 0g, 5 techs, researching Iron Working (0/36)
    Babylon: size=1, prod=building:3 (39sh), bldgs=Palace
    Units: 1x Warriors
  [Civ 3] Germans (despotism): 1 cities, 2 units, 28g, 6 techs, researching Map Making (28/36)
    Berlin: size=1, prod=building:3 (39sh), bldgs=Palace
    Units: 1x Warriors, 1x Archers
  [Civ 4] Egyptians (despotism): 1 cities, 1 units, 55g, 4 techs, researching Masonry (14/33)
    Thebes: size=1, prod=building:3 (52sh), bldgs=Palace
    Units: 1x Warriors
  [Civ 1] Romans turn: 2 actions — MOVE_UNIT(1), UNIT_ORDER(1)

══════════════════════════════════════════════════════════════════════
  TURN 16 — 3700 B.C. (3ms)
══════════════════════════════════════════════════════════════════════
  [Civ 1] Romans (despotism): 1 cities, 2 units, 23g, 4 techs, researching Alphabet (32/33)
    Rome: size=2, prod=Archers (4sh), bldgs=Palace
    Units: 1x Warriors, 1x Archers
  [Civ 2] Babylonians (despotism): 1 cities, 1 units, 0g, 5 techs, researching Iron Working (0/36)
    Babylon: size=1, prod=building:3 (42sh), bldgs=Palace
    Units: 1x Warriors
  [Civ 3] Germans (despotism): 1 cities, 2 units, 60g, 6 techs, researching Map Making (30/36)
    Berlin: size=1, prod=building:3 (42sh), bldgs=Palace
    Units: 1x Warriors, 1x Archers
  [Civ 4] Egyptians (despotism): 1 cities, 1 units, 56g, 4 techs, researching Masonry (15/33)
    Thebes: size=1, prod=building:3 (56sh), bldgs=Palace
    Units: 1x Warriors
  [Civ 1] Romans turn: 4 actions — MOVE_UNIT(1), UNIT_ORDER(3)
    >>> Thebes built building:3
    CHANGE_PRODUCTION city=3
    >>> Romans discovered: Alphabet

══════════════════════════════════════════════════════════════════════
  TURN 17 — 3680 B.C. (8ms)
══════════════════════════════════════════════════════════════════════
  [Civ 1] Romans (despotism): 1 cities, 2 units, 23g, 5 techs, researching none (0/36)
    Rome: size=2, prod=Archers (7sh), bldgs=Palace
    Units: 1x Warriors, 1x Archers
  [Civ 2] Babylonians (despotism): 1 cities, 1 units, 0g, 5 techs, researching Iron Working (0/36)
    Babylon: size=1, prod=building:3 (45sh), bldgs=Palace
    Units: 1x Warriors
  [Civ 3] Germans (despotism): 1 cities, 2 units, 62g, 6 techs, researching Map Making (32/36)
    Berlin: size=1, prod=building:3 (45sh), bldgs=Palace
    Units: 1x Warriors, 1x Archers
  [Civ 4] Egyptians (despotism): 1 cities, 1 units, 56g, 4 techs, researching Masonry (16/33)
    Thebes: size=1, prod=Wonder40 (0sh), bldgs=Palace, Granary
    Units: 1x Warriors
  [Civ 1] Romans turn: 3 actions — SET_RESEARCH(1), MOVE_UNIT(1), UNIT_ORDER(1)
    SET_RESEARCH tech=Iron Working

══════════════════════════════════════════════════════════════════════
  TURN 18 — 3660 B.C. (5ms)
══════════════════════════════════════════════════════════════════════
  [Civ 1] Romans (despotism): 1 cities, 2 units, 25g, 5 techs, researching Iron Working (2/36)
    Rome: size=2, prod=Archers (10sh), bldgs=Palace
    Units: 1x Warriors, 1x Archers
  [Civ 2] Babylonians (despotism): 1 cities, 1 units, 0g, 5 techs, researching Iron Working (0/36)
    Babylon: size=1, prod=building:3 (48sh), bldgs=Palace
    Units: 1x Warriors
  [Civ 3] Germans (despotism): 1 cities, 2 units, 64g, 6 techs, researching Map Making (34/36)
    Berlin: size=1, prod=building:3 (48sh), bldgs=Palace
    Units: 1x Warriors, 1x Archers
  [Civ 4] Egyptians (despotism): 1 cities, 1 units, 56g, 4 techs, researching Masonry (17/33)
    Thebes: size=1, prod=Wonder40 (4sh), bldgs=Palace, Granary
    Units: 1x Warriors
  [Civ 1] Romans turn: 2 actions — MOVE_UNIT(1), UNIT_ORDER(1)
    >>> Germans discovered: Map Making
    SET_RESEARCH tech=Currency

══════════════════════════════════════════════════════════════════════
  TURN 19 — 3640 B.C. (5ms)
══════════════════════════════════════════════════════════════════════
  [Civ 1] Romans (despotism): 1 cities, 2 units, 27g, 5 techs, researching Iron Working (4/36)
    Rome: size=2, prod=Archers (13sh), bldgs=Palace
    Units: 1x Warriors, 1x Archers
  [Civ 2] Babylonians (despotism): 1 cities, 1 units, 0g, 6 techs, researching Iron Working (0/36)
    Babylon: size=1, prod=building:3 (51sh), bldgs=Palace
    Units: 1x Warriors
  [Civ 3] Germans (despotism): 1 cities, 2 units, 64g, 7 techs, researching Currency (0/33)
    Berlin: size=1, prod=building:3 (51sh), bldgs=Palace
    Units: 1x Warriors, 1x Archers
  [Civ 4] Egyptians (despotism): 1 cities, 1 units, 56g, 5 techs, researching Masonry (18/36)
    Thebes: size=1, prod=Wonder40 (8sh), bldgs=Palace, Granary
    Units: 1x Warriors
  [Civ 1] Romans turn: 2 actions — MOVE_UNIT(1), UNIT_ORDER(1)

══════════════════════════════════════════════════════════════════════
  TURN 20 — 3620 B.C. (4ms)
══════════════════════════════════════════════════════════════════════
  [Civ 1] Romans (despotism): 1 cities, 2 units, 29g, 5 techs, researching Iron Working (6/36)
    Rome: size=2, prod=Archers (16sh), bldgs=Palace
    Units: 1x Warriors, 1x Archers
  [Civ 2] Babylonians (despotism): 1 cities, 1 units, 0g, 6 techs, researching Iron Working (0/36)
    Babylon: size=1, prod=building:3 (54sh), bldgs=Palace
    Units: 1x Warriors
  [Civ 3] Germans (despotism): 1 cities, 2 units, 66g, 7 techs, researching Currency (2/33)
    Berlin: size=1, prod=building:3 (54sh), bldgs=Palace
    Units: 1x Warriors, 1x Archers
  [Civ 4] Egyptians (despotism): 1 cities, 1 units, 56g, 5 techs, researching Masonry (19/36)
    Thebes: size=1, prod=Wonder40 (12sh), bldgs=Palace, Granary
    Units: 1x Warriors
  [Civ 1] Romans turn: 2 actions — MOVE_UNIT(1), UNIT_ORDER(1)
    >>> Babylon grew to size 2
    >>> Berlin grew to size 2
    >>> Thebes grew to size 2

══════════════════════════════════════════════════════════════════════
  TURN 21 — 3600 B.C. (3ms)
══════════════════════════════════════════════════════════════════════
  [Civ 1] Romans (despotism): 1 cities, 2 units, 31g, 5 techs, researching Iron Working (8/36)
    Rome: size=2, prod=Archers (19sh), bldgs=Palace
    Units: 1x Warriors, 1x Archers
  [Civ 2] Babylonians (despotism): 1 cities, 1 units, 0g, 6 techs, researching Iron Working (0/36)
    Babylon: size=2, prod=building:3 (57sh), bldgs=Palace
    Units: 1x Warriors
  [Civ 3] Germans (despotism): 1 cities, 2 units, 68g, 7 techs, researching Currency (5/33)
    Berlin: size=2, prod=building:3 (57sh), bldgs=Palace
    Units: 1x Warriors, 1x Archers
  [Civ 4] Egyptians (despotism): 1 cities, 1 units, 56g, 5 techs, researching Masonry (21/36)
    Thebes: size=2, prod=Wonder40 (16sh), bldgs=Palace, Granary
    Units: 1x Warriors
  [Civ 1] Romans turn: 2 actions — MOVE_UNIT(1), UNIT_ORDER(1)
    >>> Babylon built building:3
    >>> Babylon sold Granary
    >>> Berlin built building:3
    CHANGE_PRODUCTION city=2

══════════════════════════════════════════════════════════════════════
  TURN 22 — 3580 B.C. (3ms)
══════════════════════════════════════════════════════════════════════
  [Civ 1] Romans (despotism): 1 cities, 2 units, 33g, 5 techs, researching Iron Working (10/36)
    Rome: size=2, prod=Archers (22sh), bldgs=Palace
    Units: 1x Warriors, 1x Archers
  [Civ 2] Babylonians (despotism): 1 cities, 1 units, 59g, 6 techs, researching Iron Working (0/36)
    Babylon: size=2, prod=building:3 (1sh), bldgs=Palace
    Units: 1x Warriors
  [Civ 3] Germans (despotism): 1 cities, 2 units, 69g, 7 techs, researching Currency (8/33)
    Berlin: size=2, prod=Settlers (0sh), bldgs=Palace, Granary
    Units: 1x Warriors, 1x Archers
  [Civ 4] Egyptians (despotism): 1 cities, 1 units, 56g, 5 techs, researching Masonry (23/36)
    Thebes: size=2, prod=Wonder40 (21sh), bldgs=Palace, Granary
    Units: 1x Warriors
  [Civ 1] Romans turn: 2 actions — MOVE_UNIT(1), UNIT_ORDER(1)

══════════════════════════════════════════════════════════════════════
  TURN 23 — 3560 B.C. (4ms)
══════════════════════════════════════════════════════════════════════
  [Civ 1] Romans (despotism): 1 cities, 2 units, 35g, 5 techs, researching Iron Working (12/36)
    Rome: size=2, prod=Archers (25sh), bldgs=Palace
    Units: 1x Warriors, 1x Archers
  [Civ 2] Babylonians (despotism): 1 cities, 1 units, 59g, 6 techs, researching Iron Working (0/36)
    Babylon: size=2, prod=building:3 (5sh), bldgs=Palace
    Units: 1x Warriors
  [Civ 3] Germans (despotism): 1 cities, 2 units, 70g, 7 techs, researching Currency (11/33)
    Berlin: size=2, prod=Settlers (4sh), bldgs=Palace, Granary
    Units: 1x Warriors, 1x Archers
  [Civ 4] Egyptians (despotism): 1 cities, 1 units, 56g, 5 techs, researching Masonry (25/36)
    Thebes: size=2, prod=Wonder40 (26sh), bldgs=Palace, Granary
    Units: 1x Warriors
  [Civ 1] Romans turn: 2 actions — MOVE_UNIT(1), UNIT_ORDER(1)

══════════════════════════════════════════════════════════════════════
  TURN 24 — 3540 B.C. (3ms)
══════════════════════════════════════════════════════════════════════
  [Civ 1] Romans (despotism): 1 cities, 2 units, 37g, 5 techs, researching Iron Working (14/36)
    Rome: size=2, prod=Archers (28sh), bldgs=Palace
    Units: 1x Warriors, 1x Archers
  [Civ 2] Babylonians (despotism): 1 cities, 1 units, 59g, 6 techs, researching Iron Working (0/36)
    Babylon: size=2, prod=building:3 (9sh), bldgs=Palace
    Units: 1x Warriors
  [Civ 3] Germans (despotism): 1 cities, 2 units, 71g, 7 techs, researching Currency (14/33)
    Berlin: size=2, prod=Settlers (8sh), bldgs=Palace, Granary
    Units: 1x Warriors, 1x Archers
  [Civ 4] Egyptians (despotism): 1 cities, 1 units, 56g, 5 techs, researching Masonry (27/36)
    Thebes: size=2, prod=Wonder40 (31sh), bldgs=Palace, Granary
    Units: 1x Warriors
  [Civ 1] Romans turn: 2 actions — MOVE_UNIT(1), UNIT_ORDER(1)
    >>> Rome grew to size 3
    >>> Rome built Archers

══════════════════════════════════════════════════════════════════════
  TURN 25 — 3520 B.C. (4ms)
══════════════════════════════════════════════════════════════════════
  [Civ 1] Romans (despotism): 1 cities, 3 units, 39g, 5 techs, researching Iron Working (17/36)
    Rome: size=3, prod=Archers (1sh), bldgs=Palace
    Units: 1x Warriors, 2x Archers
  [Civ 2] Babylonians (despotism): 1 cities, 1 units, 59g, 6 techs, researching Iron Working (0/36)
    Babylon: size=2, prod=building:3 (13sh), bldgs=Palace
    Units: 1x Warriors
  [Civ 3] Germans (despotism): 1 cities, 2 units, 72g, 7 techs, researching Currency (17/33)
    Berlin: size=2, prod=Settlers (12sh), bldgs=Palace, Granary
    Units: 1x Warriors, 1x Archers
  [Civ 4] Egyptians (despotism): 1 cities, 1 units, 56g, 5 techs, researching Masonry (29/36)
    Thebes: size=2, prod=Wonder40 (36sh), bldgs=Palace, Granary
    Units: 1x Warriors
  [Civ 1] Romans turn: 3 actions — CHANGE_PRODUCTION(1), MOVE_UNIT(1), UNIT_ORDER(1)
    CHANGE_PRODUCTION city=0

══════════════════════════════════════════════════════════════════════
  TURN 26 — 3500 B.C. (4ms)
══════════════════════════════════════════════════════════════════════
  [Civ 1] Romans (despotism): 1 cities, 3 units, 41g, 5 techs, researching Iron Working (20/36)
    Rome: size=3, prod=building:2 (4sh), bldgs=Palace
    Units: 1x Warriors, 2x Archers
  [Civ 2] Babylonians (despotism): 1 cities, 1 units, 59g, 6 techs, researching Iron Working (0/36)
    Babylon: size=2, prod=building:3 (17sh), bldgs=Palace
    Units: 1x Warriors
  [Civ 3] Germans (despotism): 1 cities, 2 units, 73g, 7 techs, researching Currency (20/33)
    Berlin: size=2, prod=Settlers (16sh), bldgs=Palace, Granary
    Units: 1x Warriors, 1x Archers
  [Civ 4] Egyptians (despotism): 1 cities, 1 units, 56g, 5 techs, researching Masonry (31/36)
    Thebes: size=2, prod=Wonder40 (41sh), bldgs=Palace, Granary
    Units: 1x Warriors
  [Civ 1] Romans turn: 4 actions — MOVE_UNIT(2), UNIT_ORDER(2)

══════════════════════════════════════════════════════════════════════
  TURN 27 — 3480 B.C. (4ms)
══════════════════════════════════════════════════════════════════════
  [Civ 1] Romans (despotism): 1 cities, 3 units, 43g, 5 techs, researching Iron Working (23/36)
    Rome: size=3, prod=building:2 (8sh), bldgs=Palace
    Units: 1x Warriors, 2x Archers
  [Civ 2] Babylonians (despotism): 1 cities, 1 units, 59g, 6 techs, researching Iron Working (0/36)
    Babylon: size=2, prod=building:3 (21sh), bldgs=Palace
    Units: 1x Warriors
  [Civ 3] Germans (despotism): 1 cities, 2 units, 74g, 7 techs, researching Currency (23/33)
    Berlin: size=2, prod=Settlers (20sh), bldgs=Palace, Granary
    Units: 1x Warriors, 1x Archers
  [Civ 4] Egyptians (despotism): 1 cities, 1 units, 56g, 5 techs, researching Masonry (33/36)
    Thebes: size=2, prod=Wonder40 (46sh), bldgs=Palace, Granary
    Units: 1x Warriors
  [Civ 1] Romans turn: 4 actions — CHANGE_PRODUCTION(1), MOVE_UNIT(2), UNIT_ORDER(1)
    CHANGE_PRODUCTION city=0
    COMBAT: Archers vs Archers → atkWin (atkHp=undefined, defHp=undefined)
    END_TURN REJECTED: 1 units still need orders
      #9 Archers(Atk) @(21,45) mv=3 ord=none hp=full
    ADJUST_ATTITUDE target=civ1
    ADJUST_ATTITUDE target=civ1

══════════════════════════════════════════════════════════════════════
  TURN 28 — 3460 B.C. (7ms)
══════════════════════════════════════════════════════════════════════
  [Civ 1] Romans (despotism): 1 cities, 3 units, 45g, 5 techs, researching Iron Working (26/36)
    Rome: size=3, prod=Wonder41 (4sh), bldgs=Palace
    Units: 1x Warriors, 2x Archers
  [Civ 2] Babylonians (despotism): 1 cities, 1 units, 59g, 6 techs, researching Iron Working (0/36)
    Babylon: size=2, prod=building:3 (25sh), bldgs=Palace
    Units: 1x Warriors
  [Civ 3] Germans (despotism): 1 cities, 0 units, 75g, 7 techs, researching Currency (26/33)
    Berlin: size=2, prod=Settlers (24sh), bldgs=Palace, Granary
    Units: none
  [Civ 4] Egyptians (despotism): 1 cities, 1 units, 56g, 5 techs, researching Masonry (35/36)
    Thebes: size=2, prod=Wonder40 (51sh), bldgs=Palace, Granary
    Units: 1x Warriors
  [Civ 1] Romans turn: 7 actions — ADJUST_ATTITUDE(1), MOVE_UNIT(2), UNIT_ORDER(4)
    ADJUST_ATTITUDE target=civ3
    ADJUST_ATTITUDE target=civ1
    PROPOSE_TREATY treaty=ceasefire target=civ1
    ADJUST_ATTITUDE target=civ1
    >>> Egyptians discovered: Masonry
    SET_RESEARCH tech=Code of Laws

══════════════════════════════════════════════════════════════════════
  TURN 29 — 3440 B.C. (6ms)
══════════════════════════════════════════════════════════════════════
  [Civ 1] Romans (despotism): 1 cities, 3 units, 47g, 5 techs, researching Iron Working (29/36)
    Rome: size=3, prod=Wonder41 (8sh), bldgs=Palace
    Units: 1x Warriors, 2x Archers
  [Civ 2] Babylonians (despotism): 1 cities, 1 units, 59g, 6 techs, researching Iron Working (0/36)
    Babylon: size=2, prod=building:3 (29sh), bldgs=Palace
    Units: 1x Warriors
  [Civ 3] Germans (despotism): 1 cities, 0 units, 76g, 7 techs, researching Currency (29/33)
    Berlin: size=2, prod=Settlers (28sh), bldgs=Palace, Granary
    Units: none
  [Civ 4] Egyptians (despotism): 1 cities, 1 units, 56g, 6 techs, researching Code of Laws (0/36)
    Thebes: size=2, prod=Wonder40 (56sh), bldgs=Palace, Granary
    Units: 1x Warriors
  [Civ 1] Romans turn: 7 actions — ADJUST_ATTITUDE(2), RESPOND_TREATY(1), MOVE_UNIT(2), UNIT_ORDER(2)
    ADJUST_ATTITUDE target=civ3
    ADJUST_ATTITUDE target=civ3
    ADJUST_ATTITUDE target=civ1

══════════════════════════════════════════════════════════════════════
  TURN 30 — 3420 B.C. (5ms)
══════════════════════════════════════════════════════════════════════
  [Civ 1] Romans (despotism): 1 cities, 3 units, 49g, 6 techs, researching Iron Working (32/36)
    Rome: size=3, prod=Wonder41 (12sh), bldgs=Palace
    Units: 1x Warriors, 2x Archers
  [Civ 2] Babylonians (despotism): 1 cities, 1 units, 59g, 6 techs, researching Iron Working (0/36)
    Babylon: size=2, prod=building:3 (33sh), bldgs=Palace
    Units: 1x Warriors
  [Civ 3] Germans (despotism): 1 cities, 0 units, 77g, 7 techs, researching Currency (32/33)
    Berlin: size=2, prod=Settlers (32sh), bldgs=Palace, Granary
    Units: none
  [Civ 4] Egyptians (despotism): 1 cities, 1 units, 56g, 6 techs, researching Code of Laws (2/36)
    Thebes: size=2, prod=Wonder40 (61sh), bldgs=Palace, Granary
    Units: 1x Warriors
  [Civ 1] Romans turn: 5 actions — ADJUST_ATTITUDE(1), MOVE_UNIT(2), UNIT_ORDER(2)
    ADJUST_ATTITUDE target=civ3
    >>> Germans discovered: Currency
    SET_RESEARCH tech=Seafaring
    ADJUST_ATTITUDE target=civ1

══════════════════════════════════════════════════════════════════════
  TURN 31 — 3400 B.C. (5ms)
══════════════════════════════════════════════════════════════════════
  [Civ 1] Romans (despotism): 1 cities, 3 units, 51g, 6 techs, researching Iron Working (35/36)
    Rome: size=3, prod=Wonder41 (16sh), bldgs=Palace
    Units: 1x Warriors, 2x Archers
  [Civ 2] Babylonians (despotism): 1 cities, 1 units, 59g, 6 techs, researching Iron Working (0/36)
    Babylon: size=2, prod=building:3 (37sh), bldgs=Palace
    Units: 1x Warriors
  [Civ 3] Germans (despotism): 1 cities, 0 units, 77g, 9 techs, researching Seafaring (0/32)
    Berlin: size=2, prod=Settlers (36sh), bldgs=Palace, Granary
    Units: none
  [Civ 4] Egyptians (despotism): 1 cities, 1 units, 56g, 6 techs, researching Code of Laws (4/36)
    Thebes: size=2, prod=Wonder40 (66sh), bldgs=Palace, Granary
    Units: 1x Warriors
  [Civ 1] Romans turn: 5 actions — ADJUST_ATTITUDE(1), MOVE_UNIT(2), UNIT_ORDER(2)
    ADJUST_ATTITUDE target=civ3
    >>> Berlin built Settlers
    ADJUST_ATTITUDE target=civ1
    CHANGE_PRODUCTION city=2
    >>> Romans discovered: Iron Working

══════════════════════════════════════════════════════════════════════
  TURN 32 — 3380 B.C. (4ms)
══════════════════════════════════════════════════════════════════════
  [Civ 1] Romans (despotism): 1 cities, 3 units, 51g, 7 techs, researching none (0/33)
    Rome: size=3, prod=Wonder41 (20sh), bldgs=Palace
    Units: 1x Warriors, 2x Archers
  [Civ 2] Babylonians (despotism): 1 cities, 1 units, 59g, 6 techs, researching Iron Working (0/36)
    Babylon: size=2, prod=building:3 (41sh), bldgs=Palace
    Units: 1x Warriors
  [Civ 3] Germans (despotism): 1 cities, 1 units, 77g, 9 techs, researching Seafaring (2/32)
    Berlin: size=1, prod=Warriors (0sh), bldgs=Palace, Granary
    Units: 1x Settlers
  [Civ 4] Egyptians (despotism): 1 cities, 1 units, 56g, 6 techs, researching Code of Laws (6/36)
    Thebes: size=2, prod=Wonder40 (71sh), bldgs=Palace, Granary
    Units: 1x Warriors
  [Civ 1] Romans turn: 9 actions — SET_RESEARCH(1), ADJUST_ATTITUDE(4), MOVE_UNIT(2), UNIT_ORDER(2)
    SET_RESEARCH tech=Code of Laws
    ADJUST_ATTITUDE target=civ2
    ADJUST_ATTITUDE target=civ3
    ADJUST_ATTITUDE target=civ4
    ADJUST_ATTITUDE target=civ3
    ADJUST_ATTITUDE target=civ1
    ADJUST_ATTITUDE target=civ3
    ADJUST_ATTITUDE target=civ4
    ADJUST_ATTITUDE target=civ1
    ADJUST_ATTITUDE target=civ2
    ADJUST_ATTITUDE target=civ4
    ADJUST_ATTITUDE target=civ1
    ADJUST_ATTITUDE target=civ1
    ADJUST_ATTITUDE target=civ2
    ADJUST_ATTITUDE target=civ3

══════════════════════════════════════════════════════════════════════
  TURN 33 — 3360 B.C. (6ms)
══════════════════════════════════════════════════════════════════════
  [Civ 1] Romans (despotism): 1 cities, 3 units, 53g, 7 techs, researching Code of Laws (3/33)
    Rome: size=3, prod=Wonder41 (24sh), bldgs=Palace
    Units: 1x Warriors, 2x Archers
  [Civ 2] Babylonians (despotism): 1 cities, 1 units, 59g, 6 techs, researching Iron Working (0/36)
    Babylon: size=2, prod=building:3 (45sh), bldgs=Palace
    Units: 1x Warriors
  [Civ 3] Germans (despotism): 1 cities, 1 units, 77g, 9 techs, researching Seafaring (4/32)
    Berlin: size=1, prod=Warriors (2sh), bldgs=Palace, Granary
    Units: 1x Settlers
  [Civ 4] Egyptians (despotism): 1 cities, 1 units, 56g, 6 techs, researching Code of Laws (8/36)
    Thebes: size=2, prod=Wonder40 (76sh), bldgs=Palace, Granary
    Units: 1x Warriors
  [Civ 1] Romans turn: 5 actions — ADJUST_ATTITUDE(1), MOVE_UNIT(2), UNIT_ORDER(2)
    ADJUST_ATTITUDE target=civ3
    ADJUST_ATTITUDE target=civ1

══════════════════════════════════════════════════════════════════════
  TURN 34 — 3340 B.C. (5ms)
══════════════════════════════════════════════════════════════════════
  [Civ 1] Romans (despotism): 1 cities, 3 units, 55g, 7 techs, researching Code of Laws (6/33)
    Rome: size=3, prod=Wonder41 (28sh), bldgs=Palace
    Units: 1x Warriors, 2x Archers
  [Civ 2] Babylonians (despotism): 1 cities, 1 units, 59g, 6 techs, researching Iron Working (0/36)
    Babylon: size=2, prod=building:3 (49sh), bldgs=Palace
    Units: 1x Warriors
  [Civ 3] Germans (despotism): 1 cities, 1 units, 77g, 9 techs, researching Seafaring (6/32)
    Berlin: size=1, prod=Warriors (4sh), bldgs=Palace, Granary
    Units: 1x Settlers
  [Civ 4] Egyptians (despotism): 1 cities, 1 units, 56g, 6 techs, researching Code of Laws (10/36)
    Thebes: size=2, prod=Wonder40 (81sh), bldgs=Palace, Granary
    Units: 1x Warriors
  [Civ 1] Romans turn: 5 actions — ADJUST_ATTITUDE(1), MOVE_UNIT(2), UNIT_ORDER(2)
    ADJUST_ATTITUDE target=civ3
    ADJUST_ATTITUDE target=civ1

══════════════════════════════════════════════════════════════════════
  TURN 35 — 3320 B.C. (4ms)
══════════════════════════════════════════════════════════════════════
  [Civ 1] Romans (despotism): 1 cities, 3 units, 57g, 7 techs, researching Code of Laws (9/33)
    Rome: size=3, prod=Wonder41 (32sh), bldgs=Palace
    Units: 1x Warriors, 2x Archers
  [Civ 2] Babylonians (despotism): 1 cities, 1 units, 59g, 6 techs, researching Iron Working (0/36)
    Babylon: size=2, prod=building:3 (53sh), bldgs=Palace
    Units: 1x Warriors
  [Civ 3] Germans (despotism): 1 cities, 1 units, 77g, 9 techs, researching Seafaring (8/32)
    Berlin: size=1, prod=Warriors (6sh), bldgs=Palace, Granary
    Units: 1x Settlers
  [Civ 4] Egyptians (despotism): 1 cities, 1 units, 56g, 6 techs, researching Code of Laws (12/36)
    Thebes: size=2, prod=Wonder40 (86sh), bldgs=Palace, Granary
    Units: 1x Warriors
  [Civ 1] Romans turn: 5 actions — ADJUST_ATTITUDE(1), MOVE_UNIT(2), UNIT_ORDER(2)
    ADJUST_ATTITUDE target=civ3
    ADJUST_ATTITUDE target=civ1

══════════════════════════════════════════════════════════════════════
  TURN 36 — 3300 B.C. (4ms)
══════════════════════════════════════════════════════════════════════
  [Civ 1] Romans (despotism): 1 cities, 3 units, 59g, 7 techs, researching Code of Laws (12/33)
    Rome: size=3, prod=Wonder41 (36sh), bldgs=Palace
    Units: 1x Warriors, 2x Archers
  [Civ 2] Babylonians (despotism): 1 cities, 1 units, 59g, 6 techs, researching Iron Working (0/36)
    Babylon: size=2, prod=building:3 (57sh), bldgs=Palace
    Units: 1x Warriors
  [Civ 3] Germans (despotism): 1 cities, 1 units, 77g, 9 techs, researching Seafaring (10/32)
    Berlin: size=1, prod=Warriors (8sh), bldgs=Palace, Granary
    Units: 1x Settlers
  [Civ 4] Egyptians (despotism): 1 cities, 1 units, 56g, 6 techs, researching Code of Laws (14/36)
    Thebes: size=2, prod=Wonder40 (91sh), bldgs=Palace, Granary
    Units: 1x Warriors
  [Civ 1] Romans turn: 5 actions — ADJUST_ATTITUDE(1), MOVE_UNIT(2), UNIT_ORDER(2)
    ADJUST_ATTITUDE target=civ3
    >>> Babylon built building:3
    CHANGE_PRODUCTION city=1
    >>> Berlin built Warriors
    ADJUST_ATTITUDE target=civ1
    CHANGE_PRODUCTION city=2

══════════════════════════════════════════════════════════════════════
  TURN 37 — 3280 B.C. (4ms)
══════════════════════════════════════════════════════════════════════
  [Civ 1] Romans (despotism): 1 cities, 3 units, 61g, 8 techs, researching Code of Laws (15/28)
    Rome: size=3, prod=Wonder41 (40sh), bldgs=Palace
    Units: 1x Warriors, 2x Archers
  [Civ 2] Babylonians (despotism): 1 cities, 1 units, 58g, 6 techs, researching Iron Working (0/36)
    Babylon: size=2, prod=Settlers (0sh), bldgs=Palace, Granary
    Units: 1x Warriors
  [Civ 3] Germans (despotism): 1 cities, 2 units, 77g, 9 techs, researching Seafaring (12/32)
    Berlin: size=1, prod=Archers (0sh), bldgs=Palace, Granary
    Units: 1x Settlers, 1x Warriors
  [Civ 4] Egyptians (despotism): 1 cities, 1 units, 56g, 6 techs, researching Code of Laws (16/36)
    Thebes: size=2, prod=Wonder40 (96sh), bldgs=Palace, Granary
    Units: 1x Warriors
  [Civ 1] Romans turn: 5 actions — ADJUST_ATTITUDE(1), MOVE_UNIT(2), UNIT_ORDER(2)
    ADJUST_ATTITUDE target=civ3
    ADJUST_ATTITUDE target=civ1

══════════════════════════════════════════════════════════════════════
  TURN 38 — 3260 B.C. (5ms)
══════════════════════════════════════════════════════════════════════
  [Civ 1] Romans (despotism): 1 cities, 3 units, 89g, 8 techs, researching Code of Laws (18/28)
    Rome: size=3, prod=Wonder41 (44sh), bldgs=Palace
    Units: 1x Warriors, 2x Archers
  [Civ 2] Babylonians (despotism): 1 cities, 1 units, 57g, 7 techs, researching Iron Working (0/33)
    Babylon: size=2, prod=Settlers (4sh), bldgs=Palace, Granary
    Units: 1x Warriors
  [Civ 3] Germans (despotism): 1 cities, 2 units, 77g, 9 techs, researching Seafaring (14/32)
    Berlin: size=1, prod=Archers (1sh), bldgs=Palace, Granary
    Units: 1x Settlers, 1x Warriors
  [Civ 4] Egyptians (despotism): 1 cities, 1 units, 56g, 7 techs, researching Code of Laws (18/33)
    Thebes: size=2, prod=Wonder40 (101sh), bldgs=Palace, Granary
    Units: 1x Warriors
  [Civ 1] Romans turn: 5 actions — ADJUST_ATTITUDE(1), MOVE_UNIT(2), UNIT_ORDER(2)
    ADJUST_ATTITUDE target=civ3
    ADJUST_ATTITUDE target=civ1

══════════════════════════════════════════════════════════════════════
  TURN 39 — 3240 B.C. (4ms)
══════════════════════════════════════════════════════════════════════
  [Civ 1] Romans (despotism): 1 cities, 3 units, 91g, 8 techs, researching Code of Laws (21/28)
    Rome: size=3, prod=Wonder41 (48sh), bldgs=Palace
    Units: 1x Warriors, 2x Archers
  [Civ 2] Babylonians (despotism): 1 cities, 1 units, 56g, 7 techs, researching Iron Working (0/33)
    Babylon: size=2, prod=Settlers (8sh), bldgs=Palace, Granary
    Units: 1x Warriors
  [Civ 3] Germans (despotism): 1 cities, 2 units, 77g, 9 techs, researching Seafaring (16/32)
    Berlin: size=1, prod=Archers (2sh), bldgs=Palace, Granary
    Units: 1x Settlers, 1x Warriors
  [Civ 4] Egyptians (despotism): 1 cities, 1 units, 56g, 7 techs, researching Code of Laws (20/33)
    Thebes: size=2, prod=Wonder40 (106sh), bldgs=Palace, Granary
    Units: 1x Warriors
  [Civ 1] Romans turn: 5 actions — ADJUST_ATTITUDE(1), MOVE_UNIT(2), UNIT_ORDER(2)
    ADJUST_ATTITUDE target=civ3
    ADJUST_ATTITUDE target=civ1

══════════════════════════════════════════════════════════════════════
  TURN 40 — 3220 B.C. (5ms)
══════════════════════════════════════════════════════════════════════
  [Civ 1] Romans (despotism): 1 cities, 3 units, 93g, 8 techs, researching Code of Laws (24/28)
    Rome: size=3, prod=Wonder41 (52sh), bldgs=Palace
    Units: 1x Warriors, 2x Archers
  [Civ 2] Babylonians (despotism): 1 cities, 1 units, 55g, 7 techs, researching Iron Working (0/33)
    Babylon: size=2, prod=Settlers (12sh), bldgs=Palace, Granary
    Units: 1x Warriors
  [Civ 3] Germans (despotism): 1 cities, 2 units, 77g, 9 techs, researching Seafaring (18/32)
    Berlin: size=1, prod=Archers (3sh), bldgs=Palace, Granary
    Units: 1x Settlers, 1x Warriors
  [Civ 4] Egyptians (despotism): 1 cities, 1 units, 56g, 7 techs, researching Code of Laws (22/33)
    Thebes: size=2, prod=Wonder40 (111sh), bldgs=Palace, Granary
    Units: 1x Warriors
  [Civ 1] Romans turn: 5 actions — ADJUST_ATTITUDE(1), MOVE_UNIT(2), UNIT_ORDER(2)
    ADJUST_ATTITUDE target=civ3
    >>> Berlin grew to size 2
    ADJUST_ATTITUDE target=civ1
    >>> Thebes grew to size 3

══════════════════════════════════════════════════════════════════════
  TURN 41 — 3200 B.C. (4ms)
══════════════════════════════════════════════════════════════════════
  [Civ 1] Romans (despotism): 1 cities, 3 units, 95g, 8 techs, researching Code of Laws (27/28)
    Rome: size=3, prod=Wonder41 (56sh), bldgs=Palace
    Units: 1x Warriors, 2x Archers
  [Civ 2] Babylonians (despotism): 1 cities, 1 units, 54g, 7 techs, researching Iron Working (0/33)
    Babylon: size=2, prod=Settlers (16sh), bldgs=Palace, Granary
    Units: 1x Warriors
  [Civ 3] Germans (despotism): 1 cities, 2 units, 78g, 9 techs, researching Seafaring (21/32)
    Berlin: size=2, prod=Archers (4sh), bldgs=Palace, Granary
    Units: 1x Settlers, 1x Warriors
  [Civ 4] Egyptians (despotism): 1 cities, 1 units, 56g, 7 techs, researching Code of Laws (24/33)
    Thebes: size=3, prod=Wonder40 (116sh), bldgs=Palace, Granary
    Units: 1x Warriors
  [Civ 1] Romans turn: 5 actions — ADJUST_ATTITUDE(1), MOVE_UNIT(2), UNIT_ORDER(2)
    ADJUST_ATTITUDE target=civ3
    ADJUST_ATTITUDE target=civ1
    >>> Romans discovered: Code of Laws

══════════════════════════════════════════════════════════════════════
  TURN 42 — 3180 B.C. (5ms)
══════════════════════════════════════════════════════════════════════
  [Civ 1] Romans (despotism): 1 cities, 3 units, 95g, 9 techs, researching none (0/32)
    Rome: size=3, prod=Wonder41 (60sh), bldgs=Palace
    Units: 1x Warriors, 2x Archers
  [Civ 2] Babylonians (despotism): 1 cities, 1 units, 53g, 7 techs, researching Iron Working (0/33)
    Babylon: size=2, prod=Settlers (20sh), bldgs=Palace, Granary
    Units: 1x Warriors
  [Civ 3] Germans (despotism): 1 cities, 2 units, 79g, 9 techs, researching Seafaring (24/32)
    Berlin: size=2, prod=Archers (8sh), bldgs=Palace, Granary
    Units: 1x Settlers, 1x Warriors
  [Civ 4] Egyptians (despotism): 1 cities, 1 units, 56g, 7 techs, researching Code of Laws (26/33)
    Thebes: size=3, prod=Wonder40 (122sh), bldgs=Palace, Granary
    Units: 1x Warriors
  [Civ 1] Romans turn: 6 actions — SET_RESEARCH(1), ADJUST_ATTITUDE(1), MOVE_UNIT(2), UNIT_ORDER(2)
    SET_RESEARCH tech=Map Making
    ADJUST_ATTITUDE target=civ3
    ADJUST_ATTITUDE target=civ1

══════════════════════════════════════════════════════════════════════
  TURN 43 — 3160 B.C. (5ms)
══════════════════════════════════════════════════════════════════════
  [Civ 1] Romans (despotism): 1 cities, 3 units, 97g, 9 techs, researching Map Making (3/32)
    Rome: size=3, prod=Wonder41 (64sh), bldgs=Palace
    Units: 1x Warriors, 2x Archers
  [Civ 2] Babylonians (despotism): 1 cities, 1 units, 52g, 7 techs, researching Iron Working (0/33)
    Babylon: size=2, prod=Settlers (24sh), bldgs=Palace, Granary
    Units: 1x Warriors
  [Civ 3] Germans (despotism): 1 cities, 2 units, 80g, 9 techs, researching Seafaring (27/32)
    Berlin: size=2, prod=Archers (12sh), bldgs=Palace, Granary
    Units: 1x Settlers, 1x Warriors
  [Civ 4] Egyptians (despotism): 1 cities, 1 units, 56g, 7 techs, researching Code of Laws (28/33)
    Thebes: size=3, prod=Wonder40 (128sh), bldgs=Palace, Granary
    Units: 1x Warriors
  [Civ 1] Romans turn: 5 actions — ADJUST_ATTITUDE(1), MOVE_UNIT(2), UNIT_ORDER(2)
    ADJUST_ATTITUDE target=civ3
    ADJUST_ATTITUDE target=civ1

══════════════════════════════════════════════════════════════════════
  TURN 44 — 3140 B.C. (4ms)
══════════════════════════════════════════════════════════════════════
  [Civ 1] Romans (despotism): 1 cities, 3 units, 99g, 9 techs, researching Map Making (6/32)
    Rome: size=3, prod=Wonder41 (68sh), bldgs=Palace
    Units: 1x Warriors, 2x Archers
  [Civ 2] Babylonians (despotism): 1 cities, 1 units, 51g, 7 techs, researching Iron Working (0/33)
    Babylon: size=2, prod=Settlers (28sh), bldgs=Palace, Granary
    Units: 1x Warriors
  [Civ 3] Germans (despotism): 1 cities, 2 units, 81g, 9 techs, researching Seafaring (30/32)
    Berlin: size=2, prod=Archers (16sh), bldgs=Palace, Granary
    Units: 1x Settlers, 1x Warriors
  [Civ 4] Egyptians (despotism): 1 cities, 1 units, 56g, 7 techs, researching Code of Laws (30/33)
    Thebes: size=3, prod=Wonder40 (134sh), bldgs=Palace, Granary
    Units: 1x Warriors
  [Civ 1] Romans turn: 5 actions — ADJUST_ATTITUDE(1), MOVE_UNIT(2), UNIT_ORDER(2)
    ADJUST_ATTITUDE target=civ3
    ADJUST_ATTITUDE target=civ1
    ADJUST_ATTITUDE target=civ1
    >>> Germans discovered: Seafaring
    SET_RESEARCH tech=Construction
    ADJUST_ATTITUDE target=civ1
    >>> Rome grew to size 4

══════════════════════════════════════════════════════════════════════
  TURN 45 — 3120 B.C. (6ms)
══════════════════════════════════════════════════════════════════════
  [Civ 1] Romans (despotism): 1 cities, 3 units, 101g, 9 techs, researching Map Making (10/21)
    Rome: size=4, prod=Wonder41 (72sh), bldgs=Palace
    Units: 1x Warriors, 2x Archers
  [Civ 2] Babylonians (despotism): 1 cities, 1 units, 50g, 7 techs, researching Iron Working (0/33)
    Babylon: size=2, prod=Settlers (32sh), bldgs=Palace, Granary
    Units: 1x Warriors
  [Civ 3] Germans (despotism): 1 cities, 2 units, 81g, 10 techs, researching Construction (0/48)
    Berlin: size=2, prod=Archers (20sh), bldgs=Palace, Granary
    Units: 1x Settlers, 1x Warriors
  [Civ 4] Egyptians (despotism): 1 cities, 1 units, 56g, 7 techs, researching Code of Laws (32/33)
    Thebes: size=3, prod=Wonder40 (140sh), bldgs=Palace, Granary
    Units: 1x Warriors
  [Civ 1] Romans turn: 4 actions — MOVE_UNIT(2), UNIT_ORDER(2)
    COMBAT: ? vs ? → capture (atkHp=undefined, defHp=undefined)
    >>> Egyptians discovered: Code of Laws
    SET_RESEARCH tech=Mysticism

══════════════════════════════════════════════════════════════════════
  TURN 46 — 3100 B.C. (6ms)
══════════════════════════════════════════════════════════════════════
  [Civ 1] Romans (despotism): 2 cities, 3 units, 123g, 9 techs, researching Map Making (14/21)
    Rome: size=4, prod=Wonder41 (77sh), bldgs=Palace
    Babylon: size=1, prod=Warriors (2sh)
    Units: 1x Warriors, 2x Archers
  [Civ 2] Babylonians (despotism): 0 cities, 1 units, 30g, 7 techs, researching Iron Working (0/33)
    Units: 1x Warriors
  [Civ 3] Germans (despotism): 1 cities, 2 units, 82g, 10 techs, researching Construction (3/48)
    Berlin: size=2, prod=Archers (24sh), bldgs=Palace, Granary
    Units: 1x Settlers, 1x Warriors
  [Civ 4] Egyptians (despotism): 1 cities, 1 units, 56g, 8 techs, researching Mysticism (0/28)
    Thebes: size=3, prod=Wonder40 (146sh), bldgs=Palace, Granary
    Units: 1x Warriors
  [Civ 1] Romans turn: 5 actions — CHANGE_PRODUCTION(1), UNIT_ORDER(3), MOVE_UNIT(1)
    CHANGE_PRODUCTION city=1

══════════════════════════════════════════════════════════════════════
  TURN 47 — 3080 B.C. (5ms)
══════════════════════════════════════════════════════════════════════
  [Civ 1] Romans (despotism): 2 cities, 3 units, 125g, 9 techs, researching Map Making (18/21)
    Rome: size=4, prod=Wonder41 (82sh), bldgs=Palace
    Babylon: size=1, prod=Legion (3sh)
    Units: 1x Warriors, 2x Archers
  [Civ 2] Babylonians (despotism): 0 cities, 1 units, 30g, 7 techs, researching Iron Working (0/33)
    Units: 1x Warriors
  [Civ 3] Germans (despotism): 1 cities, 2 units, 83g, 10 techs, researching Construction (6/48)
    Berlin: size=2, prod=Archers (28sh), bldgs=Palace, Granary
    Units: 1x Settlers, 1x Warriors
  [Civ 4] Egyptians (despotism): 1 cities, 1 units, 56g, 8 techs, researching Mysticism (2/28)
    Thebes: size=3, prod=Wonder40 (152sh), bldgs=Palace, Granary
    Units: 1x Warriors
  [Civ 1] Romans turn: 2 actions — MOVE_UNIT(1), UNIT_ORDER(1)
    >>> Berlin built Archers
    CHANGE_PRODUCTION city=2
    >>> Romans discovered: Map Making

══════════════════════════════════════════════════════════════════════
  TURN 48 — 3060 B.C. (5ms)
══════════════════════════════════════════════════════════════════════
  [Civ 1] Romans (despotism): 2 cities, 3 units, 125g, 10 techs, researching none (0/24)
    Rome: size=4, prod=Wonder41 (87sh), bldgs=Palace
    Babylon: size=1, prod=Legion (5sh)
    Units: 1x Warriors, 2x Archers
  [Civ 2] Babylonians (despotism): 0 cities, 1 units, 30g, 8 techs, researching Iron Working (0/28)
    Units: 1x Warriors
  [Civ 3] Germans (despotism): 1 cities, 3 units, 84g, 11 techs, researching Construction (9/52)
    Berlin: size=2, prod=building:7 (0sh), bldgs=Palace, Granary
    Units: 1x Settlers, 1x Warriors, 1x Archers
  [Civ 4] Egyptians (despotism): 1 cities, 1 units, 56g, 8 techs, researching Mysticism (4/28)
    Thebes: size=3, prod=Wonder40 (158sh), bldgs=Palace, Granary
    Units: 1x Warriors
  [Civ 1] Romans turn: 3 actions — SET_RESEARCH(1), MOVE_UNIT(1), UNIT_ORDER(1)
    SET_RESEARCH tech=The Wheel

══════════════════════════════════════════════════════════════════════
  TURN 49 — 3040 B.C. (5ms)
══════════════════════════════════════════════════════════════════════
  [Civ 1] Romans (despotism): 2 cities, 3 units, 127g, 10 techs, researching The Wheel (4/24)
    Rome: size=4, prod=Wonder41 (92sh), bldgs=Palace
    Babylon: size=1, prod=Legion (7sh)
    Units: 1x Warriors, 2x Archers
  [Civ 2] Babylonians (despotism): 0 cities, 1 units, 30g, 8 techs, researching Iron Working (0/28)
    Units: 1x Warriors
  [Civ 3] Germans (despotism): 1 cities, 3 units, 85g, 12 techs, researching Construction (12/57)
    Berlin: size=2, prod=building:7 (3sh), bldgs=Palace, Granary
    Units: 1x Settlers, 1x Warriors, 1x Archers
  [Civ 4] Egyptians (despotism): 1 cities, 1 units, 56g, 8 techs, researching Mysticism (6/28)
    Thebes: size=3, prod=Wonder40 (164sh), bldgs=Palace, Granary
    Units: 1x Warriors
  [Civ 1] Romans turn: 2 actions — MOVE_UNIT(1), UNIT_ORDER(1)

══════════════════════════════════════════════════════════════════════
  FINAL SUMMARY
══════════════════════════════════════════════════════════════════════
Game ended at turn 50 (3020 B.C.)

── Civ 1: Romans (despotism) ALIVE ──
  Cities: 2 (peak 2, founded 1)
  Units:  3 (peak 3)
  Treasury: 129g
  Techs discovered: 4 — Alphabet, Iron Working, Code of Laws, Map Making
  Actions: 181 total, 0 idle turns
  Breakdown: UNIT_ORDER(76), MOVE_UNIT(70), ADJUST_ATTITUDE(21), SET_RESEARCH(6), CHANGE_PRODUCTION(5), CHANGE_RATES(1), BUILD_CITY(1), RESPOND_TREATY(1)
  Army: 1x Warriors, 2x Archers
  Rome: size=4, shields=97
  Babylon: size=1, shields=9

── Civ 2: Babylonians (despotism) ALIVE ──
  Cities: 0 (peak 1, founded 1)
  Units:  1 (peak 1)
  Treasury: 30g
  Techs discovered: 0 — none
  Actions: 111 total, 0 idle turns
  Breakdown: UNIT_ORDER(51), MOVE_UNIT(50), ADJUST_ATTITUDE(5), CHANGE_PRODUCTION(2), SET_RESEARCH(1), CHANGE_RATES(1), BUILD_CITY(1)
  Army: 1x Warriors

── Civ 3: Germans (despotism) ALIVE ──
  Cities: 1 (peak 1, founded 1)
  Units:  3 (peak 3)
  Treasury: 86g
  Techs discovered: 3 — Map Making, Currency, Seafaring
  Actions: 170 total, 0 idle turns
  Breakdown: MOVE_UNIT(67), UNIT_ORDER(67), ADJUST_ATTITUDE(23), CHANGE_PRODUCTION(5), SET_RESEARCH(4), CHANGE_RATES(1), BUILD_CITY(1), PROPOSE_TREATY(1), WORKER_ORDER(1)
  Army: 1x Settlers, 1x Warriors, 1x Archers
  Berlin: size=2, shields=6

── Civ 4: Egyptians (despotism) ALIVE ──
  Cities: 1 (peak 1, founded 1)
  Units:  1 (peak 1)
  Treasury: 56g
  Techs discovered: 2 — Masonry, Code of Laws
  Actions: 111 total, 0 idle turns
  Breakdown: UNIT_ORDER(51), MOVE_UNIT(50), SET_RESEARCH(3), ADJUST_ATTITUDE(3), CHANGE_PRODUCTION(2), CHANGE_RATES(1), BUILD_CITY(1)
  Army: 1x Warriors
  Thebes: size=3, shields=170


══════════════════════════════════════════════════════════════════════
  AI BEHAVIOR ANALYSIS
══════════════════════════════════════════════════════════════════════
[Civ 1] Romans:
  WARNING: Only 1 city after 30+ turns

[Civ 2] Babylonians:
  WARNING: Never discovered a tech
  WARNING: Only 1 city after 30+ turns

[Civ 3] Germans:
  WARNING: Only 1 city after 30+ turns

[Civ 4] Egyptians:
  WARNING: Only 1 city after 30+ turns

