Charlization AI Headless Simulation
Date: 2026-03-21T05:39:12.354Z
Settings: 50 turns, 4 AI players, 50x80 map, difficulty=prince
Map seed: 2733
Map generated in 91ms
Game initialized: 4 civs, 10 starting units
  Civ 1 (Romans): starts at (32,22) on Grassland
  Civ 2 (Babylonians): starts at (11,71) on Grassland
  Civ 3 (Germans): starts at (7,9) on Grassland
  Civ 4 (Egyptians): starts at (17,47) on Grassland
    SET_RESEARCH tech=Alphabet
    CHANGE_RATES sci=6 tax=4 lux=undefined
    BUILD_CITY unit=0 name="Rome"
    1 actions REJECTED (of 6)
    SET_RESEARCH tech=Alphabet
    CHANGE_RATES sci=6 tax=4 lux=undefined
    BUILD_CITY unit=2 name="Babylon"
    BUILD_CITY unit=8 name="Babylon"
    2 actions REJECTED (of 8)
    SET_RESEARCH tech=Mysticism
    CHANGE_RATES sci=6 tax=4 lux=undefined
    BUILD_CITY unit=4 name="Berlin"
    1 actions REJECTED (of 6)
    SET_RESEARCH tech=Alphabet
    CHANGE_RATES sci=6 tax=4 lux=undefined
    BUILD_CITY unit=6 name="Thebes"
    BUILD_CITY unit=9 name="Thebes"
    2 actions REJECTED (of 8)

══════════════════════════════════════════════════════════════════════
  TURN 1 — 4000 B.C. (44ms)
══════════════════════════════════════════════════════════════════════
  [Civ 1] Romans (despotism): 1 cities, 1 units, 1g, 3 techs, researching Alphabet (3/39)
    Rome: size=1, prod=Warriors (2sh), bldgs=Palace
    Units: 1x Warriors
  [Civ 2] Babylonians (despotism): 1 cities, 2 units, 0g, 3 techs, researching Alphabet (0/39)
    Babylon: size=1, prod=Warriors (0sh), bldgs=Palace
    Units: 1x Warriors, 1x Settlers
  [Civ 3] Germans (despotism): 1 cities, 1 units, 0g, 2 techs, researching Mysticism (0/22)
    Berlin: size=1, prod=Warriors (0sh), bldgs=Palace
    Units: 1x Warriors
  [Civ 4] Egyptians (despotism): 1 cities, 2 units, 0g, 2 techs, researching Alphabet (0/22)
    Thebes: size=1, prod=Warriors (0sh), bldgs=Palace
    Units: 1x Warriors, 1x Settlers
  [Civ 1] Romans turn: 2 actions — MOVE_UNIT(1), UNIT_ORDER(1)
    CHANGE_PRODUCTION city=1
    CHANGE_PRODUCTION city=3

══════════════════════════════════════════════════════════════════════
  TURN 2 — 3980 B.C. (18ms)
══════════════════════════════════════════════════════════════════════
  [Civ 1] Romans (despotism): 1 cities, 1 units, 2g, 3 techs, researching Alphabet (6/39)
    Rome: size=1, prod=Warriors (4sh), bldgs=Palace
    Units: 1x Warriors
  [Civ 2] Babylonians (despotism): 1 cities, 2 units, 0g, 3 techs, researching Alphabet (2/39)
    Babylon: size=1, prod=building:8 (2sh), bldgs=Palace
    Units: 1x Warriors, 1x Settlers
  [Civ 3] Germans (despotism): 1 cities, 1 units, 1g, 3 techs, researching Mysticism (3/39)
    Berlin: size=1, prod=Warriors (2sh), bldgs=Palace
    Units: 1x Warriors
  [Civ 4] Egyptians (despotism): 1 cities, 2 units, 1g, 3 techs, researching Alphabet (3/39)
    Thebes: size=1, prod=building:8 (2sh), bldgs=Palace
    Units: 1x Warriors, 1x Settlers
  [Civ 1] Romans turn: 2 actions — MOVE_UNIT(1), UNIT_ORDER(1)

══════════════════════════════════════════════════════════════════════
  TURN 3 — 3960 B.C. (7ms)
══════════════════════════════════════════════════════════════════════
  [Civ 1] Romans (despotism): 1 cities, 1 units, 3g, 3 techs, researching Alphabet (9/39)
    Rome: size=1, prod=Warriors (6sh), bldgs=Palace
    Units: 1x Warriors
  [Civ 2] Babylonians (despotism): 1 cities, 2 units, 0g, 3 techs, researching Alphabet (4/39)
    Babylon: size=1, prod=building:8 (4sh), bldgs=Palace
    Units: 1x Warriors, 1x Settlers
  [Civ 3] Germans (despotism): 1 cities, 1 units, 2g, 3 techs, researching Mysticism (6/39)
    Berlin: size=1, prod=Warriors (4sh), bldgs=Palace
    Units: 1x Warriors
  [Civ 4] Egyptians (despotism): 1 cities, 2 units, 2g, 3 techs, researching Alphabet (6/39)
    Thebes: size=1, prod=building:8 (4sh), bldgs=Palace
    Units: 1x Warriors, 1x Settlers
  [Civ 1] Romans turn: 2 actions — MOVE_UNIT(1), UNIT_ORDER(1)

══════════════════════════════════════════════════════════════════════
  TURN 4 — 3940 B.C. (6ms)
══════════════════════════════════════════════════════════════════════
  [Civ 1] Romans (despotism): 1 cities, 1 units, 4g, 3 techs, researching Alphabet (12/39)
    Rome: size=1, prod=Warriors (8sh), bldgs=Palace
    Units: 1x Warriors
  [Civ 2] Babylonians (despotism): 1 cities, 2 units, 0g, 3 techs, researching Alphabet (6/39)
    Babylon: size=1, prod=building:8 (6sh), bldgs=Palace
    Units: 1x Warriors, 1x Settlers
  [Civ 3] Germans (despotism): 1 cities, 1 units, 3g, 3 techs, researching Mysticism (9/39)
    Berlin: size=1, prod=Warriors (6sh), bldgs=Palace
    Units: 1x Warriors
  [Civ 4] Egyptians (despotism): 1 cities, 2 units, 32g, 3 techs, researching Alphabet (9/39)
    Thebes: size=1, prod=building:8 (6sh), bldgs=Palace
    Units: 1x Warriors, 1x Settlers
  [Civ 1] Romans turn: 2 actions — MOVE_UNIT(1), UNIT_ORDER(1)
    END_TURN REJECTED: 1 units still need orders
      #10 Horsemen(Atk) @(31,14) mv=6 ord=none hp=full
    >>> Rome built Warriors

══════════════════════════════════════════════════════════════════════
  TURN 5 — 3920 B.C. (7ms)
══════════════════════════════════════════════════════════════════════
  [Civ 1] Romans (despotism): 1 cities, 3 units, 5g, 3 techs, researching Alphabet (15/39)
    Rome: size=1, prod=Warriors (0sh), bldgs=Palace
    Units: 2x Warriors, 1x Horsemen
  [Civ 2] Babylonians (despotism): 1 cities, 2 units, 0g, 3 techs, researching Alphabet (8/39)
    Babylon: size=1, prod=building:8 (8sh), bldgs=Palace
    Units: 1x Warriors, 1x Settlers
  [Civ 3] Germans (despotism): 1 cities, 1 units, 4g, 3 techs, researching Mysticism (12/39)
    Berlin: size=1, prod=Warriors (8sh), bldgs=Palace
    Units: 1x Warriors
  [Civ 4] Egyptians (despotism): 1 cities, 2 units, 33g, 3 techs, researching Alphabet (12/39)
    Thebes: size=1, prod=building:8 (8sh), bldgs=Palace
    Units: 1x Warriors, 1x Settlers
  [Civ 1] Romans turn: 7 actions — CHANGE_PRODUCTION(1), MOVE_UNIT(2), UNIT_ORDER(4)
    CHANGE_PRODUCTION city=0
    >>> Berlin built Warriors
    CHANGE_PRODUCTION city=2

══════════════════════════════════════════════════════════════════════
  TURN 6 — 3900 B.C. (6ms)
══════════════════════════════════════════════════════════════════════
  [Civ 1] Romans (despotism): 1 cities, 3 units, 6g, 3 techs, researching Alphabet (18/39)
    Rome: size=1, prod=building:8 (2sh), bldgs=Palace
    Units: 2x Warriors, 1x Horsemen
  [Civ 2] Babylonians (despotism): 1 cities, 2 units, 0g, 3 techs, researching Alphabet (10/39)
    Babylon: size=1, prod=building:8 (10sh), bldgs=Palace
    Units: 1x Warriors, 1x Settlers
  [Civ 3] Germans (despotism): 1 cities, 2 units, 5g, 3 techs, researching Mysticism (15/39)
    Berlin: size=1, prod=building:8 (0sh), bldgs=Palace
    Units: 2x Warriors
  [Civ 4] Egyptians (despotism): 1 cities, 2 units, 34g, 3 techs, researching Alphabet (15/39)
    Thebes: size=1, prod=building:8 (10sh), bldgs=Palace
    Units: 1x Warriors, 1x Settlers
  [Civ 1] Romans turn: 4 actions — MOVE_UNIT(2), UNIT_ORDER(2)

══════════════════════════════════════════════════════════════════════
  TURN 7 — 3880 B.C. (4ms)
══════════════════════════════════════════════════════════════════════
  [Civ 1] Romans (despotism): 1 cities, 3 units, 7g, 3 techs, researching Alphabet (21/39)
    Rome: size=1, prod=building:8 (4sh), bldgs=Palace
    Units: 2x Warriors, 1x Horsemen
  [Civ 2] Babylonians (despotism): 1 cities, 2 units, 0g, 3 techs, researching Alphabet (12/39)
    Babylon: size=1, prod=building:8 (12sh), bldgs=Palace
    Units: 1x Warriors, 1x Settlers
  [Civ 3] Germans (despotism): 1 cities, 2 units, 6g, 3 techs, researching Mysticism (18/39)
    Berlin: size=1, prod=building:8 (2sh), bldgs=Palace
    Units: 2x Warriors
  [Civ 4] Egyptians (despotism): 1 cities, 2 units, 35g, 3 techs, researching Alphabet (18/39)
    Thebes: size=1, prod=building:8 (12sh), bldgs=Palace
    Units: 1x Warriors, 1x Settlers
  [Civ 1] Romans turn: 4 actions — MOVE_UNIT(2), UNIT_ORDER(2)

══════════════════════════════════════════════════════════════════════
  TURN 8 — 3860 B.C. (7ms)
══════════════════════════════════════════════════════════════════════
  [Civ 1] Romans (despotism): 1 cities, 3 units, 8g, 3 techs, researching Alphabet (24/39)
    Rome: size=1, prod=building:8 (6sh), bldgs=Palace
    Units: 2x Warriors, 1x Horsemen
  [Civ 2] Babylonians (despotism): 1 cities, 2 units, 0g, 3 techs, researching Alphabet (14/39)
    Babylon: size=1, prod=building:8 (14sh), bldgs=Palace
    Units: 1x Warriors, 1x Settlers
  [Civ 3] Germans (despotism): 1 cities, 2 units, 7g, 3 techs, researching Mysticism (21/39)
    Berlin: size=1, prod=building:8 (4sh), bldgs=Palace
    Units: 2x Warriors
  [Civ 4] Egyptians (despotism): 1 cities, 2 units, 36g, 3 techs, researching Alphabet (21/39)
    Thebes: size=1, prod=building:8 (14sh), bldgs=Palace
    Units: 1x Warriors, 1x Settlers
  [Civ 1] Romans turn: 4 actions — MOVE_UNIT(2), UNIT_ORDER(2)
    END_TURN REJECTED: 1 units still need orders
      #13 Archers(Atk) @(29,19) mv=3 ord=none hp=full

══════════════════════════════════════════════════════════════════════
  TURN 9 — 3840 B.C. (4ms)
══════════════════════════════════════════════════════════════════════
  [Civ 1] Romans (despotism): 1 cities, 4 units, 9g, 3 techs, researching Alphabet (27/39)
    Rome: size=1, prod=building:8 (8sh), bldgs=Palace
    Units: 2x Warriors, 1x Horsemen, 1x Archers
  [Civ 2] Babylonians (despotism): 1 cities, 2 units, 0g, 3 techs, researching Alphabet (16/39)
    Babylon: size=1, prod=building:8 (16sh), bldgs=Palace
    Units: 1x Warriors, 1x Settlers
  [Civ 3] Germans (despotism): 1 cities, 2 units, 8g, 3 techs, researching Mysticism (24/39)
    Berlin: size=1, prod=building:8 (6sh), bldgs=Palace
    Units: 2x Warriors
  [Civ 4] Egyptians (despotism): 1 cities, 2 units, 37g, 3 techs, researching Alphabet (24/39)
    Thebes: size=1, prod=building:8 (16sh), bldgs=Palace
    Units: 1x Warriors, 1x Settlers
  [Civ 1] Romans turn: 6 actions — MOVE_UNIT(3), UNIT_ORDER(3)
    >>> Rome grew to size 2

══════════════════════════════════════════════════════════════════════
  TURN 10 — 3820 B.C. (10ms)
══════════════════════════════════════════════════════════════════════
  [Civ 1] Romans (despotism): 1 cities, 4 units, 11g, 3 techs, researching Alphabet (30/39)
    Rome: size=2, prod=building:8 (11sh), bldgs=Palace
    Units: 2x Warriors, 1x Horsemen, 1x Archers
  [Civ 2] Babylonians (despotism): 1 cities, 2 units, 0g, 3 techs, researching Alphabet (18/39)
    Babylon: size=1, prod=building:8 (18sh), bldgs=Palace
    Units: 1x Warriors, 1x Settlers
  [Civ 3] Germans (despotism): 1 cities, 2 units, 9g, 3 techs, researching Mysticism (27/39)
    Berlin: size=1, prod=building:8 (8sh), bldgs=Palace
    Units: 2x Warriors
  [Civ 4] Egyptians (despotism): 1 cities, 2 units, 38g, 3 techs, researching Alphabet (27/39)
    Thebes: size=1, prod=building:8 (18sh), bldgs=Palace
    Units: 1x Warriors, 1x Settlers
  [Civ 1] Romans turn: 6 actions — MOVE_UNIT(3), UNIT_ORDER(3)
    >>> Babylon grew to size 2
    >>> Berlin grew to size 2
    >>> Thebes grew to size 2

══════════════════════════════════════════════════════════════════════
  TURN 11 — 3800 B.C. (9ms)
══════════════════════════════════════════════════════════════════════
  [Civ 1] Romans (despotism): 1 cities, 4 units, 13g, 3 techs, researching Alphabet (33/39)
    Rome: size=2, prod=building:8 (14sh), bldgs=Palace
    Units: 2x Warriors, 1x Horsemen, 1x Archers
  [Civ 2] Babylonians (despotism): 1 cities, 2 units, 1g, 3 techs, researching Alphabet (22/39)
    Babylon: size=2, prod=building:8 (22sh), bldgs=Palace
    Units: 1x Warriors, 1x Settlers
  [Civ 3] Germans (despotism): 1 cities, 2 units, 11g, 3 techs, researching Mysticism (30/39)
    Berlin: size=2, prod=building:8 (11sh), bldgs=Palace
    Units: 2x Warriors
  [Civ 4] Egyptians (despotism): 1 cities, 2 units, 40g, 3 techs, researching Alphabet (30/39)
    Thebes: size=2, prod=building:8 (21sh), bldgs=Palace
    Units: 1x Warriors, 1x Settlers
  [Civ 1] Romans turn: 6 actions — MOVE_UNIT(3), UNIT_ORDER(3)

══════════════════════════════════════════════════════════════════════
  TURN 12 — 3780 B.C. (9ms)
══════════════════════════════════════════════════════════════════════
  [Civ 1] Romans (despotism): 1 cities, 4 units, 15g, 3 techs, researching Alphabet (36/39)
    Rome: size=2, prod=building:8 (17sh), bldgs=Palace
    Units: 2x Warriors, 1x Horsemen, 1x Archers
  [Civ 2] Babylonians (despotism): 1 cities, 2 units, 2g, 3 techs, researching Alphabet (26/39)
    Babylon: size=2, prod=building:8 (26sh), bldgs=Palace
    Units: 1x Warriors, 1x Settlers
  [Civ 3] Germans (despotism): 1 cities, 2 units, 13g, 3 techs, researching Mysticism (33/39)
    Berlin: size=2, prod=building:8 (14sh), bldgs=Palace
    Units: 2x Warriors
  [Civ 4] Egyptians (despotism): 1 cities, 2 units, 42g, 3 techs, researching Alphabet (33/39)
    Thebes: size=2, prod=building:8 (24sh), bldgs=Palace
    Units: 1x Warriors, 1x Settlers
  [Civ 1] Romans turn: 6 actions — MOVE_UNIT(3), UNIT_ORDER(3)
    >>> Romans discovered: Alphabet

══════════════════════════════════════════════════════════════════════
  TURN 13 — 3760 B.C. (7ms)
══════════════════════════════════════════════════════════════════════
  [Civ 1] Romans (despotism): 1 cities, 4 units, 15g, 4 techs, researching none (0/52)
    Rome: size=2, prod=building:8 (20sh), bldgs=Palace
    Units: 2x Warriors, 1x Horsemen, 1x Archers
  [Civ 2] Babylonians (despotism): 1 cities, 2 units, 3g, 3 techs, researching Alphabet (30/36)
    Babylon: size=2, prod=building:8 (30sh), bldgs=Palace
    Units: 1x Warriors, 1x Settlers
  [Civ 3] Germans (despotism): 1 cities, 2 units, 15g, 3 techs, researching Mysticism (36/36)
    Berlin: size=2, prod=building:8 (17sh), bldgs=Palace
    Units: 2x Warriors
  [Civ 4] Egyptians (despotism): 1 cities, 2 units, 44g, 3 techs, researching Alphabet (36/36)
    Thebes: size=2, prod=building:8 (27sh), bldgs=Palace
    Units: 1x Warriors, 1x Settlers
  [Civ 1] Romans turn: 7 actions — SET_RESEARCH(1), MOVE_UNIT(3), UNIT_ORDER(3)
    SET_RESEARCH tech=Warrior Code
    >>> Germans discovered: Mysticism
    SET_RESEARCH tech=Alphabet
    >>> Egyptians discovered: Alphabet
    SET_RESEARCH tech=Map Making

══════════════════════════════════════════════════════════════════════
  TURN 14 — 3740 B.C. (10ms)
══════════════════════════════════════════════════════════════════════
  [Civ 1] Romans (despotism): 1 cities, 4 units, 17g, 4 techs, researching Warrior Code (3/52)
    Rome: size=2, prod=building:8 (23sh), bldgs=Palace
    Units: 2x Warriors, 1x Horsemen, 1x Archers
  [Civ 2] Babylonians (despotism): 1 cities, 2 units, 4g, 3 techs, researching Alphabet (34/36)
    Babylon: size=2, prod=building:8 (34sh), bldgs=Palace
    Units: 1x Warriors, 1x Settlers
  [Civ 3] Germans (despotism): 1 cities, 2 units, 15g, 4 techs, researching Alphabet (0/52)
    Berlin: size=2, prod=building:8 (20sh), bldgs=Palace
    Units: 2x Warriors
  [Civ 4] Egyptians (despotism): 1 cities, 2 units, 44g, 4 techs, researching Map Making (0/52)
    Thebes: size=2, prod=building:8 (30sh), bldgs=Palace
    Units: 1x Warriors, 1x Settlers
  [Civ 1] Romans turn: 6 actions — MOVE_UNIT(3), UNIT_ORDER(3)
    >>> Babylonians discovered: Alphabet
    SET_RESEARCH tech=Code of Laws

══════════════════════════════════════════════════════════════════════
  TURN 15 — 3720 B.C. (6ms)
══════════════════════════════════════════════════════════════════════
  [Civ 1] Romans (despotism): 1 cities, 4 units, 19g, 4 techs, researching Warrior Code (6/52)
    Rome: size=2, prod=building:8 (26sh), bldgs=Palace
    Units: 2x Warriors, 1x Horsemen, 1x Archers
  [Civ 2] Babylonians (despotism): 1 cities, 2 units, 4g, 4 techs, researching Code of Laws (0/52)
    Babylon: size=2, prod=building:8 (38sh), bldgs=Palace
    Units: 1x Warriors, 1x Settlers
  [Civ 3] Germans (despotism): 1 cities, 2 units, 17g, 4 techs, researching Alphabet (3/52)
    Berlin: size=2, prod=building:8 (23sh), bldgs=Palace
    Units: 2x Warriors
  [Civ 4] Egyptians (despotism): 1 cities, 2 units, 46g, 4 techs, researching Map Making (3/52)
    Thebes: size=2, prod=building:8 (33sh), bldgs=Palace
    Units: 1x Warriors, 1x Settlers
  [Civ 1] Romans turn: 6 actions — MOVE_UNIT(3), UNIT_ORDER(3)
    SET_RESEARCH tech=Pottery

══════════════════════════════════════════════════════════════════════
  TURN 16 — 3700 B.C. (7ms)
══════════════════════════════════════════════════════════════════════
  [Civ 1] Romans (despotism): 1 cities, 4 units, 21g, 4 techs, researching Warrior Code (9/48)
    Rome: size=2, prod=building:8 (29sh), bldgs=Palace
    Units: 2x Warriors, 1x Horsemen, 1x Archers
  [Civ 2] Babylonians (despotism): 1 cities, 2 units, 5g, 4 techs, researching Code of Laws (4/48)
    Babylon: size=2, prod=building:8 (42sh), bldgs=Palace
    Units: 1x Warriors, 1x Settlers
  [Civ 3] Germans (despotism): 1 cities, 2 units, 19g, 5 techs, researching Pottery (6/70)
    Berlin: size=2, prod=building:8 (26sh), bldgs=Palace
    Units: 2x Warriors
  [Civ 4] Egyptians (despotism): 1 cities, 2 units, 48g, 4 techs, researching Map Making (6/48)
    Thebes: size=2, prod=building:8 (36sh), bldgs=Palace
    Units: 1x Warriors, 1x Settlers
  [Civ 1] Romans turn: 6 actions — MOVE_UNIT(3), UNIT_ORDER(3)

══════════════════════════════════════════════════════════════════════
  TURN 17 — 3680 B.C. (7ms)
══════════════════════════════════════════════════════════════════════
  [Civ 1] Romans (despotism): 1 cities, 4 units, 23g, 4 techs, researching Warrior Code (12/48)
    Rome: size=2, prod=building:8 (32sh), bldgs=Palace
    Units: 2x Warriors, 1x Horsemen, 1x Archers
  [Civ 2] Babylonians (despotism): 1 cities, 2 units, 6g, 4 techs, researching Code of Laws (8/48)
    Babylon: size=2, prod=building:8 (46sh), bldgs=Palace
    Units: 1x Warriors, 1x Settlers
  [Civ 3] Germans (despotism): 1 cities, 2 units, 21g, 5 techs, researching Pottery (9/70)
    Berlin: size=2, prod=building:8 (29sh), bldgs=Palace
    Units: 2x Warriors
  [Civ 4] Egyptians (despotism): 1 cities, 2 units, 50g, 4 techs, researching Map Making (9/48)
    Thebes: size=2, prod=building:8 (39sh), bldgs=Palace
    Units: 1x Warriors, 1x Settlers
  [Civ 1] Romans turn: 6 actions — MOVE_UNIT(3), UNIT_ORDER(3)

══════════════════════════════════════════════════════════════════════
  TURN 18 — 3660 B.C. (5ms)
══════════════════════════════════════════════════════════════════════
  [Civ 1] Romans (despotism): 1 cities, 4 units, 25g, 4 techs, researching Warrior Code (15/48)
    Rome: size=2, prod=building:8 (35sh), bldgs=Palace
    Units: 2x Warriors, 1x Horsemen, 1x Archers
  [Civ 2] Babylonians (despotism): 1 cities, 2 units, 7g, 4 techs, researching Code of Laws (12/48)
    Babylon: size=2, prod=building:8 (50sh), bldgs=Palace
    Units: 1x Warriors, 1x Settlers
  [Civ 3] Germans (despotism): 1 cities, 2 units, 23g, 5 techs, researching Pottery (12/70)
    Berlin: size=2, prod=building:8 (32sh), bldgs=Palace
    Units: 2x Warriors
  [Civ 4] Egyptians (despotism): 1 cities, 2 units, 52g, 4 techs, researching Map Making (12/48)
    Thebes: size=2, prod=building:8 (42sh), bldgs=Palace
    Units: 1x Warriors, 1x Settlers
  [Civ 1] Romans turn: 6 actions — MOVE_UNIT(3), UNIT_ORDER(3)

══════════════════════════════════════════════════════════════════════
  TURN 19 — 3640 B.C. (9ms)
══════════════════════════════════════════════════════════════════════
  [Civ 1] Romans (despotism): 1 cities, 4 units, 27g, 4 techs, researching Warrior Code (18/48)
    Rome: size=2, prod=building:8 (38sh), bldgs=Palace
    Units: 2x Warriors, 1x Horsemen, 1x Archers
  [Civ 2] Babylonians (despotism): 1 cities, 2 units, 8g, 4 techs, researching Code of Laws (16/48)
    Babylon: size=2, prod=building:8 (54sh), bldgs=Palace
    Units: 1x Warriors, 1x Settlers
  [Civ 3] Germans (despotism): 1 cities, 2 units, 25g, 5 techs, researching Pottery (15/70)
    Berlin: size=2, prod=building:8 (35sh), bldgs=Palace
    Units: 2x Warriors
  [Civ 4] Egyptians (despotism): 1 cities, 2 units, 54g, 4 techs, researching Map Making (15/48)
    Thebes: size=2, prod=building:8 (45sh), bldgs=Palace
    Units: 1x Warriors, 1x Settlers
  [Civ 1] Romans turn: 6 actions — MOVE_UNIT(3), UNIT_ORDER(3)

══════════════════════════════════════════════════════════════════════
  TURN 20 — 3620 B.C. (10ms)
══════════════════════════════════════════════════════════════════════
  [Civ 1] Romans (despotism): 1 cities, 4 units, 29g, 4 techs, researching Warrior Code (21/48)
    Rome: size=2, prod=building:8 (41sh), bldgs=Palace
    Units: 2x Warriors, 1x Horsemen, 1x Archers
  [Civ 2] Babylonians (despotism): 1 cities, 2 units, 9g, 4 techs, researching Code of Laws (20/48)
    Babylon: size=2, prod=building:8 (58sh), bldgs=Palace
    Units: 1x Warriors, 1x Settlers
  [Civ 3] Germans (despotism): 1 cities, 2 units, 27g, 5 techs, researching Pottery (18/70)
    Berlin: size=2, prod=building:8 (38sh), bldgs=Palace
    Units: 2x Warriors
  [Civ 4] Egyptians (despotism): 1 cities, 2 units, 56g, 4 techs, researching Map Making (18/48)
    Thebes: size=2, prod=building:8 (48sh), bldgs=Palace
    Units: 1x Warriors, 1x Settlers
  [Civ 1] Romans turn: 6 actions — MOVE_UNIT(3), UNIT_ORDER(3)

══════════════════════════════════════════════════════════════════════
  TURN 21 — 3600 B.C. (11ms)
══════════════════════════════════════════════════════════════════════
  [Civ 1] Romans (despotism): 1 cities, 4 units, 31g, 4 techs, researching Warrior Code (24/48)
    Rome: size=2, prod=building:8 (44sh), bldgs=Palace
    Units: 2x Warriors, 1x Horsemen, 1x Archers
  [Civ 2] Babylonians (despotism): 1 cities, 2 units, 10g, 4 techs, researching Code of Laws (24/48)
    Babylon: size=2, prod=building:8 (62sh), bldgs=Palace
    Units: 1x Warriors, 1x Settlers
  [Civ 3] Germans (despotism): 1 cities, 2 units, 29g, 5 techs, researching Pottery (21/70)
    Berlin: size=2, prod=building:8 (41sh), bldgs=Palace
    Units: 2x Warriors
  [Civ 4] Egyptians (despotism): 1 cities, 2 units, 58g, 4 techs, researching Map Making (21/48)
    Thebes: size=2, prod=building:8 (51sh), bldgs=Palace
    Units: 1x Warriors, 1x Settlers
  [Civ 1] Romans turn: 6 actions — MOVE_UNIT(3), UNIT_ORDER(3)

══════════════════════════════════════════════════════════════════════
  TURN 22 — 3580 B.C. (4ms)
══════════════════════════════════════════════════════════════════════
  [Civ 1] Romans (despotism): 1 cities, 4 units, 33g, 4 techs, researching Warrior Code (27/48)
    Rome: size=2, prod=building:8 (47sh), bldgs=Palace
    Units: 2x Warriors, 1x Horsemen, 1x Archers
  [Civ 2] Babylonians (despotism): 1 cities, 2 units, 11g, 4 techs, researching Code of Laws (28/48)
    Babylon: size=2, prod=building:8 (66sh), bldgs=Palace
    Units: 1x Warriors, 1x Settlers
  [Civ 3] Germans (despotism): 1 cities, 2 units, 31g, 5 techs, researching Pottery (24/70)
    Berlin: size=2, prod=building:8 (44sh), bldgs=Palace
    Units: 2x Warriors
  [Civ 4] Egyptians (despotism): 1 cities, 2 units, 60g, 4 techs, researching Map Making (24/48)
    Thebes: size=2, prod=building:8 (54sh), bldgs=Palace
    Units: 1x Warriors, 1x Settlers
  [Civ 1] Romans turn: 6 actions — MOVE_UNIT(3), UNIT_ORDER(3)

══════════════════════════════════════════════════════════════════════
  TURN 23 — 3560 B.C. (7ms)
══════════════════════════════════════════════════════════════════════
  [Civ 1] Romans (despotism): 1 cities, 4 units, 35g, 4 techs, researching Warrior Code (30/48)
    Rome: size=2, prod=building:8 (50sh), bldgs=Palace
    Units: 2x Warriors, 1x Horsemen, 1x Archers
  [Civ 2] Babylonians (despotism): 1 cities, 2 units, 12g, 4 techs, researching Code of Laws (32/48)
    Babylon: size=2, prod=building:8 (70sh), bldgs=Palace
    Units: 1x Warriors, 1x Settlers
  [Civ 3] Germans (despotism): 1 cities, 2 units, 33g, 5 techs, researching Pottery (27/70)
    Berlin: size=2, prod=building:8 (47sh), bldgs=Palace
    Units: 2x Warriors
  [Civ 4] Egyptians (despotism): 1 cities, 2 units, 62g, 4 techs, researching Map Making (27/48)
    Thebes: size=2, prod=building:8 (57sh), bldgs=Palace
    Units: 1x Warriors, 1x Settlers
  [Civ 1] Romans turn: 6 actions — MOVE_UNIT(3), UNIT_ORDER(3)

══════════════════════════════════════════════════════════════════════
  TURN 24 — 3540 B.C. (7ms)
══════════════════════════════════════════════════════════════════════
  [Civ 1] Romans (despotism): 1 cities, 4 units, 37g, 4 techs, researching Warrior Code (33/48)
    Rome: size=2, prod=building:8 (53sh), bldgs=Palace
    Units: 2x Warriors, 1x Horsemen, 1x Archers
  [Civ 2] Babylonians (despotism): 1 cities, 2 units, 13g, 4 techs, researching Code of Laws (36/48)
    Babylon: size=2, prod=building:8 (74sh), bldgs=Palace
    Units: 1x Warriors, 1x Settlers
  [Civ 3] Germans (despotism): 1 cities, 2 units, 35g, 5 techs, researching Pottery (30/70)
    Berlin: size=2, prod=building:8 (50sh), bldgs=Palace
    Units: 2x Warriors
  [Civ 4] Egyptians (despotism): 1 cities, 2 units, 64g, 4 techs, researching Map Making (30/48)
    Thebes: size=2, prod=building:8 (60sh), bldgs=Palace
    Units: 1x Warriors, 1x Settlers
  [Civ 1] Romans turn: 6 actions — MOVE_UNIT(3), UNIT_ORDER(3)
    >>> Rome grew to size 3

══════════════════════════════════════════════════════════════════════
  TURN 25 — 3520 B.C. (9ms)
══════════════════════════════════════════════════════════════════════
  [Civ 1] Romans (despotism): 1 cities, 4 units, 39g, 4 techs, researching Warrior Code (37/48)
    Rome: size=3, prod=building:8 (57sh), bldgs=Palace
    Units: 2x Warriors, 1x Horsemen, 1x Archers
  [Civ 2] Babylonians (despotism): 1 cities, 2 units, 14g, 4 techs, researching Code of Laws (40/48)
    Babylon: size=2, prod=building:8 (78sh), bldgs=Palace
    Units: 1x Warriors, 1x Settlers
  [Civ 3] Germans (despotism): 1 cities, 2 units, 37g, 5 techs, researching Pottery (33/70)
    Berlin: size=2, prod=building:8 (53sh), bldgs=Palace
    Units: 2x Warriors
  [Civ 4] Egyptians (despotism): 1 cities, 2 units, 66g, 4 techs, researching Map Making (33/48)
    Thebes: size=2, prod=building:8 (63sh), bldgs=Palace
    Units: 1x Warriors, 1x Settlers
  [Civ 1] Romans turn: 6 actions — MOVE_UNIT(3), UNIT_ORDER(3)
    >>> Babylon built building:8
    CHANGE_PRODUCTION city=1
    >>> Berlin grew to size 3
    >>> Thebes grew to size 3

══════════════════════════════════════════════════════════════════════
  TURN 26 — 3500 B.C. (8ms)
══════════════════════════════════════════════════════════════════════
  [Civ 1] Romans (despotism): 1 cities, 4 units, 41g, 4 techs, researching Warrior Code (41/48)
    Rome: size=3, prod=building:8 (61sh), bldgs=Palace
    Units: 2x Warriors, 1x Horsemen, 1x Archers
  [Civ 2] Babylonians (despotism): 1 cities, 2 units, 15g, 4 techs, researching Code of Laws (44/48)
    Babylon: size=2, prod=building:2 (2sh), bldgs=Palace, City Walls
    Units: 1x Warriors, 1x Settlers
  [Civ 3] Germans (despotism): 1 cities, 2 units, 39g, 5 techs, researching Pottery (37/70)
    Berlin: size=3, prod=building:8 (57sh), bldgs=Palace
    Units: 2x Warriors
  [Civ 4] Egyptians (despotism): 1 cities, 2 units, 68g, 4 techs, researching Map Making (36/48)
    Thebes: size=3, prod=building:8 (67sh), bldgs=Palace
    Units: 1x Warriors, 1x Settlers
  [Civ 1] Romans turn: 6 actions — MOVE_UNIT(3), UNIT_ORDER(3)
    >>> Babylonians discovered: Code of Laws
    SET_RESEARCH tech=Map Making

══════════════════════════════════════════════════════════════════════
  TURN 27 — 3480 B.C. (8ms)
══════════════════════════════════════════════════════════════════════
  [Civ 1] Romans (despotism): 1 cities, 4 units, 43g, 4 techs, researching Warrior Code (45/48)
    Rome: size=3, prod=building:8 (65sh), bldgs=Palace
    Units: 2x Warriors, 1x Horsemen, 1x Archers
  [Civ 2] Babylonians (despotism): 1 cities, 2 units, 15g, 5 techs, researching Map Making (0/70)
    Babylon: size=2, prod=building:2 (6sh), bldgs=Palace, City Walls
    Units: 1x Warriors, 1x Settlers
  [Civ 3] Germans (despotism): 1 cities, 2 units, 41g, 5 techs, researching Pottery (41/70)
    Berlin: size=3, prod=building:8 (61sh), bldgs=Palace
    Units: 2x Warriors
  [Civ 4] Egyptians (despotism): 1 cities, 2 units, 70g, 4 techs, researching Map Making (39/48)
    Thebes: size=3, prod=building:8 (71sh), bldgs=Palace
    Units: 1x Warriors, 1x Settlers
  [Civ 1] Romans turn: 6 actions — MOVE_UNIT(3), UNIT_ORDER(3)
    >>> Romans discovered: Warrior Code

══════════════════════════════════════════════════════════════════════
  TURN 28 — 3460 B.C. (5ms)
══════════════════════════════════════════════════════════════════════
  [Civ 1] Romans (despotism): 1 cities, 4 units, 93g, 5 techs, researching none (0/70)
    Rome: size=3, prod=building:8 (69sh), bldgs=Palace
    Units: 2x Warriors, 1x Horsemen, 1x Archers
  [Civ 2] Babylonians (despotism): 1 cities, 2 units, 16g, 5 techs, researching Map Making (4/70)
    Babylon: size=2, prod=building:2 (10sh), bldgs=Palace, City Walls
    Units: 1x Warriors, 1x Settlers
  [Civ 3] Germans (despotism): 1 cities, 2 units, 43g, 5 techs, researching Pottery (45/70)
    Berlin: size=3, prod=building:8 (65sh), bldgs=Palace
    Units: 2x Warriors
  [Civ 4] Egyptians (despotism): 1 cities, 2 units, 72g, 4 techs, researching Map Making (42/48)
    Thebes: size=3, prod=building:8 (75sh), bldgs=Palace
    Units: 1x Warriors, 1x Settlers
  [Civ 1] Romans turn: 7 actions — SET_RESEARCH(1), MOVE_UNIT(3), UNIT_ORDER(3)
    SET_RESEARCH tech=Iron Working

══════════════════════════════════════════════════════════════════════
  TURN 29 — 3440 B.C. (3ms)
══════════════════════════════════════════════════════════════════════
  [Civ 1] Romans (despotism): 1 cities, 4 units, 95g, 5 techs, researching Iron Working (4/70)
    Rome: size=3, prod=building:8 (73sh), bldgs=Palace
    Units: 2x Warriors, 1x Horsemen, 1x Archers
  [Civ 2] Babylonians (despotism): 1 cities, 2 units, 17g, 5 techs, researching Map Making (8/70)
    Babylon: size=2, prod=building:2 (14sh), bldgs=Palace, City Walls
    Units: 1x Warriors, 1x Settlers
  [Civ 3] Germans (despotism): 1 cities, 2 units, 45g, 5 techs, researching Pottery (49/70)
    Berlin: size=3, prod=building:8 (69sh), bldgs=Palace
    Units: 2x Warriors
  [Civ 4] Egyptians (despotism): 1 cities, 2 units, 74g, 4 techs, researching Map Making (45/48)
    Thebes: size=3, prod=building:8 (79sh), bldgs=Palace
    Units: 1x Warriors, 1x Settlers
  [Civ 1] Romans turn: 6 actions — MOVE_UNIT(3), UNIT_ORDER(3)
    >>> Egyptians discovered: Map Making
    >>> Thebes built building:8
    SET_RESEARCH tech=Currency
    CHANGE_PRODUCTION city=3

══════════════════════════════════════════════════════════════════════
  TURN 30 — 3420 B.C. (5ms)
══════════════════════════════════════════════════════════════════════
  [Civ 1] Romans (despotism): 1 cities, 4 units, 97g, 5 techs, researching Iron Working (8/70)
    Rome: size=3, prod=building:8 (77sh), bldgs=Palace
    Units: 2x Warriors, 1x Horsemen, 1x Archers
  [Civ 2] Babylonians (despotism): 1 cities, 2 units, 18g, 5 techs, researching Map Making (12/70)
    Babylon: size=2, prod=building:2 (18sh), bldgs=Palace, City Walls
    Units: 1x Warriors, 1x Settlers
  [Civ 3] Germans (despotism): 1 cities, 2 units, 47g, 5 techs, researching Pottery (53/70)
    Berlin: size=3, prod=building:8 (73sh), bldgs=Palace
    Units: 2x Warriors
  [Civ 4] Egyptians (despotism): 1 cities, 2 units, 74g, 5 techs, researching Currency (0/70)
    Thebes: size=3, prod=Trireme (3sh), bldgs=Palace, City Walls
    Units: 1x Warriors, 1x Settlers
  [Civ 1] Romans turn: 6 actions — MOVE_UNIT(3), UNIT_ORDER(3)
    >>> Rome built building:8

══════════════════════════════════════════════════════════════════════
  TURN 31 — 3400 B.C. (4ms)
══════════════════════════════════════════════════════════════════════
  [Civ 1] Romans (despotism): 1 cities, 4 units, 99g, 5 techs, researching Iron Working (12/70)
    Rome: size=3, prod=building:8 (1sh), bldgs=Palace, City Walls
    Units: 2x Warriors, 1x Horsemen, 1x Archers
  [Civ 2] Babylonians (despotism): 1 cities, 2 units, 19g, 5 techs, researching Map Making (16/70)
    Babylon: size=2, prod=building:2 (22sh), bldgs=Palace, City Walls
    Units: 1x Warriors, 1x Settlers
  [Civ 3] Germans (despotism): 1 cities, 2 units, 49g, 5 techs, researching Pottery (57/70)
    Berlin: size=3, prod=building:8 (77sh), bldgs=Palace
    Units: 2x Warriors
  [Civ 4] Egyptians (despotism): 1 cities, 2 units, 76g, 5 techs, researching Currency (3/70)
    Thebes: size=3, prod=Trireme (7sh), bldgs=Palace, City Walls
    Units: 1x Warriors, 1x Settlers
  [Civ 1] Romans turn: 7 actions — CHANGE_PRODUCTION(1), MOVE_UNIT(3), UNIT_ORDER(3)
    CHANGE_PRODUCTION city=0
    >>> Berlin built building:8
    CHANGE_PRODUCTION city=2

══════════════════════════════════════════════════════════════════════
  TURN 32 — 3380 B.C. (6ms)
══════════════════════════════════════════════════════════════════════
  [Civ 1] Romans (despotism): 1 cities, 4 units, 101g, 5 techs, researching Iron Working (16/70)
    Rome: size=3, prod=building:2 (5sh), bldgs=Palace, City Walls
    Units: 2x Warriors, 1x Horsemen, 1x Archers
  [Civ 2] Babylonians (despotism): 1 cities, 2 units, 20g, 5 techs, researching Map Making (20/70)
    Babylon: size=2, prod=building:2 (26sh), bldgs=Palace, City Walls
    Units: 1x Warriors, 1x Settlers
  [Civ 3] Germans (despotism): 1 cities, 2 units, 51g, 5 techs, researching Pottery (61/70)
    Berlin: size=3, prod=building:2 (1sh), bldgs=Palace, City Walls
    Units: 2x Warriors
  [Civ 4] Egyptians (despotism): 1 cities, 2 units, 78g, 5 techs, researching Currency (6/70)
    Thebes: size=3, prod=Trireme (11sh), bldgs=Palace, City Walls
    Units: 1x Warriors, 1x Settlers
  [Civ 1] Romans turn: 9 actions — ADJUST_ATTITUDE(3), MOVE_UNIT(3), UNIT_ORDER(3)
    ADJUST_ATTITUDE target=civ2
    ADJUST_ATTITUDE target=civ3
    ADJUST_ATTITUDE target=civ4
    ADJUST_ATTITUDE target=civ1
    ADJUST_ATTITUDE target=civ3
    ADJUST_ATTITUDE target=civ4
    >>> Germans discovered: Pottery
    SET_RESEARCH tech=Mathematics
    ADJUST_ATTITUDE target=civ1
    ADJUST_ATTITUDE target=civ2
    ADJUST_ATTITUDE target=civ4
    ADJUST_ATTITUDE target=civ1
    ADJUST_ATTITUDE target=civ2
    ADJUST_ATTITUDE target=civ3

══════════════════════════════════════════════════════════════════════
  TURN 33 — 3360 B.C. (7ms)
══════════════════════════════════════════════════════════════════════
  [Civ 1] Romans (despotism): 1 cities, 4 units, 103g, 6 techs, researching Iron Working (20/84)
    Rome: size=3, prod=building:2 (9sh), bldgs=Palace, City Walls
    Units: 2x Warriors, 1x Horsemen, 1x Archers
  [Civ 2] Babylonians (despotism): 1 cities, 2 units, 21g, 5 techs, researching Map Making (24/65)
    Babylon: size=2, prod=building:2 (30sh), bldgs=Palace, City Walls
    Units: 1x Warriors, 1x Settlers
  [Civ 3] Germans (despotism): 1 cities, 2 units, 51g, 6 techs, researching Mathematics (0/84)
    Berlin: size=3, prod=building:2 (5sh), bldgs=Palace, City Walls
    Units: 2x Warriors
  [Civ 4] Egyptians (despotism): 1 cities, 2 units, 80g, 5 techs, researching Currency (9/65)
    Thebes: size=3, prod=Trireme (15sh), bldgs=Palace, City Walls
    Units: 1x Warriors, 1x Settlers
  [Civ 1] Romans turn: 7 actions — SET_RESEARCH(1), MOVE_UNIT(3), UNIT_ORDER(3)
    SET_RESEARCH tech=Map Making

══════════════════════════════════════════════════════════════════════
  TURN 34 — 3340 B.C. (8ms)
══════════════════════════════════════════════════════════════════════
  [Civ 1] Romans (despotism): 1 cities, 4 units, 105g, 6 techs, researching Map Making (24/84)
    Rome: size=3, prod=building:2 (13sh), bldgs=Palace, City Walls
    Units: 2x Warriors, 1x Horsemen, 1x Archers
  [Civ 2] Babylonians (despotism): 1 cities, 2 units, 22g, 5 techs, researching Map Making (28/65)
    Babylon: size=2, prod=building:2 (34sh), bldgs=Palace, City Walls
    Units: 1x Warriors, 1x Settlers
  [Civ 3] Germans (despotism): 1 cities, 2 units, 53g, 6 techs, researching Mathematics (4/84)
    Berlin: size=3, prod=building:2 (9sh), bldgs=Palace, City Walls
    Units: 2x Warriors
  [Civ 4] Egyptians (despotism): 1 cities, 2 units, 82g, 5 techs, researching Currency (12/65)
    Thebes: size=3, prod=Trireme (19sh), bldgs=Palace, City Walls
    Units: 1x Warriors, 1x Settlers
  [Civ 1] Romans turn: 6 actions — MOVE_UNIT(3), UNIT_ORDER(3)

══════════════════════════════════════════════════════════════════════
  TURN 35 — 3320 B.C. (8ms)
══════════════════════════════════════════════════════════════════════
  [Civ 1] Romans (despotism): 1 cities, 4 units, 107g, 6 techs, researching Map Making (28/84)
    Rome: size=3, prod=building:2 (17sh), bldgs=Palace, City Walls
    Units: 2x Warriors, 1x Horsemen, 1x Archers
  [Civ 2] Babylonians (despotism): 1 cities, 2 units, 23g, 5 techs, researching Map Making (32/65)
    Babylon: size=2, prod=building:2 (38sh), bldgs=Palace, City Walls
    Units: 1x Warriors, 1x Settlers
  [Civ 3] Germans (despotism): 1 cities, 2 units, 55g, 6 techs, researching Mathematics (8/84)
    Berlin: size=3, prod=building:2 (13sh), bldgs=Palace, City Walls
    Units: 2x Warriors
  [Civ 4] Egyptians (despotism): 1 cities, 2 units, 84g, 5 techs, researching Currency (15/65)
    Thebes: size=3, prod=Trireme (23sh), bldgs=Palace, City Walls
    Units: 1x Warriors, 1x Settlers
  [Civ 1] Romans turn: 6 actions — MOVE_UNIT(3), UNIT_ORDER(3)
    >>> Babylon built building:2
    CHANGE_PRODUCTION city=1

══════════════════════════════════════════════════════════════════════
  TURN 36 — 3300 B.C. (7ms)
══════════════════════════════════════════════════════════════════════
  [Civ 1] Romans (despotism): 1 cities, 4 units, 109g, 6 techs, researching Map Making (32/84)
    Rome: size=3, prod=building:2 (21sh), bldgs=Palace, City Walls
    Units: 2x Warriors, 1x Horsemen, 1x Archers
  [Civ 2] Babylonians (despotism): 1 cities, 2 units, 23g, 5 techs, researching Map Making (36/65)
    Babylon: size=2, prod=Phalanx (2sh), bldgs=Palace, City Walls, Barracks
    Units: 1x Warriors, 1x Settlers
  [Civ 3] Germans (despotism): 1 cities, 2 units, 57g, 6 techs, researching Mathematics (12/84)
    Berlin: size=3, prod=building:2 (17sh), bldgs=Palace, City Walls
    Units: 2x Warriors
  [Civ 4] Egyptians (despotism): 1 cities, 2 units, 86g, 5 techs, researching Currency (18/65)
    Thebes: size=3, prod=Trireme (27sh), bldgs=Palace, City Walls
    Units: 1x Warriors, 1x Settlers
  [Civ 1] Romans turn: 6 actions — MOVE_UNIT(3), UNIT_ORDER(3)

══════════════════════════════════════════════════════════════════════
  TURN 37 — 3280 B.C. (7ms)
══════════════════════════════════════════════════════════════════════
  [Civ 1] Romans (despotism): 1 cities, 4 units, 111g, 6 techs, researching Map Making (36/84)
    Rome: size=3, prod=building:2 (25sh), bldgs=Palace, City Walls
    Units: 2x Warriors, 1x Horsemen, 1x Archers
  [Civ 2] Babylonians (despotism): 1 cities, 2 units, 23g, 5 techs, researching Map Making (40/65)
    Babylon: size=2, prod=Phalanx (6sh), bldgs=Palace, City Walls, Barracks
    Units: 1x Warriors, 1x Settlers
  [Civ 3] Germans (despotism): 1 cities, 2 units, 59g, 6 techs, researching Mathematics (16/84)
    Berlin: size=3, prod=building:2 (21sh), bldgs=Palace, City Walls
    Units: 2x Warriors
  [Civ 4] Egyptians (despotism): 1 cities, 2 units, 88g, 5 techs, researching Currency (21/65)
    Thebes: size=3, prod=Trireme (31sh), bldgs=Palace, City Walls
    Units: 1x Warriors, 1x Settlers
  [Civ 1] Romans turn: 6 actions — MOVE_UNIT(3), UNIT_ORDER(3)

══════════════════════════════════════════════════════════════════════
  TURN 38 — 3260 B.C. (6ms)
══════════════════════════════════════════════════════════════════════
  [Civ 1] Romans (despotism): 1 cities, 4 units, 113g, 6 techs, researching Map Making (40/84)
    Rome: size=3, prod=building:2 (29sh), bldgs=Palace, City Walls
    Units: 2x Warriors, 1x Horsemen, 1x Archers
  [Civ 2] Babylonians (despotism): 1 cities, 2 units, 23g, 5 techs, researching Map Making (44/65)
    Babylon: size=2, prod=Phalanx (10sh), bldgs=Palace, City Walls, Barracks
    Units: 1x Warriors, 1x Settlers
  [Civ 3] Germans (despotism): 1 cities, 2 units, 61g, 6 techs, researching Mathematics (20/84)
    Berlin: size=3, prod=building:2 (25sh), bldgs=Palace, City Walls
    Units: 2x Warriors
  [Civ 4] Egyptians (despotism): 1 cities, 2 units, 90g, 5 techs, researching Currency (24/65)
    Thebes: size=3, prod=Trireme (35sh), bldgs=Palace, City Walls
    Units: 1x Warriors, 1x Settlers
  [Civ 1] Romans turn: 6 actions — MOVE_UNIT(3), UNIT_ORDER(3)

══════════════════════════════════════════════════════════════════════
  TURN 39 — 3240 B.C. (6ms)
══════════════════════════════════════════════════════════════════════
  [Civ 1] Romans (despotism): 1 cities, 4 units, 115g, 6 techs, researching Map Making (44/84)
    Rome: size=3, prod=building:2 (33sh), bldgs=Palace, City Walls
    Units: 2x Warriors, 1x Horsemen, 1x Archers
  [Civ 2] Babylonians (despotism): 1 cities, 2 units, 23g, 5 techs, researching Map Making (48/65)
    Babylon: size=2, prod=Phalanx (14sh), bldgs=Palace, City Walls, Barracks
    Units: 1x Warriors, 1x Settlers
  [Civ 3] Germans (despotism): 1 cities, 2 units, 63g, 6 techs, researching Mathematics (24/84)
    Berlin: size=3, prod=building:2 (29sh), bldgs=Palace, City Walls
    Units: 2x Warriors
  [Civ 4] Egyptians (despotism): 1 cities, 2 units, 92g, 5 techs, researching Currency (27/65)
    Thebes: size=3, prod=Trireme (39sh), bldgs=Palace, City Walls
    Units: 1x Warriors, 1x Settlers
  [Civ 1] Romans turn: 6 actions — MOVE_UNIT(3), UNIT_ORDER(3)
    >>> Thebes built Trireme
    CHANGE_PRODUCTION city=3

══════════════════════════════════════════════════════════════════════
  TURN 40 — 3220 B.C. (8ms)
══════════════════════════════════════════════════════════════════════
  [Civ 1] Romans (despotism): 1 cities, 4 units, 117g, 6 techs, researching Map Making (48/84)
    Rome: size=3, prod=building:2 (37sh), bldgs=Palace, City Walls
    Units: 2x Warriors, 1x Horsemen, 1x Archers
  [Civ 2] Babylonians (despotism): 1 cities, 2 units, 23g, 5 techs, researching Map Making (52/65)
    Babylon: size=2, prod=Phalanx (18sh), bldgs=Palace, City Walls, Barracks
    Units: 1x Warriors, 1x Settlers
  [Civ 3] Germans (despotism): 1 cities, 2 units, 65g, 6 techs, researching Mathematics (28/84)
    Berlin: size=3, prod=building:2 (33sh), bldgs=Palace, City Walls
    Units: 2x Warriors
  [Civ 4] Egyptians (despotism): 1 cities, 3 units, 94g, 5 techs, researching Currency (30/65)
    Thebes: size=3, prod=building:2 (3sh), bldgs=Palace, City Walls
    Units: 1x Warriors, 1x Settlers, 1x Trireme
  [Civ 1] Romans turn: 6 actions — MOVE_UNIT(3), UNIT_ORDER(3)
    >>> Babylon grew to size 3
    >>> Babylon built Phalanx
    >>> Rome built building:2

══════════════════════════════════════════════════════════════════════
  TURN 41 — 3200 B.C. (16ms)
══════════════════════════════════════════════════════════════════════
  [Civ 1] Romans (despotism): 1 cities, 4 units, 118g, 6 techs, researching Map Making (52/84)
    Rome: size=3, prod=building:2 (1sh), bldgs=Palace, City Walls, Barracks
    Units: 2x Warriors, 1x Horsemen, 1x Archers
  [Civ 2] Babylonians (despotism): 1 cities, 3 units, 23g, 5 techs, researching Map Making (56/65)
    Babylon: size=3, prod=Phalanx (3sh), bldgs=Palace, City Walls, Barracks
    Units: 1x Warriors, 1x Settlers, 1x Phalanx
  [Civ 3] Germans (despotism): 1 cities, 2 units, 67g, 6 techs, researching Mathematics (32/84)
    Berlin: size=3, prod=building:2 (37sh), bldgs=Palace, City Walls
    Units: 2x Warriors
  [Civ 4] Egyptians (despotism): 1 cities, 3 units, 96g, 5 techs, researching Currency (33/65)
    Thebes: size=3, prod=building:2 (7sh), bldgs=Palace, City Walls
    Units: 1x Warriors, 1x Settlers, 1x Trireme
  [Civ 1] Romans turn: 7 actions — CHANGE_PRODUCTION(1), MOVE_UNIT(3), UNIT_ORDER(3)
    CHANGE_PRODUCTION city=0
    CHANGE_PRODUCTION city=1
    >>> Berlin built building:2
    CHANGE_PRODUCTION city=2

══════════════════════════════════════════════════════════════════════
  TURN 42 — 3180 B.C. (8ms)
══════════════════════════════════════════════════════════════════════
  [Civ 1] Romans (despotism): 1 cities, 4 units, 119g, 6 techs, researching Map Making (56/84)
    Rome: size=3, prod=Legion (5sh), bldgs=Palace, City Walls, Barracks
    Units: 2x Warriors, 1x Horsemen, 1x Archers
  [Civ 2] Babylonians (despotism): 1 cities, 3 units, 23g, 5 techs, researching Map Making (60/65)
    Babylon: size=3, prod=Warriors (8sh), bldgs=Palace, City Walls, Barracks
    Units: 1x Warriors, 1x Settlers, 1x Phalanx
  [Civ 3] Germans (despotism): 1 cities, 2 units, 68g, 6 techs, researching Mathematics (36/84)
    Berlin: size=3, prod=Settlers (1sh), bldgs=Palace, City Walls, Barracks
    Units: 2x Warriors
  [Civ 4] Egyptians (despotism): 1 cities, 3 units, 98g, 5 techs, researching Currency (36/65)
    Thebes: size=3, prod=building:2 (11sh), bldgs=Palace, City Walls
    Units: 1x Warriors, 1x Settlers, 1x Trireme
  [Civ 1] Romans turn: 6 actions — MOVE_UNIT(3), UNIT_ORDER(3)
    >>> Babylon built Warriors
    CHANGE_PRODUCTION city=1

══════════════════════════════════════════════════════════════════════
  TURN 43 — 3160 B.C. (9ms)
══════════════════════════════════════════════════════════════════════
  [Civ 1] Romans (despotism): 1 cities, 4 units, 120g, 6 techs, researching Map Making (60/84)
    Rome: size=3, prod=Legion (9sh), bldgs=Palace, City Walls, Barracks
    Units: 2x Warriors, 1x Horsemen, 1x Archers
  [Civ 2] Babylonians (despotism): 1 cities, 4 units, 23g, 5 techs, researching Map Making (64/65)
    Babylon: size=3, prod=Phalanx (3sh), bldgs=Palace, City Walls, Barracks
    Units: 2x Warriors, 1x Settlers, 1x Phalanx
  [Civ 3] Germans (despotism): 1 cities, 2 units, 69g, 6 techs, researching Mathematics (40/84)
    Berlin: size=3, prod=Settlers (5sh), bldgs=Palace, City Walls, Barracks
    Units: 2x Warriors
  [Civ 4] Egyptians (despotism): 1 cities, 3 units, 100g, 5 techs, researching Currency (39/65)
    Thebes: size=3, prod=building:2 (15sh), bldgs=Palace, City Walls
    Units: 1x Warriors, 1x Settlers, 1x Trireme
  [Civ 1] Romans turn: 6 actions — MOVE_UNIT(3), UNIT_ORDER(3)
    >>> Babylonians discovered: Map Making
    SET_RESEARCH tech=Horseback Riding
    CHANGE_PRODUCTION city=1
    ADJUST_ATTITUDE target=civ1
    ADJUST_ATTITUDE target=civ1
    ADJUST_ATTITUDE target=civ1

══════════════════════════════════════════════════════════════════════
  TURN 44 — 3140 B.C. (12ms)
══════════════════════════════════════════════════════════════════════
  [Civ 1] Romans (despotism): 1 cities, 4 units, 121g, 6 techs, researching Map Making (64/84)
    Rome: size=3, prod=Legion (13sh), bldgs=Palace, City Walls, Barracks
    Units: 2x Warriors, 1x Horsemen, 1x Archers
  [Civ 2] Babylonians (despotism): 1 cities, 4 units, 23g, 6 techs, researching Horseback Riding (0/84)
    Babylon: size=3, prod=Trireme (8sh), bldgs=Palace, City Walls, Barracks
    Units: 2x Warriors, 1x Settlers, 1x Phalanx
  [Civ 3] Germans (despotism): 1 cities, 2 units, 70g, 6 techs, researching Mathematics (44/84)
    Berlin: size=3, prod=Settlers (9sh), bldgs=Palace, City Walls, Barracks
    Units: 2x Warriors
  [Civ 4] Egyptians (despotism): 1 cities, 3 units, 102g, 5 techs, researching Currency (42/65)
    Thebes: size=3, prod=building:2 (19sh), bldgs=Palace, City Walls
    Units: 1x Warriors, 1x Settlers, 1x Trireme
  [Civ 1] Romans turn: 6 actions — MOVE_UNIT(3), UNIT_ORDER(3)
    COMBAT: Archers vs Settlers → defWin (atkHp=undefined, defHp=undefined)
    1 actions REJECTED (of 6)
    ADJUST_ATTITUDE target=civ1
    >>> Rome grew to size 4

══════════════════════════════════════════════════════════════════════
  TURN 45 — 3120 B.C. (27ms)
══════════════════════════════════════════════════════════════════════
  [Civ 1] Romans (despotism): 1 cities, 3 units, 159g, 7 techs, researching Map Making (70/105)
    Rome: size=4, prod=Legion (19sh), bldgs=Palace, City Walls, Barracks
    Units: 2x Warriors, 1x Horsemen
  [Civ 2] Babylonians (despotism): 1 cities, 4 units, 23g, 6 techs, researching Horseback Riding (4/78)
    Babylon: size=3, prod=Trireme (13sh), bldgs=Palace, City Walls, Barracks
    Units: 2x Warriors, 1x Settlers, 1x Phalanx
  [Civ 3] Germans (despotism): 1 cities, 2 units, 71g, 7 techs, researching Mathematics (48/105)
    Berlin: size=3, prod=Settlers (13sh), bldgs=Palace, City Walls, Barracks
    Units: 2x Warriors
  [Civ 4] Egyptians (despotism): 1 cities, 3 units, 104g, 5 techs, researching Currency (45/65)
    Thebes: size=3, prod=building:2 (23sh), bldgs=Palace, City Walls
    Units: 1x Warriors, 1x Settlers, 1x Trireme
  [Civ 1] Romans turn: 7 actions — SET_RESEARCH(1), ADJUST_ATTITUDE(2), MOVE_UNIT(2), UNIT_ORDER(2)
    SET_RESEARCH tech=Currency
    ADJUST_ATTITUDE target=civ4
    ADJUST_ATTITUDE target=civ4
    >>> Berlin grew to size 4
    >>> Thebes grew to size 4
    ADJUST_ATTITUDE target=civ1

══════════════════════════════════════════════════════════════════════
  TURN 46 — 3100 B.C. (7ms)
══════════════════════════════════════════════════════════════════════
  [Civ 1] Romans (despotism): 1 cities, 3 units, 160g, 7 techs, researching Currency (76/105)
    Rome: size=4, prod=Legion (25sh), bldgs=Palace, City Walls, Barracks
    Units: 2x Warriors, 1x Horsemen
  [Civ 2] Babylonians (despotism): 1 cities, 4 units, 23g, 6 techs, researching Horseback Riding (8/78)
    Babylon: size=3, prod=Trireme (18sh), bldgs=Palace, City Walls, Barracks
    Units: 2x Warriors, 1x Settlers, 1x Phalanx
  [Civ 3] Germans (despotism): 1 cities, 2 units, 72g, 7 techs, researching Mathematics (53/105)
    Berlin: size=4, prod=Settlers (18sh), bldgs=Palace, City Walls, Barracks
    Units: 2x Warriors
  [Civ 4] Egyptians (despotism): 1 cities, 3 units, 106g, 5 techs, researching Currency (48/65)
    Thebes: size=4, prod=building:2 (28sh), bldgs=Palace, City Walls
    Units: 1x Warriors, 1x Settlers, 1x Trireme
  [Civ 1] Romans turn: 5 actions — ADJUST_ATTITUDE(1), MOVE_UNIT(2), UNIT_ORDER(2)
    ADJUST_ATTITUDE target=civ4

══════════════════════════════════════════════════════════════════════
  TURN 47 — 3080 B.C. (8ms)
══════════════════════════════════════════════════════════════════════
  [Civ 1] Romans (despotism): 1 cities, 3 units, 161g, 7 techs, researching Currency (82/105)
    Rome: size=4, prod=Legion (31sh), bldgs=Palace, City Walls, Barracks
    Units: 2x Warriors, 1x Horsemen
  [Civ 2] Babylonians (despotism): 1 cities, 4 units, 23g, 6 techs, researching Horseback Riding (12/78)
    Babylon: size=3, prod=Trireme (23sh), bldgs=Palace, City Walls, Barracks
    Units: 2x Warriors, 1x Settlers, 1x Phalanx
  [Civ 3] Germans (despotism): 1 cities, 2 units, 73g, 7 techs, researching Mathematics (58/105)
    Berlin: size=4, prod=Settlers (23sh), bldgs=Palace, City Walls, Barracks
    Units: 2x Warriors
  [Civ 4] Egyptians (despotism): 1 cities, 3 units, 108g, 5 techs, researching Currency (51/65)
    Thebes: size=4, prod=building:2 (33sh), bldgs=Palace, City Walls
    Units: 1x Warriors, 1x Settlers, 1x Trireme
  [Civ 1] Romans turn: 5 actions — ADJUST_ATTITUDE(1), MOVE_UNIT(2), UNIT_ORDER(2)
    ADJUST_ATTITUDE target=civ4
    CHANGE_PRODUCTION city=2
    PROPOSE_TREATY treaty=peace target=civ1
    ADJUST_ATTITUDE target=civ1

══════════════════════════════════════════════════════════════════════
  TURN 48 — 3060 B.C. (7ms)
══════════════════════════════════════════════════════════════════════
  [Civ 1] Romans (despotism): 1 cities, 3 units, 162g, 7 techs, researching Currency (88/105)
    Rome: size=4, prod=Legion (37sh), bldgs=Palace, City Walls, Barracks
    Units: 2x Warriors, 1x Horsemen
  [Civ 2] Babylonians (despotism): 1 cities, 4 units, 23g, 6 techs, researching Horseback Riding (16/78)
    Babylon: size=3, prod=Trireme (28sh), bldgs=Palace, City Walls, Barracks
    Units: 2x Warriors, 1x Settlers, 1x Phalanx
  [Civ 3] Germans (despotism): 1 cities, 2 units, 74g, 7 techs, researching Mathematics (63/105)
    Berlin: size=4, prod=Trireme (28sh), bldgs=Palace, City Walls, Barracks
    Units: 2x Warriors
  [Civ 4] Egyptians (despotism): 1 cities, 3 units, 110g, 5 techs, researching Currency (54/65)
    Thebes: size=4, prod=building:2 (38sh), bldgs=Palace, City Walls
    Units: 1x Warriors, 1x Settlers, 1x Trireme
  [Civ 1] Romans turn: 8 actions — ADJUST_ATTITUDE(3), RESPOND_TREATY(1), MOVE_UNIT(2), UNIT_ORDER(2)
    ADJUST_ATTITUDE target=civ4
    ADJUST_ATTITUDE target=civ4
    ADJUST_ATTITUDE target=civ4
    PROPOSE_TREATY treaty=peace target=civ1
    ADJUST_ATTITUDE target=civ1
    ADJUST_ATTITUDE target=civ1
    ADJUST_ATTITUDE target=civ1
    >>> Thebes built building:2
    ADJUST_ATTITUDE target=civ1
    ADJUST_ATTITUDE target=civ1
    CHANGE_PRODUCTION city=3
    >>> Rome built Legion

══════════════════════════════════════════════════════════════════════
  TURN 49 — 3040 B.C. (9ms)
══════════════════════════════════════════════════════════════════════
  [Civ 1] Romans (despotism): 1 cities, 4 units, 163g, 7 techs, researching Currency (94/105)
    Rome: size=4, prod=Legion (3sh), bldgs=Palace, City Walls, Barracks
    Units: 2x Warriors, 1x Horsemen, 1x Legion
  [Civ 2] Babylonians (despotism): 1 cities, 4 units, 23g, 6 techs, researching Horseback Riding (20/78)
    Babylon: size=3, prod=Trireme (33sh), bldgs=Palace, City Walls, Barracks
    Units: 2x Warriors, 1x Settlers, 1x Phalanx
  [Civ 3] Germans (despotism): 1 cities, 2 units, 75g, 7 techs, researching Mathematics (68/105)
    Berlin: size=4, prod=Trireme (33sh), bldgs=Palace, City Walls, Barracks
    Units: 2x Warriors
  [Civ 4] Egyptians (despotism): 1 cities, 3 units, 111g, 5 techs, researching Currency (57/65)
    Thebes: size=4, prod=Warriors (3sh), bldgs=Palace, City Walls, Barracks
    Units: 1x Warriors, 1x Settlers, 1x Trireme
  [Civ 1] Romans turn: 10 actions — ADJUST_ATTITUDE(2), RESPOND_TREATY(1), CHANGE_PRODUCTION(1), MOVE_UNIT(3), UNIT_ORDER(3)
    ADJUST_ATTITUDE target=civ4
    ADJUST_ATTITUDE target=civ3
    CHANGE_PRODUCTION city=0
    ADJUST_ATTITUDE target=civ1
    ADJUST_ATTITUDE target=civ1
    ADJUST_ATTITUDE target=civ1
    ADJUST_ATTITUDE target=civ1
    DECLARE_WAR target=civ1
    ADJUST_ATTITUDE target=civ1
    END_TURN REJECTED: 1 units still need orders
      #12 Warriors(Atk) @(7,9) mv=3 ord=none hp=full
    ADJUST_ATTITUDE target=civ1
    RUSH_BUY city=3

══════════════════════════════════════════════════════════════════════
  FINAL SUMMARY
══════════════════════════════════════════════════════════════════════
Game ended at turn 50 (3020 B.C.)

── Civ 1: Romans (despotism) ALIVE ──
  Cities: 1 (peak 1, founded 1)
  Units:  4 (peak 4)
  Treasury: 164g
  Techs discovered: 2 — Alphabet, Warrior Code
  Actions: 292 total, 0 idle turns
  Breakdown: UNIT_ORDER(135), MOVE_UNIT(132), ADJUST_ATTITUDE(12), SET_RESEARCH(5), CHANGE_PRODUCTION(4), RESPOND_TREATY(2), CHANGE_RATES(1), BUILD_CITY(1)
  Army: 2x Warriors, 1x Horsemen, 1x Legion
  Rome: size=4, shields=9

── Civ 2: Babylonians (despotism) ALIVE ──
  Cities: 1 (peak 1, founded 2)
  Units:  4 (peak 4)
  Treasury: 23g
  Techs discovered: 3 — Alphabet, Code of Laws, Map Making
  Actions: 137 total, 0 idle turns
  Breakdown: UNIT_ORDER(62), MOVE_UNIT(58), CHANGE_PRODUCTION(6), SET_RESEARCH(4), ADJUST_ATTITUDE(3), BUILD_CITY(2), CHANGE_RATES(1), WORKER_ORDER(1)
  Army: 2x Warriors, 1x Settlers, 1x Phalanx
  Babylon: size=3, shields=38

── Civ 3: Germans (despotism) ALIVE ──
  Cities: 1 (peak 1, founded 1)
  Units:  2 (peak 2)
  Treasury: 76g
  Techs discovered: 2 — Mysticism, Pottery
  Actions: 126 total, 0 idle turns
  Breakdown: UNIT_ORDER(53), MOVE_UNIT(50), ADJUST_ATTITUDE(11), SET_RESEARCH(4), CHANGE_PRODUCTION(4), CHANGE_RATES(1), BUILD_CITY(1), PROPOSE_TREATY(1), DECLARE_WAR(1)
  Army: 2x Warriors
  Berlin: size=4, shields=38

── Civ 4: Egyptians (despotism) ALIVE ──
  Cities: 1 (peak 1, founded 2)
  Units:  3 (peak 3)
  Treasury: 108g
  Techs discovered: 2 — Alphabet, Map Making
  Actions: 146 total, 0 idle turns
  Breakdown: UNIT_ORDER(65), MOVE_UNIT(56), ADJUST_ATTITUDE(12), CHANGE_PRODUCTION(4), SET_RESEARCH(3), BUILD_CITY(2), CHANGE_RATES(1), WORKER_ORDER(1), PROPOSE_TREATY(1), RUSH_BUY(1)
  Army: 1x Warriors, 1x Settlers, 1x Trireme
  Thebes: size=4, shields=10


══════════════════════════════════════════════════════════════════════
  AI BEHAVIOR ANALYSIS
══════════════════════════════════════════════════════════════════════
[Civ 1] Romans:
  WARNING: Only 1 city after 30+ turns
  WARNING: 1 units stuck (busy orders outside city)

[Civ 2] Babylonians:
  OK — no obvious issues detected

[Civ 3] Germans:
  WARNING: Only 1 city after 30+ turns

[Civ 4] Egyptians:
  WARNING: 1 units stuck (busy orders outside city)

