Charlization AI Headless Simulation
Date: 2026-03-21T04:45:44.080Z
Settings: 10 turns, 4 AI players, 50x80 map, difficulty=prince
Map seed: 42
Map generated in 95ms
Game initialized: 4 civs, 11 starting units
  Civ 1 (Romans): starts at (9,59) on Plains
  Civ 2 (Babylonians): starts at (32,8) on Grassland
  Civ 3 (Germans): starts at (7,13) on Forest
  Civ 4 (Egyptians): starts at (36,40) on Hills
    SET_RESEARCH tech=Warrior Code
    CHANGE_RATES sci=6 tax=4 lux=undefined
    BUILD_CITY unit=0 name="Rome"
    1 actions REJECTED (of 6)
    SET_RESEARCH tech=Bronze Working
    CHANGE_RATES sci=6 tax=4 lux=undefined
    BUILD_CITY unit=2 name="Babylon"
    BUILD_CITY unit=8 name="Babylon"
    2 actions REJECTED (of 8)
    SET_RESEARCH tech=Alphabet
    CHANGE_RATES sci=6 tax=4 lux=undefined
    BUILD_CITY unit=4 name="Berlin"
    BUILD_CITY unit=9 name="Berlin"
    2 actions REJECTED (of 8)
    SET_RESEARCH tech=Masonry
    CHANGE_RATES sci=6 tax=4 lux=undefined
    BUILD_CITY unit=6 name="Thebes"
    BUILD_CITY unit=10 name="Thebes"
    2 actions REJECTED (of 8)

══════════════════════════════════════════════════════════════════════
  TURN 1 — 4000 B.C. (41ms)
══════════════════════════════════════════════════════════════════════
  [Civ 1] Romans (despotism): 1 cities, 1 units, 1g, 3 techs, researching Warrior Code (2/39)
    Rome: size=1, prod=Warriors (2sh), bldgs=Palace
    Units: 1x Warriors
  [Civ 2] Babylonians (despotism): 1 cities, 2 units, 0g, 2 techs, researching Bronze Working (0/22)
    Babylon: size=1, prod=Warriors (0sh), bldgs=Palace
    Units: 1x Warriors, 1x Settlers
  [Civ 3] Germans (despotism): 1 cities, 2 units, 0g, 3 techs, researching Alphabet (0/39)
    Berlin: size=1, prod=Warriors (0sh), bldgs=Palace
    Units: 1x Warriors, 1x Settlers
  [Civ 4] Egyptians (despotism): 1 cities, 2 units, 0g, 2 techs, researching Masonry (0/22)
    Thebes: size=1, prod=Warriors (0sh), bldgs=Palace
    Units: 1x Warriors, 1x Settlers
  [Civ 1] Romans turn: 2 actions — MOVE_UNIT(1), UNIT_ORDER(1)
    CHANGE_PRODUCTION city=1
    CHANGE_PRODUCTION city=2
    CHANGE_PRODUCTION city=3

══════════════════════════════════════════════════════════════════════
  TURN 2 — 3980 B.C. (20ms)
══════════════════════════════════════════════════════════════════════
  [Civ 1] Romans (despotism): 1 cities, 1 units, 2g, 3 techs, researching Warrior Code (4/39)
    Rome: size=1, prod=Warriors (4sh), bldgs=Palace
    Units: 1x Warriors
  [Civ 2] Babylonians (despotism): 1 cities, 2 units, 0g, 3 techs, researching Bronze Working (2/39)
    Babylon: size=1, prod=Horsemen (2sh), bldgs=Palace
    Units: 1x Warriors, 1x Settlers
  [Civ 3] Germans (despotism): 1 cities, 2 units, 1g, 3 techs, researching Alphabet (2/39)
    Berlin: size=1, prod=Horsemen (4sh), bldgs=Palace
    Units: 1x Warriors, 1x Settlers
  [Civ 4] Egyptians (despotism): 1 cities, 2 units, 0g, 3 techs, researching Masonry (2/39)
    Thebes: size=1, prod=Horsemen (2sh), bldgs=Palace
    Units: 1x Warriors, 1x Settlers
  [Civ 1] Romans turn: 2 actions — MOVE_UNIT(1), UNIT_ORDER(1)

══════════════════════════════════════════════════════════════════════
  TURN 3 — 3960 B.C. (7ms)
══════════════════════════════════════════════════════════════════════
  [Civ 1] Romans (despotism): 1 cities, 1 units, 3g, 3 techs, researching Warrior Code (6/39)
    Rome: size=1, prod=Warriors (6sh), bldgs=Palace
    Units: 1x Warriors
  [Civ 2] Babylonians (despotism): 1 cities, 2 units, 0g, 3 techs, researching Bronze Working (4/39)
    Babylon: size=1, prod=Horsemen (4sh), bldgs=Palace
    Units: 1x Warriors, 1x Settlers
  [Civ 3] Germans (despotism): 1 cities, 2 units, 2g, 3 techs, researching Alphabet (4/39)
    Berlin: size=1, prod=Horsemen (8sh), bldgs=Palace
    Units: 1x Warriors, 1x Settlers
  [Civ 4] Egyptians (despotism): 1 cities, 2 units, 0g, 3 techs, researching Masonry (4/39)
    Thebes: size=1, prod=Horsemen (4sh), bldgs=Palace
    Units: 1x Warriors, 1x Settlers
  [Civ 1] Romans turn: 2 actions — MOVE_UNIT(1), UNIT_ORDER(1)

══════════════════════════════════════════════════════════════════════
  TURN 4 — 3940 B.C. (5ms)
══════════════════════════════════════════════════════════════════════
  [Civ 1] Romans (despotism): 1 cities, 1 units, 4g, 3 techs, researching Warrior Code (8/39)
    Rome: size=1, prod=Warriors (8sh), bldgs=Palace
    Units: 1x Warriors
  [Civ 2] Babylonians (despotism): 1 cities, 2 units, 0g, 3 techs, researching Bronze Working (6/39)
    Babylon: size=1, prod=Horsemen (6sh), bldgs=Palace
    Units: 1x Warriors, 1x Settlers
  [Civ 3] Germans (despotism): 1 cities, 2 units, 3g, 3 techs, researching Alphabet (6/39)
    Berlin: size=1, prod=Horsemen (12sh), bldgs=Palace
    Units: 1x Warriors, 1x Settlers
  [Civ 4] Egyptians (despotism): 1 cities, 2 units, 0g, 3 techs, researching Masonry (6/39)
    Thebes: size=1, prod=Horsemen (6sh), bldgs=Palace
    Units: 1x Warriors, 1x Settlers
  [Civ 1] Romans turn: 2 actions — MOVE_UNIT(1), UNIT_ORDER(1)
    >>> Rome built Warriors

══════════════════════════════════════════════════════════════════════
  TURN 5 — 3920 B.C. (5ms)
══════════════════════════════════════════════════════════════════════
  [Civ 1] Romans (despotism): 1 cities, 2 units, 5g, 3 techs, researching Warrior Code (10/39)
    Rome: size=1, prod=Warriors (0sh), bldgs=Palace
    Units: 2x Warriors
  [Civ 2] Babylonians (despotism): 1 cities, 2 units, 0g, 3 techs, researching Bronze Working (8/39)
    Babylon: size=1, prod=Horsemen (8sh), bldgs=Palace
    Units: 1x Warriors, 1x Settlers
  [Civ 3] Germans (despotism): 1 cities, 2 units, 4g, 3 techs, researching Alphabet (8/39)
    Berlin: size=1, prod=Horsemen (16sh), bldgs=Palace
    Units: 1x Warriors, 1x Settlers
  [Civ 4] Egyptians (despotism): 1 cities, 2 units, 0g, 3 techs, researching Masonry (8/39)
    Thebes: size=1, prod=Horsemen (8sh), bldgs=Palace
    Units: 1x Warriors, 1x Settlers
  [Civ 1] Romans turn: 5 actions — CHANGE_PRODUCTION(1), MOVE_UNIT(1), UNIT_ORDER(3)
    CHANGE_PRODUCTION city=0
    >>> Berlin built Horsemen
    CHANGE_PRODUCTION city=2

══════════════════════════════════════════════════════════════════════
  TURN 6 — 3900 B.C. (6ms)
══════════════════════════════════════════════════════════════════════
  [Civ 1] Romans (despotism): 1 cities, 2 units, 6g, 3 techs, researching Warrior Code (12/39)
    Rome: size=1, prod=Horsemen (2sh), bldgs=Palace
    Units: 2x Warriors
  [Civ 2] Babylonians (despotism): 1 cities, 2 units, 0g, 3 techs, researching Bronze Working (10/39)
    Babylon: size=1, prod=Horsemen (10sh), bldgs=Palace
    Units: 1x Warriors, 1x Settlers
  [Civ 3] Germans (despotism): 1 cities, 3 units, 5g, 3 techs, researching Alphabet (10/39)
    Berlin: size=1, prod=building:2 (0sh), bldgs=Palace
    Units: 1x Warriors, 1x Settlers, 1x Horsemen
  [Civ 4] Egyptians (despotism): 1 cities, 2 units, 0g, 3 techs, researching Masonry (10/39)
    Thebes: size=1, prod=Horsemen (10sh), bldgs=Palace
    Units: 1x Warriors, 1x Settlers
  [Civ 1] Romans turn: 2 actions — MOVE_UNIT(1), UNIT_ORDER(1)

══════════════════════════════════════════════════════════════════════
  TURN 7 — 3880 B.C. (4ms)
══════════════════════════════════════════════════════════════════════
  [Civ 1] Romans (despotism): 1 cities, 2 units, 7g, 3 techs, researching Warrior Code (14/39)
    Rome: size=1, prod=Horsemen (4sh), bldgs=Palace
    Units: 2x Warriors
  [Civ 2] Babylonians (despotism): 1 cities, 2 units, 0g, 3 techs, researching Bronze Working (12/39)
    Babylon: size=1, prod=Horsemen (12sh), bldgs=Palace
    Units: 1x Warriors, 1x Settlers
  [Civ 3] Germans (despotism): 1 cities, 3 units, 6g, 3 techs, researching Alphabet (12/39)
    Berlin: size=1, prod=building:2 (4sh), bldgs=Palace
    Units: 1x Warriors, 1x Settlers, 1x Horsemen
  [Civ 4] Egyptians (despotism): 1 cities, 2 units, 0g, 3 techs, researching Masonry (12/39)
    Thebes: size=1, prod=Horsemen (12sh), bldgs=Palace
    Units: 1x Warriors, 1x Settlers
  [Civ 1] Romans turn: 2 actions — MOVE_UNIT(1), UNIT_ORDER(1)

══════════════════════════════════════════════════════════════════════
  TURN 8 — 3860 B.C. (5ms)
══════════════════════════════════════════════════════════════════════
  [Civ 1] Romans (despotism): 1 cities, 2 units, 8g, 3 techs, researching Warrior Code (16/39)
    Rome: size=1, prod=Horsemen (6sh), bldgs=Palace
    Units: 2x Warriors
  [Civ 2] Babylonians (despotism): 1 cities, 2 units, 0g, 3 techs, researching Bronze Working (14/39)
    Babylon: size=1, prod=Horsemen (14sh), bldgs=Palace
    Units: 1x Warriors, 1x Settlers
  [Civ 3] Germans (despotism): 1 cities, 3 units, 7g, 3 techs, researching Alphabet (14/39)
    Berlin: size=1, prod=building:2 (8sh), bldgs=Palace
    Units: 1x Warriors, 1x Settlers, 1x Horsemen
  [Civ 4] Egyptians (despotism): 1 cities, 2 units, 0g, 3 techs, researching Masonry (14/39)
    Thebes: size=1, prod=Horsemen (14sh), bldgs=Palace
    Units: 1x Warriors, 1x Settlers
  [Civ 1] Romans turn: 2 actions — MOVE_UNIT(1), UNIT_ORDER(1)

══════════════════════════════════════════════════════════════════════
  TURN 9 — 3840 B.C. (4ms)
══════════════════════════════════════════════════════════════════════
  [Civ 1] Romans (despotism): 1 cities, 2 units, 9g, 3 techs, researching Warrior Code (18/39)
    Rome: size=1, prod=Horsemen (8sh), bldgs=Palace
    Units: 2x Warriors
  [Civ 2] Babylonians (despotism): 1 cities, 2 units, 0g, 3 techs, researching Bronze Working (16/39)
    Babylon: size=1, prod=Horsemen (16sh), bldgs=Palace
    Units: 1x Warriors, 1x Settlers
  [Civ 3] Germans (despotism): 1 cities, 3 units, 8g, 3 techs, researching Alphabet (16/39)
    Berlin: size=1, prod=building:2 (12sh), bldgs=Palace
    Units: 1x Warriors, 1x Settlers, 1x Horsemen
  [Civ 4] Egyptians (despotism): 1 cities, 2 units, 0g, 3 techs, researching Masonry (16/39)
    Thebes: size=1, prod=Horsemen (16sh), bldgs=Palace
    Units: 1x Warriors, 1x Settlers
  [Civ 1] Romans turn: 2 actions — MOVE_UNIT(1), UNIT_ORDER(1)
    >>> Rome grew to size 2

══════════════════════════════════════════════════════════════════════
  FINAL SUMMARY
══════════════════════════════════════════════════════════════════════
Game ended at turn 10 (3820 B.C.)

── Civ 1: Romans (despotism) ALIVE ──
  Cities: 1 (peak 1, founded 1)
  Units:  2 (peak 2)
  Treasury: 10g
  Techs discovered: 0 — none
  Actions: 27 total, 0 idle turns
  Breakdown: UNIT_ORDER(13), MOVE_UNIT(10), SET_RESEARCH(1), CHANGE_RATES(1), BUILD_CITY(1), CHANGE_PRODUCTION(1)
  Army: 2x Warriors
  Rome: size=2, shields=11

── Civ 2: Babylonians (despotism) ALIVE ──
  Cities: 1 (peak 1, founded 2)
  Units:  2 (peak 2)
  Treasury: 0g
  Techs discovered: 0 — none
  Actions: 29 total, 0 idle turns
  Breakdown: UNIT_ORDER(13), MOVE_UNIT(10), BUILD_CITY(2), SET_RESEARCH(1), CHANGE_RATES(1), CHANGE_PRODUCTION(1), WORKER_ORDER(1)
  Army: 1x Warriors, 1x Settlers
  Babylon: size=1, shields=18

── Civ 3: Germans (despotism) ALIVE ──
  Cities: 1 (peak 1, founded 2)
  Units:  3 (peak 3)
  Treasury: 9g
  Techs discovered: 0 — none
  Actions: 32 total, 0 idle turns
  Breakdown: UNIT_ORDER(15), MOVE_UNIT(11), BUILD_CITY(2), CHANGE_PRODUCTION(2), SET_RESEARCH(1), CHANGE_RATES(1)
  Army: 1x Warriors, 1x Settlers, 1x Horsemen
  Berlin: size=1, shields=16

── Civ 4: Egyptians (despotism) ALIVE ──
  Cities: 1 (peak 1, founded 2)
  Units:  2 (peak 2)
  Treasury: 0g
  Techs discovered: 0 — none
  Actions: 29 total, 0 idle turns
  Breakdown: UNIT_ORDER(13), MOVE_UNIT(10), BUILD_CITY(2), SET_RESEARCH(1), CHANGE_RATES(1), CHANGE_PRODUCTION(1), WORKER_ORDER(1)
  Army: 1x Warriors, 1x Settlers
  Thebes: size=1, shields=18


══════════════════════════════════════════════════════════════════════
  AI BEHAVIOR ANALYSIS
══════════════════════════════════════════════════════════════════════
[Civ 1] Romans:
  WARNING: Never discovered a tech

[Civ 2] Babylonians:
  WARNING: Never discovered a tech

[Civ 3] Germans:
  WARNING: Never discovered a tech
  WARNING: 1 units stuck (busy orders outside city)

[Civ 4] Egyptians:
  WARNING: Never discovered a tech

