Charlization AI Headless Simulation
Date: 2026-03-19T00:24:35.099Z
Settings: 50 turns, 4 AI players, 50x80 map, difficulty=prince
Map seed: 55616
Map generated in 84ms
Game initialized: 4 civs, 8 starting units
  Civ 1 (Romans): starts at (7,37) on Jungle
  Civ 2 (Babylonians): starts at (21,71) on Hills
  Civ 3 (Germans): starts at (44,8) on Forest
  Civ 4 (Egyptians): starts at (32,40) on Hills
    SET_RESEARCH tech=Bronze Working
    CHANGE_RATES sci=6 tax=4 lux=undefined
    BUILD_CITY unit=0 name="Rome"
    1 actions REJECTED (of 6)
    SET_RESEARCH tech=Alphabet
    CHANGE_RATES sci=6 tax=4 lux=undefined
    BUILD_CITY unit=2 name="Babylon"
    1 actions REJECTED (of 6)
    SET_RESEARCH tech=Alphabet
    CHANGE_RATES sci=6 tax=4 lux=undefined
    BUILD_CITY unit=4 name="Berlin"
    1 actions REJECTED (of 6)
    SET_RESEARCH tech=Alphabet
    CHANGE_RATES sci=6 tax=4 lux=undefined
    BUILD_CITY unit=6 name="Thebes"
    1 actions REJECTED (of 6)

══════════════════════════════════════════════════════════════════════
  TURN 1 — 4000 B.C. (41ms)
══════════════════════════════════════════════════════════════════════
  [Civ 1] Romans (despotism): 1 cities, 1 units, 1g, 3 techs, researching Bronze Working (3/28)
    Rome: size=1, prod=Warriors (2sh), bldgs=Palace
    Units: 1x Warriors
  [Civ 2] Babylonians (despotism): 1 cities, 1 units, 0g, 3 techs, researching Alphabet (0/28)
    Babylon: size=1, prod=Warriors (0sh), bldgs=Palace
    Units: 1x Warriors
  [Civ 3] Germans (despotism): 1 cities, 1 units, 0g, 3 techs, researching Alphabet (0/28)
    Berlin: size=1, prod=Warriors (0sh), bldgs=Palace
    Units: 1x Warriors
  [Civ 4] Egyptians (despotism): 1 cities, 1 units, 0g, 3 techs, researching Alphabet (0/28)
    Thebes: size=1, prod=Warriors (0sh), bldgs=Palace
    Units: 1x Warriors
  [Civ 1] Romans turn: 3 actions — CHANGE_PRODUCTION(1), MOVE_UNIT(1), UNIT_ORDER(1)
    CHANGE_PRODUCTION city=0
    CHANGE_PRODUCTION city=1
    CHANGE_PRODUCTION city=2
    CHANGE_PRODUCTION city=3

══════════════════════════════════════════════════════════════════════
  TURN 2 — 3980 B.C. (20ms)
══════════════════════════════════════════════════════════════════════
  [Civ 1] Romans (despotism): 1 cities, 1 units, 2g, 5 techs, researching Bronze Working (6/36)
    Rome: size=1, prod=Wonder39 (2sh), bldgs=Palace
    Units: 1x Warriors
  [Civ 2] Babylonians (despotism): 1 cities, 1 units, 0g, 5 techs, researching Alphabet (1/36)
    Babylon: size=1, prod=Wonder45 (0sh), bldgs=Palace
    Units: 1x Warriors
  [Civ 3] Germans (despotism): 1 cities, 1 units, 1g, 4 techs, researching Alphabet (2/33)
    Berlin: size=1, prod=Wonder41 (0sh), bldgs=Palace
    Units: 1x Warriors
  [Civ 4] Egyptians (despotism): 1 cities, 1 units, 0g, 4 techs, researching Alphabet (2/33)
    Thebes: size=1, prod=Wonder39 (0sh), bldgs=Palace
    Units: 1x Warriors
  [Civ 1] Romans turn: 3 actions — SET_RESEARCH(1), MOVE_UNIT(1), UNIT_ORDER(1)
    SET_RESEARCH tech=Iron Working

══════════════════════════════════════════════════════════════════════
  TURN 3 — 3960 B.C. (13ms)
══════════════════════════════════════════════════════════════════════
  [Civ 1] Romans (despotism): 1 cities, 1 units, 3g, 5 techs, researching Iron Working (9/36)
    Rome: size=1, prod=Wonder39 (4sh), bldgs=Palace
    Units: 1x Warriors
  [Civ 2] Babylonians (despotism): 1 cities, 1 units, 0g, 5 techs, researching Alphabet (2/36)
    Babylon: size=1, prod=Wonder45 (3sh), bldgs=Palace
    Units: 1x Warriors
  [Civ 3] Germans (despotism): 1 cities, 1 units, 2g, 4 techs, researching Alphabet (4/33)
    Berlin: size=1, prod=Wonder41 (4sh), bldgs=Palace
    Units: 1x Warriors
  [Civ 4] Egyptians (despotism): 1 cities, 1 units, 0g, 4 techs, researching Alphabet (4/33)
    Thebes: size=1, prod=Wonder39 (2sh), bldgs=Palace
    Units: 1x Warriors
  [Civ 1] Romans turn: 2 actions — MOVE_UNIT(1), UNIT_ORDER(1)

══════════════════════════════════════════════════════════════════════
  TURN 4 — 3940 B.C. (6ms)
══════════════════════════════════════════════════════════════════════
  [Civ 1] Romans (despotism): 1 cities, 1 units, 4g, 5 techs, researching Iron Working (12/36)
    Rome: size=1, prod=Wonder39 (6sh), bldgs=Palace
    Units: 1x Warriors
  [Civ 2] Babylonians (despotism): 1 cities, 1 units, 0g, 5 techs, researching Alphabet (3/36)
    Babylon: size=1, prod=Wonder45 (6sh), bldgs=Palace
    Units: 1x Warriors
  [Civ 3] Germans (despotism): 1 cities, 1 units, 3g, 4 techs, researching Alphabet (6/33)
    Berlin: size=1, prod=Wonder41 (8sh), bldgs=Palace
    Units: 1x Warriors
  [Civ 4] Egyptians (despotism): 1 cities, 1 units, 0g, 4 techs, researching Alphabet (6/33)
    Thebes: size=1, prod=Wonder39 (4sh), bldgs=Palace
    Units: 1x Warriors
  [Civ 1] Romans turn: 2 actions — MOVE_UNIT(1), UNIT_ORDER(1)

══════════════════════════════════════════════════════════════════════
  TURN 5 — 3920 B.C. (10ms)
══════════════════════════════════════════════════════════════════════
  [Civ 1] Romans (despotism): 1 cities, 1 units, 5g, 5 techs, researching Iron Working (15/36)
    Rome: size=1, prod=Wonder39 (8sh), bldgs=Palace
    Units: 1x Warriors
  [Civ 2] Babylonians (despotism): 1 cities, 1 units, 0g, 5 techs, researching Alphabet (4/36)
    Babylon: size=1, prod=Wonder45 (9sh), bldgs=Palace
    Units: 1x Warriors
  [Civ 3] Germans (despotism): 1 cities, 1 units, 4g, 4 techs, researching Alphabet (8/33)
    Berlin: size=1, prod=Wonder41 (12sh), bldgs=Palace
    Units: 1x Warriors
  [Civ 4] Egyptians (despotism): 1 cities, 1 units, 0g, 4 techs, researching Alphabet (8/33)
    Thebes: size=1, prod=Wonder39 (6sh), bldgs=Palace
    Units: 1x Warriors
  [Civ 1] Romans turn: 2 actions — MOVE_UNIT(1), UNIT_ORDER(1)

══════════════════════════════════════════════════════════════════════
  TURN 6 — 3900 B.C. (7ms)
══════════════════════════════════════════════════════════════════════
  [Civ 1] Romans (despotism): 1 cities, 1 units, 6g, 5 techs, researching Iron Working (18/36)
    Rome: size=1, prod=Wonder39 (10sh), bldgs=Palace
    Units: 1x Warriors
  [Civ 2] Babylonians (despotism): 1 cities, 1 units, 0g, 5 techs, researching Alphabet (5/36)
    Babylon: size=1, prod=Wonder45 (12sh), bldgs=Palace
    Units: 1x Warriors
  [Civ 3] Germans (despotism): 1 cities, 1 units, 52g, 4 techs, researching Alphabet (10/33)
    Berlin: size=1, prod=Wonder41 (16sh), bldgs=Palace
    Units: 1x Warriors
  [Civ 4] Egyptians (despotism): 1 cities, 1 units, 0g, 4 techs, researching Alphabet (10/33)
    Thebes: size=1, prod=Wonder39 (8sh), bldgs=Palace
    Units: 1x Warriors
  [Civ 1] Romans turn: 2 actions — MOVE_UNIT(1), UNIT_ORDER(1)

══════════════════════════════════════════════════════════════════════
  TURN 7 — 3880 B.C. (10ms)
══════════════════════════════════════════════════════════════════════
  [Civ 1] Romans (despotism): 1 cities, 1 units, 7g, 5 techs, researching Iron Working (21/36)
    Rome: size=1, prod=Wonder39 (12sh), bldgs=Palace
    Units: 1x Warriors
  [Civ 2] Babylonians (despotism): 1 cities, 1 units, 0g, 5 techs, researching Alphabet (6/36)
    Babylon: size=1, prod=Wonder45 (15sh), bldgs=Palace
    Units: 1x Warriors
  [Civ 3] Germans (despotism): 1 cities, 1 units, 53g, 4 techs, researching Alphabet (12/33)
    Berlin: size=1, prod=Wonder41 (20sh), bldgs=Palace
    Units: 1x Warriors
  [Civ 4] Egyptians (despotism): 1 cities, 1 units, 0g, 4 techs, researching Alphabet (12/33)
    Thebes: size=1, prod=Wonder39 (10sh), bldgs=Palace
    Units: 1x Warriors
  [Civ 1] Romans turn: 2 actions — MOVE_UNIT(1), UNIT_ORDER(1)

══════════════════════════════════════════════════════════════════════
  TURN 8 — 3860 B.C. (7ms)
══════════════════════════════════════════════════════════════════════
  [Civ 1] Romans (despotism): 1 cities, 1 units, 44g, 5 techs, researching Iron Working (24/36)
    Rome: size=1, prod=Wonder39 (14sh), bldgs=Palace
    Units: 1x Warriors
  [Civ 2] Babylonians (despotism): 1 cities, 1 units, 0g, 5 techs, researching Alphabet (7/36)
    Babylon: size=1, prod=Wonder45 (18sh), bldgs=Palace
    Units: 1x Warriors
  [Civ 3] Germans (despotism): 1 cities, 1 units, 54g, 4 techs, researching Alphabet (14/33)
    Berlin: size=1, prod=Wonder41 (24sh), bldgs=Palace
    Units: 1x Warriors
  [Civ 4] Egyptians (despotism): 1 cities, 1 units, 0g, 4 techs, researching Alphabet (14/33)
    Thebes: size=1, prod=Wonder39 (12sh), bldgs=Palace
    Units: 1x Warriors
  [Civ 1] Romans turn: 2 actions — MOVE_UNIT(1), UNIT_ORDER(1)

══════════════════════════════════════════════════════════════════════
  TURN 9 — 3840 B.C. (8ms)
══════════════════════════════════════════════════════════════════════
  [Civ 1] Romans (despotism): 1 cities, 0 units, 45g, 5 techs, researching Iron Working (27/36)
    Rome: size=1, prod=Wonder39 (16sh), bldgs=Palace
    Units: none
  [Civ 2] Babylonians (despotism): 1 cities, 1 units, 0g, 5 techs, researching Alphabet (8/36)
    Babylon: size=1, prod=Wonder45 (21sh), bldgs=Palace
    Units: 1x Warriors
  [Civ 3] Germans (despotism): 1 cities, 1 units, 55g, 4 techs, researching Alphabet (16/33)
    Berlin: size=1, prod=Wonder41 (28sh), bldgs=Palace
    Units: 1x Warriors
  [Civ 4] Egyptians (despotism): 1 cities, 1 units, 0g, 4 techs, researching Alphabet (16/33)
    Thebes: size=1, prod=Wonder39 (14sh), bldgs=Palace
    Units: 1x Warriors
  [Civ 1] Romans turn: 0 actions — idle

══════════════════════════════════════════════════════════════════════
  TURN 10 — 3820 B.C. (7ms)
══════════════════════════════════════════════════════════════════════
  [Civ 1] Romans (despotism): 1 cities, 0 units, 46g, 5 techs, researching Iron Working (30/36)
    Rome: size=1, prod=Wonder39 (18sh), bldgs=Palace
    Units: none
  [Civ 2] Babylonians (despotism): 1 cities, 1 units, 0g, 5 techs, researching Alphabet (9/36)
    Babylon: size=1, prod=Wonder45 (24sh), bldgs=Palace
    Units: 1x Warriors
  [Civ 3] Germans (despotism): 1 cities, 1 units, 56g, 5 techs, researching Alphabet (18/36)
    Berlin: size=1, prod=Wonder41 (32sh), bldgs=Palace
    Units: 1x Warriors
  [Civ 4] Egyptians (despotism): 1 cities, 1 units, 0g, 4 techs, researching Alphabet (18/33)
    Thebes: size=1, prod=Wonder39 (16sh), bldgs=Palace
    Units: 1x Warriors
  [Civ 1] Romans turn: 0 actions — idle
    >>> Babylon grew to size 2
    CHANGE_PRODUCTION city=2
    >>> Thebes grew to size 2
    END_TURN REJECTED: 1 units still need orders
      #16 Archers(Atk) @(37,29) mv=3 ord=none hp=full

══════════════════════════════════════════════════════════════════════
  TURN 11 — 3800 B.C. (6ms)
══════════════════════════════════════════════════════════════════════
  [Civ 1] Romans (despotism): 1 cities, 0 units, 47g, 5 techs, researching Iron Working (33/36)
    Rome: size=1, prod=Wonder39 (20sh), bldgs=Palace
    Units: none
  [Civ 2] Babylonians (despotism): 1 cities, 1 units, 0g, 5 techs, researching Alphabet (12/36)
    Babylon: size=2, prod=Wonder45 (27sh), bldgs=Palace
    Units: 1x Warriors
  [Civ 3] Germans (despotism): 1 cities, 1 units, 57g, 5 techs, researching Alphabet (20/36)
    Berlin: size=1, prod=building:3 (0sh), bldgs=Palace
    Units: 1x Warriors
  [Civ 4] Egyptians (despotism): 1 cities, 2 units, 1g, 4 techs, researching Alphabet (20/33)
    Thebes: size=2, prod=Wonder39 (18sh), bldgs=Palace
    Units: 1x Warriors, 1x Archers
  [Civ 1] Romans turn: 0 actions — idle
    >>> Romans discovered: Iron Working

══════════════════════════════════════════════════════════════════════
  TURN 12 — 3780 B.C. (9ms)
══════════════════════════════════════════════════════════════════════
  [Civ 1] Romans (despotism): 1 cities, 0 units, 47g, 6 techs, researching none (0/36)
    Rome: size=1, prod=Wonder39 (22sh), bldgs=Palace
    Units: none
  [Civ 2] Babylonians (despotism): 1 cities, 1 units, 0g, 5 techs, researching Alphabet (15/36)
    Babylon: size=2, prod=Wonder45 (31sh), bldgs=Palace
    Units: 1x Warriors
  [Civ 3] Germans (despotism): 1 cities, 1 units, 58g, 5 techs, researching Alphabet (22/36)
    Berlin: size=1, prod=building:3 (4sh), bldgs=Palace
    Units: 1x Warriors
  [Civ 4] Egyptians (despotism): 1 cities, 2 units, 2g, 4 techs, researching Alphabet (22/33)
    Thebes: size=2, prod=Wonder39 (20sh), bldgs=Palace
    Units: 1x Warriors, 1x Archers
  [Civ 1] Romans turn: 1 actions — SET_RESEARCH(1)
    SET_RESEARCH tech=Map Making

══════════════════════════════════════════════════════════════════════
  TURN 13 — 3760 B.C. (6ms)
══════════════════════════════════════════════════════════════════════
  [Civ 1] Romans (despotism): 1 cities, 0 units, 48g, 6 techs, researching Map Making (3/36)
    Rome: size=1, prod=Wonder39 (24sh), bldgs=Palace
    Units: none
  [Civ 2] Babylonians (despotism): 1 cities, 1 units, 0g, 5 techs, researching Alphabet (18/36)
    Babylon: size=2, prod=Wonder45 (35sh), bldgs=Palace
    Units: 1x Warriors
  [Civ 3] Germans (despotism): 1 cities, 1 units, 59g, 5 techs, researching Alphabet (24/36)
    Berlin: size=1, prod=building:3 (8sh), bldgs=Palace
    Units: 1x Warriors
  [Civ 4] Egyptians (despotism): 1 cities, 2 units, 3g, 4 techs, researching Alphabet (24/33)
    Thebes: size=2, prod=Wonder39 (22sh), bldgs=Palace
    Units: 1x Warriors, 1x Archers
  [Civ 1] Romans turn: 0 actions — idle

══════════════════════════════════════════════════════════════════════
  TURN 14 — 3740 B.C. (4ms)
══════════════════════════════════════════════════════════════════════
  [Civ 1] Romans (despotism): 1 cities, 0 units, 49g, 6 techs, researching Map Making (6/36)
    Rome: size=1, prod=Wonder39 (26sh), bldgs=Palace
    Units: none
  [Civ 2] Babylonians (despotism): 1 cities, 1 units, 0g, 5 techs, researching Alphabet (21/36)
    Babylon: size=2, prod=Wonder45 (39sh), bldgs=Palace
    Units: 1x Warriors
  [Civ 3] Germans (despotism): 1 cities, 1 units, 60g, 5 techs, researching Alphabet (26/36)
    Berlin: size=1, prod=building:3 (12sh), bldgs=Palace
    Units: 1x Warriors
  [Civ 4] Egyptians (despotism): 1 cities, 2 units, 4g, 4 techs, researching Alphabet (26/33)
    Thebes: size=2, prod=Wonder39 (24sh), bldgs=Palace
    Units: 1x Warriors, 1x Archers
  [Civ 1] Romans turn: 0 actions — idle

══════════════════════════════════════════════════════════════════════
  TURN 15 — 3720 B.C. (10ms)
══════════════════════════════════════════════════════════════════════
  [Civ 1] Romans (despotism): 1 cities, 0 units, 50g, 6 techs, researching Map Making (9/36)
    Rome: size=1, prod=Wonder39 (28sh), bldgs=Palace
    Units: none
  [Civ 2] Babylonians (despotism): 1 cities, 1 units, 0g, 5 techs, researching Alphabet (24/36)
    Babylon: size=2, prod=Wonder45 (43sh), bldgs=Palace
    Units: 1x Warriors
  [Civ 3] Germans (despotism): 1 cities, 1 units, 61g, 5 techs, researching Alphabet (28/36)
    Berlin: size=1, prod=building:3 (16sh), bldgs=Palace
    Units: 1x Warriors
  [Civ 4] Egyptians (despotism): 1 cities, 2 units, 5g, 4 techs, researching Alphabet (28/33)
    Thebes: size=2, prod=Wonder39 (26sh), bldgs=Palace
    Units: 1x Warriors, 1x Archers
  [Civ 1] Romans turn: 0 actions — idle

══════════════════════════════════════════════════════════════════════
  TURN 16 — 3700 B.C. (8ms)
══════════════════════════════════════════════════════════════════════
  [Civ 1] Romans (despotism): 1 cities, 0 units, 51g, 6 techs, researching Map Making (12/36)
    Rome: size=1, prod=Wonder39 (30sh), bldgs=Palace
    Units: none
  [Civ 2] Babylonians (despotism): 1 cities, 1 units, 0g, 5 techs, researching Alphabet (27/36)
    Babylon: size=2, prod=Wonder45 (47sh), bldgs=Palace
    Units: 1x Warriors
  [Civ 3] Germans (despotism): 1 cities, 1 units, 62g, 5 techs, researching Alphabet (30/36)
    Berlin: size=1, prod=building:3 (20sh), bldgs=Palace
    Units: 1x Warriors
  [Civ 4] Egyptians (despotism): 1 cities, 2 units, 6g, 4 techs, researching Alphabet (30/33)
    Thebes: size=2, prod=Wonder39 (28sh), bldgs=Palace
    Units: 1x Warriors, 1x Archers
  [Civ 1] Romans turn: 0 actions — idle

══════════════════════════════════════════════════════════════════════
  TURN 17 — 3680 B.C. (6ms)
══════════════════════════════════════════════════════════════════════
  [Civ 1] Romans (despotism): 1 cities, 0 units, 52g, 6 techs, researching Map Making (15/36)
    Rome: size=1, prod=Wonder39 (32sh), bldgs=Palace
    Units: none
  [Civ 2] Babylonians (despotism): 1 cities, 1 units, 0g, 5 techs, researching Alphabet (30/36)
    Babylon: size=2, prod=Wonder45 (51sh), bldgs=Palace
    Units: 1x Warriors
  [Civ 3] Germans (despotism): 1 cities, 1 units, 63g, 5 techs, researching Alphabet (32/36)
    Berlin: size=1, prod=building:3 (24sh), bldgs=Palace
    Units: 1x Warriors
  [Civ 4] Egyptians (despotism): 1 cities, 2 units, 7g, 4 techs, researching Alphabet (32/33)
    Thebes: size=2, prod=Wonder39 (30sh), bldgs=Palace
    Units: 1x Warriors, 1x Archers
  [Civ 1] Romans turn: 0 actions — idle
    >>> Egyptians discovered: Alphabet
    SET_RESEARCH tech=Map Making

══════════════════════════════════════════════════════════════════════
  TURN 18 — 3660 B.C. (8ms)
══════════════════════════════════════════════════════════════════════
  [Civ 1] Romans (despotism): 1 cities, 0 units, 53g, 6 techs, researching Map Making (18/36)
    Rome: size=1, prod=Wonder39 (34sh), bldgs=Palace
    Units: none
  [Civ 2] Babylonians (despotism): 1 cities, 1 units, 0g, 5 techs, researching Alphabet (33/36)
    Babylon: size=2, prod=Wonder45 (55sh), bldgs=Palace
    Units: 1x Warriors
  [Civ 3] Germans (despotism): 1 cities, 1 units, 64g, 5 techs, researching Alphabet (34/36)
    Berlin: size=1, prod=building:3 (28sh), bldgs=Palace
    Units: 1x Warriors
  [Civ 4] Egyptians (despotism): 1 cities, 2 units, 54g, 5 techs, researching Map Making (0/36)
    Thebes: size=2, prod=Wonder39 (32sh), bldgs=Palace
    Units: 1x Warriors, 1x Archers
  [Civ 1] Romans turn: 0 actions — idle
    >>> Babylonians discovered: Alphabet
    SET_RESEARCH tech=Map Making
    >>> Germans discovered: Alphabet
    SET_RESEARCH tech=Map Making

══════════════════════════════════════════════════════════════════════
  TURN 19 — 3640 B.C. (5ms)
══════════════════════════════════════════════════════════════════════
  [Civ 1] Romans (despotism): 1 cities, 0 units, 54g, 6 techs, researching Map Making (21/36)
    Rome: size=1, prod=Wonder39 (36sh), bldgs=Palace
    Units: none
  [Civ 2] Babylonians (despotism): 1 cities, 1 units, 0g, 6 techs, researching Map Making (0/36)
    Babylon: size=2, prod=Wonder45 (59sh), bldgs=Palace
    Units: 1x Warriors
  [Civ 3] Germans (despotism): 1 cities, 1 units, 64g, 6 techs, researching Map Making (0/36)
    Berlin: size=1, prod=building:3 (32sh), bldgs=Palace
    Units: 1x Warriors
  [Civ 4] Egyptians (despotism): 1 cities, 2 units, 55g, 5 techs, researching Map Making (2/36)
    Thebes: size=2, prod=Wonder39 (34sh), bldgs=Palace
    Units: 1x Warriors, 1x Archers
  [Civ 1] Romans turn: 0 actions — idle
    END_TURN REJECTED: 1 units still need orders
      #17 Settlers(Settle) @(43,25) mv=3 ord=none hp=full

══════════════════════════════════════════════════════════════════════
  TURN 20 — 3620 B.C. (7ms)
══════════════════════════════════════════════════════════════════════
  [Civ 1] Romans (despotism): 1 cities, 0 units, 56g, 6 techs, researching Map Making (24/36)
    Rome: size=2, prod=Wonder39 (38sh), bldgs=Palace
    Units: none
  [Civ 2] Babylonians (despotism): 1 cities, 1 units, 0g, 6 techs, researching Map Making (3/36)
    Babylon: size=2, prod=Wonder45 (63sh), bldgs=Palace
    Units: 1x Warriors
  [Civ 3] Germans (despotism): 1 cities, 1 units, 65g, 6 techs, researching Map Making (2/36)
    Berlin: size=1, prod=building:3 (36sh), bldgs=Palace
    Units: 1x Warriors
  [Civ 4] Egyptians (despotism): 1 cities, 3 units, 56g, 5 techs, researching Map Making (4/36)
    Thebes: size=2, prod=Wonder39 (36sh), bldgs=Palace
    Units: 1x Warriors, 1x Archers, 1x Settlers
  [Civ 1] Romans turn: 0 actions — idle
    >>> Rome grew to size 2
    END_TURN REJECTED: 1 units still need orders
      #18 Settlers(Settle) @(33,55) mv=3 ord=none hp=full
    BUILD_CITY unit=17 name="Memphis"
    1 actions REJECTED (of 6)

══════════════════════════════════════════════════════════════════════
  TURN 21 — 3600 B.C. (6ms)
══════════════════════════════════════════════════════════════════════
  [Civ 1] Romans (despotism): 1 cities, 0 units, 58g, 6 techs, researching Map Making (27/36)
    Rome: size=2, prod=Wonder39 (41sh), bldgs=Palace
    Units: none
  [Civ 2] Babylonians (despotism): 1 cities, 2 units, 0g, 6 techs, researching Map Making (6/36)
    Babylon: size=2, prod=Wonder45 (67sh), bldgs=Palace
    Units: 1x Warriors, 1x Settlers
  [Civ 3] Germans (despotism): 1 cities, 1 units, 66g, 6 techs, researching Map Making (6/36)
    Berlin: size=2, prod=building:3 (40sh), bldgs=Palace
    Units: 1x Warriors
  [Civ 4] Egyptians (despotism): 2 cities, 2 units, 57g, 5 techs, researching Map Making (6/36)
    Thebes: size=2, prod=Wonder39 (38sh), bldgs=Palace
    Memphis: size=1, prod=Warriors (0sh)
    Units: 1x Warriors, 1x Archers
  [Civ 1] Romans turn: 0 actions — idle
    CHANGE_PRODUCTION city=3
    CHANGE_PRODUCTION city=4

══════════════════════════════════════════════════════════════════════
  TURN 22 — 3580 B.C. (7ms)
══════════════════════════════════════════════════════════════════════
  [Civ 1] Romans (despotism): 1 cities, 0 units, 60g, 6 techs, researching Map Making (30/36)
    Rome: size=2, prod=Wonder39 (44sh), bldgs=Palace
    Units: none
  [Civ 2] Babylonians (despotism): 1 cities, 2 units, 0g, 6 techs, researching Map Making (9/36)
    Babylon: size=2, prod=Wonder45 (71sh), bldgs=Palace
    Units: 1x Warriors, 1x Settlers
  [Civ 3] Germans (despotism): 1 cities, 1 units, 67g, 6 techs, researching Map Making (10/36)
    Berlin: size=2, prod=building:3 (45sh), bldgs=Palace
    Units: 1x Warriors
  [Civ 4] Egyptians (despotism): 2 cities, 2 units, 58g, 5 techs, researching Map Making (10/36)
    Thebes: size=2, prod=Settlers (0sh), bldgs=Palace
    Memphis: size=1, prod=building:2 (0sh)
    Units: 1x Warriors, 1x Archers
  [Civ 1] Romans turn: 0 actions — idle

══════════════════════════════════════════════════════════════════════
  TURN 23 — 3560 B.C. (7ms)
══════════════════════════════════════════════════════════════════════
  [Civ 1] Romans (despotism): 1 cities, 0 units, 62g, 6 techs, researching Map Making (33/36)
    Rome: size=2, prod=Wonder39 (47sh), bldgs=Palace
    Units: none
  [Civ 2] Babylonians (despotism): 1 cities, 2 units, 0g, 6 techs, researching Map Making (12/36)
    Babylon: size=2, prod=Wonder45 (75sh), bldgs=Palace
    Units: 1x Warriors, 1x Settlers
  [Civ 3] Germans (despotism): 1 cities, 1 units, 68g, 6 techs, researching Map Making (14/36)
    Berlin: size=2, prod=building:3 (50sh), bldgs=Palace
    Units: 1x Warriors
  [Civ 4] Egyptians (despotism): 2 cities, 2 units, 59g, 5 techs, researching Map Making (14/36)
    Thebes: size=2, prod=Settlers (2sh), bldgs=Palace
    Memphis: size=1, prod=building:2 (2sh)
    Units: 1x Warriors, 1x Archers
  [Civ 1] Romans turn: 0 actions — idle
    >>> Romans discovered: Map Making

══════════════════════════════════════════════════════════════════════
  TURN 24 — 3540 B.C. (5ms)
══════════════════════════════════════════════════════════════════════
  [Civ 1] Romans (despotism): 1 cities, 0 units, 62g, 7 techs, researching none (0/33)
    Rome: size=2, prod=Wonder39 (50sh), bldgs=Palace
    Units: none
  [Civ 2] Babylonians (despotism): 1 cities, 2 units, 0g, 6 techs, researching Map Making (15/36)
    Babylon: size=2, prod=Wonder45 (79sh), bldgs=Palace
    Units: 1x Warriors, 1x Settlers
  [Civ 3] Germans (despotism): 1 cities, 1 units, 69g, 6 techs, researching Map Making (18/36)
    Berlin: size=2, prod=building:3 (55sh), bldgs=Palace
    Units: 1x Warriors
  [Civ 4] Egyptians (despotism): 2 cities, 2 units, 60g, 5 techs, researching Map Making (18/36)
    Thebes: size=2, prod=Settlers (4sh), bldgs=Palace
    Memphis: size=1, prod=building:2 (4sh)
    Units: 1x Warriors, 1x Archers
  [Civ 1] Romans turn: 1 actions — SET_RESEARCH(1)
    SET_RESEARCH tech=Code of Laws
    >>> Berlin built building:3
    CHANGE_PRODUCTION city=2

══════════════════════════════════════════════════════════════════════
  TURN 25 — 3520 B.C. (7ms)
══════════════════════════════════════════════════════════════════════
  [Civ 1] Romans (despotism): 1 cities, 0 units, 64g, 7 techs, researching Code of Laws (3/33)
    Rome: size=2, prod=Wonder39 (53sh), bldgs=Palace
    Units: none
  [Civ 2] Babylonians (despotism): 1 cities, 2 units, 0g, 6 techs, researching Map Making (18/36)
    Babylon: size=2, prod=Wonder45 (83sh), bldgs=Palace
    Units: 1x Warriors, 1x Settlers
  [Civ 3] Germans (despotism): 1 cities, 1 units, 69g, 6 techs, researching Map Making (22/36)
    Berlin: size=2, prod=Settlers (0sh), bldgs=Palace, Granary
    Units: 1x Warriors
  [Civ 4] Egyptians (despotism): 2 cities, 2 units, 61g, 5 techs, researching Map Making (22/36)
    Thebes: size=2, prod=Settlers (6sh), bldgs=Palace
    Memphis: size=1, prod=building:2 (6sh)
    Units: 1x Warriors, 1x Archers
  [Civ 1] Romans turn: 0 actions — idle
    >>> Babylon grew to size 3
    >>> Thebes grew to size 3

══════════════════════════════════════════════════════════════════════
  TURN 26 — 3500 B.C. (8ms)
══════════════════════════════════════════════════════════════════════
  [Civ 1] Romans (despotism): 1 cities, 0 units, 66g, 7 techs, researching Code of Laws (6/33)
    Rome: size=2, prod=Wonder39 (56sh), bldgs=Palace
    Units: none
  [Civ 2] Babylonians (despotism): 1 cities, 2 units, 1g, 6 techs, researching Map Making (21/36)
    Babylon: size=3, prod=Wonder45 (87sh), bldgs=Palace
    Units: 1x Warriors, 1x Settlers
  [Civ 3] Germans (despotism): 1 cities, 1 units, 69g, 6 techs, researching Map Making (26/36)
    Berlin: size=2, prod=Settlers (5sh), bldgs=Palace, Granary
    Units: 1x Warriors
  [Civ 4] Egyptians (despotism): 2 cities, 2 units, 63g, 5 techs, researching Map Making (27/36)
    Thebes: size=3, prod=Settlers (8sh), bldgs=Palace
    Memphis: size=1, prod=building:2 (8sh)
    Units: 1x Warriors, 1x Archers
  [Civ 1] Romans turn: 0 actions — idle

══════════════════════════════════════════════════════════════════════
  TURN 27 — 3480 B.C. (9ms)
══════════════════════════════════════════════════════════════════════
  [Civ 1] Romans (despotism): 1 cities, 0 units, 68g, 7 techs, researching Code of Laws (9/33)
    Rome: size=2, prod=Wonder39 (59sh), bldgs=Palace
    Units: none
  [Civ 2] Babylonians (despotism): 1 cities, 2 units, 2g, 6 techs, researching Map Making (24/36)
    Babylon: size=3, prod=Wonder45 (92sh), bldgs=Palace
    Units: 1x Warriors, 1x Settlers
  [Civ 3] Germans (despotism): 1 cities, 1 units, 69g, 6 techs, researching Map Making (30/36)
    Berlin: size=2, prod=Settlers (10sh), bldgs=Palace, Granary
    Units: 1x Warriors
  [Civ 4] Egyptians (despotism): 2 cities, 2 units, 65g, 5 techs, researching Map Making (32/36)
    Thebes: size=3, prod=Settlers (10sh), bldgs=Palace
    Memphis: size=1, prod=building:2 (10sh)
    Units: 1x Warriors, 1x Archers
  [Civ 1] Romans turn: 0 actions — idle
    >>> Egyptians discovered: Map Making
    SET_RESEARCH tech=Currency

══════════════════════════════════════════════════════════════════════
  TURN 28 — 3460 B.C. (10ms)
══════════════════════════════════════════════════════════════════════
  [Civ 1] Romans (despotism): 1 cities, 0 units, 70g, 7 techs, researching Code of Laws (12/33)
    Rome: size=2, prod=Wonder39 (62sh), bldgs=Palace
    Units: none
  [Civ 2] Babylonians (despotism): 1 cities, 2 units, 3g, 6 techs, researching Map Making (27/36)
    Babylon: size=3, prod=Wonder45 (97sh), bldgs=Palace
    Units: 1x Warriors, 1x Settlers
  [Civ 3] Germans (despotism): 1 cities, 1 units, 69g, 6 techs, researching Map Making (34/36)
    Berlin: size=2, prod=Settlers (15sh), bldgs=Palace, Granary
    Units: 1x Warriors
  [Civ 4] Egyptians (despotism): 2 cities, 2 units, 65g, 6 techs, researching Currency (0/36)
    Thebes: size=3, prod=Settlers (12sh), bldgs=Palace
    Memphis: size=1, prod=building:2 (12sh)
    Units: 1x Warriors, 1x Archers
  [Civ 1] Romans turn: 0 actions — idle
    >>> Germans discovered: Map Making
    SET_RESEARCH tech=Code of Laws

══════════════════════════════════════════════════════════════════════
  TURN 29 — 3440 B.C. (14ms)
══════════════════════════════════════════════════════════════════════
  [Civ 1] Romans (despotism): 1 cities, 0 units, 72g, 7 techs, researching Code of Laws (15/33)
    Rome: size=2, prod=Wonder39 (65sh), bldgs=Palace
    Units: none
  [Civ 2] Babylonians (despotism): 1 cities, 2 units, 4g, 6 techs, researching Map Making (30/36)
    Babylon: size=3, prod=Wonder45 (102sh), bldgs=Palace
    Units: 1x Warriors, 1x Settlers
  [Civ 3] Germans (despotism): 1 cities, 1 units, 69g, 7 techs, researching Code of Laws (0/33)
    Berlin: size=2, prod=Settlers (20sh), bldgs=Palace, Granary
    Units: 1x Warriors
  [Civ 4] Egyptians (despotism): 2 cities, 2 units, 67g, 6 techs, researching Currency (5/36)
    Thebes: size=3, prod=Settlers (14sh), bldgs=Palace
    Memphis: size=1, prod=building:2 (14sh)
    Units: 1x Warriors, 1x Archers
  [Civ 1] Romans turn: 0 actions — idle
    SET_RESEARCH tech=Code of Laws

══════════════════════════════════════════════════════════════════════
  TURN 30 — 3420 B.C. (6ms)
══════════════════════════════════════════════════════════════════════
  [Civ 1] Romans (despotism): 1 cities, 0 units, 74g, 7 techs, researching Code of Laws (18/33)
    Rome: size=2, prod=Wonder39 (68sh), bldgs=Palace
    Units: none
  [Civ 2] Babylonians (despotism): 1 cities, 2 units, 5g, 7 techs, researching Code of Laws (33/33)
    Babylon: size=3, prod=Wonder45 (107sh), bldgs=Palace
    Units: 1x Warriors, 1x Settlers
  [Civ 3] Germans (despotism): 1 cities, 1 units, 69g, 7 techs, researching Code of Laws (4/33)
    Berlin: size=2, prod=Settlers (25sh), bldgs=Palace, Granary
    Units: 1x Warriors
  [Civ 4] Egyptians (despotism): 2 cities, 2 units, 69g, 6 techs, researching Currency (10/36)
    Thebes: size=3, prod=Settlers (16sh), bldgs=Palace
    Memphis: size=1, prod=building:2 (16sh)
    Units: 1x Warriors, 1x Archers
  [Civ 1] Romans turn: 0 actions — idle
    >>> Babylonians discovered: Code of Laws
    SET_RESEARCH tech=Mathematics
    >>> Memphis grew to size 2
    CHANGE_PRODUCTION city=4

══════════════════════════════════════════════════════════════════════
  TURN 31 — 3400 B.C. (5ms)
══════════════════════════════════════════════════════════════════════
  [Civ 1] Romans (despotism): 1 cities, 0 units, 76g, 7 techs, researching Code of Laws (21/33)
    Rome: size=2, prod=Wonder39 (71sh), bldgs=Palace
    Units: none
  [Civ 2] Babylonians (despotism): 1 cities, 2 units, 5g, 8 techs, researching Mathematics (0/28)
    Babylon: size=3, prod=Wonder45 (112sh), bldgs=Palace
    Units: 1x Warriors, 1x Settlers
  [Civ 3] Germans (despotism): 1 cities, 1 units, 69g, 7 techs, researching Code of Laws (8/33)
    Berlin: size=2, prod=Settlers (30sh), bldgs=Palace, Granary
    Units: 1x Warriors
  [Civ 4] Egyptians (despotism): 2 cities, 2 units, 71g, 6 techs, researching Currency (16/36)
    Thebes: size=3, prod=Settlers (18sh), bldgs=Palace
    Memphis: size=2, prod=Settlers (0sh)
    Units: 1x Warriors, 1x Archers
  [Civ 1] Romans turn: 0 actions — idle

══════════════════════════════════════════════════════════════════════
  TURN 32 — 3380 B.C. (6ms)
══════════════════════════════════════════════════════════════════════
  [Civ 1] Romans (despotism): 1 cities, 0 units, 78g, 7 techs, researching Code of Laws (24/33)
    Rome: size=2, prod=Wonder39 (74sh), bldgs=Palace
    Units: none
  [Civ 2] Babylonians (despotism): 1 cities, 2 units, 6g, 8 techs, researching Mathematics (3/28)
    Babylon: size=3, prod=Wonder45 (117sh), bldgs=Palace
    Units: 1x Warriors, 1x Settlers
  [Civ 3] Germans (despotism): 1 cities, 1 units, 69g, 7 techs, researching Code of Laws (12/33)
    Berlin: size=2, prod=Settlers (35sh), bldgs=Palace, Granary
    Units: 1x Warriors
  [Civ 4] Egyptians (despotism): 2 cities, 2 units, 73g, 6 techs, researching Currency (22/36)
    Thebes: size=3, prod=Settlers (20sh), bldgs=Palace
    Memphis: size=2, prod=Settlers (3sh)
    Units: 1x Warriors, 1x Archers
  [Civ 1] Romans turn: 3 actions — ADJUST_ATTITUDE(3)
    ADJUST_ATTITUDE target=civ2
    ADJUST_ATTITUDE target=civ3
    ADJUST_ATTITUDE target=civ4
    ADJUST_ATTITUDE target=civ1
    ADJUST_ATTITUDE target=civ3
    ADJUST_ATTITUDE target=civ4
    >>> Berlin built Settlers
    ADJUST_ATTITUDE target=civ1
    ADJUST_ATTITUDE target=civ2
    ADJUST_ATTITUDE target=civ4
    CHANGE_PRODUCTION city=2
    ADJUST_ATTITUDE target=civ1
    ADJUST_ATTITUDE target=civ2
    ADJUST_ATTITUDE target=civ3

══════════════════════════════════════════════════════════════════════
  TURN 33 — 3360 B.C. (9ms)
══════════════════════════════════════════════════════════════════════
  [Civ 1] Romans (despotism): 1 cities, 0 units, 80g, 7 techs, researching Code of Laws (27/33)
    Rome: size=2, prod=Wonder39 (77sh), bldgs=Palace
    Units: none
  [Civ 2] Babylonians (despotism): 1 cities, 2 units, 7g, 8 techs, researching Mathematics (6/28)
    Babylon: size=3, prod=Wonder45 (122sh), bldgs=Palace
    Units: 1x Warriors, 1x Settlers
  [Civ 3] Germans (despotism): 1 cities, 2 units, 69g, 7 techs, researching Code of Laws (14/33)
    Berlin: size=1, prod=Archers (0sh), bldgs=Palace, Granary
    Units: 1x Warriors, 1x Settlers
  [Civ 4] Egyptians (despotism): 2 cities, 2 units, 75g, 6 techs, researching Currency (28/36)
    Thebes: size=3, prod=Settlers (22sh), bldgs=Palace
    Memphis: size=2, prod=Settlers (6sh)
    Units: 1x Warriors, 1x Archers
  [Civ 1] Romans turn: 0 actions — idle

══════════════════════════════════════════════════════════════════════
  TURN 34 — 3340 B.C. (11ms)
══════════════════════════════════════════════════════════════════════
  [Civ 1] Romans (despotism): 1 cities, 0 units, 82g, 7 techs, researching Code of Laws (30/33)
    Rome: size=2, prod=Wonder39 (80sh), bldgs=Palace
    Units: none
  [Civ 2] Babylonians (despotism): 1 cities, 2 units, 8g, 8 techs, researching Mathematics (9/28)
    Babylon: size=3, prod=Wonder45 (127sh), bldgs=Palace
    Units: 1x Warriors, 1x Settlers
  [Civ 3] Germans (despotism): 1 cities, 2 units, 69g, 7 techs, researching Code of Laws (16/33)
    Berlin: size=1, prod=Archers (4sh), bldgs=Palace, Granary
    Units: 1x Warriors, 1x Settlers
  [Civ 4] Egyptians (despotism): 2 cities, 2 units, 77g, 6 techs, researching Currency (34/36)
    Thebes: size=3, prod=Settlers (24sh), bldgs=Palace
    Memphis: size=2, prod=Settlers (9sh)
    Units: 1x Warriors, 1x Archers
  [Civ 1] Romans turn: 0 actions — idle
    CHANGE_PRODUCTION city=2
    >>> Egyptians discovered: Currency
    SET_RESEARCH tech=Construction
    >>> Romans discovered: Code of Laws

══════════════════════════════════════════════════════════════════════
  TURN 35 — 3320 B.C. (12ms)
══════════════════════════════════════════════════════════════════════
  [Civ 1] Romans (despotism): 1 cities, 0 units, 82g, 8 techs, researching none (0/28)
    Rome: size=2, prod=Wonder39 (83sh), bldgs=Palace
    Units: none
  [Civ 2] Babylonians (despotism): 1 cities, 2 units, 9g, 8 techs, researching Mathematics (12/28)
    Babylon: size=3, prod=Wonder45 (132sh), bldgs=Palace
    Units: 1x Warriors, 1x Settlers
  [Civ 3] Germans (despotism): 1 cities, 2 units, 69g, 7 techs, researching Code of Laws (18/33)
    Berlin: size=1, prod=Trireme (4sh), bldgs=Palace, Granary
    Units: 1x Warriors, 1x Settlers
  [Civ 4] Egyptians (despotism): 2 cities, 2 units, 77g, 7 techs, researching Construction (0/33)
    Thebes: size=3, prod=Settlers (26sh), bldgs=Palace
    Memphis: size=2, prod=Settlers (12sh)
    Units: 1x Warriors, 1x Archers
  [Civ 1] Romans turn: 1 actions — SET_RESEARCH(1)
    SET_RESEARCH tech=Mathematics

══════════════════════════════════════════════════════════════════════
  TURN 36 — 3300 B.C. (14ms)
══════════════════════════════════════════════════════════════════════
  [Civ 1] Romans (despotism): 1 cities, 0 units, 84g, 8 techs, researching Mathematics (3/28)
    Rome: size=2, prod=Wonder39 (86sh), bldgs=Palace
    Units: none
  [Civ 2] Babylonians (despotism): 1 cities, 2 units, 10g, 8 techs, researching Mathematics (15/28)
    Babylon: size=3, prod=Wonder45 (137sh), bldgs=Palace
    Units: 1x Warriors, 1x Settlers
  [Civ 3] Germans (despotism): 1 cities, 2 units, 69g, 7 techs, researching Code of Laws (20/33)
    Berlin: size=1, prod=Trireme (8sh), bldgs=Palace, Granary
    Units: 1x Warriors, 1x Settlers
  [Civ 4] Egyptians (despotism): 2 cities, 2 units, 79g, 7 techs, researching Construction (6/33)
    Thebes: size=3, prod=Settlers (28sh), bldgs=Palace
    Memphis: size=2, prod=Settlers (15sh)
    Units: 1x Warriors, 1x Archers
  [Civ 1] Romans turn: 0 actions — idle
    SET_RESEARCH tech=Mathematics

══════════════════════════════════════════════════════════════════════
  TURN 37 — 3280 B.C. (10ms)
══════════════════════════════════════════════════════════════════════
  [Civ 1] Romans (despotism): 1 cities, 0 units, 86g, 8 techs, researching Mathematics (6/28)
    Rome: size=2, prod=Wonder39 (89sh), bldgs=Palace
    Units: none
  [Civ 2] Babylonians (despotism): 1 cities, 2 units, 11g, 8 techs, researching Mathematics (18/28)
    Babylon: size=3, prod=Wonder45 (142sh), bldgs=Palace
    Units: 1x Warriors, 1x Settlers
  [Civ 3] Germans (despotism): 1 cities, 2 units, 69g, 8 techs, researching Mathematics (22/28)
    Berlin: size=1, prod=Trireme (12sh), bldgs=Palace, Granary
    Units: 1x Warriors, 1x Settlers
  [Civ 4] Egyptians (despotism): 2 cities, 2 units, 81g, 8 techs, researching Construction (12/28)
    Thebes: size=3, prod=Settlers (30sh), bldgs=Palace
    Memphis: size=2, prod=Settlers (18sh)
    Units: 1x Warriors, 1x Archers
  [Civ 1] Romans turn: 0 actions — idle

══════════════════════════════════════════════════════════════════════
  TURN 38 — 3260 B.C. (7ms)
══════════════════════════════════════════════════════════════════════
  [Civ 1] Romans (despotism): 1 cities, 0 units, 88g, 8 techs, researching Mathematics (9/28)
    Rome: size=2, prod=Wonder39 (92sh), bldgs=Palace
    Units: none
  [Civ 2] Babylonians (despotism): 1 cities, 2 units, 12g, 8 techs, researching Mathematics (21/28)
    Babylon: size=3, prod=Wonder45 (147sh), bldgs=Palace
    Units: 1x Warriors, 1x Settlers
  [Civ 3] Germans (despotism): 1 cities, 2 units, 69g, 8 techs, researching Mathematics (24/28)
    Berlin: size=1, prod=Trireme (16sh), bldgs=Palace, Granary
    Units: 1x Warriors, 1x Settlers
  [Civ 4] Egyptians (despotism): 2 cities, 2 units, 83g, 8 techs, researching Construction (18/28)
    Thebes: size=3, prod=Settlers (32sh), bldgs=Palace
    Memphis: size=2, prod=Settlers (21sh)
    Units: 1x Warriors, 1x Archers
  [Civ 1] Romans turn: 0 actions — idle

══════════════════════════════════════════════════════════════════════
  TURN 39 — 3240 B.C. (6ms)
══════════════════════════════════════════════════════════════════════
  [Civ 1] Romans (despotism): 1 cities, 0 units, 90g, 8 techs, researching Mathematics (12/28)
    Rome: size=2, prod=Wonder39 (95sh), bldgs=Palace
    Units: none
  [Civ 2] Babylonians (despotism): 1 cities, 2 units, 13g, 8 techs, researching Mathematics (24/28)
    Babylon: size=3, prod=Wonder45 (152sh), bldgs=Palace
    Units: 1x Warriors, 1x Settlers
  [Civ 3] Germans (despotism): 1 cities, 2 units, 69g, 8 techs, researching Mathematics (26/28)
    Berlin: size=1, prod=Trireme (20sh), bldgs=Palace, Granary
    Units: 1x Warriors, 1x Settlers
  [Civ 4] Egyptians (despotism): 2 cities, 2 units, 85g, 8 techs, researching Construction (24/28)
    Thebes: size=3, prod=Settlers (34sh), bldgs=Palace
    Memphis: size=2, prod=Settlers (24sh)
    Units: 1x Warriors, 1x Archers
  [Civ 1] Romans turn: 0 actions — idle
    >>> Germans discovered: Mathematics
    SET_RESEARCH tech=Seafaring
    >>> Egyptians discovered: Construction
    SET_RESEARCH tech=Mysticism

══════════════════════════════════════════════════════════════════════
  TURN 40 — 3220 B.C. (10ms)
══════════════════════════════════════════════════════════════════════
  [Civ 1] Romans (despotism): 1 cities, 0 units, 92g, 8 techs, researching Mathematics (15/28)
    Rome: size=2, prod=Wonder39 (98sh), bldgs=Palace
    Units: none
  [Civ 2] Babylonians (despotism): 1 cities, 2 units, 14g, 8 techs, researching Mathematics (27/28)
    Babylon: size=3, prod=Wonder45 (157sh), bldgs=Palace
    Units: 1x Warriors, 1x Settlers
  [Civ 3] Germans (despotism): 1 cities, 2 units, 69g, 9 techs, researching Seafaring (0/32)
    Berlin: size=1, prod=Trireme (24sh), bldgs=Palace, Granary
    Units: 1x Warriors, 1x Settlers
  [Civ 4] Egyptians (despotism): 2 cities, 2 units, 85g, 9 techs, researching Mysticism (0/32)
    Thebes: size=3, prod=Settlers (36sh), bldgs=Palace
    Memphis: size=2, prod=Settlers (27sh)
    Units: 1x Warriors, 1x Archers
  [Civ 1] Romans turn: 0 actions — idle
    >>> Babylonians discovered: Mathematics
    SET_RESEARCH tech=Mysticism

══════════════════════════════════════════════════════════════════════
  TURN 41 — 3200 B.C. (7ms)
══════════════════════════════════════════════════════════════════════
  [Civ 1] Romans (despotism): 1 cities, 0 units, 94g, 8 techs, researching Mathematics (18/28)
    Rome: size=2, prod=Wonder39 (101sh), bldgs=Palace
    Units: none
  [Civ 2] Babylonians (despotism): 1 cities, 2 units, 14g, 9 techs, researching Mysticism (0/32)
    Babylon: size=3, prod=Wonder45 (162sh), bldgs=Palace
    Units: 1x Warriors, 1x Settlers
  [Civ 3] Germans (despotism): 1 cities, 2 units, 69g, 9 techs, researching Seafaring (2/32)
    Berlin: size=1, prod=Trireme (28sh), bldgs=Palace, Granary
    Units: 1x Warriors, 1x Settlers
  [Civ 4] Egyptians (despotism): 2 cities, 2 units, 87g, 9 techs, researching Mysticism (6/32)
    Thebes: size=3, prod=Settlers (38sh), bldgs=Palace
    Memphis: size=2, prod=Settlers (30sh)
    Units: 1x Warriors, 1x Archers
  [Civ 1] Romans turn: 0 actions — idle
    >>> Thebes built Settlers
    CHANGE_PRODUCTION city=3

══════════════════════════════════════════════════════════════════════
  TURN 42 — 3180 B.C. (7ms)
══════════════════════════════════════════════════════════════════════
  [Civ 1] Romans (despotism): 1 cities, 0 units, 96g, 9 techs, researching Mathematics (21/21)
    Rome: size=2, prod=Wonder39 (104sh), bldgs=Palace
    Units: none
  [Civ 2] Babylonians (despotism): 1 cities, 2 units, 15g, 9 techs, researching Mysticism (3/21)
    Babylon: size=3, prod=Wonder45 (167sh), bldgs=Palace
    Units: 1x Warriors, 1x Settlers
  [Civ 3] Germans (despotism): 1 cities, 2 units, 69g, 9 techs, researching Seafaring (4/21)
    Berlin: size=1, prod=Trireme (32sh), bldgs=Palace, Granary
    Units: 1x Warriors, 1x Settlers
  [Civ 4] Egyptians (despotism): 2 cities, 3 units, 88g, 10 techs, researching Mysticism (11/48)
    Thebes: size=2, prod=Catapult (0sh), bldgs=Palace
    Memphis: size=2, prod=Settlers (33sh)
    Units: 1x Warriors, 1x Archers, 1x Settlers
  [Civ 1] Romans turn: 1 actions — SET_RESEARCH(1)
    SET_RESEARCH tech=Horseback Riding
    >>> Thebes grew to size 3
    CHANGE_PRODUCTION city=3
    >>> Romans discovered: Horseback Riding

══════════════════════════════════════════════════════════════════════
  TURN 43 — 3160 B.C. (6ms)
══════════════════════════════════════════════════════════════════════
  [Civ 1] Romans (despotism): 1 cities, 0 units, 96g, 10 techs, researching none (0/48)
    Rome: size=2, prod=Wonder39 (107sh), bldgs=Palace
    Units: none
  [Civ 2] Babylonians (despotism): 1 cities, 2 units, 16g, 9 techs, researching Mysticism (6/21)
    Babylon: size=3, prod=Wonder45 (172sh), bldgs=Palace
    Units: 1x Warriors, 1x Settlers
  [Civ 3] Germans (despotism): 1 cities, 2 units, 69g, 9 techs, researching Seafaring (6/21)
    Berlin: size=1, prod=Trireme (36sh), bldgs=Palace, Granary
    Units: 1x Warriors, 1x Settlers
  [Civ 4] Egyptians (despotism): 2 cities, 3 units, 90g, 10 techs, researching Mysticism (17/48)
    Thebes: size=3, prod=Wonder41 (0sh), bldgs=Palace
    Memphis: size=2, prod=Settlers (36sh)
    Units: 1x Warriors, 1x Archers, 1x Settlers
  [Civ 1] Romans turn: 1 actions — SET_RESEARCH(1)
    SET_RESEARCH tech=Writing
    >>> Berlin built Trireme
    CHANGE_PRODUCTION city=2

══════════════════════════════════════════════════════════════════════
  TURN 44 — 3140 B.C. (12ms)
══════════════════════════════════════════════════════════════════════
  [Civ 1] Romans (despotism): 1 cities, 0 units, 98g, 10 techs, researching Writing (3/48)
    Rome: size=2, prod=Wonder39 (110sh), bldgs=Palace
    Units: none
  [Civ 2] Babylonians (despotism): 1 cities, 2 units, 17g, 9 techs, researching Mysticism (9/21)
    Babylon: size=3, prod=Wonder45 (177sh), bldgs=Palace
    Units: 1x Warriors, 1x Settlers
  [Civ 3] Germans (despotism): 1 cities, 3 units, 69g, 9 techs, researching Seafaring (8/21)
    Berlin: size=1, prod=building:7 (0sh), bldgs=Palace, Granary
    Units: 1x Warriors, 1x Settlers, 1x Trireme
  [Civ 4] Egyptians (despotism): 2 cities, 3 units, 92g, 10 techs, researching Mysticism (23/48)
    Thebes: size=3, prod=Wonder41 (2sh), bldgs=Palace
    Memphis: size=2, prod=Settlers (39sh)
    Units: 1x Warriors, 1x Archers, 1x Settlers
  [Civ 1] Romans turn: 0 actions — idle
    >>> Memphis built Settlers

══════════════════════════════════════════════════════════════════════
  TURN 45 — 3120 B.C. (12ms)
══════════════════════════════════════════════════════════════════════
  [Civ 1] Romans (despotism): 1 cities, 0 units, 100g, 10 techs, researching Writing (6/24)
    Rome: size=2, prod=Wonder39 (113sh), bldgs=Palace
    Units: none
  [Civ 2] Babylonians (despotism): 1 cities, 2 units, 18g, 9 techs, researching Mysticism (12/21)
    Babylon: size=3, prod=Wonder45 (182sh), bldgs=Palace
    Units: 1x Warriors, 1x Settlers
  [Civ 3] Germans (despotism): 1 cities, 3 units, 69g, 10 techs, researching Seafaring (10/24)
    Berlin: size=1, prod=building:7 (3sh), bldgs=Palace, Granary
    Units: 1x Warriors, 1x Settlers, 1x Trireme
  [Civ 4] Egyptians (despotism): 2 cities, 4 units, 94g, 11 techs, researching Mysticism (28/52)
    Thebes: size=3, prod=Wonder41 (4sh), bldgs=Palace
    Memphis: size=1, prod=Settlers (2sh)
    Units: 1x Warriors, 1x Archers, 2x Settlers
  [Civ 1] Romans turn: 0 actions — idle
    >>> Babylon grew to size 4
    >>> Memphis grew to size 2

══════════════════════════════════════════════════════════════════════
  TURN 46 — 3100 B.C. (12ms)
══════════════════════════════════════════════════════════════════════
  [Civ 1] Romans (despotism): 1 cities, 0 units, 102g, 10 techs, researching Writing (9/24)
    Rome: size=2, prod=Wonder39 (116sh), bldgs=Palace
    Units: none
  [Civ 2] Babylonians (despotism): 1 cities, 2 units, 20g, 9 techs, researching Mysticism (15/21)
    Babylon: size=4, prod=Wonder45 (187sh), bldgs=Palace
    Units: 1x Warriors, 1x Settlers
  [Civ 3] Germans (despotism): 1 cities, 3 units, 69g, 10 techs, researching Seafaring (12/24)
    Berlin: size=1, prod=building:7 (6sh), bldgs=Palace, Granary
    Units: 1x Warriors, 1x Settlers, 1x Trireme
  [Civ 4] Egyptians (despotism): 2 cities, 4 units, 96g, 11 techs, researching Mysticism (34/52)
    Thebes: size=3, prod=Wonder41 (6sh), bldgs=Palace
    Memphis: size=2, prod=Settlers (4sh)
    Units: 1x Warriors, 1x Archers, 2x Settlers
  [Civ 1] Romans turn: 0 actions — idle

══════════════════════════════════════════════════════════════════════
  TURN 47 — 3080 B.C. (10ms)
══════════════════════════════════════════════════════════════════════
  [Civ 1] Romans (despotism): 1 cities, 0 units, 104g, 10 techs, researching Writing (12/24)
    Rome: size=2, prod=Wonder39 (119sh), bldgs=Palace
    Units: none
  [Civ 2] Babylonians (despotism): 1 cities, 2 units, 22g, 9 techs, researching Mysticism (18/21)
    Babylon: size=4, prod=Wonder45 (192sh), bldgs=Palace
    Units: 1x Warriors, 1x Settlers
  [Civ 3] Germans (despotism): 1 cities, 3 units, 69g, 10 techs, researching Seafaring (14/24)
    Berlin: size=1, prod=building:7 (9sh), bldgs=Palace, Granary
    Units: 1x Warriors, 1x Settlers, 1x Trireme
  [Civ 4] Egyptians (despotism): 2 cities, 4 units, 98g, 11 techs, researching Mysticism (40/52)
    Thebes: size=3, prod=Wonder41 (8sh), bldgs=Palace
    Memphis: size=2, prod=Settlers (7sh)
    Units: 1x Warriors, 1x Archers, 2x Settlers
  [Civ 1] Romans turn: 0 actions — idle
    >>> Babylonians discovered: Mysticism
    SET_RESEARCH tech=Astronomy

══════════════════════════════════════════════════════════════════════
  TURN 48 — 3060 B.C. (11ms)
══════════════════════════════════════════════════════════════════════
  [Civ 1] Romans (despotism): 1 cities, 0 units, 106g, 10 techs, researching Writing (15/24)
    Rome: size=2, prod=Wonder39 (122sh), bldgs=Palace
    Units: none
  [Civ 2] Babylonians (despotism): 1 cities, 2 units, 22g, 10 techs, researching Astronomy (0/24)
    Babylon: size=4, prod=Wonder45 (197sh), bldgs=Palace
    Units: 1x Warriors, 1x Settlers
  [Civ 3] Germans (despotism): 1 cities, 3 units, 69g, 10 techs, researching Seafaring (16/24)
    Berlin: size=1, prod=building:7 (12sh), bldgs=Palace, Granary
    Units: 1x Warriors, 1x Settlers, 1x Trireme
  [Civ 4] Egyptians (despotism): 2 cities, 4 units, 100g, 11 techs, researching Mysticism (46/52)
    Thebes: size=3, prod=Wonder41 (10sh), bldgs=Palace
    Memphis: size=2, prod=Settlers (10sh)
    Units: 1x Warriors, 1x Archers, 2x Settlers
  [Civ 1] Romans turn: 0 actions — idle
    >>> Egyptians discovered: Mysticism
    SET_RESEARCH tech=Astronomy

══════════════════════════════════════════════════════════════════════
  TURN 49 — 3040 B.C. (8ms)
══════════════════════════════════════════════════════════════════════
  [Civ 1] Romans (despotism): 1 cities, 0 units, 108g, 10 techs, researching Writing (18/24)
    Rome: size=2, prod=Wonder39 (125sh), bldgs=Palace
    Units: none
  [Civ 2] Babylonians (despotism): 1 cities, 2 units, 24g, 10 techs, researching Astronomy (3/24)
    Babylon: size=4, prod=Wonder45 (202sh), bldgs=Palace
    Units: 1x Warriors, 1x Settlers
  [Civ 3] Germans (despotism): 1 cities, 3 units, 69g, 10 techs, researching Seafaring (18/24)
    Berlin: size=1, prod=building:7 (15sh), bldgs=Palace, Granary
    Units: 1x Warriors, 1x Settlers, 1x Trireme
  [Civ 4] Egyptians (despotism): 2 cities, 4 units, 100g, 12 techs, researching Astronomy (0/57)
    Thebes: size=3, prod=Wonder41 (12sh), bldgs=Palace
    Memphis: size=2, prod=Settlers (13sh)
    Units: 1x Warriors, 1x Archers, 2x Settlers
  [Civ 1] Romans turn: 0 actions — idle
    >>> Rome grew to size 3

══════════════════════════════════════════════════════════════════════
  FINAL SUMMARY
══════════════════════════════════════════════════════════════════════
Game ended at turn 50 (3020 B.C.)

── Civ 1: Romans (despotism) ALIVE ──
  Cities: 1 (peak 1, founded 1)
  Units:  0 (peak 1)
  Treasury: 110g
  Techs discovered: 4 — Iron Working, Map Making, Code of Laws, Horseback Riding
  Actions: 32 total, 35 idle turns
  Breakdown: UNIT_ORDER(10), MOVE_UNIT(9), SET_RESEARCH(7), ADJUST_ATTITUDE(3), CHANGE_RATES(1), BUILD_CITY(1), CHANGE_PRODUCTION(1)
  Army: none
  Rome: size=3, shields=128

── Civ 2: Babylonians (despotism) ALIVE ──
  Cities: 1 (peak 1, founded 1)
  Units:  2 (peak 2)
  Treasury: 26g
  Techs discovered: 4 — Alphabet, Code of Laws, Mathematics, Mysticism
  Actions: 125 total, 0 idle turns
  Breakdown: UNIT_ORDER(57), MOVE_UNIT(51), SET_RESEARCH(6), WORKER_ORDER(5), ADJUST_ATTITUDE(3), CHANGE_RATES(1), BUILD_CITY(1), CHANGE_PRODUCTION(1)
  Army: 1x Warriors, 1x Settlers
  Babylon: size=4, shields=207

── Civ 3: Germans (despotism) ALIVE ──
  Cities: 1 (peak 1, founded 1)
  Units:  3 (peak 3)
  Treasury: 69g
  Techs discovered: 3 — Alphabet, Map Making, Mathematics
  Actions: 131 total, 0 idle turns
  Breakdown: UNIT_ORDER(58), MOVE_UNIT(57), CHANGE_PRODUCTION(6), SET_RESEARCH(5), ADJUST_ATTITUDE(3), CHANGE_RATES(1), BUILD_CITY(1)
  Army: 1x Warriors, 1x Settlers, 1x Trireme
  Berlin: size=1, shields=18

── Civ 4: Egyptians (despotism) ALIVE ──
  Cities: 2 (peak 2, founded 2)
  Units:  4 (peak 4)
  Treasury: 102g
  Techs discovered: 5 — Alphabet, Map Making, Currency, Construction, Mysticism
  Actions: 202 total, 0 idle turns
  Breakdown: UNIT_ORDER(93), MOVE_UNIT(89), SET_RESEARCH(6), CHANGE_PRODUCTION(6), ADJUST_ATTITUDE(3), BUILD_CITY(2), WORKER_ORDER(2), CHANGE_RATES(1)
  Army: 1x Warriors, 1x Archers, 2x Settlers
  Thebes: size=3, shields=14
  Memphis: size=2, shields=16


══════════════════════════════════════════════════════════════════════
  AI BEHAVIOR ANALYSIS
══════════════════════════════════════════════════════════════════════
[Civ 1] Romans:
  WARNING: Idle 35/50 turns (>50%)
  WARNING: Only 1 city after 30+ turns

[Civ 2] Babylonians:
  WARNING: Only 1 city after 30+ turns
  WARNING: 1 units stuck (busy orders outside city)

[Civ 3] Germans:
  WARNING: Only 1 city after 30+ turns
  WARNING: 1 units stuck (busy orders outside city)

[Civ 4] Egyptians:
  OK — no obvious issues detected

