Charlization AI Headless Simulation
Date: 2026-03-17T04:16:04.019Z
Settings: 50 turns, 4 AI players, 50x80 map, difficulty=prince
Map seed: 13004
Map generated in 85ms
Game initialized: 4 civs, 8 starting units
  Civ 1 (Romans): starts at (9,21) on Grassland
  Civ 2 (Babylonians): starts at (35,71) on Forest
  Civ 3 (Germans): starts at (32,46) on Hills
  Civ 4 (Egyptians): starts at (7,45) on Grassland
    SET_RESEARCH tech=Iron Working
    CHANGE_RATES sci=6 tax=4 lux=undefined
    BUILD_CITY unit=0 name="Rome"
    1 actions REJECTED (of 6)
    SET_RESEARCH tech=Code of Laws
    CHANGE_RATES sci=6 tax=4 lux=undefined
    BUILD_CITY unit=2 name="Babylon"
    1 actions REJECTED (of 6)
    SET_RESEARCH tech=Alphabet
    CHANGE_RATES sci=6 tax=4 lux=undefined
    BUILD_CITY unit=4 name="Berlin"
    1 actions REJECTED (of 6)
    SET_RESEARCH tech=Mysticism
    CHANGE_RATES sci=6 tax=4 lux=undefined
    BUILD_CITY unit=6 name="Thebes"
    1 actions REJECTED (of 6)

══════════════════════════════════════════════════════════════════════
  TURN 1 — 4000 B.C. (34ms)
══════════════════════════════════════════════════════════════════════
  [Civ 1] Romans (despotism): 1 cities, 1 units, 1g, 3 techs, researching Iron Working (3/28)
    Rome: size=1, prod=Warriors (2sh), bldgs=Palace
    Units: 1x Warriors
  [Civ 2] Babylonians (despotism): 1 cities, 1 units, 0g, 3 techs, researching Code of Laws (0/28)
    Babylon: size=1, prod=Warriors (0sh), bldgs=Palace
    Units: 1x Warriors
  [Civ 3] Germans (despotism): 1 cities, 1 units, 0g, 3 techs, researching Alphabet (0/28)
    Berlin: size=1, prod=Warriors (0sh), bldgs=Palace
    Units: 1x Warriors
  [Civ 4] Egyptians (despotism): 1 cities, 1 units, 0g, 3 techs, researching Mysticism (0/28)
    Thebes: size=1, prod=Warriors (0sh), bldgs=Palace
    Units: 1x Warriors
  [Civ 1] Romans turn: 3 actions — CHANGE_PRODUCTION(1), MOVE_UNIT(1), UNIT_ORDER(1)
    CHANGE_PRODUCTION city=0
    CHANGE_PRODUCTION city=1
    SET_RESEARCH tech=Map Making
    CHANGE_PRODUCTION city=2
    CHANGE_PRODUCTION city=3

══════════════════════════════════════════════════════════════════════
  TURN 2 — 3980 B.C. (13ms)
══════════════════════════════════════════════════════════════════════
  [Civ 1] Romans (despotism): 1 cities, 1 units, 2g, 5 techs, researching Iron Working (6/36)
    Rome: size=1, prod=Wonder41 (2sh), bldgs=Palace
    Units: 1x Warriors
  [Civ 2] Babylonians (despotism): 1 cities, 1 units, 0g, 5 techs, researching Code of Laws (2/36)
    Babylon: size=1, prod=Wonder45 (0sh), bldgs=Palace
    Units: 1x Warriors
  [Civ 3] Germans (despotism): 1 cities, 1 units, 0g, 5 techs, researching Map Making (2/36)
    Berlin: size=1, prod=Wonder39 (0sh), bldgs=Palace
    Units: 1x Warriors
  [Civ 4] Egyptians (despotism): 1 cities, 1 units, 1g, 5 techs, researching Mysticism (3/36)
    Thebes: size=1, prod=Wonder39 (0sh), bldgs=Palace
    Units: 1x Warriors
  [Civ 1] Romans turn: 2 actions — MOVE_UNIT(1), UNIT_ORDER(1)

══════════════════════════════════════════════════════════════════════
  TURN 3 — 3960 B.C. (6ms)
══════════════════════════════════════════════════════════════════════
  [Civ 1] Romans (despotism): 1 cities, 1 units, 3g, 5 techs, researching Iron Working (9/36)
    Rome: size=1, prod=Wonder41 (4sh), bldgs=Palace
    Units: 1x Warriors
  [Civ 2] Babylonians (despotism): 1 cities, 1 units, 0g, 5 techs, researching Code of Laws (4/36)
    Babylon: size=1, prod=Wonder45 (3sh), bldgs=Palace
    Units: 1x Warriors
  [Civ 3] Germans (despotism): 1 cities, 1 units, 0g, 5 techs, researching Map Making (4/36)
    Berlin: size=1, prod=Wonder39 (2sh), bldgs=Palace
    Units: 1x Warriors
  [Civ 4] Egyptians (despotism): 1 cities, 1 units, 2g, 5 techs, researching Mysticism (6/36)
    Thebes: size=1, prod=Wonder39 (3sh), bldgs=Palace
    Units: 1x Warriors
  [Civ 1] Romans turn: 2 actions — MOVE_UNIT(1), UNIT_ORDER(1)

══════════════════════════════════════════════════════════════════════
  TURN 4 — 3940 B.C. (5ms)
══════════════════════════════════════════════════════════════════════
  [Civ 1] Romans (despotism): 1 cities, 1 units, 4g, 5 techs, researching Iron Working (12/36)
    Rome: size=1, prod=Wonder41 (6sh), bldgs=Palace
    Units: 1x Warriors
  [Civ 2] Babylonians (despotism): 1 cities, 1 units, 0g, 5 techs, researching Code of Laws (6/36)
    Babylon: size=1, prod=Wonder45 (6sh), bldgs=Palace
    Units: 1x Warriors
  [Civ 3] Germans (despotism): 1 cities, 1 units, 0g, 5 techs, researching Map Making (6/36)
    Berlin: size=1, prod=Wonder39 (4sh), bldgs=Palace
    Units: 1x Warriors
  [Civ 4] Egyptians (despotism): 1 cities, 1 units, 3g, 5 techs, researching Mysticism (9/36)
    Thebes: size=1, prod=Wonder39 (6sh), bldgs=Palace
    Units: 1x Warriors
  [Civ 1] Romans turn: 2 actions — MOVE_UNIT(1), UNIT_ORDER(1)

══════════════════════════════════════════════════════════════════════
  TURN 5 — 3920 B.C. (5ms)
══════════════════════════════════════════════════════════════════════
  [Civ 1] Romans (despotism): 1 cities, 1 units, 5g, 5 techs, researching Iron Working (15/36)
    Rome: size=1, prod=Wonder41 (8sh), bldgs=Palace
    Units: 1x Warriors
  [Civ 2] Babylonians (despotism): 1 cities, 1 units, 0g, 5 techs, researching Code of Laws (8/36)
    Babylon: size=1, prod=Wonder45 (9sh), bldgs=Palace
    Units: 1x Warriors
  [Civ 3] Germans (despotism): 1 cities, 1 units, 0g, 5 techs, researching Map Making (8/36)
    Berlin: size=1, prod=Wonder39 (6sh), bldgs=Palace
    Units: 1x Warriors
  [Civ 4] Egyptians (despotism): 1 cities, 1 units, 4g, 5 techs, researching Mysticism (12/36)
    Thebes: size=1, prod=Wonder39 (9sh), bldgs=Palace
    Units: 1x Warriors
  [Civ 1] Romans turn: 2 actions — MOVE_UNIT(1), UNIT_ORDER(1)

══════════════════════════════════════════════════════════════════════
  TURN 6 — 3900 B.C. (5ms)
══════════════════════════════════════════════════════════════════════
  [Civ 1] Romans (despotism): 1 cities, 1 units, 6g, 5 techs, researching Iron Working (18/36)
    Rome: size=1, prod=Wonder41 (10sh), bldgs=Palace
    Units: 1x Warriors
  [Civ 2] Babylonians (despotism): 1 cities, 1 units, 0g, 5 techs, researching Code of Laws (10/36)
    Babylon: size=1, prod=Wonder45 (12sh), bldgs=Palace
    Units: 1x Warriors
  [Civ 3] Germans (despotism): 1 cities, 1 units, 0g, 5 techs, researching Map Making (10/36)
    Berlin: size=1, prod=Wonder39 (8sh), bldgs=Palace
    Units: 1x Warriors
  [Civ 4] Egyptians (despotism): 1 cities, 1 units, 5g, 6 techs, researching Mysticism (15/36)
    Thebes: size=1, prod=Wonder39 (12sh), bldgs=Palace
    Units: 1x Warriors
  [Civ 1] Romans turn: 2 actions — MOVE_UNIT(1), UNIT_ORDER(1)
    SET_RESEARCH tech=Map Making

══════════════════════════════════════════════════════════════════════
  TURN 7 — 3880 B.C. (5ms)
══════════════════════════════════════════════════════════════════════
  [Civ 1] Romans (despotism): 1 cities, 1 units, 7g, 5 techs, researching Iron Working (21/36)
    Rome: size=1, prod=Wonder41 (12sh), bldgs=Palace
    Units: 1x Warriors
  [Civ 2] Babylonians (despotism): 1 cities, 1 units, 0g, 5 techs, researching Code of Laws (12/36)
    Babylon: size=1, prod=Wonder45 (15sh), bldgs=Palace
    Units: 1x Warriors
  [Civ 3] Germans (despotism): 1 cities, 1 units, 0g, 5 techs, researching Map Making (12/36)
    Berlin: size=1, prod=Wonder39 (10sh), bldgs=Palace
    Units: 1x Warriors
  [Civ 4] Egyptians (despotism): 1 cities, 1 units, 6g, 6 techs, researching Map Making (18/36)
    Thebes: size=1, prod=Wonder39 (15sh), bldgs=Palace
    Units: 1x Warriors
  [Civ 1] Romans turn: 2 actions — MOVE_UNIT(1), UNIT_ORDER(1)

══════════════════════════════════════════════════════════════════════
  TURN 8 — 3860 B.C. (5ms)
══════════════════════════════════════════════════════════════════════
  [Civ 1] Romans (despotism): 1 cities, 1 units, 8g, 5 techs, researching Iron Working (24/36)
    Rome: size=1, prod=Wonder41 (14sh), bldgs=Palace
    Units: 1x Warriors
  [Civ 2] Babylonians (despotism): 1 cities, 1 units, 0g, 5 techs, researching Code of Laws (14/36)
    Babylon: size=1, prod=Wonder45 (18sh), bldgs=Palace
    Units: 1x Warriors
  [Civ 3] Germans (despotism): 1 cities, 1 units, 0g, 5 techs, researching Map Making (14/36)
    Berlin: size=1, prod=Wonder39 (12sh), bldgs=Palace
    Units: 1x Warriors
  [Civ 4] Egyptians (despotism): 1 cities, 1 units, 7g, 6 techs, researching Map Making (21/36)
    Thebes: size=1, prod=Wonder39 (18sh), bldgs=Palace
    Units: 1x Warriors
  [Civ 1] Romans turn: 2 actions — MOVE_UNIT(1), UNIT_ORDER(1)

══════════════════════════════════════════════════════════════════════
  TURN 9 — 3840 B.C. (4ms)
══════════════════════════════════════════════════════════════════════
  [Civ 1] Romans (despotism): 1 cities, 1 units, 9g, 5 techs, researching Iron Working (27/36)
    Rome: size=1, prod=Wonder41 (16sh), bldgs=Palace
    Units: 1x Warriors
  [Civ 2] Babylonians (despotism): 1 cities, 1 units, 0g, 5 techs, researching Code of Laws (16/36)
    Babylon: size=1, prod=Wonder45 (21sh), bldgs=Palace
    Units: 1x Warriors
  [Civ 3] Germans (despotism): 1 cities, 1 units, 0g, 5 techs, researching Map Making (16/36)
    Berlin: size=1, prod=Wonder39 (14sh), bldgs=Palace
    Units: 1x Warriors
  [Civ 4] Egyptians (despotism): 1 cities, 1 units, 8g, 6 techs, researching Map Making (24/36)
    Thebes: size=1, prod=Wonder39 (21sh), bldgs=Palace
    Units: 1x Warriors
  [Civ 1] Romans turn: 2 actions — MOVE_UNIT(1), UNIT_ORDER(1)
    >>> Rome grew to size 2

══════════════════════════════════════════════════════════════════════
  TURN 10 — 3820 B.C. (7ms)
══════════════════════════════════════════════════════════════════════
  [Civ 1] Romans (despotism): 1 cities, 1 units, 11g, 5 techs, researching Iron Working (30/36)
    Rome: size=2, prod=Wonder41 (18sh), bldgs=Palace
    Units: 1x Warriors
  [Civ 2] Babylonians (despotism): 1 cities, 1 units, 0g, 5 techs, researching Code of Laws (18/36)
    Babylon: size=1, prod=Wonder45 (24sh), bldgs=Palace
    Units: 1x Warriors
  [Civ 3] Germans (despotism): 1 cities, 1 units, 0g, 5 techs, researching Map Making (18/36)
    Berlin: size=1, prod=Wonder39 (16sh), bldgs=Palace
    Units: 1x Warriors
  [Civ 4] Egyptians (despotism): 1 cities, 1 units, 9g, 6 techs, researching Map Making (27/36)
    Thebes: size=1, prod=Wonder39 (24sh), bldgs=Palace
    Units: 1x Warriors
  [Civ 1] Romans turn: 2 actions — MOVE_UNIT(1), UNIT_ORDER(1)
    >>> Berlin grew to size 2

══════════════════════════════════════════════════════════════════════
  TURN 11 — 3800 B.C. (6ms)
══════════════════════════════════════════════════════════════════════
  [Civ 1] Romans (despotism): 1 cities, 1 units, 13g, 5 techs, researching Iron Working (33/36)
    Rome: size=2, prod=Wonder41 (21sh), bldgs=Palace
    Units: 1x Warriors
  [Civ 2] Babylonians (despotism): 1 cities, 1 units, 0g, 6 techs, researching Code of Laws (20/36)
    Babylon: size=1, prod=Wonder45 (27sh), bldgs=Palace
    Units: 1x Warriors
  [Civ 3] Germans (despotism): 1 cities, 1 units, 1g, 5 techs, researching Map Making (20/36)
    Berlin: size=2, prod=Wonder39 (18sh), bldgs=Palace
    Units: 1x Warriors
  [Civ 4] Egyptians (despotism): 1 cities, 1 units, 10g, 6 techs, researching Map Making (30/36)
    Thebes: size=1, prod=Wonder39 (27sh), bldgs=Palace
    Units: 1x Warriors
  [Civ 1] Romans turn: 2 actions — MOVE_UNIT(1), UNIT_ORDER(1)
    >>> Romans discovered: Iron Working

══════════════════════════════════════════════════════════════════════
  TURN 12 — 3780 B.C. (8ms)
══════════════════════════════════════════════════════════════════════
  [Civ 1] Romans (despotism): 1 cities, 1 units, 13g, 6 techs, researching none (0/36)
    Rome: size=2, prod=Wonder41 (24sh), bldgs=Palace
    Units: 1x Warriors
  [Civ 2] Babylonians (despotism): 1 cities, 1 units, 0g, 6 techs, researching Code of Laws (22/36)
    Babylon: size=1, prod=Wonder45 (30sh), bldgs=Palace
    Units: 1x Warriors
  [Civ 3] Germans (despotism): 1 cities, 1 units, 2g, 5 techs, researching Map Making (22/36)
    Berlin: size=2, prod=Wonder39 (21sh), bldgs=Palace
    Units: 1x Warriors
  [Civ 4] Egyptians (despotism): 1 cities, 1 units, 11g, 6 techs, researching Map Making (33/36)
    Thebes: size=1, prod=Wonder39 (30sh), bldgs=Palace
    Units: 1x Warriors
  [Civ 1] Romans turn: 3 actions — SET_RESEARCH(1), MOVE_UNIT(1), UNIT_ORDER(1)
    SET_RESEARCH tech=Code of Laws
    >>> Egyptians discovered: Map Making
    SET_RESEARCH tech=Code of Laws

══════════════════════════════════════════════════════════════════════
  TURN 13 — 3760 B.C. (6ms)
══════════════════════════════════════════════════════════════════════
  [Civ 1] Romans (despotism): 1 cities, 1 units, 15g, 6 techs, researching Code of Laws (3/36)
    Rome: size=2, prod=Wonder41 (27sh), bldgs=Palace
    Units: 1x Warriors
  [Civ 2] Babylonians (despotism): 1 cities, 1 units, 0g, 6 techs, researching Code of Laws (24/36)
    Babylon: size=1, prod=Wonder45 (33sh), bldgs=Palace
    Units: 1x Warriors
  [Civ 3] Germans (despotism): 1 cities, 1 units, 3g, 5 techs, researching Map Making (24/36)
    Berlin: size=2, prod=Wonder39 (24sh), bldgs=Palace
    Units: 1x Warriors
  [Civ 4] Egyptians (despotism): 1 cities, 1 units, 11g, 7 techs, researching Code of Laws (0/33)
    Thebes: size=1, prod=Wonder39 (33sh), bldgs=Palace
    Units: 1x Warriors
  [Civ 1] Romans turn: 2 actions — MOVE_UNIT(1), UNIT_ORDER(1)

══════════════════════════════════════════════════════════════════════
  TURN 14 — 3740 B.C. (4ms)
══════════════════════════════════════════════════════════════════════
  [Civ 1] Romans (despotism): 1 cities, 1 units, 17g, 6 techs, researching Code of Laws (6/36)
    Rome: size=2, prod=Wonder41 (30sh), bldgs=Palace
    Units: 1x Warriors
  [Civ 2] Babylonians (despotism): 1 cities, 1 units, 0g, 6 techs, researching Code of Laws (26/36)
    Babylon: size=1, prod=Wonder45 (36sh), bldgs=Palace
    Units: 1x Warriors
  [Civ 3] Germans (despotism): 1 cities, 1 units, 4g, 5 techs, researching Map Making (26/36)
    Berlin: size=2, prod=Wonder39 (27sh), bldgs=Palace
    Units: 1x Warriors
  [Civ 4] Egyptians (despotism): 1 cities, 1 units, 12g, 7 techs, researching Code of Laws (3/33)
    Thebes: size=1, prod=Wonder39 (36sh), bldgs=Palace
    Units: 1x Warriors
  [Civ 1] Romans turn: 2 actions — MOVE_UNIT(1), UNIT_ORDER(1)

══════════════════════════════════════════════════════════════════════
  TURN 15 — 3720 B.C. (8ms)
══════════════════════════════════════════════════════════════════════
  [Civ 1] Romans (despotism): 1 cities, 1 units, 19g, 6 techs, researching Code of Laws (9/36)
    Rome: size=2, prod=Wonder41 (33sh), bldgs=Palace
    Units: 1x Warriors
  [Civ 2] Babylonians (despotism): 1 cities, 1 units, 0g, 6 techs, researching Code of Laws (28/36)
    Babylon: size=1, prod=Wonder45 (39sh), bldgs=Palace
    Units: 1x Warriors
  [Civ 3] Germans (despotism): 1 cities, 1 units, 5g, 5 techs, researching Map Making (28/36)
    Berlin: size=2, prod=Wonder39 (30sh), bldgs=Palace
    Units: 1x Warriors
  [Civ 4] Egyptians (despotism): 1 cities, 1 units, 13g, 7 techs, researching Code of Laws (6/33)
    Thebes: size=1, prod=Wonder39 (39sh), bldgs=Palace
    Units: 1x Warriors
  [Civ 1] Romans turn: 2 actions — MOVE_UNIT(1), UNIT_ORDER(1)

══════════════════════════════════════════════════════════════════════
  TURN 16 — 3700 B.C. (6ms)
══════════════════════════════════════════════════════════════════════
  [Civ 1] Romans (despotism): 1 cities, 1 units, 21g, 6 techs, researching Code of Laws (12/36)
    Rome: size=2, prod=Wonder41 (36sh), bldgs=Palace
    Units: 1x Warriors
  [Civ 2] Babylonians (despotism): 1 cities, 1 units, 0g, 6 techs, researching Code of Laws (30/36)
    Babylon: size=1, prod=Wonder45 (42sh), bldgs=Palace
    Units: 1x Warriors
  [Civ 3] Germans (despotism): 1 cities, 1 units, 6g, 5 techs, researching Map Making (30/36)
    Berlin: size=2, prod=Wonder39 (33sh), bldgs=Palace
    Units: 1x Warriors
  [Civ 4] Egyptians (despotism): 1 cities, 1 units, 14g, 7 techs, researching Code of Laws (9/33)
    Thebes: size=1, prod=Wonder39 (42sh), bldgs=Palace
    Units: 1x Warriors
  [Civ 1] Romans turn: 2 actions — MOVE_UNIT(1), UNIT_ORDER(1)

══════════════════════════════════════════════════════════════════════
  TURN 17 — 3680 B.C. (4ms)
══════════════════════════════════════════════════════════════════════
  [Civ 1] Romans (despotism): 1 cities, 1 units, 23g, 6 techs, researching Code of Laws (15/36)
    Rome: size=2, prod=Wonder41 (39sh), bldgs=Palace
    Units: 1x Warriors
  [Civ 2] Babylonians (despotism): 1 cities, 1 units, 0g, 6 techs, researching Code of Laws (32/36)
    Babylon: size=1, prod=Wonder45 (45sh), bldgs=Palace
    Units: 1x Warriors
  [Civ 3] Germans (despotism): 1 cities, 1 units, 7g, 5 techs, researching Map Making (32/36)
    Berlin: size=2, prod=Wonder39 (36sh), bldgs=Palace
    Units: 1x Warriors
  [Civ 4] Egyptians (despotism): 1 cities, 1 units, 15g, 7 techs, researching Code of Laws (12/33)
    Thebes: size=1, prod=Wonder39 (45sh), bldgs=Palace
    Units: 1x Warriors
  [Civ 1] Romans turn: 2 actions — MOVE_UNIT(1), UNIT_ORDER(1)

══════════════════════════════════════════════════════════════════════
  TURN 18 — 3660 B.C. (6ms)
══════════════════════════════════════════════════════════════════════
  [Civ 1] Romans (despotism): 1 cities, 1 units, 25g, 6 techs, researching Code of Laws (18/36)
    Rome: size=2, prod=Wonder41 (42sh), bldgs=Palace
    Units: 1x Warriors
  [Civ 2] Babylonians (despotism): 1 cities, 1 units, 0g, 6 techs, researching Code of Laws (34/36)
    Babylon: size=1, prod=Wonder45 (48sh), bldgs=Palace
    Units: 1x Warriors
  [Civ 3] Germans (despotism): 1 cities, 1 units, 8g, 5 techs, researching Map Making (34/36)
    Berlin: size=2, prod=Wonder39 (39sh), bldgs=Palace
    Units: 1x Warriors
  [Civ 4] Egyptians (despotism): 1 cities, 1 units, 16g, 7 techs, researching Code of Laws (15/33)
    Thebes: size=1, prod=Wonder39 (48sh), bldgs=Palace
    Units: 1x Warriors
  [Civ 1] Romans turn: 2 actions — MOVE_UNIT(1), UNIT_ORDER(1)
    >>> Babylonians discovered: Code of Laws
    SET_RESEARCH tech=Currency
    >>> Germans discovered: Map Making
    SET_RESEARCH tech=Currency

══════════════════════════════════════════════════════════════════════
  TURN 19 — 3640 B.C. (8ms)
══════════════════════════════════════════════════════════════════════
  [Civ 1] Romans (despotism): 1 cities, 1 units, 27g, 6 techs, researching Code of Laws (21/36)
    Rome: size=2, prod=Wonder41 (45sh), bldgs=Palace
    Units: 1x Warriors
  [Civ 2] Babylonians (despotism): 1 cities, 1 units, 0g, 7 techs, researching Currency (0/33)
    Babylon: size=1, prod=Wonder45 (51sh), bldgs=Palace
    Units: 1x Warriors
  [Civ 3] Germans (despotism): 1 cities, 1 units, 8g, 6 techs, researching Currency (0/36)
    Berlin: size=2, prod=Wonder39 (42sh), bldgs=Palace
    Units: 1x Warriors
  [Civ 4] Egyptians (despotism): 1 cities, 1 units, 17g, 7 techs, researching Code of Laws (18/33)
    Thebes: size=1, prod=Wonder39 (51sh), bldgs=Palace
    Units: 1x Warriors
  [Civ 1] Romans turn: 2 actions — MOVE_UNIT(1), UNIT_ORDER(1)

══════════════════════════════════════════════════════════════════════
  TURN 20 — 3620 B.C. (9ms)
══════════════════════════════════════════════════════════════════════
  [Civ 1] Romans (despotism): 1 cities, 1 units, 29g, 7 techs, researching Code of Laws (24/33)
    Rome: size=2, prod=Wonder41 (48sh), bldgs=Palace
    Units: 1x Warriors
  [Civ 2] Babylonians (despotism): 1 cities, 1 units, 0g, 7 techs, researching Currency (2/33)
    Babylon: size=1, prod=Wonder45 (54sh), bldgs=Palace
    Units: 1x Warriors
  [Civ 3] Germans (despotism): 1 cities, 1 units, 9g, 6 techs, researching Currency (2/36)
    Berlin: size=2, prod=Wonder39 (45sh), bldgs=Palace
    Units: 1x Warriors
  [Civ 4] Egyptians (despotism): 1 cities, 1 units, 18g, 7 techs, researching Code of Laws (21/33)
    Thebes: size=1, prod=Wonder39 (54sh), bldgs=Palace
    Units: 1x Warriors
  [Civ 1] Romans turn: 2 actions — MOVE_UNIT(1), UNIT_ORDER(1)
    >>> Babylon grew to size 2
    ADJUST_ATTITUDE target=civ2
    ADJUST_ATTITUDE target=civ2
    ADJUST_ATTITUDE target=civ2
    >>> Thebes grew to size 2

══════════════════════════════════════════════════════════════════════
  TURN 21 — 3600 B.C. (12ms)
══════════════════════════════════════════════════════════════════════
  [Civ 1] Romans (despotism): 1 cities, 1 units, 31g, 7 techs, researching Code of Laws (27/33)
    Rome: size=2, prod=Wonder41 (51sh), bldgs=Palace
    Units: 1x Warriors
  [Civ 2] Babylonians (despotism): 1 cities, 1 units, 0g, 8 techs, researching Currency (5/28)
    Babylon: size=2, prod=Wonder45 (57sh), bldgs=Palace
    Units: 1x Warriors
  [Civ 3] Germans (despotism): 1 cities, 1 units, 10g, 6 techs, researching Currency (4/36)
    Berlin: size=2, prod=Wonder39 (48sh), bldgs=Palace
    Units: 1x Warriors
  [Civ 4] Egyptians (despotism): 1 cities, 1 units, 19g, 7 techs, researching Code of Laws (25/33)
    Thebes: size=2, prod=Wonder39 (57sh), bldgs=Palace
    Units: 1x Warriors
  [Civ 1] Romans turn: 2 actions — MOVE_UNIT(1), UNIT_ORDER(1)
    COMBAT: ? vs ? → capture (atkHp=undefined, defHp=undefined)
    END_TURN REJECTED: 1 units still need orders
      #8 Settlers(Settle) @(33,63) mv=3 ord=none hp=full

══════════════════════════════════════════════════════════════════════
  TURN 22 — 3580 B.C. (10ms)
══════════════════════════════════════════════════════════════════════
  [Civ 1] Romans (despotism): 1 cities, 1 units, 33g, 7 techs, researching Code of Laws (30/33)
    Rome: size=2, prod=Wonder41 (54sh), bldgs=Palace
    Units: 1x Warriors
  [Civ 2] Babylonians (despotism): 2 cities, 1 units, 6g, 8 techs, researching Currency (8/28)
    Babylon: size=2, prod=Wonder45 (61sh), bldgs=Palace
    Berlin: size=1, prod=Warriors (0sh)
    Units: 1x Warriors
  [Civ 3] Germans (despotism): 0 cities, 2 units, 4g, 6 techs, researching Currency (4/36)
    Units: 1x Warriors, 1x Settlers
  [Civ 4] Egyptians (despotism): 1 cities, 1 units, 20g, 7 techs, researching Code of Laws (29/33)
    Thebes: size=2, prod=Wonder39 (61sh), bldgs=Palace
    Units: 1x Warriors
  [Civ 1] Romans turn: 2 actions — MOVE_UNIT(1), UNIT_ORDER(1)
    CHANGE_PRODUCTION city=1
    CHANGE_PRODUCTION city=2
    BUILD_CITY unit=8 name="Berlin"
    1 actions REJECTED (of 4)
    >>> Egyptians discovered: Code of Laws
    SET_RESEARCH tech=Horseback Riding
    >>> Romans discovered: Code of Laws

══════════════════════════════════════════════════════════════════════
  TURN 23 — 3560 B.C. (9ms)
══════════════════════════════════════════════════════════════════════
  [Civ 1] Romans (despotism): 1 cities, 1 units, 33g, 8 techs, researching none (0/28)
    Rome: size=2, prod=Wonder41 (57sh), bldgs=Palace
    Units: 1x Warriors
  [Civ 2] Babylonians (despotism): 2 cities, 1 units, 6g, 8 techs, researching Currency (13/28)
    Babylon: size=2, prod=building:7 (0sh), bldgs=Palace
    Berlin: size=1, prod=building:7 (0sh)
    Units: 1x Warriors
  [Civ 3] Germans (despotism): 1 cities, 1 units, 4g, 6 techs, researching Currency (4/36)
    Berlin: size=1, prod=Warriors (0sh), bldgs=Palace
    Units: 1x Warriors
  [Civ 4] Egyptians (despotism): 1 cities, 1 units, 20g, 8 techs, researching Horseback Riding (0/28)
    Thebes: size=2, prod=Wonder39 (65sh), bldgs=Palace
    Units: 1x Warriors
  [Civ 1] Romans turn: 3 actions — SET_RESEARCH(1), MOVE_UNIT(1), UNIT_ORDER(1)
    SET_RESEARCH tech=Currency
    CHANGE_PRODUCTION city=4

══════════════════════════════════════════════════════════════════════
  TURN 24 — 3540 B.C. (7ms)
══════════════════════════════════════════════════════════════════════
  [Civ 1] Romans (despotism): 1 cities, 1 units, 35g, 8 techs, researching Currency (3/28)
    Rome: size=2, prod=Wonder41 (60sh), bldgs=Palace
    Units: 1x Warriors
  [Civ 2] Babylonians (despotism): 2 cities, 1 units, 6g, 8 techs, researching Currency (18/28)
    Babylon: size=2, prod=building:7 (4sh), bldgs=Palace
    Berlin: size=1, prod=building:7 (2sh)
    Units: 1x Warriors
  [Civ 3] Germans (despotism): 1 cities, 1 units, 4g, 6 techs, researching Currency (6/36)
    Berlin: size=1, prod=Trireme (1sh), bldgs=Palace
    Units: 1x Warriors
  [Civ 4] Egyptians (despotism): 1 cities, 1 units, 21g, 8 techs, researching Horseback Riding (4/28)
    Thebes: size=2, prod=Wonder39 (69sh), bldgs=Palace
    Units: 1x Warriors
  [Civ 1] Romans turn: 2 actions — MOVE_UNIT(1), UNIT_ORDER(1)
    CHANGE_PRODUCTION city=4
    >>> Rome grew to size 3

══════════════════════════════════════════════════════════════════════
  TURN 25 — 3520 B.C. (8ms)
══════════════════════════════════════════════════════════════════════
  [Civ 1] Romans (despotism): 1 cities, 1 units, 37g, 8 techs, researching Currency (7/28)
    Rome: size=3, prod=Wonder41 (63sh), bldgs=Palace
    Units: 1x Warriors
  [Civ 2] Babylonians (despotism): 2 cities, 1 units, 6g, 8 techs, researching Currency (23/28)
    Babylon: size=2, prod=building:7 (8sh), bldgs=Palace
    Berlin: size=1, prod=building:7 (4sh)
    Units: 1x Warriors
  [Civ 3] Germans (despotism): 1 cities, 1 units, 4g, 7 techs, researching Currency (8/33)
    Berlin: size=1, prod=building:7 (0sh), bldgs=Palace
    Units: 1x Warriors
  [Civ 4] Egyptians (despotism): 1 cities, 1 units, 22g, 8 techs, researching Horseback Riding (8/28)
    Thebes: size=2, prod=Wonder39 (73sh), bldgs=Palace
    Units: 1x Warriors
  [Civ 1] Romans turn: 2 actions — MOVE_UNIT(1), UNIT_ORDER(1)
    >>> Babylonians discovered: Currency
    SET_RESEARCH tech=Construction

══════════════════════════════════════════════════════════════════════
  TURN 26 — 3500 B.C. (9ms)
══════════════════════════════════════════════════════════════════════
  [Civ 1] Romans (despotism): 1 cities, 1 units, 39g, 8 techs, researching Currency (11/28)
    Rome: size=3, prod=Wonder41 (67sh), bldgs=Palace
    Units: 1x Warriors
  [Civ 2] Babylonians (despotism): 2 cities, 1 units, 6g, 9 techs, researching Construction (0/32)
    Babylon: size=2, prod=building:7 (12sh), bldgs=Palace
    Berlin: size=1, prod=building:7 (6sh)
    Units: 1x Warriors
  [Civ 3] Germans (despotism): 1 cities, 1 units, 4g, 7 techs, researching Currency (10/33)
    Berlin: size=1, prod=building:7 (2sh), bldgs=Palace
    Units: 1x Warriors
  [Civ 4] Egyptians (despotism): 1 cities, 1 units, 23g, 8 techs, researching Horseback Riding (12/28)
    Thebes: size=2, prod=Wonder39 (77sh), bldgs=Palace
    Units: 1x Warriors
  [Civ 1] Romans turn: 2 actions — MOVE_UNIT(1), UNIT_ORDER(1)

══════════════════════════════════════════════════════════════════════
  TURN 27 — 3480 B.C. (5ms)
══════════════════════════════════════════════════════════════════════
  [Civ 1] Romans (despotism): 1 cities, 1 units, 41g, 8 techs, researching Currency (15/28)
    Rome: size=3, prod=Wonder41 (71sh), bldgs=Palace
    Units: 1x Warriors
  [Civ 2] Babylonians (despotism): 2 cities, 1 units, 6g, 9 techs, researching Construction (5/32)
    Babylon: size=2, prod=building:7 (16sh), bldgs=Palace
    Berlin: size=1, prod=building:7 (8sh)
    Units: 1x Warriors
  [Civ 3] Germans (despotism): 1 cities, 1 units, 4g, 7 techs, researching Currency (12/33)
    Berlin: size=1, prod=building:7 (4sh), bldgs=Palace
    Units: 1x Warriors
  [Civ 4] Egyptians (despotism): 1 cities, 1 units, 24g, 8 techs, researching Horseback Riding (16/28)
    Thebes: size=2, prod=Wonder39 (81sh), bldgs=Palace
    Units: 1x Warriors
  [Civ 1] Romans turn: 2 actions — MOVE_UNIT(1), UNIT_ORDER(1)

══════════════════════════════════════════════════════════════════════
  TURN 28 — 3460 B.C. (5ms)
══════════════════════════════════════════════════════════════════════
  [Civ 1] Romans (despotism): 1 cities, 1 units, 43g, 8 techs, researching Currency (19/28)
    Rome: size=3, prod=Wonder41 (75sh), bldgs=Palace
    Units: 1x Warriors
  [Civ 2] Babylonians (despotism): 2 cities, 1 units, 6g, 9 techs, researching Construction (10/32)
    Babylon: size=2, prod=building:7 (20sh), bldgs=Palace
    Berlin: size=1, prod=building:7 (10sh)
    Units: 1x Warriors
  [Civ 3] Germans (despotism): 1 cities, 1 units, 4g, 7 techs, researching Currency (14/33)
    Berlin: size=1, prod=building:7 (6sh), bldgs=Palace
    Units: 1x Warriors
  [Civ 4] Egyptians (despotism): 1 cities, 1 units, 25g, 8 techs, researching Horseback Riding (20/28)
    Thebes: size=2, prod=Wonder39 (85sh), bldgs=Palace
    Units: 1x Warriors
  [Civ 1] Romans turn: 2 actions — MOVE_UNIT(1), UNIT_ORDER(1)

══════════════════════════════════════════════════════════════════════
  TURN 29 — 3440 B.C. (4ms)
══════════════════════════════════════════════════════════════════════
  [Civ 1] Romans (despotism): 1 cities, 1 units, 45g, 8 techs, researching Currency (23/28)
    Rome: size=3, prod=Wonder41 (79sh), bldgs=Palace
    Units: 1x Warriors
  [Civ 2] Babylonians (despotism): 2 cities, 1 units, 6g, 9 techs, researching Construction (15/32)
    Babylon: size=2, prod=building:7 (24sh), bldgs=Palace
    Berlin: size=1, prod=building:7 (12sh)
    Units: 1x Warriors
  [Civ 3] Germans (despotism): 1 cities, 1 units, 4g, 7 techs, researching Currency (16/33)
    Berlin: size=1, prod=building:7 (8sh), bldgs=Palace
    Units: 1x Warriors
  [Civ 4] Egyptians (despotism): 1 cities, 1 units, 26g, 8 techs, researching Horseback Riding (24/28)
    Thebes: size=2, prod=Wonder39 (89sh), bldgs=Palace
    Units: 1x Warriors
  [Civ 1] Romans turn: 2 actions — MOVE_UNIT(1), UNIT_ORDER(1)
    >>> Egyptians discovered: Horseback Riding
    SET_RESEARCH tech=Pottery

══════════════════════════════════════════════════════════════════════
  TURN 30 — 3420 B.C. (4ms)
══════════════════════════════════════════════════════════════════════
  [Civ 1] Romans (despotism): 1 cities, 1 units, 47g, 8 techs, researching Currency (27/28)
    Rome: size=3, prod=Wonder41 (83sh), bldgs=Palace
    Units: 1x Warriors
  [Civ 2] Babylonians (despotism): 2 cities, 1 units, 6g, 9 techs, researching Construction (20/32)
    Babylon: size=2, prod=building:7 (28sh), bldgs=Palace
    Berlin: size=1, prod=building:7 (14sh)
    Units: 1x Warriors
  [Civ 3] Germans (despotism): 1 cities, 1 units, 4g, 7 techs, researching Currency (18/33)
    Berlin: size=1, prod=building:7 (10sh), bldgs=Palace
    Units: 1x Warriors
  [Civ 4] Egyptians (despotism): 1 cities, 1 units, 26g, 9 techs, researching Pottery (0/32)
    Thebes: size=2, prod=Wonder39 (93sh), bldgs=Palace
    Units: 1x Warriors
  [Civ 1] Romans turn: 2 actions — MOVE_UNIT(1), UNIT_ORDER(1)
    >>> Romans discovered: Currency

══════════════════════════════════════════════════════════════════════
  TURN 31 — 3400 B.C. (4ms)
══════════════════════════════════════════════════════════════════════
  [Civ 1] Romans (despotism): 1 cities, 1 units, 47g, 9 techs, researching none (0/32)
    Rome: size=3, prod=Wonder41 (87sh), bldgs=Palace
    Units: 1x Warriors
  [Civ 2] Babylonians (despotism): 2 cities, 1 units, 6g, 9 techs, researching Construction (25/32)
    Babylon: size=2, prod=building:7 (32sh), bldgs=Palace
    Berlin: size=1, prod=building:7 (16sh)
    Units: 1x Warriors
  [Civ 3] Germans (despotism): 1 cities, 1 units, 4g, 7 techs, researching Currency (20/33)
    Berlin: size=1, prod=building:7 (12sh), bldgs=Palace
    Units: 1x Warriors
  [Civ 4] Egyptians (despotism): 1 cities, 1 units, 27g, 9 techs, researching Pottery (4/32)
    Thebes: size=2, prod=Wonder39 (97sh), bldgs=Palace
    Units: 1x Warriors
  [Civ 1] Romans turn: 3 actions — SET_RESEARCH(1), MOVE_UNIT(1), UNIT_ORDER(1)
    SET_RESEARCH tech=Construction
    >>> Berlin grew to size 2

══════════════════════════════════════════════════════════════════════
  TURN 32 — 3380 B.C. (4ms)
══════════════════════════════════════════════════════════════════════
  [Civ 1] Romans (despotism): 1 cities, 1 units, 49g, 9 techs, researching Construction (4/32)
    Rome: size=3, prod=Wonder41 (91sh), bldgs=Palace
    Units: 1x Warriors
  [Civ 2] Babylonians (despotism): 2 cities, 1 units, 6g, 9 techs, researching Construction (30/32)
    Babylon: size=2, prod=building:7 (36sh), bldgs=Palace
    Berlin: size=2, prod=building:7 (18sh)
    Units: 1x Warriors
  [Civ 3] Germans (despotism): 1 cities, 1 units, 4g, 7 techs, researching Currency (22/33)
    Berlin: size=1, prod=building:7 (14sh), bldgs=Palace
    Units: 1x Warriors
  [Civ 4] Egyptians (despotism): 1 cities, 1 units, 28g, 9 techs, researching Pottery (8/32)
    Thebes: size=2, prod=Wonder39 (101sh), bldgs=Palace
    Units: 1x Warriors
  [Civ 1] Romans turn: 5 actions — ADJUST_ATTITUDE(3), MOVE_UNIT(1), UNIT_ORDER(1)
    ADJUST_ATTITUDE target=civ2
    ADJUST_ATTITUDE target=civ3
    ADJUST_ATTITUDE target=civ4
    >>> Babylonians discovered: Construction
    SET_RESEARCH tech=Monarchy
    ADJUST_ATTITUDE target=civ1
    ADJUST_ATTITUDE target=civ3
    ADJUST_ATTITUDE target=civ4
    SET_RESEARCH tech=Iron Working
    ADJUST_ATTITUDE target=civ1
    ADJUST_ATTITUDE target=civ2
    ADJUST_ATTITUDE target=civ4
    ADJUST_ATTITUDE target=civ1
    ADJUST_ATTITUDE target=civ2
    ADJUST_ATTITUDE target=civ3

══════════════════════════════════════════════════════════════════════
  TURN 33 — 3360 B.C. (5ms)
══════════════════════════════════════════════════════════════════════
  [Civ 1] Romans (despotism): 1 cities, 1 units, 51g, 9 techs, researching Construction (8/21)
    Rome: size=3, prod=Wonder41 (95sh), bldgs=Palace
    Units: 1x Warriors
  [Civ 2] Babylonians (despotism): 2 cities, 1 units, 6g, 10 techs, researching Monarchy (0/48)
    Babylon: size=2, prod=building:7 (40sh), bldgs=Palace
    Berlin: size=2, prod=building:7 (20sh)
    Units: 1x Warriors
  [Civ 3] Germans (despotism): 1 cities, 1 units, 4g, 8 techs, researching Iron Working (24/28)
    Berlin: size=1, prod=building:7 (16sh), bldgs=Palace
    Units: 1x Warriors
  [Civ 4] Egyptians (despotism): 1 cities, 1 units, 29g, 10 techs, researching Pottery (12/48)
    Thebes: size=2, prod=Wonder39 (105sh), bldgs=Palace
    Units: 1x Warriors
  [Civ 1] Romans turn: 2 actions — MOVE_UNIT(1), UNIT_ORDER(1)

══════════════════════════════════════════════════════════════════════
  TURN 34 — 3340 B.C. (4ms)
══════════════════════════════════════════════════════════════════════
  [Civ 1] Romans (despotism): 1 cities, 1 units, 53g, 9 techs, researching Construction (12/21)
    Rome: size=3, prod=Wonder41 (99sh), bldgs=Palace
    Units: 1x Warriors
  [Civ 2] Babylonians (despotism): 2 cities, 1 units, 6g, 10 techs, researching Monarchy (5/48)
    Babylon: size=2, prod=building:7 (44sh), bldgs=Palace
    Berlin: size=2, prod=building:7 (22sh)
    Units: 1x Warriors
  [Civ 3] Germans (despotism): 1 cities, 1 units, 4g, 8 techs, researching Iron Working (26/28)
    Berlin: size=1, prod=building:7 (18sh), bldgs=Palace
    Units: 1x Warriors
  [Civ 4] Egyptians (despotism): 1 cities, 1 units, 30g, 10 techs, researching Pottery (16/48)
    Thebes: size=2, prod=Wonder39 (109sh), bldgs=Palace
    Units: 1x Warriors
  [Civ 1] Romans turn: 2 actions — MOVE_UNIT(1), UNIT_ORDER(1)
    >>> Germans discovered: Iron Working
    SET_RESEARCH tech=Construction

══════════════════════════════════════════════════════════════════════
  TURN 35 — 3320 B.C. (4ms)
══════════════════════════════════════════════════════════════════════
  [Civ 1] Romans (despotism): 1 cities, 1 units, 55g, 9 techs, researching Construction (16/21)
    Rome: size=3, prod=Wonder41 (103sh), bldgs=Palace
    Units: 1x Warriors
  [Civ 2] Babylonians (despotism): 2 cities, 1 units, 6g, 10 techs, researching Monarchy (10/48)
    Babylon: size=2, prod=building:7 (48sh), bldgs=Palace
    Berlin: size=2, prod=building:7 (24sh)
    Units: 1x Warriors
  [Civ 3] Germans (despotism): 1 cities, 1 units, 4g, 9 techs, researching Construction (0/21)
    Berlin: size=1, prod=building:7 (20sh), bldgs=Palace
    Units: 1x Warriors
  [Civ 4] Egyptians (despotism): 1 cities, 1 units, 31g, 10 techs, researching Pottery (20/48)
    Thebes: size=2, prod=Wonder39 (113sh), bldgs=Palace
    Units: 1x Warriors
  [Civ 1] Romans turn: 2 actions — MOVE_UNIT(1), UNIT_ORDER(1)

══════════════════════════════════════════════════════════════════════
  TURN 36 — 3300 B.C. (4ms)
══════════════════════════════════════════════════════════════════════
  [Civ 1] Romans (despotism): 1 cities, 1 units, 57g, 9 techs, researching Construction (20/21)
    Rome: size=3, prod=Wonder41 (107sh), bldgs=Palace
    Units: 1x Warriors
  [Civ 2] Babylonians (despotism): 2 cities, 1 units, 6g, 10 techs, researching Monarchy (15/24)
    Babylon: size=2, prod=building:7 (52sh), bldgs=Palace
    Berlin: size=2, prod=building:7 (26sh)
    Units: 1x Warriors
  [Civ 3] Germans (despotism): 1 cities, 1 units, 4g, 9 techs, researching Construction (2/21)
    Berlin: size=1, prod=building:7 (22sh), bldgs=Palace
    Units: 1x Warriors
  [Civ 4] Egyptians (despotism): 1 cities, 1 units, 32g, 11 techs, researching Pottery (24/52)
    Thebes: size=2, prod=Wonder39 (117sh), bldgs=Palace
    Units: 1x Warriors
  [Civ 1] Romans turn: 2 actions — MOVE_UNIT(1), UNIT_ORDER(1)
    >>> Romans discovered: Construction

══════════════════════════════════════════════════════════════════════
  TURN 37 — 3280 B.C. (5ms)
══════════════════════════════════════════════════════════════════════
  [Civ 1] Romans (despotism): 1 cities, 1 units, 57g, 10 techs, researching none (0/24)
    Rome: size=3, prod=Wonder41 (111sh), bldgs=Palace
    Units: 1x Warriors
  [Civ 2] Babylonians (despotism): 2 cities, 1 units, 6g, 11 techs, researching Monarchy (20/52)
    Babylon: size=2, prod=building:7 (56sh), bldgs=Palace
    Berlin: size=2, prod=building:7 (28sh)
    Units: 1x Warriors
  [Civ 3] Germans (despotism): 1 cities, 1 units, 4g, 9 techs, researching Construction (4/21)
    Berlin: size=1, prod=building:7 (24sh), bldgs=Palace
    Units: 1x Warriors
  [Civ 4] Egyptians (despotism): 1 cities, 1 units, 33g, 11 techs, researching Pottery (28/52)
    Thebes: size=2, prod=Wonder39 (121sh), bldgs=Palace
    Units: 1x Warriors
  [Civ 1] Romans turn: 3 actions — SET_RESEARCH(1), MOVE_UNIT(1), UNIT_ORDER(1)
    SET_RESEARCH tech=Trade

══════════════════════════════════════════════════════════════════════
  TURN 38 — 3260 B.C. (5ms)
══════════════════════════════════════════════════════════════════════
  [Civ 1] Romans (despotism): 1 cities, 1 units, 59g, 10 techs, researching Trade (4/24)
    Rome: size=3, prod=Wonder41 (115sh), bldgs=Palace
    Units: 1x Warriors
  [Civ 2] Babylonians (despotism): 2 cities, 1 units, 6g, 11 techs, researching Monarchy (25/52)
    Babylon: size=2, prod=building:7 (60sh), bldgs=Palace
    Berlin: size=2, prod=building:7 (30sh)
    Units: 1x Warriors
  [Civ 3] Germans (despotism): 1 cities, 1 units, 4g, 9 techs, researching Construction (6/21)
    Berlin: size=1, prod=building:7 (26sh), bldgs=Palace
    Units: 1x Warriors
  [Civ 4] Egyptians (despotism): 1 cities, 1 units, 34g, 11 techs, researching Pottery (32/52)
    Thebes: size=2, prod=Wonder39 (125sh), bldgs=Palace
    Units: 1x Warriors
  [Civ 1] Romans turn: 2 actions — MOVE_UNIT(1), UNIT_ORDER(1)
    SET_RESEARCH tech=Bridge Building

══════════════════════════════════════════════════════════════════════
  TURN 39 — 3240 B.C. (5ms)
══════════════════════════════════════════════════════════════════════
  [Civ 1] Romans (despotism): 1 cities, 1 units, 61g, 10 techs, researching Trade (8/24)
    Rome: size=3, prod=Wonder41 (119sh), bldgs=Palace
    Units: 1x Warriors
  [Civ 2] Babylonians (despotism): 2 cities, 1 units, 6g, 11 techs, researching Monarchy (30/26)
    Babylon: size=2, prod=building:7 (64sh), bldgs=Palace
    Berlin: size=2, prod=building:7 (32sh)
    Units: 1x Warriors
  [Civ 3] Germans (despotism): 1 cities, 1 units, 4g, 10 techs, researching Bridge Building (8/24)
    Berlin: size=1, prod=building:7 (28sh), bldgs=Palace
    Units: 1x Warriors
  [Civ 4] Egyptians (despotism): 1 cities, 1 units, 35g, 12 techs, researching Pottery (36/57)
    Thebes: size=2, prod=Wonder39 (129sh), bldgs=Palace
    Units: 1x Warriors
  [Civ 1] Romans turn: 2 actions — MOVE_UNIT(1), UNIT_ORDER(1)
    >>> Babylonians discovered: Monarchy
    SET_RESEARCH tech=Writing
    REVOLUTION

══════════════════════════════════════════════════════════════════════
  TURN 40 — 3220 B.C. (6ms)
══════════════════════════════════════════════════════════════════════
  [Civ 1] Romans (despotism): 1 cities, 1 units, 63g, 10 techs, researching Trade (12/24)
    Rome: size=3, prod=Wonder41 (123sh), bldgs=Palace
    Units: 1x Warriors
  [Civ 2] Babylonians (anarchy): 2 cities, 1 units, 6g, 12 techs, researching Writing (0/57)
    Babylon: size=2, prod=building:7 (68sh), bldgs=Palace
    Berlin: size=2, prod=building:7 (34sh)
    Units: 1x Warriors
  [Civ 3] Germans (despotism): 1 cities, 1 units, 4g, 10 techs, researching Bridge Building (10/24)
    Berlin: size=1, prod=building:7 (30sh), bldgs=Palace
    Units: 1x Warriors
  [Civ 4] Egyptians (despotism): 1 cities, 1 units, 36g, 12 techs, researching Pottery (40/57)
    Thebes: size=2, prod=Wonder39 (133sh), bldgs=Palace
    Units: 1x Warriors
  [Civ 1] Romans turn: 2 actions — MOVE_UNIT(1), UNIT_ORDER(1)

══════════════════════════════════════════════════════════════════════
  TURN 41 — 3200 B.C. (5ms)
══════════════════════════════════════════════════════════════════════
  [Civ 1] Romans (despotism): 1 cities, 1 units, 65g, 10 techs, researching Trade (16/24)
    Rome: size=3, prod=Wonder41 (127sh), bldgs=Palace
    Units: 1x Warriors
  [Civ 2] Babylonians (anarchy): 2 cities, 1 units, 6g, 12 techs, researching Writing (5/57)
    Babylon: size=2, prod=building:7 (72sh), bldgs=Palace
    Berlin: size=2, prod=building:7 (37sh)
    Units: 1x Warriors
  [Civ 3] Germans (despotism): 1 cities, 1 units, 4g, 10 techs, researching Bridge Building (12/24)
    Berlin: size=1, prod=building:7 (32sh), bldgs=Palace
    Units: 1x Warriors
  [Civ 4] Egyptians (despotism): 1 cities, 1 units, 37g, 12 techs, researching Pottery (44/57)
    Thebes: size=2, prod=Wonder39 (137sh), bldgs=Palace
    Units: 1x Warriors
  [Civ 1] Romans turn: 2 actions — MOVE_UNIT(1), UNIT_ORDER(1)

══════════════════════════════════════════════════════════════════════
  TURN 42 — 3180 B.C. (5ms)
══════════════════════════════════════════════════════════════════════
  [Civ 1] Romans (despotism): 1 cities, 1 units, 67g, 10 techs, researching Trade (20/24)
    Rome: size=3, prod=Wonder41 (131sh), bldgs=Palace
    Units: 1x Warriors
  [Civ 2] Babylonians (anarchy): 2 cities, 1 units, 6g, 12 techs, researching Writing (10/57)
    Babylon: size=2, prod=building:7 (76sh), bldgs=Palace
    Berlin: size=2, prod=building:7 (40sh)
    Units: 1x Warriors
  [Civ 3] Germans (despotism): 1 cities, 1 units, 4g, 10 techs, researching Bridge Building (14/24)
    Berlin: size=1, prod=building:7 (34sh), bldgs=Palace
    Units: 1x Warriors
  [Civ 4] Egyptians (despotism): 1 cities, 1 units, 38g, 12 techs, researching Pottery (48/57)
    Thebes: size=2, prod=Wonder39 (141sh), bldgs=Palace
    Units: 1x Warriors
  [Civ 1] Romans turn: 2 actions — MOVE_UNIT(1), UNIT_ORDER(1)
    >>> Babylon built building:7
    CHANGE_PRODUCTION city=1
    >>> Berlin grew to size 2
    >>> Romans discovered: Trade

══════════════════════════════════════════════════════════════════════
  TURN 43 — 3160 B.C. (6ms)
══════════════════════════════════════════════════════════════════════
  [Civ 1] Romans (despotism): 1 cities, 1 units, 67g, 11 techs, researching none (0/26)
    Rome: size=3, prod=Wonder41 (135sh), bldgs=Palace
    Units: 1x Warriors
  [Civ 2] Babylonians (anarchy): 2 cities, 1 units, 5g, 12 techs, researching Writing (15/57)
    Babylon: size=2, prod=building:5 (0sh), bldgs=Palace, Courthouse
    Berlin: size=2, prod=building:7 (43sh)
    Units: 1x Warriors
  [Civ 3] Germans (despotism): 1 cities, 1 units, 4g, 10 techs, researching Bridge Building (16/24)
    Berlin: size=2, prod=building:7 (36sh), bldgs=Palace
    Units: 1x Warriors
  [Civ 4] Egyptians (despotism): 1 cities, 1 units, 39g, 12 techs, researching Pottery (52/57)
    Thebes: size=2, prod=Wonder39 (145sh), bldgs=Palace
    Units: 1x Warriors
  [Civ 1] Romans turn: 3 actions — SET_RESEARCH(1), MOVE_UNIT(1), UNIT_ORDER(1)
    SET_RESEARCH tech=Writing

══════════════════════════════════════════════════════════════════════
  TURN 44 — 3140 B.C. (5ms)
══════════════════════════════════════════════════════════════════════
  [Civ 1] Romans (despotism): 1 cities, 1 units, 69g, 11 techs, researching Writing (4/26)
    Rome: size=3, prod=Wonder41 (139sh), bldgs=Palace
    Units: 1x Warriors
  [Civ 2] Babylonians (anarchy): 2 cities, 1 units, 4g, 12 techs, researching Writing (20/57)
    Babylon: size=2, prod=building:5 (4sh), bldgs=Palace, Courthouse
    Berlin: size=2, prod=building:7 (46sh)
    Units: 1x Warriors
  [Civ 3] Germans (despotism): 1 cities, 1 units, 4g, 10 techs, researching Bridge Building (18/24)
    Berlin: size=2, prod=building:7 (39sh), bldgs=Palace
    Units: 1x Warriors
  [Civ 4] Egyptians (despotism): 1 cities, 1 units, 40g, 12 techs, researching Pottery (56/57)
    Thebes: size=2, prod=Wonder39 (149sh), bldgs=Palace
    Units: 1x Warriors
  [Civ 1] Romans turn: 2 actions — MOVE_UNIT(1), UNIT_ORDER(1)
    >>> Berlin grew to size 3
    >>> Egyptians discovered: Pottery
    SET_RESEARCH tech=Bridge Building
    >>> Rome grew to size 4

══════════════════════════════════════════════════════════════════════
  TURN 45 — 3120 B.C. (6ms)
══════════════════════════════════════════════════════════════════════
  [Civ 1] Romans (despotism): 1 cities, 1 units, 71g, 11 techs, researching Writing (9/26)
    Rome: size=4, prod=Wonder41 (143sh), bldgs=Palace
    Units: 1x Warriors
  [Civ 2] Babylonians (anarchy): 2 cities, 1 units, 4g, 12 techs, researching Writing (25/28)
    Babylon: size=2, prod=building:5 (8sh), bldgs=Palace, Courthouse
    Berlin: size=3, prod=building:7 (49sh)
    Units: 1x Warriors
  [Civ 3] Germans (despotism): 1 cities, 1 units, 4g, 10 techs, researching Bridge Building (20/24)
    Berlin: size=2, prod=building:7 (42sh), bldgs=Palace
    Units: 1x Warriors
  [Civ 4] Egyptians (despotism): 1 cities, 1 units, 40g, 13 techs, researching Bridge Building (0/62)
    Thebes: size=2, prod=Wonder39 (153sh), bldgs=Palace
    Units: 1x Warriors
  [Civ 1] Romans turn: 2 actions — MOVE_UNIT(1), UNIT_ORDER(1)
    >>> Babylonians discovered: Writing
    SET_RESEARCH tech=Bridge Building

══════════════════════════════════════════════════════════════════════
  TURN 46 — 3100 B.C. (4ms)
══════════════════════════════════════════════════════════════════════
  [Civ 1] Romans (despotism): 1 cities, 1 units, 73g, 11 techs, researching Writing (14/26)
    Rome: size=4, prod=Wonder41 (148sh), bldgs=Palace
    Units: 1x Warriors
  [Civ 2] Babylonians (anarchy): 2 cities, 1 units, 4g, 13 techs, researching Bridge Building (0/62)
    Babylon: size=2, prod=building:5 (12sh), bldgs=Palace, Courthouse
    Berlin: size=3, prod=building:7 (53sh)
    Units: 1x Warriors
  [Civ 3] Germans (despotism): 1 cities, 1 units, 4g, 10 techs, researching Bridge Building (22/24)
    Berlin: size=2, prod=building:7 (45sh), bldgs=Palace
    Units: 1x Warriors
  [Civ 4] Egyptians (despotism): 1 cities, 1 units, 41g, 13 techs, researching Bridge Building (4/62)
    Thebes: size=2, prod=Wonder39 (157sh), bldgs=Palace
    Units: 1x Warriors
  [Civ 1] Romans turn: 2 actions — MOVE_UNIT(1), UNIT_ORDER(1)
    >>> Germans discovered: Bridge Building
    SET_RESEARCH tech=Mathematics

══════════════════════════════════════════════════════════════════════
  TURN 47 — 3080 B.C. (5ms)
══════════════════════════════════════════════════════════════════════
  [Civ 1] Romans (despotism): 1 cities, 1 units, 75g, 11 techs, researching Writing (19/26)
    Rome: size=4, prod=Wonder41 (153sh), bldgs=Palace
    Units: 1x Warriors
  [Civ 2] Babylonians (anarchy): 2 cities, 1 units, 4g, 13 techs, researching Bridge Building (5/62)
    Babylon: size=2, prod=building:5 (16sh), bldgs=Palace, Courthouse
    Berlin: size=3, prod=building:7 (57sh)
    Units: 1x Warriors
  [Civ 3] Germans (despotism): 1 cities, 1 units, 4g, 11 techs, researching Mathematics (0/26)
    Berlin: size=2, prod=building:7 (48sh), bldgs=Palace
    Units: 1x Warriors
  [Civ 4] Egyptians (despotism): 1 cities, 1 units, 42g, 13 techs, researching Bridge Building (8/62)
    Thebes: size=2, prod=Wonder39 (161sh), bldgs=Palace
    Units: 1x Warriors
  [Civ 1] Romans turn: 2 actions — MOVE_UNIT(1), UNIT_ORDER(1)

══════════════════════════════════════════════════════════════════════
  TURN 48 — 3060 B.C. (4ms)
══════════════════════════════════════════════════════════════════════
  [Civ 1] Romans (despotism): 1 cities, 1 units, 77g, 11 techs, researching Writing (24/26)
    Rome: size=4, prod=Wonder41 (158sh), bldgs=Palace
    Units: 1x Warriors
  [Civ 2] Babylonians (anarchy): 2 cities, 1 units, 4g, 13 techs, researching Bridge Building (10/62)
    Babylon: size=2, prod=building:5 (20sh), bldgs=Palace, Courthouse
    Berlin: size=3, prod=building:7 (61sh)
    Units: 1x Warriors
  [Civ 3] Germans (despotism): 1 cities, 1 units, 4g, 11 techs, researching Mathematics (2/26)
    Berlin: size=2, prod=building:7 (51sh), bldgs=Palace
    Units: 1x Warriors
  [Civ 4] Egyptians (despotism): 1 cities, 1 units, 43g, 13 techs, researching Bridge Building (12/62)
    Thebes: size=2, prod=Wonder39 (165sh), bldgs=Palace
    Units: 1x Warriors
  [Civ 1] Romans turn: 2 actions — MOVE_UNIT(1), UNIT_ORDER(1)
    >>> Romans discovered: Writing

══════════════════════════════════════════════════════════════════════
  TURN 49 — 3040 B.C. (5ms)
══════════════════════════════════════════════════════════════════════
  [Civ 1] Romans (despotism): 1 cities, 1 units, 77g, 12 techs, researching none (0/28)
    Rome: size=4, prod=Wonder41 (163sh), bldgs=Palace
    Units: 1x Warriors
  [Civ 2] Babylonians (anarchy): 2 cities, 1 units, 4g, 13 techs, researching Bridge Building (15/62)
    Babylon: size=2, prod=building:5 (24sh), bldgs=Palace, Courthouse
    Berlin: size=3, prod=building:7 (65sh)
    Units: 1x Warriors
  [Civ 3] Germans (despotism): 1 cities, 1 units, 4g, 11 techs, researching Mathematics (4/26)
    Berlin: size=2, prod=building:7 (54sh), bldgs=Palace
    Units: 1x Warriors
  [Civ 4] Egyptians (despotism): 1 cities, 1 units, 44g, 13 techs, researching Bridge Building (16/62)
    Thebes: size=2, prod=Wonder39 (169sh), bldgs=Palace
    Units: 1x Warriors
  [Civ 1] Romans turn: 3 actions — SET_RESEARCH(1), MOVE_UNIT(1), UNIT_ORDER(1)
    SET_RESEARCH tech=Literacy

══════════════════════════════════════════════════════════════════════
  FINAL SUMMARY
══════════════════════════════════════════════════════════════════════
Game ended at turn 50 (3020 B.C.)

── Civ 1: Romans (despotism) ALIVE ──
  Cities: 1 (peak 1, founded 1)
  Units:  1 (peak 1)
  Treasury: 79g
  Techs discovered: 6 — Iron Working, Code of Laws, Currency, Construction, Trade, Writing
  Actions: 114 total, 0 idle turns
  Breakdown: UNIT_ORDER(51), MOVE_UNIT(50), SET_RESEARCH(7), ADJUST_ATTITUDE(3), CHANGE_RATES(1), BUILD_CITY(1), CHANGE_PRODUCTION(1)
  Army: 1x Warriors
  Rome: size=4, shields=168

── Civ 2: Babylonians (anarchy) ALIVE ──
  Cities: 2 (peak 2, founded 1)
  Units:  1 (peak 1)
  Treasury: 4g
  Techs discovered: 5 — Code of Laws, Currency, Construction, Monarchy, Writing
  Actions: 63 total, 22 idle turns
  Breakdown: UNIT_ORDER(25), MOVE_UNIT(22), SET_RESEARCH(6), CHANGE_PRODUCTION(4), ADJUST_ATTITUDE(3), CHANGE_RATES(1), BUILD_CITY(1), REVOLUTION(1)
  Army: 1x Warriors
  Babylon: size=2, shields=28
  Berlin: size=3, shields=69

── Civ 3: Germans (despotism) ALIVE ──
  Cities: 1 (peak 1, founded 2)
  Units:  1 (peak 2)
  Treasury: 4g
  Techs discovered: 3 — Map Making, Iron Working, Bridge Building
  Actions: 71 total, 21 idle turns
  Breakdown: UNIT_ORDER(28), MOVE_UNIT(24), SET_RESEARCH(7), ADJUST_ATTITUDE(6), CHANGE_PRODUCTION(3), BUILD_CITY(2), CHANGE_RATES(1)
  Army: 1x Warriors
  Berlin: size=2, shields=57

── Civ 4: Egyptians (despotism) ALIVE ──
  Cities: 1 (peak 1, founded 1)
  Units:  1 (peak 1)
  Treasury: 45g
  Techs discovered: 4 — Map Making, Code of Laws, Horseback Riding, Pottery
  Actions: 113 total, 0 idle turns
  Breakdown: UNIT_ORDER(51), MOVE_UNIT(50), SET_RESEARCH(6), ADJUST_ATTITUDE(3), CHANGE_RATES(1), BUILD_CITY(1), CHANGE_PRODUCTION(1)
  Army: 1x Warriors
  Thebes: size=2, shields=173


══════════════════════════════════════════════════════════════════════
  AI BEHAVIOR ANALYSIS
══════════════════════════════════════════════════════════════════════
[Civ 1] Romans:
  WARNING: Only 1 city after 30+ turns

[Civ 2] Babylonians:
  WARNING: Only 1 city after 30+ turns

[Civ 3] Germans:
  OK — no obvious issues detected

[Civ 4] Egyptians:
  WARNING: Only 1 city after 30+ turns

