Charlization AI Headless Simulation
Date: 2026-03-21T05:31:55.091Z
Settings: 50 turns, 4 AI players, 50x80 map, difficulty=prince
Map seed: 32668
Map generated in 65ms
Game initialized: 4 civs, 9 starting units
  Civ 1 (Romans): starts at (32,8) on Grassland
  Civ 2 (Babylonians): starts at (11,71) on Grassland
  Civ 3 (Germans): starts at (45,39) on Hills
  Civ 4 (Egyptians): starts at (13,19) on Hills
    SET_RESEARCH tech=Warrior Code
    CHANGE_RATES sci=6 tax=4 lux=undefined
    BUILD_CITY unit=0 name="Rome"
    1 actions REJECTED (of 6)
    SET_RESEARCH tech=Masonry
    CHANGE_RATES sci=6 tax=4 lux=undefined
    BUILD_CITY unit=2 name="Babylon"
    1 actions REJECTED (of 6)
    SET_RESEARCH tech=Code of Laws
    CHANGE_RATES sci=6 tax=4 lux=undefined
    BUILD_CITY unit=4 name="Berlin"
    1 actions REJECTED (of 6)
    SET_RESEARCH tech=Masonry
    CHANGE_RATES sci=6 tax=4 lux=undefined
    BUILD_CITY unit=6 name="Thebes"
    BUILD_CITY unit=8 name="Thebes"
    2 actions REJECTED (of 8)

══════════════════════════════════════════════════════════════════════
  TURN 1 — 4000 B.C. (45ms)
══════════════════════════════════════════════════════════════════════
  [Civ 1] Romans (despotism): 1 cities, 1 units, 1g, 3 techs, researching Warrior Code (3/39)
    Rome: size=1, prod=Warriors (2sh), bldgs=Palace
    Units: 1x Warriors
  [Civ 2] Babylonians (despotism): 1 cities, 1 units, 0g, 1 techs, researching Masonry (0/11)
    Babylon: size=1, prod=Warriors (0sh), bldgs=Palace
    Units: 1x Warriors
  [Civ 3] Germans (despotism): 1 cities, 1 units, 0g, 1 techs, researching Code of Laws (0/11)
    Berlin: size=1, prod=Warriors (0sh), bldgs=Palace
    Units: 1x Warriors
  [Civ 4] Egyptians (despotism): 1 cities, 2 units, 0g, 3 techs, researching Masonry (0/39)
    Thebes: size=1, prod=Warriors (0sh), bldgs=Palace
    Units: 1x Warriors, 1x Settlers
  [Civ 1] Romans turn: 2 actions — MOVE_UNIT(1), UNIT_ORDER(1)

══════════════════════════════════════════════════════════════════════
  TURN 2 — 3980 B.C. (19ms)
══════════════════════════════════════════════════════════════════════
  [Civ 1] Romans (despotism): 1 cities, 1 units, 2g, 3 techs, researching Warrior Code (6/39)
    Rome: size=1, prod=Warriors (4sh), bldgs=Palace
    Units: 1x Warriors
  [Civ 2] Babylonians (despotism): 1 cities, 1 units, 1g, 3 techs, researching Masonry (3/39)
    Babylon: size=1, prod=Warriors (2sh), bldgs=Palace
    Units: 1x Warriors
  [Civ 3] Germans (despotism): 1 cities, 1 units, 0g, 3 techs, researching Code of Laws (2/39)
    Berlin: size=1, prod=Warriors (2sh), bldgs=Palace
    Units: 1x Warriors
  [Civ 4] Egyptians (despotism): 1 cities, 2 units, 0g, 3 techs, researching Masonry (2/39)
    Thebes: size=1, prod=Warriors (2sh), bldgs=Palace
    Units: 1x Warriors, 1x Settlers
  [Civ 1] Romans turn: 2 actions — MOVE_UNIT(1), UNIT_ORDER(1)

══════════════════════════════════════════════════════════════════════
  TURN 3 — 3960 B.C. (8ms)
══════════════════════════════════════════════════════════════════════
  [Civ 1] Romans (despotism): 1 cities, 1 units, 3g, 3 techs, researching Warrior Code (9/39)
    Rome: size=1, prod=Warriors (6sh), bldgs=Palace
    Units: 1x Warriors
  [Civ 2] Babylonians (despotism): 1 cities, 1 units, 2g, 3 techs, researching Masonry (6/39)
    Babylon: size=1, prod=Warriors (4sh), bldgs=Palace
    Units: 1x Warriors
  [Civ 3] Germans (despotism): 1 cities, 1 units, 0g, 3 techs, researching Code of Laws (4/39)
    Berlin: size=1, prod=Warriors (4sh), bldgs=Palace
    Units: 1x Warriors
  [Civ 4] Egyptians (despotism): 1 cities, 2 units, 0g, 3 techs, researching Masonry (4/39)
    Thebes: size=1, prod=Warriors (4sh), bldgs=Palace
    Units: 1x Warriors, 1x Settlers
  [Civ 1] Romans turn: 2 actions — MOVE_UNIT(1), UNIT_ORDER(1)
    CHANGE_PRODUCTION city=3

══════════════════════════════════════════════════════════════════════
  TURN 4 — 3940 B.C. (7ms)
══════════════════════════════════════════════════════════════════════
  [Civ 1] Romans (despotism): 1 cities, 1 units, 4g, 3 techs, researching Warrior Code (12/39)
    Rome: size=1, prod=Warriors (8sh), bldgs=Palace
    Units: 1x Warriors
  [Civ 2] Babylonians (despotism): 1 cities, 1 units, 3g, 3 techs, researching Masonry (9/39)
    Babylon: size=1, prod=Warriors (6sh), bldgs=Palace
    Units: 1x Warriors
  [Civ 3] Germans (despotism): 1 cities, 1 units, 0g, 3 techs, researching Code of Laws (6/39)
    Berlin: size=1, prod=Warriors (6sh), bldgs=Palace
    Units: 1x Warriors
  [Civ 4] Egyptians (despotism): 1 cities, 2 units, 0g, 3 techs, researching Masonry (6/39)
    Thebes: size=1, prod=building:2 (6sh), bldgs=Palace
    Units: 1x Warriors, 1x Settlers
  [Civ 1] Romans turn: 2 actions — MOVE_UNIT(1), UNIT_ORDER(1)
    >>> Rome built Warriors

══════════════════════════════════════════════════════════════════════
  TURN 5 — 3920 B.C. (6ms)
══════════════════════════════════════════════════════════════════════
  [Civ 1] Romans (despotism): 1 cities, 2 units, 5g, 3 techs, researching Warrior Code (15/39)
    Rome: size=1, prod=Warriors (0sh), bldgs=Palace
    Units: 2x Warriors
  [Civ 2] Babylonians (despotism): 1 cities, 1 units, 4g, 3 techs, researching Masonry (12/39)
    Babylon: size=1, prod=Warriors (8sh), bldgs=Palace
    Units: 1x Warriors
  [Civ 3] Germans (despotism): 1 cities, 1 units, 0g, 3 techs, researching Code of Laws (8/39)
    Berlin: size=1, prod=Warriors (8sh), bldgs=Palace
    Units: 1x Warriors
  [Civ 4] Egyptians (despotism): 1 cities, 2 units, 0g, 3 techs, researching Masonry (8/39)
    Thebes: size=1, prod=building:2 (8sh), bldgs=Palace
    Units: 1x Warriors, 1x Settlers
  [Civ 1] Romans turn: 5 actions — CHANGE_PRODUCTION(1), MOVE_UNIT(1), UNIT_ORDER(3)
    CHANGE_PRODUCTION city=0
    >>> Babylon built Warriors
    CHANGE_PRODUCTION city=1
    >>> Berlin built Warriors
    CHANGE_PRODUCTION city=2

══════════════════════════════════════════════════════════════════════
  TURN 6 — 3900 B.C. (7ms)
══════════════════════════════════════════════════════════════════════
  [Civ 1] Romans (despotism): 1 cities, 2 units, 6g, 3 techs, researching Warrior Code (18/39)
    Rome: size=1, prod=building:2 (2sh), bldgs=Palace
    Units: 2x Warriors
  [Civ 2] Babylonians (despotism): 1 cities, 2 units, 5g, 3 techs, researching Masonry (15/39)
    Babylon: size=1, prod=building:2 (0sh), bldgs=Palace
    Units: 2x Warriors
  [Civ 3] Germans (despotism): 1 cities, 2 units, 0g, 3 techs, researching Code of Laws (10/39)
    Berlin: size=1, prod=building:2 (0sh), bldgs=Palace
    Units: 2x Warriors
  [Civ 4] Egyptians (despotism): 1 cities, 2 units, 0g, 3 techs, researching Masonry (10/39)
    Thebes: size=1, prod=building:2 (10sh), bldgs=Palace
    Units: 1x Warriors, 1x Settlers
  [Civ 1] Romans turn: 2 actions — MOVE_UNIT(1), UNIT_ORDER(1)

══════════════════════════════════════════════════════════════════════
  TURN 7 — 3880 B.C. (4ms)
══════════════════════════════════════════════════════════════════════
  [Civ 1] Romans (despotism): 1 cities, 2 units, 7g, 3 techs, researching Warrior Code (21/39)
    Rome: size=1, prod=building:2 (4sh), bldgs=Palace
    Units: 2x Warriors
  [Civ 2] Babylonians (despotism): 1 cities, 2 units, 6g, 3 techs, researching Masonry (18/39)
    Babylon: size=1, prod=building:2 (2sh), bldgs=Palace
    Units: 2x Warriors
  [Civ 3] Germans (despotism): 1 cities, 2 units, 0g, 3 techs, researching Code of Laws (12/39)
    Berlin: size=1, prod=building:2 (2sh), bldgs=Palace
    Units: 2x Warriors
  [Civ 4] Egyptians (despotism): 1 cities, 2 units, 0g, 3 techs, researching Masonry (12/39)
    Thebes: size=1, prod=building:2 (12sh), bldgs=Palace
    Units: 1x Warriors, 1x Settlers
  [Civ 1] Romans turn: 2 actions — MOVE_UNIT(1), UNIT_ORDER(1)

══════════════════════════════════════════════════════════════════════
  TURN 8 — 3860 B.C. (5ms)
══════════════════════════════════════════════════════════════════════
  [Civ 1] Romans (despotism): 1 cities, 2 units, 8g, 3 techs, researching Warrior Code (24/39)
    Rome: size=1, prod=building:2 (6sh), bldgs=Palace
    Units: 2x Warriors
  [Civ 2] Babylonians (despotism): 1 cities, 2 units, 7g, 3 techs, researching Masonry (21/39)
    Babylon: size=1, prod=building:2 (4sh), bldgs=Palace
    Units: 2x Warriors
  [Civ 3] Germans (despotism): 1 cities, 2 units, 0g, 3 techs, researching Code of Laws (14/39)
    Berlin: size=1, prod=building:2 (4sh), bldgs=Palace
    Units: 2x Warriors
  [Civ 4] Egyptians (despotism): 1 cities, 2 units, 0g, 3 techs, researching Masonry (14/39)
    Thebes: size=1, prod=building:2 (14sh), bldgs=Palace
    Units: 1x Warriors, 1x Settlers
  [Civ 1] Romans turn: 2 actions — MOVE_UNIT(1), UNIT_ORDER(1)

══════════════════════════════════════════════════════════════════════
  TURN 9 — 3840 B.C. (5ms)
══════════════════════════════════════════════════════════════════════
  [Civ 1] Romans (despotism): 1 cities, 2 units, 9g, 3 techs, researching Warrior Code (27/39)
    Rome: size=1, prod=building:2 (8sh), bldgs=Palace
    Units: 2x Warriors
  [Civ 2] Babylonians (despotism): 1 cities, 2 units, 8g, 3 techs, researching Masonry (24/39)
    Babylon: size=1, prod=building:2 (6sh), bldgs=Palace
    Units: 2x Warriors
  [Civ 3] Germans (despotism): 1 cities, 2 units, 0g, 3 techs, researching Code of Laws (16/39)
    Berlin: size=1, prod=building:2 (6sh), bldgs=Palace
    Units: 2x Warriors
  [Civ 4] Egyptians (despotism): 1 cities, 2 units, 0g, 3 techs, researching Masonry (16/39)
    Thebes: size=1, prod=building:2 (16sh), bldgs=Palace
    Units: 1x Warriors, 1x Settlers
  [Civ 1] Romans turn: 2 actions — MOVE_UNIT(1), UNIT_ORDER(1)
    >>> Rome grew to size 2

══════════════════════════════════════════════════════════════════════
  TURN 10 — 3820 B.C. (7ms)
══════════════════════════════════════════════════════════════════════
  [Civ 1] Romans (despotism): 1 cities, 2 units, 11g, 3 techs, researching Warrior Code (30/39)
    Rome: size=2, prod=building:2 (11sh), bldgs=Palace
    Units: 2x Warriors
  [Civ 2] Babylonians (despotism): 1 cities, 2 units, 9g, 3 techs, researching Masonry (27/39)
    Babylon: size=1, prod=building:2 (8sh), bldgs=Palace
    Units: 2x Warriors
  [Civ 3] Germans (despotism): 1 cities, 2 units, 0g, 3 techs, researching Code of Laws (18/39)
    Berlin: size=1, prod=building:2 (8sh), bldgs=Palace
    Units: 2x Warriors
  [Civ 4] Egyptians (despotism): 1 cities, 2 units, 0g, 3 techs, researching Masonry (18/39)
    Thebes: size=1, prod=building:2 (18sh), bldgs=Palace
    Units: 1x Warriors, 1x Settlers
  [Civ 1] Romans turn: 3 actions — CHANGE_PRODUCTION(1), MOVE_UNIT(1), UNIT_ORDER(1)
    CHANGE_PRODUCTION city=0
    >>> Babylon grew to size 2
    >>> Berlin grew to size 2
    CHANGE_PRODUCTION city=2
    >>> Thebes grew to size 2

══════════════════════════════════════════════════════════════════════
  TURN 11 — 3800 B.C. (10ms)
══════════════════════════════════════════════════════════════════════
  [Civ 1] Romans (despotism): 1 cities, 2 units, 13g, 3 techs, researching Warrior Code (33/39)
    Rome: size=2, prod=Settlers (14sh), bldgs=Palace
    Units: 2x Warriors
  [Civ 2] Babylonians (despotism): 1 cities, 2 units, 55g, 3 techs, researching Masonry (30/39)
    Babylon: size=2, prod=building:2 (11sh), bldgs=Palace
    Units: 2x Warriors
  [Civ 3] Germans (despotism): 1 cities, 2 units, 1g, 3 techs, researching Code of Laws (20/39)
    Berlin: size=2, prod=Settlers (11sh), bldgs=Palace
    Units: 2x Warriors
  [Civ 4] Egyptians (despotism): 1 cities, 2 units, 1g, 3 techs, researching Masonry (20/39)
    Thebes: size=2, prod=building:2 (21sh), bldgs=Palace
    Units: 1x Warriors, 1x Settlers
  [Civ 1] Romans turn: 2 actions — MOVE_UNIT(1), UNIT_ORDER(1)

══════════════════════════════════════════════════════════════════════
  TURN 12 — 3780 B.C. (6ms)
══════════════════════════════════════════════════════════════════════
  [Civ 1] Romans (despotism): 1 cities, 1 units, 15g, 3 techs, researching Warrior Code (36/39)
    Rome: size=2, prod=Settlers (17sh), bldgs=Palace
    Units: 1x Warriors
  [Civ 2] Babylonians (despotism): 1 cities, 2 units, 57g, 3 techs, researching Masonry (33/39)
    Babylon: size=2, prod=building:2 (14sh), bldgs=Palace
    Units: 2x Warriors
  [Civ 3] Germans (despotism): 1 cities, 2 units, 2g, 3 techs, researching Code of Laws (22/39)
    Berlin: size=2, prod=Settlers (14sh), bldgs=Palace
    Units: 2x Warriors
  [Civ 4] Egyptians (despotism): 1 cities, 2 units, 2g, 3 techs, researching Masonry (22/39)
    Thebes: size=2, prod=building:2 (24sh), bldgs=Palace
    Units: 1x Warriors, 1x Settlers
  [Civ 1] Romans turn: 0 actions — idle
    >>> Romans discovered: Warrior Code

══════════════════════════════════════════════════════════════════════
  TURN 13 — 3760 B.C. (7ms)
══════════════════════════════════════════════════════════════════════
  [Civ 1] Romans (despotism): 1 cities, 1 units, 15g, 4 techs, researching none (0/52)
    Rome: size=2, prod=Settlers (20sh), bldgs=Palace
    Units: 1x Warriors
  [Civ 2] Babylonians (despotism): 1 cities, 2 units, 59g, 3 techs, researching Masonry (36/36)
    Babylon: size=2, prod=building:2 (17sh), bldgs=Palace
    Units: 2x Warriors
  [Civ 3] Germans (despotism): 1 cities, 2 units, 3g, 3 techs, researching Code of Laws (24/36)
    Berlin: size=2, prod=Settlers (17sh), bldgs=Palace
    Units: 2x Warriors
  [Civ 4] Egyptians (despotism): 1 cities, 2 units, 3g, 3 techs, researching Masonry (24/36)
    Thebes: size=2, prod=building:2 (27sh), bldgs=Palace
    Units: 1x Warriors, 1x Settlers
  [Civ 1] Romans turn: 1 actions — SET_RESEARCH(1)
    SET_RESEARCH tech=Iron Working
    >>> Babylonians discovered: Masonry
    SET_RESEARCH tech=Code of Laws
    CHANGE_PRODUCTION city=1

══════════════════════════════════════════════════════════════════════
  TURN 14 — 3740 B.C. (7ms)
══════════════════════════════════════════════════════════════════════
  [Civ 1] Romans (despotism): 1 cities, 1 units, 17g, 4 techs, researching Iron Working (3/52)
    Rome: size=2, prod=Settlers (23sh), bldgs=Palace
    Units: 1x Warriors
  [Civ 2] Babylonians (despotism): 1 cities, 2 units, 59g, 4 techs, researching Code of Laws (0/52)
    Babylon: size=2, prod=building:8 (20sh), bldgs=Palace
    Units: 2x Warriors
  [Civ 3] Germans (despotism): 1 cities, 2 units, 4g, 3 techs, researching Code of Laws (26/36)
    Berlin: size=2, prod=Settlers (20sh), bldgs=Palace
    Units: 2x Warriors
  [Civ 4] Egyptians (despotism): 1 cities, 2 units, 4g, 3 techs, researching Masonry (26/36)
    Thebes: size=2, prod=building:2 (30sh), bldgs=Palace
    Units: 1x Warriors, 1x Settlers
  [Civ 1] Romans turn: 0 actions — idle

══════════════════════════════════════════════════════════════════════
  TURN 15 — 3720 B.C. (8ms)
══════════════════════════════════════════════════════════════════════
  [Civ 1] Romans (despotism): 1 cities, 1 units, 19g, 4 techs, researching Iron Working (6/48)
    Rome: size=2, prod=Settlers (26sh), bldgs=Palace
    Units: 1x Warriors
  [Civ 2] Babylonians (despotism): 1 cities, 2 units, 61g, 5 techs, researching Code of Laws (3/70)
    Babylon: size=2, prod=building:8 (23sh), bldgs=Palace
    Units: 2x Warriors
  [Civ 3] Germans (despotism): 1 cities, 2 units, 5g, 3 techs, researching Code of Laws (28/36)
    Berlin: size=2, prod=Settlers (23sh), bldgs=Palace
    Units: 2x Warriors
  [Civ 4] Egyptians (despotism): 1 cities, 2 units, 5g, 3 techs, researching Masonry (28/36)
    Thebes: size=2, prod=building:2 (33sh), bldgs=Palace
    Units: 1x Warriors, 1x Settlers
  [Civ 1] Romans turn: 0 actions — idle

══════════════════════════════════════════════════════════════════════
  TURN 16 — 3700 B.C. (6ms)
══════════════════════════════════════════════════════════════════════
  [Civ 1] Romans (despotism): 1 cities, 1 units, 21g, 4 techs, researching Iron Working (9/48)
    Rome: size=2, prod=Settlers (29sh), bldgs=Palace
    Units: 1x Warriors
  [Civ 2] Babylonians (despotism): 1 cities, 2 units, 63g, 5 techs, researching Code of Laws (6/70)
    Babylon: size=2, prod=building:8 (26sh), bldgs=Palace
    Units: 2x Warriors
  [Civ 3] Germans (despotism): 1 cities, 2 units, 50g, 3 techs, researching Code of Laws (30/36)
    Berlin: size=2, prod=Settlers (26sh), bldgs=Palace
    Units: 2x Warriors
  [Civ 4] Egyptians (despotism): 1 cities, 2 units, 6g, 3 techs, researching Masonry (30/36)
    Thebes: size=2, prod=building:2 (36sh), bldgs=Palace
    Units: 1x Warriors, 1x Settlers
  [Civ 1] Romans turn: 0 actions — idle

══════════════════════════════════════════════════════════════════════
  TURN 17 — 3680 B.C. (5ms)
══════════════════════════════════════════════════════════════════════
  [Civ 1] Romans (despotism): 1 cities, 1 units, 23g, 4 techs, researching Iron Working (12/48)
    Rome: size=2, prod=Settlers (32sh), bldgs=Palace
    Units: 1x Warriors
  [Civ 2] Babylonians (despotism): 1 cities, 2 units, 65g, 5 techs, researching Code of Laws (9/70)
    Babylon: size=2, prod=building:8 (29sh), bldgs=Palace
    Units: 2x Warriors
  [Civ 3] Germans (despotism): 1 cities, 2 units, 51g, 3 techs, researching Code of Laws (32/36)
    Berlin: size=2, prod=Settlers (29sh), bldgs=Palace
    Units: 2x Warriors
  [Civ 4] Egyptians (despotism): 1 cities, 2 units, 7g, 3 techs, researching Masonry (32/36)
    Thebes: size=2, prod=building:2 (39sh), bldgs=Palace
    Units: 1x Warriors, 1x Settlers
  [Civ 1] Romans turn: 0 actions — idle
    >>> Thebes built building:2
    CHANGE_PRODUCTION city=3

══════════════════════════════════════════════════════════════════════
  TURN 18 — 3660 B.C. (6ms)
══════════════════════════════════════════════════════════════════════
  [Civ 1] Romans (despotism): 1 cities, 1 units, 25g, 4 techs, researching Iron Working (15/48)
    Rome: size=2, prod=Settlers (35sh), bldgs=Palace
    Units: 1x Warriors
  [Civ 2] Babylonians (despotism): 1 cities, 2 units, 67g, 5 techs, researching Code of Laws (12/70)
    Babylon: size=2, prod=building:8 (32sh), bldgs=Palace
    Units: 2x Warriors
  [Civ 3] Germans (despotism): 1 cities, 2 units, 52g, 3 techs, researching Code of Laws (34/36)
    Berlin: size=2, prod=Settlers (32sh), bldgs=Palace
    Units: 2x Warriors
  [Civ 4] Egyptians (despotism): 1 cities, 2 units, 7g, 3 techs, researching Masonry (34/36)
    Thebes: size=2, prod=Settlers (2sh), bldgs=Palace, Barracks
    Units: 1x Warriors, 1x Settlers
  [Civ 1] Romans turn: 0 actions — idle
    >>> Germans discovered: Code of Laws
    SET_RESEARCH tech=Mysticism
    >>> Egyptians discovered: Masonry
    SET_RESEARCH tech=Writing

══════════════════════════════════════════════════════════════════════
  TURN 19 — 3640 B.C. (7ms)
══════════════════════════════════════════════════════════════════════
  [Civ 1] Romans (despotism): 1 cities, 1 units, 27g, 4 techs, researching Iron Working (18/48)
    Rome: size=2, prod=Settlers (38sh), bldgs=Palace
    Units: 1x Warriors
  [Civ 2] Babylonians (despotism): 1 cities, 2 units, 69g, 5 techs, researching Code of Laws (15/70)
    Babylon: size=2, prod=building:8 (35sh), bldgs=Palace
    Units: 2x Warriors
  [Civ 3] Germans (despotism): 1 cities, 2 units, 52g, 4 techs, researching Mysticism (0/48)
    Berlin: size=2, prod=Settlers (35sh), bldgs=Palace
    Units: 2x Warriors
  [Civ 4] Egyptians (despotism): 1 cities, 2 units, 7g, 4 techs, researching Writing (0/48)
    Thebes: size=2, prod=Settlers (5sh), bldgs=Palace, Barracks
    Units: 1x Warriors, 1x Settlers
  [Civ 1] Romans turn: 0 actions — idle
    >>> Rome built Settlers

══════════════════════════════════════════════════════════════════════
  TURN 20 — 3620 B.C. (6ms)
══════════════════════════════════════════════════════════════════════
  [Civ 1] Romans (despotism): 1 cities, 2 units, 28g, 5 techs, researching Iron Working (20/70)
    Rome: size=1, prod=Settlers (1sh), bldgs=Palace
    Units: 1x Warriors, 1x Settlers
  [Civ 2] Babylonians (despotism): 1 cities, 2 units, 71g, 5 techs, researching Code of Laws (18/70)
    Babylon: size=2, prod=building:8 (38sh), bldgs=Palace
    Units: 2x Warriors
  [Civ 3] Germans (despotism): 1 cities, 2 units, 53g, 4 techs, researching Mysticism (2/48)
    Berlin: size=2, prod=Settlers (38sh), bldgs=Palace
    Units: 2x Warriors
  [Civ 4] Egyptians (despotism): 1 cities, 2 units, 7g, 4 techs, researching Writing (2/48)
    Thebes: size=2, prod=Settlers (8sh), bldgs=Palace, Barracks
    Units: 1x Warriors, 1x Settlers
  [Civ 1] Romans turn: 2 actions — WORKER_ORDER(1), UNIT_ORDER(1)
    >>> Berlin built Settlers
    >>> Rome grew to size 2

══════════════════════════════════════════════════════════════════════
  TURN 21 — 3600 B.C. (21ms)
══════════════════════════════════════════════════════════════════════
  [Civ 1] Romans (despotism): 1 cities, 2 units, 30g, 5 techs, researching Iron Working (23/70)
    Rome: size=2, prod=Settlers (4sh), bldgs=Palace
    Units: 1x Warriors, 1x Settlers
  [Civ 2] Babylonians (despotism): 1 cities, 2 units, 73g, 5 techs, researching Code of Laws (21/70)
    Babylon: size=2, prod=building:8 (41sh), bldgs=Palace
    Units: 2x Warriors
  [Civ 3] Germans (despotism): 1 cities, 3 units, 53g, 5 techs, researching Mysticism (3/70)
    Berlin: size=1, prod=Settlers (1sh), bldgs=Palace
    Units: 2x Warriors, 1x Settlers
  [Civ 4] Egyptians (despotism): 1 cities, 2 units, 7g, 4 techs, researching Writing (4/48)
    Thebes: size=2, prod=Settlers (11sh), bldgs=Palace, Barracks
    Units: 1x Warriors, 1x Settlers
  [Civ 1] Romans turn: 1 actions — CHANGE_PRODUCTION(1)
    CHANGE_PRODUCTION city=0
    >>> Berlin grew to size 2

══════════════════════════════════════════════════════════════════════
  TURN 22 — 3580 B.C. (5ms)
══════════════════════════════════════════════════════════════════════
  [Civ 1] Romans (despotism): 1 cities, 2 units, 32g, 5 techs, researching Iron Working (26/70)
    Rome: size=2, prod=Archers (7sh), bldgs=Palace
    Units: 1x Warriors, 1x Settlers
  [Civ 2] Babylonians (despotism): 1 cities, 2 units, 75g, 5 techs, researching Code of Laws (24/70)
    Babylon: size=2, prod=building:8 (44sh), bldgs=Palace
    Units: 2x Warriors
  [Civ 3] Germans (despotism): 1 cities, 3 units, 54g, 5 techs, researching Mysticism (5/70)
    Berlin: size=2, prod=Settlers (4sh), bldgs=Palace
    Units: 2x Warriors, 1x Settlers
  [Civ 4] Egyptians (despotism): 1 cities, 2 units, 7g, 4 techs, researching Writing (6/48)
    Thebes: size=2, prod=Settlers (14sh), bldgs=Palace, Barracks
    Units: 1x Warriors, 1x Settlers
  [Civ 1] Romans turn: 0 actions — idle

══════════════════════════════════════════════════════════════════════
  TURN 23 — 3560 B.C. (5ms)
══════════════════════════════════════════════════════════════════════
  [Civ 1] Romans (despotism): 1 cities, 2 units, 34g, 5 techs, researching Iron Working (29/70)
    Rome: size=2, prod=Archers (10sh), bldgs=Palace
    Units: 1x Warriors, 1x Settlers
  [Civ 2] Babylonians (despotism): 1 cities, 2 units, 77g, 5 techs, researching Code of Laws (27/70)
    Babylon: size=2, prod=building:8 (47sh), bldgs=Palace
    Units: 2x Warriors
  [Civ 3] Germans (despotism): 1 cities, 3 units, 55g, 5 techs, researching Mysticism (7/70)
    Berlin: size=2, prod=Settlers (7sh), bldgs=Palace
    Units: 2x Warriors, 1x Settlers
  [Civ 4] Egyptians (despotism): 1 cities, 2 units, 7g, 4 techs, researching Writing (8/48)
    Thebes: size=2, prod=Settlers (17sh), bldgs=Palace, Barracks
    Units: 1x Warriors, 1x Settlers
  [Civ 1] Romans turn: 0 actions — idle

══════════════════════════════════════════════════════════════════════
  TURN 24 — 3540 B.C. (5ms)
══════════════════════════════════════════════════════════════════════
  [Civ 1] Romans (despotism): 1 cities, 2 units, 36g, 5 techs, researching Iron Working (32/70)
    Rome: size=2, prod=Archers (13sh), bldgs=Palace
    Units: 1x Warriors, 1x Settlers
  [Civ 2] Babylonians (despotism): 1 cities, 2 units, 79g, 5 techs, researching Code of Laws (30/70)
    Babylon: size=2, prod=building:8 (50sh), bldgs=Palace
    Units: 2x Warriors
  [Civ 3] Germans (despotism): 1 cities, 3 units, 56g, 5 techs, researching Mysticism (9/70)
    Berlin: size=2, prod=Settlers (10sh), bldgs=Palace
    Units: 2x Warriors, 1x Settlers
  [Civ 4] Egyptians (despotism): 1 cities, 2 units, 7g, 4 techs, researching Writing (10/48)
    Thebes: size=2, prod=Settlers (20sh), bldgs=Palace, Barracks
    Units: 1x Warriors, 1x Settlers
  [Civ 1] Romans turn: 0 actions — idle

══════════════════════════════════════════════════════════════════════
  TURN 25 — 3520 B.C. (6ms)
══════════════════════════════════════════════════════════════════════
  [Civ 1] Romans (despotism): 1 cities, 2 units, 38g, 5 techs, researching Iron Working (35/70)
    Rome: size=2, prod=Archers (16sh), bldgs=Palace
    Units: 1x Warriors, 1x Settlers
  [Civ 2] Babylonians (despotism): 1 cities, 2 units, 81g, 5 techs, researching Code of Laws (33/70)
    Babylon: size=2, prod=building:8 (53sh), bldgs=Palace
    Units: 2x Warriors
  [Civ 3] Germans (despotism): 1 cities, 3 units, 57g, 5 techs, researching Mysticism (11/70)
    Berlin: size=2, prod=Settlers (13sh), bldgs=Palace
    Units: 2x Warriors, 1x Settlers
  [Civ 4] Egyptians (despotism): 1 cities, 2 units, 7g, 4 techs, researching Writing (12/48)
    Thebes: size=2, prod=Settlers (23sh), bldgs=Palace, Barracks
    Units: 1x Warriors, 1x Settlers
  [Civ 1] Romans turn: 0 actions — idle
    >>> Babylon grew to size 3
    >>> Thebes grew to size 3

══════════════════════════════════════════════════════════════════════
  TURN 26 — 3500 B.C. (5ms)
══════════════════════════════════════════════════════════════════════
  [Civ 1] Romans (despotism): 1 cities, 2 units, 40g, 5 techs, researching Iron Working (38/70)
    Rome: size=2, prod=Archers (19sh), bldgs=Palace
    Units: 1x Warriors, 1x Settlers
  [Civ 2] Babylonians (despotism): 1 cities, 2 units, 83g, 5 techs, researching Code of Laws (37/70)
    Babylon: size=3, prod=building:8 (57sh), bldgs=Palace
    Units: 2x Warriors
  [Civ 3] Germans (despotism): 1 cities, 3 units, 58g, 5 techs, researching Mysticism (13/70)
    Berlin: size=2, prod=Settlers (16sh), bldgs=Palace
    Units: 2x Warriors, 1x Settlers
  [Civ 4] Egyptians (despotism): 1 cities, 2 units, 7g, 4 techs, researching Writing (15/48)
    Thebes: size=3, prod=Settlers (27sh), bldgs=Palace, Barracks
    Units: 1x Warriors, 1x Settlers
  [Civ 1] Romans turn: 0 actions — idle

══════════════════════════════════════════════════════════════════════
  TURN 27 — 3480 B.C. (6ms)
══════════════════════════════════════════════════════════════════════
  [Civ 1] Romans (despotism): 1 cities, 2 units, 42g, 5 techs, researching Iron Working (41/70)
    Rome: size=2, prod=Archers (22sh), bldgs=Palace
    Units: 1x Warriors, 1x Settlers
  [Civ 2] Babylonians (despotism): 1 cities, 2 units, 85g, 5 techs, researching Code of Laws (41/70)
    Babylon: size=3, prod=building:8 (61sh), bldgs=Palace
    Units: 2x Warriors
  [Civ 3] Germans (despotism): 1 cities, 3 units, 59g, 5 techs, researching Mysticism (15/70)
    Berlin: size=2, prod=Settlers (19sh), bldgs=Palace
    Units: 2x Warriors, 1x Settlers
  [Civ 4] Egyptians (despotism): 1 cities, 2 units, 7g, 4 techs, researching Writing (18/48)
    Thebes: size=3, prod=Settlers (31sh), bldgs=Palace, Barracks
    Units: 1x Warriors, 1x Settlers
  [Civ 1] Romans turn: 0 actions — idle

══════════════════════════════════════════════════════════════════════
  TURN 28 — 3460 B.C. (6ms)
══════════════════════════════════════════════════════════════════════
  [Civ 1] Romans (despotism): 1 cities, 2 units, 44g, 5 techs, researching Iron Working (44/70)
    Rome: size=2, prod=Archers (25sh), bldgs=Palace
    Units: 1x Warriors, 1x Settlers
  [Civ 2] Babylonians (despotism): 1 cities, 2 units, 87g, 5 techs, researching Code of Laws (45/70)
    Babylon: size=3, prod=building:8 (65sh), bldgs=Palace
    Units: 2x Warriors
  [Civ 3] Germans (despotism): 1 cities, 3 units, 60g, 5 techs, researching Mysticism (17/70)
    Berlin: size=2, prod=Settlers (22sh), bldgs=Palace
    Units: 2x Warriors, 1x Settlers
  [Civ 4] Egyptians (despotism): 1 cities, 2 units, 7g, 4 techs, researching Writing (21/48)
    Thebes: size=3, prod=Settlers (35sh), bldgs=Palace, Barracks
    Units: 1x Warriors, 1x Settlers
  [Civ 1] Romans turn: 0 actions — idle

══════════════════════════════════════════════════════════════════════
  TURN 29 — 3440 B.C. (6ms)
══════════════════════════════════════════════════════════════════════
  [Civ 1] Romans (despotism): 1 cities, 2 units, 46g, 5 techs, researching Iron Working (47/70)
    Rome: size=2, prod=Archers (28sh), bldgs=Palace
    Units: 1x Warriors, 1x Settlers
  [Civ 2] Babylonians (despotism): 1 cities, 2 units, 89g, 5 techs, researching Code of Laws (49/70)
    Babylon: size=3, prod=building:8 (69sh), bldgs=Palace
    Units: 2x Warriors
  [Civ 3] Germans (despotism): 1 cities, 3 units, 61g, 5 techs, researching Mysticism (19/70)
    Berlin: size=2, prod=Settlers (25sh), bldgs=Palace
    Units: 2x Warriors, 1x Settlers
  [Civ 4] Egyptians (despotism): 1 cities, 2 units, 7g, 4 techs, researching Writing (24/48)
    Thebes: size=3, prod=Settlers (39sh), bldgs=Palace, Barracks
    Units: 1x Warriors, 1x Settlers
  [Civ 1] Romans turn: 0 actions — idle
    >>> Thebes built Settlers
    >>> Rome built Archers

══════════════════════════════════════════════════════════════════════
  TURN 30 — 3420 B.C. (16ms)
══════════════════════════════════════════════════════════════════════
  [Civ 1] Romans (despotism): 1 cities, 3 units, 48g, 5 techs, researching Iron Working (49/70)
    Rome: size=2, prod=Archers (1sh), bldgs=Palace
    Units: 1x Warriors, 1x Settlers, 1x Archers
  [Civ 2] Babylonians (despotism): 1 cities, 2 units, 91g, 5 techs, researching Code of Laws (53/70)
    Babylon: size=3, prod=building:8 (73sh), bldgs=Palace
    Units: 2x Warriors
  [Civ 3] Germans (despotism): 1 cities, 3 units, 62g, 5 techs, researching Mysticism (21/70)
    Berlin: size=2, prod=Settlers (28sh), bldgs=Palace
    Units: 2x Warriors, 1x Settlers
  [Civ 4] Egyptians (despotism): 1 cities, 3 units, 7g, 4 techs, researching Writing (26/48)
    Thebes: size=2, prod=Settlers (3sh), bldgs=Palace, Barracks
    Units: 1x Warriors, 2x Settlers
  [Civ 1] Romans turn: 3 actions — CHANGE_PRODUCTION(1), MOVE_UNIT(1), UNIT_ORDER(1)
    CHANGE_PRODUCTION city=0

══════════════════════════════════════════════════════════════════════
  TURN 31 — 3400 B.C. (10ms)
══════════════════════════════════════════════════════════════════════
  [Civ 1] Romans (despotism): 1 cities, 3 units, 50g, 5 techs, researching Iron Working (51/70)
    Rome: size=2, prod=building:8 (3sh), bldgs=Palace
    Units: 1x Warriors, 1x Settlers, 1x Archers
  [Civ 2] Babylonians (despotism): 1 cities, 2 units, 93g, 5 techs, researching Code of Laws (57/70)
    Babylon: size=3, prod=building:8 (77sh), bldgs=Palace
    Units: 2x Warriors
  [Civ 3] Germans (despotism): 1 cities, 3 units, 63g, 5 techs, researching Mysticism (23/70)
    Berlin: size=2, prod=Settlers (31sh), bldgs=Palace
    Units: 2x Warriors, 1x Settlers
  [Civ 4] Egyptians (despotism): 1 cities, 3 units, 7g, 4 techs, researching Writing (28/48)
    Thebes: size=2, prod=Settlers (6sh), bldgs=Palace, Barracks
    Units: 1x Warriors, 2x Settlers
  [Civ 1] Romans turn: 1 actions — MOVE_UNIT(1)
    >>> Babylon built building:8
    CHANGE_PRODUCTION city=1

══════════════════════════════════════════════════════════════════════
  TURN 32 — 3380 B.C. (9ms)
══════════════════════════════════════════════════════════════════════
  [Civ 1] Romans (despotism): 1 cities, 3 units, 52g, 5 techs, researching Iron Working (53/70)
    Rome: size=2, prod=building:8 (5sh), bldgs=Palace
    Units: 1x Warriors, 1x Settlers, 1x Archers
  [Civ 2] Babylonians (despotism): 1 cities, 2 units, 95g, 5 techs, researching Code of Laws (61/70)
    Babylon: size=3, prod=Trireme (1sh), bldgs=Palace, City Walls
    Units: 2x Warriors
  [Civ 3] Germans (despotism): 1 cities, 3 units, 64g, 5 techs, researching Mysticism (25/70)
    Berlin: size=2, prod=Settlers (34sh), bldgs=Palace
    Units: 2x Warriors, 1x Settlers
  [Civ 4] Egyptians (despotism): 1 cities, 3 units, 7g, 4 techs, researching Writing (30/48)
    Thebes: size=2, prod=Settlers (9sh), bldgs=Palace, Barracks
    Units: 1x Warriors, 2x Settlers
  [Civ 1] Romans turn: 5 actions — ADJUST_ATTITUDE(3), MOVE_UNIT(1), UNIT_ORDER(1)
    ADJUST_ATTITUDE target=civ2
    ADJUST_ATTITUDE target=civ3
    ADJUST_ATTITUDE target=civ4
    ADJUST_ATTITUDE target=civ1
    ADJUST_ATTITUDE target=civ3
    ADJUST_ATTITUDE target=civ4
    ADJUST_ATTITUDE target=civ1
    ADJUST_ATTITUDE target=civ2
    ADJUST_ATTITUDE target=civ4
    ADJUST_ATTITUDE target=civ1
    ADJUST_ATTITUDE target=civ2
    ADJUST_ATTITUDE target=civ3

══════════════════════════════════════════════════════════════════════
  TURN 33 — 3360 B.C. (9ms)
══════════════════════════════════════════════════════════════════════
  [Civ 1] Romans (despotism): 1 cities, 3 units, 54g, 5 techs, researching Iron Working (55/70)
    Rome: size=2, prod=building:8 (7sh), bldgs=Palace
    Units: 1x Warriors, 1x Settlers, 1x Archers
  [Civ 2] Babylonians (despotism): 1 cities, 2 units, 97g, 5 techs, researching Code of Laws (65/70)
    Babylon: size=3, prod=Trireme (5sh), bldgs=Palace, City Walls
    Units: 2x Warriors
  [Civ 3] Germans (despotism): 1 cities, 3 units, 65g, 5 techs, researching Mysticism (27/70)
    Berlin: size=2, prod=Settlers (37sh), bldgs=Palace
    Units: 2x Warriors, 1x Settlers
  [Civ 4] Egyptians (despotism): 1 cities, 3 units, 7g, 4 techs, researching Writing (32/48)
    Thebes: size=2, prod=Settlers (12sh), bldgs=Palace, Barracks
    Units: 1x Warriors, 2x Settlers
  [Civ 1] Romans turn: 2 actions — MOVE_UNIT(1), UNIT_ORDER(1)
    >>> Berlin built Settlers
    CHANGE_PRODUCTION city=2

══════════════════════════════════════════════════════════════════════
  TURN 34 — 3340 B.C. (9ms)
══════════════════════════════════════════════════════════════════════
  [Civ 1] Romans (despotism): 1 cities, 3 units, 56g, 5 techs, researching Iron Working (57/70)
    Rome: size=2, prod=building:8 (9sh), bldgs=Palace
    Units: 1x Warriors, 1x Settlers, 1x Archers
  [Civ 2] Babylonians (despotism): 1 cities, 2 units, 99g, 5 techs, researching Code of Laws (69/70)
    Babylon: size=3, prod=Trireme (9sh), bldgs=Palace, City Walls
    Units: 2x Warriors
  [Civ 3] Germans (despotism): 1 cities, 4 units, 65g, 5 techs, researching Mysticism (28/70)
    Berlin: size=1, prod=building:8 (0sh), bldgs=Palace
    Units: 2x Warriors, 2x Settlers
  [Civ 4] Egyptians (despotism): 1 cities, 3 units, 7g, 4 techs, researching Writing (34/48)
    Thebes: size=2, prod=Settlers (15sh), bldgs=Palace, Barracks
    Units: 1x Warriors, 2x Settlers
  [Civ 1] Romans turn: 2 actions — MOVE_UNIT(1), UNIT_ORDER(1)
    >>> Babylonians discovered: Code of Laws
    SET_RESEARCH tech=Horseback Riding

══════════════════════════════════════════════════════════════════════
  TURN 35 — 3320 B.C. (5ms)
══════════════════════════════════════════════════════════════════════
  [Civ 1] Romans (despotism): 1 cities, 3 units, 58g, 5 techs, researching Iron Working (59/65)
    Rome: size=2, prod=building:8 (11sh), bldgs=Palace
    Units: 1x Warriors, 1x Settlers, 1x Archers
  [Civ 2] Babylonians (despotism): 1 cities, 2 units, 99g, 6 techs, researching Horseback Riding (0/84)
    Babylon: size=3, prod=Trireme (13sh), bldgs=Palace, City Walls
    Units: 2x Warriors
  [Civ 3] Germans (despotism): 1 cities, 4 units, 65g, 5 techs, researching Mysticism (29/65)
    Berlin: size=1, prod=building:8 (0sh), bldgs=Palace
    Units: 2x Warriors, 2x Settlers
  [Civ 4] Egyptians (despotism): 1 cities, 3 units, 7g, 4 techs, researching Writing (36/48)
    Thebes: size=2, prod=Settlers (18sh), bldgs=Palace, Barracks
    Units: 1x Warriors, 2x Settlers
  [Civ 1] Romans turn: 2 actions — MOVE_UNIT(1), UNIT_ORDER(1)

══════════════════════════════════════════════════════════════════════
  TURN 36 — 3300 B.C. (4ms)
══════════════════════════════════════════════════════════════════════
  [Civ 1] Romans (despotism): 1 cities, 3 units, 60g, 7 techs, researching Iron Working (61/105)
    Rome: size=2, prod=building:8 (13sh), bldgs=Palace
    Units: 1x Warriors, 1x Settlers, 1x Archers
  [Civ 2] Babylonians (despotism): 1 cities, 2 units, 101g, 6 techs, researching Horseback Riding (4/78)
    Babylon: size=3, prod=Trireme (17sh), bldgs=Palace, City Walls
    Units: 2x Warriors
  [Civ 3] Germans (despotism): 1 cities, 4 units, 65g, 5 techs, researching Mysticism (30/65)
    Berlin: size=1, prod=building:8 (0sh), bldgs=Palace
    Units: 2x Warriors, 2x Settlers
  [Civ 4] Egyptians (despotism): 1 cities, 3 units, 7g, 5 techs, researching Writing (38/65)
    Thebes: size=2, prod=Settlers (21sh), bldgs=Palace, Barracks
    Units: 1x Warriors, 2x Settlers
  [Civ 1] Romans turn: 2 actions — MOVE_UNIT(1), UNIT_ORDER(1)

══════════════════════════════════════════════════════════════════════
  TURN 37 — 3280 B.C. (4ms)
══════════════════════════════════════════════════════════════════════
  [Civ 1] Romans (despotism): 1 cities, 3 units, 62g, 7 techs, researching Iron Working (63/105)
    Rome: size=2, prod=building:8 (15sh), bldgs=Palace
    Units: 1x Warriors, 1x Settlers, 1x Archers
  [Civ 2] Babylonians (despotism): 1 cities, 2 units, 103g, 6 techs, researching Horseback Riding (8/78)
    Babylon: size=3, prod=Trireme (21sh), bldgs=Palace, City Walls
    Units: 2x Warriors
  [Civ 3] Germans (despotism): 1 cities, 4 units, 65g, 5 techs, researching Mysticism (31/65)
    Berlin: size=1, prod=building:8 (0sh), bldgs=Palace
    Units: 2x Warriors, 2x Settlers
  [Civ 4] Egyptians (despotism): 1 cities, 3 units, 7g, 5 techs, researching Writing (40/65)
    Thebes: size=2, prod=Settlers (24sh), bldgs=Palace, Barracks
    Units: 1x Warriors, 2x Settlers
  [Civ 1] Romans turn: 2 actions — MOVE_UNIT(1), UNIT_ORDER(1)

══════════════════════════════════════════════════════════════════════
  TURN 38 — 3260 B.C. (6ms)
══════════════════════════════════════════════════════════════════════
  [Civ 1] Romans (despotism): 1 cities, 3 units, 64g, 7 techs, researching Iron Working (65/105)
    Rome: size=2, prod=building:8 (17sh), bldgs=Palace
    Units: 1x Warriors, 1x Settlers, 1x Archers
  [Civ 2] Babylonians (despotism): 1 cities, 2 units, 105g, 6 techs, researching Horseback Riding (12/78)
    Babylon: size=3, prod=Trireme (25sh), bldgs=Palace, City Walls
    Units: 2x Warriors
  [Civ 3] Germans (despotism): 1 cities, 4 units, 65g, 5 techs, researching Mysticism (32/65)
    Berlin: size=1, prod=building:8 (0sh), bldgs=Palace
    Units: 2x Warriors, 2x Settlers
  [Civ 4] Egyptians (despotism): 1 cities, 3 units, 7g, 5 techs, researching Writing (42/65)
    Thebes: size=2, prod=Settlers (27sh), bldgs=Palace, Barracks
    Units: 1x Warriors, 2x Settlers
  [Civ 1] Romans turn: 2 actions — MOVE_UNIT(1), UNIT_ORDER(1)

══════════════════════════════════════════════════════════════════════
  TURN 39 — 3240 B.C. (7ms)
══════════════════════════════════════════════════════════════════════
  [Civ 1] Romans (despotism): 1 cities, 3 units, 66g, 7 techs, researching Iron Working (67/105)
    Rome: size=2, prod=building:8 (19sh), bldgs=Palace
    Units: 1x Warriors, 1x Settlers, 1x Archers
  [Civ 2] Babylonians (despotism): 1 cities, 2 units, 107g, 6 techs, researching Horseback Riding (16/78)
    Babylon: size=3, prod=Trireme (29sh), bldgs=Palace, City Walls
    Units: 2x Warriors
  [Civ 3] Germans (despotism): 1 cities, 4 units, 65g, 5 techs, researching Mysticism (33/65)
    Berlin: size=1, prod=building:8 (0sh), bldgs=Palace
    Units: 2x Warriors, 2x Settlers
  [Civ 4] Egyptians (despotism): 1 cities, 3 units, 7g, 5 techs, researching Writing (44/65)
    Thebes: size=2, prod=Settlers (30sh), bldgs=Palace, Barracks
    Units: 1x Warriors, 2x Settlers
  [Civ 1] Romans turn: 2 actions — MOVE_UNIT(1), UNIT_ORDER(1)

══════════════════════════════════════════════════════════════════════
  TURN 40 — 3220 B.C. (7ms)
══════════════════════════════════════════════════════════════════════
  [Civ 1] Romans (despotism): 1 cities, 3 units, 68g, 7 techs, researching Iron Working (69/105)
    Rome: size=2, prod=building:8 (21sh), bldgs=Palace
    Units: 1x Warriors, 1x Settlers, 1x Archers
  [Civ 2] Babylonians (despotism): 1 cities, 2 units, 109g, 6 techs, researching Horseback Riding (20/78)
    Babylon: size=3, prod=Trireme (33sh), bldgs=Palace, City Walls
    Units: 2x Warriors
  [Civ 3] Germans (despotism): 1 cities, 4 units, 65g, 5 techs, researching Mysticism (34/65)
    Berlin: size=1, prod=building:8 (0sh), bldgs=Palace
    Units: 2x Warriors, 2x Settlers
  [Civ 4] Egyptians (despotism): 1 cities, 3 units, 7g, 5 techs, researching Writing (46/65)
    Thebes: size=2, prod=Settlers (33sh), bldgs=Palace, Barracks
    Units: 1x Warriors, 2x Settlers
  [Civ 1] Romans turn: 2 actions — MOVE_UNIT(1), UNIT_ORDER(1)

══════════════════════════════════════════════════════════════════════
  TURN 41 — 3200 B.C. (8ms)
══════════════════════════════════════════════════════════════════════
  [Civ 1] Romans (despotism): 1 cities, 3 units, 70g, 7 techs, researching Iron Working (71/105)
    Rome: size=2, prod=building:8 (23sh), bldgs=Palace
    Units: 1x Warriors, 1x Settlers, 1x Archers
  [Civ 2] Babylonians (despotism): 1 cities, 2 units, 111g, 6 techs, researching Horseback Riding (24/78)
    Babylon: size=3, prod=Trireme (37sh), bldgs=Palace, City Walls
    Units: 2x Warriors
  [Civ 3] Germans (despotism): 1 cities, 4 units, 65g, 5 techs, researching Mysticism (35/65)
    Berlin: size=1, prod=building:8 (0sh), bldgs=Palace
    Units: 2x Warriors, 2x Settlers
  [Civ 4] Egyptians (despotism): 1 cities, 3 units, 7g, 5 techs, researching Writing (48/65)
    Thebes: size=2, prod=Settlers (36sh), bldgs=Palace, Barracks
    Units: 1x Warriors, 2x Settlers
  [Civ 1] Romans turn: 2 actions — MOVE_UNIT(1), UNIT_ORDER(1)
    >>> Babylon built Trireme
    CHANGE_PRODUCTION city=1

══════════════════════════════════════════════════════════════════════
  TURN 42 — 3180 B.C. (14ms)
══════════════════════════════════════════════════════════════════════
  [Civ 1] Romans (despotism): 1 cities, 3 units, 72g, 7 techs, researching Iron Working (73/105)
    Rome: size=2, prod=building:8 (25sh), bldgs=Palace
    Units: 1x Warriors, 1x Settlers, 1x Archers
  [Civ 2] Babylonians (despotism): 1 cities, 3 units, 113g, 6 techs, researching Horseback Riding (28/78)
    Babylon: size=3, prod=Settlers (1sh), bldgs=Palace, City Walls
    Units: 2x Warriors, 1x Trireme
  [Civ 3] Germans (despotism): 1 cities, 4 units, 65g, 5 techs, researching Mysticism (36/65)
    Berlin: size=1, prod=building:8 (0sh), bldgs=Palace
    Units: 2x Warriors, 2x Settlers
  [Civ 4] Egyptians (despotism): 1 cities, 3 units, 7g, 5 techs, researching Writing (50/65)
    Thebes: size=2, prod=Settlers (39sh), bldgs=Palace, Barracks
    Units: 1x Warriors, 2x Settlers
  [Civ 1] Romans turn: 2 actions — MOVE_UNIT(1), UNIT_ORDER(1)
    >>> Thebes built Settlers

══════════════════════════════════════════════════════════════════════
  TURN 43 — 3160 B.C. (20ms)
══════════════════════════════════════════════════════════════════════
  [Civ 1] Romans (despotism): 1 cities, 3 units, 74g, 7 techs, researching Iron Working (75/105)
    Rome: size=2, prod=building:8 (27sh), bldgs=Palace
    Units: 1x Warriors, 1x Settlers, 1x Archers
  [Civ 2] Babylonians (despotism): 1 cities, 3 units, 115g, 6 techs, researching Horseback Riding (32/78)
    Babylon: size=3, prod=Settlers (5sh), bldgs=Palace, City Walls
    Units: 2x Warriors, 1x Trireme
  [Civ 3] Germans (despotism): 1 cities, 4 units, 65g, 5 techs, researching Mysticism (37/65)
    Berlin: size=1, prod=building:8 (0sh), bldgs=Palace
    Units: 2x Warriors, 2x Settlers
  [Civ 4] Egyptians (despotism): 1 cities, 4 units, 6g, 5 techs, researching Writing (51/65)
    Thebes: size=1, prod=Settlers (2sh), bldgs=Palace, Barracks
    Units: 1x Warriors, 3x Settlers
  [Civ 1] Romans turn: 2 actions — MOVE_UNIT(1), UNIT_ORDER(1)
    >>> Thebes grew to size 2

══════════════════════════════════════════════════════════════════════
  TURN 44 — 3140 B.C. (8ms)
══════════════════════════════════════════════════════════════════════
  [Civ 1] Romans (despotism): 1 cities, 3 units, 76g, 7 techs, researching Iron Working (77/105)
    Rome: size=2, prod=building:8 (29sh), bldgs=Palace
    Units: 1x Warriors, 1x Settlers, 1x Archers
  [Civ 2] Babylonians (despotism): 1 cities, 3 units, 117g, 6 techs, researching Horseback Riding (36/78)
    Babylon: size=3, prod=Settlers (9sh), bldgs=Palace, City Walls
    Units: 2x Warriors, 1x Trireme
  [Civ 3] Germans (despotism): 1 cities, 4 units, 65g, 5 techs, researching Mysticism (38/65)
    Berlin: size=1, prod=building:8 (0sh), bldgs=Palace
    Units: 2x Warriors, 2x Settlers
  [Civ 4] Egyptians (despotism): 1 cities, 4 units, 6g, 5 techs, researching Writing (53/65)
    Thebes: size=2, prod=Settlers (5sh), bldgs=Palace, Barracks
    Units: 1x Warriors, 3x Settlers
  [Civ 1] Romans turn: 2 actions — MOVE_UNIT(1), UNIT_ORDER(1)

══════════════════════════════════════════════════════════════════════
  TURN 45 — 3120 B.C. (12ms)
══════════════════════════════════════════════════════════════════════
  [Civ 1] Romans (despotism): 1 cities, 3 units, 78g, 7 techs, researching Iron Working (79/105)
    Rome: size=2, prod=building:8 (31sh), bldgs=Palace
    Units: 1x Warriors, 1x Settlers, 1x Archers
  [Civ 2] Babylonians (despotism): 1 cities, 3 units, 119g, 6 techs, researching Horseback Riding (40/78)
    Babylon: size=3, prod=Settlers (13sh), bldgs=Palace, City Walls
    Units: 2x Warriors, 1x Trireme
  [Civ 3] Germans (despotism): 1 cities, 4 units, 65g, 5 techs, researching Mysticism (39/65)
    Berlin: size=1, prod=building:8 (0sh), bldgs=Palace
    Units: 2x Warriors, 2x Settlers
  [Civ 4] Egyptians (despotism): 1 cities, 4 units, 6g, 5 techs, researching Writing (55/65)
    Thebes: size=2, prod=Settlers (8sh), bldgs=Palace, Barracks
    Units: 1x Warriors, 3x Settlers
  [Civ 1] Romans turn: 2 actions — MOVE_UNIT(1), UNIT_ORDER(1)
    >>> Babylon grew to size 4

══════════════════════════════════════════════════════════════════════
  TURN 46 — 3100 B.C. (11ms)
══════════════════════════════════════════════════════════════════════
  [Civ 1] Romans (despotism): 1 cities, 3 units, 80g, 7 techs, researching Iron Working (81/105)
    Rome: size=2, prod=building:8 (33sh), bldgs=Palace
    Units: 1x Warriors, 1x Settlers, 1x Archers
  [Civ 2] Babylonians (despotism): 1 cities, 3 units, 121g, 6 techs, researching Horseback Riding (45/78)
    Babylon: size=4, prod=Settlers (18sh), bldgs=Palace, City Walls
    Units: 2x Warriors, 1x Trireme
  [Civ 3] Germans (despotism): 1 cities, 4 units, 65g, 5 techs, researching Mysticism (40/65)
    Berlin: size=1, prod=building:8 (0sh), bldgs=Palace
    Units: 2x Warriors, 2x Settlers
  [Civ 4] Egyptians (despotism): 1 cities, 4 units, 6g, 5 techs, researching Writing (57/65)
    Thebes: size=2, prod=Settlers (11sh), bldgs=Palace, Barracks
    Units: 1x Warriors, 3x Settlers
  [Civ 1] Romans turn: 2 actions — MOVE_UNIT(1), UNIT_ORDER(1)

══════════════════════════════════════════════════════════════════════
  TURN 47 — 3080 B.C. (8ms)
══════════════════════════════════════════════════════════════════════
  [Civ 1] Romans (despotism): 1 cities, 3 units, 82g, 7 techs, researching Iron Working (83/105)
    Rome: size=2, prod=building:8 (35sh), bldgs=Palace
    Units: 1x Warriors, 1x Settlers, 1x Archers
  [Civ 2] Babylonians (despotism): 1 cities, 3 units, 123g, 6 techs, researching Horseback Riding (50/78)
    Babylon: size=4, prod=Settlers (23sh), bldgs=Palace, City Walls
    Units: 2x Warriors, 1x Trireme
  [Civ 3] Germans (despotism): 1 cities, 4 units, 65g, 5 techs, researching Mysticism (41/65)
    Berlin: size=1, prod=building:8 (0sh), bldgs=Palace
    Units: 2x Warriors, 2x Settlers
  [Civ 4] Egyptians (despotism): 1 cities, 4 units, 6g, 5 techs, researching Writing (59/65)
    Thebes: size=2, prod=Settlers (14sh), bldgs=Palace, Barracks
    Units: 1x Warriors, 3x Settlers
  [Civ 1] Romans turn: 2 actions — MOVE_UNIT(1), UNIT_ORDER(1)
    RUSH_BUY city=1

══════════════════════════════════════════════════════════════════════
  TURN 48 — 3060 B.C. (7ms)
══════════════════════════════════════════════════════════════════════
  [Civ 1] Romans (despotism): 1 cities, 3 units, 84g, 7 techs, researching Iron Working (85/105)
    Rome: size=2, prod=building:8 (37sh), bldgs=Palace
    Units: 1x Warriors, 1x Settlers, 1x Archers
  [Civ 2] Babylonians (despotism): 1 cities, 3 units, 94g, 6 techs, researching Horseback Riding (55/78)
    Babylon: size=4, prod=Settlers (40sh), bldgs=Palace, City Walls
    Units: 2x Warriors, 1x Trireme
  [Civ 3] Germans (despotism): 1 cities, 4 units, 65g, 5 techs, researching Mysticism (42/65)
    Berlin: size=1, prod=building:8 (0sh), bldgs=Palace
    Units: 2x Warriors, 2x Settlers
  [Civ 4] Egyptians (despotism): 1 cities, 4 units, 6g, 5 techs, researching Writing (61/65)
    Thebes: size=2, prod=Settlers (17sh), bldgs=Palace, Barracks
    Units: 1x Warriors, 3x Settlers
  [Civ 1] Romans turn: 2 actions — MOVE_UNIT(1), UNIT_ORDER(1)
    >>> Babylon built Settlers

══════════════════════════════════════════════════════════════════════
  TURN 49 — 3040 B.C. (15ms)
══════════════════════════════════════════════════════════════════════
  [Civ 1] Romans (despotism): 1 cities, 3 units, 86g, 7 techs, researching Iron Working (87/105)
    Rome: size=2, prod=building:8 (39sh), bldgs=Palace
    Units: 1x Warriors, 1x Settlers, 1x Archers
  [Civ 2] Babylonians (despotism): 1 cities, 4 units, 96g, 6 techs, researching Horseback Riding (59/78)
    Babylon: size=3, prod=Settlers (5sh), bldgs=Palace, City Walls
    Units: 2x Warriors, 1x Trireme, 1x Settlers
  [Civ 3] Germans (despotism): 1 cities, 4 units, 65g, 5 techs, researching Mysticism (43/65)
    Berlin: size=1, prod=building:8 (0sh), bldgs=Palace
    Units: 2x Warriors, 2x Settlers
  [Civ 4] Egyptians (despotism): 1 cities, 4 units, 6g, 5 techs, researching Writing (63/65)
    Thebes: size=2, prod=Settlers (20sh), bldgs=Palace, Barracks
    Units: 1x Warriors, 3x Settlers
  [Civ 1] Romans turn: 2 actions — MOVE_UNIT(1), UNIT_ORDER(1)
    >>> Egyptians discovered: Writing
    SET_RESEARCH tech=Pottery

══════════════════════════════════════════════════════════════════════
  FINAL SUMMARY
══════════════════════════════════════════════════════════════════════
Game ended at turn 50 (3020 B.C.)

── Civ 1: Romans (despotism) ALIVE ──
  Cities: 1 (peak 1, founded 1)
  Units:  3 (peak 3)
  Treasury: 88g
  Techs discovered: 1 — Warrior Code
  Actions: 79 total, 15 idle turns
  Breakdown: UNIT_ORDER(35), MOVE_UNIT(32), CHANGE_PRODUCTION(4), ADJUST_ATTITUDE(3), SET_RESEARCH(2), CHANGE_RATES(1), BUILD_CITY(1), WORKER_ORDER(1)
  Army: 1x Warriors, 1x Settlers, 1x Archers
  Rome: size=2, shields=41

── Civ 2: Babylonians (despotism) ALIVE ──
  Cities: 1 (peak 1, founded 1)
  Units:  4 (peak 4)
  Treasury: 98g
  Techs discovered: 2 — Masonry, Code of Laws
  Actions: 127 total, 0 idle turns
  Breakdown: UNIT_ORDER(63), MOVE_UNIT(51), CHANGE_PRODUCTION(4), SET_RESEARCH(3), ADJUST_ATTITUDE(3), CHANGE_RATES(1), BUILD_CITY(1), RUSH_BUY(1)
  Army: 2x Warriors, 1x Trireme, 1x Settlers
  Babylon: size=3, shields=9

── Civ 3: Germans (despotism) ALIVE ──
  Cities: 1 (peak 1, founded 1)
  Units:  4 (peak 4)
  Treasury: 65g
  Techs discovered: 1 — Code of Laws
  Actions: 117 total, 0 idle turns
  Breakdown: UNIT_ORDER(55), MOVE_UNIT(52), CHANGE_PRODUCTION(3), ADJUST_ATTITUDE(3), SET_RESEARCH(2), CHANGE_RATES(1), BUILD_CITY(1)
  Army: 2x Warriors, 2x Settlers
  Berlin: size=1, shields=0

── Civ 4: Egyptians (despotism) ALIVE ──
  Cities: 1 (peak 1, founded 2)
  Units:  4 (peak 4)
  Treasury: 6g
  Techs discovered: 2 — Masonry, Writing
  Actions: 119 total, 0 idle turns
  Breakdown: UNIT_ORDER(55), MOVE_UNIT(52), SET_RESEARCH(3), ADJUST_ATTITUDE(3), BUILD_CITY(2), CHANGE_PRODUCTION(2), CHANGE_RATES(1), WORKER_ORDER(1)
  Army: 1x Warriors, 3x Settlers
  Thebes: size=2, shields=23


══════════════════════════════════════════════════════════════════════
  AI BEHAVIOR ANALYSIS
══════════════════════════════════════════════════════════════════════
[Civ 1] Romans:
  WARNING: Only 1 city after 30+ turns

[Civ 2] Babylonians:
  WARNING: Only 1 city after 30+ turns
  WARNING: 1 units stuck (busy orders outside city)

[Civ 3] Germans:
  WARNING: Only 1 city after 30+ turns
  WARNING: 2 units stuck (busy orders outside city)

[Civ 4] Egyptians:
  WARNING: 2 units stuck (busy orders outside city)

