Charlization AI Headless Simulation
Date: 2026-03-17T02:05:09.149Z
Settings: 50 turns, 4 AI players, 50x80 map, difficulty=prince
Map seed: 61542
Map generated in 60ms
Game initialized: 4 civs, 8 starting units
  Civ 1 (Romans): starts at (35,63) on Grassland
  Civ 2 (Babylonians): starts at (42,8) on Plains
  Civ 3 (Germans): starts at (7,35) on Grassland
  Civ 4 (Egyptians): starts at (10,70) on Forest
    SET_RESEARCH tech=Alphabet
    CHANGE_RATES sci=6 tax=4 lux=undefined
    BUILD_CITY unit=0 name="Rome"
    1 actions REJECTED (of 6)
    SET_RESEARCH tech=Alphabet
    CHANGE_RATES sci=6 tax=4 lux=undefined
    BUILD_CITY unit=2 name="Babylon"
    1 actions REJECTED (of 6)
    SET_RESEARCH tech=Alphabet
    CHANGE_RATES sci=6 tax=4 lux=undefined
    BUILD_CITY unit=4 name="Berlin"
    1 actions REJECTED (of 6)
    SET_RESEARCH tech=Alphabet
    CHANGE_RATES sci=6 tax=4 lux=undefined
    BUILD_CITY unit=6 name="Thebes"
    1 actions REJECTED (of 6)

══════════════════════════════════════════════════════════════════════
  TURN 1 — 4000 B.C. (34ms)
══════════════════════════════════════════════════════════════════════
  [Civ 1] Romans (despotism): 1 cities, 1 units, 1g, 3 techs, researching Alphabet (3/28)
    Rome: size=1, prod=Warriors (2sh), bldgs=Palace
    Units: 1x Warriors
  [Civ 2] Babylonians (despotism): 1 cities, 1 units, 0g, 3 techs, researching Alphabet (0/28)
    Babylon: size=1, prod=Warriors (0sh), bldgs=Palace
    Units: 1x Warriors
  [Civ 3] Germans (despotism): 1 cities, 1 units, 0g, 3 techs, researching Alphabet (0/28)
    Berlin: size=1, prod=Warriors (0sh), bldgs=Palace
    Units: 1x Warriors
  [Civ 4] Egyptians (despotism): 1 cities, 1 units, 0g, 3 techs, researching Alphabet (0/28)
    Thebes: size=1, prod=Warriors (0sh), bldgs=Palace
    Units: 1x Warriors
  [Civ 1] Romans turn: 3 actions — CHANGE_PRODUCTION(1), MOVE_UNIT(1), UNIT_ORDER(1)
    CHANGE_PRODUCTION city=0
    CHANGE_PRODUCTION city=1
    CHANGE_PRODUCTION city=2
    CHANGE_PRODUCTION city=3

══════════════════════════════════════════════════════════════════════
  TURN 2 — 3980 B.C. (16ms)
══════════════════════════════════════════════════════════════════════
  [Civ 1] Romans (despotism): 1 cities, 1 units, 2g, 5 techs, researching Alphabet (6/36)
    Rome: size=1, prod=Wonder41 (2sh), bldgs=Palace
    Units: 1x Warriors
  [Civ 2] Babylonians (despotism): 1 cities, 1 units, 1g, 5 techs, researching Alphabet (2/36)
    Babylon: size=1, prod=Wonder45 (0sh), bldgs=Palace
    Units: 1x Warriors
  [Civ 3] Germans (despotism): 1 cities, 1 units, 51g, 6 techs, researching Alphabet (3/36)
    Berlin: size=1, prod=building:3 (0sh), bldgs=Palace
    Units: 1x Warriors
  [Civ 4] Egyptians (despotism): 1 cities, 1 units, 0g, 5 techs, researching Alphabet (2/36)
    Thebes: size=1, prod=Wonder39 (0sh), bldgs=Palace
    Units: 1x Warriors
  [Civ 1] Romans turn: 3 actions — CHANGE_PRODUCTION(1), MOVE_UNIT(1), UNIT_ORDER(1)
    CHANGE_PRODUCTION city=0

══════════════════════════════════════════════════════════════════════
  TURN 3 — 3960 B.C. (7ms)
══════════════════════════════════════════════════════════════════════
  [Civ 1] Romans (despotism): 1 cities, 1 units, 3g, 5 techs, researching Alphabet (9/36)
    Rome: size=1, prod=Archers (2sh), bldgs=Palace
    Units: 1x Warriors
  [Civ 2] Babylonians (despotism): 1 cities, 1 units, 2g, 5 techs, researching Alphabet (4/36)
    Babylon: size=1, prod=Wonder45 (2sh), bldgs=Palace
    Units: 1x Warriors
  [Civ 3] Germans (despotism): 1 cities, 1 units, 52g, 6 techs, researching Alphabet (6/36)
    Berlin: size=1, prod=building:3 (2sh), bldgs=Palace
    Units: 1x Warriors
  [Civ 4] Egyptians (despotism): 1 cities, 1 units, 0g, 5 techs, researching Alphabet (4/36)
    Thebes: size=1, prod=Wonder39 (3sh), bldgs=Palace
    Units: 1x Warriors
  [Civ 1] Romans turn: 2 actions — MOVE_UNIT(1), UNIT_ORDER(1)

══════════════════════════════════════════════════════════════════════
  TURN 4 — 3940 B.C. (6ms)
══════════════════════════════════════════════════════════════════════
  [Civ 1] Romans (despotism): 1 cities, 1 units, 4g, 5 techs, researching Alphabet (12/36)
    Rome: size=1, prod=Archers (4sh), bldgs=Palace
    Units: 1x Warriors
  [Civ 2] Babylonians (despotism): 1 cities, 1 units, 3g, 5 techs, researching Alphabet (6/36)
    Babylon: size=1, prod=Wonder45 (4sh), bldgs=Palace
    Units: 1x Warriors
  [Civ 3] Germans (despotism): 1 cities, 1 units, 53g, 6 techs, researching Alphabet (9/36)
    Berlin: size=1, prod=building:3 (4sh), bldgs=Palace
    Units: 1x Warriors
  [Civ 4] Egyptians (despotism): 1 cities, 1 units, 0g, 5 techs, researching Alphabet (6/36)
    Thebes: size=1, prod=Wonder39 (6sh), bldgs=Palace
    Units: 1x Warriors
  [Civ 1] Romans turn: 2 actions — MOVE_UNIT(1), UNIT_ORDER(1)

══════════════════════════════════════════════════════════════════════
  TURN 5 — 3920 B.C. (5ms)
══════════════════════════════════════════════════════════════════════
  [Civ 1] Romans (despotism): 1 cities, 1 units, 5g, 5 techs, researching Alphabet (15/36)
    Rome: size=1, prod=Archers (6sh), bldgs=Palace
    Units: 1x Warriors
  [Civ 2] Babylonians (despotism): 1 cities, 1 units, 4g, 5 techs, researching Alphabet (8/36)
    Babylon: size=1, prod=Wonder45 (6sh), bldgs=Palace
    Units: 1x Warriors
  [Civ 3] Germans (despotism): 1 cities, 1 units, 54g, 6 techs, researching Alphabet (12/36)
    Berlin: size=1, prod=building:3 (6sh), bldgs=Palace
    Units: 1x Warriors
  [Civ 4] Egyptians (despotism): 1 cities, 1 units, 0g, 5 techs, researching Alphabet (8/36)
    Thebes: size=1, prod=Wonder39 (9sh), bldgs=Palace
    Units: 1x Warriors
  [Civ 1] Romans turn: 2 actions — MOVE_UNIT(1), UNIT_ORDER(1)

══════════════════════════════════════════════════════════════════════
  TURN 6 — 3900 B.C. (4ms)
══════════════════════════════════════════════════════════════════════
  [Civ 1] Romans (despotism): 1 cities, 1 units, 6g, 5 techs, researching Alphabet (18/36)
    Rome: size=1, prod=Archers (8sh), bldgs=Palace
    Units: 1x Warriors
  [Civ 2] Babylonians (despotism): 1 cities, 1 units, 5g, 5 techs, researching Alphabet (10/36)
    Babylon: size=1, prod=Wonder45 (8sh), bldgs=Palace
    Units: 1x Warriors
  [Civ 3] Germans (despotism): 1 cities, 1 units, 55g, 6 techs, researching Alphabet (15/36)
    Berlin: size=1, prod=building:3 (8sh), bldgs=Palace
    Units: 1x Warriors
  [Civ 4] Egyptians (despotism): 1 cities, 1 units, 0g, 5 techs, researching Alphabet (10/36)
    Thebes: size=1, prod=Wonder39 (12sh), bldgs=Palace
    Units: 1x Warriors
  [Civ 1] Romans turn: 2 actions — MOVE_UNIT(1), UNIT_ORDER(1)

══════════════════════════════════════════════════════════════════════
  TURN 7 — 3880 B.C. (5ms)
══════════════════════════════════════════════════════════════════════
  [Civ 1] Romans (despotism): 1 cities, 1 units, 7g, 5 techs, researching Alphabet (21/36)
    Rome: size=1, prod=Archers (10sh), bldgs=Palace
    Units: 1x Warriors
  [Civ 2] Babylonians (despotism): 1 cities, 1 units, 6g, 5 techs, researching Alphabet (12/36)
    Babylon: size=1, prod=Wonder45 (10sh), bldgs=Palace
    Units: 1x Warriors
  [Civ 3] Germans (despotism): 1 cities, 1 units, 56g, 6 techs, researching Alphabet (18/36)
    Berlin: size=1, prod=building:3 (10sh), bldgs=Palace
    Units: 1x Warriors
  [Civ 4] Egyptians (despotism): 1 cities, 1 units, 0g, 5 techs, researching Alphabet (12/36)
    Thebes: size=1, prod=Wonder39 (15sh), bldgs=Palace
    Units: 1x Warriors
  [Civ 1] Romans turn: 2 actions — MOVE_UNIT(1), UNIT_ORDER(1)

══════════════════════════════════════════════════════════════════════
  TURN 8 — 3860 B.C. (4ms)
══════════════════════════════════════════════════════════════════════
  [Civ 1] Romans (despotism): 1 cities, 1 units, 8g, 5 techs, researching Alphabet (24/36)
    Rome: size=1, prod=Archers (12sh), bldgs=Palace
    Units: 1x Warriors
  [Civ 2] Babylonians (despotism): 1 cities, 1 units, 7g, 5 techs, researching Alphabet (14/36)
    Babylon: size=1, prod=Wonder45 (12sh), bldgs=Palace
    Units: 1x Warriors
  [Civ 3] Germans (despotism): 1 cities, 1 units, 57g, 6 techs, researching Alphabet (21/36)
    Berlin: size=1, prod=building:3 (12sh), bldgs=Palace
    Units: 1x Warriors
  [Civ 4] Egyptians (despotism): 1 cities, 1 units, 0g, 5 techs, researching Alphabet (14/36)
    Thebes: size=1, prod=Wonder39 (18sh), bldgs=Palace
    Units: 1x Warriors
  [Civ 1] Romans turn: 2 actions — MOVE_UNIT(1), UNIT_ORDER(1)

══════════════════════════════════════════════════════════════════════
  TURN 9 — 3840 B.C. (5ms)
══════════════════════════════════════════════════════════════════════
  [Civ 1] Romans (despotism): 1 cities, 1 units, 9g, 5 techs, researching Alphabet (27/36)
    Rome: size=1, prod=Archers (14sh), bldgs=Palace
    Units: 1x Warriors
  [Civ 2] Babylonians (despotism): 1 cities, 1 units, 8g, 5 techs, researching Alphabet (16/36)
    Babylon: size=1, prod=Wonder45 (14sh), bldgs=Palace
    Units: 1x Warriors
  [Civ 3] Germans (despotism): 1 cities, 1 units, 58g, 6 techs, researching Alphabet (24/36)
    Berlin: size=1, prod=building:3 (14sh), bldgs=Palace
    Units: 1x Warriors
  [Civ 4] Egyptians (despotism): 1 cities, 1 units, 26g, 5 techs, researching Alphabet (16/36)
    Thebes: size=1, prod=Wonder39 (21sh), bldgs=Palace
    Units: 1x Warriors
  [Civ 1] Romans turn: 2 actions — MOVE_UNIT(1), UNIT_ORDER(1)
    >>> Rome grew to size 2

══════════════════════════════════════════════════════════════════════
  TURN 10 — 3820 B.C. (4ms)
══════════════════════════════════════════════════════════════════════
  [Civ 1] Romans (despotism): 1 cities, 1 units, 11g, 5 techs, researching Alphabet (30/36)
    Rome: size=2, prod=Archers (16sh), bldgs=Palace
    Units: 1x Warriors
  [Civ 2] Babylonians (despotism): 1 cities, 1 units, 9g, 5 techs, researching Alphabet (18/36)
    Babylon: size=1, prod=Wonder45 (16sh), bldgs=Palace
    Units: 1x Warriors
  [Civ 3] Germans (despotism): 1 cities, 1 units, 59g, 6 techs, researching Alphabet (27/36)
    Berlin: size=1, prod=building:3 (16sh), bldgs=Palace
    Units: 1x Warriors
  [Civ 4] Egyptians (despotism): 1 cities, 1 units, 26g, 5 techs, researching Alphabet (18/36)
    Thebes: size=1, prod=Wonder39 (24sh), bldgs=Palace
    Units: 1x Warriors
  [Civ 1] Romans turn: 2 actions — MOVE_UNIT(1), UNIT_ORDER(1)
    >>> Babylon grew to size 2
    >>> Berlin grew to size 2

══════════════════════════════════════════════════════════════════════
  TURN 11 — 3800 B.C. (6ms)
══════════════════════════════════════════════════════════════════════
  [Civ 1] Romans (despotism): 1 cities, 1 units, 13g, 5 techs, researching Alphabet (33/36)
    Rome: size=2, prod=Archers (19sh), bldgs=Palace
    Units: 1x Warriors
  [Civ 2] Babylonians (despotism): 1 cities, 1 units, 10g, 5 techs, researching Alphabet (21/36)
    Babylon: size=2, prod=Wonder45 (18sh), bldgs=Palace
    Units: 1x Warriors
  [Civ 3] Germans (despotism): 1 cities, 1 units, 61g, 6 techs, researching Alphabet (30/36)
    Berlin: size=2, prod=building:3 (18sh), bldgs=Palace
    Units: 1x Warriors
  [Civ 4] Egyptians (despotism): 1 cities, 1 units, 26g, 5 techs, researching Alphabet (20/36)
    Thebes: size=1, prod=Wonder39 (27sh), bldgs=Palace
    Units: 1x Warriors
  [Civ 1] Romans turn: 2 actions — MOVE_UNIT(1), UNIT_ORDER(1)
    >>> Romans discovered: Alphabet

══════════════════════════════════════════════════════════════════════
  TURN 12 — 3780 B.C. (8ms)
══════════════════════════════════════════════════════════════════════
  [Civ 1] Romans (despotism): 1 cities, 1 units, 13g, 6 techs, researching none (0/36)
    Rome: size=2, prod=Archers (22sh), bldgs=Palace
    Units: 1x Warriors
  [Civ 2] Babylonians (despotism): 1 cities, 1 units, 11g, 5 techs, researching Alphabet (24/36)
    Babylon: size=2, prod=Wonder45 (21sh), bldgs=Palace
    Units: 1x Warriors
  [Civ 3] Germans (despotism): 1 cities, 1 units, 63g, 6 techs, researching Alphabet (33/36)
    Berlin: size=2, prod=building:3 (21sh), bldgs=Palace
    Units: 1x Warriors
  [Civ 4] Egyptians (despotism): 1 cities, 1 units, 26g, 5 techs, researching Alphabet (22/36)
    Thebes: size=1, prod=Wonder39 (30sh), bldgs=Palace
    Units: 1x Warriors
  [Civ 1] Romans turn: 3 actions — SET_RESEARCH(1), MOVE_UNIT(1), UNIT_ORDER(1)
    SET_RESEARCH tech=Iron Working
    >>> Germans discovered: Alphabet
    SET_RESEARCH tech=Iron Working

══════════════════════════════════════════════════════════════════════
  TURN 13 — 3760 B.C. (6ms)
══════════════════════════════════════════════════════════════════════
  [Civ 1] Romans (despotism): 1 cities, 1 units, 15g, 6 techs, researching Iron Working (3/36)
    Rome: size=2, prod=Archers (25sh), bldgs=Palace
    Units: 1x Warriors
  [Civ 2] Babylonians (despotism): 1 cities, 1 units, 12g, 5 techs, researching Alphabet (27/36)
    Babylon: size=2, prod=Wonder45 (24sh), bldgs=Palace
    Units: 1x Warriors
  [Civ 3] Germans (despotism): 1 cities, 1 units, 63g, 7 techs, researching Iron Working (0/33)
    Berlin: size=2, prod=building:3 (24sh), bldgs=Palace
    Units: 1x Warriors
  [Civ 4] Egyptians (despotism): 1 cities, 1 units, 64g, 5 techs, researching Alphabet (24/36)
    Thebes: size=1, prod=Wonder39 (33sh), bldgs=Palace
    Units: 1x Warriors
  [Civ 1] Romans turn: 2 actions — MOVE_UNIT(1), UNIT_ORDER(1)
    SET_RESEARCH tech=Code of Laws

══════════════════════════════════════════════════════════════════════
  TURN 14 — 3740 B.C. (6ms)
══════════════════════════════════════════════════════════════════════
  [Civ 1] Romans (despotism): 1 cities, 1 units, 17g, 6 techs, researching Iron Working (6/36)
    Rome: size=2, prod=Archers (28sh), bldgs=Palace
    Units: 1x Warriors
  [Civ 2] Babylonians (despotism): 1 cities, 1 units, 13g, 5 techs, researching Alphabet (30/36)
    Babylon: size=2, prod=Wonder45 (27sh), bldgs=Palace
    Units: 1x Warriors
  [Civ 3] Germans (despotism): 1 cities, 1 units, 65g, 7 techs, researching Iron Working (3/33)
    Berlin: size=2, prod=building:3 (27sh), bldgs=Palace
    Units: 1x Warriors
  [Civ 4] Egyptians (despotism): 1 cities, 1 units, 64g, 6 techs, researching Code of Laws (26/36)
    Thebes: size=1, prod=Wonder39 (36sh), bldgs=Palace
    Units: 1x Warriors
  [Civ 1] Romans turn: 2 actions — MOVE_UNIT(1), UNIT_ORDER(1)
    SET_RESEARCH tech=Code of Laws
    >>> Rome built Archers

══════════════════════════════════════════════════════════════════════
  TURN 15 — 3720 B.C. (8ms)
══════════════════════════════════════════════════════════════════════
  [Civ 1] Romans (despotism): 1 cities, 2 units, 19g, 6 techs, researching Iron Working (9/36)
    Rome: size=2, prod=Archers (1sh), bldgs=Palace
    Units: 1x Warriors, 1x Archers
  [Civ 2] Babylonians (despotism): 1 cities, 1 units, 14g, 6 techs, researching Code of Laws (33/36)
    Babylon: size=2, prod=Wonder45 (30sh), bldgs=Palace
    Units: 1x Warriors
  [Civ 3] Germans (despotism): 1 cities, 1 units, 67g, 7 techs, researching Iron Working (6/33)
    Berlin: size=2, prod=building:3 (30sh), bldgs=Palace
    Units: 1x Warriors
  [Civ 4] Egyptians (despotism): 1 cities, 1 units, 64g, 6 techs, researching Code of Laws (28/36)
    Thebes: size=1, prod=Wonder39 (39sh), bldgs=Palace
    Units: 1x Warriors
  [Civ 1] Romans turn: 3 actions — CHANGE_PRODUCTION(1), MOVE_UNIT(1), UNIT_ORDER(1)
    CHANGE_PRODUCTION city=0
    >>> Babylonians discovered: Code of Laws
    SET_RESEARCH tech=Map Making

══════════════════════════════════════════════════════════════════════
  TURN 16 — 3700 B.C. (7ms)
══════════════════════════════════════════════════════════════════════
  [Civ 1] Romans (despotism): 1 cities, 2 units, 21g, 6 techs, researching Iron Working (12/36)
    Rome: size=2, prod=Wonder41 (3sh), bldgs=Palace
    Units: 1x Warriors, 1x Archers
  [Civ 2] Babylonians (despotism): 1 cities, 1 units, 14g, 7 techs, researching Map Making (0/33)
    Babylon: size=2, prod=Wonder45 (33sh), bldgs=Palace
    Units: 1x Warriors
  [Civ 3] Germans (despotism): 1 cities, 1 units, 69g, 7 techs, researching Iron Working (9/33)
    Berlin: size=2, prod=building:3 (33sh), bldgs=Palace
    Units: 1x Warriors
  [Civ 4] Egyptians (despotism): 1 cities, 1 units, 64g, 6 techs, researching Code of Laws (30/36)
    Thebes: size=1, prod=Wonder39 (42sh), bldgs=Palace
    Units: 1x Warriors
  [Civ 1] Romans turn: 4 actions — MOVE_UNIT(1), UNIT_ORDER(3)

══════════════════════════════════════════════════════════════════════
  TURN 17 — 3680 B.C. (4ms)
══════════════════════════════════════════════════════════════════════
  [Civ 1] Romans (despotism): 1 cities, 2 units, 23g, 6 techs, researching Iron Working (15/36)
    Rome: size=2, prod=Wonder41 (6sh), bldgs=Palace
    Units: 1x Warriors, 1x Archers
  [Civ 2] Babylonians (despotism): 1 cities, 1 units, 15g, 7 techs, researching Map Making (3/33)
    Babylon: size=2, prod=Wonder45 (36sh), bldgs=Palace
    Units: 1x Warriors
  [Civ 3] Germans (despotism): 1 cities, 1 units, 71g, 7 techs, researching Iron Working (12/33)
    Berlin: size=2, prod=building:3 (36sh), bldgs=Palace
    Units: 1x Warriors
  [Civ 4] Egyptians (despotism): 1 cities, 1 units, 64g, 6 techs, researching Code of Laws (32/36)
    Thebes: size=1, prod=Wonder39 (45sh), bldgs=Palace
    Units: 1x Warriors
  [Civ 1] Romans turn: 2 actions — MOVE_UNIT(1), UNIT_ORDER(1)

══════════════════════════════════════════════════════════════════════
  TURN 18 — 3660 B.C. (4ms)
══════════════════════════════════════════════════════════════════════
  [Civ 1] Romans (despotism): 1 cities, 2 units, 25g, 6 techs, researching Iron Working (18/36)
    Rome: size=2, prod=Wonder41 (9sh), bldgs=Palace
    Units: 1x Warriors, 1x Archers
  [Civ 2] Babylonians (despotism): 1 cities, 1 units, 16g, 7 techs, researching Map Making (6/33)
    Babylon: size=2, prod=Wonder45 (39sh), bldgs=Palace
    Units: 1x Warriors
  [Civ 3] Germans (despotism): 1 cities, 1 units, 73g, 7 techs, researching Iron Working (15/33)
    Berlin: size=2, prod=building:3 (39sh), bldgs=Palace
    Units: 1x Warriors
  [Civ 4] Egyptians (despotism): 1 cities, 1 units, 64g, 6 techs, researching Code of Laws (34/36)
    Thebes: size=1, prod=Wonder39 (48sh), bldgs=Palace
    Units: 1x Warriors
  [Civ 1] Romans turn: 2 actions — MOVE_UNIT(1), UNIT_ORDER(1)
    >>> Egyptians discovered: Code of Laws
    SET_RESEARCH tech=Iron Working

══════════════════════════════════════════════════════════════════════
  TURN 19 — 3640 B.C. (6ms)
══════════════════════════════════════════════════════════════════════
  [Civ 1] Romans (despotism): 1 cities, 2 units, 27g, 6 techs, researching Iron Working (21/36)
    Rome: size=2, prod=Wonder41 (12sh), bldgs=Palace
    Units: 1x Warriors, 1x Archers
  [Civ 2] Babylonians (despotism): 1 cities, 1 units, 17g, 7 techs, researching Map Making (9/33)
    Babylon: size=2, prod=Wonder45 (42sh), bldgs=Palace
    Units: 1x Warriors
  [Civ 3] Germans (despotism): 1 cities, 1 units, 75g, 7 techs, researching Iron Working (18/33)
    Berlin: size=2, prod=building:3 (42sh), bldgs=Palace
    Units: 1x Warriors
  [Civ 4] Egyptians (despotism): 1 cities, 1 units, 64g, 7 techs, researching Iron Working (0/33)
    Thebes: size=1, prod=Wonder39 (51sh), bldgs=Palace
    Units: 1x Warriors
  [Civ 1] Romans turn: 2 actions — MOVE_UNIT(1), UNIT_ORDER(1)

══════════════════════════════════════════════════════════════════════
  TURN 20 — 3620 B.C. (7ms)
══════════════════════════════════════════════════════════════════════
  [Civ 1] Romans (despotism): 1 cities, 2 units, 29g, 7 techs, researching Iron Working (24/33)
    Rome: size=2, prod=Wonder41 (15sh), bldgs=Palace
    Units: 1x Warriors, 1x Archers
  [Civ 2] Babylonians (despotism): 1 cities, 1 units, 18g, 7 techs, researching Map Making (12/33)
    Babylon: size=2, prod=Wonder45 (45sh), bldgs=Palace
    Units: 1x Warriors
  [Civ 3] Germans (despotism): 1 cities, 1 units, 77g, 7 techs, researching Iron Working (21/33)
    Berlin: size=2, prod=building:3 (45sh), bldgs=Palace
    Units: 1x Warriors
  [Civ 4] Egyptians (despotism): 1 cities, 1 units, 64g, 7 techs, researching Iron Working (2/33)
    Thebes: size=1, prod=Wonder39 (54sh), bldgs=Palace
    Units: 1x Warriors
  [Civ 1] Romans turn: 2 actions — MOVE_UNIT(1), UNIT_ORDER(1)
    >>> Thebes grew to size 2
    ADJUST_ATTITUDE target=civ3

══════════════════════════════════════════════════════════════════════
  TURN 21 — 3600 B.C. (8ms)
══════════════════════════════════════════════════════════════════════
  [Civ 1] Romans (despotism): 1 cities, 2 units, 31g, 7 techs, researching Iron Working (27/33)
    Rome: size=2, prod=Wonder41 (18sh), bldgs=Palace
    Units: 1x Warriors, 1x Archers
  [Civ 2] Babylonians (despotism): 1 cities, 1 units, 19g, 7 techs, researching Map Making (15/33)
    Babylon: size=2, prod=Wonder45 (48sh), bldgs=Palace
    Units: 1x Warriors
  [Civ 3] Germans (despotism): 1 cities, 1 units, 126g, 8 techs, researching Iron Working (24/28)
    Berlin: size=2, prod=building:3 (48sh), bldgs=Palace
    Units: 1x Warriors
  [Civ 4] Egyptians (despotism): 1 cities, 1 units, 65g, 7 techs, researching Iron Working (5/33)
    Thebes: size=2, prod=Wonder39 (57sh), bldgs=Palace
    Units: 1x Warriors
  [Civ 1] Romans turn: 2 actions — MOVE_UNIT(1), UNIT_ORDER(1)
    RUSH_BUY city=2

══════════════════════════════════════════════════════════════════════
  TURN 22 — 3580 B.C. (7ms)
══════════════════════════════════════════════════════════════════════
  [Civ 1] Romans (despotism): 1 cities, 2 units, 33g, 7 techs, researching Iron Working (30/33)
    Rome: size=2, prod=Wonder41 (21sh), bldgs=Palace
    Units: 1x Warriors, 1x Archers
  [Civ 2] Babylonians (despotism): 1 cities, 1 units, 20g, 7 techs, researching Map Making (18/33)
    Babylon: size=2, prod=Wonder45 (51sh), bldgs=Palace
    Units: 1x Warriors
  [Civ 3] Germans (despotism): 1 cities, 1 units, 110g, 8 techs, researching Iron Working (27/28)
    Berlin: size=2, prod=building:3 (60sh), bldgs=Palace
    Units: 1x Warriors
  [Civ 4] Egyptians (despotism): 1 cities, 1 units, 66g, 7 techs, researching Iron Working (8/33)
    Thebes: size=2, prod=Wonder39 (61sh), bldgs=Palace
    Units: 1x Warriors
  [Civ 1] Romans turn: 2 actions — MOVE_UNIT(1), UNIT_ORDER(1)
    >>> Germans discovered: Iron Working
    >>> Berlin built building:3
    SET_RESEARCH tech=Mysticism
    CHANGE_PRODUCTION city=2
    >>> Romans discovered: Iron Working

══════════════════════════════════════════════════════════════════════
  TURN 23 — 3560 B.C. (8ms)
══════════════════════════════════════════════════════════════════════
  [Civ 1] Romans (despotism): 1 cities, 2 units, 33g, 8 techs, researching none (0/28)
    Rome: size=2, prod=Wonder41 (24sh), bldgs=Palace
    Units: 1x Warriors, 1x Archers
  [Civ 2] Babylonians (despotism): 1 cities, 1 units, 21g, 7 techs, researching Map Making (21/33)
    Babylon: size=2, prod=Wonder45 (54sh), bldgs=Palace
    Units: 1x Warriors
  [Civ 3] Germans (despotism): 1 cities, 1 units, 110g, 9 techs, researching Mysticism (0/32)
    Berlin: size=2, prod=building:7 (1sh), bldgs=Palace, Granary
    Units: 1x Warriors
  [Civ 4] Egyptians (despotism): 1 cities, 1 units, 67g, 7 techs, researching Iron Working (11/33)
    Thebes: size=2, prod=Wonder39 (65sh), bldgs=Palace
    Units: 1x Warriors
  [Civ 1] Romans turn: 3 actions — SET_RESEARCH(1), MOVE_UNIT(1), UNIT_ORDER(1)
    SET_RESEARCH tech=Mathematics

══════════════════════════════════════════════════════════════════════
  TURN 24 — 3540 B.C. (4ms)
══════════════════════════════════════════════════════════════════════
  [Civ 1] Romans (despotism): 1 cities, 2 units, 35g, 8 techs, researching Mathematics (3/28)
    Rome: size=2, prod=Wonder41 (27sh), bldgs=Palace
    Units: 1x Warriors, 1x Archers
  [Civ 2] Babylonians (despotism): 1 cities, 1 units, 22g, 7 techs, researching Map Making (24/33)
    Babylon: size=2, prod=Wonder45 (57sh), bldgs=Palace
    Units: 1x Warriors
  [Civ 3] Germans (despotism): 1 cities, 1 units, 111g, 9 techs, researching Mysticism (3/32)
    Berlin: size=2, prod=building:7 (4sh), bldgs=Palace, Granary
    Units: 1x Warriors
  [Civ 4] Egyptians (despotism): 1 cities, 1 units, 68g, 7 techs, researching Iron Working (14/33)
    Thebes: size=2, prod=Wonder39 (69sh), bldgs=Palace
    Units: 1x Warriors
  [Civ 1] Romans turn: 2 actions — MOVE_UNIT(1), UNIT_ORDER(1)
    SET_RESEARCH tech=Map Making
    >>> Rome grew to size 3

══════════════════════════════════════════════════════════════════════
  TURN 25 — 3520 B.C. (4ms)
══════════════════════════════════════════════════════════════════════
  [Civ 1] Romans (despotism): 1 cities, 2 units, 37g, 8 techs, researching Mathematics (7/28)
    Rome: size=3, prod=Wonder41 (30sh), bldgs=Palace
    Units: 1x Warriors, 1x Archers
  [Civ 2] Babylonians (despotism): 1 cities, 1 units, 23g, 8 techs, researching Map Making (27/28)
    Babylon: size=2, prod=Wonder45 (60sh), bldgs=Palace
    Units: 1x Warriors
  [Civ 3] Germans (despotism): 1 cities, 1 units, 112g, 9 techs, researching Mysticism (6/32)
    Berlin: size=2, prod=building:7 (7sh), bldgs=Palace, Granary
    Units: 1x Warriors
  [Civ 4] Egyptians (despotism): 1 cities, 1 units, 69g, 8 techs, researching Map Making (17/28)
    Thebes: size=2, prod=Wonder39 (73sh), bldgs=Palace
    Units: 1x Warriors
  [Civ 1] Romans turn: 2 actions — MOVE_UNIT(1), UNIT_ORDER(1)
    >>> Babylonians discovered: Map Making
    >>> Babylon grew to size 3
    SET_RESEARCH tech=The Wheel
    >>> Berlin grew to size 3

══════════════════════════════════════════════════════════════════════
  TURN 26 — 3500 B.C. (5ms)
══════════════════════════════════════════════════════════════════════
  [Civ 1] Romans (despotism): 1 cities, 2 units, 39g, 8 techs, researching Mathematics (11/28)
    Rome: size=3, prod=Wonder41 (34sh), bldgs=Palace
    Units: 1x Warriors, 1x Archers
  [Civ 2] Babylonians (despotism): 1 cities, 1 units, 23g, 9 techs, researching The Wheel (0/32)
    Babylon: size=3, prod=Wonder45 (63sh), bldgs=Palace
    Units: 1x Warriors
  [Civ 3] Germans (despotism): 1 cities, 1 units, 113g, 9 techs, researching Mysticism (11/32)
    Berlin: size=3, prod=building:7 (10sh), bldgs=Palace, Granary
    Units: 1x Warriors
  [Civ 4] Egyptians (despotism): 1 cities, 1 units, 70g, 8 techs, researching Map Making (20/28)
    Thebes: size=2, prod=Wonder39 (77sh), bldgs=Palace
    Units: 1x Warriors
  [Civ 1] Romans turn: 2 actions — MOVE_UNIT(1), UNIT_ORDER(1)

══════════════════════════════════════════════════════════════════════
  TURN 27 — 3480 B.C. (4ms)
══════════════════════════════════════════════════════════════════════
  [Civ 1] Romans (despotism): 1 cities, 2 units, 41g, 8 techs, researching Mathematics (15/28)
    Rome: size=3, prod=Wonder41 (38sh), bldgs=Palace
    Units: 1x Warriors, 1x Archers
  [Civ 2] Babylonians (despotism): 1 cities, 1 units, 25g, 9 techs, researching The Wheel (3/32)
    Babylon: size=3, prod=Wonder45 (67sh), bldgs=Palace
    Units: 1x Warriors
  [Civ 3] Germans (despotism): 1 cities, 1 units, 114g, 9 techs, researching Mysticism (16/32)
    Berlin: size=3, prod=building:7 (15sh), bldgs=Palace, Granary
    Units: 1x Warriors
  [Civ 4] Egyptians (despotism): 1 cities, 1 units, 71g, 8 techs, researching Map Making (23/28)
    Thebes: size=2, prod=Wonder39 (81sh), bldgs=Palace
    Units: 1x Warriors
  [Civ 1] Romans turn: 2 actions — MOVE_UNIT(1), UNIT_ORDER(1)

══════════════════════════════════════════════════════════════════════
  TURN 28 — 3460 B.C. (3ms)
══════════════════════════════════════════════════════════════════════
  [Civ 1] Romans (despotism): 1 cities, 2 units, 43g, 8 techs, researching Mathematics (19/28)
    Rome: size=3, prod=Wonder41 (42sh), bldgs=Palace
    Units: 1x Warriors, 1x Archers
  [Civ 2] Babylonians (despotism): 1 cities, 1 units, 27g, 9 techs, researching The Wheel (6/32)
    Babylon: size=3, prod=Wonder45 (71sh), bldgs=Palace
    Units: 1x Warriors
  [Civ 3] Germans (despotism): 1 cities, 1 units, 115g, 9 techs, researching Mysticism (21/32)
    Berlin: size=3, prod=building:7 (20sh), bldgs=Palace, Granary
    Units: 1x Warriors
  [Civ 4] Egyptians (despotism): 1 cities, 1 units, 72g, 8 techs, researching Map Making (26/28)
    Thebes: size=2, prod=Wonder39 (85sh), bldgs=Palace
    Units: 1x Warriors
  [Civ 1] Romans turn: 2 actions — MOVE_UNIT(1), UNIT_ORDER(1)
    >>> Egyptians discovered: Map Making
    SET_RESEARCH tech=Writing

══════════════════════════════════════════════════════════════════════
  TURN 29 — 3440 B.C. (4ms)
══════════════════════════════════════════════════════════════════════
  [Civ 1] Romans (despotism): 1 cities, 2 units, 45g, 8 techs, researching Mathematics (23/28)
    Rome: size=3, prod=Wonder41 (46sh), bldgs=Palace
    Units: 1x Warriors, 1x Archers
  [Civ 2] Babylonians (despotism): 1 cities, 1 units, 29g, 9 techs, researching The Wheel (9/32)
    Babylon: size=3, prod=Wonder45 (75sh), bldgs=Palace
    Units: 1x Warriors
  [Civ 3] Germans (despotism): 1 cities, 1 units, 116g, 9 techs, researching Mysticism (26/32)
    Berlin: size=3, prod=building:7 (25sh), bldgs=Palace, Granary
    Units: 1x Warriors
  [Civ 4] Egyptians (despotism): 1 cities, 1 units, 72g, 9 techs, researching Writing (0/32)
    Thebes: size=2, prod=Wonder39 (89sh), bldgs=Palace
    Units: 1x Warriors
  [Civ 1] Romans turn: 2 actions — MOVE_UNIT(1), UNIT_ORDER(1)

══════════════════════════════════════════════════════════════════════
  TURN 30 — 3420 B.C. (4ms)
══════════════════════════════════════════════════════════════════════
  [Civ 1] Romans (despotism): 1 cities, 2 units, 47g, 9 techs, researching Mathematics (27/32)
    Rome: size=3, prod=Wonder41 (50sh), bldgs=Palace
    Units: 1x Warriors, 1x Archers
  [Civ 2] Babylonians (despotism): 1 cities, 1 units, 31g, 9 techs, researching The Wheel (12/32)
    Babylon: size=3, prod=Wonder45 (79sh), bldgs=Palace
    Units: 1x Warriors
  [Civ 3] Germans (despotism): 1 cities, 1 units, 117g, 9 techs, researching Mysticism (31/32)
    Berlin: size=3, prod=building:7 (30sh), bldgs=Palace, Granary
    Units: 1x Warriors
  [Civ 4] Egyptians (despotism): 1 cities, 1 units, 73g, 9 techs, researching Writing (3/32)
    Thebes: size=2, prod=Wonder39 (93sh), bldgs=Palace
    Units: 1x Warriors
  [Civ 1] Romans turn: 2 actions — MOVE_UNIT(1), UNIT_ORDER(1)
    >>> Germans discovered: Mysticism
    SET_RESEARCH tech=Mathematics
    >>> Romans discovered: Mathematics

══════════════════════════════════════════════════════════════════════
  TURN 31 — 3400 B.C. (9ms)
══════════════════════════════════════════════════════════════════════
  [Civ 1] Romans (despotism): 1 cities, 2 units, 47g, 10 techs, researching none (0/24)
    Rome: size=3, prod=Wonder41 (54sh), bldgs=Palace
    Units: 1x Warriors, 1x Archers
  [Civ 2] Babylonians (despotism): 1 cities, 1 units, 33g, 9 techs, researching The Wheel (15/21)
    Babylon: size=3, prod=Wonder45 (83sh), bldgs=Palace
    Units: 1x Warriors
  [Civ 3] Germans (despotism): 1 cities, 1 units, 117g, 11 techs, researching Mathematics (0/52)
    Berlin: size=3, prod=building:7 (35sh), bldgs=Palace, Granary
    Units: 1x Warriors
  [Civ 4] Egyptians (despotism): 1 cities, 1 units, 74g, 9 techs, researching Writing (6/21)
    Thebes: size=2, prod=Wonder39 (97sh), bldgs=Palace
    Units: 1x Warriors
  [Civ 1] Romans turn: 3 actions — SET_RESEARCH(1), MOVE_UNIT(1), UNIT_ORDER(1)
    SET_RESEARCH tech=The Wheel

══════════════════════════════════════════════════════════════════════
  TURN 32 — 3380 B.C. (4ms)
══════════════════════════════════════════════════════════════════════
  [Civ 1] Romans (despotism): 1 cities, 2 units, 49g, 10 techs, researching The Wheel (4/24)
    Rome: size=3, prod=Wonder41 (58sh), bldgs=Palace
    Units: 1x Warriors, 1x Archers
  [Civ 2] Babylonians (despotism): 1 cities, 1 units, 35g, 9 techs, researching The Wheel (18/21)
    Babylon: size=3, prod=Wonder45 (87sh), bldgs=Palace
    Units: 1x Warriors
  [Civ 3] Germans (despotism): 1 cities, 1 units, 118g, 11 techs, researching Mathematics (5/52)
    Berlin: size=3, prod=building:7 (40sh), bldgs=Palace, Granary
    Units: 1x Warriors
  [Civ 4] Egyptians (despotism): 1 cities, 1 units, 75g, 9 techs, researching Writing (9/21)
    Thebes: size=2, prod=Wonder39 (101sh), bldgs=Palace
    Units: 1x Warriors
  [Civ 1] Romans turn: 5 actions — ADJUST_ATTITUDE(3), MOVE_UNIT(1), UNIT_ORDER(1)
    ADJUST_ATTITUDE target=civ2
    ADJUST_ATTITUDE target=civ3
    ADJUST_ATTITUDE target=civ4
    >>> Babylonians discovered: The Wheel
    SET_RESEARCH tech=Currency
    ADJUST_ATTITUDE target=civ1
    ADJUST_ATTITUDE target=civ3
    ADJUST_ATTITUDE target=civ4
    ADJUST_ATTITUDE target=civ1
    ADJUST_ATTITUDE target=civ2
    ADJUST_ATTITUDE target=civ4
    ADJUST_ATTITUDE target=civ1
    ADJUST_ATTITUDE target=civ2
    ADJUST_ATTITUDE target=civ3

══════════════════════════════════════════════════════════════════════
  TURN 33 — 3360 B.C. (5ms)
══════════════════════════════════════════════════════════════════════
  [Civ 1] Romans (despotism): 1 cities, 2 units, 51g, 10 techs, researching The Wheel (8/24)
    Rome: size=3, prod=Wonder41 (62sh), bldgs=Palace
    Units: 1x Warriors, 1x Archers
  [Civ 2] Babylonians (despotism): 1 cities, 1 units, 35g, 10 techs, researching Currency (0/24)
    Babylon: size=3, prod=Wonder45 (91sh), bldgs=Palace
    Units: 1x Warriors
  [Civ 3] Germans (despotism): 1 cities, 1 units, 119g, 11 techs, researching Mathematics (10/52)
    Berlin: size=3, prod=building:7 (45sh), bldgs=Palace, Granary
    Units: 1x Warriors
  [Civ 4] Egyptians (despotism): 1 cities, 1 units, 76g, 9 techs, researching Writing (12/21)
    Thebes: size=2, prod=Wonder39 (105sh), bldgs=Palace
    Units: 1x Warriors
  [Civ 1] Romans turn: 2 actions — MOVE_UNIT(1), UNIT_ORDER(1)

══════════════════════════════════════════════════════════════════════
  TURN 34 — 3340 B.C. (4ms)
══════════════════════════════════════════════════════════════════════
  [Civ 1] Romans (despotism): 1 cities, 2 units, 53g, 10 techs, researching The Wheel (12/24)
    Rome: size=3, prod=Wonder41 (66sh), bldgs=Palace
    Units: 1x Warriors, 1x Archers
  [Civ 2] Babylonians (despotism): 1 cities, 1 units, 37g, 10 techs, researching Currency (3/24)
    Babylon: size=3, prod=Wonder45 (95sh), bldgs=Palace
    Units: 1x Warriors
  [Civ 3] Germans (despotism): 1 cities, 1 units, 120g, 11 techs, researching Mathematics (15/52)
    Berlin: size=3, prod=building:7 (50sh), bldgs=Palace, Granary
    Units: 1x Warriors
  [Civ 4] Egyptians (despotism): 1 cities, 1 units, 77g, 9 techs, researching Writing (15/21)
    Thebes: size=2, prod=Wonder39 (109sh), bldgs=Palace
    Units: 1x Warriors
  [Civ 1] Romans turn: 2 actions — MOVE_UNIT(1), UNIT_ORDER(1)

══════════════════════════════════════════════════════════════════════
  TURN 35 — 3320 B.C. (4ms)
══════════════════════════════════════════════════════════════════════
  [Civ 1] Romans (despotism): 1 cities, 2 units, 55g, 10 techs, researching The Wheel (16/24)
    Rome: size=3, prod=Wonder41 (70sh), bldgs=Palace
    Units: 1x Warriors, 1x Archers
  [Civ 2] Babylonians (despotism): 1 cities, 1 units, 39g, 10 techs, researching Currency (6/24)
    Babylon: size=3, prod=Wonder45 (99sh), bldgs=Palace
    Units: 1x Warriors
  [Civ 3] Germans (despotism): 1 cities, 1 units, 121g, 11 techs, researching Mathematics (20/52)
    Berlin: size=3, prod=building:7 (55sh), bldgs=Palace, Granary
    Units: 1x Warriors
  [Civ 4] Egyptians (despotism): 1 cities, 1 units, 78g, 9 techs, researching Writing (18/21)
    Thebes: size=2, prod=Wonder39 (113sh), bldgs=Palace
    Units: 1x Warriors
  [Civ 1] Romans turn: 2 actions — MOVE_UNIT(1), UNIT_ORDER(1)
    >>> Egyptians discovered: Writing
    SET_RESEARCH tech=Currency

══════════════════════════════════════════════════════════════════════
  TURN 36 — 3300 B.C. (4ms)
══════════════════════════════════════════════════════════════════════
  [Civ 1] Romans (despotism): 1 cities, 2 units, 57g, 10 techs, researching The Wheel (20/24)
    Rome: size=3, prod=Wonder41 (74sh), bldgs=Palace
    Units: 1x Warriors, 1x Archers
  [Civ 2] Babylonians (despotism): 1 cities, 1 units, 41g, 10 techs, researching Currency (9/24)
    Babylon: size=3, prod=Wonder45 (103sh), bldgs=Palace
    Units: 1x Warriors
  [Civ 3] Germans (despotism): 1 cities, 1 units, 122g, 11 techs, researching Mathematics (25/52)
    Berlin: size=3, prod=building:7 (60sh), bldgs=Palace, Granary
    Units: 1x Warriors
  [Civ 4] Egyptians (despotism): 1 cities, 1 units, 78g, 10 techs, researching Currency (0/24)
    Thebes: size=2, prod=Wonder39 (117sh), bldgs=Palace
    Units: 1x Warriors
  [Civ 1] Romans turn: 2 actions — MOVE_UNIT(1), UNIT_ORDER(1)
    COMBAT: ? vs ? → capture (atkHp=undefined, defHp=undefined)
    >>> Romans discovered: The Wheel

══════════════════════════════════════════════════════════════════════
  TURN 37 — 3280 B.C. (9ms)
══════════════════════════════════════════════════════════════════════
  [Civ 1] Romans (despotism): 1 cities, 2 units, 57g, 11 techs, researching none (0/52)
    Rome: size=3, prod=Wonder41 (78sh), bldgs=Palace
    Units: 1x Warriors, 1x Archers
  [Civ 2] Babylonians (despotism): 1 cities, 1 units, 43g, 10 techs, researching Currency (12/24)
    Babylon: size=3, prod=Wonder45 (107sh), bldgs=Palace
    Units: 1x Warriors
  [Civ 3] Germans (despotism): 0 cities, 1 units, 31g, 11 techs, researching Mathematics (30/52)
    Units: 1x Warriors
  [Civ 4] Egyptians (despotism): 2 cities, 1 units, 171g, 11 techs, researching Currency (3/52)
    Berlin: size=2, prod=Warriors (0sh), bldgs=Granary
    Thebes: size=2, prod=Wonder39 (121sh), bldgs=Palace
    Units: 1x Warriors
  [Civ 1] Romans turn: 3 actions — SET_RESEARCH(1), MOVE_UNIT(1), UNIT_ORDER(1)
    SET_RESEARCH tech=Currency
    CHANGE_PRODUCTION city=2
    CHANGE_PRODUCTION city=3

══════════════════════════════════════════════════════════════════════
  TURN 38 — 3260 B.C. (8ms)
══════════════════════════════════════════════════════════════════════
  [Civ 1] Romans (despotism): 1 cities, 2 units, 59g, 12 techs, researching Currency (4/57)
    Rome: size=3, prod=Wonder41 (82sh), bldgs=Palace
    Units: 1x Warriors, 1x Archers
  [Civ 2] Babylonians (despotism): 1 cities, 1 units, 45g, 10 techs, researching Currency (15/24)
    Babylon: size=3, prod=Wonder45 (111sh), bldgs=Palace
    Units: 1x Warriors
  [Civ 3] Germans (despotism): 0 cities, 1 units, 31g, 11 techs, researching Mathematics (30/26)
    Units: 1x Warriors
  [Civ 4] Egyptians (despotism): 2 cities, 1 units, 171g, 11 techs, researching Currency (8/26)
    Berlin: size=2, prod=Archers (1sh), bldgs=Granary
    Thebes: size=2, prod=building:3 (0sh), bldgs=Palace
    Units: 1x Warriors
  [Civ 1] Romans turn: 2 actions — MOVE_UNIT(1), UNIT_ORDER(1)
    >>> Germans discovered: Mathematics
    SET_RESEARCH tech=Currency

══════════════════════════════════════════════════════════════════════
  TURN 39 — 3240 B.C. (5ms)
══════════════════════════════════════════════════════════════════════
  [Civ 1] Romans (despotism): 1 cities, 2 units, 61g, 12 techs, researching Currency (8/28)
    Rome: size=3, prod=Wonder41 (86sh), bldgs=Palace
    Units: 1x Warriors, 1x Archers
  [Civ 2] Babylonians (despotism): 1 cities, 1 units, 47g, 11 techs, researching Currency (18/26)
    Babylon: size=3, prod=Wonder45 (115sh), bldgs=Palace
    Units: 1x Warriors
  [Civ 3] Germans (despotism): 0 cities, 1 units, 31g, 13 techs, researching Currency (0/62)
    Units: 1x Warriors
  [Civ 4] Egyptians (despotism): 2 cities, 1 units, 171g, 12 techs, researching Currency (13/28)
    Berlin: size=2, prod=Archers (3sh), bldgs=Granary
    Thebes: size=2, prod=building:3 (4sh), bldgs=Palace
    Units: 1x Warriors
  [Civ 1] Romans turn: 2 actions — MOVE_UNIT(1), UNIT_ORDER(1)

══════════════════════════════════════════════════════════════════════
  TURN 40 — 3220 B.C. (4ms)
══════════════════════════════════════════════════════════════════════
  [Civ 1] Romans (despotism): 1 cities, 2 units, 63g, 12 techs, researching Currency (12/28)
    Rome: size=3, prod=Wonder41 (90sh), bldgs=Palace
    Units: 1x Warriors, 1x Archers
  [Civ 2] Babylonians (despotism): 1 cities, 1 units, 49g, 11 techs, researching Currency (21/26)
    Babylon: size=3, prod=Wonder45 (119sh), bldgs=Palace
    Units: 1x Warriors
  [Civ 3] Germans (despotism): 0 cities, 1 units, 31g, 13 techs, researching Currency (0/62)
    Units: 1x Warriors
  [Civ 4] Egyptians (despotism): 2 cities, 1 units, 171g, 13 techs, researching Currency (18/62)
    Berlin: size=2, prod=Archers (5sh), bldgs=Granary
    Thebes: size=2, prod=building:3 (8sh), bldgs=Palace
    Units: 1x Warriors
  [Civ 1] Romans turn: 2 actions — MOVE_UNIT(1), UNIT_ORDER(1)

══════════════════════════════════════════════════════════════════════
  TURN 41 — 3200 B.C. (6ms)
══════════════════════════════════════════════════════════════════════
  [Civ 1] Romans (despotism): 1 cities, 2 units, 65g, 12 techs, researching Currency (16/28)
    Rome: size=3, prod=Wonder41 (94sh), bldgs=Palace
    Units: 1x Warriors, 1x Archers
  [Civ 2] Babylonians (despotism): 1 cities, 1 units, 51g, 12 techs, researching Currency (24/28)
    Babylon: size=3, prod=Wonder45 (123sh), bldgs=Palace
    Units: 1x Warriors
  [Civ 3] Germans (despotism): 0 cities, 1 units, 31g, 13 techs, researching Currency (0/62)
    Units: 1x Warriors
  [Civ 4] Egyptians (despotism): 2 cities, 1 units, 171g, 13 techs, researching Currency (23/62)
    Berlin: size=2, prod=Archers (7sh), bldgs=Granary
    Thebes: size=2, prod=building:3 (12sh), bldgs=Palace
    Units: 1x Warriors
  [Civ 1] Romans turn: 2 actions — MOVE_UNIT(1), UNIT_ORDER(1)

══════════════════════════════════════════════════════════════════════
  TURN 42 — 3180 B.C. (4ms)
══════════════════════════════════════════════════════════════════════
  [Civ 1] Romans (despotism): 1 cities, 2 units, 67g, 12 techs, researching Currency (20/28)
    Rome: size=3, prod=Wonder41 (98sh), bldgs=Palace
    Units: 1x Warriors, 1x Archers
  [Civ 2] Babylonians (despotism): 1 cities, 1 units, 53g, 12 techs, researching Currency (27/28)
    Babylon: size=3, prod=Wonder45 (127sh), bldgs=Palace
    Units: 1x Warriors
  [Civ 3] Germans (despotism): 0 cities, 1 units, 31g, 13 techs, researching Currency (0/62)
    Units: 1x Warriors
  [Civ 4] Egyptians (despotism): 2 cities, 1 units, 171g, 13 techs, researching Currency (28/62)
    Berlin: size=2, prod=Archers (9sh), bldgs=Granary
    Thebes: size=2, prod=building:3 (16sh), bldgs=Palace
    Units: 1x Warriors
  [Civ 1] Romans turn: 2 actions — MOVE_UNIT(1), UNIT_ORDER(1)
    >>> Babylonians discovered: Currency
    SET_RESEARCH tech=Construction

══════════════════════════════════════════════════════════════════════
  TURN 43 — 3160 B.C. (5ms)
══════════════════════════════════════════════════════════════════════
  [Civ 1] Romans (despotism): 1 cities, 2 units, 69g, 12 techs, researching Currency (24/28)
    Rome: size=3, prod=Wonder41 (102sh), bldgs=Palace
    Units: 1x Warriors, 1x Archers
  [Civ 2] Babylonians (despotism): 1 cities, 1 units, 53g, 13 techs, researching Construction (0/62)
    Babylon: size=3, prod=Wonder45 (131sh), bldgs=Palace
    Units: 1x Warriors
  [Civ 3] Germans (despotism): 0 cities, 1 units, 31g, 13 techs, researching Currency (0/62)
    Units: 1x Warriors
  [Civ 4] Egyptians (despotism): 2 cities, 1 units, 171g, 13 techs, researching Currency (33/62)
    Berlin: size=2, prod=Archers (11sh), bldgs=Granary
    Thebes: size=2, prod=building:3 (20sh), bldgs=Palace
    Units: 1x Warriors
  [Civ 1] Romans turn: 2 actions — MOVE_UNIT(1), UNIT_ORDER(1)
    >>> Romans discovered: Currency

══════════════════════════════════════════════════════════════════════
  TURN 44 — 3140 B.C. (7ms)
══════════════════════════════════════════════════════════════════════
  [Civ 1] Romans (despotism): 1 cities, 2 units, 69g, 13 techs, researching none (0/62)
    Rome: size=3, prod=Wonder41 (106sh), bldgs=Palace
    Units: 1x Warriors, 1x Archers
  [Civ 2] Babylonians (despotism): 1 cities, 1 units, 55g, 13 techs, researching Construction (3/62)
    Babylon: size=3, prod=Wonder45 (135sh), bldgs=Palace
    Units: 1x Warriors
  [Civ 3] Germans (despotism): 0 cities, 1 units, 31g, 13 techs, researching Currency (0/62)
    Units: 1x Warriors
  [Civ 4] Egyptians (despotism): 2 cities, 1 units, 171g, 13 techs, researching Currency (38/62)
    Berlin: size=2, prod=Archers (13sh), bldgs=Granary
    Thebes: size=2, prod=building:3 (24sh), bldgs=Palace
    Units: 1x Warriors
  [Civ 1] Romans turn: 3 actions — SET_RESEARCH(1), MOVE_UNIT(1), UNIT_ORDER(1)
    SET_RESEARCH tech=Trade
    >>> Rome grew to size 4

══════════════════════════════════════════════════════════════════════
  TURN 45 — 3120 B.C. (7ms)
══════════════════════════════════════════════════════════════════════
  [Civ 1] Romans (despotism): 1 cities, 2 units, 71g, 13 techs, researching Trade (5/62)
    Rome: size=4, prod=Wonder41 (110sh), bldgs=Palace
    Units: 1x Warriors, 1x Archers
  [Civ 2] Babylonians (despotism): 1 cities, 1 units, 57g, 13 techs, researching Construction (6/62)
    Babylon: size=3, prod=Wonder45 (139sh), bldgs=Palace
    Units: 1x Warriors
  [Civ 3] Germans (despotism): 0 cities, 1 units, 31g, 13 techs, researching Currency (0/62)
    Units: 1x Warriors
  [Civ 4] Egyptians (despotism): 2 cities, 1 units, 171g, 13 techs, researching Currency (43/62)
    Berlin: size=2, prod=Archers (15sh), bldgs=Granary
    Thebes: size=2, prod=building:3 (28sh), bldgs=Palace
    Units: 1x Warriors
  [Civ 1] Romans turn: 2 actions — MOVE_UNIT(1), UNIT_ORDER(1)
    >>> Babylon grew to size 4
    SET_RESEARCH tech=Astronomy
    >>> Egyptians discovered: Currency
    SET_RESEARCH tech=Construction

══════════════════════════════════════════════════════════════════════
  TURN 46 — 3100 B.C. (8ms)
══════════════════════════════════════════════════════════════════════
  [Civ 1] Romans (despotism): 1 cities, 2 units, 73g, 13 techs, researching Trade (10/31)
    Rome: size=4, prod=Wonder41 (115sh), bldgs=Palace
    Units: 1x Warriors, 1x Archers
  [Civ 2] Babylonians (despotism): 1 cities, 1 units, 59g, 13 techs, researching Construction (9/31)
    Babylon: size=4, prod=Wonder45 (143sh), bldgs=Palace
    Units: 1x Warriors
  [Civ 3] Germans (despotism): 0 cities, 1 units, 31g, 14 techs, researching Astronomy (0/67)
    Units: 1x Warriors
  [Civ 4] Egyptians (despotism): 2 cities, 1 units, 171g, 14 techs, researching Construction (0/67)
    Berlin: size=2, prod=Archers (17sh), bldgs=Granary
    Thebes: size=2, prod=building:3 (32sh), bldgs=Palace
    Units: 1x Warriors
  [Civ 1] Romans turn: 2 actions — MOVE_UNIT(1), UNIT_ORDER(1)

══════════════════════════════════════════════════════════════════════
  TURN 47 — 3080 B.C. (6ms)
══════════════════════════════════════════════════════════════════════
  [Civ 1] Romans (despotism): 1 cities, 2 units, 75g, 13 techs, researching Trade (15/31)
    Rome: size=4, prod=Wonder41 (120sh), bldgs=Palace
    Units: 1x Warriors, 1x Archers
  [Civ 2] Babylonians (despotism): 1 cities, 1 units, 61g, 13 techs, researching Construction (12/31)
    Babylon: size=4, prod=Wonder45 (147sh), bldgs=Palace
    Units: 1x Warriors
  [Civ 3] Germans (despotism): 0 cities, 1 units, 31g, 14 techs, researching Astronomy (0/67)
    Units: 1x Warriors
  [Civ 4] Egyptians (despotism): 2 cities, 1 units, 171g, 14 techs, researching Construction (5/67)
    Berlin: size=2, prod=Archers (19sh), bldgs=Granary
    Thebes: size=2, prod=building:3 (36sh), bldgs=Palace
    Units: 1x Warriors
  [Civ 1] Romans turn: 2 actions — MOVE_UNIT(1), UNIT_ORDER(1)
    RUSH_BUY city=3

══════════════════════════════════════════════════════════════════════
  TURN 48 — 3060 B.C. (7ms)
══════════════════════════════════════════════════════════════════════
  [Civ 1] Romans (despotism): 1 cities, 2 units, 77g, 13 techs, researching Trade (20/31)
    Rome: size=4, prod=Wonder41 (125sh), bldgs=Palace
    Units: 1x Warriors, 1x Archers
  [Civ 2] Babylonians (despotism): 1 cities, 1 units, 63g, 13 techs, researching Construction (15/31)
    Babylon: size=4, prod=Wonder45 (151sh), bldgs=Palace
    Units: 1x Warriors
  [Civ 3] Germans (despotism): 0 cities, 1 units, 31g, 14 techs, researching Astronomy (0/67)
    Units: 1x Warriors
  [Civ 4] Egyptians (despotism): 2 cities, 1 units, 131g, 14 techs, researching Construction (10/67)
    Berlin: size=2, prod=Archers (21sh), bldgs=Granary
    Thebes: size=2, prod=building:3 (60sh), bldgs=Palace
    Units: 1x Warriors
  [Civ 1] Romans turn: 2 actions — MOVE_UNIT(1), UNIT_ORDER(1)
    >>> Thebes built building:3
    CHANGE_PRODUCTION city=3

══════════════════════════════════════════════════════════════════════
  TURN 49 — 3040 B.C. (5ms)
══════════════════════════════════════════════════════════════════════
  [Civ 1] Romans (despotism): 1 cities, 2 units, 79g, 13 techs, researching Trade (25/31)
    Rome: size=4, prod=Wonder41 (130sh), bldgs=Palace
    Units: 1x Warriors, 1x Archers
  [Civ 2] Babylonians (despotism): 1 cities, 1 units, 65g, 13 techs, researching Construction (18/31)
    Babylon: size=4, prod=Wonder45 (155sh), bldgs=Palace
    Units: 1x Warriors
  [Civ 3] Germans (despotism): 0 cities, 1 units, 31g, 14 techs, researching Astronomy (0/67)
    Units: 1x Warriors
  [Civ 4] Egyptians (despotism): 2 cities, 1 units, 130g, 14 techs, researching Construction (15/67)
    Berlin: size=2, prod=Archers (23sh), bldgs=Granary
    Thebes: size=2, prod=building:7 (2sh), bldgs=Palace, Granary
    Units: 1x Warriors
  [Civ 1] Romans turn: 2 actions — MOVE_UNIT(1), UNIT_ORDER(1)

══════════════════════════════════════════════════════════════════════
  FINAL SUMMARY
══════════════════════════════════════════════════════════════════════
Game ended at turn 50 (3020 B.C.)

── Civ 1: Romans (despotism) ALIVE ──
  Cities: 1 (peak 1, founded 1)
  Units:  2 (peak 2)
  Treasury: 81g
  Techs discovered: 5 — Alphabet, Iron Working, Mathematics, The Wheel, Currency
  Actions: 117 total, 0 idle turns
  Breakdown: UNIT_ORDER(53), MOVE_UNIT(50), SET_RESEARCH(6), CHANGE_PRODUCTION(3), ADJUST_ATTITUDE(3), CHANGE_RATES(1), BUILD_CITY(1)
  Army: 1x Warriors, 1x Archers
  Rome: size=4, shields=135

── Civ 2: Babylonians (despotism) ALIVE ──
  Cities: 1 (peak 1, founded 1)
  Units:  1 (peak 1)
  Treasury: 67g
  Techs discovered: 4 — Code of Laws, Map Making, The Wheel, Currency
  Actions: 113 total, 0 idle turns
  Breakdown: UNIT_ORDER(51), MOVE_UNIT(50), SET_RESEARCH(6), ADJUST_ATTITUDE(3), CHANGE_RATES(1), BUILD_CITY(1), CHANGE_PRODUCTION(1)
  Army: 1x Warriors
  Babylon: size=4, shields=159

── Civ 3: Germans (despotism) ALIVE ──
  Cities: 0 (peak 1, founded 1)
  Units:  1 (peak 1)
  Treasury: 31g
  Techs discovered: 4 — Alphabet, Iron Working, Mysticism, Mathematics
  Actions: 115 total, 0 idle turns
  Breakdown: UNIT_ORDER(51), MOVE_UNIT(50), SET_RESEARCH(6), ADJUST_ATTITUDE(3), CHANGE_PRODUCTION(2), CHANGE_RATES(1), BUILD_CITY(1), RUSH_BUY(1)
  Army: 1x Warriors

── Civ 4: Egyptians (despotism) ALIVE ──
  Cities: 2 (peak 2, founded 1)
  Units:  1 (peak 1)
  Treasury: 129g
  Techs discovered: 4 — Code of Laws, Map Making, Writing, Currency
  Actions: 95 total, 9 idle turns
  Breakdown: UNIT_ORDER(40), MOVE_UNIT(37), SET_RESEARCH(7), CHANGE_PRODUCTION(4), ADJUST_ATTITUDE(4), CHANGE_RATES(1), BUILD_CITY(1), RUSH_BUY(1)
  Army: 1x Warriors
  Berlin: size=2, shields=25
  Thebes: size=2, shields=6


══════════════════════════════════════════════════════════════════════
  AI BEHAVIOR ANALYSIS
══════════════════════════════════════════════════════════════════════
[Civ 1] Romans:
  WARNING: Only 1 city after 30+ turns

[Civ 2] Babylonians:
  WARNING: Only 1 city after 30+ turns

[Civ 3] Germans:
  WARNING: Only 1 city after 30+ turns

[Civ 4] Egyptians:
  WARNING: Only 1 city after 30+ turns

