Charlization AI Headless Simulation
Date: 2026-03-16T23:49:52.584Z
Settings: 50 turns, 4 AI players, 50x80 map, difficulty=prince
Map seed: 14575
Map generated in 53ms
Game initialized: 4 civs, 8 starting units
  Civ 1 (Romans): starts at (12,34) on Grassland
  Civ 2 (Babylonians): starts at (5,71) on Grassland
  Civ 3 (Germans): starts at (10,8) on Grassland
  Civ 4 (Egyptians): starts at (30,64) on Grassland
    SET_RESEARCH tech=Bronze Working
    CHANGE_RATES sci=6 tax=4 lux=undefined
    BUILD_CITY unit=0 name="Rome"
    1 actions REJECTED (of 6)
    SET_RESEARCH tech=Alphabet
    CHANGE_RATES sci=6 tax=4 lux=undefined
    BUILD_CITY unit=2 name="Babylon"
    1 actions REJECTED (of 6)
    SET_RESEARCH tech=Ceremonial Burial
    CHANGE_RATES sci=6 tax=4 lux=undefined
    BUILD_CITY unit=4 name="Berlin"
    1 actions REJECTED (of 6)
    SET_RESEARCH tech=Map Making
    CHANGE_RATES sci=6 tax=4 lux=undefined
    BUILD_CITY unit=6 name="Thebes"
    1 actions REJECTED (of 6)

══════════════════════════════════════════════════════════════════════
  TURN 1 — 4000 B.C. (31ms)
══════════════════════════════════════════════════════════════════════
  [Civ 1] Romans (despotism): 1 cities, 1 units, 1g, 3 techs, researching Bronze Working (3/28)
    Rome: size=1, prod=Warriors (2sh), bldgs=Palace
    Units: 1x Warriors
  [Civ 2] Babylonians (despotism): 1 cities, 1 units, 0g, 3 techs, researching Alphabet (0/28)
    Babylon: size=1, prod=Warriors (0sh), bldgs=Palace
    Units: 1x Warriors
  [Civ 3] Germans (despotism): 1 cities, 1 units, 0g, 3 techs, researching Ceremonial Burial (0/28)
    Berlin: size=1, prod=Warriors (0sh), bldgs=Palace
    Units: 1x Warriors
  [Civ 4] Egyptians (despotism): 1 cities, 1 units, 39g, 3 techs, researching Map Making (0/28)
    Thebes: size=1, prod=Warriors (0sh), bldgs=Palace
    Units: 1x Warriors
  [Civ 1] Romans turn: 3 actions — CHANGE_PRODUCTION(1), MOVE_UNIT(1), UNIT_ORDER(1)
    CHANGE_PRODUCTION city=0
    SET_RESEARCH tech=Code of Laws
    CHANGE_PRODUCTION city=1
    CHANGE_PRODUCTION city=2
    CHANGE_PRODUCTION city=3

══════════════════════════════════════════════════════════════════════
  TURN 2 — 3980 B.C. (14ms)
══════════════════════════════════════════════════════════════════════
  [Civ 1] Romans (despotism): 1 cities, 1 units, 2g, 5 techs, researching Bronze Working (6/36)
    Rome: size=1, prod=Wonder40 (2sh), bldgs=Palace
    Units: 1x Warriors
  [Civ 2] Babylonians (despotism): 1 cities, 1 units, 1g, 4 techs, researching Code of Laws (3/33)
    Babylon: size=1, prod=building:3 (0sh), bldgs=Palace
    Units: 1x Warriors
  [Civ 3] Germans (despotism): 1 cities, 1 units, 1g, 4 techs, researching Ceremonial Burial (3/33)
    Berlin: size=1, prod=building:3 (0sh), bldgs=Palace
    Units: 1x Warriors
  [Civ 4] Egyptians (despotism): 1 cities, 1 units, 40g, 5 techs, researching Map Making (3/36)
    Thebes: size=1, prod=building:3 (0sh), bldgs=Palace
    Units: 1x Warriors
  [Civ 1] Romans turn: 2 actions — MOVE_UNIT(1), UNIT_ORDER(1)

══════════════════════════════════════════════════════════════════════
  TURN 3 — 3960 B.C. (6ms)
══════════════════════════════════════════════════════════════════════
  [Civ 1] Romans (despotism): 1 cities, 1 units, 3g, 5 techs, researching Bronze Working (9/36)
    Rome: size=1, prod=Wonder40 (4sh), bldgs=Palace
    Units: 1x Warriors
  [Civ 2] Babylonians (despotism): 1 cities, 1 units, 2g, 4 techs, researching Code of Laws (6/33)
    Babylon: size=1, prod=building:3 (2sh), bldgs=Palace
    Units: 1x Warriors
  [Civ 3] Germans (despotism): 1 cities, 1 units, 2g, 4 techs, researching Ceremonial Burial (6/33)
    Berlin: size=1, prod=building:3 (2sh), bldgs=Palace
    Units: 1x Warriors
  [Civ 4] Egyptians (despotism): 1 cities, 1 units, 41g, 5 techs, researching Map Making (6/36)
    Thebes: size=1, prod=building:3 (2sh), bldgs=Palace
    Units: 1x Warriors
  [Civ 1] Romans turn: 2 actions — MOVE_UNIT(1), UNIT_ORDER(1)

══════════════════════════════════════════════════════════════════════
  TURN 4 — 3940 B.C. (6ms)
══════════════════════════════════════════════════════════════════════
  [Civ 1] Romans (despotism): 1 cities, 1 units, 4g, 5 techs, researching Bronze Working (12/36)
    Rome: size=1, prod=Wonder40 (6sh), bldgs=Palace
    Units: 1x Warriors
  [Civ 2] Babylonians (despotism): 1 cities, 1 units, 3g, 4 techs, researching Code of Laws (9/33)
    Babylon: size=1, prod=building:3 (4sh), bldgs=Palace
    Units: 1x Warriors
  [Civ 3] Germans (despotism): 1 cities, 1 units, 3g, 4 techs, researching Ceremonial Burial (9/33)
    Berlin: size=1, prod=building:3 (4sh), bldgs=Palace
    Units: 1x Warriors
  [Civ 4] Egyptians (despotism): 1 cities, 1 units, 42g, 5 techs, researching Map Making (9/36)
    Thebes: size=1, prod=building:3 (4sh), bldgs=Palace
    Units: 1x Warriors
  [Civ 1] Romans turn: 2 actions — MOVE_UNIT(1), UNIT_ORDER(1)

══════════════════════════════════════════════════════════════════════
  TURN 5 — 3920 B.C. (5ms)
══════════════════════════════════════════════════════════════════════
  [Civ 1] Romans (despotism): 1 cities, 1 units, 5g, 5 techs, researching Bronze Working (15/36)
    Rome: size=1, prod=Wonder40 (8sh), bldgs=Palace
    Units: 1x Warriors
  [Civ 2] Babylonians (despotism): 1 cities, 1 units, 4g, 4 techs, researching Code of Laws (12/33)
    Babylon: size=1, prod=building:3 (6sh), bldgs=Palace
    Units: 1x Warriors
  [Civ 3] Germans (despotism): 1 cities, 1 units, 4g, 4 techs, researching Ceremonial Burial (12/33)
    Berlin: size=1, prod=building:3 (6sh), bldgs=Palace
    Units: 1x Warriors
  [Civ 4] Egyptians (despotism): 1 cities, 1 units, 43g, 5 techs, researching Map Making (12/36)
    Thebes: size=1, prod=building:3 (6sh), bldgs=Palace
    Units: 1x Warriors
  [Civ 1] Romans turn: 2 actions — MOVE_UNIT(1), UNIT_ORDER(1)

══════════════════════════════════════════════════════════════════════
  TURN 6 — 3900 B.C. (4ms)
══════════════════════════════════════════════════════════════════════
  [Civ 1] Romans (despotism): 1 cities, 1 units, 6g, 5 techs, researching Bronze Working (18/36)
    Rome: size=1, prod=Wonder40 (10sh), bldgs=Palace
    Units: 1x Warriors
  [Civ 2] Babylonians (despotism): 1 cities, 1 units, 5g, 4 techs, researching Code of Laws (15/33)
    Babylon: size=1, prod=building:3 (8sh), bldgs=Palace
    Units: 1x Warriors
  [Civ 3] Germans (despotism): 1 cities, 1 units, 5g, 4 techs, researching Ceremonial Burial (15/33)
    Berlin: size=1, prod=building:3 (8sh), bldgs=Palace
    Units: 1x Warriors
  [Civ 4] Egyptians (despotism): 1 cities, 1 units, 44g, 5 techs, researching Map Making (15/36)
    Thebes: size=1, prod=building:3 (8sh), bldgs=Palace
    Units: 1x Warriors
  [Civ 1] Romans turn: 2 actions — MOVE_UNIT(1), UNIT_ORDER(1)

══════════════════════════════════════════════════════════════════════
  TURN 7 — 3880 B.C. (5ms)
══════════════════════════════════════════════════════════════════════
  [Civ 1] Romans (despotism): 1 cities, 1 units, 7g, 5 techs, researching Bronze Working (21/36)
    Rome: size=1, prod=Wonder40 (12sh), bldgs=Palace
    Units: 1x Warriors
  [Civ 2] Babylonians (despotism): 1 cities, 1 units, 6g, 4 techs, researching Code of Laws (18/33)
    Babylon: size=1, prod=building:3 (10sh), bldgs=Palace
    Units: 1x Warriors
  [Civ 3] Germans (despotism): 1 cities, 1 units, 54g, 4 techs, researching Ceremonial Burial (18/33)
    Berlin: size=1, prod=building:3 (10sh), bldgs=Palace
    Units: 1x Warriors
  [Civ 4] Egyptians (despotism): 1 cities, 1 units, 45g, 5 techs, researching Map Making (18/36)
    Thebes: size=1, prod=building:3 (10sh), bldgs=Palace
    Units: 1x Warriors
  [Civ 1] Romans turn: 2 actions — MOVE_UNIT(1), UNIT_ORDER(1)

══════════════════════════════════════════════════════════════════════
  TURN 8 — 3860 B.C. (4ms)
══════════════════════════════════════════════════════════════════════
  [Civ 1] Romans (despotism): 1 cities, 1 units, 8g, 5 techs, researching Bronze Working (24/36)
    Rome: size=1, prod=Wonder40 (14sh), bldgs=Palace
    Units: 1x Warriors
  [Civ 2] Babylonians (despotism): 1 cities, 1 units, 7g, 4 techs, researching Code of Laws (21/33)
    Babylon: size=1, prod=building:3 (12sh), bldgs=Palace
    Units: 1x Warriors
  [Civ 3] Germans (despotism): 1 cities, 1 units, 55g, 4 techs, researching Ceremonial Burial (21/33)
    Berlin: size=1, prod=building:3 (12sh), bldgs=Palace
    Units: 1x Warriors
  [Civ 4] Egyptians (despotism): 1 cities, 1 units, 73g, 5 techs, researching Map Making (21/36)
    Thebes: size=1, prod=building:3 (12sh), bldgs=Palace
    Units: 1x Warriors
  [Civ 1] Romans turn: 2 actions — MOVE_UNIT(1), UNIT_ORDER(1)

══════════════════════════════════════════════════════════════════════
  TURN 9 — 3840 B.C. (6ms)
══════════════════════════════════════════════════════════════════════
  [Civ 1] Romans (despotism): 1 cities, 1 units, 9g, 5 techs, researching Bronze Working (27/36)
    Rome: size=1, prod=Wonder40 (16sh), bldgs=Palace
    Units: 1x Warriors
  [Civ 2] Babylonians (despotism): 1 cities, 1 units, 8g, 4 techs, researching Code of Laws (24/33)
    Babylon: size=1, prod=building:3 (14sh), bldgs=Palace
    Units: 1x Warriors
  [Civ 3] Germans (despotism): 1 cities, 1 units, 56g, 4 techs, researching Ceremonial Burial (24/33)
    Berlin: size=1, prod=building:3 (14sh), bldgs=Palace
    Units: 1x Warriors
  [Civ 4] Egyptians (despotism): 1 cities, 1 units, 74g, 5 techs, researching Map Making (24/36)
    Thebes: size=1, prod=building:3 (14sh), bldgs=Palace
    Units: 1x Warriors
  [Civ 1] Romans turn: 2 actions — MOVE_UNIT(1), UNIT_ORDER(1)
    >>> Rome grew to size 2

══════════════════════════════════════════════════════════════════════
  TURN 10 — 3820 B.C. (5ms)
══════════════════════════════════════════════════════════════════════
  [Civ 1] Romans (despotism): 1 cities, 0 units, 11g, 5 techs, researching Bronze Working (30/36)
    Rome: size=2, prod=Wonder40 (18sh), bldgs=Palace
    Units: none
  [Civ 2] Babylonians (despotism): 1 cities, 1 units, 9g, 4 techs, researching Code of Laws (27/33)
    Babylon: size=1, prod=building:3 (16sh), bldgs=Palace
    Units: 1x Warriors
  [Civ 3] Germans (despotism): 1 cities, 1 units, 57g, 4 techs, researching Ceremonial Burial (27/33)
    Berlin: size=1, prod=building:3 (16sh), bldgs=Palace
    Units: 1x Warriors
  [Civ 4] Egyptians (despotism): 1 cities, 1 units, 75g, 5 techs, researching Map Making (27/36)
    Thebes: size=1, prod=building:3 (16sh), bldgs=Palace
    Units: 1x Warriors
  [Civ 1] Romans turn: 0 actions — idle
    >>> Babylon grew to size 2
    >>> Berlin grew to size 2
    >>> Thebes grew to size 2

══════════════════════════════════════════════════════════════════════
  TURN 11 — 3800 B.C. (4ms)
══════════════════════════════════════════════════════════════════════
  [Civ 1] Romans (despotism): 1 cities, 0 units, 13g, 5 techs, researching Bronze Working (33/36)
    Rome: size=2, prod=Wonder40 (21sh), bldgs=Palace
    Units: none
  [Civ 2] Babylonians (despotism): 1 cities, 1 units, 10g, 4 techs, researching Code of Laws (30/33)
    Babylon: size=2, prod=building:3 (18sh), bldgs=Palace
    Units: 1x Warriors
  [Civ 3] Germans (despotism): 1 cities, 1 units, 59g, 4 techs, researching Ceremonial Burial (30/33)
    Berlin: size=2, prod=building:3 (18sh), bldgs=Palace
    Units: 1x Warriors
  [Civ 4] Egyptians (despotism): 1 cities, 1 units, 77g, 5 techs, researching Map Making (30/36)
    Thebes: size=2, prod=building:3 (18sh), bldgs=Palace
    Units: 1x Warriors
  [Civ 1] Romans turn: 0 actions — idle
    >>> Babylonians discovered: Code of Laws
    SET_RESEARCH tech=Ceremonial Burial
    >>> Germans discovered: Ceremonial Burial
    SET_RESEARCH tech=Map Making
    >>> Romans discovered: Bronze Working

══════════════════════════════════════════════════════════════════════
  TURN 12 — 3780 B.C. (11ms)
══════════════════════════════════════════════════════════════════════
  [Civ 1] Romans (despotism): 1 cities, 0 units, 13g, 6 techs, researching none (0/36)
    Rome: size=2, prod=Wonder40 (24sh), bldgs=Palace
    Units: none
  [Civ 2] Babylonians (despotism): 1 cities, 1 units, 10g, 5 techs, researching Ceremonial Burial (0/36)
    Babylon: size=2, prod=building:3 (21sh), bldgs=Palace
    Units: 1x Warriors
  [Civ 3] Germans (despotism): 1 cities, 0 units, 59g, 5 techs, researching Map Making (0/36)
    Berlin: size=2, prod=building:3 (21sh), bldgs=Palace
    Units: none
  [Civ 4] Egyptians (despotism): 1 cities, 1 units, 79g, 5 techs, researching Map Making (33/36)
    Thebes: size=2, prod=building:3 (21sh), bldgs=Palace
    Units: 1x Warriors
  [Civ 1] Romans turn: 1 actions — SET_RESEARCH(1)
    SET_RESEARCH tech=Iron Working
    >>> Egyptians discovered: Map Making
    SET_RESEARCH tech=Currency

══════════════════════════════════════════════════════════════════════
  TURN 13 — 3760 B.C. (5ms)
══════════════════════════════════════════════════════════════════════
  [Civ 1] Romans (despotism): 1 cities, 0 units, 15g, 6 techs, researching Iron Working (3/36)
    Rome: size=2, prod=Wonder40 (27sh), bldgs=Palace
    Units: none
  [Civ 2] Babylonians (despotism): 1 cities, 1 units, 11g, 5 techs, researching Ceremonial Burial (3/36)
    Babylon: size=2, prod=building:3 (24sh), bldgs=Palace
    Units: 1x Warriors
  [Civ 3] Germans (despotism): 1 cities, 0 units, 61g, 5 techs, researching Map Making (3/36)
    Berlin: size=2, prod=building:3 (24sh), bldgs=Palace
    Units: none
  [Civ 4] Egyptians (despotism): 1 cities, 1 units, 79g, 6 techs, researching Currency (0/36)
    Thebes: size=2, prod=building:3 (24sh), bldgs=Palace
    Units: 1x Warriors
  [Civ 1] Romans turn: 0 actions — idle

══════════════════════════════════════════════════════════════════════
  TURN 14 — 3740 B.C. (4ms)
══════════════════════════════════════════════════════════════════════
  [Civ 1] Romans (despotism): 1 cities, 0 units, 17g, 6 techs, researching Iron Working (6/36)
    Rome: size=2, prod=Wonder40 (30sh), bldgs=Palace
    Units: none
  [Civ 2] Babylonians (despotism): 1 cities, 1 units, 12g, 6 techs, researching Ceremonial Burial (6/36)
    Babylon: size=2, prod=building:3 (27sh), bldgs=Palace
    Units: 1x Warriors
  [Civ 3] Germans (despotism): 1 cities, 0 units, 63g, 6 techs, researching Map Making (6/36)
    Berlin: size=2, prod=building:3 (27sh), bldgs=Palace
    Units: none
  [Civ 4] Egyptians (despotism): 1 cities, 0 units, 81g, 6 techs, researching Currency (3/36)
    Thebes: size=2, prod=building:3 (27sh), bldgs=Palace
    Units: none
  [Civ 1] Romans turn: 0 actions — idle

══════════════════════════════════════════════════════════════════════
  TURN 15 — 3720 B.C. (4ms)
══════════════════════════════════════════════════════════════════════
  [Civ 1] Romans (despotism): 1 cities, 0 units, 19g, 6 techs, researching Iron Working (9/36)
    Rome: size=2, prod=Wonder40 (33sh), bldgs=Palace
    Units: none
  [Civ 2] Babylonians (despotism): 1 cities, 1 units, 13g, 6 techs, researching Ceremonial Burial (9/36)
    Babylon: size=2, prod=building:3 (30sh), bldgs=Palace
    Units: 1x Warriors
  [Civ 3] Germans (despotism): 1 cities, 0 units, 65g, 6 techs, researching Map Making (9/36)
    Berlin: size=2, prod=building:3 (30sh), bldgs=Palace
    Units: none
  [Civ 4] Egyptians (despotism): 1 cities, 0 units, 83g, 6 techs, researching Currency (6/36)
    Thebes: size=2, prod=building:3 (30sh), bldgs=Palace
    Units: none
  [Civ 1] Romans turn: 0 actions — idle

══════════════════════════════════════════════════════════════════════
  TURN 16 — 3700 B.C. (3ms)
══════════════════════════════════════════════════════════════════════
  [Civ 1] Romans (despotism): 1 cities, 0 units, 21g, 6 techs, researching Iron Working (12/36)
    Rome: size=2, prod=Wonder40 (36sh), bldgs=Palace
    Units: none
  [Civ 2] Babylonians (despotism): 1 cities, 1 units, 14g, 6 techs, researching Ceremonial Burial (12/36)
    Babylon: size=2, prod=building:3 (33sh), bldgs=Palace
    Units: 1x Warriors
  [Civ 3] Germans (despotism): 1 cities, 0 units, 67g, 6 techs, researching Map Making (12/36)
    Berlin: size=2, prod=building:3 (33sh), bldgs=Palace
    Units: none
  [Civ 4] Egyptians (despotism): 1 cities, 0 units, 85g, 6 techs, researching Currency (9/36)
    Thebes: size=2, prod=building:3 (33sh), bldgs=Palace
    Units: none
  [Civ 1] Romans turn: 0 actions — idle

══════════════════════════════════════════════════════════════════════
  TURN 17 — 3680 B.C. (4ms)
══════════════════════════════════════════════════════════════════════
  [Civ 1] Romans (despotism): 1 cities, 0 units, 23g, 6 techs, researching Iron Working (15/36)
    Rome: size=2, prod=Wonder40 (39sh), bldgs=Palace
    Units: none
  [Civ 2] Babylonians (despotism): 1 cities, 1 units, 15g, 6 techs, researching Ceremonial Burial (15/36)
    Babylon: size=2, prod=building:3 (36sh), bldgs=Palace
    Units: 1x Warriors
  [Civ 3] Germans (despotism): 1 cities, 0 units, 69g, 6 techs, researching Map Making (15/36)
    Berlin: size=2, prod=building:3 (36sh), bldgs=Palace
    Units: none
  [Civ 4] Egyptians (despotism): 1 cities, 0 units, 87g, 6 techs, researching Currency (12/36)
    Thebes: size=2, prod=building:3 (36sh), bldgs=Palace
    Units: none
  [Civ 1] Romans turn: 0 actions — idle
    END_TURN REJECTED: 1 units still need orders
      #18 Chariot(Atk) @(11,51) mv=6 ord=none hp=full

══════════════════════════════════════════════════════════════════════
  TURN 18 — 3660 B.C. (4ms)
══════════════════════════════════════════════════════════════════════
  [Civ 1] Romans (despotism): 1 cities, 0 units, 25g, 6 techs, researching Iron Working (18/36)
    Rome: size=2, prod=Wonder40 (42sh), bldgs=Palace
    Units: none
  [Civ 2] Babylonians (despotism): 1 cities, 2 units, 16g, 6 techs, researching Ceremonial Burial (18/36)
    Babylon: size=2, prod=building:3 (39sh), bldgs=Palace
    Units: 1x Warriors, 1x Chariot
  [Civ 3] Germans (despotism): 1 cities, 0 units, 71g, 6 techs, researching Map Making (18/36)
    Berlin: size=2, prod=building:3 (39sh), bldgs=Palace
    Units: none
  [Civ 4] Egyptians (despotism): 1 cities, 0 units, 89g, 6 techs, researching Currency (15/36)
    Thebes: size=2, prod=building:3 (39sh), bldgs=Palace
    Units: none
  [Civ 1] Romans turn: 0 actions — idle

══════════════════════════════════════════════════════════════════════
  TURN 19 — 3640 B.C. (3ms)
══════════════════════════════════════════════════════════════════════
  [Civ 1] Romans (despotism): 1 cities, 0 units, 27g, 6 techs, researching Iron Working (21/36)
    Rome: size=2, prod=Wonder40 (45sh), bldgs=Palace
    Units: none
  [Civ 2] Babylonians (despotism): 1 cities, 2 units, 17g, 6 techs, researching Ceremonial Burial (21/36)
    Babylon: size=2, prod=building:3 (42sh), bldgs=Palace
    Units: 1x Warriors, 1x Chariot
  [Civ 3] Germans (despotism): 1 cities, 0 units, 73g, 6 techs, researching Map Making (21/36)
    Berlin: size=2, prod=building:3 (42sh), bldgs=Palace
    Units: none
  [Civ 4] Egyptians (despotism): 1 cities, 0 units, 91g, 6 techs, researching Currency (18/36)
    Thebes: size=2, prod=building:3 (42sh), bldgs=Palace
    Units: none
  [Civ 1] Romans turn: 0 actions — idle

══════════════════════════════════════════════════════════════════════
  TURN 20 — 3620 B.C. (4ms)
══════════════════════════════════════════════════════════════════════
  [Civ 1] Romans (despotism): 1 cities, 0 units, 29g, 6 techs, researching Iron Working (24/36)
    Rome: size=2, prod=Wonder40 (48sh), bldgs=Palace
    Units: none
  [Civ 2] Babylonians (despotism): 1 cities, 2 units, 18g, 6 techs, researching Ceremonial Burial (24/36)
    Babylon: size=2, prod=building:3 (45sh), bldgs=Palace
    Units: 1x Warriors, 1x Chariot
  [Civ 3] Germans (despotism): 1 cities, 0 units, 75g, 6 techs, researching Map Making (24/36)
    Berlin: size=2, prod=building:3 (45sh), bldgs=Palace
    Units: none
  [Civ 4] Egyptians (despotism): 1 cities, 0 units, 93g, 6 techs, researching Currency (21/36)
    Thebes: size=2, prod=building:3 (45sh), bldgs=Palace
    Units: none
  [Civ 1] Romans turn: 0 actions — idle

══════════════════════════════════════════════════════════════════════
  TURN 21 — 3600 B.C. (3ms)
══════════════════════════════════════════════════════════════════════
  [Civ 1] Romans (despotism): 1 cities, 0 units, 31g, 6 techs, researching Iron Working (27/36)
    Rome: size=2, prod=Wonder40 (51sh), bldgs=Palace
    Units: none
  [Civ 2] Babylonians (despotism): 1 cities, 2 units, 19g, 6 techs, researching Ceremonial Burial (27/36)
    Babylon: size=2, prod=building:3 (48sh), bldgs=Palace
    Units: 1x Warriors, 1x Chariot
  [Civ 3] Germans (despotism): 1 cities, 0 units, 77g, 6 techs, researching Map Making (27/36)
    Berlin: size=2, prod=building:3 (48sh), bldgs=Palace
    Units: none
  [Civ 4] Egyptians (despotism): 1 cities, 0 units, 95g, 6 techs, researching Currency (24/36)
    Thebes: size=2, prod=building:3 (48sh), bldgs=Palace
    Units: none
  [Civ 1] Romans turn: 0 actions — idle

══════════════════════════════════════════════════════════════════════
  TURN 22 — 3580 B.C. (4ms)
══════════════════════════════════════════════════════════════════════
  [Civ 1] Romans (despotism): 1 cities, 0 units, 33g, 6 techs, researching Iron Working (30/36)
    Rome: size=2, prod=Wonder40 (54sh), bldgs=Palace
    Units: none
  [Civ 2] Babylonians (despotism): 1 cities, 2 units, 20g, 6 techs, researching Ceremonial Burial (30/36)
    Babylon: size=2, prod=building:3 (51sh), bldgs=Palace
    Units: 1x Warriors, 1x Chariot
  [Civ 3] Germans (despotism): 1 cities, 0 units, 79g, 6 techs, researching Map Making (30/36)
    Berlin: size=2, prod=building:3 (51sh), bldgs=Palace
    Units: none
  [Civ 4] Egyptians (despotism): 1 cities, 0 units, 97g, 6 techs, researching Currency (27/36)
    Thebes: size=2, prod=building:3 (51sh), bldgs=Palace
    Units: none
  [Civ 1] Romans turn: 0 actions — idle

══════════════════════════════════════════════════════════════════════
  TURN 23 — 3560 B.C. (3ms)
══════════════════════════════════════════════════════════════════════
  [Civ 1] Romans (despotism): 1 cities, 0 units, 35g, 6 techs, researching Iron Working (33/36)
    Rome: size=2, prod=Wonder40 (57sh), bldgs=Palace
    Units: none
  [Civ 2] Babylonians (despotism): 1 cities, 2 units, 21g, 6 techs, researching Ceremonial Burial (33/36)
    Babylon: size=2, prod=building:3 (54sh), bldgs=Palace
    Units: 1x Warriors, 1x Chariot
  [Civ 3] Germans (despotism): 1 cities, 0 units, 81g, 6 techs, researching Map Making (33/36)
    Berlin: size=2, prod=building:3 (54sh), bldgs=Palace
    Units: none
  [Civ 4] Egyptians (despotism): 1 cities, 0 units, 99g, 6 techs, researching Currency (30/36)
    Thebes: size=2, prod=building:3 (54sh), bldgs=Palace
    Units: none
  [Civ 1] Romans turn: 0 actions — idle
    >>> Babylonians discovered: Ceremonial Burial
    SET_RESEARCH tech=Map Making
    >>> Germans discovered: Map Making
    SET_RESEARCH tech=Writing
    RUSH_BUY city=3
    >>> Romans discovered: Iron Working

══════════════════════════════════════════════════════════════════════
  TURN 24 — 3540 B.C. (6ms)
══════════════════════════════════════════════════════════════════════
  [Civ 1] Romans (despotism): 1 cities, 0 units, 35g, 7 techs, researching none (0/33)
    Rome: size=2, prod=Wonder40 (60sh), bldgs=Palace
    Units: none
  [Civ 2] Babylonians (despotism): 1 cities, 2 units, 21g, 7 techs, researching Map Making (0/33)
    Babylon: size=2, prod=building:3 (57sh), bldgs=Palace
    Units: 1x Warriors, 1x Chariot
  [Civ 3] Germans (despotism): 1 cities, 0 units, 81g, 7 techs, researching Writing (0/33)
    Berlin: size=2, prod=building:3 (57sh), bldgs=Palace
    Units: none
  [Civ 4] Egyptians (despotism): 1 cities, 0 units, 95g, 6 techs, researching Currency (33/36)
    Thebes: size=2, prod=building:3 (60sh), bldgs=Palace
    Units: none
  [Civ 1] Romans turn: 1 actions — SET_RESEARCH(1)
    SET_RESEARCH tech=Mathematics
    >>> Babylon built building:3
    CHANGE_PRODUCTION city=1
    >>> Berlin built building:3
    CHANGE_PRODUCTION city=2
    >>> Egyptians discovered: Currency
    >>> Thebes built building:3
    SET_RESEARCH tech=Construction
    CHANGE_PRODUCTION city=3
    >>> Rome grew to size 3

══════════════════════════════════════════════════════════════════════
  TURN 25 — 3520 B.C. (4ms)
══════════════════════════════════════════════════════════════════════
  [Civ 1] Romans (despotism): 1 cities, 0 units, 37g, 9 techs, researching Mathematics (4/32)
    Rome: size=3, prod=Wonder40 (63sh), bldgs=Palace
    Units: none
  [Civ 2] Babylonians (despotism): 1 cities, 2 units, 21g, 7 techs, researching Map Making (3/33)
    Babylon: size=2, prod=building:7 (0sh), bldgs=Palace, Granary
    Units: 1x Warriors, 1x Chariot
  [Civ 3] Germans (despotism): 1 cities, 0 units, 82g, 7 techs, researching Writing (3/33)
    Berlin: size=2, prod=Settlers (0sh), bldgs=Palace, Granary
    Units: none
  [Civ 4] Egyptians (despotism): 1 cities, 0 units, 95g, 8 techs, researching Construction (0/28)
    Thebes: size=2, prod=building:5 (1sh), bldgs=Palace, Granary
    Units: none
  [Civ 1] Romans turn: 0 actions — idle
    >>> Babylon grew to size 3
    SET_RESEARCH tech=Mathematics
    >>> Berlin grew to size 3
    >>> Thebes grew to size 3

══════════════════════════════════════════════════════════════════════
  TURN 26 — 3500 B.C. (4ms)
══════════════════════════════════════════════════════════════════════
  [Civ 1] Romans (despotism): 1 cities, 0 units, 39g, 9 techs, researching Mathematics (8/32)
    Rome: size=3, prod=Wonder40 (67sh), bldgs=Palace
    Units: none
  [Civ 2] Babylonians (despotism): 1 cities, 2 units, 22g, 8 techs, researching Mathematics (7/28)
    Babylon: size=3, prod=building:7 (3sh), bldgs=Palace, Granary
    Units: 1x Warriors, 1x Chariot
  [Civ 3] Germans (despotism): 1 cities, 0 units, 83g, 7 techs, researching Writing (7/33)
    Berlin: size=3, prod=Settlers (3sh), bldgs=Palace, Granary
    Units: none
  [Civ 4] Egyptians (despotism): 1 cities, 0 units, 96g, 8 techs, researching Construction (3/28)
    Thebes: size=3, prod=building:5 (4sh), bldgs=Palace, Granary
    Units: none
  [Civ 1] Romans turn: 0 actions — idle

══════════════════════════════════════════════════════════════════════
  TURN 27 — 3480 B.C. (5ms)
══════════════════════════════════════════════════════════════════════
  [Civ 1] Romans (despotism): 1 cities, 0 units, 41g, 9 techs, researching Mathematics (12/32)
    Rome: size=3, prod=Wonder40 (71sh), bldgs=Palace
    Units: none
  [Civ 2] Babylonians (despotism): 1 cities, 2 units, 23g, 8 techs, researching Mathematics (11/28)
    Babylon: size=3, prod=building:7 (8sh), bldgs=Palace, Granary
    Units: 1x Warriors, 1x Chariot
  [Civ 3] Germans (despotism): 1 cities, 0 units, 84g, 7 techs, researching Writing (11/33)
    Berlin: size=3, prod=Settlers (7sh), bldgs=Palace, Granary
    Units: none
  [Civ 4] Egyptians (despotism): 1 cities, 0 units, 97g, 8 techs, researching Construction (6/28)
    Thebes: size=3, prod=building:5 (7sh), bldgs=Palace, Granary
    Units: none
  [Civ 1] Romans turn: 0 actions — idle

══════════════════════════════════════════════════════════════════════
  TURN 28 — 3460 B.C. (3ms)
══════════════════════════════════════════════════════════════════════
  [Civ 1] Romans (despotism): 1 cities, 0 units, 43g, 9 techs, researching Mathematics (16/32)
    Rome: size=3, prod=Wonder40 (75sh), bldgs=Palace
    Units: none
  [Civ 2] Babylonians (despotism): 1 cities, 2 units, 24g, 8 techs, researching Mathematics (15/28)
    Babylon: size=3, prod=building:7 (13sh), bldgs=Palace, Granary
    Units: 1x Warriors, 1x Chariot
  [Civ 3] Germans (despotism): 1 cities, 0 units, 85g, 7 techs, researching Writing (15/33)
    Berlin: size=3, prod=Settlers (11sh), bldgs=Palace, Granary
    Units: none
  [Civ 4] Egyptians (despotism): 1 cities, 0 units, 98g, 8 techs, researching Construction (9/28)
    Thebes: size=3, prod=building:5 (10sh), bldgs=Palace, Granary
    Units: none
  [Civ 1] Romans turn: 0 actions — idle
    COMBAT: ? vs ? → capture (atkHp=undefined, defHp=undefined)

══════════════════════════════════════════════════════════════════════
  TURN 29 — 3440 B.C. (6ms)
══════════════════════════════════════════════════════════════════════
  [Civ 1] Romans: ELIMINATED
  [Civ 2] Babylonians (despotism): 2 cities, 2 units, 58g, 9 techs, researching Mathematics (25/32)
    Rome: size=2, prod=Warriors (2sh)
    Babylon: size=3, prod=building:7 (23sh), bldgs=Palace, Granary
    Units: 1x Warriors, 1x Chariot
  [Civ 3] Germans (despotism): 1 cities, 0 units, 86g, 7 techs, researching Writing (19/33)
    Berlin: size=3, prod=Settlers (15sh), bldgs=Palace, Granary
    Units: none
  [Civ 4] Egyptians (despotism): 1 cities, 0 units, 99g, 8 techs, researching Construction (12/28)
    Thebes: size=3, prod=building:5 (13sh), bldgs=Palace, Granary
    Units: none
  [Civ 2] Babylonians turn: 5 actions — CHANGE_PRODUCTION(1), MOVE_UNIT(2), UNIT_ORDER(2)
    CHANGE_PRODUCTION city=0
    COMBAT: Chariot vs Horsemen → atkWin (atkHp=undefined, defHp=undefined)

══════════════════════════════════════════════════════════════════════
  TURN 30 — 3420 B.C. (6ms)
══════════════════════════════════════════════════════════════════════
  [Civ 1] Romans: ELIMINATED
  [Civ 2] Babylonians (despotism): 2 cities, 2 units, 159g, 9 techs, researching Mathematics (31/32)
    Rome: size=2, prod=building:3 (2sh)
    Babylon: size=3, prod=building:7 (28sh), bldgs=Palace, Granary
    Units: 1x Warriors, 1x Chariot
  [Civ 3] Germans (despotism): 1 cities, 0 units, 87g, 7 techs, researching Writing (23/33)
    Berlin: size=3, prod=Settlers (19sh), bldgs=Palace, Granary
    Units: none
  [Civ 4] Egyptians (despotism): 1 cities, 0 units, 100g, 8 techs, researching Construction (15/28)
    Thebes: size=3, prod=building:5 (16sh), bldgs=Palace, Granary
    Units: none
  [Civ 2] Babylonians turn: 2 actions — MOVE_UNIT(2)
    END_TURN REJECTED: 1 units still need orders
      #18 Chariot(Atk) @(10,34) mv=3 ord=none hp=full
    >>> Babylonians discovered: Mathematics

══════════════════════════════════════════════════════════════════════
  TURN 31 — 3400 B.C. (5ms)
══════════════════════════════════════════════════════════════════════
  [Civ 1] Romans: ELIMINATED
  [Civ 2] Babylonians (despotism): 2 cities, 2 units, 159g, 10 techs, researching none (0/48)
    Rome: size=2, prod=building:3 (4sh)
    Babylon: size=3, prod=building:7 (33sh), bldgs=Palace, Granary
    Units: 1x Warriors, 1x Chariot
  [Civ 3] Germans (despotism): 1 cities, 0 units, 88g, 7 techs, researching Writing (27/33)
    Berlin: size=3, prod=Settlers (23sh), bldgs=Palace, Granary
    Units: none
  [Civ 4] Egyptians (despotism): 1 cities, 0 units, 101g, 8 techs, researching Construction (18/28)
    Thebes: size=3, prod=building:5 (19sh), bldgs=Palace, Granary
    Units: none
  [Civ 2] Babylonians turn: 5 actions — SET_RESEARCH(1), MOVE_UNIT(2), UNIT_ORDER(2)
    SET_RESEARCH tech=Writing

══════════════════════════════════════════════════════════════════════
  TURN 32 — 3380 B.C. (3ms)
══════════════════════════════════════════════════════════════════════
  [Civ 1] Romans: ELIMINATED
  [Civ 2] Babylonians (despotism): 2 cities, 2 units, 160g, 10 techs, researching Writing (6/48)
    Rome: size=2, prod=building:3 (6sh)
    Babylon: size=3, prod=building:7 (38sh), bldgs=Palace, Granary
    Units: 1x Warriors, 1x Chariot
  [Civ 3] Germans (despotism): 1 cities, 0 units, 89g, 7 techs, researching Writing (31/33)
    Berlin: size=3, prod=Settlers (27sh), bldgs=Palace, Granary
    Units: none
  [Civ 4] Egyptians (despotism): 1 cities, 0 units, 102g, 8 techs, researching Construction (21/28)
    Thebes: size=3, prod=building:5 (22sh), bldgs=Palace, Granary
    Units: none
  [Civ 2] Babylonians turn: 6 actions — ADJUST_ATTITUDE(2), MOVE_UNIT(2), UNIT_ORDER(2)
    ADJUST_ATTITUDE target=civ3
    ADJUST_ATTITUDE target=civ4
    >>> Germans discovered: Writing
    SET_RESEARCH tech=Currency
    ADJUST_ATTITUDE target=civ2
    ADJUST_ATTITUDE target=civ4
    ADJUST_ATTITUDE target=civ2
    ADJUST_ATTITUDE target=civ3

══════════════════════════════════════════════════════════════════════
  TURN 33 — 3360 B.C. (3ms)
══════════════════════════════════════════════════════════════════════
  [Civ 1] Romans: ELIMINATED
  [Civ 2] Babylonians (despotism): 2 cities, 2 units, 161g, 10 techs, researching Writing (12/48)
    Rome: size=2, prod=building:3 (8sh)
    Babylon: size=3, prod=building:7 (43sh), bldgs=Palace, Granary
    Units: 1x Warriors, 1x Chariot
  [Civ 3] Germans (despotism): 1 cities, 0 units, 89g, 8 techs, researching Currency (0/28)
    Berlin: size=3, prod=Settlers (31sh), bldgs=Palace, Granary
    Units: none
  [Civ 4] Egyptians (despotism): 1 cities, 0 units, 103g, 8 techs, researching Construction (24/28)
    Thebes: size=3, prod=building:5 (25sh), bldgs=Palace, Granary
    Units: none
  [Civ 2] Babylonians turn: 4 actions — MOVE_UNIT(2), UNIT_ORDER(2)

══════════════════════════════════════════════════════════════════════
  TURN 34 — 3340 B.C. (4ms)
══════════════════════════════════════════════════════════════════════
  [Civ 1] Romans: ELIMINATED
  [Civ 2] Babylonians (despotism): 2 cities, 2 units, 162g, 10 techs, researching Writing (18/48)
    Rome: size=2, prod=building:3 (10sh)
    Babylon: size=3, prod=building:7 (48sh), bldgs=Palace, Granary
    Units: 1x Warriors, 1x Chariot
  [Civ 3] Germans (despotism): 1 cities, 0 units, 90g, 8 techs, researching Currency (4/28)
    Berlin: size=3, prod=Settlers (35sh), bldgs=Palace, Granary
    Units: none
  [Civ 4] Egyptians (despotism): 1 cities, 0 units, 104g, 8 techs, researching Construction (27/28)
    Thebes: size=3, prod=building:5 (28sh), bldgs=Palace, Granary
    Units: none
  [Civ 2] Babylonians turn: 4 actions — MOVE_UNIT(2), UNIT_ORDER(2)
    >>> Egyptians discovered: Construction
    SET_RESEARCH tech=Seafaring

══════════════════════════════════════════════════════════════════════
  TURN 35 — 3320 B.C. (3ms)
══════════════════════════════════════════════════════════════════════
  [Civ 1] Romans: ELIMINATED
  [Civ 2] Babylonians (despotism): 2 cities, 2 units, 163g, 10 techs, researching Writing (24/48)
    Rome: size=2, prod=building:3 (12sh)
    Babylon: size=3, prod=building:7 (53sh), bldgs=Palace, Granary
    Units: 1x Warriors, 1x Chariot
  [Civ 3] Germans (despotism): 1 cities, 0 units, 91g, 8 techs, researching Currency (8/28)
    Berlin: size=3, prod=Settlers (39sh), bldgs=Palace, Granary
    Units: none
  [Civ 4] Egyptians (despotism): 1 cities, 0 units, 104g, 9 techs, researching Seafaring (0/21)
    Thebes: size=3, prod=building:5 (31sh), bldgs=Palace, Granary
    Units: none
  [Civ 2] Babylonians turn: 4 actions — MOVE_UNIT(2), UNIT_ORDER(2)
    >>> Berlin built Settlers
    CHANGE_PRODUCTION city=2

══════════════════════════════════════════════════════════════════════
  TURN 36 — 3300 B.C. (4ms)
══════════════════════════════════════════════════════════════════════
  [Civ 1] Romans: ELIMINATED
  [Civ 2] Babylonians (despotism): 2 cities, 2 units, 164g, 10 techs, researching Writing (30/48)
    Rome: size=2, prod=building:3 (14sh)
    Babylon: size=3, prod=building:7 (58sh), bldgs=Palace, Granary
    Units: 1x Warriors, 1x Chariot
  [Civ 3] Germans (despotism): 1 cities, 1 units, 92g, 8 techs, researching Currency (11/28)
    Berlin: size=2, prod=Warriors (1sh), bldgs=Palace, Granary
    Units: 1x Settlers
  [Civ 4] Egyptians (despotism): 1 cities, 0 units, 105g, 9 techs, researching Seafaring (3/21)
    Thebes: size=3, prod=building:5 (34sh), bldgs=Palace, Granary
    Units: none
  [Civ 2] Babylonians turn: 4 actions — MOVE_UNIT(2), UNIT_ORDER(2)
    >>> Berlin grew to size 3

══════════════════════════════════════════════════════════════════════
  TURN 37 — 3280 B.C. (4ms)
══════════════════════════════════════════════════════════════════════
  [Civ 1] Romans: ELIMINATED
  [Civ 2] Babylonians (despotism): 2 cities, 2 units, 165g, 10 techs, researching Writing (36/48)
    Rome: size=2, prod=building:3 (16sh)
    Babylon: size=3, prod=building:7 (63sh), bldgs=Palace, Granary
    Units: 1x Warriors, 1x Chariot
  [Civ 3] Germans (despotism): 1 cities, 1 units, 93g, 8 techs, researching Currency (15/28)
    Berlin: size=3, prod=Warriors (4sh), bldgs=Palace, Granary
    Units: 1x Settlers
  [Civ 4] Egyptians (despotism): 1 cities, 0 units, 106g, 9 techs, researching Seafaring (6/21)
    Thebes: size=3, prod=building:5 (37sh), bldgs=Palace, Granary
    Units: none
  [Civ 2] Babylonians turn: 4 actions — MOVE_UNIT(2), UNIT_ORDER(2)

══════════════════════════════════════════════════════════════════════
  TURN 38 — 3260 B.C. (4ms)
══════════════════════════════════════════════════════════════════════
  [Civ 1] Romans: ELIMINATED
  [Civ 2] Babylonians (despotism): 2 cities, 2 units, 166g, 10 techs, researching Writing (42/48)
    Rome: size=2, prod=building:3 (18sh)
    Babylon: size=3, prod=building:7 (68sh), bldgs=Palace, Granary
    Units: 1x Warriors, 1x Chariot
  [Civ 3] Germans (despotism): 1 cities, 1 units, 94g, 8 techs, researching Currency (19/28)
    Berlin: size=3, prod=Warriors (8sh), bldgs=Palace, Granary
    Units: 1x Settlers
  [Civ 4] Egyptians (despotism): 1 cities, 0 units, 107g, 9 techs, researching Seafaring (9/21)
    Thebes: size=3, prod=building:5 (40sh), bldgs=Palace, Granary
    Units: none
  [Civ 2] Babylonians turn: 4 actions — MOVE_UNIT(2), UNIT_ORDER(2)
    >>> Berlin built Warriors
    CHANGE_PRODUCTION city=2
    >>> Thebes grew to size 4
    >>> Babylonians discovered: Writing

══════════════════════════════════════════════════════════════════════
  TURN 39 — 3240 B.C. (3ms)
══════════════════════════════════════════════════════════════════════
  [Civ 1] Romans: ELIMINATED
  [Civ 2] Babylonians (despotism): 2 cities, 2 units, 166g, 11 techs, researching none (0/52)
    Rome: size=2, prod=building:3 (20sh)
    Babylon: size=3, prod=building:7 (73sh), bldgs=Palace, Granary
    Units: 1x Warriors, 1x Chariot
  [Civ 3] Germans (despotism): 1 cities, 2 units, 95g, 8 techs, researching Currency (23/28)
    Berlin: size=3, prod=Archers (1sh), bldgs=Palace, Granary
    Units: 1x Settlers, 1x Warriors
  [Civ 4] Egyptians (despotism): 1 cities, 0 units, 108g, 9 techs, researching Seafaring (13/21)
    Thebes: size=4, prod=building:5 (43sh), bldgs=Palace, Granary
    Units: none
  [Civ 2] Babylonians turn: 5 actions — SET_RESEARCH(1), MOVE_UNIT(2), UNIT_ORDER(2)
    SET_RESEARCH tech=Mysticism

══════════════════════════════════════════════════════════════════════
  TURN 40 — 3220 B.C. (6ms)
══════════════════════════════════════════════════════════════════════
  [Civ 1] Romans: ELIMINATED
  [Civ 2] Babylonians (despotism): 2 cities, 2 units, 167g, 11 techs, researching Mysticism (6/52)
    Rome: size=2, prod=building:3 (22sh)
    Babylon: size=3, prod=building:7 (78sh), bldgs=Palace, Granary
    Units: 1x Warriors, 1x Chariot
  [Civ 3] Germans (despotism): 1 cities, 2 units, 96g, 8 techs, researching Currency (27/28)
    Berlin: size=3, prod=Archers (5sh), bldgs=Palace, Granary
    Units: 1x Settlers, 1x Warriors
  [Civ 4] Egyptians (despotism): 1 cities, 0 units, 109g, 9 techs, researching Seafaring (17/21)
    Thebes: size=4, prod=building:5 (46sh), bldgs=Palace, Granary
    Units: none
  [Civ 2] Babylonians turn: 4 actions — MOVE_UNIT(2), UNIT_ORDER(2)
    >>> Germans discovered: Currency
    SET_RESEARCH tech=Mysticism
    END_TURN REJECTED: 1 units still need orders
      #22 Warriors(Atk) @(11,9) mv=2 ord=none hp=full
    SET_RESEARCH tech=Horseback Riding
    >>> Babylon built building:7

══════════════════════════════════════════════════════════════════════
  TURN 41 — 3200 B.C. (4ms)
══════════════════════════════════════════════════════════════════════
  [Civ 1] Romans: ELIMINATED
  [Civ 2] Babylonians (despotism): 2 cities, 2 units, 167g, 11 techs, researching Mysticism (12/52)
    Rome: size=2, prod=building:3 (24sh)
    Babylon: size=3, prod=building:7 (3sh), bldgs=Palace, Granary, Courthouse
    Units: 1x Warriors, 1x Chariot
  [Civ 3] Germans (despotism): 1 cities, 2 units, 96g, 9 techs, researching Mysticism (0/21)
    Berlin: size=3, prod=Archers (9sh), bldgs=Palace, Granary
    Units: 1x Settlers, 1x Warriors
  [Civ 4] Egyptians (despotism): 1 cities, 0 units, 109g, 11 techs, researching Horseback Riding (0/52)
    Thebes: size=4, prod=building:5 (49sh), bldgs=Palace, Granary
    Units: none
  [Civ 2] Babylonians turn: 5 actions — CHANGE_PRODUCTION(1), MOVE_UNIT(2), UNIT_ORDER(2)
    CHANGE_PRODUCTION city=1

══════════════════════════════════════════════════════════════════════
  TURN 42 — 3180 B.C. (4ms)
══════════════════════════════════════════════════════════════════════
  [Civ 1] Romans: ELIMINATED
  [Civ 2] Babylonians (despotism): 2 cities, 2 units, 167g, 12 techs, researching Mysticism (18/57)
    Rome: size=2, prod=building:3 (26sh)
    Babylon: size=3, prod=building:6 (6sh), bldgs=Palace, Granary, Courthouse
    Units: 1x Warriors, 1x Chariot
  [Civ 3] Germans (despotism): 1 cities, 2 units, 97g, 9 techs, researching Mysticism (4/21)
    Berlin: size=3, prod=Archers (13sh), bldgs=Palace, Granary
    Units: 1x Settlers, 1x Warriors
  [Civ 4] Egyptians (despotism): 1 cities, 0 units, 110g, 11 techs, researching Horseback Riding (4/26)
    Thebes: size=4, prod=building:5 (52sh), bldgs=Palace, Granary
    Units: none
  [Civ 2] Babylonians turn: 4 actions — MOVE_UNIT(2), UNIT_ORDER(2)
    >>> Rome grew to size 3

══════════════════════════════════════════════════════════════════════
  TURN 43 — 3160 B.C. (5ms)
══════════════════════════════════════════════════════════════════════
  [Civ 1] Romans: ELIMINATED
  [Civ 2] Babylonians (despotism): 2 cities, 2 units, 167g, 12 techs, researching Mysticism (24/57)
    Rome: size=3, prod=building:3 (28sh)
    Babylon: size=3, prod=building:6 (11sh), bldgs=Palace, Granary, Courthouse
    Units: 1x Warriors, 1x Chariot
  [Civ 3] Germans (despotism): 1 cities, 2 units, 98g, 9 techs, researching Mysticism (8/21)
    Berlin: size=3, prod=Archers (17sh), bldgs=Palace, Granary
    Units: 1x Settlers, 1x Warriors
  [Civ 4] Egyptians (despotism): 1 cities, 0 units, 111g, 11 techs, researching Horseback Riding (8/26)
    Thebes: size=4, prod=building:5 (55sh), bldgs=Palace, Granary
    Units: none
  [Civ 2] Babylonians turn: 4 actions — MOVE_UNIT(2), UNIT_ORDER(2)

══════════════════════════════════════════════════════════════════════
  TURN 44 — 3140 B.C. (5ms)
══════════════════════════════════════════════════════════════════════
  [Civ 1] Romans: ELIMINATED
  [Civ 2] Babylonians (despotism): 2 cities, 2 units, 167g, 12 techs, researching Mysticism (30/57)
    Rome: size=3, prod=building:3 (31sh)
    Babylon: size=3, prod=building:6 (16sh), bldgs=Palace, Granary, Courthouse
    Units: 1x Warriors, 1x Chariot
  [Civ 3] Germans (despotism): 1 cities, 2 units, 99g, 9 techs, researching Mysticism (12/21)
    Berlin: size=3, prod=Archers (21sh), bldgs=Palace, Granary
    Units: 1x Settlers, 1x Warriors
  [Civ 4] Egyptians (despotism): 1 cities, 0 units, 112g, 11 techs, researching Horseback Riding (12/26)
    Thebes: size=4, prod=building:5 (58sh), bldgs=Palace, Granary
    Units: none
  [Civ 2] Babylonians turn: 4 actions — MOVE_UNIT(2), UNIT_ORDER(2)
    ADJUST_ATTITUDE target=civ2
    ADJUST_ATTITUDE target=civ2
    END_TURN REJECTED: 1 units still need orders
      #23 Settlers(Settle) @(14,11) mv=3 ord=none hp=full

══════════════════════════════════════════════════════════════════════
  TURN 45 — 3120 B.C. (5ms)
══════════════════════════════════════════════════════════════════════
  [Civ 1] Romans: ELIMINATED
  [Civ 2] Babylonians (despotism): 2 cities, 2 units, 167g, 12 techs, researching Mysticism (36/57)
    Rome: size=3, prod=building:3 (34sh)
    Babylon: size=3, prod=building:6 (21sh), bldgs=Palace, Granary, Courthouse
    Units: 1x Warriors, 1x Chariot
  [Civ 3] Germans (despotism): 1 cities, 3 units, 100g, 9 techs, researching Mysticism (16/21)
    Berlin: size=3, prod=Archers (25sh), bldgs=Palace, Granary
    Units: 2x Settlers, 1x Warriors
  [Civ 4] Egyptians (despotism): 1 cities, 0 units, 113g, 11 techs, researching Horseback Riding (16/26)
    Thebes: size=4, prod=building:5 (61sh), bldgs=Palace, Granary
    Units: none
  [Civ 2] Babylonians turn: 4 actions — MOVE_UNIT(2), UNIT_ORDER(2)
    COMBAT: Warriors vs Settlers → defWin (atkHp=undefined, defHp=undefined)
    COMBAT: Chariot vs Settlers → defWin (atkHp=undefined, defHp=undefined)
    2 actions REJECTED (of 4)
    ADJUST_ATTITUDE target=civ2
    ADJUST_ATTITUDE target=civ2

══════════════════════════════════════════════════════════════════════
  TURN 46 — 3100 B.C. (4ms)
══════════════════════════════════════════════════════════════════════
  [Civ 1] Romans: ELIMINATED
  [Civ 2] Babylonians (despotism): 2 cities, 0 units, 167g, 12 techs, researching Mysticism (42/57)
    Rome: size=3, prod=building:3 (37sh)
    Babylon: size=3, prod=building:6 (26sh), bldgs=Palace, Granary, Courthouse
    Units: none
  [Civ 3] Germans (despotism): 1 cities, 3 units, 101g, 9 techs, researching Mysticism (20/21)
    Berlin: size=3, prod=Archers (29sh), bldgs=Palace, Granary
    Units: 2x Settlers, 1x Warriors
  [Civ 4] Egyptians (despotism): 1 cities, 0 units, 114g, 11 techs, researching Horseback Riding (20/26)
    Thebes: size=4, prod=building:5 (64sh), bldgs=Palace, Granary
    Units: none
  [Civ 2] Babylonians turn: 1 actions — ADJUST_ATTITUDE(1)
    ADJUST_ATTITUDE target=civ3
    >>> Germans discovered: Mysticism
    >>> Berlin built Archers
    SET_RESEARCH tech=Iron Working
    ADJUST_ATTITUDE target=civ2
    CHANGE_PRODUCTION city=2

══════════════════════════════════════════════════════════════════════
  TURN 47 — 3080 B.C. (3ms)
══════════════════════════════════════════════════════════════════════
  [Civ 1] Romans: ELIMINATED
  [Civ 2] Babylonians (despotism): 2 cities, 0 units, 167g, 12 techs, researching Mysticism (48/57)
    Rome: size=3, prod=building:3 (40sh)
    Babylon: size=3, prod=building:6 (31sh), bldgs=Palace, Granary, Courthouse
    Units: none
  [Civ 3] Germans (despotism): 1 cities, 4 units, 101g, 10 techs, researching Iron Working (0/24)
    Berlin: size=3, prod=building:5 (0sh), bldgs=Palace, Granary
    Units: 2x Settlers, 1x Warriors, 1x Archers
  [Civ 4] Egyptians (despotism): 1 cities, 0 units, 115g, 11 techs, researching Horseback Riding (24/26)
    Thebes: size=4, prod=building:5 (67sh), bldgs=Palace, Granary
    Units: none
  [Civ 2] Babylonians turn: 4 actions — ADJUST_ATTITUDE(2), PROPOSE_TREATY(1), RUSH_BUY(1)
    ADJUST_ATTITUDE target=civ3
    PROPOSE_TREATY treaty=ceasefire target=civ3
    ADJUST_ATTITUDE target=civ3
    RUSH_BUY city=0
    ADJUST_ATTITUDE target=civ2
    ADJUST_ATTITUDE target=civ2
    >>> Egyptians discovered: Horseback Riding
    SET_RESEARCH tech=Code of Laws
    >>> Rome built building:3

══════════════════════════════════════════════════════════════════════
  TURN 48 — 3060 B.C. (5ms)
══════════════════════════════════════════════════════════════════════
  [Civ 1] Romans: ELIMINATED
  [Civ 2] Babylonians (despotism): 2 cities, 0 units, 126g, 12 techs, researching Mysticism (54/57)
    Rome: size=3, prod=building:3 (3sh), bldgs=Granary
    Babylon: size=3, prod=building:6 (36sh), bldgs=Palace, Granary, Courthouse
    Units: none
  [Civ 3] Germans (despotism): 1 cities, 4 units, 102g, 10 techs, researching Iron Working (4/24)
    Berlin: size=3, prod=building:5 (4sh), bldgs=Palace, Granary
    Units: 2x Settlers, 1x Warriors, 1x Archers
  [Civ 4] Egyptians (despotism): 1 cities, 0 units, 115g, 12 techs, researching Code of Laws (0/57)
    Thebes: size=4, prod=building:5 (70sh), bldgs=Palace, Granary
    Units: none
  [Civ 2] Babylonians turn: 2 actions — ADJUST_ATTITUDE(1), CHANGE_PRODUCTION(1)
    ADJUST_ATTITUDE target=civ3
    CHANGE_PRODUCTION city=0
    ADJUST_ATTITUDE target=civ2
    >>> Babylonians discovered: Mysticism

══════════════════════════════════════════════════════════════════════
  TURN 49 — 3040 B.C. (4ms)
══════════════════════════════════════════════════════════════════════
  [Civ 1] Romans: ELIMINATED
  [Civ 2] Babylonians (despotism): 2 cities, 0 units, 126g, 13 techs, researching none (0/62)
    Rome: size=3, prod=building:7 (4sh), bldgs=Granary
    Babylon: size=3, prod=building:6 (41sh), bldgs=Palace, Granary, Courthouse
    Units: none
  [Civ 3] Germans (despotism): 1 cities, 4 units, 103g, 10 techs, researching Iron Working (8/24)
    Berlin: size=3, prod=building:5 (8sh), bldgs=Palace, Granary
    Units: 2x Settlers, 1x Warriors, 1x Archers
  [Civ 4] Egyptians (despotism): 1 cities, 0 units, 116g, 12 techs, researching Code of Laws (4/28)
    Thebes: size=4, prod=building:5 (73sh), bldgs=Palace, Granary
    Units: none
  [Civ 2] Babylonians turn: 2 actions — SET_RESEARCH(1), ADJUST_ATTITUDE(1)
    SET_RESEARCH tech=Trade
    ADJUST_ATTITUDE target=civ3
    ADJUST_ATTITUDE target=civ2
    DEMAND_TRIBUTE target=civ2
    >>> Babylon grew to size 4

══════════════════════════════════════════════════════════════════════
  TURN 50 — 3020 B.C. (6ms)
══════════════════════════════════════════════════════════════════════
  [Civ 1] Romans: ELIMINATED
  [Civ 2] Babylonians (despotism): 2 cities, 0 units, 125g, 13 techs, researching Trade (6/62)
    Rome: size=3, prod=building:7 (7sh), bldgs=Granary
    Babylon: size=4, prod=building:6 (46sh), bldgs=Palace, Granary, Courthouse
    Units: none
  [Civ 3] Germans (despotism): 1 cities, 4 units, 104g, 11 techs, researching Iron Working (12/26)
    Berlin: size=3, prod=building:5 (12sh), bldgs=Palace, Granary
    Units: 2x Settlers, 1x Warriors, 1x Archers
  [Civ 4] Egyptians (despotism): 1 cities, 0 units, 117g, 12 techs, researching Code of Laws (8/28)
    Thebes: size=4, prod=building:5 (76sh), bldgs=Palace, Granary
    Units: none
  [Civ 2] Babylonians turn: 3 actions — ADJUST_ATTITUDE(2), RESPOND_DEMAND(1)
    ADJUST_ATTITUDE target=civ3
    ADJUST_ATTITUDE target=civ2
    ADJUST_ATTITUDE target=civ2

══════════════════════════════════════════════════════════════════════
  TURN 51 — 3000 B.C. (6ms)
══════════════════════════════════════════════════════════════════════
  [Civ 1] Romans: ELIMINATED
  [Civ 2] Babylonians (despotism): 2 cities, 0 units, 87g, 13 techs, researching Trade (12/62)
    Rome: size=3, prod=building:7 (10sh), bldgs=Granary
    Babylon: size=4, prod=building:6 (52sh), bldgs=Palace, Granary, Courthouse
    Units: none
  [Civ 3] Germans (despotism): 1 cities, 4 units, 142g, 11 techs, researching Iron Working (16/26)
    Berlin: size=3, prod=building:5 (16sh), bldgs=Palace, Granary
    Units: 2x Settlers, 1x Warriors, 1x Archers
  [Civ 4] Egyptians (despotism): 1 cities, 0 units, 118g, 13 techs, researching Code of Laws (12/62)
    Thebes: size=4, prod=building:5 (79sh), bldgs=Palace, Granary
    Units: none
  [Civ 2] Babylonians turn: 1 actions — ADJUST_ATTITUDE(1)
    ADJUST_ATTITUDE target=civ3
    ADJUST_ATTITUDE target=civ2
    >>> Thebes built building:5
    CHANGE_PRODUCTION city=3

══════════════════════════════════════════════════════════════════════
  TURN 52 — 2980 B.C. (4ms)
══════════════════════════════════════════════════════════════════════
  [Civ 1] Romans: ELIMINATED
  [Civ 2] Babylonians (despotism): 2 cities, 0 units, 86g, 13 techs, researching Trade (18/62)
    Rome: size=3, prod=building:7 (13sh), bldgs=Granary
    Babylon: size=4, prod=building:6 (58sh), bldgs=Palace, Granary, Courthouse
    Units: none
  [Civ 3] Germans (despotism): 1 cities, 4 units, 143g, 11 techs, researching Iron Working (20/26)
    Berlin: size=3, prod=building:5 (20sh), bldgs=Palace, Granary
    Units: 2x Settlers, 1x Warriors, 1x Archers
  [Civ 4] Egyptians (despotism): 1 cities, 0 units, 119g, 13 techs, researching Code of Laws (16/62)
    Thebes: size=4, prod=building:6 (1sh), bldgs=Palace, Granary, Marketplace
    Units: none
  [Civ 2] Babylonians turn: 1 actions — ADJUST_ATTITUDE(1)
    ADJUST_ATTITUDE target=civ3
    ADJUST_ATTITUDE target=civ2

══════════════════════════════════════════════════════════════════════
  TURN 53 — 2960 B.C. (4ms)
══════════════════════════════════════════════════════════════════════
  [Civ 1] Romans: ELIMINATED
  [Civ 2] Babylonians (despotism): 2 cities, 0 units, 85g, 13 techs, researching Trade (24/62)
    Rome: size=3, prod=building:7 (16sh), bldgs=Granary
    Babylon: size=4, prod=building:6 (64sh), bldgs=Palace, Granary, Courthouse
    Units: none
  [Civ 3] Germans (despotism): 1 cities, 4 units, 144g, 11 techs, researching Iron Working (24/26)
    Berlin: size=3, prod=building:5 (24sh), bldgs=Palace, Granary
    Units: 2x Settlers, 1x Warriors, 1x Archers
  [Civ 4] Egyptians (despotism): 1 cities, 0 units, 120g, 13 techs, researching Code of Laws (20/62)
    Thebes: size=4, prod=building:6 (4sh), bldgs=Palace, Granary, Marketplace
    Units: none
  [Civ 2] Babylonians turn: 1 actions — ADJUST_ATTITUDE(1)
    ADJUST_ATTITUDE target=civ3
    >>> Germans discovered: Iron Working
    SET_RESEARCH tech=The Wheel
    ADJUST_ATTITUDE target=civ2
    BUILD_CITY unit=23 name="Hamburg"
    1 actions REJECTED (of 8)
    >>> Thebes grew to size 5
    >>> Thebes: CIVIL DISORDER
    CHANGE_RATES sci=5 tax=2 lux=undefined

══════════════════════════════════════════════════════════════════════
  TURN 54 — 2940 B.C. (4ms)
══════════════════════════════════════════════════════════════════════
  [Civ 1] Romans: ELIMINATED
  [Civ 2] Babylonians (despotism): 2 cities, 0 units, 84g, 13 techs, researching Trade (30/62)
    Rome: size=3, prod=building:7 (19sh), bldgs=Granary
    Babylon: size=4, prod=building:6 (70sh), bldgs=Palace, Granary, Courthouse
    Units: none
  [Civ 3] Germans (despotism): 2 cities, 3 units, 144g, 12 techs, researching The Wheel (0/28)
    Berlin: size=3, prod=building:5 (28sh), bldgs=Palace, Granary
    Hamburg: size=1, prod=Warriors (0sh)
    Units: 1x Settlers, 1x Warriors, 1x Archers
  [Civ 4] Egyptians (despotism): 1 cities, 0 units, 122g, 13 techs, researching Code of Laws (24/62)
    Thebes: size=5, prod=building:6 (7sh), bldgs=Palace, Granary, Marketplace
    Units: none
  [Civ 2] Babylonians turn: 1 actions — ADJUST_ATTITUDE(1)
    ADJUST_ATTITUDE target=civ3
    ADJUST_ATTITUDE target=civ2
    CHANGE_PRODUCTION city=4
    RUSH_BUY city=4
    1 actions REJECTED (of 7)
    CHANGE_RATES sci=6 tax=4 lux=undefined

══════════════════════════════════════════════════════════════════════
  TURN 55 — 2920 B.C. (6ms)
══════════════════════════════════════════════════════════════════════
  [Civ 1] Romans: ELIMINATED
  [Civ 2] Babylonians (despotism): 2 cities, 0 units, 83g, 13 techs, researching Trade (36/62)
    Rome: size=3, prod=building:7 (22sh), bldgs=Granary
    Babylon: size=4, prod=building:6 (76sh), bldgs=Palace, Granary, Courthouse
    Units: none
  [Civ 3] Germans (despotism): 2 cities, 3 units, 146g, 12 techs, researching The Wheel (6/28)
    Berlin: size=3, prod=building:5 (32sh), bldgs=Palace, Granary
    Hamburg: size=1, prod=building:3 (0sh)
    Units: 1x Settlers, 1x Warriors, 1x Archers
  [Civ 4] Egyptians (despotism): 1 cities, 0 units, 123g, 13 techs, researching Code of Laws (27/62)
    Thebes: size=5, prod=building:6 (10sh), bldgs=Palace, Granary, Marketplace
    Units: none
  [Civ 2] Babylonians turn: 1 actions — ADJUST_ATTITUDE(1)
    ADJUST_ATTITUDE target=civ3
    ADJUST_ATTITUDE target=civ2
    CHANGE_RATES sci=5 tax=2 lux=undefined
    >>> Babylon built building:6

══════════════════════════════════════════════════════════════════════
  TURN 56 — 2900 B.C. (5ms)
══════════════════════════════════════════════════════════════════════
  [Civ 1] Romans: ELIMINATED
  [Civ 2] Babylonians (despotism): 2 cities, 0 units, 81g, 13 techs, researching Trade (43/62)
    Rome: size=3, prod=building:7 (25sh), bldgs=Granary
    Babylon: size=4, prod=building:6 (2sh), bldgs=Palace, Granary, Courthouse, Library
    Units: none
  [Civ 3] Germans (despotism): 2 cities, 3 units, 148g, 12 techs, researching The Wheel (12/28)
    Berlin: size=3, prod=building:5 (36sh), bldgs=Palace, Granary
    Hamburg: size=1, prod=building:3 (3sh)
    Units: 1x Settlers, 1x Warriors, 1x Archers
  [Civ 4] Egyptians (despotism): 1 cities, 0 units, 125g, 13 techs, researching Code of Laws (31/62)
    Thebes: size=5, prod=building:6 (10sh), bldgs=Palace, Granary, Marketplace
    Units: none
  [Civ 2] Babylonians turn: 2 actions — ADJUST_ATTITUDE(1), CHANGE_PRODUCTION(1)
    ADJUST_ATTITUDE target=civ3
    CHANGE_PRODUCTION city=1
    ADJUST_ATTITUDE target=civ2
    CHANGE_RATES sci=6 tax=4 lux=undefined

══════════════════════════════════════════════════════════════════════
  FINAL SUMMARY
══════════════════════════════════════════════════════════════════════
Game ended at turn 57 (2880 B.C.)

── Civ 1: Romans (dead) ELIMINATED ──
  Cities: 0 (peak 1, founded 1)
  Units:  0 (peak 1)
  Treasury: 11g
  Techs discovered: 2 — Bronze Working, Iron Working
  Actions: 27 total, 17 idle turns
  Breakdown: UNIT_ORDER(11), MOVE_UNIT(10), SET_RESEARCH(3), CHANGE_RATES(1), BUILD_CITY(1), CHANGE_PRODUCTION(1)
  Army: none

── Civ 2: Babylonians (despotism) ALIVE ──
  Cities: 2 (peak 2, founded 1)
  Units:  0 (peak 2)
  Treasury: 79g
  Techs discovered: 5 — Code of Laws, Ceremonial Burial, Mathematics, Writing, Mysticism
  Actions: 181 total, 0 idle turns
  Breakdown: MOVE_UNIT(74), UNIT_ORDER(73), ADJUST_ATTITUDE(15), SET_RESEARCH(8), CHANGE_PRODUCTION(6), CHANGE_RATES(1), BUILD_CITY(1), PROPOSE_TREATY(1), RUSH_BUY(1), RESPOND_DEMAND(1)
  Army: none
  Rome: size=3, shields=28
  Babylon: size=4, shields=7

── Civ 3: Germans (despotism) ALIVE ──
  Cities: 2 (peak 2, founded 2)
  Units:  3 (peak 4)
  Treasury: 150g
  Techs discovered: 6 — Ceremonial Burial, Map Making, Writing, Currency, Mysticism, Iron Working
  Actions: 127 total, 21 idle turns
  Breakdown: UNIT_ORDER(45), MOVE_UNIT(41), ADJUST_ATTITUDE(18), SET_RESEARCH(7), CHANGE_PRODUCTION(6), WORKER_ORDER(4), BUILD_CITY(2), CHANGE_RATES(1), RESPOND_TREATY(1), DEMAND_TRIBUTE(1), RUSH_BUY(1)
  Army: 1x Settlers, 1x Warriors, 1x Archers
  Berlin: size=3, shields=40
  Hamburg: size=1, shields=6

── Civ 4: Egyptians (despotism) ALIVE ──
  Cities: 1 (peak 1, founded 1)
  Units:  0 (peak 1)
  Treasury: 126g
  Techs discovered: 4 — Map Making, Currency, Construction, Horseback Riding
  Actions: 47 total, 32 idle turns
  Breakdown: UNIT_ORDER(15), MOVE_UNIT(14), SET_RESEARCH(6), CHANGE_RATES(5), CHANGE_PRODUCTION(3), ADJUST_ATTITUDE(2), BUILD_CITY(1), RUSH_BUY(1)
  Army: none
  Thebes: size=5, shields=13


══════════════════════════════════════════════════════════════════════
  AI BEHAVIOR ANALYSIS
══════════════════════════════════════════════════════════════════════
[Civ 1] Romans:
  WARNING: Only 1 city after 30+ turns

[Civ 2] Babylonians:
  WARNING: Only 1 city after 30+ turns

[Civ 3] Germans:
  OK — no obvious issues detected

[Civ 4] Egyptians:
  WARNING: Idle 32/50 turns (>50%)
  WARNING: Only 1 city after 30+ turns

