Charlization AI Headless Simulation
Date: 2026-03-21T19:58:40.830Z
Settings: 50 turns, 4 AI players, 50x80 map, difficulty=prince
Map seed: 37360
Map generated in 54ms
Game initialized: 4 civs, 10 starting units
  Civ 1 (Romans): starts at (30,24) on Grassland
  Civ 2 (Babylonians): starts at (23,69) on Plains
  Civ 3 (Germans): starts at (46,48) on Plains
  Civ 4 (Egyptians): starts at (24,46) on Hills
    SET_RESEARCH tech=Warrior Code
    CHANGE_RATES sci=6 tax=4 lux=undefined
    BUILD_CITY unit=0 name="Rome"
    1 actions REJECTED (of 6)
    SET_RESEARCH tech=Map Making
    CHANGE_RATES sci=6 tax=4 lux=undefined
    BUILD_CITY unit=2 name="Babylon"
    1 actions REJECTED (of 6)
    SET_RESEARCH tech=Alphabet
    CHANGE_RATES sci=6 tax=4 lux=undefined
    BUILD_CITY unit=4 name="Berlin"
    BUILD_CITY unit=8 name="Berlin"
    2 actions REJECTED (of 8)
    SET_RESEARCH tech=Masonry
    CHANGE_RATES sci=6 tax=4 lux=undefined
    BUILD_CITY unit=6 name="Thebes"
    BUILD_CITY unit=9 name="Thebes"
    2 actions REJECTED (of 8)

══════════════════════════════════════════════════════════════════════
  TURN 1 — 4000 B.C. (45ms)
══════════════════════════════════════════════════════════════════════
  [Civ 1] Romans (despotism): 1 cities, 1 units, 1g, 3 techs, researching Warrior Code (3/39)
    Rome: size=1, prod=Warriors (2sh), bldgs=Palace
    Units: 1x Warriors
  [Civ 2] Babylonians (despotism): 1 cities, 1 units, 0g, 2 techs, researching Map Making (0/22)
    Babylon: size=1, prod=Warriors (0sh), bldgs=Palace
    Units: 1x Warriors
  [Civ 3] Germans (despotism): 1 cities, 2 units, 0g, 1 techs, researching Alphabet (0/11)
    Berlin: size=1, prod=Warriors (0sh), bldgs=Palace
    Units: 1x Warriors, 1x Settlers
  [Civ 4] Egyptians (despotism): 1 cities, 2 units, 0g, 1 techs, researching Masonry (0/11)
    Thebes: size=1, prod=Warriors (0sh), bldgs=Palace
    Units: 1x Warriors, 1x Settlers
  [Civ 1] Romans turn: 2 actions — MOVE_UNIT(1), UNIT_ORDER(1)
    CHANGE_PRODUCTION city=2
    CHANGE_PRODUCTION city=3

══════════════════════════════════════════════════════════════════════
  TURN 2 — 3980 B.C. (16ms)
══════════════════════════════════════════════════════════════════════
  [Civ 1] Romans (despotism): 1 cities, 1 units, 2g, 3 techs, researching Warrior Code (6/39)
    Rome: size=1, prod=Warriors (4sh), bldgs=Palace
    Units: 1x Warriors
  [Civ 2] Babylonians (despotism): 1 cities, 1 units, 1g, 2 techs, researching Map Making (2/22)
    Babylon: size=1, prod=Warriors (2sh), bldgs=Palace
    Units: 1x Warriors
  [Civ 3] Germans (despotism): 1 cities, 2 units, 1g, 1 techs, researching Alphabet (2/11)
    Berlin: size=1, prod=building:2 (2sh), bldgs=Palace
    Units: 1x Warriors, 1x Settlers
  [Civ 4] Egyptians (despotism): 1 cities, 2 units, 0g, 1 techs, researching Masonry (2/11)
    Thebes: size=1, prod=building:2 (2sh), bldgs=Palace
    Units: 1x Warriors, 1x Settlers
  [Civ 1] Romans turn: 2 actions — MOVE_UNIT(1), UNIT_ORDER(1)

══════════════════════════════════════════════════════════════════════
  TURN 3 — 3960 B.C. (9ms)
══════════════════════════════════════════════════════════════════════
  [Civ 1] Romans (despotism): 1 cities, 1 units, 3g, 3 techs, researching Warrior Code (9/39)
    Rome: size=1, prod=Warriors (6sh), bldgs=Palace
    Units: 1x Warriors
  [Civ 2] Babylonians (despotism): 1 cities, 1 units, 2g, 2 techs, researching Map Making (4/22)
    Babylon: size=1, prod=Warriors (4sh), bldgs=Palace
    Units: 1x Warriors
  [Civ 3] Germans (despotism): 1 cities, 2 units, 2g, 1 techs, researching Alphabet (4/11)
    Berlin: size=1, prod=building:2 (4sh), bldgs=Palace
    Units: 1x Warriors, 1x Settlers
  [Civ 4] Egyptians (despotism): 1 cities, 2 units, 0g, 1 techs, researching Masonry (4/11)
    Thebes: size=1, prod=building:2 (4sh), bldgs=Palace
    Units: 1x Warriors, 1x Settlers
  [Civ 1] Romans turn: 2 actions — MOVE_UNIT(1), UNIT_ORDER(1)

══════════════════════════════════════════════════════════════════════
  TURN 4 — 3940 B.C. (5ms)
══════════════════════════════════════════════════════════════════════
  [Civ 1] Romans (despotism): 1 cities, 1 units, 4g, 3 techs, researching Warrior Code (12/39)
    Rome: size=1, prod=Warriors (8sh), bldgs=Palace
    Units: 1x Warriors
  [Civ 2] Babylonians (despotism): 1 cities, 1 units, 3g, 2 techs, researching Map Making (6/22)
    Babylon: size=1, prod=Warriors (6sh), bldgs=Palace
    Units: 1x Warriors
  [Civ 3] Germans (despotism): 1 cities, 2 units, 3g, 1 techs, researching Alphabet (6/11)
    Berlin: size=1, prod=building:2 (6sh), bldgs=Palace
    Units: 1x Warriors, 1x Settlers
  [Civ 4] Egyptians (despotism): 1 cities, 2 units, 0g, 1 techs, researching Masonry (6/11)
    Thebes: size=1, prod=building:2 (6sh), bldgs=Palace
    Units: 1x Warriors, 1x Settlers
  [Civ 1] Romans turn: 2 actions — MOVE_UNIT(1), UNIT_ORDER(1)
    END_TURN REJECTED: 1 units still need orders
      #10 Archers(Atk) @(32,23) mv=3 ord=none hp=full
    >>> Rome built Warriors

══════════════════════════════════════════════════════════════════════
  TURN 5 — 3920 B.C. (5ms)
══════════════════════════════════════════════════════════════════════
  [Civ 1] Romans (despotism): 1 cities, 3 units, 5g, 3 techs, researching Warrior Code (15/39)
    Rome: size=1, prod=Warriors (0sh), bldgs=Palace
    Units: 2x Warriors, 1x Archers
  [Civ 2] Babylonians (despotism): 1 cities, 1 units, 4g, 2 techs, researching Map Making (8/22)
    Babylon: size=1, prod=Warriors (8sh), bldgs=Palace
    Units: 1x Warriors
  [Civ 3] Germans (despotism): 1 cities, 2 units, 4g, 1 techs, researching Alphabet (8/11)
    Berlin: size=1, prod=building:2 (8sh), bldgs=Palace
    Units: 1x Warriors, 1x Settlers
  [Civ 4] Egyptians (despotism): 1 cities, 2 units, 0g, 1 techs, researching Masonry (8/11)
    Thebes: size=1, prod=building:2 (8sh), bldgs=Palace
    Units: 1x Warriors, 1x Settlers
  [Civ 1] Romans turn: 7 actions — CHANGE_PRODUCTION(1), MOVE_UNIT(2), UNIT_ORDER(4)
    CHANGE_PRODUCTION city=0
    >>> Babylon built Warriors
    CHANGE_PRODUCTION city=1

══════════════════════════════════════════════════════════════════════
  TURN 6 — 3900 B.C. (6ms)
══════════════════════════════════════════════════════════════════════
  [Civ 1] Romans (despotism): 1 cities, 3 units, 6g, 3 techs, researching Warrior Code (18/39)
    Rome: size=1, prod=building:8 (2sh), bldgs=Palace
    Units: 2x Warriors, 1x Archers
  [Civ 2] Babylonians (despotism): 1 cities, 2 units, 5g, 2 techs, researching Map Making (10/22)
    Babylon: size=1, prod=building:8 (0sh), bldgs=Palace
    Units: 2x Warriors
  [Civ 3] Germans (despotism): 1 cities, 2 units, 5g, 1 techs, researching Alphabet (10/11)
    Berlin: size=1, prod=building:2 (10sh), bldgs=Palace
    Units: 1x Warriors, 1x Settlers
  [Civ 4] Egyptians (despotism): 1 cities, 2 units, 0g, 1 techs, researching Masonry (10/11)
    Thebes: size=1, prod=building:2 (10sh), bldgs=Palace
    Units: 1x Warriors, 1x Settlers
  [Civ 1] Romans turn: 4 actions — MOVE_UNIT(2), UNIT_ORDER(2)
    >>> Germans discovered: Alphabet
    SET_RESEARCH tech=Code of Laws
    >>> Egyptians discovered: Masonry
    SET_RESEARCH tech=Warrior Code

══════════════════════════════════════════════════════════════════════
  TURN 7 — 3880 B.C. (7ms)
══════════════════════════════════════════════════════════════════════
  [Civ 1] Romans (despotism): 1 cities, 3 units, 7g, 3 techs, researching Warrior Code (21/39)
    Rome: size=1, prod=building:8 (4sh), bldgs=Palace
    Units: 2x Warriors, 1x Archers
  [Civ 2] Babylonians (despotism): 1 cities, 2 units, 6g, 2 techs, researching Map Making (12/22)
    Babylon: size=1, prod=building:8 (2sh), bldgs=Palace
    Units: 2x Warriors
  [Civ 3] Germans (despotism): 1 cities, 2 units, 5g, 2 techs, researching Code of Laws (0/22)
    Berlin: size=1, prod=building:2 (12sh), bldgs=Palace
    Units: 1x Warriors, 1x Settlers
  [Civ 4] Egyptians (despotism): 1 cities, 2 units, 0g, 2 techs, researching Warrior Code (0/22)
    Thebes: size=1, prod=building:2 (12sh), bldgs=Palace
    Units: 1x Warriors, 1x Settlers
  [Civ 1] Romans turn: 4 actions — MOVE_UNIT(2), UNIT_ORDER(2)
    END_TURN REJECTED: 1 units still need orders
      #13 Archers(Atk) @(24,54) mv=3 ord=none hp=full

══════════════════════════════════════════════════════════════════════
  TURN 8 — 3860 B.C. (6ms)
══════════════════════════════════════════════════════════════════════
  [Civ 1] Romans (despotism): 1 cities, 3 units, 8g, 3 techs, researching Warrior Code (24/39)
    Rome: size=1, prod=building:8 (6sh), bldgs=Palace
    Units: 2x Warriors, 1x Archers
  [Civ 2] Babylonians (despotism): 1 cities, 3 units, 7g, 2 techs, researching Map Making (14/22)
    Babylon: size=1, prod=building:8 (4sh), bldgs=Palace
    Units: 2x Warriors, 1x Archers
  [Civ 3] Germans (despotism): 1 cities, 1 units, 6g, 2 techs, researching Code of Laws (2/22)
    Berlin: size=1, prod=building:2 (14sh), bldgs=Palace
    Units: 1x Settlers
  [Civ 4] Egyptians (despotism): 1 cities, 2 units, 0g, 2 techs, researching Warrior Code (2/22)
    Thebes: size=1, prod=building:2 (14sh), bldgs=Palace
    Units: 1x Warriors, 1x Settlers
  [Civ 1] Romans turn: 4 actions — MOVE_UNIT(2), UNIT_ORDER(2)

══════════════════════════════════════════════════════════════════════
  TURN 9 — 3840 B.C. (4ms)
══════════════════════════════════════════════════════════════════════
  [Civ 1] Romans (despotism): 1 cities, 3 units, 9g, 3 techs, researching Warrior Code (27/39)
    Rome: size=1, prod=building:8 (8sh), bldgs=Palace
    Units: 2x Warriors, 1x Archers
  [Civ 2] Babylonians (despotism): 1 cities, 3 units, 8g, 2 techs, researching Map Making (16/22)
    Babylon: size=1, prod=building:8 (6sh), bldgs=Palace
    Units: 2x Warriors, 1x Archers
  [Civ 3] Germans (despotism): 1 cities, 1 units, 7g, 2 techs, researching Code of Laws (4/22)
    Berlin: size=1, prod=building:2 (16sh), bldgs=Palace
    Units: 1x Settlers
  [Civ 4] Egyptians (despotism): 1 cities, 2 units, 0g, 2 techs, researching Warrior Code (4/22)
    Thebes: size=1, prod=building:2 (16sh), bldgs=Palace
    Units: 1x Warriors, 1x Settlers
  [Civ 1] Romans turn: 4 actions — MOVE_UNIT(2), UNIT_ORDER(2)
    >>> Rome grew to size 2

══════════════════════════════════════════════════════════════════════
  TURN 10 — 3820 B.C. (6ms)
══════════════════════════════════════════════════════════════════════
  [Civ 1] Romans (despotism): 1 cities, 3 units, 11g, 3 techs, researching Warrior Code (30/39)
    Rome: size=2, prod=building:8 (11sh), bldgs=Palace
    Units: 2x Warriors, 1x Archers
  [Civ 2] Babylonians (despotism): 1 cities, 3 units, 9g, 2 techs, researching Map Making (18/22)
    Babylon: size=1, prod=building:8 (8sh), bldgs=Palace
    Units: 2x Warriors, 1x Archers
  [Civ 3] Germans (despotism): 1 cities, 1 units, 8g, 2 techs, researching Code of Laws (6/22)
    Berlin: size=1, prod=building:2 (18sh), bldgs=Palace
    Units: 1x Settlers
  [Civ 4] Egyptians (despotism): 1 cities, 2 units, 0g, 2 techs, researching Warrior Code (6/22)
    Thebes: size=1, prod=building:2 (18sh), bldgs=Palace
    Units: 1x Warriors, 1x Settlers
  [Civ 1] Romans turn: 4 actions — MOVE_UNIT(2), UNIT_ORDER(2)
    >>> Babylon grew to size 2
    >>> Berlin grew to size 2
    >>> Thebes grew to size 2
    CHANGE_PRODUCTION city=3

══════════════════════════════════════════════════════════════════════
  TURN 11 — 3800 B.C. (10ms)
══════════════════════════════════════════════════════════════════════
  [Civ 1] Romans (despotism): 1 cities, 3 units, 13g, 3 techs, researching Warrior Code (33/39)
    Rome: size=2, prod=building:8 (14sh), bldgs=Palace
    Units: 2x Warriors, 1x Archers
  [Civ 2] Babylonians (despotism): 1 cities, 3 units, 10g, 2 techs, researching Map Making (21/22)
    Babylon: size=2, prod=building:8 (11sh), bldgs=Palace
    Units: 2x Warriors, 1x Archers
  [Civ 3] Germans (despotism): 1 cities, 1 units, 9g, 2 techs, researching Code of Laws (9/22)
    Berlin: size=2, prod=building:2 (22sh), bldgs=Palace
    Units: 1x Settlers
  [Civ 4] Egyptians (despotism): 1 cities, 2 units, 1g, 2 techs, researching Warrior Code (8/22)
    Thebes: size=2, prod=building:8 (21sh), bldgs=Palace
    Units: 1x Warriors, 1x Settlers
  [Civ 1] Romans turn: 4 actions — MOVE_UNIT(2), UNIT_ORDER(2)
    >>> Babylonians discovered: Map Making
    SET_RESEARCH tech=Code of Laws

══════════════════════════════════════════════════════════════════════
  TURN 12 — 3780 B.C. (5ms)
══════════════════════════════════════════════════════════════════════
  [Civ 1] Romans (despotism): 1 cities, 3 units, 15g, 3 techs, researching Warrior Code (36/39)
    Rome: size=2, prod=building:8 (17sh), bldgs=Palace
    Units: 2x Warriors, 1x Archers
  [Civ 2] Babylonians (despotism): 1 cities, 3 units, 10g, 3 techs, researching Code of Laws (0/39)
    Babylon: size=2, prod=building:8 (14sh), bldgs=Palace
    Units: 2x Warriors, 1x Archers
  [Civ 3] Germans (despotism): 1 cities, 1 units, 10g, 2 techs, researching Code of Laws (12/22)
    Berlin: size=2, prod=building:2 (26sh), bldgs=Palace
    Units: 1x Settlers
  [Civ 4] Egyptians (despotism): 1 cities, 2 units, 2g, 2 techs, researching Warrior Code (10/22)
    Thebes: size=2, prod=building:8 (24sh), bldgs=Palace
    Units: 1x Warriors, 1x Settlers
  [Civ 1] Romans turn: 4 actions — MOVE_UNIT(2), UNIT_ORDER(2)
    >>> Romans discovered: Warrior Code

══════════════════════════════════════════════════════════════════════
  TURN 13 — 3760 B.C. (5ms)
══════════════════════════════════════════════════════════════════════
  [Civ 1] Romans (despotism): 1 cities, 3 units, 15g, 4 techs, researching none (0/52)
    Rome: size=2, prod=building:8 (20sh), bldgs=Palace
    Units: 2x Warriors, 1x Archers
  [Civ 2] Babylonians (despotism): 1 cities, 3 units, 11g, 3 techs, researching Code of Laws (3/36)
    Babylon: size=2, prod=building:8 (17sh), bldgs=Palace
    Units: 2x Warriors, 1x Archers
  [Civ 3] Germans (despotism): 1 cities, 1 units, 11g, 2 techs, researching Code of Laws (15/22)
    Berlin: size=2, prod=building:2 (30sh), bldgs=Palace
    Units: 1x Settlers
  [Civ 4] Egyptians (despotism): 1 cities, 2 units, 3g, 2 techs, researching Warrior Code (12/22)
    Thebes: size=2, prod=building:8 (27sh), bldgs=Palace
    Units: 1x Warriors, 1x Settlers
  [Civ 1] Romans turn: 5 actions — SET_RESEARCH(1), MOVE_UNIT(2), UNIT_ORDER(2)
    SET_RESEARCH tech=Bronze Working

══════════════════════════════════════════════════════════════════════
  TURN 14 — 3740 B.C. (7ms)
══════════════════════════════════════════════════════════════════════
  [Civ 1] Romans (despotism): 1 cities, 3 units, 17g, 4 techs, researching Bronze Working (3/52)
    Rome: size=2, prod=building:8 (23sh), bldgs=Palace
    Units: 2x Warriors, 1x Archers
  [Civ 2] Babylonians (despotism): 1 cities, 3 units, 12g, 3 techs, researching Code of Laws (6/36)
    Babylon: size=2, prod=building:8 (20sh), bldgs=Palace
    Units: 2x Warriors, 1x Archers
  [Civ 3] Germans (despotism): 1 cities, 1 units, 12g, 2 techs, researching Code of Laws (18/22)
    Berlin: size=2, prod=building:2 (34sh), bldgs=Palace
    Units: 1x Settlers
  [Civ 4] Egyptians (despotism): 1 cities, 2 units, 4g, 2 techs, researching Warrior Code (14/22)
    Thebes: size=2, prod=building:8 (30sh), bldgs=Palace
    Units: 1x Warriors, 1x Settlers
  [Civ 1] Romans turn: 4 actions — MOVE_UNIT(2), UNIT_ORDER(2)

══════════════════════════════════════════════════════════════════════
  TURN 15 — 3720 B.C. (4ms)
══════════════════════════════════════════════════════════════════════
  [Civ 1] Romans (despotism): 1 cities, 3 units, 19g, 4 techs, researching Bronze Working (6/52)
    Rome: size=2, prod=building:8 (26sh), bldgs=Palace
    Units: 2x Warriors, 1x Archers
  [Civ 2] Babylonians (despotism): 1 cities, 3 units, 13g, 3 techs, researching Code of Laws (9/36)
    Babylon: size=2, prod=building:8 (23sh), bldgs=Palace
    Units: 2x Warriors, 1x Archers
  [Civ 3] Germans (despotism): 1 cities, 1 units, 13g, 2 techs, researching Code of Laws (21/22)
    Berlin: size=2, prod=building:2 (38sh), bldgs=Palace
    Units: 1x Settlers
  [Civ 4] Egyptians (despotism): 1 cities, 2 units, 5g, 2 techs, researching Warrior Code (16/22)
    Thebes: size=2, prod=building:8 (33sh), bldgs=Palace
    Units: 1x Warriors, 1x Settlers
  [Civ 1] Romans turn: 4 actions — MOVE_UNIT(2), UNIT_ORDER(2)
    >>> Germans discovered: Code of Laws
    >>> Berlin built building:2
    SET_RESEARCH tech=Writing
    CHANGE_PRODUCTION city=2

══════════════════════════════════════════════════════════════════════
  TURN 16 — 3700 B.C. (6ms)
══════════════════════════════════════════════════════════════════════
  [Civ 1] Romans (despotism): 1 cities, 3 units, 21g, 4 techs, researching Bronze Working (9/52)
    Rome: size=2, prod=building:8 (29sh), bldgs=Palace
    Units: 2x Warriors, 1x Archers
  [Civ 2] Babylonians (despotism): 1 cities, 3 units, 14g, 3 techs, researching Code of Laws (12/36)
    Babylon: size=2, prod=building:8 (26sh), bldgs=Palace
    Units: 2x Warriors, 1x Archers
  [Civ 3] Germans (despotism): 1 cities, 1 units, 13g, 3 techs, researching Writing (0/36)
    Berlin: size=2, prod=Warriors (2sh), bldgs=Palace, Barracks
    Units: 1x Settlers
  [Civ 4] Egyptians (despotism): 1 cities, 2 units, 6g, 2 techs, researching Warrior Code (18/22)
    Thebes: size=2, prod=building:8 (36sh), bldgs=Palace
    Units: 1x Warriors, 1x Settlers
  [Civ 1] Romans turn: 4 actions — MOVE_UNIT(2), UNIT_ORDER(2)

══════════════════════════════════════════════════════════════════════
  TURN 17 — 3680 B.C. (4ms)
══════════════════════════════════════════════════════════════════════
  [Civ 1] Romans (despotism): 1 cities, 3 units, 23g, 4 techs, researching Bronze Working (12/52)
    Rome: size=2, prod=building:8 (32sh), bldgs=Palace
    Units: 2x Warriors, 1x Archers
  [Civ 2] Babylonians (despotism): 1 cities, 3 units, 15g, 3 techs, researching Code of Laws (15/36)
    Babylon: size=2, prod=building:8 (29sh), bldgs=Palace
    Units: 2x Warriors, 1x Archers
  [Civ 3] Germans (despotism): 1 cities, 1 units, 13g, 3 techs, researching Writing (3/36)
    Berlin: size=2, prod=Warriors (6sh), bldgs=Palace, Barracks
    Units: 1x Settlers
  [Civ 4] Egyptians (despotism): 1 cities, 2 units, 7g, 2 techs, researching Warrior Code (20/22)
    Thebes: size=2, prod=building:8 (39sh), bldgs=Palace
    Units: 1x Warriors, 1x Settlers
  [Civ 1] Romans turn: 4 actions — MOVE_UNIT(2), UNIT_ORDER(2)
    >>> Berlin built Warriors
    >>> Egyptians discovered: Warrior Code
    SET_RESEARCH tech=Pottery

══════════════════════════════════════════════════════════════════════
  TURN 18 — 3660 B.C. (5ms)
══════════════════════════════════════════════════════════════════════
  [Civ 1] Romans (despotism): 1 cities, 3 units, 50g, 4 techs, researching Bronze Working (15/52)
    Rome: size=2, prod=building:8 (35sh), bldgs=Palace
    Units: 2x Warriors, 1x Archers
  [Civ 2] Babylonians (despotism): 1 cities, 3 units, 16g, 3 techs, researching Code of Laws (18/36)
    Babylon: size=2, prod=building:8 (32sh), bldgs=Palace
    Units: 2x Warriors, 1x Archers
  [Civ 3] Germans (despotism): 1 cities, 2 units, 13g, 3 techs, researching Writing (6/36)
    Berlin: size=2, prod=Warriors (0sh), bldgs=Palace, Barracks
    Units: 1x Settlers, 1x Warriors
  [Civ 4] Egyptians (despotism): 1 cities, 2 units, 7g, 3 techs, researching Pottery (0/36)
    Thebes: size=2, prod=building:8 (42sh), bldgs=Palace
    Units: 1x Warriors, 1x Settlers
  [Civ 1] Romans turn: 4 actions — MOVE_UNIT(2), UNIT_ORDER(2)
    COMBAT: Archers vs Horsemen → atkWin (atkHp=undefined, defHp=undefined)

══════════════════════════════════════════════════════════════════════
  TURN 19 — 3640 B.C. (7ms)
══════════════════════════════════════════════════════════════════════
  [Civ 1] Romans (despotism): 1 cities, 3 units, 52g, 4 techs, researching Bronze Working (18/52)
    Rome: size=2, prod=building:8 (38sh), bldgs=Palace
    Units: 2x Warriors, 1x Archers
  [Civ 2] Babylonians (despotism): 1 cities, 3 units, 17g, 3 techs, researching Code of Laws (21/36)
    Babylon: size=2, prod=building:8 (35sh), bldgs=Palace
    Units: 2x Warriors, 1x Archers
  [Civ 3] Germans (despotism): 1 cities, 2 units, 13g, 3 techs, researching Writing (9/36)
    Berlin: size=2, prod=Warriors (4sh), bldgs=Palace, Barracks
    Units: 1x Settlers, 1x Warriors
  [Civ 4] Egyptians (despotism): 1 cities, 2 units, 8g, 3 techs, researching Pottery (2/36)
    Thebes: size=2, prod=building:8 (45sh), bldgs=Palace
    Units: 1x Warriors, 1x Settlers
  [Civ 1] Romans turn: 4 actions — MOVE_UNIT(2), UNIT_ORDER(2)

══════════════════════════════════════════════════════════════════════
  TURN 20 — 3620 B.C. (6ms)
══════════════════════════════════════════════════════════════════════
  [Civ 1] Romans (despotism): 1 cities, 3 units, 54g, 4 techs, researching Bronze Working (21/52)
    Rome: size=2, prod=building:8 (41sh), bldgs=Palace
    Units: 2x Warriors, 1x Archers
  [Civ 2] Babylonians (despotism): 1 cities, 3 units, 18g, 3 techs, researching Code of Laws (24/36)
    Babylon: size=2, prod=building:8 (38sh), bldgs=Palace
    Units: 2x Warriors, 1x Archers
  [Civ 3] Germans (despotism): 1 cities, 2 units, 13g, 3 techs, researching Writing (12/36)
    Berlin: size=2, prod=Warriors (8sh), bldgs=Palace, Barracks
    Units: 1x Settlers, 1x Warriors
  [Civ 4] Egyptians (despotism): 1 cities, 2 units, 9g, 3 techs, researching Pottery (4/36)
    Thebes: size=2, prod=building:8 (48sh), bldgs=Palace
    Units: 1x Warriors, 1x Settlers
  [Civ 1] Romans turn: 4 actions — MOVE_UNIT(2), UNIT_ORDER(2)
    >>> Berlin built Warriors

══════════════════════════════════════════════════════════════════════
  TURN 21 — 3600 B.C. (8ms)
══════════════════════════════════════════════════════════════════════
  [Civ 1] Romans (despotism): 1 cities, 3 units, 56g, 4 techs, researching Bronze Working (24/52)
    Rome: size=2, prod=building:8 (44sh), bldgs=Palace
    Units: 2x Warriors, 1x Archers
  [Civ 2] Babylonians (despotism): 1 cities, 3 units, 19g, 3 techs, researching Code of Laws (27/36)
    Babylon: size=2, prod=building:8 (41sh), bldgs=Palace
    Units: 2x Warriors, 1x Archers
  [Civ 3] Germans (despotism): 1 cities, 3 units, 13g, 3 techs, researching Writing (15/36)
    Berlin: size=2, prod=Warriors (2sh), bldgs=Palace, Barracks
    Units: 1x Settlers, 2x Warriors
  [Civ 4] Egyptians (despotism): 1 cities, 2 units, 10g, 3 techs, researching Pottery (6/36)
    Thebes: size=2, prod=building:8 (51sh), bldgs=Palace
    Units: 1x Warriors, 1x Settlers
  [Civ 1] Romans turn: 4 actions — MOVE_UNIT(2), UNIT_ORDER(2)

══════════════════════════════════════════════════════════════════════
  TURN 22 — 3580 B.C. (5ms)
══════════════════════════════════════════════════════════════════════
  [Civ 1] Romans (despotism): 1 cities, 3 units, 58g, 4 techs, researching Bronze Working (27/52)
    Rome: size=2, prod=building:8 (47sh), bldgs=Palace
    Units: 2x Warriors, 1x Archers
  [Civ 2] Babylonians (despotism): 1 cities, 3 units, 20g, 3 techs, researching Code of Laws (30/36)
    Babylon: size=2, prod=building:8 (44sh), bldgs=Palace
    Units: 2x Warriors, 1x Archers
  [Civ 3] Germans (despotism): 1 cities, 2 units, 13g, 3 techs, researching Writing (18/36)
    Berlin: size=2, prod=Warriors (6sh), bldgs=Palace, Barracks
    Units: 1x Settlers, 1x Warriors
  [Civ 4] Egyptians (despotism): 1 cities, 2 units, 11g, 3 techs, researching Pottery (8/36)
    Thebes: size=2, prod=building:8 (54sh), bldgs=Palace
    Units: 1x Warriors, 1x Settlers
  [Civ 1] Romans turn: 4 actions — MOVE_UNIT(2), UNIT_ORDER(2)
    >>> Berlin built Warriors

══════════════════════════════════════════════════════════════════════
  TURN 23 — 3560 B.C. (5ms)
══════════════════════════════════════════════════════════════════════
  [Civ 1] Romans (despotism): 1 cities, 3 units, 60g, 4 techs, researching Bronze Working (30/52)
    Rome: size=2, prod=building:8 (50sh), bldgs=Palace
    Units: 2x Warriors, 1x Archers
  [Civ 2] Babylonians (despotism): 1 cities, 3 units, 21g, 3 techs, researching Code of Laws (33/36)
    Babylon: size=2, prod=building:8 (47sh), bldgs=Palace
    Units: 2x Warriors, 1x Archers
  [Civ 3] Germans (despotism): 1 cities, 3 units, 13g, 3 techs, researching Writing (21/36)
    Berlin: size=2, prod=Warriors (0sh), bldgs=Palace, Barracks
    Units: 1x Settlers, 2x Warriors
  [Civ 4] Egyptians (despotism): 1 cities, 2 units, 12g, 3 techs, researching Pottery (10/36)
    Thebes: size=2, prod=building:8 (57sh), bldgs=Palace
    Units: 1x Warriors, 1x Settlers
  [Civ 1] Romans turn: 4 actions — MOVE_UNIT(2), UNIT_ORDER(2)
    >>> Babylonians discovered: Code of Laws
    SET_RESEARCH tech=Pottery

══════════════════════════════════════════════════════════════════════
  TURN 24 — 3540 B.C. (6ms)
══════════════════════════════════════════════════════════════════════
  [Civ 1] Romans (despotism): 1 cities, 3 units, 62g, 4 techs, researching Bronze Working (33/52)
    Rome: size=2, prod=building:8 (53sh), bldgs=Palace
    Units: 2x Warriors, 1x Archers
  [Civ 2] Babylonians (despotism): 1 cities, 3 units, 21g, 4 techs, researching Pottery (0/52)
    Babylon: size=2, prod=building:8 (50sh), bldgs=Palace
    Units: 2x Warriors, 1x Archers
  [Civ 3] Germans (despotism): 1 cities, 2 units, 13g, 3 techs, researching Writing (24/36)
    Berlin: size=2, prod=Warriors (4sh), bldgs=Palace, Barracks
    Units: 1x Settlers, 1x Warriors
  [Civ 4] Egyptians (despotism): 1 cities, 2 units, 13g, 3 techs, researching Pottery (12/36)
    Thebes: size=2, prod=building:8 (60sh), bldgs=Palace
    Units: 1x Warriors, 1x Settlers
  [Civ 1] Romans turn: 4 actions — MOVE_UNIT(2), UNIT_ORDER(2)
    >>> Rome grew to size 3

══════════════════════════════════════════════════════════════════════
  TURN 25 — 3520 B.C. (6ms)
══════════════════════════════════════════════════════════════════════
  [Civ 1] Romans (despotism): 1 cities, 3 units, 64g, 4 techs, researching Bronze Working (37/52)
    Rome: size=3, prod=building:8 (57sh), bldgs=Palace
    Units: 2x Warriors, 1x Archers
  [Civ 2] Babylonians (despotism): 1 cities, 3 units, 22g, 4 techs, researching Pottery (3/52)
    Babylon: size=2, prod=building:8 (53sh), bldgs=Palace
    Units: 2x Warriors, 1x Archers
  [Civ 3] Germans (despotism): 1 cities, 2 units, 13g, 3 techs, researching Writing (27/36)
    Berlin: size=2, prod=Warriors (8sh), bldgs=Palace, Barracks
    Units: 1x Settlers, 1x Warriors
  [Civ 4] Egyptians (despotism): 1 cities, 2 units, 14g, 3 techs, researching Pottery (14/36)
    Thebes: size=2, prod=building:8 (63sh), bldgs=Palace
    Units: 1x Warriors, 1x Settlers
  [Civ 1] Romans turn: 4 actions — MOVE_UNIT(2), UNIT_ORDER(2)
    >>> Babylon grew to size 3
    >>> Berlin built Warriors
    >>> Thebes grew to size 3

══════════════════════════════════════════════════════════════════════
  TURN 26 — 3500 B.C. (5ms)
══════════════════════════════════════════════════════════════════════
  [Civ 1] Romans (despotism): 1 cities, 3 units, 66g, 4 techs, researching Bronze Working (41/52)
    Rome: size=3, prod=building:8 (61sh), bldgs=Palace
    Units: 2x Warriors, 1x Archers
  [Civ 2] Babylonians (despotism): 1 cities, 3 units, 24g, 4 techs, researching Pottery (6/52)
    Babylon: size=3, prod=building:8 (56sh), bldgs=Palace
    Units: 2x Warriors, 1x Archers
  [Civ 3] Germans (despotism): 1 cities, 3 units, 13g, 3 techs, researching Writing (30/36)
    Berlin: size=2, prod=Warriors (2sh), bldgs=Palace, Barracks
    Units: 1x Settlers, 2x Warriors
  [Civ 4] Egyptians (despotism): 1 cities, 2 units, 15g, 3 techs, researching Pottery (16/36)
    Thebes: size=3, prod=building:8 (67sh), bldgs=Palace
    Units: 1x Warriors, 1x Settlers
  [Civ 1] Romans turn: 4 actions — MOVE_UNIT(2), UNIT_ORDER(2)

══════════════════════════════════════════════════════════════════════
  TURN 27 — 3480 B.C. (4ms)
══════════════════════════════════════════════════════════════════════
  [Civ 1] Romans (despotism): 1 cities, 3 units, 68g, 4 techs, researching Bronze Working (45/52)
    Rome: size=3, prod=building:8 (65sh), bldgs=Palace
    Units: 2x Warriors, 1x Archers
  [Civ 2] Babylonians (despotism): 1 cities, 3 units, 26g, 4 techs, researching Pottery (9/52)
    Babylon: size=3, prod=building:8 (59sh), bldgs=Palace
    Units: 2x Warriors, 1x Archers
  [Civ 3] Germans (despotism): 1 cities, 3 units, 13g, 3 techs, researching Writing (33/36)
    Berlin: size=2, prod=Warriors (6sh), bldgs=Palace, Barracks
    Units: 1x Settlers, 2x Warriors
  [Civ 4] Egyptians (despotism): 1 cities, 2 units, 16g, 3 techs, researching Pottery (18/36)
    Thebes: size=3, prod=building:8 (71sh), bldgs=Palace
    Units: 1x Warriors, 1x Settlers
  [Civ 1] Romans turn: 4 actions — MOVE_UNIT(2), UNIT_ORDER(2)
    >>> Berlin built Warriors

══════════════════════════════════════════════════════════════════════
  TURN 28 — 3460 B.C. (4ms)
══════════════════════════════════════════════════════════════════════
  [Civ 1] Romans (despotism): 1 cities, 3 units, 70g, 4 techs, researching Bronze Working (49/52)
    Rome: size=3, prod=building:8 (69sh), bldgs=Palace
    Units: 2x Warriors, 1x Archers
  [Civ 2] Babylonians (despotism): 1 cities, 3 units, 28g, 4 techs, researching Pottery (12/52)
    Babylon: size=3, prod=building:8 (62sh), bldgs=Palace
    Units: 2x Warriors, 1x Archers
  [Civ 3] Germans (despotism): 1 cities, 4 units, 13g, 3 techs, researching Writing (35/36)
    Berlin: size=2, prod=Warriors (0sh), bldgs=Palace, Barracks
    Units: 1x Settlers, 3x Warriors
  [Civ 4] Egyptians (despotism): 1 cities, 2 units, 17g, 3 techs, researching Pottery (20/36)
    Thebes: size=3, prod=building:8 (75sh), bldgs=Palace
    Units: 1x Warriors, 1x Settlers
  [Civ 1] Romans turn: 4 actions — MOVE_UNIT(2), UNIT_ORDER(2)
    >>> Germans discovered: Writing
    SET_RESEARCH tech=Pottery
    >>> Romans discovered: Bronze Working

══════════════════════════════════════════════════════════════════════
  TURN 29 — 3440 B.C. (8ms)
══════════════════════════════════════════════════════════════════════
  [Civ 1] Romans (despotism): 1 cities, 3 units, 70g, 5 techs, researching none (0/70)
    Rome: size=3, prod=building:8 (73sh), bldgs=Palace
    Units: 2x Warriors, 1x Archers
  [Civ 2] Babylonians (despotism): 1 cities, 3 units, 30g, 4 techs, researching Pottery (15/48)
    Babylon: size=3, prod=building:8 (65sh), bldgs=Palace
    Units: 2x Warriors, 1x Archers
  [Civ 3] Germans (despotism): 1 cities, 4 units, 13g, 4 techs, researching Pottery (0/48)
    Berlin: size=2, prod=Warriors (3sh), bldgs=Palace, Barracks
    Units: 1x Settlers, 3x Warriors
  [Civ 4] Egyptians (despotism): 1 cities, 2 units, 18g, 3 techs, researching Pottery (22/36)
    Thebes: size=3, prod=building:8 (79sh), bldgs=Palace
    Units: 1x Warriors, 1x Settlers
  [Civ 1] Romans turn: 5 actions — SET_RESEARCH(1), MOVE_UNIT(2), UNIT_ORDER(2)
    SET_RESEARCH tech=Iron Working
    >>> Thebes built building:8
    CHANGE_PRODUCTION city=3

══════════════════════════════════════════════════════════════════════
  TURN 30 — 3420 B.C. (8ms)
══════════════════════════════════════════════════════════════════════
  [Civ 1] Romans (despotism): 1 cities, 3 units, 72g, 5 techs, researching Iron Working (4/70)
    Rome: size=3, prod=building:8 (77sh), bldgs=Palace
    Units: 2x Warriors, 1x Archers
  [Civ 2] Babylonians (despotism): 1 cities, 3 units, 32g, 4 techs, researching Pottery (18/48)
    Babylon: size=3, prod=building:8 (68sh), bldgs=Palace
    Units: 2x Warriors, 1x Archers
  [Civ 3] Germans (despotism): 1 cities, 4 units, 13g, 4 techs, researching Pottery (2/48)
    Berlin: size=2, prod=Warriors (6sh), bldgs=Palace, Barracks
    Units: 1x Settlers, 3x Warriors
  [Civ 4] Egyptians (despotism): 1 cities, 2 units, 19g, 3 techs, researching Pottery (24/36)
    Thebes: size=3, prod=Archers (3sh), bldgs=Palace, City Walls
    Units: 1x Warriors, 1x Settlers
  [Civ 1] Romans turn: 4 actions — MOVE_UNIT(2), UNIT_ORDER(2)
    >>> Rome built building:8

══════════════════════════════════════════════════════════════════════
  TURN 31 — 3400 B.C. (7ms)
══════════════════════════════════════════════════════════════════════
  [Civ 1] Romans (despotism): 1 cities, 3 units, 74g, 5 techs, researching Iron Working (8/70)
    Rome: size=3, prod=building:8 (1sh), bldgs=Palace, City Walls
    Units: 2x Warriors, 1x Archers
  [Civ 2] Babylonians (despotism): 1 cities, 3 units, 34g, 4 techs, researching Pottery (21/48)
    Babylon: size=3, prod=building:8 (71sh), bldgs=Palace
    Units: 2x Warriors, 1x Archers
  [Civ 3] Germans (despotism): 1 cities, 4 units, 13g, 4 techs, researching Pottery (4/48)
    Berlin: size=2, prod=Warriors (9sh), bldgs=Palace, Barracks
    Units: 1x Settlers, 3x Warriors
  [Civ 4] Egyptians (despotism): 1 cities, 2 units, 20g, 3 techs, researching Pottery (26/36)
    Thebes: size=3, prod=Archers (7sh), bldgs=Palace, City Walls
    Units: 1x Warriors, 1x Settlers
  [Civ 1] Romans turn: 5 actions — CHANGE_PRODUCTION(1), MOVE_UNIT(2), UNIT_ORDER(2)
    CHANGE_PRODUCTION city=0
    >>> Berlin built Warriors
    ADJUST_ATTITUDE target=civ1
    ADJUST_ATTITUDE target=civ1
    ADJUST_ATTITUDE target=civ1

══════════════════════════════════════════════════════════════════════
  TURN 32 — 3380 B.C. (13ms)
══════════════════════════════════════════════════════════════════════
  [Civ 1] Romans (despotism): 1 cities, 3 units, 76g, 5 techs, researching Iron Working (12/70)
    Rome: size=3, prod=building:2 (5sh), bldgs=Palace, City Walls
    Units: 2x Warriors, 1x Archers
  [Civ 2] Babylonians (despotism): 1 cities, 3 units, 36g, 4 techs, researching Pottery (24/48)
    Babylon: size=3, prod=building:8 (74sh), bldgs=Palace
    Units: 2x Warriors, 1x Archers
  [Civ 3] Germans (despotism): 1 cities, 5 units, 13g, 4 techs, researching Pottery (5/48)
    Berlin: size=2, prod=Warriors (2sh), bldgs=Palace, Barracks
    Units: 1x Settlers, 4x Warriors
  [Civ 4] Egyptians (despotism): 1 cities, 2 units, 21g, 3 techs, researching Pottery (28/36)
    Thebes: size=3, prod=Archers (11sh), bldgs=Palace, City Walls
    Units: 1x Warriors, 1x Settlers
  [Civ 1] Romans turn: 7 actions — ADJUST_ATTITUDE(3), MOVE_UNIT(2), UNIT_ORDER(2)
    ADJUST_ATTITUDE target=civ2
    ADJUST_ATTITUDE target=civ3
    ADJUST_ATTITUDE target=civ4
    COMBAT: Archers vs Settlers → defWin (atkHp=undefined, defHp=undefined)
    1 actions REJECTED (of 7)
    ADJUST_ATTITUDE target=civ1
    ADJUST_ATTITUDE target=civ3
    ADJUST_ATTITUDE target=civ4
    ADJUST_ATTITUDE target=civ1
    ADJUST_ATTITUDE target=civ2
    ADJUST_ATTITUDE target=civ4
    ADJUST_ATTITUDE target=civ1
    ADJUST_ATTITUDE target=civ1
    ADJUST_ATTITUDE target=civ2
    ADJUST_ATTITUDE target=civ3

══════════════════════════════════════════════════════════════════════
  TURN 33 — 3360 B.C. (10ms)
══════════════════════════════════════════════════════════════════════
  [Civ 1] Romans (despotism): 1 cities, 2 units, 78g, 5 techs, researching Iron Working (16/70)
    Rome: size=3, prod=building:2 (9sh), bldgs=Palace, City Walls
    Units: 2x Warriors
  [Civ 2] Babylonians (despotism): 1 cities, 3 units, 38g, 4 techs, researching Pottery (27/48)
    Babylon: size=3, prod=building:8 (77sh), bldgs=Palace
    Units: 2x Warriors, 1x Archers
  [Civ 3] Germans (despotism): 1 cities, 5 units, 13g, 4 techs, researching Pottery (6/48)
    Berlin: size=2, prod=Warriors (4sh), bldgs=Palace, Barracks
    Units: 1x Settlers, 4x Warriors
  [Civ 4] Egyptians (despotism): 1 cities, 2 units, 22g, 3 techs, researching Pottery (30/36)
    Thebes: size=3, prod=Archers (15sh), bldgs=Palace, City Walls
    Units: 1x Warriors, 1x Settlers
  [Civ 1] Romans turn: 5 actions — ADJUST_ATTITUDE(2), CHANGE_PRODUCTION(1), MOVE_UNIT(1), UNIT_ORDER(1)
    ADJUST_ATTITUDE target=civ3
    ADJUST_ATTITUDE target=civ3
    CHANGE_PRODUCTION city=0
    >>> Babylon built building:8
    CHANGE_PRODUCTION city=1
    ADJUST_ATTITUDE target=civ1
    ADJUST_ATTITUDE target=civ1

══════════════════════════════════════════════════════════════════════
  TURN 34 — 3340 B.C. (7ms)
══════════════════════════════════════════════════════════════════════
  [Civ 1] Romans (despotism): 1 cities, 2 units, 80g, 5 techs, researching Iron Working (20/70)
    Rome: size=3, prod=Archers (13sh), bldgs=Palace, City Walls
    Units: 2x Warriors
  [Civ 2] Babylonians (despotism): 1 cities, 3 units, 40g, 4 techs, researching Pottery (30/48)
    Babylon: size=3, prod=Settlers (0sh), bldgs=Palace, City Walls
    Units: 2x Warriors, 1x Archers
  [Civ 3] Germans (despotism): 1 cities, 5 units, 13g, 4 techs, researching Pottery (7/48)
    Berlin: size=2, prod=Warriors (6sh), bldgs=Palace, Barracks
    Units: 1x Settlers, 4x Warriors
  [Civ 4] Egyptians (despotism): 1 cities, 2 units, 23g, 3 techs, researching Pottery (32/36)
    Thebes: size=3, prod=Archers (19sh), bldgs=Palace, City Walls
    Units: 1x Warriors, 1x Settlers
  [Civ 1] Romans turn: 3 actions — ADJUST_ATTITUDE(1), MOVE_UNIT(1), UNIT_ORDER(1)
    ADJUST_ATTITUDE target=civ3
    ADJUST_ATTITUDE target=civ1

══════════════════════════════════════════════════════════════════════
  TURN 35 — 3320 B.C. (7ms)
══════════════════════════════════════════════════════════════════════
  [Civ 1] Romans (despotism): 1 cities, 2 units, 82g, 5 techs, researching Iron Working (24/70)
    Rome: size=3, prod=Archers (17sh), bldgs=Palace, City Walls
    Units: 2x Warriors
  [Civ 2] Babylonians (despotism): 1 cities, 3 units, 42g, 4 techs, researching Pottery (33/48)
    Babylon: size=3, prod=Settlers (3sh), bldgs=Palace, City Walls
    Units: 2x Warriors, 1x Archers
  [Civ 3] Germans (despotism): 1 cities, 5 units, 13g, 4 techs, researching Pottery (8/48)
    Berlin: size=2, prod=Warriors (8sh), bldgs=Palace, Barracks
    Units: 1x Settlers, 4x Warriors
  [Civ 4] Egyptians (despotism): 1 cities, 2 units, 24g, 3 techs, researching Pottery (34/36)
    Thebes: size=3, prod=Archers (23sh), bldgs=Palace, City Walls
    Units: 1x Warriors, 1x Settlers
  [Civ 1] Romans turn: 3 actions — ADJUST_ATTITUDE(1), MOVE_UNIT(1), UNIT_ORDER(1)
    ADJUST_ATTITUDE target=civ3
    >>> Berlin built Warriors
    ADJUST_ATTITUDE target=civ1
    >>> Egyptians discovered: Pottery
    SET_RESEARCH tech=Alphabet

══════════════════════════════════════════════════════════════════════
  TURN 36 — 3300 B.C. (6ms)
══════════════════════════════════════════════════════════════════════
  [Civ 1] Romans (despotism): 1 cities, 2 units, 84g, 5 techs, researching Iron Working (28/70)
    Rome: size=3, prod=Archers (21sh), bldgs=Palace, City Walls
    Units: 2x Warriors
  [Civ 2] Babylonians (despotism): 1 cities, 3 units, 44g, 4 techs, researching Pottery (36/48)
    Babylon: size=3, prod=Settlers (6sh), bldgs=Palace, City Walls
    Units: 2x Warriors, 1x Archers
  [Civ 3] Germans (despotism): 1 cities, 6 units, 13g, 4 techs, researching Pottery (9/48)
    Berlin: size=2, prod=Warriors (0sh), bldgs=Palace, Barracks
    Units: 1x Settlers, 5x Warriors
  [Civ 4] Egyptians (despotism): 1 cities, 2 units, 24g, 4 techs, researching Alphabet (0/48)
    Thebes: size=3, prod=Archers (27sh), bldgs=Palace, City Walls
    Units: 1x Warriors, 1x Settlers
  [Civ 1] Romans turn: 6 actions — ADJUST_ATTITUDE(3), PROPOSE_TREATY(1), MOVE_UNIT(1), UNIT_ORDER(1)
    ADJUST_ATTITUDE target=civ3
    ADJUST_ATTITUDE target=civ3
    PROPOSE_TREATY treaty=ceasefire target=civ3
    ADJUST_ATTITUDE target=civ3
    ADJUST_ATTITUDE target=civ1
    ADJUST_ATTITUDE target=civ1
    ADJUST_ATTITUDE target=civ1
    >>> Thebes built Archers
    CHANGE_PRODUCTION city=3

══════════════════════════════════════════════════════════════════════
  TURN 37 — 3280 B.C. (7ms)
══════════════════════════════════════════════════════════════════════
  [Civ 1] Romans (despotism): 1 cities, 2 units, 86g, 5 techs, researching Iron Working (32/70)
    Rome: size=3, prod=Archers (25sh), bldgs=Palace, City Walls
    Units: 2x Warriors
  [Civ 2] Babylonians (despotism): 1 cities, 3 units, 46g, 4 techs, researching Pottery (39/48)
    Babylon: size=3, prod=Settlers (9sh), bldgs=Palace, City Walls
    Units: 2x Warriors, 1x Archers
  [Civ 3] Germans (despotism): 1 cities, 6 units, 13g, 4 techs, researching Pottery (10/48)
    Berlin: size=2, prod=Warriors (1sh), bldgs=Palace, Barracks
    Units: 1x Settlers, 5x Warriors
  [Civ 4] Egyptians (despotism): 1 cities, 3 units, 25g, 4 techs, researching Alphabet (2/48)
    Thebes: size=3, prod=building:2 (1sh), bldgs=Palace, City Walls
    Units: 1x Warriors, 1x Settlers, 1x Archers
  [Civ 1] Romans turn: 3 actions — ADJUST_ATTITUDE(1), MOVE_UNIT(1), UNIT_ORDER(1)
    ADJUST_ATTITUDE target=civ3
    ADJUST_ATTITUDE target=civ1

══════════════════════════════════════════════════════════════════════
  TURN 38 — 3260 B.C. (6ms)
══════════════════════════════════════════════════════════════════════
  [Civ 1] Romans (despotism): 1 cities, 2 units, 88g, 5 techs, researching Iron Working (36/70)
    Rome: size=3, prod=Archers (29sh), bldgs=Palace, City Walls
    Units: 2x Warriors
  [Civ 2] Babylonians (despotism): 1 cities, 3 units, 48g, 4 techs, researching Pottery (42/48)
    Babylon: size=3, prod=Settlers (12sh), bldgs=Palace, City Walls
    Units: 2x Warriors, 1x Archers
  [Civ 3] Germans (despotism): 1 cities, 6 units, 13g, 4 techs, researching Pottery (11/48)
    Berlin: size=2, prod=Warriors (2sh), bldgs=Palace, Barracks
    Units: 1x Settlers, 5x Warriors
  [Civ 4] Egyptians (despotism): 1 cities, 3 units, 26g, 4 techs, researching Alphabet (4/48)
    Thebes: size=3, prod=building:2 (5sh), bldgs=Palace, City Walls
    Units: 1x Warriors, 1x Settlers, 1x Archers
  [Civ 1] Romans turn: 3 actions — ADJUST_ATTITUDE(1), MOVE_UNIT(1), UNIT_ORDER(1)
    ADJUST_ATTITUDE target=civ3
    ADJUST_ATTITUDE target=civ1
    >>> Rome built Archers

══════════════════════════════════════════════════════════════════════
  TURN 39 — 3240 B.C. (7ms)
══════════════════════════════════════════════════════════════════════
  [Civ 1] Romans (despotism): 1 cities, 3 units, 90g, 5 techs, researching Iron Working (40/70)
    Rome: size=3, prod=Archers (3sh), bldgs=Palace, City Walls
    Units: 2x Warriors, 1x Archers
  [Civ 2] Babylonians (despotism): 1 cities, 3 units, 50g, 4 techs, researching Pottery (45/48)
    Babylon: size=3, prod=Settlers (15sh), bldgs=Palace, City Walls
    Units: 2x Warriors, 1x Archers
  [Civ 3] Germans (despotism): 1 cities, 6 units, 13g, 4 techs, researching Pottery (12/48)
    Berlin: size=2, prod=Warriors (3sh), bldgs=Palace, Barracks
    Units: 1x Settlers, 5x Warriors
  [Civ 4] Egyptians (despotism): 1 cities, 3 units, 27g, 4 techs, researching Alphabet (6/48)
    Thebes: size=3, prod=building:2 (9sh), bldgs=Palace, City Walls
    Units: 1x Warriors, 1x Settlers, 1x Archers
  [Civ 1] Romans turn: 6 actions — ADJUST_ATTITUDE(1), CHANGE_PRODUCTION(1), MOVE_UNIT(2), UNIT_ORDER(2)
    ADJUST_ATTITUDE target=civ3
    CHANGE_PRODUCTION city=0
    >>> Babylonians discovered: Pottery
    SET_RESEARCH tech=Seafaring
    ADJUST_ATTITUDE target=civ1

══════════════════════════════════════════════════════════════════════
  TURN 40 — 3220 B.C. (10ms)
══════════════════════════════════════════════════════════════════════
  [Civ 1] Romans (despotism): 1 cities, 3 units, 92g, 5 techs, researching Iron Working (44/70)
    Rome: size=3, prod=building:2 (7sh), bldgs=Palace, City Walls
    Units: 2x Warriors, 1x Archers
  [Civ 2] Babylonians (despotism): 1 cities, 3 units, 50g, 5 techs, researching Seafaring (0/70)
    Babylon: size=3, prod=Settlers (18sh), bldgs=Palace, City Walls
    Units: 2x Warriors, 1x Archers
  [Civ 3] Germans (despotism): 1 cities, 6 units, 13g, 4 techs, researching Pottery (13/48)
    Berlin: size=2, prod=Warriors (4sh), bldgs=Palace, Barracks
    Units: 1x Settlers, 5x Warriors
  [Civ 4] Egyptians (despotism): 1 cities, 3 units, 28g, 4 techs, researching Alphabet (8/48)
    Thebes: size=3, prod=building:2 (13sh), bldgs=Palace, City Walls
    Units: 1x Warriors, 1x Settlers, 1x Archers
  [Civ 1] Romans turn: 4 actions — ADJUST_ATTITUDE(1), MOVE_UNIT(2), UNIT_ORDER(1)
    ADJUST_ATTITUDE target=civ3
    >>> Berlin grew to size 3
    ADJUST_ATTITUDE target=civ1

══════════════════════════════════════════════════════════════════════
  TURN 41 — 3200 B.C. (12ms)
══════════════════════════════════════════════════════════════════════
  [Civ 1] Romans (despotism): 1 cities, 3 units, 94g, 5 techs, researching Iron Working (48/70)
    Rome: size=3, prod=building:2 (11sh), bldgs=Palace, City Walls
    Units: 2x Warriors, 1x Archers
  [Civ 2] Babylonians (despotism): 1 cities, 3 units, 52g, 5 techs, researching Seafaring (3/70)
    Babylon: size=3, prod=Settlers (21sh), bldgs=Palace, City Walls
    Units: 2x Warriors, 1x Archers
  [Civ 3] Germans (despotism): 1 cities, 6 units, 13g, 4 techs, researching Pottery (15/48)
    Berlin: size=3, prod=Warriors (8sh), bldgs=Palace, Barracks
    Units: 1x Settlers, 5x Warriors
  [Civ 4] Egyptians (despotism): 1 cities, 3 units, 29g, 4 techs, researching Alphabet (10/48)
    Thebes: size=3, prod=building:2 (17sh), bldgs=Palace, City Walls
    Units: 1x Warriors, 1x Settlers, 1x Archers
  [Civ 1] Romans turn: 5 actions — ADJUST_ATTITUDE(1), MOVE_UNIT(2), UNIT_ORDER(2)
    ADJUST_ATTITUDE target=civ3
    >>> Berlin built Warriors
    ADJUST_ATTITUDE target=civ1

══════════════════════════════════════════════════════════════════════
  TURN 42 — 3180 B.C. (6ms)
══════════════════════════════════════════════════════════════════════
  [Civ 1] Romans (despotism): 1 cities, 3 units, 96g, 5 techs, researching Iron Working (52/70)
    Rome: size=3, prod=building:2 (15sh), bldgs=Palace, City Walls
    Units: 2x Warriors, 1x Archers
  [Civ 2] Babylonians (despotism): 1 cities, 3 units, 54g, 5 techs, researching Seafaring (6/70)
    Babylon: size=3, prod=Settlers (24sh), bldgs=Palace, City Walls
    Units: 2x Warriors, 1x Archers
  [Civ 3] Germans (despotism): 1 cities, 7 units, 13g, 4 techs, researching Pottery (16/48)
    Berlin: size=3, prod=Warriors (2sh), bldgs=Palace, Barracks
    Units: 1x Settlers, 6x Warriors
  [Civ 4] Egyptians (despotism): 1 cities, 3 units, 30g, 4 techs, researching Alphabet (12/48)
    Thebes: size=3, prod=building:2 (21sh), bldgs=Palace, City Walls
    Units: 1x Warriors, 1x Settlers, 1x Archers
  [Civ 1] Romans turn: 5 actions — ADJUST_ATTITUDE(1), MOVE_UNIT(2), UNIT_ORDER(2)
    ADJUST_ATTITUDE target=civ3
    ADJUST_ATTITUDE target=civ1

══════════════════════════════════════════════════════════════════════
  TURN 43 — 3160 B.C. (6ms)
══════════════════════════════════════════════════════════════════════
  [Civ 1] Romans (despotism): 1 cities, 3 units, 98g, 5 techs, researching Iron Working (56/70)
    Rome: size=3, prod=building:2 (19sh), bldgs=Palace, City Walls
    Units: 2x Warriors, 1x Archers
  [Civ 2] Babylonians (despotism): 1 cities, 3 units, 56g, 5 techs, researching Seafaring (9/70)
    Babylon: size=3, prod=Settlers (27sh), bldgs=Palace, City Walls
    Units: 2x Warriors, 1x Archers
  [Civ 3] Germans (despotism): 1 cities, 7 units, 13g, 4 techs, researching Pottery (17/48)
    Berlin: size=3, prod=Warriors (5sh), bldgs=Palace, Barracks
    Units: 1x Settlers, 6x Warriors
  [Civ 4] Egyptians (despotism): 1 cities, 3 units, 31g, 4 techs, researching Alphabet (14/48)
    Thebes: size=3, prod=building:2 (25sh), bldgs=Palace, City Walls
    Units: 1x Warriors, 1x Settlers, 1x Archers
  [Civ 1] Romans turn: 5 actions — ADJUST_ATTITUDE(1), MOVE_UNIT(2), UNIT_ORDER(2)
    ADJUST_ATTITUDE target=civ3
    ADJUST_ATTITUDE target=civ1

══════════════════════════════════════════════════════════════════════
  TURN 44 — 3140 B.C. (7ms)
══════════════════════════════════════════════════════════════════════
  [Civ 1] Romans (despotism): 1 cities, 3 units, 100g, 5 techs, researching Iron Working (60/70)
    Rome: size=3, prod=building:2 (23sh), bldgs=Palace, City Walls
    Units: 2x Warriors, 1x Archers
  [Civ 2] Babylonians (despotism): 1 cities, 3 units, 58g, 5 techs, researching Seafaring (12/70)
    Babylon: size=3, prod=Settlers (30sh), bldgs=Palace, City Walls
    Units: 2x Warriors, 1x Archers
  [Civ 3] Germans (despotism): 1 cities, 7 units, 13g, 4 techs, researching Pottery (18/48)
    Berlin: size=3, prod=Warriors (8sh), bldgs=Palace, Barracks
    Units: 1x Settlers, 6x Warriors
  [Civ 4] Egyptians (despotism): 1 cities, 3 units, 32g, 4 techs, researching Alphabet (16/48)
    Thebes: size=3, prod=building:2 (29sh), bldgs=Palace, City Walls
    Units: 1x Warriors, 1x Settlers, 1x Archers
  [Civ 1] Romans turn: 5 actions — ADJUST_ATTITUDE(1), MOVE_UNIT(2), UNIT_ORDER(2)
    ADJUST_ATTITUDE target=civ3
    >>> Berlin built Warriors
    ADJUST_ATTITUDE target=civ1
    PROPOSE_TREATY treaty=alliance target=civ1
    ADJUST_ATTITUDE target=civ1
    END_TURN REJECTED: 1 units still need orders
      #44 Chariot(Atk) @(42,58) mv=6 ord=none hp=full
    >>> Rome grew to size 4

══════════════════════════════════════════════════════════════════════
  TURN 45 — 3120 B.C. (6ms)
══════════════════════════════════════════════════════════════════════
  [Civ 1] Romans (despotism): 1 cities, 3 units, 102g, 5 techs, researching Iron Working (64/70)
    Rome: size=4, prod=building:2 (28sh), bldgs=Palace, City Walls
    Units: 2x Warriors, 1x Archers
  [Civ 2] Babylonians (despotism): 1 cities, 3 units, 60g, 5 techs, researching Seafaring (15/70)
    Babylon: size=3, prod=Settlers (33sh), bldgs=Palace, City Walls
    Units: 2x Warriors, 1x Archers
  [Civ 3] Germans (despotism): 1 cities, 9 units, 13g, 4 techs, researching Pottery (19/48)
    Berlin: size=3, prod=Warriors (1sh), bldgs=Palace, Barracks
    Units: 1x Settlers, 7x Warriors, 1x Chariot
  [Civ 4] Egyptians (despotism): 1 cities, 3 units, 33g, 4 techs, researching Alphabet (18/48)
    Thebes: size=3, prod=building:2 (33sh), bldgs=Palace, City Walls
    Units: 1x Warriors, 1x Settlers, 1x Archers
  [Civ 1] Romans turn: 7 actions — ADJUST_ATTITUDE(2), RESPOND_TREATY(1), MOVE_UNIT(2), UNIT_ORDER(2)
    ADJUST_ATTITUDE target=civ3
    ADJUST_ATTITUDE target=civ3
    >>> Babylon grew to size 4
    ADJUST_ATTITUDE target=civ1
    >>> Thebes grew to size 4

══════════════════════════════════════════════════════════════════════
  TURN 46 — 3100 B.C. (7ms)
══════════════════════════════════════════════════════════════════════
  [Civ 1] Romans (despotism): 1 cities, 3 units, 104g, 5 techs, researching Iron Working (68/70)
    Rome: size=4, prod=building:2 (33sh), bldgs=Palace, City Walls
    Units: 2x Warriors, 1x Archers
  [Civ 2] Babylonians (despotism): 1 cities, 3 units, 62g, 5 techs, researching Seafaring (19/70)
    Babylon: size=4, prod=Settlers (38sh), bldgs=Palace, City Walls
    Units: 2x Warriors, 1x Archers
  [Civ 3] Germans (despotism): 1 cities, 9 units, 13g, 4 techs, researching Pottery (20/48)
    Berlin: size=3, prod=Warriors (3sh), bldgs=Palace, Barracks
    Units: 1x Settlers, 7x Warriors, 1x Chariot
  [Civ 4] Egyptians (despotism): 1 cities, 3 units, 34g, 4 techs, researching Alphabet (20/48)
    Thebes: size=4, prod=building:2 (37sh), bldgs=Palace, City Walls
    Units: 1x Warriors, 1x Settlers, 1x Archers
  [Civ 1] Romans turn: 5 actions — ADJUST_ATTITUDE(1), MOVE_UNIT(2), UNIT_ORDER(2)
    ADJUST_ATTITUDE target=civ3
    >>> Babylon built Settlers
    ADJUST_ATTITUDE target=civ1
    >>> Thebes built building:2
    CHANGE_PRODUCTION city=3
    >>> Romans discovered: Iron Working

══════════════════════════════════════════════════════════════════════
  TURN 47 — 3080 B.C. (7ms)
══════════════════════════════════════════════════════════════════════
  [Civ 1] Romans (despotism): 1 cities, 3 units, 104g, 6 techs, researching none (0/84)
    Rome: size=4, prod=building:2 (38sh), bldgs=Palace, City Walls
    Units: 2x Warriors, 1x Archers
  [Civ 2] Babylonians (despotism): 1 cities, 4 units, 64g, 5 techs, researching Seafaring (22/65)
    Babylon: size=3, prod=Settlers (3sh), bldgs=Palace, City Walls
    Units: 2x Warriors, 1x Archers, 1x Settlers
  [Civ 3] Germans (despotism): 1 cities, 9 units, 13g, 4 techs, researching Pottery (21/48)
    Berlin: size=3, prod=Warriors (5sh), bldgs=Palace, Barracks
    Units: 1x Settlers, 7x Warriors, 1x Chariot
  [Civ 4] Egyptians (despotism): 1 cities, 3 units, 34g, 4 techs, researching Alphabet (22/48)
    Thebes: size=4, prod=Archers (1sh), bldgs=Palace, City Walls, Barracks
    Units: 1x Warriors, 1x Settlers, 1x Archers
  [Civ 1] Romans turn: 6 actions — SET_RESEARCH(1), ADJUST_ATTITUDE(1), MOVE_UNIT(2), UNIT_ORDER(2)
    SET_RESEARCH tech=Map Making
    ADJUST_ATTITUDE target=civ3
    ADJUST_ATTITUDE target=civ1
    >>> Rome built building:2

══════════════════════════════════════════════════════════════════════
  TURN 48 — 3060 B.C. (6ms)
══════════════════════════════════════════════════════════════════════
  [Civ 1] Romans (despotism): 1 cities, 3 units, 137g, 6 techs, researching Map Making (4/84)
    Rome: size=4, prod=building:2 (3sh), bldgs=Palace, City Walls, Barracks
    Units: 2x Warriors, 1x Archers
  [Civ 2] Babylonians (despotism): 1 cities, 4 units, 66g, 5 techs, researching Seafaring (25/65)
    Babylon: size=3, prod=Settlers (6sh), bldgs=Palace, City Walls
    Units: 2x Warriors, 1x Archers, 1x Settlers
  [Civ 3] Germans (despotism): 1 cities, 9 units, 13g, 4 techs, researching Pottery (22/48)
    Berlin: size=3, prod=Warriors (7sh), bldgs=Palace, Barracks
    Units: 1x Settlers, 7x Warriors, 1x Chariot
  [Civ 4] Egyptians (despotism): 1 cities, 3 units, 34g, 4 techs, researching Alphabet (24/48)
    Thebes: size=4, prod=Archers (5sh), bldgs=Palace, City Walls, Barracks
    Units: 1x Warriors, 1x Settlers, 1x Archers
  [Civ 1] Romans turn: 7 actions — PROPOSE_TREATY(1), ADJUST_ATTITUDE(1), CHANGE_PRODUCTION(1), MOVE_UNIT(2), UNIT_ORDER(2)
    PROPOSE_TREATY treaty=peace target=civ3
    ADJUST_ATTITUDE target=civ3
    CHANGE_PRODUCTION city=0
    ADJUST_ATTITUDE target=civ1
    ADJUST_ATTITUDE target=civ1

══════════════════════════════════════════════════════════════════════
  TURN 49 — 3040 B.C. (8ms)
══════════════════════════════════════════════════════════════════════
  [Civ 1] Romans (despotism): 1 cities, 3 units, 138g, 6 techs, researching Map Making (8/84)
    Rome: size=4, prod=Legion (8sh), bldgs=Palace, City Walls, Barracks
    Units: 2x Warriors, 1x Archers
  [Civ 2] Babylonians (despotism): 1 cities, 4 units, 68g, 5 techs, researching Seafaring (28/65)
    Babylon: size=3, prod=Settlers (9sh), bldgs=Palace, City Walls
    Units: 2x Warriors, 1x Archers, 1x Settlers
  [Civ 3] Germans (despotism): 1 cities, 9 units, 13g, 4 techs, researching Pottery (23/48)
    Berlin: size=3, prod=Warriors (9sh), bldgs=Palace, Barracks
    Units: 1x Settlers, 7x Warriors, 1x Chariot
  [Civ 4] Egyptians (despotism): 1 cities, 3 units, 34g, 4 techs, researching Alphabet (26/48)
    Thebes: size=4, prod=Archers (9sh), bldgs=Palace, City Walls, Barracks
    Units: 1x Warriors, 1x Settlers, 1x Archers
  [Civ 1] Romans turn: 5 actions — ADJUST_ATTITUDE(1), MOVE_UNIT(2), UNIT_ORDER(2)
    ADJUST_ATTITUDE target=civ3
    >>> Berlin built Warriors
    ADJUST_ATTITUDE target=civ1

══════════════════════════════════════════════════════════════════════
  FINAL SUMMARY
══════════════════════════════════════════════════════════════════════
Game ended at turn 50 (3020 B.C.)

── Civ 1: Romans (despotism) ALIVE ──
  Cities: 1 (peak 1, founded 1)
  Units:  3 (peak 3)
  Treasury: 139g
  Techs discovered: 3 — Warrior Code, Bronze Working, Iron Working
  Actions: 218 total, 0 idle turns
  Breakdown: UNIT_ORDER(91), MOVE_UNIT(89), ADJUST_ATTITUDE(24), CHANGE_PRODUCTION(5), SET_RESEARCH(4), PROPOSE_TREATY(2), CHANGE_RATES(1), BUILD_CITY(1), RESPOND_TREATY(1)
  Army: 2x Warriors, 1x Archers
  Rome: size=4, shields=13

── Civ 2: Babylonians (despotism) ALIVE ──
  Cities: 1 (peak 1, founded 1)
  Units:  4 (peak 4)
  Treasury: 70g
  Techs discovered: 3 — Map Making, Code of Laws, Pottery
  Actions: 200 total, 0 idle turns
  Breakdown: UNIT_ORDER(96), MOVE_UNIT(92), SET_RESEARCH(4), ADJUST_ATTITUDE(3), CHANGE_PRODUCTION(2), CHANGE_RATES(1), BUILD_CITY(1), WORKER_ORDER(1)
  Army: 2x Warriors, 1x Archers, 1x Settlers
  Babylon: size=3, shields=12

── Civ 3: Germans (despotism) ALIVE ──
  Cities: 1 (peak 1, founded 2)
  Units:  10 (peak 9)
  Treasury: 13g
  Techs discovered: 3 — Alphabet, Code of Laws, Writing
  Actions: 314 total, 8 idle turns
  Breakdown: MOVE_UNIT(148), UNIT_ORDER(123), ADJUST_ATTITUDE(29), SET_RESEARCH(4), BUILD_CITY(2), CHANGE_PRODUCTION(2), WORKER_ORDER(2), RESPOND_TREATY(2), CHANGE_RATES(1), PROPOSE_TREATY(1)
  Army: 1x Settlers, 8x Warriors, 1x Chariot
  Berlin: size=3, shields=1

── Civ 4: Egyptians (despotism) ALIVE ──
  Cities: 1 (peak 1, founded 2)
  Units:  3 (peak 3)
  Treasury: 34g
  Techs discovered: 3 — Masonry, Warrior Code, Pottery
  Actions: 146 total, 0 idle turns
  Breakdown: UNIT_ORDER(66), MOVE_UNIT(64), CHANGE_PRODUCTION(5), SET_RESEARCH(4), ADJUST_ATTITUDE(3), BUILD_CITY(2), CHANGE_RATES(1), WORKER_ORDER(1)
  Army: 1x Warriors, 1x Settlers, 1x Archers
  Thebes: size=4, shields=13


══════════════════════════════════════════════════════════════════════
  AI BEHAVIOR ANALYSIS
══════════════════════════════════════════════════════════════════════
[Civ 1] Romans:
  WARNING: Only 1 city after 30+ turns

[Civ 2] Babylonians:
  WARNING: Only 1 city after 30+ turns

[Civ 3] Germans:
  WARNING: 2 units stuck (busy orders outside city)

[Civ 4] Egyptians:
  OK — no obvious issues detected

