Charlization AI Headless Simulation
Date: 2026-03-22T02:17:01.728Z
Settings: 50 turns, 4 AI players, 50x80 map, difficulty=prince
Map seed: 15641
Map generated in 57ms
Game initialized: 4 civs, 9 starting units
  Civ 1 (Romans): starts at (5,23) on Forest
  Civ 2 (Babylonians): starts at (25,71) on Forest
  Civ 3 (Germans): starts at (17,47) on Grassland
  Civ 4 (Egyptians): starts at (29,9) on Plains
    SET_RESEARCH tech=Bronze Working
    CHANGE_RATES sci=6 tax=4 lux=undefined
    BUILD_CITY unit=0 name="Rome"
    SET_RESEARCH tech=Bronze Working
    CHANGE_RATES sci=6 tax=4 lux=undefined
    BUILD_CITY unit=2 name="Babylon"
    SET_RESEARCH tech=Map Making
    CHANGE_RATES sci=6 tax=4 lux=undefined
    BUILD_CITY unit=4 name="Berlin"
    SET_RESEARCH tech=Masonry
    CHANGE_RATES sci=6 tax=4 lux=undefined
    BUILD_CITY unit=6 name="Thebes"
    BUILD_CITY unit=8 name="Thebes"
    1 actions REJECTED (of 6)
    END_TURN REJECTED: 1 units still need orders
      #8 Settlers(Settle) @(29,9) mv=3 ord=none hp=full

══════════════════════════════════════════════════════════════════════
  TURN 1 — 4000 B.C. (42ms)
══════════════════════════════════════════════════════════════════════
  [Civ 1] Romans (despotism): 1 cities, 1 units, 1g, 3 techs, researching Bronze Working (3/39)
    Rome: size=1, prod=Warriors (2sh), bldgs=Palace
    Units: 1x Warriors
  [Civ 2] Babylonians (despotism): 1 cities, 1 units, 0g, 1 techs, researching Bronze Working (0/11)
    Babylon: size=1, prod=Warriors (0sh), bldgs=Palace
    Units: 1x Warriors
  [Civ 3] Germans (despotism): 1 cities, 1 units, 0g, 3 techs, researching Map Making (0/39)
    Berlin: size=1, prod=Warriors (0sh), bldgs=Palace
    Units: 1x Warriors
  [Civ 4] Egyptians (despotism): 1 cities, 2 units, 0g, 2 techs, researching Masonry (0/22)
    Thebes: size=1, prod=Warriors (0sh), bldgs=Palace
    Units: 1x Warriors, 1x Settlers
  [Civ 1] Romans turn: 2 actions — MOVE_UNIT(1), UNIT_ORDER(1)
    CHANGE_PRODUCTION city=3

══════════════════════════════════════════════════════════════════════
  TURN 2 — 3980 B.C. (16ms)
══════════════════════════════════════════════════════════════════════
  [Civ 1] Romans (despotism): 1 cities, 1 units, 2g, 3 techs, researching Bronze Working (6/39)
    Rome: size=1, prod=Warriors (4sh), bldgs=Palace
    Units: 1x Warriors
  [Civ 2] Babylonians (despotism): 1 cities, 1 units, 0g, 1 techs, researching Bronze Working (2/11)
    Babylon: size=1, prod=Warriors (3sh), bldgs=Palace
    Units: 1x Warriors
  [Civ 3] Germans (despotism): 1 cities, 1 units, 1g, 3 techs, researching Map Making (3/39)
    Berlin: size=1, prod=Warriors (2sh), bldgs=Palace
    Units: 1x Warriors
  [Civ 4] Egyptians (despotism): 1 cities, 2 units, 1g, 2 techs, researching Masonry (3/22)
    Thebes: size=1, prod=Horsemen (3sh), bldgs=Palace
    Units: 1x Warriors, 1x Settlers
  [Civ 1] Romans turn: 2 actions — MOVE_UNIT(1), UNIT_ORDER(1)
    END_TURN REJECTED: 1 units still need orders
      #9 Horsemen(Atk) @(6,18) mv=6 ord=none hp=full

══════════════════════════════════════════════════════════════════════
  TURN 3 — 3960 B.C. (7ms)
══════════════════════════════════════════════════════════════════════
  [Civ 1] Romans (despotism): 1 cities, 2 units, 3g, 3 techs, researching Bronze Working (9/39)
    Rome: size=1, prod=Warriors (6sh), bldgs=Palace
    Units: 1x Warriors, 1x Horsemen
  [Civ 2] Babylonians (despotism): 1 cities, 1 units, 0g, 1 techs, researching Bronze Working (4/11)
    Babylon: size=1, prod=Warriors (6sh), bldgs=Palace
    Units: 1x Warriors
  [Civ 3] Germans (despotism): 1 cities, 1 units, 2g, 3 techs, researching Map Making (6/39)
    Berlin: size=1, prod=Warriors (4sh), bldgs=Palace
    Units: 1x Warriors
  [Civ 4] Egyptians (despotism): 1 cities, 2 units, 2g, 2 techs, researching Masonry (6/22)
    Thebes: size=1, prod=Horsemen (6sh), bldgs=Palace
    Units: 1x Warriors, 1x Settlers
  [Civ 1] Romans turn: 4 actions — MOVE_UNIT(2), UNIT_ORDER(2)

══════════════════════════════════════════════════════════════════════
  TURN 4 — 3940 B.C. (6ms)
══════════════════════════════════════════════════════════════════════
  [Civ 1] Romans (despotism): 1 cities, 2 units, 4g, 3 techs, researching Bronze Working (12/39)
    Rome: size=1, prod=Warriors (8sh), bldgs=Palace
    Units: 1x Warriors, 1x Horsemen
  [Civ 2] Babylonians (despotism): 1 cities, 1 units, 0g, 1 techs, researching Bronze Working (6/11)
    Babylon: size=1, prod=Warriors (9sh), bldgs=Palace
    Units: 1x Warriors
  [Civ 3] Germans (despotism): 1 cities, 1 units, 3g, 3 techs, researching Map Making (9/39)
    Berlin: size=1, prod=Warriors (6sh), bldgs=Palace
    Units: 1x Warriors
  [Civ 4] Egyptians (despotism): 1 cities, 2 units, 3g, 2 techs, researching Masonry (9/22)
    Thebes: size=1, prod=Horsemen (9sh), bldgs=Palace
    Units: 1x Warriors, 1x Settlers
  [Civ 1] Romans turn: 4 actions — MOVE_UNIT(2), UNIT_ORDER(2)
    >>> Babylon built Warriors
    CHANGE_PRODUCTION city=1
    >>> Rome built Warriors

══════════════════════════════════════════════════════════════════════
  TURN 5 — 3920 B.C. (7ms)
══════════════════════════════════════════════════════════════════════
  [Civ 1] Romans (despotism): 1 cities, 3 units, 5g, 3 techs, researching Bronze Working (15/39)
    Rome: size=1, prod=Warriors (0sh), bldgs=Palace
    Units: 2x Warriors, 1x Horsemen
  [Civ 2] Babylonians (despotism): 1 cities, 2 units, 0g, 1 techs, researching Bronze Working (8/11)
    Babylon: size=1, prod=Archers (2sh), bldgs=Palace
    Units: 2x Warriors
  [Civ 3] Germans (despotism): 1 cities, 1 units, 4g, 3 techs, researching Map Making (12/39)
    Berlin: size=1, prod=Warriors (8sh), bldgs=Palace
    Units: 1x Warriors
  [Civ 4] Egyptians (despotism): 1 cities, 2 units, 4g, 2 techs, researching Masonry (12/22)
    Thebes: size=1, prod=Horsemen (12sh), bldgs=Palace
    Units: 1x Warriors, 1x Settlers
  [Civ 1] Romans turn: 7 actions — CHANGE_PRODUCTION(1), MOVE_UNIT(2), UNIT_ORDER(4)
    CHANGE_PRODUCTION city=0
    >>> Berlin built Warriors
    CHANGE_PRODUCTION city=2

══════════════════════════════════════════════════════════════════════
  TURN 6 — 3900 B.C. (6ms)
══════════════════════════════════════════════════════════════════════
  [Civ 1] Romans (despotism): 1 cities, 3 units, 6g, 3 techs, researching Bronze Working (18/39)
    Rome: size=1, prod=Archers (2sh), bldgs=Palace
    Units: 2x Warriors, 1x Horsemen
  [Civ 2] Babylonians (despotism): 1 cities, 2 units, 0g, 1 techs, researching Bronze Working (10/11)
    Babylon: size=1, prod=Archers (5sh), bldgs=Palace
    Units: 2x Warriors
  [Civ 3] Germans (despotism): 1 cities, 2 units, 5g, 3 techs, researching Map Making (15/39)
    Berlin: size=1, prod=Archers (0sh), bldgs=Palace
    Units: 2x Warriors
  [Civ 4] Egyptians (despotism): 1 cities, 2 units, 5g, 2 techs, researching Masonry (15/22)
    Thebes: size=1, prod=Horsemen (15sh), bldgs=Palace
    Units: 1x Warriors, 1x Settlers
  [Civ 1] Romans turn: 4 actions — MOVE_UNIT(2), UNIT_ORDER(2)
    >>> Babylonians discovered: Bronze Working
    SET_RESEARCH tech=Alphabet

══════════════════════════════════════════════════════════════════════
  TURN 7 — 3880 B.C. (8ms)
══════════════════════════════════════════════════════════════════════
  [Civ 1] Romans (despotism): 1 cities, 3 units, 7g, 3 techs, researching Bronze Working (21/39)
    Rome: size=1, prod=Archers (4sh), bldgs=Palace
    Units: 2x Warriors, 1x Horsemen
  [Civ 2] Babylonians (despotism): 1 cities, 2 units, 0g, 2 techs, researching Alphabet (0/22)
    Babylon: size=1, prod=Archers (8sh), bldgs=Palace
    Units: 2x Warriors
  [Civ 3] Germans (despotism): 1 cities, 2 units, 6g, 3 techs, researching Map Making (18/39)
    Berlin: size=1, prod=Archers (2sh), bldgs=Palace
    Units: 2x Warriors
  [Civ 4] Egyptians (despotism): 1 cities, 2 units, 6g, 2 techs, researching Masonry (18/22)
    Thebes: size=1, prod=Horsemen (18sh), bldgs=Palace
    Units: 1x Warriors, 1x Settlers
  [Civ 1] Romans turn: 4 actions — MOVE_UNIT(2), UNIT_ORDER(2)
    >>> Thebes built Horsemen
    CHANGE_PRODUCTION city=3

══════════════════════════════════════════════════════════════════════
  TURN 8 — 3860 B.C. (5ms)
══════════════════════════════════════════════════════════════════════
  [Civ 1] Romans (despotism): 1 cities, 3 units, 8g, 3 techs, researching Bronze Working (24/39)
    Rome: size=1, prod=Archers (6sh), bldgs=Palace
    Units: 2x Warriors, 1x Horsemen
  [Civ 2] Babylonians (despotism): 1 cities, 2 units, 0g, 2 techs, researching Alphabet (2/22)
    Babylon: size=1, prod=Archers (11sh), bldgs=Palace
    Units: 2x Warriors
  [Civ 3] Germans (despotism): 1 cities, 2 units, 7g, 3 techs, researching Map Making (21/39)
    Berlin: size=1, prod=Archers (4sh), bldgs=Palace
    Units: 2x Warriors
  [Civ 4] Egyptians (despotism): 1 cities, 3 units, 7g, 2 techs, researching Masonry (21/22)
    Thebes: size=1, prod=building:2 (1sh), bldgs=Palace
    Units: 1x Warriors, 1x Settlers, 1x Horsemen
  [Civ 1] Romans turn: 4 actions — MOVE_UNIT(2), UNIT_ORDER(2)
    >>> Egyptians discovered: Masonry
    SET_RESEARCH tech=Map Making

══════════════════════════════════════════════════════════════════════
  TURN 9 — 3840 B.C. (6ms)
══════════════════════════════════════════════════════════════════════
  [Civ 1] Romans (despotism): 1 cities, 3 units, 9g, 3 techs, researching Bronze Working (27/39)
    Rome: size=1, prod=Archers (8sh), bldgs=Palace
    Units: 2x Warriors, 1x Horsemen
  [Civ 2] Babylonians (despotism): 1 cities, 2 units, 0g, 2 techs, researching Alphabet (4/22)
    Babylon: size=1, prod=Archers (14sh), bldgs=Palace
    Units: 2x Warriors
  [Civ 3] Germans (despotism): 1 cities, 2 units, 8g, 3 techs, researching Map Making (24/39)
    Berlin: size=1, prod=Archers (6sh), bldgs=Palace
    Units: 2x Warriors
  [Civ 4] Egyptians (despotism): 1 cities, 2 units, 7g, 3 techs, researching Map Making (0/39)
    Thebes: size=1, prod=building:2 (4sh), bldgs=Palace
    Units: 1x Settlers, 1x Horsemen
  [Civ 1] Romans turn: 4 actions — MOVE_UNIT(2), UNIT_ORDER(2)
    CHANGE_PRODUCTION city=3
    >>> Rome grew to size 2

══════════════════════════════════════════════════════════════════════
  TURN 10 — 3820 B.C. (7ms)
══════════════════════════════════════════════════════════════════════
  [Civ 1] Romans (despotism): 1 cities, 3 units, 11g, 3 techs, researching Bronze Working (30/39)
    Rome: size=2, prod=Archers (11sh), bldgs=Palace
    Units: 2x Warriors, 1x Horsemen
  [Civ 2] Babylonians (despotism): 1 cities, 2 units, 0g, 2 techs, researching Alphabet (6/22)
    Babylon: size=1, prod=Archers (17sh), bldgs=Palace
    Units: 2x Warriors
  [Civ 3] Germans (despotism): 1 cities, 2 units, 9g, 3 techs, researching Map Making (27/39)
    Berlin: size=1, prod=Archers (8sh), bldgs=Palace
    Units: 2x Warriors
  [Civ 4] Egyptians (despotism): 1 cities, 2 units, 8g, 3 techs, researching Map Making (3/39)
    Thebes: size=1, prod=Warriors (7sh), bldgs=Palace
    Units: 1x Settlers, 1x Horsemen
  [Civ 1] Romans turn: 4 actions — MOVE_UNIT(2), UNIT_ORDER(2)
    >>> Berlin grew to size 2
    >>> Thebes grew to size 2
    >>> Thebes built Warriors
    CHANGE_PRODUCTION city=3

══════════════════════════════════════════════════════════════════════
  TURN 11 — 3800 B.C. (10ms)
══════════════════════════════════════════════════════════════════════
  [Civ 1] Romans (despotism): 1 cities, 3 units, 13g, 3 techs, researching Bronze Working (33/39)
    Rome: size=2, prod=Archers (14sh), bldgs=Palace
    Units: 2x Warriors, 1x Horsemen
  [Civ 2] Babylonians (despotism): 1 cities, 2 units, 50g, 2 techs, researching Alphabet (8/22)
    Babylon: size=1, prod=Archers (20sh), bldgs=Palace
    Units: 2x Warriors
  [Civ 3] Germans (despotism): 1 cities, 2 units, 11g, 3 techs, researching Map Making (30/39)
    Berlin: size=2, prod=Archers (11sh), bldgs=Palace
    Units: 2x Warriors
  [Civ 4] Egyptians (despotism): 1 cities, 3 units, 10g, 3 techs, researching Map Making (7/39)
    Thebes: size=2, prod=building:8 (2sh), bldgs=Palace
    Units: 1x Settlers, 1x Horsemen, 1x Warriors
  [Civ 1] Romans turn: 4 actions — MOVE_UNIT(2), UNIT_ORDER(2)

══════════════════════════════════════════════════════════════════════
  TURN 12 — 3780 B.C. (6ms)
══════════════════════════════════════════════════════════════════════
  [Civ 1] Romans (despotism): 1 cities, 3 units, 15g, 4 techs, researching Bronze Working (36/52)
    Rome: size=2, prod=Archers (17sh), bldgs=Palace
    Units: 2x Warriors, 1x Horsemen
  [Civ 2] Babylonians (despotism): 1 cities, 2 units, 50g, 2 techs, researching Alphabet (10/22)
    Babylon: size=1, prod=Archers (23sh), bldgs=Palace
    Units: 2x Warriors
  [Civ 3] Germans (despotism): 1 cities, 2 units, 13g, 3 techs, researching Map Making (33/36)
    Berlin: size=2, prod=Archers (14sh), bldgs=Palace
    Units: 2x Warriors
  [Civ 4] Egyptians (despotism): 1 cities, 2 units, 12g, 3 techs, researching Map Making (11/36)
    Thebes: size=2, prod=building:8 (7sh), bldgs=Palace
    Units: 1x Settlers, 1x Horsemen
  [Civ 1] Romans turn: 4 actions — MOVE_UNIT(2), UNIT_ORDER(2)
    >>> Germans discovered: Map Making
    SET_RESEARCH tech=Writing

══════════════════════════════════════════════════════════════════════
  TURN 13 — 3760 B.C. (7ms)
══════════════════════════════════════════════════════════════════════
  [Civ 1] Romans (despotism): 1 cities, 3 units, 17g, 4 techs, researching Bronze Working (39/52)
    Rome: size=2, prod=Archers (20sh), bldgs=Palace
    Units: 2x Warriors, 1x Horsemen
  [Civ 2] Babylonians (despotism): 1 cities, 2 units, 50g, 2 techs, researching Alphabet (12/22)
    Babylon: size=1, prod=Archers (26sh), bldgs=Palace
    Units: 2x Warriors
  [Civ 3] Germans (despotism): 1 cities, 2 units, 13g, 4 techs, researching Writing (0/52)
    Berlin: size=2, prod=Archers (17sh), bldgs=Palace
    Units: 2x Warriors
  [Civ 4] Egyptians (despotism): 1 cities, 2 units, 14g, 3 techs, researching Map Making (15/36)
    Thebes: size=2, prod=building:8 (12sh), bldgs=Palace
    Units: 1x Settlers, 1x Horsemen
  [Civ 1] Romans turn: 4 actions — MOVE_UNIT(2), UNIT_ORDER(2)

══════════════════════════════════════════════════════════════════════
  TURN 14 — 3740 B.C. (5ms)
══════════════════════════════════════════════════════════════════════
  [Civ 1] Romans (despotism): 1 cities, 3 units, 19g, 4 techs, researching Bronze Working (42/52)
    Rome: size=2, prod=Archers (23sh), bldgs=Palace
    Units: 2x Warriors, 1x Horsemen
  [Civ 2] Babylonians (despotism): 1 cities, 2 units, 50g, 2 techs, researching Alphabet (14/22)
    Babylon: size=1, prod=Archers (29sh), bldgs=Palace
    Units: 2x Warriors
  [Civ 3] Germans (despotism): 1 cities, 2 units, 15g, 4 techs, researching Writing (3/52)
    Berlin: size=2, prod=Archers (20sh), bldgs=Palace
    Units: 2x Warriors
  [Civ 4] Egyptians (despotism): 1 cities, 2 units, 16g, 3 techs, researching Map Making (19/36)
    Thebes: size=2, prod=building:8 (17sh), bldgs=Palace
    Units: 1x Settlers, 1x Horsemen
  [Civ 1] Romans turn: 4 actions — MOVE_UNIT(2), UNIT_ORDER(2)
    >>> Babylon built Archers
    CHANGE_PRODUCTION city=1

══════════════════════════════════════════════════════════════════════
  TURN 15 — 3720 B.C. (11ms)
══════════════════════════════════════════════════════════════════════
  [Civ 1] Romans (despotism): 1 cities, 3 units, 21g, 4 techs, researching Bronze Working (45/52)
    Rome: size=2, prod=Archers (26sh), bldgs=Palace
    Units: 2x Warriors, 1x Horsemen
  [Civ 2] Babylonians (despotism): 1 cities, 3 units, 50g, 2 techs, researching Alphabet (16/22)
    Babylon: size=1, prod=building:2 (2sh), bldgs=Palace
    Units: 2x Warriors, 1x Archers
  [Civ 3] Germans (despotism): 1 cities, 2 units, 17g, 4 techs, researching Writing (6/52)
    Berlin: size=2, prod=Archers (23sh), bldgs=Palace
    Units: 2x Warriors
  [Civ 4] Egyptians (despotism): 1 cities, 2 units, 18g, 3 techs, researching Map Making (23/36)
    Thebes: size=2, prod=building:8 (22sh), bldgs=Palace
    Units: 1x Settlers, 1x Horsemen
  [Civ 1] Romans turn: 5 actions — ADJUST_ATTITUDE(1), MOVE_UNIT(2), UNIT_ORDER(2)
    ADJUST_ATTITUDE target=civ3
    ADJUST_ATTITUDE target=civ1

══════════════════════════════════════════════════════════════════════
  TURN 16 — 3700 B.C. (11ms)
══════════════════════════════════════════════════════════════════════
  [Civ 1] Romans (despotism): 1 cities, 3 units, 23g, 4 techs, researching Bronze Working (48/52)
    Rome: size=2, prod=Archers (29sh), bldgs=Palace
    Units: 2x Warriors, 1x Horsemen
  [Civ 2] Babylonians (despotism): 1 cities, 3 units, 50g, 2 techs, researching Alphabet (18/22)
    Babylon: size=1, prod=building:2 (4sh), bldgs=Palace
    Units: 2x Warriors, 1x Archers
  [Civ 3] Germans (despotism): 1 cities, 2 units, 19g, 4 techs, researching Writing (9/52)
    Berlin: size=2, prod=Archers (26sh), bldgs=Palace
    Units: 2x Warriors
  [Civ 4] Egyptians (despotism): 1 cities, 2 units, 20g, 3 techs, researching Map Making (27/36)
    Thebes: size=2, prod=building:8 (27sh), bldgs=Palace
    Units: 1x Settlers, 1x Horsemen
  [Civ 1] Romans turn: 4 actions — MOVE_UNIT(2), UNIT_ORDER(2)
    >>> Rome built Archers

══════════════════════════════════════════════════════════════════════
  TURN 17 — 3680 B.C. (8ms)
══════════════════════════════════════════════════════════════════════
  [Civ 1] Romans (despotism): 1 cities, 4 units, 25g, 4 techs, researching Bronze Working (51/52)
    Rome: size=2, prod=Archers (2sh), bldgs=Palace
    Units: 2x Warriors, 1x Horsemen, 1x Archers
  [Civ 2] Babylonians (despotism): 1 cities, 3 units, 50g, 2 techs, researching Alphabet (20/22)
    Babylon: size=1, prod=building:2 (6sh), bldgs=Palace
    Units: 2x Warriors, 1x Archers
  [Civ 3] Germans (despotism): 1 cities, 2 units, 21g, 4 techs, researching Writing (12/52)
    Berlin: size=2, prod=Archers (29sh), bldgs=Palace
    Units: 2x Warriors
  [Civ 4] Egyptians (despotism): 1 cities, 1 units, 22g, 3 techs, researching Map Making (31/36)
    Thebes: size=2, prod=building:8 (32sh), bldgs=Palace
    Units: 1x Horsemen
  [Civ 1] Romans turn: 7 actions — CHANGE_PRODUCTION(1), MOVE_UNIT(3), UNIT_ORDER(3)
    CHANGE_PRODUCTION city=0
    >>> Babylonians discovered: Alphabet
    SET_RESEARCH tech=Code of Laws
    >>> Berlin built Archers
    CHANGE_PRODUCTION city=2
    >>> Romans discovered: Bronze Working

══════════════════════════════════════════════════════════════════════
  TURN 18 — 3660 B.C. (7ms)
══════════════════════════════════════════════════════════════════════
  [Civ 1] Romans (despotism): 1 cities, 4 units, 25g, 5 techs, researching none (0/70)
    Rome: size=2, prod=building:2 (5sh), bldgs=Palace
    Units: 2x Warriors, 1x Horsemen, 1x Archers
  [Civ 2] Babylonians (despotism): 1 cities, 3 units, 50g, 3 techs, researching Code of Laws (0/36)
    Babylon: size=1, prod=building:2 (8sh), bldgs=Palace
    Units: 2x Warriors, 1x Archers
  [Civ 3] Germans (despotism): 1 cities, 3 units, 23g, 4 techs, researching Writing (15/48)
    Berlin: size=2, prod=Horsemen (2sh), bldgs=Palace
    Units: 2x Warriors, 1x Archers
  [Civ 4] Egyptians (despotism): 1 cities, 1 units, 24g, 3 techs, researching Map Making (35/36)
    Thebes: size=2, prod=building:8 (37sh), bldgs=Palace
    Units: 1x Horsemen
  [Civ 1] Romans turn: 6 actions — SET_RESEARCH(1), MOVE_UNIT(3), UNIT_ORDER(2)
    SET_RESEARCH tech=Code of Laws
    >>> Egyptians discovered: Map Making
    SET_RESEARCH tech=Code of Laws

══════════════════════════════════════════════════════════════════════
  TURN 19 — 3640 B.C. (7ms)
══════════════════════════════════════════════════════════════════════
  [Civ 1] Romans (despotism): 1 cities, 4 units, 27g, 5 techs, researching Code of Laws (3/70)
    Rome: size=2, prod=building:2 (8sh), bldgs=Palace
    Units: 2x Warriors, 1x Horsemen, 1x Archers
  [Civ 2] Babylonians (despotism): 1 cities, 3 units, 50g, 3 techs, researching Code of Laws (2/36)
    Babylon: size=1, prod=building:2 (10sh), bldgs=Palace
    Units: 2x Warriors, 1x Archers
  [Civ 3] Germans (despotism): 1 cities, 3 units, 25g, 4 techs, researching Writing (18/48)
    Berlin: size=2, prod=Horsemen (5sh), bldgs=Palace
    Units: 2x Warriors, 1x Archers
  [Civ 4] Egyptians (despotism): 1 cities, 1 units, 24g, 4 techs, researching Code of Laws (0/48)
    Thebes: size=2, prod=building:8 (42sh), bldgs=Palace
    Units: 1x Horsemen
  [Civ 1] Romans turn: 6 actions — MOVE_UNIT(3), UNIT_ORDER(3)

══════════════════════════════════════════════════════════════════════
  TURN 20 — 3620 B.C. (8ms)
══════════════════════════════════════════════════════════════════════
  [Civ 1] Romans (despotism): 1 cities, 4 units, 29g, 5 techs, researching Code of Laws (6/70)
    Rome: size=2, prod=building:2 (11sh), bldgs=Palace
    Units: 2x Warriors, 1x Horsemen, 1x Archers
  [Civ 2] Babylonians (despotism): 1 cities, 3 units, 50g, 3 techs, researching Code of Laws (4/36)
    Babylon: size=1, prod=building:2 (12sh), bldgs=Palace
    Units: 2x Warriors, 1x Archers
  [Civ 3] Germans (despotism): 1 cities, 3 units, 27g, 4 techs, researching Writing (21/48)
    Berlin: size=2, prod=Horsemen (8sh), bldgs=Palace
    Units: 2x Warriors, 1x Archers
  [Civ 4] Egyptians (despotism): 1 cities, 1 units, 26g, 4 techs, researching Code of Laws (4/48)
    Thebes: size=2, prod=building:8 (47sh), bldgs=Palace
    Units: 1x Horsemen
  [Civ 1] Romans turn: 6 actions — MOVE_UNIT(3), UNIT_ORDER(3)
    COMBAT: Archers vs Warriors → atkWin (atkHp=undefined, defHp=undefined)
    END_TURN REJECTED: 1 units still need orders
      #11 Warriors(Atk) @(5,23) mv=3 ord=none hp=full
    ADJUST_ATTITUDE target=civ1
    PROPOSE_TREATY treaty=peace target=civ1
    ADJUST_ATTITUDE target=civ1

══════════════════════════════════════════════════════════════════════
  TURN 21 — 3600 B.C. (15ms)
══════════════════════════════════════════════════════════════════════
  [Civ 1] Romans (despotism): 1 cities, 4 units, 31g, 5 techs, researching Code of Laws (9/70)
    Rome: size=2, prod=building:2 (14sh), bldgs=Palace
    Units: 2x Warriors, 1x Horsemen, 1x Archers
  [Civ 2] Babylonians (despotism): 1 cities, 3 units, 51g, 3 techs, researching Code of Laws (7/36)
    Babylon: size=2, prod=building:2 (16sh), bldgs=Palace
    Units: 2x Warriors, 1x Archers
  [Civ 3] Germans (despotism): 1 cities, 2 units, 29g, 4 techs, researching Writing (24/48)
    Berlin: size=2, prod=Horsemen (11sh), bldgs=Palace
    Units: 1x Warriors, 1x Archers
  [Civ 4] Egyptians (despotism): 1 cities, 1 units, 28g, 4 techs, researching Code of Laws (8/48)
    Thebes: size=2, prod=building:8 (52sh), bldgs=Palace
    Units: 1x Horsemen
  [Civ 1] Romans turn: 12 actions — ADJUST_ATTITUDE(3), RESPOND_TREATY(1), MOVE_UNIT(3), UNIT_ORDER(5)
    ADJUST_ATTITUDE target=civ3
    ADJUST_ATTITUDE target=civ3
    ADJUST_ATTITUDE target=civ3
    ADJUST_ATTITUDE target=civ1
    ADJUST_ATTITUDE target=civ1
    END_TURN REJECTED: 1 units still need orders
      #38 Archers(Atk) @(12,47) mv=3 ord=none hp=full

══════════════════════════════════════════════════════════════════════
  TURN 22 — 3580 B.C. (11ms)
══════════════════════════════════════════════════════════════════════
  [Civ 1] Romans (despotism): 1 cities, 4 units, 33g, 5 techs, researching Code of Laws (12/70)
    Rome: size=2, prod=building:2 (17sh), bldgs=Palace
    Units: 2x Warriors, 1x Horsemen, 1x Archers
  [Civ 2] Babylonians (despotism): 1 cities, 3 units, 52g, 3 techs, researching Code of Laws (10/36)
    Babylon: size=2, prod=building:2 (20sh), bldgs=Palace
    Units: 2x Warriors, 1x Archers
  [Civ 3] Germans (despotism): 1 cities, 3 units, 31g, 4 techs, researching Writing (27/48)
    Berlin: size=2, prod=Horsemen (14sh), bldgs=Palace
    Units: 1x Warriors, 2x Archers
  [Civ 4] Egyptians (despotism): 1 cities, 1 units, 30g, 4 techs, researching Code of Laws (12/48)
    Thebes: size=2, prod=building:8 (57sh), bldgs=Palace
    Units: 1x Horsemen
  [Civ 1] Romans turn: 7 actions — ADJUST_ATTITUDE(1), MOVE_UNIT(3), UNIT_ORDER(3)
    ADJUST_ATTITUDE target=civ3
    ADJUST_ATTITUDE target=civ1

══════════════════════════════════════════════════════════════════════
  TURN 23 — 3560 B.C. (7ms)
══════════════════════════════════════════════════════════════════════
  [Civ 1] Romans (despotism): 1 cities, 4 units, 35g, 5 techs, researching Code of Laws (15/70)
    Rome: size=2, prod=building:2 (20sh), bldgs=Palace
    Units: 2x Warriors, 1x Horsemen, 1x Archers
  [Civ 2] Babylonians (despotism): 1 cities, 3 units, 53g, 3 techs, researching Code of Laws (13/36)
    Babylon: size=2, prod=building:2 (24sh), bldgs=Palace
    Units: 2x Warriors, 1x Archers
  [Civ 3] Germans (despotism): 1 cities, 3 units, 33g, 4 techs, researching Writing (30/48)
    Berlin: size=2, prod=Horsemen (17sh), bldgs=Palace
    Units: 1x Warriors, 2x Archers
  [Civ 4] Egyptians (despotism): 1 cities, 1 units, 32g, 4 techs, researching Code of Laws (16/48)
    Thebes: size=2, prod=building:8 (62sh), bldgs=Palace
    Units: 1x Horsemen
  [Civ 1] Romans turn: 7 actions — ADJUST_ATTITUDE(1), MOVE_UNIT(3), UNIT_ORDER(3)
    ADJUST_ATTITUDE target=civ3
    >>> Berlin built Horsemen
    ADJUST_ATTITUDE target=civ1
    CHANGE_PRODUCTION city=2

══════════════════════════════════════════════════════════════════════
  TURN 24 — 3540 B.C. (7ms)
══════════════════════════════════════════════════════════════════════
  [Civ 1] Romans (despotism): 1 cities, 4 units, 37g, 5 techs, researching Code of Laws (18/70)
    Rome: size=2, prod=building:2 (23sh), bldgs=Palace
    Units: 2x Warriors, 1x Horsemen, 1x Archers
  [Civ 2] Babylonians (despotism): 1 cities, 3 units, 54g, 3 techs, researching Code of Laws (16/36)
    Babylon: size=2, prod=building:2 (28sh), bldgs=Palace
    Units: 2x Warriors, 1x Archers
  [Civ 3] Germans (despotism): 1 cities, 4 units, 35g, 4 techs, researching Writing (32/48)
    Berlin: size=2, prod=Settlers (0sh), bldgs=Palace
    Units: 1x Warriors, 2x Archers, 1x Horsemen
  [Civ 4] Egyptians (despotism): 1 cities, 1 units, 34g, 4 techs, researching Code of Laws (20/48)
    Thebes: size=2, prod=building:8 (67sh), bldgs=Palace
    Units: 1x Horsemen
  [Civ 1] Romans turn: 10 actions — ADJUST_ATTITUDE(3), PROPOSE_TREATY(1), MOVE_UNIT(3), UNIT_ORDER(3)
    ADJUST_ATTITUDE target=civ3
    ADJUST_ATTITUDE target=civ3
    PROPOSE_TREATY treaty=peace target=civ3
    ADJUST_ATTITUDE target=civ3
    ADJUST_ATTITUDE target=civ1
    ADJUST_ATTITUDE target=civ1
    ADJUST_ATTITUDE target=civ1
    >>> Rome grew to size 3

══════════════════════════════════════════════════════════════════════
  TURN 25 — 3520 B.C. (9ms)
══════════════════════════════════════════════════════════════════════
  [Civ 1] Romans (despotism): 1 cities, 4 units, 39g, 5 techs, researching Code of Laws (22/70)
    Rome: size=3, prod=building:2 (27sh), bldgs=Palace
    Units: 2x Warriors, 1x Horsemen, 1x Archers
  [Civ 2] Babylonians (despotism): 1 cities, 3 units, 55g, 3 techs, researching Code of Laws (19/36)
    Babylon: size=2, prod=building:2 (32sh), bldgs=Palace
    Units: 2x Warriors, 1x Archers
  [Civ 3] Germans (despotism): 1 cities, 4 units, 37g, 4 techs, researching Writing (34/48)
    Berlin: size=2, prod=Settlers (2sh), bldgs=Palace
    Units: 1x Warriors, 2x Archers, 1x Horsemen
  [Civ 4] Egyptians (despotism): 1 cities, 1 units, 36g, 4 techs, researching Code of Laws (24/48)
    Thebes: size=2, prod=building:8 (72sh), bldgs=Palace
    Units: 1x Horsemen
  [Civ 1] Romans turn: 6 actions — MOVE_UNIT(3), UNIT_ORDER(3)
    >>> Berlin grew to size 3
    ADJUST_ATTITUDE target=civ1

══════════════════════════════════════════════════════════════════════
  TURN 26 — 3500 B.C. (8ms)
══════════════════════════════════════════════════════════════════════
  [Civ 1] Romans (despotism): 1 cities, 4 units, 41g, 5 techs, researching Code of Laws (26/70)
    Rome: size=3, prod=building:2 (31sh), bldgs=Palace
    Units: 2x Warriors, 1x Horsemen, 1x Archers
  [Civ 2] Babylonians (despotism): 1 cities, 3 units, 56g, 3 techs, researching Code of Laws (22/36)
    Babylon: size=2, prod=building:2 (36sh), bldgs=Palace
    Units: 2x Warriors, 1x Archers
  [Civ 3] Germans (despotism): 1 cities, 4 units, 39g, 4 techs, researching Writing (38/48)
    Berlin: size=3, prod=Settlers (6sh), bldgs=Palace
    Units: 1x Warriors, 2x Archers, 1x Horsemen
  [Civ 4] Egyptians (despotism): 1 cities, 1 units, 38g, 4 techs, researching Code of Laws (28/48)
    Thebes: size=2, prod=building:8 (77sh), bldgs=Palace
    Units: 1x Horsemen
  [Civ 1] Romans turn: 6 actions — MOVE_UNIT(3), UNIT_ORDER(3)
    >>> Babylon built building:2
    CHANGE_PRODUCTION city=1
    >>> Thebes built building:8
    CHANGE_PRODUCTION city=3

══════════════════════════════════════════════════════════════════════
  TURN 27 — 3480 B.C. (6ms)
══════════════════════════════════════════════════════════════════════
  [Civ 1] Romans (despotism): 1 cities, 4 units, 43g, 5 techs, researching Code of Laws (30/70)
    Rome: size=3, prod=building:2 (35sh), bldgs=Palace
    Units: 2x Warriors, 1x Horsemen, 1x Archers
  [Civ 2] Babylonians (despotism): 1 cities, 3 units, 56g, 3 techs, researching Code of Laws (25/36)
    Babylon: size=2, prod=Archers (0sh), bldgs=Palace, Barracks
    Units: 2x Warriors, 1x Archers
  [Civ 3] Germans (despotism): 1 cities, 4 units, 41g, 4 techs, researching Writing (42/48)
    Berlin: size=3, prod=Settlers (10sh), bldgs=Palace
    Units: 1x Warriors, 2x Archers, 1x Horsemen
  [Civ 4] Egyptians (despotism): 1 cities, 1 units, 40g, 4 techs, researching Code of Laws (32/48)
    Thebes: size=2, prod=Warriors (2sh), bldgs=Palace, City Walls
    Units: 1x Horsemen
  [Civ 1] Romans turn: 6 actions — MOVE_UNIT(3), UNIT_ORDER(3)

══════════════════════════════════════════════════════════════════════
  TURN 28 — 3460 B.C. (6ms)
══════════════════════════════════════════════════════════════════════
  [Civ 1] Romans (despotism): 1 cities, 4 units, 45g, 5 techs, researching Code of Laws (34/70)
    Rome: size=3, prod=building:2 (39sh), bldgs=Palace
    Units: 2x Warriors, 1x Horsemen, 1x Archers
  [Civ 2] Babylonians (despotism): 1 cities, 3 units, 56g, 3 techs, researching Code of Laws (28/36)
    Babylon: size=2, prod=Archers (4sh), bldgs=Palace, Barracks
    Units: 2x Warriors, 1x Archers
  [Civ 3] Germans (despotism): 1 cities, 4 units, 43g, 4 techs, researching Writing (46/48)
    Berlin: size=3, prod=Settlers (14sh), bldgs=Palace
    Units: 1x Warriors, 2x Archers, 1x Horsemen
  [Civ 4] Egyptians (despotism): 1 cities, 1 units, 42g, 4 techs, researching Code of Laws (36/48)
    Thebes: size=2, prod=Warriors (7sh), bldgs=Palace, City Walls
    Units: 1x Horsemen
  [Civ 1] Romans turn: 7 actions — ADJUST_ATTITUDE(1), MOVE_UNIT(3), UNIT_ORDER(3)
    ADJUST_ATTITUDE target=civ3
    >>> Germans discovered: Writing
    SET_RESEARCH tech=Ceremonial Burial
    >>> Thebes built Warriors
    CHANGE_PRODUCTION city=3
    >>> Rome built building:2

══════════════════════════════════════════════════════════════════════
  TURN 29 — 3440 B.C. (8ms)
══════════════════════════════════════════════════════════════════════
  [Civ 1] Romans (despotism): 1 cities, 4 units, 46g, 5 techs, researching Code of Laws (38/70)
    Rome: size=3, prod=building:2 (3sh), bldgs=Palace, Barracks
    Units: 2x Warriors, 1x Horsemen, 1x Archers
  [Civ 2] Babylonians (despotism): 1 cities, 3 units, 56g, 3 techs, researching Code of Laws (31/36)
    Babylon: size=2, prod=Archers (8sh), bldgs=Palace, Barracks
    Units: 2x Warriors, 1x Archers
  [Civ 3] Germans (despotism): 1 cities, 4 units, 43g, 5 techs, researching Ceremonial Burial (0/70)
    Berlin: size=3, prod=Settlers (18sh), bldgs=Palace
    Units: 1x Warriors, 2x Archers, 1x Horsemen
  [Civ 4] Egyptians (despotism): 1 cities, 2 units, 44g, 4 techs, researching Code of Laws (40/48)
    Thebes: size=2, prod=Trireme (2sh), bldgs=Palace, City Walls
    Units: 1x Horsemen, 1x Warriors
  [Civ 1] Romans turn: 8 actions — ADJUST_ATTITUDE(1), CHANGE_PRODUCTION(1), MOVE_UNIT(3), UNIT_ORDER(3)
    ADJUST_ATTITUDE target=civ3
    CHANGE_PRODUCTION city=0

══════════════════════════════════════════════════════════════════════
  TURN 30 — 3420 B.C. (8ms)
══════════════════════════════════════════════════════════════════════
  [Civ 1] Romans (despotism): 1 cities, 4 units, 47g, 5 techs, researching Code of Laws (42/70)
    Rome: size=3, prod=Horsemen (7sh), bldgs=Palace, Barracks
    Units: 2x Warriors, 1x Horsemen, 1x Archers
  [Civ 2] Babylonians (despotism): 1 cities, 3 units, 56g, 3 techs, researching Code of Laws (34/36)
    Babylon: size=2, prod=Archers (12sh), bldgs=Palace, Barracks
    Units: 2x Warriors, 1x Archers
  [Civ 3] Germans (despotism): 1 cities, 4 units, 45g, 5 techs, researching Ceremonial Burial (4/70)
    Berlin: size=3, prod=Settlers (22sh), bldgs=Palace
    Units: 1x Warriors, 2x Archers, 1x Horsemen
  [Civ 4] Egyptians (despotism): 1 cities, 2 units, 46g, 4 techs, researching Code of Laws (44/48)
    Thebes: size=2, prod=Trireme (7sh), bldgs=Palace, City Walls
    Units: 1x Horsemen, 1x Warriors
  [Civ 1] Romans turn: 8 actions — ADJUST_ATTITUDE(1), CHANGE_PRODUCTION(1), MOVE_UNIT(3), UNIT_ORDER(3)
    ADJUST_ATTITUDE target=civ3
    CHANGE_PRODUCTION city=0
    >>> Babylonians discovered: Code of Laws
    SET_RESEARCH tech=Map Making
    >>> Egyptians discovered: Code of Laws
    SET_RESEARCH tech=Ceremonial Burial

══════════════════════════════════════════════════════════════════════
  TURN 31 — 3400 B.C. (10ms)
══════════════════════════════════════════════════════════════════════
  [Civ 1] Romans (despotism): 1 cities, 4 units, 48g, 5 techs, researching Code of Laws (46/70)
    Rome: size=3, prod=Archers (11sh), bldgs=Palace, Barracks
    Units: 2x Warriors, 1x Horsemen, 1x Archers
  [Civ 2] Babylonians (despotism): 1 cities, 3 units, 56g, 4 techs, researching Map Making (0/48)
    Babylon: size=2, prod=Archers (16sh), bldgs=Palace, Barracks
    Units: 2x Warriors, 1x Archers
  [Civ 3] Germans (despotism): 1 cities, 4 units, 47g, 5 techs, researching Ceremonial Burial (8/70)
    Berlin: size=3, prod=Settlers (26sh), bldgs=Palace
    Units: 1x Warriors, 2x Archers, 1x Horsemen
  [Civ 4] Egyptians (despotism): 1 cities, 2 units, 46g, 5 techs, researching Ceremonial Burial (0/70)
    Thebes: size=2, prod=Trireme (12sh), bldgs=Palace, City Walls
    Units: 1x Horsemen, 1x Warriors
  [Civ 1] Romans turn: 7 actions — ADJUST_ATTITUDE(1), MOVE_UNIT(3), UNIT_ORDER(3)
    ADJUST_ATTITUDE target=civ3
    END_TURN REJECTED: 1 units still need orders
      #43 Chariot(Atk) @(24,76) mv=6 ord=none hp=full

══════════════════════════════════════════════════════════════════════
  TURN 32 — 3380 B.C. (6ms)
══════════════════════════════════════════════════════════════════════
  [Civ 1] Romans (despotism): 1 cities, 4 units, 49g, 5 techs, researching Code of Laws (50/70)
    Rome: size=3, prod=Archers (15sh), bldgs=Palace, Barracks
    Units: 2x Warriors, 1x Horsemen, 1x Archers
  [Civ 2] Babylonians (despotism): 1 cities, 4 units, 56g, 4 techs, researching Map Making (3/48)
    Babylon: size=2, prod=Archers (20sh), bldgs=Palace, Barracks
    Units: 2x Warriors, 1x Archers, 1x Chariot
  [Civ 3] Germans (despotism): 1 cities, 4 units, 49g, 5 techs, researching Ceremonial Burial (12/70)
    Berlin: size=3, prod=Settlers (30sh), bldgs=Palace
    Units: 1x Warriors, 2x Archers, 1x Horsemen
  [Civ 4] Egyptians (despotism): 1 cities, 2 units, 48g, 5 techs, researching Ceremonial Burial (4/70)
    Thebes: size=2, prod=Trireme (17sh), bldgs=Palace, City Walls
    Units: 1x Horsemen, 1x Warriors
  [Civ 1] Romans turn: 10 actions — ADJUST_ATTITUDE(4), MOVE_UNIT(3), UNIT_ORDER(3)
    ADJUST_ATTITUDE target=civ2
    ADJUST_ATTITUDE target=civ3
    ADJUST_ATTITUDE target=civ4
    ADJUST_ATTITUDE target=civ3
    ADJUST_ATTITUDE target=civ1
    ADJUST_ATTITUDE target=civ3
    ADJUST_ATTITUDE target=civ4
    ADJUST_ATTITUDE target=civ1
    ADJUST_ATTITUDE target=civ2
    ADJUST_ATTITUDE target=civ4
    ADJUST_ATTITUDE target=civ1
    ADJUST_ATTITUDE target=civ2
    ADJUST_ATTITUDE target=civ3

══════════════════════════════════════════════════════════════════════
  TURN 33 — 3360 B.C. (6ms)
══════════════════════════════════════════════════════════════════════
  [Civ 1] Romans (despotism): 1 cities, 4 units, 81g, 5 techs, researching Code of Laws (54/70)
    Rome: size=3, prod=Archers (19sh), bldgs=Palace, Barracks
    Units: 2x Warriors, 1x Horsemen, 1x Archers
  [Civ 2] Babylonians (despotism): 1 cities, 4 units, 56g, 4 techs, researching Map Making (6/48)
    Babylon: size=2, prod=Archers (24sh), bldgs=Palace, Barracks
    Units: 2x Warriors, 1x Archers, 1x Chariot
  [Civ 3] Germans (despotism): 1 cities, 4 units, 51g, 5 techs, researching Ceremonial Burial (16/70)
    Berlin: size=3, prod=Settlers (34sh), bldgs=Palace
    Units: 1x Warriors, 2x Archers, 1x Horsemen
  [Civ 4] Egyptians (despotism): 1 cities, 2 units, 50g, 5 techs, researching Ceremonial Burial (8/70)
    Thebes: size=2, prod=Trireme (22sh), bldgs=Palace, City Walls
    Units: 1x Horsemen, 1x Warriors
  [Civ 1] Romans turn: 7 actions — ADJUST_ATTITUDE(1), MOVE_UNIT(3), UNIT_ORDER(3)
    ADJUST_ATTITUDE target=civ3

══════════════════════════════════════════════════════════════════════
  TURN 34 — 3340 B.C. (7ms)
══════════════════════════════════════════════════════════════════════
  [Civ 1] Romans (despotism): 1 cities, 4 units, 82g, 5 techs, researching Code of Laws (58/70)
    Rome: size=3, prod=Archers (23sh), bldgs=Palace, Barracks
    Units: 2x Warriors, 1x Horsemen, 1x Archers
  [Civ 2] Babylonians (despotism): 1 cities, 4 units, 56g, 4 techs, researching Map Making (9/48)
    Babylon: size=2, prod=Archers (28sh), bldgs=Palace, Barracks
    Units: 2x Warriors, 1x Archers, 1x Chariot
  [Civ 3] Germans (despotism): 1 cities, 4 units, 53g, 5 techs, researching Ceremonial Burial (20/70)
    Berlin: size=3, prod=Settlers (38sh), bldgs=Palace
    Units: 1x Warriors, 2x Archers, 1x Horsemen
  [Civ 4] Egyptians (despotism): 1 cities, 2 units, 52g, 5 techs, researching Ceremonial Burial (12/70)
    Thebes: size=2, prod=Trireme (27sh), bldgs=Palace, City Walls
    Units: 1x Horsemen, 1x Warriors
  [Civ 1] Romans turn: 7 actions — ADJUST_ATTITUDE(1), MOVE_UNIT(3), UNIT_ORDER(3)
    ADJUST_ATTITUDE target=civ3
    >>> Babylon built Archers
    CHANGE_PRODUCTION city=1
    >>> Berlin built Settlers
    END_TURN REJECTED: 1 units still need orders
      #47 Settlers(Settle) @(17,48) mv=2 ord=none hp=full

══════════════════════════════════════════════════════════════════════
  TURN 35 — 3320 B.C. (21ms)
══════════════════════════════════════════════════════════════════════
  [Civ 1] Romans (despotism): 1 cities, 4 units, 83g, 5 techs, researching Code of Laws (62/70)
    Rome: size=3, prod=Archers (27sh), bldgs=Palace, Barracks
    Units: 2x Warriors, 1x Horsemen, 1x Archers
  [Civ 2] Babylonians (despotism): 1 cities, 5 units, 56g, 4 techs, researching Map Making (11/48)
    Babylon: size=2, prod=Settlers (2sh), bldgs=Palace, Barracks
    Units: 2x Warriors, 2x Archers, 1x Chariot
  [Civ 3] Germans (despotism): 1 cities, 5 units, 55g, 5 techs, researching Ceremonial Burial (22/70)
    Berlin: size=2, prod=Settlers (2sh), bldgs=Palace
    Units: 1x Warriors, 2x Archers, 1x Horsemen, 1x Settlers
  [Civ 4] Egyptians (despotism): 1 cities, 2 units, 54g, 5 techs, researching Ceremonial Burial (16/70)
    Thebes: size=2, prod=Trireme (32sh), bldgs=Palace, City Walls
    Units: 1x Horsemen, 1x Warriors
  [Civ 1] Romans turn: 7 actions — ADJUST_ATTITUDE(1), MOVE_UNIT(3), UNIT_ORDER(3)
    ADJUST_ATTITUDE target=civ3
    END_TURN REJECTED: 1 units still need orders
      #48 Chariot(Atk) @(13,57) mv=6 ord=none hp=full
    >>> Rome built Archers

══════════════════════════════════════════════════════════════════════
  TURN 36 — 3300 B.C. (13ms)
══════════════════════════════════════════════════════════════════════
  [Civ 1] Romans (despotism): 1 cities, 5 units, 84g, 5 techs, researching Code of Laws (66/70)
    Rome: size=3, prod=Archers (1sh), bldgs=Palace, Barracks
    Units: 2x Warriors, 1x Horsemen, 2x Archers
  [Civ 2] Babylonians (despotism): 1 cities, 5 units, 56g, 4 techs, researching Map Making (13/48)
    Babylon: size=2, prod=Settlers (5sh), bldgs=Palace, Barracks
    Units: 2x Warriors, 2x Archers, 1x Chariot
  [Civ 3] Germans (despotism): 1 cities, 6 units, 57g, 5 techs, researching Ceremonial Burial (24/70)
    Berlin: size=2, prod=Settlers (3sh), bldgs=Palace
    Units: 1x Warriors, 2x Archers, 1x Horsemen, 1x Settlers, 1x Chariot
  [Civ 4] Egyptians (despotism): 1 cities, 2 units, 56g, 5 techs, researching Ceremonial Burial (20/70)
    Thebes: size=2, prod=Trireme (37sh), bldgs=Palace, City Walls
    Units: 1x Horsemen, 1x Warriors
  [Civ 1] Romans turn: 12 actions — ADJUST_ATTITUDE(2), PROPOSE_TREATY(1), CHANGE_PRODUCTION(1), MOVE_UNIT(4), UNIT_ORDER(4)
    ADJUST_ATTITUDE target=civ3
    PROPOSE_TREATY treaty=alliance target=civ3
    ADJUST_ATTITUDE target=civ3
    CHANGE_PRODUCTION city=0
    ADJUST_ATTITUDE target=civ1
    >>> Thebes built Trireme
    CHANGE_PRODUCTION city=3
    >>> Romans discovered: Code of Laws

══════════════════════════════════════════════════════════════════════
  TURN 37 — 3280 B.C. (18ms)
══════════════════════════════════════════════════════════════════════
  [Civ 1] Romans (despotism): 1 cities, 5 units, 84g, 6 techs, researching none (0/84)
    Rome: size=3, prod=Horsemen (5sh), bldgs=Palace, Barracks
    Units: 2x Warriors, 1x Horsemen, 2x Archers
  [Civ 2] Babylonians (despotism): 1 cities, 5 units, 56g, 4 techs, researching Map Making (15/48)
    Babylon: size=2, prod=Settlers (8sh), bldgs=Palace, Barracks
    Units: 2x Warriors, 2x Archers, 1x Chariot
  [Civ 3] Germans (despotism): 1 cities, 6 units, 59g, 5 techs, researching Ceremonial Burial (26/65)
    Berlin: size=2, prod=Settlers (4sh), bldgs=Palace
    Units: 1x Warriors, 2x Archers, 1x Horsemen, 1x Settlers, 1x Chariot
  [Civ 4] Egyptians (despotism): 1 cities, 3 units, 58g, 5 techs, researching Ceremonial Burial (24/65)
    Thebes: size=2, prod=Settlers (2sh), bldgs=Palace, City Walls
    Units: 1x Horsemen, 1x Warriors, 1x Trireme
  [Civ 1] Romans turn: 9 actions — SET_RESEARCH(1), ADJUST_ATTITUDE(1), MOVE_UNIT(4), UNIT_ORDER(3)
    SET_RESEARCH tech=Iron Working
    ADJUST_ATTITUDE target=civ3
    BUILD_CITY unit=47 name="Hamburg"

══════════════════════════════════════════════════════════════════════
  TURN 38 — 3260 B.C. (12ms)
══════════════════════════════════════════════════════════════════════
  [Civ 1] Romans (despotism): 1 cities, 5 units, 85g, 6 techs, researching Iron Working (4/84)
    Rome: size=3, prod=Horsemen (9sh), bldgs=Palace, Barracks
    Units: 2x Warriors, 1x Horsemen, 2x Archers
  [Civ 2] Babylonians (despotism): 1 cities, 5 units, 56g, 4 techs, researching Map Making (17/48)
    Babylon: size=2, prod=Settlers (11sh), bldgs=Palace, Barracks
    Units: 2x Warriors, 2x Archers, 1x Chariot
  [Civ 3] Germans (despotism): 2 cities, 5 units, 61g, 5 techs, researching Ceremonial Burial (28/65)
    Berlin: size=2, prod=Settlers (5sh), bldgs=Palace
    Hamburg: size=1, prod=Warriors (0sh)
    Units: 1x Warriors, 2x Archers, 1x Horsemen, 1x Chariot
  [Civ 4] Egyptians (despotism): 1 cities, 3 units, 60g, 5 techs, researching Ceremonial Burial (28/65)
    Thebes: size=2, prod=Settlers (6sh), bldgs=Palace, City Walls
    Units: 1x Horsemen, 1x Warriors, 1x Trireme
  [Civ 1] Romans turn: 9 actions — ADJUST_ATTITUDE(1), MOVE_UNIT(4), UNIT_ORDER(4)
    ADJUST_ATTITUDE target=civ3
    CHANGE_PRODUCTION city=4

══════════════════════════════════════════════════════════════════════
  TURN 39 — 3240 B.C. (11ms)
══════════════════════════════════════════════════════════════════════
  [Civ 1] Romans (despotism): 1 cities, 5 units, 86g, 6 techs, researching Iron Working (8/84)
    Rome: size=3, prod=Horsemen (13sh), bldgs=Palace, Barracks
    Units: 2x Warriors, 1x Horsemen, 2x Archers
  [Civ 2] Babylonians (despotism): 1 cities, 5 units, 56g, 4 techs, researching Map Making (19/48)
    Babylon: size=2, prod=Settlers (14sh), bldgs=Palace, Barracks
    Units: 2x Warriors, 2x Archers, 1x Chariot
  [Civ 3] Germans (despotism): 2 cities, 5 units, 64g, 5 techs, researching Ceremonial Burial (33/65)
    Berlin: size=2, prod=Settlers (7sh), bldgs=Palace
    Hamburg: size=1, prod=Archers (2sh)
    Units: 1x Warriors, 2x Archers, 1x Horsemen, 1x Chariot
  [Civ 4] Egyptians (despotism): 1 cities, 3 units, 62g, 5 techs, researching Ceremonial Burial (32/65)
    Thebes: size=2, prod=Settlers (10sh), bldgs=Palace, City Walls
    Units: 1x Horsemen, 1x Warriors, 1x Trireme
  [Civ 1] Romans turn: 10 actions — ADJUST_ATTITUDE(1), CHANGE_PRODUCTION(1), MOVE_UNIT(4), UNIT_ORDER(4)
    ADJUST_ATTITUDE target=civ3
    CHANGE_PRODUCTION city=0

══════════════════════════════════════════════════════════════════════
  TURN 40 — 3220 B.C. (9ms)
══════════════════════════════════════════════════════════════════════
  [Civ 1] Romans (despotism): 1 cities, 5 units, 87g, 6 techs, researching Iron Working (12/84)
    Rome: size=3, prod=Archers (17sh), bldgs=Palace, Barracks
    Units: 2x Warriors, 1x Horsemen, 2x Archers
  [Civ 2] Babylonians (despotism): 1 cities, 5 units, 56g, 4 techs, researching Map Making (21/48)
    Babylon: size=2, prod=Settlers (17sh), bldgs=Palace, Barracks
    Units: 2x Warriors, 2x Archers, 1x Chariot
  [Civ 3] Germans (despotism): 2 cities, 5 units, 67g, 5 techs, researching Ceremonial Burial (38/65)
    Berlin: size=2, prod=Settlers (9sh), bldgs=Palace
    Hamburg: size=1, prod=Archers (4sh)
    Units: 1x Warriors, 2x Archers, 1x Horsemen, 1x Chariot
  [Civ 4] Egyptians (despotism): 1 cities, 3 units, 64g, 5 techs, researching Ceremonial Burial (36/65)
    Thebes: size=2, prod=Settlers (14sh), bldgs=Palace, City Walls
    Units: 1x Horsemen, 1x Warriors, 1x Trireme
  [Civ 1] Romans turn: 9 actions — ADJUST_ATTITUDE(1), MOVE_UNIT(4), UNIT_ORDER(4)
    ADJUST_ATTITUDE target=civ3
    ADJUST_ATTITUDE target=civ1
    >>> Thebes grew to size 3

══════════════════════════════════════════════════════════════════════
  TURN 41 — 3200 B.C. (8ms)
══════════════════════════════════════════════════════════════════════
  [Civ 1] Romans (despotism): 1 cities, 5 units, 88g, 6 techs, researching Iron Working (16/84)
    Rome: size=3, prod=Archers (21sh), bldgs=Palace, Barracks
    Units: 2x Warriors, 1x Horsemen, 2x Archers
  [Civ 2] Babylonians (despotism): 1 cities, 5 units, 56g, 4 techs, researching Map Making (23/48)
    Babylon: size=2, prod=Settlers (20sh), bldgs=Palace, Barracks
    Units: 2x Warriors, 2x Archers, 1x Chariot
  [Civ 3] Germans (despotism): 2 cities, 5 units, 70g, 5 techs, researching Ceremonial Burial (43/65)
    Berlin: size=2, prod=Settlers (11sh), bldgs=Palace
    Hamburg: size=1, prod=Archers (6sh)
    Units: 1x Warriors, 2x Archers, 1x Horsemen, 1x Chariot
  [Civ 4] Egyptians (despotism): 1 cities, 3 units, 66g, 5 techs, researching Ceremonial Burial (42/65)
    Thebes: size=3, prod=Settlers (20sh), bldgs=Palace, City Walls
    Units: 1x Horsemen, 1x Warriors, 1x Trireme
  [Civ 1] Romans turn: 10 actions — ADJUST_ATTITUDE(1), CHANGE_PRODUCTION(1), MOVE_UNIT(4), UNIT_ORDER(4)
    ADJUST_ATTITUDE target=civ3
    CHANGE_PRODUCTION city=0
    >>> Rome built Horsemen

══════════════════════════════════════════════════════════════════════
  TURN 42 — 3180 B.C. (8ms)
══════════════════════════════════════════════════════════════════════
  [Civ 1] Romans (despotism): 1 cities, 6 units, 89g, 6 techs, researching Iron Working (19/84)
    Rome: size=3, prod=Horsemen (4sh), bldgs=Palace, Barracks
    Units: 2x Warriors, 2x Horsemen, 2x Archers
  [Civ 2] Babylonians (despotism): 1 cities, 5 units, 56g, 4 techs, researching Map Making (25/48)
    Babylon: size=2, prod=Settlers (23sh), bldgs=Palace, Barracks
    Units: 2x Warriors, 2x Archers, 1x Chariot
  [Civ 3] Germans (despotism): 2 cities, 5 units, 73g, 5 techs, researching Ceremonial Burial (48/65)
    Berlin: size=2, prod=Settlers (13sh), bldgs=Palace
    Hamburg: size=1, prod=Archers (8sh)
    Units: 1x Warriors, 2x Archers, 1x Horsemen, 1x Chariot
  [Civ 4] Egyptians (despotism): 1 cities, 3 units, 68g, 5 techs, researching Ceremonial Burial (48/65)
    Thebes: size=3, prod=Settlers (26sh), bldgs=Palace, City Walls
    Units: 1x Horsemen, 1x Warriors, 1x Trireme
  [Civ 1] Romans turn: 12 actions — ADJUST_ATTITUDE(1), CHANGE_PRODUCTION(1), MOVE_UNIT(5), UNIT_ORDER(5)
    ADJUST_ATTITUDE target=civ3
    CHANGE_PRODUCTION city=0
    >>> Berlin grew to size 3

══════════════════════════════════════════════════════════════════════
  TURN 43 — 3160 B.C. (9ms)
══════════════════════════════════════════════════════════════════════
  [Civ 1] Romans (despotism): 1 cities, 6 units, 90g, 6 techs, researching Iron Working (22/84)
    Rome: size=3, prod=Archers (7sh), bldgs=Palace, Barracks
    Units: 2x Warriors, 2x Horsemen, 2x Archers
  [Civ 2] Babylonians (despotism): 1 cities, 5 units, 56g, 4 techs, researching Map Making (27/48)
    Babylon: size=2, prod=Settlers (26sh), bldgs=Palace, Barracks
    Units: 2x Warriors, 2x Archers, 1x Chariot
  [Civ 3] Germans (despotism): 2 cities, 5 units, 76g, 5 techs, researching Ceremonial Burial (55/65)
    Berlin: size=3, prod=Settlers (17sh), bldgs=Palace
    Hamburg: size=1, prod=Archers (10sh)
    Units: 1x Warriors, 2x Archers, 1x Horsemen, 1x Chariot
  [Civ 4] Egyptians (despotism): 1 cities, 3 units, 70g, 5 techs, researching Ceremonial Burial (54/65)
    Thebes: size=3, prod=Settlers (32sh), bldgs=Palace, City Walls
    Units: 1x Horsemen, 1x Warriors, 1x Trireme
  [Civ 1] Romans turn: 10 actions — ADJUST_ATTITUDE(1), MOVE_UNIT(5), UNIT_ORDER(4)
    ADJUST_ATTITUDE target=civ3
    END_TURN REJECTED: 1 units still need orders
      #56 Horsemen(Atk) @(4,25) mv=3 ord=none hp=full

══════════════════════════════════════════════════════════════════════
  TURN 44 — 3140 B.C. (8ms)
══════════════════════════════════════════════════════════════════════
  [Civ 1] Romans (despotism): 1 cities, 6 units, 91g, 6 techs, researching Iron Working (25/84)
    Rome: size=3, prod=Archers (10sh), bldgs=Palace, Barracks
    Units: 2x Warriors, 2x Horsemen, 2x Archers
  [Civ 2] Babylonians (despotism): 1 cities, 5 units, 56g, 4 techs, researching Map Making (29/48)
    Babylon: size=2, prod=Settlers (29sh), bldgs=Palace, Barracks
    Units: 2x Warriors, 2x Archers, 1x Chariot
  [Civ 3] Germans (despotism): 2 cities, 5 units, 79g, 5 techs, researching Ceremonial Burial (62/65)
    Berlin: size=3, prod=Settlers (21sh), bldgs=Palace
    Hamburg: size=1, prod=Archers (12sh)
    Units: 1x Warriors, 2x Archers, 1x Horsemen, 1x Chariot
  [Civ 4] Egyptians (despotism): 1 cities, 3 units, 72g, 5 techs, researching Ceremonial Burial (60/65)
    Thebes: size=3, prod=Settlers (38sh), bldgs=Palace, City Walls
    Units: 1x Horsemen, 1x Warriors, 1x Trireme
  [Civ 1] Romans turn: 11 actions — ADJUST_ATTITUDE(1), MOVE_UNIT(5), UNIT_ORDER(5)
    ADJUST_ATTITUDE target=civ3
    >>> Germans discovered: Ceremonial Burial
    SET_RESEARCH tech=The Wheel
    PROPOSE_TREATY treaty=alliance target=civ1
    ADJUST_ATTITUDE target=civ1
    >>> Thebes built Settlers
    >>> Rome grew to size 4

══════════════════════════════════════════════════════════════════════
  TURN 45 — 3120 B.C. (12ms)
══════════════════════════════════════════════════════════════════════
  [Civ 1] Romans (despotism): 1 cities, 6 units, 92g, 6 techs, researching Iron Working (30/84)
    Rome: size=4, prod=Archers (15sh), bldgs=Palace, Barracks
    Units: 2x Warriors, 2x Horsemen, 2x Archers
  [Civ 2] Babylonians (despotism): 1 cities, 5 units, 86g, 4 techs, researching Map Making (31/48)
    Babylon: size=2, prod=Settlers (32sh), bldgs=Palace, Barracks
    Units: 2x Warriors, 2x Archers, 1x Chariot
  [Civ 3] Germans (despotism): 2 cities, 5 units, 79g, 6 techs, researching The Wheel (0/84)
    Berlin: size=3, prod=Settlers (25sh), bldgs=Palace
    Hamburg: size=1, prod=Archers (14sh)
    Units: 1x Warriors, 2x Archers, 1x Horsemen, 1x Chariot
  [Civ 4] Egyptians (despotism): 1 cities, 4 units, 74g, 5 techs, researching Ceremonial Burial (62/65)
    Thebes: size=2, prod=Settlers (4sh), bldgs=Palace, City Walls
    Units: 1x Horsemen, 1x Warriors, 1x Trireme, 1x Settlers
  [Civ 1] Romans turn: 13 actions — ADJUST_ATTITUDE(2), RESPOND_TREATY(1), MOVE_UNIT(5), UNIT_ORDER(5)
    ADJUST_ATTITUDE target=civ3
    ADJUST_ATTITUDE target=civ3
    ADJUST_ATTITUDE target=civ1

══════════════════════════════════════════════════════════════════════
  TURN 46 — 3100 B.C. (13ms)
══════════════════════════════════════════════════════════════════════
  [Civ 1] Romans (despotism): 1 cities, 6 units, 93g, 6 techs, researching Iron Working (35/84)
    Rome: size=4, prod=Archers (20sh), bldgs=Palace, Barracks
    Units: 2x Warriors, 2x Horsemen, 2x Archers
  [Civ 2] Babylonians (despotism): 1 cities, 5 units, 86g, 4 techs, researching Map Making (33/48)
    Babylon: size=2, prod=Settlers (35sh), bldgs=Palace, Barracks
    Units: 2x Warriors, 2x Archers, 1x Chariot
  [Civ 3] Germans (despotism): 2 cities, 5 units, 82g, 6 techs, researching The Wheel (7/84)
    Berlin: size=3, prod=Settlers (29sh), bldgs=Palace
    Hamburg: size=1, prod=Archers (16sh)
    Units: 1x Warriors, 2x Archers, 1x Horsemen, 1x Chariot
  [Civ 4] Egyptians (despotism): 1 cities, 4 units, 109g, 5 techs, researching Ceremonial Burial (64/65)
    Thebes: size=2, prod=Settlers (6sh), bldgs=Palace, City Walls
    Units: 1x Horsemen, 1x Warriors, 1x Trireme, 1x Settlers
  [Civ 1] Romans turn: 12 actions — ADJUST_ATTITUDE(1), CHANGE_PRODUCTION(1), MOVE_UNIT(5), UNIT_ORDER(5)
    ADJUST_ATTITUDE target=civ3
    CHANGE_PRODUCTION city=0
    >>> Egyptians discovered: Ceremonial Burial
    SET_RESEARCH tech=The Wheel
    >>> Rome built Horsemen

══════════════════════════════════════════════════════════════════════
  TURN 47 — 3080 B.C. (15ms)
══════════════════════════════════════════════════════════════════════
  [Civ 1] Romans (despotism): 1 cities, 7 units, 94g, 6 techs, researching Iron Working (39/84)
    Rome: size=4, prod=Horsemen (5sh), bldgs=Palace, Barracks
    Units: 2x Warriors, 3x Horsemen, 2x Archers
  [Civ 2] Babylonians (despotism): 1 cities, 5 units, 86g, 4 techs, researching Map Making (35/48)
    Babylon: size=2, prod=Settlers (38sh), bldgs=Palace, Barracks
    Units: 2x Warriors, 2x Archers, 1x Chariot
  [Civ 3] Germans (despotism): 2 cities, 5 units, 85g, 6 techs, researching The Wheel (14/84)
    Berlin: size=3, prod=Settlers (33sh), bldgs=Palace
    Hamburg: size=1, prod=Archers (18sh)
    Units: 1x Warriors, 2x Archers, 1x Horsemen, 1x Chariot
  [Civ 4] Egyptians (despotism): 1 cities, 4 units, 109g, 6 techs, researching The Wheel (0/84)
    Thebes: size=2, prod=Settlers (8sh), bldgs=Palace, City Walls
    Units: 1x Horsemen, 1x Warriors, 1x Trireme, 1x Settlers
  [Civ 1] Romans turn: 14 actions — ADJUST_ATTITUDE(1), CHANGE_PRODUCTION(1), MOVE_UNIT(6), UNIT_ORDER(6)
    ADJUST_ATTITUDE target=civ3
    CHANGE_PRODUCTION city=0
    >>> Babylon built Settlers
    END_TURN REJECTED: 1 units still need orders
      #59 Settlers(Settle) @(25,70) mv=2 ord=none hp=full

══════════════════════════════════════════════════════════════════════
  TURN 48 — 3060 B.C. (28ms)
══════════════════════════════════════════════════════════════════════
  [Civ 1] Romans (despotism): 1 cities, 7 units, 95g, 6 techs, researching Iron Working (43/84)
    Rome: size=4, prod=Archers (9sh), bldgs=Palace, Barracks
    Units: 2x Warriors, 3x Horsemen, 2x Archers
  [Civ 2] Babylonians (despotism): 1 cities, 6 units, 85g, 4 techs, researching Map Making (36/48)
    Babylon: size=1, prod=Settlers (1sh), bldgs=Palace, Barracks
    Units: 2x Warriors, 2x Archers, 1x Chariot, 1x Settlers
  [Civ 3] Germans (despotism): 2 cities, 5 units, 89g, 6 techs, researching The Wheel (21/84)
    Berlin: size=3, prod=Settlers (37sh), bldgs=Palace
    Hamburg: size=2, prod=Archers (21sh)
    Units: 1x Warriors, 2x Archers, 1x Horsemen, 1x Chariot
  [Civ 4] Egyptians (despotism): 1 cities, 4 units, 111g, 6 techs, researching The Wheel (2/84)
    Thebes: size=2, prod=Settlers (10sh), bldgs=Palace, City Walls
    Units: 1x Horsemen, 1x Warriors, 1x Trireme, 1x Settlers
  [Civ 1] Romans turn: 12 actions — ADJUST_ATTITUDE(1), MOVE_UNIT(6), UNIT_ORDER(5)
    ADJUST_ATTITUDE target=civ3
    END_TURN REJECTED: 1 units still need orders
      #58 Horsemen(Atk) @(7,23) mv=3 ord=none hp=full
    >>> Berlin built Settlers

══════════════════════════════════════════════════════════════════════
  TURN 49 — 3040 B.C. (24ms)
══════════════════════════════════════════════════════════════════════
  [Civ 1] Romans (despotism): 1 cities, 7 units, 96g, 6 techs, researching Iron Working (47/84)
    Rome: size=4, prod=Archers (13sh), bldgs=Palace, Barracks
    Units: 2x Warriors, 3x Horsemen, 2x Archers
  [Civ 2] Babylonians (despotism): 1 cities, 6 units, 85g, 4 techs, researching Map Making (37/48)
    Babylon: size=2, prod=Settlers (3sh), bldgs=Palace, Barracks
    Units: 2x Warriors, 2x Archers, 1x Chariot, 1x Settlers
  [Civ 3] Germans (despotism): 2 cities, 6 units, 93g, 6 techs, researching The Wheel (26/84)
    Berlin: size=2, prod=Settlers (1sh), bldgs=Palace
    Hamburg: size=2, prod=Archers (24sh)
    Units: 1x Warriors, 2x Archers, 1x Horsemen, 1x Chariot, 1x Settlers
  [Civ 4] Egyptians (despotism): 1 cities, 4 units, 113g, 6 techs, researching The Wheel (4/84)
    Thebes: size=2, prod=Settlers (12sh), bldgs=Palace, City Walls
    Units: 1x Horsemen, 1x Warriors, 1x Trireme, 1x Settlers
  [Civ 1] Romans turn: 13 actions — ADJUST_ATTITUDE(1), MOVE_UNIT(6), UNIT_ORDER(6)
    ADJUST_ATTITUDE target=civ3

══════════════════════════════════════════════════════════════════════
  FINAL SUMMARY
══════════════════════════════════════════════════════════════════════
Game ended at turn 50 (3020 B.C.)

── Civ 1: Romans (despotism) ALIVE ──
  Cities: 1 (peak 1, founded 1)
  Units:  7 (peak 7)
  Treasury: 97g
  Techs discovered: 2 — Bronze Working, Code of Laws
  Actions: 365 total, 0 idle turns
  Breakdown: MOVE_UNIT(155), UNIT_ORDER(155), ADJUST_ATTITUDE(36), CHANGE_PRODUCTION(10), SET_RESEARCH(3), RESPOND_TREATY(2), PROPOSE_TREATY(2), CHANGE_RATES(1), BUILD_CITY(1)
  Army: 2x Warriors, 3x Horsemen, 2x Archers
  Rome: size=4, shields=17

── Civ 2: Babylonians (despotism) ALIVE ──
  Cities: 1 (peak 1, founded 1)
  Units:  6 (peak 6)
  Treasury: 85g
  Techs discovered: 3 — Bronze Working, Alphabet, Code of Laws
  Actions: 256 total, 0 idle turns
  Breakdown: MOVE_UNIT(123), UNIT_ORDER(120), SET_RESEARCH(4), CHANGE_PRODUCTION(4), ADJUST_ATTITUDE(3), CHANGE_RATES(1), BUILD_CITY(1)
  Army: 2x Warriors, 2x Archers, 1x Chariot, 1x Settlers
  Babylon: size=2, shields=5

── Civ 3: Germans (despotism) ALIVE ──
  Cities: 2 (peak 2, founded 2)
  Units:  6 (peak 6)
  Treasury: 97g
  Techs discovered: 3 — Map Making, Writing, Ceremonial Burial
  Actions: 282 total, 0 idle turns
  Breakdown: MOVE_UNIT(127), UNIT_ORDER(122), ADJUST_ATTITUDE(18), SET_RESEARCH(4), CHANGE_PRODUCTION(4), BUILD_CITY(2), PROPOSE_TREATY(2), RESPOND_TREATY(2), CHANGE_RATES(1)
  Army: 1x Warriors, 2x Archers, 1x Horsemen, 1x Chariot, 1x Settlers
  Berlin: size=2, shields=2
  Hamburg: size=2, shields=27

── Civ 4: Egyptians (despotism) ALIVE ──
  Cities: 1 (peak 1, founded 2)
  Units:  4 (peak 4)
  Treasury: 115g
  Techs discovered: 4 — Masonry, Map Making, Code of Laws, Ceremonial Burial
  Actions: 106 total, 11 idle turns
  Breakdown: UNIT_ORDER(47), MOVE_UNIT(36), CHANGE_PRODUCTION(7), SET_RESEARCH(5), WORKER_ORDER(5), ADJUST_ATTITUDE(3), BUILD_CITY(2), CHANGE_RATES(1)
  Army: 1x Horsemen, 1x Warriors, 1x Trireme, 1x Settlers
  Thebes: size=2, shields=14


══════════════════════════════════════════════════════════════════════
  AI BEHAVIOR ANALYSIS
══════════════════════════════════════════════════════════════════════
[Civ 1] Romans:
  WARNING: Only 1 city after 30+ turns

[Civ 2] Babylonians:
  WARNING: Only 1 city after 30+ turns

[Civ 3] Germans:
  OK — no obvious issues detected

[Civ 4] Egyptians:
  WARNING: 1 units stuck (busy orders outside city)

