Charlization AI Headless Simulation
Date: 2026-03-20T18:14:23.818Z
Settings: 50 turns, 4 AI players, 50x80 map, difficulty=prince
Map seed: 61712
Map generated in 64ms
Game initialized: 4 civs, 11 starting units
  Civ 1 (Romans): starts at (26,34) on Grassland
  Civ 2 (Babylonians): starts at (11,71) on Grassland
  Civ 3 (Germans): starts at (24,8) on Grassland
  Civ 4 (Egyptians): starts at (40,64) on Forest
    SET_RESEARCH tech=Bronze Working
    CHANGE_RATES sci=6 tax=4 lux=undefined
    BUILD_CITY unit=0 name="Rome"
    1 actions REJECTED (of 6)
    SET_RESEARCH tech=Alphabet
    CHANGE_RATES sci=6 tax=4 lux=undefined
    BUILD_CITY unit=2 name="Babylon"
    BUILD_CITY unit=8 name="Babylon"
    2 actions REJECTED (of 8)
    SET_RESEARCH tech=Alphabet
    CHANGE_RATES sci=6 tax=4 lux=undefined
    BUILD_CITY unit=4 name="Berlin"
    BUILD_CITY unit=9 name="Berlin"
    2 actions REJECTED (of 8)
    SET_RESEARCH tech=Ceremonial Burial
    CHANGE_RATES sci=6 tax=4 lux=undefined
    BUILD_CITY unit=6 name="Thebes"
    BUILD_CITY unit=10 name="Thebes"
    2 actions REJECTED (of 8)
    END_TURN REJECTED: 1 units still need orders
      #11 Chariot(Atk) @(40,65) mv=6 ord=none hp=full

══════════════════════════════════════════════════════════════════════
  TURN 1 — 4000 B.C. (36ms)
══════════════════════════════════════════════════════════════════════
  [Civ 1] Romans (despotism): 1 cities, 1 units, 1g, 3 techs, researching Bronze Working (3/39)
    Rome: size=1, prod=Warriors (2sh), bldgs=Palace
    Units: 1x Warriors
  [Civ 2] Babylonians (despotism): 1 cities, 2 units, 0g, 1 techs, researching Alphabet (0/11)
    Babylon: size=1, prod=Warriors (0sh), bldgs=Palace
    Units: 1x Warriors, 1x Settlers
  [Civ 3] Germans (despotism): 1 cities, 2 units, 0g, 2 techs, researching Alphabet (0/22)
    Berlin: size=1, prod=Warriors (0sh), bldgs=Palace
    Units: 1x Warriors, 1x Settlers
  [Civ 4] Egyptians (despotism): 1 cities, 3 units, 0g, 1 techs, researching Ceremonial Burial (0/11)
    Thebes: size=1, prod=Warriors (0sh), bldgs=Palace
    Units: 1x Warriors, 1x Settlers, 1x Chariot
  [Civ 1] Romans turn: 2 actions — MOVE_UNIT(1), UNIT_ORDER(1)
    CHANGE_PRODUCTION city=1
    CHANGE_PRODUCTION city=2
    CHANGE_PRODUCTION city=3

══════════════════════════════════════════════════════════════════════
  TURN 2 — 3980 B.C. (24ms)
══════════════════════════════════════════════════════════════════════
  [Civ 1] Romans (despotism): 1 cities, 1 units, 2g, 3 techs, researching Bronze Working (6/39)
    Rome: size=1, prod=Warriors (4sh), bldgs=Palace
    Units: 1x Warriors
  [Civ 2] Babylonians (despotism): 1 cities, 2 units, 1g, 3 techs, researching Alphabet (3/39)
    Babylon: size=1, prod=Archers (3sh), bldgs=Palace
    Units: 1x Warriors, 1x Settlers
  [Civ 3] Germans (despotism): 1 cities, 2 units, 1g, 3 techs, researching Alphabet (2/39)
    Berlin: size=1, prod=Archers (2sh), bldgs=Palace
    Units: 1x Warriors, 1x Settlers
  [Civ 4] Egyptians (despotism): 1 cities, 3 units, 2g, 3 techs, researching Ceremonial Burial (3/39)
    Thebes: size=1, prod=Archers (3sh), bldgs=Palace
    Units: 1x Warriors, 1x Settlers, 1x Chariot
  [Civ 1] Romans turn: 2 actions — MOVE_UNIT(1), UNIT_ORDER(1)

══════════════════════════════════════════════════════════════════════
  TURN 3 — 3960 B.C. (7ms)
══════════════════════════════════════════════════════════════════════
  [Civ 1] Romans (despotism): 1 cities, 1 units, 3g, 3 techs, researching Bronze Working (9/39)
    Rome: size=1, prod=Warriors (6sh), bldgs=Palace
    Units: 1x Warriors
  [Civ 2] Babylonians (despotism): 1 cities, 2 units, 2g, 3 techs, researching Alphabet (6/39)
    Babylon: size=1, prod=Archers (6sh), bldgs=Palace
    Units: 1x Warriors, 1x Settlers
  [Civ 3] Germans (despotism): 1 cities, 2 units, 2g, 3 techs, researching Alphabet (4/39)
    Berlin: size=1, prod=Archers (4sh), bldgs=Palace
    Units: 1x Warriors, 1x Settlers
  [Civ 4] Egyptians (despotism): 1 cities, 3 units, 4g, 3 techs, researching Ceremonial Burial (6/39)
    Thebes: size=1, prod=Archers (6sh), bldgs=Palace
    Units: 1x Warriors, 1x Settlers, 1x Chariot
  [Civ 1] Romans turn: 2 actions — MOVE_UNIT(1), UNIT_ORDER(1)

══════════════════════════════════════════════════════════════════════
  TURN 4 — 3940 B.C. (7ms)
══════════════════════════════════════════════════════════════════════
  [Civ 1] Romans (despotism): 1 cities, 1 units, 4g, 3 techs, researching Bronze Working (12/39)
    Rome: size=1, prod=Warriors (8sh), bldgs=Palace
    Units: 1x Warriors
  [Civ 2] Babylonians (despotism): 1 cities, 2 units, 3g, 3 techs, researching Alphabet (9/39)
    Babylon: size=1, prod=Archers (9sh), bldgs=Palace
    Units: 1x Warriors, 1x Settlers
  [Civ 3] Germans (despotism): 1 cities, 2 units, 3g, 3 techs, researching Alphabet (6/39)
    Berlin: size=1, prod=Archers (6sh), bldgs=Palace
    Units: 1x Warriors, 1x Settlers
  [Civ 4] Egyptians (despotism): 1 cities, 3 units, 6g, 3 techs, researching Ceremonial Burial (9/39)
    Thebes: size=1, prod=Archers (9sh), bldgs=Palace
    Units: 1x Warriors, 1x Settlers, 1x Chariot
  [Civ 1] Romans turn: 2 actions — MOVE_UNIT(1), UNIT_ORDER(1)
    >>> Rome built Warriors

══════════════════════════════════════════════════════════════════════
  TURN 5 — 3920 B.C. (6ms)
══════════════════════════════════════════════════════════════════════
  [Civ 1] Romans (despotism): 1 cities, 2 units, 5g, 3 techs, researching Bronze Working (15/39)
    Rome: size=1, prod=Warriors (0sh), bldgs=Palace
    Units: 2x Warriors
  [Civ 2] Babylonians (despotism): 1 cities, 2 units, 4g, 3 techs, researching Alphabet (12/39)
    Babylon: size=1, prod=Archers (12sh), bldgs=Palace
    Units: 1x Warriors, 1x Settlers
  [Civ 3] Germans (despotism): 1 cities, 2 units, 4g, 3 techs, researching Alphabet (8/39)
    Berlin: size=1, prod=Archers (8sh), bldgs=Palace
    Units: 1x Warriors, 1x Settlers
  [Civ 4] Egyptians (despotism): 1 cities, 3 units, 8g, 3 techs, researching Ceremonial Burial (12/39)
    Thebes: size=1, prod=Archers (12sh), bldgs=Palace
    Units: 1x Warriors, 1x Settlers, 1x Chariot
  [Civ 1] Romans turn: 3 actions — CHANGE_PRODUCTION(1), MOVE_UNIT(1), UNIT_ORDER(1)
    CHANGE_PRODUCTION city=0
    END_TURN REJECTED: 1 units still need orders
      #21 Horsemen(Atk) @(42,59) mv=6 ord=none hp=full

══════════════════════════════════════════════════════════════════════
  TURN 6 — 3900 B.C. (5ms)
══════════════════════════════════════════════════════════════════════
  [Civ 1] Romans (despotism): 1 cities, 1 units, 6g, 3 techs, researching Bronze Working (18/39)
    Rome: size=1, prod=Archers (2sh), bldgs=Palace
    Units: 1x Warriors
  [Civ 2] Babylonians (despotism): 1 cities, 2 units, 5g, 3 techs, researching Alphabet (15/39)
    Babylon: size=1, prod=Archers (15sh), bldgs=Palace
    Units: 1x Warriors, 1x Settlers
  [Civ 3] Germans (despotism): 1 cities, 2 units, 5g, 3 techs, researching Alphabet (10/39)
    Berlin: size=1, prod=Archers (10sh), bldgs=Palace
    Units: 1x Warriors, 1x Settlers
  [Civ 4] Egyptians (despotism): 1 cities, 4 units, 10g, 3 techs, researching Ceremonial Burial (15/39)
    Thebes: size=1, prod=Archers (15sh), bldgs=Palace
    Units: 1x Warriors, 1x Settlers, 1x Chariot, 1x Horsemen
  [Civ 1] Romans turn: 2 actions — UNIT_ORDER(2)

══════════════════════════════════════════════════════════════════════
  TURN 7 — 3880 B.C. (7ms)
══════════════════════════════════════════════════════════════════════
  [Civ 1] Romans (despotism): 1 cities, 1 units, 7g, 3 techs, researching Bronze Working (21/39)
    Rome: size=1, prod=Archers (4sh), bldgs=Palace
    Units: 1x Warriors
  [Civ 2] Babylonians (despotism): 1 cities, 2 units, 6g, 3 techs, researching Alphabet (18/39)
    Babylon: size=1, prod=Archers (18sh), bldgs=Palace
    Units: 1x Warriors, 1x Settlers
  [Civ 3] Germans (despotism): 1 cities, 2 units, 6g, 3 techs, researching Alphabet (12/39)
    Berlin: size=1, prod=Archers (12sh), bldgs=Palace
    Units: 1x Warriors, 1x Settlers
  [Civ 4] Egyptians (despotism): 1 cities, 4 units, 12g, 3 techs, researching Ceremonial Burial (18/39)
    Thebes: size=1, prod=Archers (18sh), bldgs=Palace
    Units: 1x Warriors, 1x Settlers, 1x Chariot, 1x Horsemen
  [Civ 1] Romans turn: 0 actions — idle

══════════════════════════════════════════════════════════════════════
  TURN 8 — 3860 B.C. (7ms)
══════════════════════════════════════════════════════════════════════
  [Civ 1] Romans (despotism): 1 cities, 1 units, 8g, 3 techs, researching Bronze Working (24/39)
    Rome: size=1, prod=Archers (6sh), bldgs=Palace
    Units: 1x Warriors
  [Civ 2] Babylonians (despotism): 1 cities, 2 units, 7g, 3 techs, researching Alphabet (21/39)
    Babylon: size=1, prod=Archers (21sh), bldgs=Palace
    Units: 1x Warriors, 1x Settlers
  [Civ 3] Germans (despotism): 1 cities, 2 units, 7g, 3 techs, researching Alphabet (14/39)
    Berlin: size=1, prod=Archers (14sh), bldgs=Palace
    Units: 1x Warriors, 1x Settlers
  [Civ 4] Egyptians (despotism): 1 cities, 4 units, 14g, 3 techs, researching Ceremonial Burial (21/39)
    Thebes: size=1, prod=Archers (21sh), bldgs=Palace
    Units: 1x Warriors, 1x Settlers, 1x Chariot, 1x Horsemen
  [Civ 1] Romans turn: 0 actions — idle

══════════════════════════════════════════════════════════════════════
  TURN 9 — 3840 B.C. (6ms)
══════════════════════════════════════════════════════════════════════
  [Civ 1] Romans (despotism): 1 cities, 1 units, 9g, 3 techs, researching Bronze Working (27/39)
    Rome: size=1, prod=Archers (8sh), bldgs=Palace
    Units: 1x Warriors
  [Civ 2] Babylonians (despotism): 1 cities, 2 units, 8g, 3 techs, researching Alphabet (24/39)
    Babylon: size=1, prod=Archers (24sh), bldgs=Palace
    Units: 1x Warriors, 1x Settlers
  [Civ 3] Germans (despotism): 1 cities, 2 units, 8g, 3 techs, researching Alphabet (16/39)
    Berlin: size=1, prod=Archers (16sh), bldgs=Palace
    Units: 1x Warriors, 1x Settlers
  [Civ 4] Egyptians (despotism): 1 cities, 4 units, 16g, 3 techs, researching Ceremonial Burial (24/39)
    Thebes: size=1, prod=Archers (24sh), bldgs=Palace
    Units: 1x Warriors, 1x Settlers, 1x Chariot, 1x Horsemen
  [Civ 1] Romans turn: 0 actions — idle
    >>> Rome grew to size 2

══════════════════════════════════════════════════════════════════════
  TURN 10 — 3820 B.C. (8ms)
══════════════════════════════════════════════════════════════════════
  [Civ 1] Romans (despotism): 1 cities, 1 units, 11g, 3 techs, researching Bronze Working (30/39)
    Rome: size=2, prod=Archers (11sh), bldgs=Palace
    Units: 1x Warriors
  [Civ 2] Babylonians (despotism): 1 cities, 2 units, 9g, 3 techs, researching Alphabet (27/39)
    Babylon: size=1, prod=Archers (27sh), bldgs=Palace
    Units: 1x Warriors, 1x Settlers
  [Civ 3] Germans (despotism): 1 cities, 2 units, 9g, 3 techs, researching Alphabet (18/39)
    Berlin: size=1, prod=Archers (18sh), bldgs=Palace
    Units: 1x Warriors, 1x Settlers
  [Civ 4] Egyptians (despotism): 1 cities, 4 units, 18g, 3 techs, researching Ceremonial Burial (27/39)
    Thebes: size=1, prod=Archers (27sh), bldgs=Palace
    Units: 1x Warriors, 1x Settlers, 1x Chariot, 1x Horsemen
  [Civ 1] Romans turn: 0 actions — idle
    >>> Babylon grew to size 2
    >>> Babylon built Archers
    CHANGE_PRODUCTION city=1
    >>> Berlin grew to size 2
    >>> Thebes built Archers
    CHANGE_PRODUCTION city=3

══════════════════════════════════════════════════════════════════════
  TURN 11 — 3800 B.C. (10ms)
══════════════════════════════════════════════════════════════════════
  [Civ 1] Romans (despotism): 1 cities, 1 units, 13g, 3 techs, researching Bronze Working (33/39)
    Rome: size=2, prod=Archers (14sh), bldgs=Palace
    Units: 1x Warriors
  [Civ 2] Babylonians (despotism): 1 cities, 3 units, 48g, 3 techs, researching Alphabet (31/39)
    Babylon: size=2, prod=Horsemen (1sh), bldgs=Palace
    Units: 1x Warriors, 1x Settlers, 1x Archers
  [Civ 3] Germans (despotism): 1 cities, 2 units, 10g, 3 techs, researching Alphabet (21/39)
    Berlin: size=2, prod=Archers (21sh), bldgs=Palace
    Units: 1x Warriors, 1x Settlers
  [Civ 4] Egyptians (despotism): 1 cities, 5 units, 20g, 3 techs, researching Ceremonial Burial (30/39)
    Thebes: size=1, prod=building:8 (0sh), bldgs=Palace
    Units: 1x Warriors, 1x Settlers, 1x Chariot, 1x Horsemen, 1x Archers
  [Civ 1] Romans turn: 0 actions — idle

══════════════════════════════════════════════════════════════════════
  TURN 12 — 3780 B.C. (6ms)
══════════════════════════════════════════════════════════════════════
  [Civ 1] Romans (despotism): 1 cities, 1 units, 15g, 3 techs, researching Bronze Working (36/39)
    Rome: size=2, prod=Archers (17sh), bldgs=Palace
    Units: 1x Warriors
  [Civ 2] Babylonians (despotism): 1 cities, 3 units, 49g, 3 techs, researching Alphabet (35/39)
    Babylon: size=2, prod=Horsemen (5sh), bldgs=Palace
    Units: 1x Warriors, 1x Settlers, 1x Archers
  [Civ 3] Germans (despotism): 1 cities, 2 units, 11g, 3 techs, researching Alphabet (24/39)
    Berlin: size=2, prod=Archers (24sh), bldgs=Palace
    Units: 1x Warriors, 1x Settlers
  [Civ 4] Egyptians (despotism): 1 cities, 5 units, 66g, 3 techs, researching Ceremonial Burial (33/39)
    Thebes: size=1, prod=building:8 (3sh), bldgs=Palace
    Units: 1x Warriors, 1x Settlers, 1x Chariot, 1x Horsemen, 1x Archers
  [Civ 1] Romans turn: 0 actions — idle
    >>> Babylonians discovered: Alphabet
    SET_RESEARCH tech=Code of Laws
    >>> Egyptians discovered: Ceremonial Burial
    SET_RESEARCH tech=Bronze Working
    >>> Romans discovered: Bronze Working

══════════════════════════════════════════════════════════════════════
  TURN 13 — 3760 B.C. (12ms)
══════════════════════════════════════════════════════════════════════
  [Civ 1] Romans (despotism): 1 cities, 1 units, 15g, 4 techs, researching none (0/52)
    Rome: size=2, prod=Archers (20sh), bldgs=Palace
    Units: 1x Warriors
  [Civ 2] Babylonians (despotism): 1 cities, 3 units, 49g, 4 techs, researching Code of Laws (0/52)
    Babylon: size=2, prod=Horsemen (9sh), bldgs=Palace
    Units: 1x Warriors, 1x Settlers, 1x Archers
  [Civ 3] Germans (despotism): 1 cities, 2 units, 12g, 3 techs, researching Alphabet (27/36)
    Berlin: size=2, prod=Archers (27sh), bldgs=Palace
    Units: 1x Warriors, 1x Settlers
  [Civ 4] Egyptians (despotism): 1 cities, 5 units, 66g, 4 techs, researching Bronze Working (0/52)
    Thebes: size=1, prod=building:8 (6sh), bldgs=Palace
    Units: 1x Warriors, 1x Settlers, 1x Chariot, 1x Horsemen, 1x Archers
  [Civ 1] Romans turn: 1 actions — SET_RESEARCH(1)
    SET_RESEARCH tech=Iron Working
    >>> Berlin built Archers
    CHANGE_PRODUCTION city=2

══════════════════════════════════════════════════════════════════════
  TURN 14 — 3740 B.C. (6ms)
══════════════════════════════════════════════════════════════════════
  [Civ 1] Romans (despotism): 1 cities, 1 units, 17g, 4 techs, researching Iron Working (3/52)
    Rome: size=2, prod=Archers (23sh), bldgs=Palace
    Units: 1x Warriors
  [Civ 2] Babylonians (despotism): 1 cities, 3 units, 50g, 4 techs, researching Code of Laws (4/52)
    Babylon: size=2, prod=Horsemen (13sh), bldgs=Palace
    Units: 1x Warriors, 1x Settlers, 1x Archers
  [Civ 3] Germans (despotism): 1 cities, 2 units, 13g, 3 techs, researching Alphabet (30/36)
    Berlin: size=2, prod=Horsemen (0sh), bldgs=Palace
    Units: 1x Settlers, 1x Archers
  [Civ 4] Egyptians (despotism): 1 cities, 5 units, 68g, 4 techs, researching Bronze Working (3/52)
    Thebes: size=1, prod=building:8 (9sh), bldgs=Palace
    Units: 1x Warriors, 1x Settlers, 1x Chariot, 1x Horsemen, 1x Archers
  [Civ 1] Romans turn: 0 actions — idle

══════════════════════════════════════════════════════════════════════
  TURN 15 — 3720 B.C. (10ms)
══════════════════════════════════════════════════════════════════════
  [Civ 1] Romans (despotism): 1 cities, 1 units, 19g, 4 techs, researching Iron Working (6/52)
    Rome: size=2, prod=Archers (26sh), bldgs=Palace
    Units: 1x Warriors
  [Civ 2] Babylonians (despotism): 1 cities, 3 units, 51g, 4 techs, researching Code of Laws (8/52)
    Babylon: size=2, prod=Horsemen (17sh), bldgs=Palace
    Units: 1x Warriors, 1x Settlers, 1x Archers
  [Civ 3] Germans (despotism): 1 cities, 2 units, 14g, 3 techs, researching Alphabet (33/36)
    Berlin: size=2, prod=Horsemen (3sh), bldgs=Palace
    Units: 1x Settlers, 1x Archers
  [Civ 4] Egyptians (despotism): 1 cities, 5 units, 70g, 4 techs, researching Bronze Working (6/52)
    Thebes: size=1, prod=building:8 (12sh), bldgs=Palace
    Units: 1x Warriors, 1x Settlers, 1x Chariot, 1x Horsemen, 1x Archers
  [Civ 1] Romans turn: 0 actions — idle
    >>> Babylon built Horsemen
    CHANGE_PRODUCTION city=1
    >>> Germans discovered: Alphabet
    SET_RESEARCH tech=Map Making

══════════════════════════════════════════════════════════════════════
  TURN 16 — 3700 B.C. (10ms)
══════════════════════════════════════════════════════════════════════
  [Civ 1] Romans (despotism): 1 cities, 1 units, 21g, 4 techs, researching Iron Working (9/52)
    Rome: size=2, prod=Archers (29sh), bldgs=Palace
    Units: 1x Warriors
  [Civ 2] Babylonians (despotism): 1 cities, 4 units, 52g, 4 techs, researching Code of Laws (12/52)
    Babylon: size=2, prod=building:8 (0sh), bldgs=Palace
    Units: 1x Warriors, 1x Settlers, 1x Archers, 1x Horsemen
  [Civ 3] Germans (despotism): 1 cities, 1 units, 14g, 4 techs, researching Map Making (0/52)
    Berlin: size=2, prod=Horsemen (6sh), bldgs=Palace
    Units: 1x Settlers
  [Civ 4] Egyptians (despotism): 1 cities, 5 units, 72g, 4 techs, researching Bronze Working (9/52)
    Thebes: size=1, prod=building:8 (15sh), bldgs=Palace
    Units: 1x Warriors, 1x Settlers, 1x Chariot, 1x Horsemen, 1x Archers
  [Civ 1] Romans turn: 0 actions — idle
    >>> Rome built Archers

══════════════════════════════════════════════════════════════════════
  TURN 17 — 3680 B.C. (5ms)
══════════════════════════════════════════════════════════════════════
  [Civ 1] Romans (despotism): 1 cities, 2 units, 23g, 5 techs, researching Iron Working (12/70)
    Rome: size=2, prod=Archers (2sh), bldgs=Palace
    Units: 1x Warriors, 1x Archers
  [Civ 2] Babylonians (despotism): 1 cities, 4 units, 53g, 4 techs, researching Code of Laws (16/48)
    Babylon: size=2, prod=building:8 (4sh), bldgs=Palace
    Units: 1x Warriors, 1x Settlers, 1x Archers, 1x Horsemen
  [Civ 3] Germans (despotism): 1 cities, 1 units, 15g, 4 techs, researching Map Making (3/48)
    Berlin: size=2, prod=Horsemen (9sh), bldgs=Palace
    Units: 1x Settlers
  [Civ 4] Egyptians (despotism): 1 cities, 5 units, 74g, 5 techs, researching Bronze Working (12/70)
    Thebes: size=1, prod=building:8 (18sh), bldgs=Palace
    Units: 1x Warriors, 1x Settlers, 1x Chariot, 1x Horsemen, 1x Archers
  [Civ 1] Romans turn: 1 actions — CHANGE_PRODUCTION(1)
    CHANGE_PRODUCTION city=0

══════════════════════════════════════════════════════════════════════
  TURN 18 — 3660 B.C. (6ms)
══════════════════════════════════════════════════════════════════════
  [Civ 1] Romans (despotism): 1 cities, 2 units, 25g, 5 techs, researching Iron Working (15/70)
    Rome: size=2, prod=Horsemen (5sh), bldgs=Palace
    Units: 1x Warriors, 1x Archers
  [Civ 2] Babylonians (despotism): 1 cities, 4 units, 54g, 4 techs, researching Code of Laws (20/48)
    Babylon: size=2, prod=building:8 (8sh), bldgs=Palace
    Units: 1x Warriors, 1x Settlers, 1x Archers, 1x Horsemen
  [Civ 3] Germans (despotism): 1 cities, 1 units, 16g, 4 techs, researching Map Making (6/48)
    Berlin: size=2, prod=Horsemen (12sh), bldgs=Palace
    Units: 1x Settlers
  [Civ 4] Egyptians (despotism): 1 cities, 5 units, 76g, 5 techs, researching Bronze Working (15/70)
    Thebes: size=1, prod=building:8 (21sh), bldgs=Palace
    Units: 1x Warriors, 1x Settlers, 1x Chariot, 1x Horsemen, 1x Archers
  [Civ 1] Romans turn: 2 actions — MOVE_UNIT(1), UNIT_ORDER(1)

══════════════════════════════════════════════════════════════════════
  TURN 19 — 3640 B.C. (8ms)
══════════════════════════════════════════════════════════════════════
  [Civ 1] Romans (despotism): 1 cities, 2 units, 27g, 5 techs, researching Iron Working (18/70)
    Rome: size=2, prod=Horsemen (8sh), bldgs=Palace
    Units: 1x Warriors, 1x Archers
  [Civ 2] Babylonians (despotism): 1 cities, 4 units, 55g, 4 techs, researching Code of Laws (24/48)
    Babylon: size=2, prod=building:8 (12sh), bldgs=Palace
    Units: 1x Warriors, 1x Settlers, 1x Archers, 1x Horsemen
  [Civ 3] Germans (despotism): 1 cities, 1 units, 17g, 4 techs, researching Map Making (9/48)
    Berlin: size=2, prod=Horsemen (15sh), bldgs=Palace
    Units: 1x Settlers
  [Civ 4] Egyptians (despotism): 1 cities, 5 units, 78g, 5 techs, researching Bronze Working (18/70)
    Thebes: size=1, prod=building:8 (24sh), bldgs=Palace
    Units: 1x Warriors, 1x Settlers, 1x Chariot, 1x Horsemen, 1x Archers
  [Civ 1] Romans turn: 1 actions — MOVE_UNIT(1)

══════════════════════════════════════════════════════════════════════
  TURN 20 — 3620 B.C. (8ms)
══════════════════════════════════════════════════════════════════════
  [Civ 1] Romans (despotism): 1 cities, 2 units, 29g, 5 techs, researching Iron Working (21/70)
    Rome: size=2, prod=Horsemen (11sh), bldgs=Palace
    Units: 1x Warriors, 1x Archers
  [Civ 2] Babylonians (despotism): 1 cities, 4 units, 56g, 4 techs, researching Code of Laws (28/48)
    Babylon: size=2, prod=building:8 (16sh), bldgs=Palace
    Units: 1x Warriors, 1x Settlers, 1x Archers, 1x Horsemen
  [Civ 3] Germans (despotism): 1 cities, 1 units, 18g, 4 techs, researching Map Making (12/48)
    Berlin: size=2, prod=Horsemen (18sh), bldgs=Palace
    Units: 1x Settlers
  [Civ 4] Egyptians (despotism): 1 cities, 5 units, 80g, 5 techs, researching Bronze Working (21/70)
    Thebes: size=1, prod=building:8 (27sh), bldgs=Palace
    Units: 1x Warriors, 1x Settlers, 1x Chariot, 1x Horsemen, 1x Archers
  [Civ 1] Romans turn: 2 actions — MOVE_UNIT(1), UNIT_ORDER(1)
    >>> Berlin built Horsemen
    CHANGE_PRODUCTION city=2
    >>> Thebes grew to size 2

══════════════════════════════════════════════════════════════════════
  TURN 21 — 3600 B.C. (12ms)
══════════════════════════════════════════════════════════════════════
  [Civ 1] Romans (despotism): 1 cities, 2 units, 31g, 5 techs, researching Iron Working (24/70)
    Rome: size=2, prod=Horsemen (14sh), bldgs=Palace
    Units: 1x Warriors, 1x Archers
  [Civ 2] Babylonians (despotism): 1 cities, 4 units, 57g, 4 techs, researching Code of Laws (32/48)
    Babylon: size=2, prod=building:8 (20sh), bldgs=Palace
    Units: 1x Warriors, 1x Settlers, 1x Archers, 1x Horsemen
  [Civ 3] Germans (despotism): 1 cities, 2 units, 19g, 4 techs, researching Map Making (15/48)
    Berlin: size=2, prod=Warriors (1sh), bldgs=Palace
    Units: 1x Settlers, 1x Horsemen
  [Civ 4] Egyptians (despotism): 1 cities, 5 units, 82g, 5 techs, researching Bronze Working (25/70)
    Thebes: size=2, prod=building:8 (31sh), bldgs=Palace
    Units: 1x Warriors, 1x Settlers, 1x Chariot, 1x Horsemen, 1x Archers
  [Civ 1] Romans turn: 2 actions — MOVE_UNIT(1), UNIT_ORDER(1)

══════════════════════════════════════════════════════════════════════
  TURN 22 — 3580 B.C. (5ms)
══════════════════════════════════════════════════════════════════════
  [Civ 1] Romans (despotism): 1 cities, 2 units, 33g, 5 techs, researching Iron Working (27/70)
    Rome: size=2, prod=Horsemen (17sh), bldgs=Palace
    Units: 1x Warriors, 1x Archers
  [Civ 2] Babylonians (despotism): 1 cities, 4 units, 58g, 4 techs, researching Code of Laws (36/48)
    Babylon: size=2, prod=building:8 (24sh), bldgs=Palace
    Units: 1x Warriors, 1x Settlers, 1x Archers, 1x Horsemen
  [Civ 3] Germans (despotism): 1 cities, 2 units, 20g, 4 techs, researching Map Making (18/48)
    Berlin: size=2, prod=Warriors (4sh), bldgs=Palace
    Units: 1x Settlers, 1x Horsemen
  [Civ 4] Egyptians (despotism): 1 cities, 5 units, 84g, 5 techs, researching Bronze Working (29/70)
    Thebes: size=2, prod=building:8 (35sh), bldgs=Palace
    Units: 1x Warriors, 1x Settlers, 1x Chariot, 1x Horsemen, 1x Archers
  [Civ 1] Romans turn: 2 actions — MOVE_UNIT(1), UNIT_ORDER(1)
    >>> Rome built Horsemen

══════════════════════════════════════════════════════════════════════
  TURN 23 — 3560 B.C. (5ms)
══════════════════════════════════════════════════════════════════════
  [Civ 1] Romans (despotism): 1 cities, 3 units, 35g, 5 techs, researching Iron Working (29/70)
    Rome: size=2, prod=Horsemen (0sh), bldgs=Palace
    Units: 1x Warriors, 1x Archers, 1x Horsemen
  [Civ 2] Babylonians (despotism): 1 cities, 4 units, 59g, 4 techs, researching Code of Laws (40/48)
    Babylon: size=2, prod=building:8 (28sh), bldgs=Palace
    Units: 1x Warriors, 1x Settlers, 1x Archers, 1x Horsemen
  [Civ 3] Germans (despotism): 1 cities, 2 units, 21g, 4 techs, researching Map Making (21/48)
    Berlin: size=2, prod=Warriors (7sh), bldgs=Palace
    Units: 1x Settlers, 1x Horsemen
  [Civ 4] Egyptians (despotism): 1 cities, 5 units, 86g, 5 techs, researching Bronze Working (33/70)
    Thebes: size=2, prod=building:8 (39sh), bldgs=Palace
    Units: 1x Warriors, 1x Settlers, 1x Chariot, 1x Horsemen, 1x Archers
  [Civ 1] Romans turn: 3 actions — CHANGE_PRODUCTION(1), MOVE_UNIT(1), UNIT_ORDER(1)
    CHANGE_PRODUCTION city=0
    >>> Berlin built Warriors
    CHANGE_PRODUCTION city=2

══════════════════════════════════════════════════════════════════════
  TURN 24 — 3540 B.C. (6ms)
══════════════════════════════════════════════════════════════════════
  [Civ 1] Romans (despotism): 1 cities, 3 units, 37g, 5 techs, researching Iron Working (31/70)
    Rome: size=2, prod=building:8 (2sh), bldgs=Palace
    Units: 1x Warriors, 1x Archers, 1x Horsemen
  [Civ 2] Babylonians (despotism): 1 cities, 4 units, 60g, 4 techs, researching Code of Laws (44/48)
    Babylon: size=2, prod=building:8 (32sh), bldgs=Palace
    Units: 1x Warriors, 1x Settlers, 1x Archers, 1x Horsemen
  [Civ 3] Germans (despotism): 1 cities, 3 units, 22g, 4 techs, researching Map Making (24/48)
    Berlin: size=2, prod=Archers (0sh), bldgs=Palace
    Units: 1x Settlers, 1x Horsemen, 1x Warriors
  [Civ 4] Egyptians (despotism): 1 cities, 5 units, 88g, 5 techs, researching Bronze Working (37/70)
    Thebes: size=2, prod=building:8 (43sh), bldgs=Palace
    Units: 1x Warriors, 1x Settlers, 1x Chariot, 1x Horsemen, 1x Archers
  [Civ 1] Romans turn: 4 actions — MOVE_UNIT(2), UNIT_ORDER(2)
    END_TURN REJECTED: 1 units still need orders
      #37 Archers(Atk) @(25,38) mv=3 ord=none hp=full
    SET_RESEARCH tech=Map Making
    >>> Rome grew to size 3

══════════════════════════════════════════════════════════════════════
  TURN 25 — 3520 B.C. (10ms)
══════════════════════════════════════════════════════════════════════
  [Civ 1] Romans (despotism): 1 cities, 4 units, 39g, 5 techs, researching Iron Working (35/70)
    Rome: size=3, prod=building:8 (6sh), bldgs=Palace
    Units: 1x Warriors, 2x Archers, 1x Horsemen
  [Civ 2] Babylonians (despotism): 1 cities, 4 units, 60g, 5 techs, researching Map Making (0/70)
    Babylon: size=2, prod=building:8 (36sh), bldgs=Palace
    Units: 1x Warriors, 1x Settlers, 1x Archers, 1x Horsemen
  [Civ 3] Germans (despotism): 1 cities, 3 units, 23g, 4 techs, researching Map Making (27/48)
    Berlin: size=2, prod=Archers (3sh), bldgs=Palace
    Units: 1x Settlers, 1x Horsemen, 1x Warriors
  [Civ 4] Egyptians (despotism): 1 cities, 5 units, 90g, 5 techs, researching Bronze Working (41/70)
    Thebes: size=2, prod=building:8 (47sh), bldgs=Palace
    Units: 1x Warriors, 1x Settlers, 1x Chariot, 1x Horsemen, 1x Archers
  [Civ 1] Romans turn: 5 actions — MOVE_UNIT(3), UNIT_ORDER(2)
    END_TURN REJECTED: 1 units still need orders
      #34 Horsemen(Atk) @(26,30) mv=3 ord=none hp=full
    >>> Berlin grew to size 3

══════════════════════════════════════════════════════════════════════
  TURN 26 — 3500 B.C. (9ms)
══════════════════════════════════════════════════════════════════════
  [Civ 1] Romans (despotism): 1 cities, 4 units, 41g, 5 techs, researching Iron Working (39/70)
    Rome: size=3, prod=building:8 (10sh), bldgs=Palace
    Units: 1x Warriors, 2x Archers, 1x Horsemen
  [Civ 2] Babylonians (despotism): 1 cities, 4 units, 61g, 5 techs, researching Map Making (5/70)
    Babylon: size=3, prod=building:8 (42sh), bldgs=Palace
    Units: 1x Warriors, 1x Settlers, 1x Archers, 1x Horsemen
  [Civ 3] Germans (despotism): 1 cities, 3 units, 25g, 4 techs, researching Map Making (30/48)
    Berlin: size=3, prod=Archers (7sh), bldgs=Palace
    Units: 1x Settlers, 1x Horsemen, 1x Warriors
  [Civ 4] Egyptians (despotism): 1 cities, 5 units, 92g, 5 techs, researching Bronze Working (45/70)
    Thebes: size=2, prod=building:8 (51sh), bldgs=Palace
    Units: 1x Warriors, 1x Settlers, 1x Chariot, 1x Horsemen, 1x Archers
  [Civ 1] Romans turn: 6 actions — MOVE_UNIT(3), UNIT_ORDER(3)

══════════════════════════════════════════════════════════════════════
  TURN 27 — 3480 B.C. (9ms)
══════════════════════════════════════════════════════════════════════
  [Civ 1] Romans (despotism): 1 cities, 4 units, 43g, 5 techs, researching Iron Working (43/70)
    Rome: size=3, prod=building:8 (14sh), bldgs=Palace
    Units: 1x Warriors, 2x Archers, 1x Horsemen
  [Civ 2] Babylonians (despotism): 1 cities, 4 units, 62g, 5 techs, researching Map Making (10/70)
    Babylon: size=3, prod=building:8 (48sh), bldgs=Palace
    Units: 1x Warriors, 1x Settlers, 1x Archers, 1x Horsemen
  [Civ 3] Germans (despotism): 1 cities, 2 units, 27g, 4 techs, researching Map Making (33/48)
    Berlin: size=3, prod=Archers (11sh), bldgs=Palace
    Units: 1x Settlers, 1x Horsemen
  [Civ 4] Egyptians (despotism): 1 cities, 5 units, 94g, 5 techs, researching Bronze Working (49/70)
    Thebes: size=2, prod=building:8 (55sh), bldgs=Palace
    Units: 1x Warriors, 1x Settlers, 1x Chariot, 1x Horsemen, 1x Archers
  [Civ 1] Romans turn: 6 actions — MOVE_UNIT(3), UNIT_ORDER(3)

══════════════════════════════════════════════════════════════════════
  TURN 28 — 3460 B.C. (8ms)
══════════════════════════════════════════════════════════════════════
  [Civ 1] Romans (despotism): 1 cities, 4 units, 45g, 5 techs, researching Iron Working (47/70)
    Rome: size=3, prod=building:8 (18sh), bldgs=Palace
    Units: 1x Warriors, 2x Archers, 1x Horsemen
  [Civ 2] Babylonians (despotism): 1 cities, 4 units, 63g, 5 techs, researching Map Making (15/70)
    Babylon: size=3, prod=building:8 (54sh), bldgs=Palace
    Units: 1x Warriors, 1x Settlers, 1x Archers, 1x Horsemen
  [Civ 3] Germans (despotism): 1 cities, 2 units, 29g, 4 techs, researching Map Making (36/48)
    Berlin: size=3, prod=Archers (15sh), bldgs=Palace
    Units: 1x Settlers, 1x Horsemen
  [Civ 4] Egyptians (despotism): 1 cities, 5 units, 96g, 5 techs, researching Bronze Working (53/70)
    Thebes: size=2, prod=building:8 (59sh), bldgs=Palace
    Units: 1x Warriors, 1x Settlers, 1x Chariot, 1x Horsemen, 1x Archers
  [Civ 1] Romans turn: 6 actions — MOVE_UNIT(3), UNIT_ORDER(3)

══════════════════════════════════════════════════════════════════════
  TURN 29 — 3440 B.C. (8ms)
══════════════════════════════════════════════════════════════════════
  [Civ 1] Romans (despotism): 1 cities, 4 units, 47g, 5 techs, researching Iron Working (51/70)
    Rome: size=3, prod=building:8 (22sh), bldgs=Palace
    Units: 1x Warriors, 2x Archers, 1x Horsemen
  [Civ 2] Babylonians (despotism): 1 cities, 4 units, 64g, 5 techs, researching Map Making (20/70)
    Babylon: size=3, prod=building:8 (60sh), bldgs=Palace
    Units: 1x Warriors, 1x Settlers, 1x Archers, 1x Horsemen
  [Civ 3] Germans (despotism): 1 cities, 2 units, 31g, 4 techs, researching Map Making (39/48)
    Berlin: size=3, prod=Archers (19sh), bldgs=Palace
    Units: 1x Settlers, 1x Horsemen
  [Civ 4] Egyptians (despotism): 1 cities, 5 units, 98g, 5 techs, researching Bronze Working (57/70)
    Thebes: size=2, prod=building:8 (63sh), bldgs=Palace
    Units: 1x Warriors, 1x Settlers, 1x Chariot, 1x Horsemen, 1x Archers
  [Civ 1] Romans turn: 6 actions — MOVE_UNIT(3), UNIT_ORDER(3)

══════════════════════════════════════════════════════════════════════
  TURN 30 — 3420 B.C. (10ms)
══════════════════════════════════════════════════════════════════════
  [Civ 1] Romans (despotism): 1 cities, 4 units, 49g, 5 techs, researching Iron Working (55/70)
    Rome: size=3, prod=building:8 (26sh), bldgs=Palace
    Units: 1x Warriors, 2x Archers, 1x Horsemen
  [Civ 2] Babylonians (despotism): 1 cities, 4 units, 65g, 5 techs, researching Map Making (25/70)
    Babylon: size=3, prod=building:8 (66sh), bldgs=Palace
    Units: 1x Warriors, 1x Settlers, 1x Archers, 1x Horsemen
  [Civ 3] Germans (despotism): 1 cities, 2 units, 33g, 5 techs, researching Map Making (42/70)
    Berlin: size=3, prod=Archers (23sh), bldgs=Palace
    Units: 1x Settlers, 1x Horsemen
  [Civ 4] Egyptians (despotism): 1 cities, 5 units, 100g, 5 techs, researching Bronze Working (61/70)
    Thebes: size=2, prod=building:8 (67sh), bldgs=Palace
    Units: 1x Warriors, 1x Settlers, 1x Chariot, 1x Horsemen, 1x Archers
  [Civ 1] Romans turn: 6 actions — MOVE_UNIT(3), UNIT_ORDER(3)

══════════════════════════════════════════════════════════════════════
  TURN 31 — 3400 B.C. (13ms)
══════════════════════════════════════════════════════════════════════
  [Civ 1] Romans (despotism): 1 cities, 4 units, 51g, 5 techs, researching Iron Working (59/70)
    Rome: size=3, prod=building:8 (30sh), bldgs=Palace
    Units: 1x Warriors, 2x Archers, 1x Horsemen
  [Civ 2] Babylonians (despotism): 1 cities, 4 units, 66g, 5 techs, researching Map Making (30/70)
    Babylon: size=3, prod=building:8 (72sh), bldgs=Palace
    Units: 1x Warriors, 1x Settlers, 1x Archers, 1x Horsemen
  [Civ 3] Germans (despotism): 1 cities, 2 units, 35g, 5 techs, researching Map Making (45/70)
    Berlin: size=3, prod=Archers (27sh), bldgs=Palace
    Units: 1x Settlers, 1x Horsemen
  [Civ 4] Egyptians (despotism): 1 cities, 5 units, 102g, 5 techs, researching Bronze Working (65/70)
    Thebes: size=2, prod=building:8 (71sh), bldgs=Palace
    Units: 1x Warriors, 1x Settlers, 1x Chariot, 1x Horsemen, 1x Archers
  [Civ 1] Romans turn: 6 actions — MOVE_UNIT(3), UNIT_ORDER(3)
    >>> Berlin built Archers
    CHANGE_PRODUCTION city=2
    COMBAT: Horsemen vs Warriors → defWin (atkHp=undefined, defHp=undefined)
    1 actions REJECTED (of 3)

══════════════════════════════════════════════════════════════════════
  TURN 32 — 3380 B.C. (10ms)
══════════════════════════════════════════════════════════════════════
  [Civ 1] Romans (despotism): 1 cities, 4 units, 53g, 5 techs, researching Iron Working (63/70)
    Rome: size=3, prod=building:8 (34sh), bldgs=Palace
    Units: 1x Warriors, 2x Archers, 1x Horsemen
  [Civ 2] Babylonians (despotism): 1 cities, 4 units, 67g, 5 techs, researching Map Making (35/70)
    Babylon: size=3, prod=building:8 (78sh), bldgs=Palace
    Units: 1x Warriors, 1x Settlers, 1x Archers, 1x Horsemen
  [Civ 3] Germans (despotism): 1 cities, 2 units, 37g, 5 techs, researching Map Making (48/70)
    Berlin: size=3, prod=Warriors (1sh), bldgs=Palace
    Units: 1x Settlers, 1x Archers
  [Civ 4] Egyptians (despotism): 1 cities, 5 units, 104g, 5 techs, researching Bronze Working (69/70)
    Thebes: size=2, prod=building:8 (75sh), bldgs=Palace
    Units: 1x Warriors, 1x Settlers, 1x Chariot, 1x Horsemen, 1x Archers
  [Civ 1] Romans turn: 9 actions — ADJUST_ATTITUDE(3), MOVE_UNIT(3), UNIT_ORDER(3)
    ADJUST_ATTITUDE target=civ2
    ADJUST_ATTITUDE target=civ3
    ADJUST_ATTITUDE target=civ4
    >>> Babylon built building:8
    ADJUST_ATTITUDE target=civ1
    ADJUST_ATTITUDE target=civ3
    ADJUST_ATTITUDE target=civ4
    CHANGE_PRODUCTION city=1
    ADJUST_ATTITUDE target=civ1
    ADJUST_ATTITUDE target=civ2
    ADJUST_ATTITUDE target=civ4
    >>> Egyptians discovered: Bronze Working
    SET_RESEARCH tech=Code of Laws
    ADJUST_ATTITUDE target=civ1
    ADJUST_ATTITUDE target=civ2
    ADJUST_ATTITUDE target=civ3
    >>> Romans discovered: Iron Working

══════════════════════════════════════════════════════════════════════
  TURN 33 — 3360 B.C. (7ms)
══════════════════════════════════════════════════════════════════════
  [Civ 1] Romans (despotism): 1 cities, 4 units, 53g, 6 techs, researching none (0/84)
    Rome: size=3, prod=building:8 (38sh), bldgs=Palace
    Units: 1x Warriors, 2x Archers, 1x Horsemen
  [Civ 2] Babylonians (despotism): 1 cities, 4 units, 68g, 5 techs, researching Map Making (40/65)
    Babylon: size=3, prod=building:2 (4sh), bldgs=Palace, City Walls
    Units: 1x Warriors, 1x Settlers, 1x Archers, 1x Horsemen
  [Civ 3] Germans (despotism): 1 cities, 2 units, 39g, 5 techs, researching Map Making (51/65)
    Berlin: size=3, prod=Warriors (5sh), bldgs=Palace
    Units: 1x Settlers, 1x Archers
  [Civ 4] Egyptians (despotism): 1 cities, 5 units, 104g, 6 techs, researching Code of Laws (0/84)
    Thebes: size=2, prod=building:8 (79sh), bldgs=Palace
    Units: 1x Warriors, 1x Settlers, 1x Chariot, 1x Horsemen, 1x Archers
  [Civ 1] Romans turn: 7 actions — SET_RESEARCH(1), MOVE_UNIT(3), UNIT_ORDER(3)
    SET_RESEARCH tech=Ceremonial Burial
    >>> Thebes built building:8
    CHANGE_PRODUCTION city=3

══════════════════════════════════════════════════════════════════════
  TURN 34 — 3340 B.C. (6ms)
══════════════════════════════════════════════════════════════════════
  [Civ 1] Romans (despotism): 1 cities, 4 units, 55g, 6 techs, researching Ceremonial Burial (4/84)
    Rome: size=3, prod=building:8 (42sh), bldgs=Palace
    Units: 1x Warriors, 2x Archers, 1x Horsemen
  [Civ 2] Babylonians (despotism): 1 cities, 4 units, 69g, 5 techs, researching Map Making (45/65)
    Babylon: size=3, prod=building:2 (10sh), bldgs=Palace, City Walls
    Units: 1x Warriors, 1x Settlers, 1x Archers, 1x Horsemen
  [Civ 3] Germans (despotism): 1 cities, 2 units, 41g, 5 techs, researching Map Making (54/65)
    Berlin: size=3, prod=Warriors (9sh), bldgs=Palace
    Units: 1x Settlers, 1x Archers
  [Civ 4] Egyptians (despotism): 1 cities, 5 units, 106g, 6 techs, researching Code of Laws (4/84)
    Thebes: size=2, prod=building:2 (3sh), bldgs=Palace, City Walls
    Units: 1x Warriors, 1x Settlers, 1x Chariot, 1x Horsemen, 1x Archers
  [Civ 1] Romans turn: 6 actions — MOVE_UNIT(3), UNIT_ORDER(3)
    >>> Berlin built Warriors
    CHANGE_PRODUCTION city=2

══════════════════════════════════════════════════════════════════════
  TURN 35 — 3320 B.C. (7ms)
══════════════════════════════════════════════════════════════════════
  [Civ 1] Romans (despotism): 1 cities, 4 units, 57g, 6 techs, researching Ceremonial Burial (8/84)
    Rome: size=3, prod=building:8 (46sh), bldgs=Palace
    Units: 1x Warriors, 2x Archers, 1x Horsemen
  [Civ 2] Babylonians (despotism): 1 cities, 4 units, 70g, 6 techs, researching Map Making (50/84)
    Babylon: size=3, prod=building:2 (16sh), bldgs=Palace, City Walls
    Units: 1x Warriors, 1x Settlers, 1x Archers, 1x Horsemen
  [Civ 3] Germans (despotism): 1 cities, 3 units, 43g, 6 techs, researching Map Making (57/84)
    Berlin: size=3, prod=Horsemen (3sh), bldgs=Palace
    Units: 1x Settlers, 1x Archers, 1x Warriors
  [Civ 4] Egyptians (despotism): 1 cities, 5 units, 108g, 6 techs, researching Code of Laws (8/84)
    Thebes: size=2, prod=building:2 (7sh), bldgs=Palace, City Walls
    Units: 1x Warriors, 1x Settlers, 1x Chariot, 1x Horsemen, 1x Archers
  [Civ 1] Romans turn: 6 actions — MOVE_UNIT(3), UNIT_ORDER(3)

══════════════════════════════════════════════════════════════════════
  TURN 36 — 3300 B.C. (8ms)
══════════════════════════════════════════════════════════════════════
  [Civ 1] Romans (despotism): 1 cities, 4 units, 59g, 6 techs, researching Ceremonial Burial (12/84)
    Rome: size=3, prod=building:8 (50sh), bldgs=Palace
    Units: 1x Warriors, 2x Archers, 1x Horsemen
  [Civ 2] Babylonians (despotism): 1 cities, 4 units, 71g, 6 techs, researching Map Making (55/84)
    Babylon: size=3, prod=building:2 (22sh), bldgs=Palace, City Walls
    Units: 1x Warriors, 1x Settlers, 1x Archers, 1x Horsemen
  [Civ 3] Germans (despotism): 1 cities, 3 units, 45g, 6 techs, researching Map Making (60/84)
    Berlin: size=3, prod=Horsemen (7sh), bldgs=Palace
    Units: 1x Settlers, 1x Archers, 1x Warriors
  [Civ 4] Egyptians (despotism): 1 cities, 5 units, 110g, 6 techs, researching Code of Laws (12/84)
    Thebes: size=2, prod=building:2 (11sh), bldgs=Palace, City Walls
    Units: 1x Warriors, 1x Settlers, 1x Chariot, 1x Horsemen, 1x Archers
  [Civ 1] Romans turn: 6 actions — MOVE_UNIT(3), UNIT_ORDER(3)

══════════════════════════════════════════════════════════════════════
  TURN 37 — 3280 B.C. (7ms)
══════════════════════════════════════════════════════════════════════
  [Civ 1] Romans (despotism): 1 cities, 4 units, 61g, 6 techs, researching Ceremonial Burial (16/84)
    Rome: size=3, prod=building:8 (54sh), bldgs=Palace
    Units: 1x Warriors, 2x Archers, 1x Horsemen
  [Civ 2] Babylonians (despotism): 1 cities, 4 units, 72g, 6 techs, researching Map Making (60/84)
    Babylon: size=3, prod=building:2 (28sh), bldgs=Palace, City Walls
    Units: 1x Warriors, 1x Settlers, 1x Archers, 1x Horsemen
  [Civ 3] Germans (despotism): 1 cities, 3 units, 47g, 6 techs, researching Map Making (63/84)
    Berlin: size=3, prod=Horsemen (11sh), bldgs=Palace
    Units: 1x Settlers, 1x Archers, 1x Warriors
  [Civ 4] Egyptians (despotism): 1 cities, 5 units, 112g, 6 techs, researching Code of Laws (16/84)
    Thebes: size=2, prod=building:2 (15sh), bldgs=Palace, City Walls
    Units: 1x Warriors, 1x Settlers, 1x Chariot, 1x Horsemen, 1x Archers
  [Civ 1] Romans turn: 6 actions — MOVE_UNIT(3), UNIT_ORDER(3)

══════════════════════════════════════════════════════════════════════
  TURN 38 — 3260 B.C. (10ms)
══════════════════════════════════════════════════════════════════════
  [Civ 1] Romans (despotism): 1 cities, 4 units, 63g, 6 techs, researching Ceremonial Burial (20/84)
    Rome: size=3, prod=building:8 (58sh), bldgs=Palace
    Units: 1x Warriors, 2x Archers, 1x Horsemen
  [Civ 2] Babylonians (despotism): 1 cities, 4 units, 73g, 6 techs, researching Map Making (65/84)
    Babylon: size=3, prod=building:2 (34sh), bldgs=Palace, City Walls
    Units: 1x Warriors, 1x Settlers, 1x Archers, 1x Horsemen
  [Civ 3] Germans (despotism): 1 cities, 3 units, 49g, 6 techs, researching Map Making (66/84)
    Berlin: size=3, prod=Horsemen (15sh), bldgs=Palace
    Units: 1x Settlers, 1x Archers, 1x Warriors
  [Civ 4] Egyptians (despotism): 1 cities, 5 units, 114g, 6 techs, researching Code of Laws (20/84)
    Thebes: size=2, prod=building:2 (19sh), bldgs=Palace, City Walls
    Units: 1x Warriors, 1x Settlers, 1x Chariot, 1x Horsemen, 1x Archers
  [Civ 1] Romans turn: 6 actions — MOVE_UNIT(3), UNIT_ORDER(3)
    >>> Babylon built building:2
    CHANGE_PRODUCTION city=1
    ADJUST_ATTITUDE target=civ1
    ADJUST_ATTITUDE target=civ1
    ADJUST_ATTITUDE target=civ1

══════════════════════════════════════════════════════════════════════
  TURN 39 — 3240 B.C. (8ms)
══════════════════════════════════════════════════════════════════════
  [Civ 1] Romans (despotism): 1 cities, 4 units, 65g, 6 techs, researching Ceremonial Burial (24/84)
    Rome: size=3, prod=building:8 (62sh), bldgs=Palace
    Units: 1x Warriors, 2x Archers, 1x Horsemen
  [Civ 2] Babylonians (despotism): 1 cities, 4 units, 73g, 6 techs, researching Map Making (70/84)
    Babylon: size=3, prod=Archers (0sh), bldgs=Palace, City Walls, Barracks
    Units: 1x Warriors, 1x Settlers, 1x Archers, 1x Horsemen
  [Civ 3] Germans (despotism): 1 cities, 3 units, 51g, 6 techs, researching Map Making (69/84)
    Berlin: size=3, prod=Horsemen (19sh), bldgs=Palace
    Units: 1x Settlers, 1x Archers, 1x Warriors
  [Civ 4] Egyptians (despotism): 1 cities, 5 units, 116g, 6 techs, researching Code of Laws (24/84)
    Thebes: size=2, prod=building:2 (23sh), bldgs=Palace, City Walls
    Units: 1x Warriors, 1x Settlers, 1x Chariot, 1x Horsemen, 1x Archers
  [Civ 1] Romans turn: 6 actions — MOVE_UNIT(3), UNIT_ORDER(3)
    COMBAT: Horsemen vs Settlers → defWin (atkHp=undefined, defHp=undefined)
    1 actions REJECTED (of 6)
    >>> Berlin built Horsemen
    ADJUST_ATTITUDE target=civ1
    ADJUST_ATTITUDE target=civ1
    CHANGE_PRODUCTION city=2

══════════════════════════════════════════════════════════════════════
  TURN 40 — 3220 B.C. (27ms)
══════════════════════════════════════════════════════════════════════
  [Civ 1] Romans (despotism): 1 cities, 3 units, 67g, 6 techs, researching Ceremonial Burial (28/84)
    Rome: size=3, prod=building:8 (66sh), bldgs=Palace
    Units: 1x Warriors, 2x Archers
  [Civ 2] Babylonians (despotism): 1 cities, 4 units, 73g, 6 techs, researching Map Making (75/84)
    Babylon: size=3, prod=Archers (6sh), bldgs=Palace, City Walls, Barracks
    Units: 1x Warriors, 1x Settlers, 1x Archers, 1x Horsemen
  [Civ 3] Germans (despotism): 1 cities, 4 units, 53g, 6 techs, researching Map Making (72/84)
    Berlin: size=3, prod=building:8 (0sh), bldgs=Palace
    Units: 1x Settlers, 1x Archers, 1x Warriors, 1x Horsemen
  [Civ 4] Egyptians (despotism): 1 cities, 5 units, 118g, 6 techs, researching Code of Laws (28/84)
    Thebes: size=2, prod=building:2 (27sh), bldgs=Palace, City Walls
    Units: 1x Warriors, 1x Settlers, 1x Chariot, 1x Horsemen, 1x Archers
  [Civ 1] Romans turn: 5 actions — ADJUST_ATTITUDE(1), MOVE_UNIT(2), UNIT_ORDER(2)
    ADJUST_ATTITUDE target=civ3
    ADJUST_ATTITUDE target=civ1
    CHANGE_PRODUCTION city=2

══════════════════════════════════════════════════════════════════════
  TURN 41 — 3200 B.C. (19ms)
══════════════════════════════════════════════════════════════════════
  [Civ 1] Romans (despotism): 1 cities, 3 units, 69g, 6 techs, researching Ceremonial Burial (32/84)
    Rome: size=3, prod=building:8 (70sh), bldgs=Palace
    Units: 1x Warriors, 2x Archers
  [Civ 2] Babylonians (despotism): 1 cities, 4 units, 73g, 6 techs, researching Map Making (80/84)
    Babylon: size=3, prod=Archers (12sh), bldgs=Palace, City Walls, Barracks
    Units: 1x Warriors, 1x Settlers, 1x Archers, 1x Horsemen
  [Civ 3] Germans (despotism): 1 cities, 4 units, 55g, 6 techs, researching Map Making (75/84)
    Berlin: size=3, prod=Archers (0sh), bldgs=Palace
    Units: 1x Settlers, 1x Archers, 1x Warriors, 1x Horsemen
  [Civ 4] Egyptians (despotism): 1 cities, 5 units, 120g, 6 techs, researching Code of Laws (32/84)
    Thebes: size=2, prod=building:2 (31sh), bldgs=Palace, City Walls
    Units: 1x Warriors, 1x Settlers, 1x Chariot, 1x Horsemen, 1x Archers
  [Civ 1] Romans turn: 5 actions — ADJUST_ATTITUDE(1), MOVE_UNIT(2), UNIT_ORDER(2)
    ADJUST_ATTITUDE target=civ3
    >>> Babylonians discovered: Map Making
    SET_RESEARCH tech=Pottery
    >>> Germans discovered: Map Making
    SET_RESEARCH tech=Currency
    ADJUST_ATTITUDE target=civ1
    CHANGE_PRODUCTION city=2

══════════════════════════════════════════════════════════════════════
  TURN 42 — 3180 B.C. (13ms)
══════════════════════════════════════════════════════════════════════
  [Civ 1] Romans (despotism): 1 cities, 3 units, 71g, 6 techs, researching Ceremonial Burial (36/78)
    Rome: size=3, prod=building:8 (74sh), bldgs=Palace
    Units: 1x Warriors, 2x Archers
  [Civ 2] Babylonians (despotism): 1 cities, 4 units, 73g, 7 techs, researching Pottery (0/105)
    Babylon: size=3, prod=Archers (18sh), bldgs=Palace, City Walls, Barracks
    Units: 1x Warriors, 1x Settlers, 1x Archers, 1x Horsemen
  [Civ 3] Germans (despotism): 1 cities, 4 units, 86g, 7 techs, researching Currency (0/105)
    Berlin: size=3, prod=Trireme (4sh), bldgs=Palace
    Units: 1x Settlers, 1x Archers, 1x Warriors, 1x Horsemen
  [Civ 4] Egyptians (despotism): 1 cities, 5 units, 122g, 6 techs, researching Code of Laws (36/78)
    Thebes: size=2, prod=building:2 (35sh), bldgs=Palace, City Walls
    Units: 1x Warriors, 1x Settlers, 1x Chariot, 1x Horsemen, 1x Archers
  [Civ 1] Romans turn: 6 actions — ADJUST_ATTITUDE(2), MOVE_UNIT(2), UNIT_ORDER(2)
    ADJUST_ATTITUDE target=civ3
    ADJUST_ATTITUDE target=civ3
    ADJUST_ATTITUDE target=civ1
    ADJUST_ATTITUDE target=civ1

══════════════════════════════════════════════════════════════════════
  TURN 43 — 3160 B.C. (9ms)
══════════════════════════════════════════════════════════════════════
  [Civ 1] Romans (despotism): 1 cities, 3 units, 73g, 7 techs, researching Ceremonial Burial (40/105)
    Rome: size=3, prod=building:8 (78sh), bldgs=Palace
    Units: 1x Warriors, 2x Archers
  [Civ 2] Babylonians (despotism): 1 cities, 4 units, 73g, 7 techs, researching Pottery (5/105)
    Babylon: size=3, prod=Archers (24sh), bldgs=Palace, City Walls, Barracks
    Units: 1x Warriors, 1x Settlers, 1x Archers, 1x Horsemen
  [Civ 3] Germans (despotism): 1 cities, 4 units, 88g, 7 techs, researching Currency (3/105)
    Berlin: size=3, prod=Trireme (8sh), bldgs=Palace
    Units: 1x Settlers, 1x Archers, 1x Warriors, 1x Horsemen
  [Civ 4] Egyptians (despotism): 1 cities, 5 units, 124g, 7 techs, researching Code of Laws (40/105)
    Thebes: size=2, prod=building:2 (39sh), bldgs=Palace, City Walls
    Units: 1x Warriors, 1x Settlers, 1x Chariot, 1x Horsemen, 1x Archers
  [Civ 1] Romans turn: 5 actions — ADJUST_ATTITUDE(1), MOVE_UNIT(2), UNIT_ORDER(2)
    ADJUST_ATTITUDE target=civ3
    >>> Babylon built Archers
    CHANGE_PRODUCTION city=1
    ADJUST_ATTITUDE target=civ1
    >>> Thebes built building:2
    CHANGE_PRODUCTION city=3
    >>> Rome built building:8

══════════════════════════════════════════════════════════════════════
  TURN 44 — 3140 B.C. (8ms)
══════════════════════════════════════════════════════════════════════
  [Civ 1] Romans (despotism): 1 cities, 3 units, 75g, 7 techs, researching Ceremonial Burial (44/105)
    Rome: size=3, prod=building:8 (2sh), bldgs=Palace, City Walls
    Units: 1x Warriors, 2x Archers
  [Civ 2] Babylonians (despotism): 1 cities, 5 units, 73g, 7 techs, researching Pottery (10/105)
    Babylon: size=3, prod=Trireme (0sh), bldgs=Palace, City Walls, Barracks
    Units: 1x Warriors, 1x Settlers, 2x Archers, 1x Horsemen
  [Civ 3] Germans (despotism): 1 cities, 4 units, 90g, 7 techs, researching Currency (6/105)
    Berlin: size=3, prod=Trireme (12sh), bldgs=Palace
    Units: 1x Settlers, 1x Archers, 1x Warriors, 1x Horsemen
  [Civ 4] Egyptians (despotism): 1 cities, 5 units, 125g, 7 techs, researching Code of Laws (44/105)
    Thebes: size=2, prod=Trireme (0sh), bldgs=Palace, City Walls, Barracks
    Units: 1x Warriors, 1x Settlers, 1x Chariot, 1x Horsemen, 1x Archers
  [Civ 1] Romans turn: 6 actions — ADJUST_ATTITUDE(1), CHANGE_PRODUCTION(1), MOVE_UNIT(2), UNIT_ORDER(2)
    ADJUST_ATTITUDE target=civ3
    CHANGE_PRODUCTION city=0
    ADJUST_ATTITUDE target=civ1
    >>> Rome grew to size 4

══════════════════════════════════════════════════════════════════════
  TURN 45 — 3120 B.C. (8ms)
══════════════════════════════════════════════════════════════════════
  [Civ 1] Romans (despotism): 1 cities, 3 units, 77g, 7 techs, researching Ceremonial Burial (48/105)
    Rome: size=4, prod=Legion (5sh), bldgs=Palace, City Walls
    Units: 1x Warriors, 2x Archers
  [Civ 2] Babylonians (despotism): 1 cities, 5 units, 73g, 7 techs, researching Pottery (15/105)
    Babylon: size=3, prod=Trireme (6sh), bldgs=Palace, City Walls, Barracks
    Units: 1x Warriors, 1x Settlers, 2x Archers, 1x Horsemen
  [Civ 3] Germans (despotism): 1 cities, 4 units, 92g, 7 techs, researching Currency (9/105)
    Berlin: size=3, prod=Trireme (16sh), bldgs=Palace
    Units: 1x Settlers, 1x Archers, 1x Warriors, 1x Horsemen
  [Civ 4] Egyptians (despotism): 1 cities, 5 units, 126g, 7 techs, researching Code of Laws (48/105)
    Thebes: size=2, prod=Trireme (4sh), bldgs=Palace, City Walls, Barracks
    Units: 1x Warriors, 1x Settlers, 1x Chariot, 1x Horsemen, 1x Archers
  [Civ 1] Romans turn: 6 actions — ADJUST_ATTITUDE(2), MOVE_UNIT(2), UNIT_ORDER(2)
    ADJUST_ATTITUDE target=civ3
    ADJUST_ATTITUDE target=civ3
    >>> Berlin grew to size 4
    ADJUST_ATTITUDE target=civ1
    ADJUST_ATTITUDE target=civ1

══════════════════════════════════════════════════════════════════════
  TURN 46 — 3100 B.C. (5ms)
══════════════════════════════════════════════════════════════════════
  [Civ 1] Romans (despotism): 1 cities, 3 units, 79g, 7 techs, researching Ceremonial Burial (52/105)
    Rome: size=4, prod=Legion (10sh), bldgs=Palace, City Walls
    Units: 1x Warriors, 2x Archers
  [Civ 2] Babylonians (despotism): 1 cities, 5 units, 73g, 7 techs, researching Pottery (20/105)
    Babylon: size=3, prod=Trireme (12sh), bldgs=Palace, City Walls, Barracks
    Units: 1x Warriors, 1x Settlers, 2x Archers, 1x Horsemen
  [Civ 3] Germans (despotism): 1 cities, 4 units, 94g, 7 techs, researching Currency (13/105)
    Berlin: size=4, prod=Trireme (21sh), bldgs=Palace
    Units: 1x Settlers, 1x Archers, 1x Warriors, 1x Horsemen
  [Civ 4] Egyptians (despotism): 1 cities, 5 units, 127g, 7 techs, researching Code of Laws (52/105)
    Thebes: size=2, prod=Trireme (8sh), bldgs=Palace, City Walls, Barracks
    Units: 1x Warriors, 1x Settlers, 1x Chariot, 1x Horsemen, 1x Archers
  [Civ 1] Romans turn: 5 actions — ADJUST_ATTITUDE(1), MOVE_UNIT(2), UNIT_ORDER(2)
    ADJUST_ATTITUDE target=civ3
    ADJUST_ATTITUDE target=civ1

══════════════════════════════════════════════════════════════════════
  TURN 47 — 3080 B.C. (8ms)
══════════════════════════════════════════════════════════════════════
  [Civ 1] Romans (despotism): 1 cities, 3 units, 81g, 7 techs, researching Ceremonial Burial (56/105)
    Rome: size=4, prod=Legion (15sh), bldgs=Palace, City Walls
    Units: 1x Warriors, 2x Archers
  [Civ 2] Babylonians (despotism): 1 cities, 5 units, 73g, 7 techs, researching Pottery (25/105)
    Babylon: size=3, prod=Trireme (18sh), bldgs=Palace, City Walls, Barracks
    Units: 1x Warriors, 1x Settlers, 2x Archers, 1x Horsemen
  [Civ 3] Germans (despotism): 1 cities, 4 units, 96g, 7 techs, researching Currency (17/105)
    Berlin: size=4, prod=Trireme (26sh), bldgs=Palace
    Units: 1x Settlers, 1x Archers, 1x Warriors, 1x Horsemen
  [Civ 4] Egyptians (despotism): 1 cities, 5 units, 128g, 7 techs, researching Code of Laws (56/105)
    Thebes: size=2, prod=Trireme (12sh), bldgs=Palace, City Walls, Barracks
    Units: 1x Warriors, 1x Settlers, 1x Chariot, 1x Horsemen, 1x Archers
  [Civ 1] Romans turn: 5 actions — ADJUST_ATTITUDE(1), MOVE_UNIT(2), UNIT_ORDER(2)
    ADJUST_ATTITUDE target=civ3
    END_TURN REJECTED: 1 units still need orders
      #47 Horsemen(Atk) @(11,41) mv=6 ord=none hp=full
    ADJUST_ATTITUDE target=civ1

══════════════════════════════════════════════════════════════════════
  TURN 48 — 3060 B.C. (7ms)
══════════════════════════════════════════════════════════════════════
  [Civ 1] Romans (despotism): 1 cities, 3 units, 83g, 7 techs, researching Ceremonial Burial (60/105)
    Rome: size=4, prod=Legion (20sh), bldgs=Palace, City Walls
    Units: 1x Warriors, 2x Archers
  [Civ 2] Babylonians (despotism): 1 cities, 6 units, 73g, 7 techs, researching Pottery (30/105)
    Babylon: size=3, prod=Trireme (24sh), bldgs=Palace, City Walls, Barracks
    Units: 1x Warriors, 1x Settlers, 2x Archers, 2x Horsemen
  [Civ 3] Germans (despotism): 1 cities, 4 units, 98g, 7 techs, researching Currency (21/105)
    Berlin: size=4, prod=Trireme (31sh), bldgs=Palace
    Units: 1x Settlers, 1x Archers, 1x Warriors, 1x Horsemen
  [Civ 4] Egyptians (despotism): 1 cities, 5 units, 129g, 7 techs, researching Code of Laws (60/105)
    Thebes: size=2, prod=Trireme (16sh), bldgs=Palace, City Walls, Barracks
    Units: 1x Warriors, 1x Settlers, 1x Chariot, 1x Horsemen, 1x Archers
  [Civ 1] Romans turn: 6 actions — ADJUST_ATTITUDE(2), MOVE_UNIT(2), UNIT_ORDER(2)
    ADJUST_ATTITUDE target=civ3
    ADJUST_ATTITUDE target=civ3
    ADJUST_ATTITUDE target=civ1
    ADJUST_ATTITUDE target=civ1

══════════════════════════════════════════════════════════════════════
  TURN 49 — 3040 B.C. (6ms)
══════════════════════════════════════════════════════════════════════
  [Civ 1] Romans (despotism): 1 cities, 3 units, 85g, 7 techs, researching Ceremonial Burial (64/105)
    Rome: size=4, prod=Legion (25sh), bldgs=Palace, City Walls
    Units: 1x Warriors, 2x Archers
  [Civ 2] Babylonians (despotism): 1 cities, 6 units, 73g, 7 techs, researching Pottery (35/105)
    Babylon: size=3, prod=Trireme (30sh), bldgs=Palace, City Walls, Barracks
    Units: 1x Warriors, 1x Settlers, 2x Archers, 2x Horsemen
  [Civ 3] Germans (despotism): 1 cities, 4 units, 100g, 7 techs, researching Currency (25/105)
    Berlin: size=4, prod=Trireme (36sh), bldgs=Palace
    Units: 1x Settlers, 1x Archers, 1x Warriors, 1x Horsemen
  [Civ 4] Egyptians (despotism): 1 cities, 5 units, 130g, 7 techs, researching Code of Laws (64/105)
    Thebes: size=2, prod=Trireme (20sh), bldgs=Palace, City Walls, Barracks
    Units: 1x Warriors, 1x Settlers, 1x Chariot, 1x Horsemen, 1x Archers
  [Civ 1] Romans turn: 5 actions — ADJUST_ATTITUDE(1), MOVE_UNIT(2), UNIT_ORDER(2)
    ADJUST_ATTITUDE target=civ3
    >>> Berlin built Trireme
    ADJUST_ATTITUDE target=civ1
    CHANGE_PRODUCTION city=2

══════════════════════════════════════════════════════════════════════
  FINAL SUMMARY
══════════════════════════════════════════════════════════════════════
Game ended at turn 50 (3020 B.C.)

── Civ 1: Romans (despotism) ALIVE ──
  Cities: 1 (peak 1, founded 1)
  Units:  3 (peak 4)
  Treasury: 87g
  Techs discovered: 2 — Bronze Working, Iron Working
  Actions: 184 total, 10 idle turns
  Breakdown: UNIT_ORDER(80), MOVE_UNIT(79), ADJUST_ATTITUDE(16), CHANGE_PRODUCTION(4), SET_RESEARCH(3), CHANGE_RATES(1), BUILD_CITY(1)
  Army: 1x Warriors, 2x Archers
  Rome: size=4, shields=30

── Civ 2: Babylonians (despotism) ALIVE ──
  Cities: 1 (peak 1, founded 2)
  Units:  6 (peak 6)
  Treasury: 73g
  Techs discovered: 2 — Alphabet, Map Making
  Actions: 279 total, 0 idle turns
  Breakdown: MOVE_UNIT(131), UNIT_ORDER(131), CHANGE_PRODUCTION(6), SET_RESEARCH(4), ADJUST_ATTITUDE(3), BUILD_CITY(2), CHANGE_RATES(1), WORKER_ORDER(1)
  Army: 1x Warriors, 1x Settlers, 2x Archers, 2x Horsemen
  Babylon: size=3, shields=36

── Civ 3: Germans (despotism) ALIVE ──
  Cities: 1 (peak 1, founded 2)
  Units:  5 (peak 4)
  Treasury: 102g
  Techs discovered: 2 — Alphabet, Map Making
  Actions: 166 total, 4 idle turns
  Breakdown: MOVE_UNIT(64), UNIT_ORDER(64), ADJUST_ATTITUDE(21), CHANGE_PRODUCTION(10), SET_RESEARCH(3), BUILD_CITY(2), CHANGE_RATES(1), WORKER_ORDER(1)
  Army: 1x Settlers, 1x Archers, 1x Warriors, 1x Horsemen, 1x Trireme
  Berlin: size=4, shields=0

── Civ 4: Egyptians (despotism) ALIVE ──
  Cities: 1 (peak 1, founded 2)
  Units:  5 (peak 5)
  Treasury: 131g
  Techs discovered: 2 — Ceremonial Burial, Bronze Working
  Actions: 305 total, 0 idle turns
  Breakdown: UNIT_ORDER(148), MOVE_UNIT(144), CHANGE_PRODUCTION(4), SET_RESEARCH(3), ADJUST_ATTITUDE(3), BUILD_CITY(2), CHANGE_RATES(1)
  Army: 1x Warriors, 1x Settlers, 1x Chariot, 1x Horsemen, 1x Archers
  Thebes: size=2, shields=24


══════════════════════════════════════════════════════════════════════
  AI BEHAVIOR ANALYSIS
══════════════════════════════════════════════════════════════════════
[Civ 1] Romans:
  WARNING: Only 1 city after 30+ turns

[Civ 2] Babylonians:
  OK — no obvious issues detected

[Civ 3] Germans:
  WARNING: 1 units stuck (busy orders outside city)

[Civ 4] Egyptians:
  WARNING: 1 units stuck (busy orders outside city)

