Charlization AI Headless Simulation
Date: 2026-03-17T01:53:10.491Z
Settings: 50 turns, 4 AI players, 50x80 map, difficulty=prince
Map seed: 15590
Map generated in 61ms
Game initialized: 4 civs, 8 starting units
  Civ 1 (Romans): starts at (26,10) on Grassland
  Civ 2 (Babylonians): starts at (45,71) on Plains
  Civ 3 (Germans): starts at (6,40) on Plains
  Civ 4 (Egyptians): starts at (31,45) on Jungle
    SET_RESEARCH tech=Alphabet
    CHANGE_RATES sci=6 tax=4 lux=undefined
    BUILD_CITY unit=0 name="Rome"
    1 actions REJECTED (of 6)
    SET_RESEARCH tech=Alphabet
    CHANGE_RATES sci=6 tax=4 lux=undefined
    BUILD_CITY unit=2 name="Babylon"
    1 actions REJECTED (of 6)
    END_TURN REJECTED: 1 units still need orders
      #8 Horsemen(Atk) @(46,71) mv=6 ord=none hp=full
    SET_RESEARCH tech=Alphabet
    CHANGE_RATES sci=6 tax=4 lux=undefined
    BUILD_CITY unit=4 name="Berlin"
    1 actions REJECTED (of 6)
    SET_RESEARCH tech=Alphabet
    CHANGE_RATES sci=6 tax=4 lux=undefined
    BUILD_CITY unit=6 name="Thebes"
    1 actions REJECTED (of 6)

══════════════════════════════════════════════════════════════════════
  TURN 1 — 4000 B.C. (34ms)
══════════════════════════════════════════════════════════════════════
  [Civ 1] Romans (despotism): 1 cities, 1 units, 1g, 3 techs, researching Alphabet (3/28)
    Rome: size=1, prod=Warriors (2sh), bldgs=Palace
    Units: 1x Warriors
  [Civ 2] Babylonians (despotism): 1 cities, 2 units, 0g, 3 techs, researching Alphabet (0/28)
    Babylon: size=1, prod=Warriors (0sh), bldgs=Palace
    Units: 1x Warriors, 1x Horsemen
  [Civ 3] Germans (despotism): 1 cities, 1 units, 0g, 3 techs, researching Alphabet (0/28)
    Berlin: size=1, prod=Warriors (0sh), bldgs=Palace
    Units: 1x Warriors
  [Civ 4] Egyptians (despotism): 1 cities, 1 units, 0g, 3 techs, researching Alphabet (0/28)
    Thebes: size=1, prod=Warriors (0sh), bldgs=Palace
    Units: 1x Warriors
  [Civ 1] Romans turn: 3 actions — CHANGE_PRODUCTION(1), MOVE_UNIT(1), UNIT_ORDER(1)
    CHANGE_PRODUCTION city=0
    CHANGE_PRODUCTION city=1
    CHANGE_PRODUCTION city=2
    CHANGE_PRODUCTION city=3

══════════════════════════════════════════════════════════════════════
  TURN 2 — 3980 B.C. (15ms)
══════════════════════════════════════════════════════════════════════
  [Civ 1] Romans (despotism): 1 cities, 1 units, 2g, 4 techs, researching Alphabet (6/33)
    Rome: size=1, prod=Archers (3sh), bldgs=Palace
    Units: 1x Warriors
  [Civ 2] Babylonians (despotism): 1 cities, 2 units, 0g, 5 techs, researching Alphabet (2/36)
    Babylon: size=1, prod=building:3 (0sh), bldgs=Palace
    Units: 1x Warriors, 1x Horsemen
  [Civ 3] Germans (despotism): 1 cities, 1 units, 1g, 4 techs, researching Alphabet (1/33)
    Berlin: size=1, prod=Wonder41 (0sh), bldgs=Palace
    Units: 1x Warriors
  [Civ 4] Egyptians (despotism): 1 cities, 1 units, 1g, 5 techs, researching Alphabet (2/36)
    Thebes: size=1, prod=Wonder39 (0sh), bldgs=Palace
    Units: 1x Warriors
  [Civ 1] Romans turn: 2 actions — MOVE_UNIT(1), UNIT_ORDER(1)

══════════════════════════════════════════════════════════════════════
  TURN 3 — 3960 B.C. (9ms)
══════════════════════════════════════════════════════════════════════
  [Civ 1] Romans (despotism): 1 cities, 1 units, 3g, 4 techs, researching Alphabet (9/33)
    Rome: size=1, prod=Archers (5sh), bldgs=Palace
    Units: 1x Warriors
  [Civ 2] Babylonians (despotism): 1 cities, 2 units, 0g, 5 techs, researching Alphabet (4/36)
    Babylon: size=1, prod=building:3 (3sh), bldgs=Palace
    Units: 1x Warriors, 1x Horsemen
  [Civ 3] Germans (despotism): 1 cities, 1 units, 2g, 4 techs, researching Alphabet (2/33)
    Berlin: size=1, prod=Wonder41 (1sh), bldgs=Palace
    Units: 1x Warriors
  [Civ 4] Egyptians (despotism): 1 cities, 1 units, 2g, 5 techs, researching Alphabet (4/36)
    Thebes: size=1, prod=Wonder39 (1sh), bldgs=Palace
    Units: 1x Warriors
  [Civ 1] Romans turn: 2 actions — MOVE_UNIT(1), UNIT_ORDER(1)

══════════════════════════════════════════════════════════════════════
  TURN 4 — 3940 B.C. (6ms)
══════════════════════════════════════════════════════════════════════
  [Civ 1] Romans (despotism): 1 cities, 1 units, 4g, 4 techs, researching Alphabet (12/33)
    Rome: size=1, prod=Archers (7sh), bldgs=Palace
    Units: 1x Warriors
  [Civ 2] Babylonians (despotism): 1 cities, 2 units, 0g, 5 techs, researching Alphabet (6/36)
    Babylon: size=1, prod=building:3 (6sh), bldgs=Palace
    Units: 1x Warriors, 1x Horsemen
  [Civ 3] Germans (despotism): 1 cities, 1 units, 3g, 4 techs, researching Alphabet (3/33)
    Berlin: size=1, prod=Wonder41 (2sh), bldgs=Palace
    Units: 1x Warriors
  [Civ 4] Egyptians (despotism): 1 cities, 1 units, 3g, 5 techs, researching Alphabet (6/36)
    Thebes: size=1, prod=Wonder39 (2sh), bldgs=Palace
    Units: 1x Warriors
  [Civ 1] Romans turn: 2 actions — MOVE_UNIT(1), UNIT_ORDER(1)

══════════════════════════════════════════════════════════════════════
  TURN 5 — 3920 B.C. (5ms)
══════════════════════════════════════════════════════════════════════
  [Civ 1] Romans (despotism): 1 cities, 1 units, 5g, 4 techs, researching Alphabet (15/33)
    Rome: size=1, prod=Archers (9sh), bldgs=Palace
    Units: 1x Warriors
  [Civ 2] Babylonians (despotism): 1 cities, 2 units, 0g, 5 techs, researching Alphabet (8/36)
    Babylon: size=1, prod=building:3 (9sh), bldgs=Palace
    Units: 1x Warriors, 1x Horsemen
  [Civ 3] Germans (despotism): 1 cities, 1 units, 4g, 4 techs, researching Alphabet (4/33)
    Berlin: size=1, prod=Wonder41 (3sh), bldgs=Palace
    Units: 1x Warriors
  [Civ 4] Egyptians (despotism): 1 cities, 1 units, 4g, 5 techs, researching Alphabet (8/36)
    Thebes: size=1, prod=Wonder39 (3sh), bldgs=Palace
    Units: 1x Warriors
  [Civ 1] Romans turn: 2 actions — MOVE_UNIT(1), UNIT_ORDER(1)

══════════════════════════════════════════════════════════════════════
  TURN 6 — 3900 B.C. (6ms)
══════════════════════════════════════════════════════════════════════
  [Civ 1] Romans (despotism): 1 cities, 1 units, 6g, 4 techs, researching Alphabet (18/33)
    Rome: size=1, prod=Archers (11sh), bldgs=Palace
    Units: 1x Warriors
  [Civ 2] Babylonians (despotism): 1 cities, 2 units, 0g, 5 techs, researching Alphabet (10/36)
    Babylon: size=1, prod=building:3 (12sh), bldgs=Palace
    Units: 1x Warriors, 1x Horsemen
  [Civ 3] Germans (despotism): 1 cities, 1 units, 5g, 4 techs, researching Alphabet (5/33)
    Berlin: size=1, prod=Wonder41 (4sh), bldgs=Palace
    Units: 1x Warriors
  [Civ 4] Egyptians (despotism): 1 cities, 1 units, 5g, 5 techs, researching Alphabet (10/36)
    Thebes: size=1, prod=Wonder39 (4sh), bldgs=Palace
    Units: 1x Warriors
  [Civ 1] Romans turn: 2 actions — MOVE_UNIT(1), UNIT_ORDER(1)

══════════════════════════════════════════════════════════════════════
  TURN 7 — 3880 B.C. (4ms)
══════════════════════════════════════════════════════════════════════
  [Civ 1] Romans (despotism): 1 cities, 1 units, 7g, 4 techs, researching Alphabet (21/33)
    Rome: size=1, prod=Archers (13sh), bldgs=Palace
    Units: 1x Warriors
  [Civ 2] Babylonians (despotism): 1 cities, 2 units, 0g, 5 techs, researching Alphabet (12/36)
    Babylon: size=1, prod=building:3 (15sh), bldgs=Palace
    Units: 1x Warriors, 1x Horsemen
  [Civ 3] Germans (despotism): 1 cities, 1 units, 6g, 4 techs, researching Alphabet (6/33)
    Berlin: size=1, prod=Wonder41 (5sh), bldgs=Palace
    Units: 1x Warriors
  [Civ 4] Egyptians (despotism): 1 cities, 1 units, 6g, 5 techs, researching Alphabet (12/36)
    Thebes: size=1, prod=Wonder39 (5sh), bldgs=Palace
    Units: 1x Warriors
  [Civ 1] Romans turn: 2 actions — MOVE_UNIT(1), UNIT_ORDER(1)
    >>> Berlin grew to size 2
    END_TURN REJECTED: 1 units still need orders
      #14 Horsemen(Atk) @(33,33) mv=6 ord=none hp=full

══════════════════════════════════════════════════════════════════════
  TURN 8 — 3860 B.C. (6ms)
══════════════════════════════════════════════════════════════════════
  [Civ 1] Romans (despotism): 1 cities, 1 units, 8g, 4 techs, researching Alphabet (24/33)
    Rome: size=1, prod=Archers (15sh), bldgs=Palace
    Units: 1x Warriors
  [Civ 2] Babylonians (despotism): 1 cities, 2 units, 0g, 5 techs, researching Alphabet (14/36)
    Babylon: size=1, prod=building:3 (18sh), bldgs=Palace
    Units: 1x Warriors, 1x Horsemen
  [Civ 3] Germans (despotism): 1 cities, 0 units, 7g, 4 techs, researching Alphabet (8/33)
    Berlin: size=2, prod=Wonder41 (6sh), bldgs=Palace
    Units: none
  [Civ 4] Egyptians (despotism): 1 cities, 2 units, 7g, 5 techs, researching Alphabet (14/36)
    Thebes: size=1, prod=Wonder39 (6sh), bldgs=Palace
    Units: 1x Warriors, 1x Horsemen
  [Civ 1] Romans turn: 2 actions — MOVE_UNIT(1), UNIT_ORDER(1)
    END_TURN REJECTED: 1 units still need orders
      #15 Settlers(Settle) @(34,32) mv=3 ord=none hp=full

══════════════════════════════════════════════════════════════════════
  TURN 9 — 3840 B.C. (5ms)
══════════════════════════════════════════════════════════════════════
  [Civ 1] Romans (despotism): 1 cities, 1 units, 9g, 4 techs, researching Alphabet (27/33)
    Rome: size=1, prod=Archers (17sh), bldgs=Palace
    Units: 1x Warriors
  [Civ 2] Babylonians (despotism): 1 cities, 2 units, 0g, 5 techs, researching Alphabet (16/36)
    Babylon: size=1, prod=building:3 (21sh), bldgs=Palace
    Units: 1x Warriors, 1x Horsemen
  [Civ 3] Germans (despotism): 1 cities, 0 units, 8g, 4 techs, researching Alphabet (10/33)
    Berlin: size=2, prod=Wonder41 (8sh), bldgs=Palace
    Units: none
  [Civ 4] Egyptians (despotism): 1 cities, 3 units, 8g, 5 techs, researching Alphabet (16/36)
    Thebes: size=1, prod=Wonder39 (7sh), bldgs=Palace
    Units: 1x Warriors, 1x Horsemen, 1x Settlers
  [Civ 1] Romans turn: 2 actions — MOVE_UNIT(1), UNIT_ORDER(1)
    BUILD_CITY unit=15 name="Memphis"
    1 actions REJECTED (of 6)
    >>> Rome grew to size 2

══════════════════════════════════════════════════════════════════════
  TURN 10 — 3820 B.C. (6ms)
══════════════════════════════════════════════════════════════════════
  [Civ 1] Romans (despotism): 1 cities, 1 units, 10g, 4 techs, researching Alphabet (30/33)
    Rome: size=2, prod=Archers (19sh), bldgs=Palace
    Units: 1x Warriors
  [Civ 2] Babylonians (despotism): 1 cities, 2 units, 0g, 5 techs, researching Alphabet (18/36)
    Babylon: size=1, prod=building:3 (24sh), bldgs=Palace
    Units: 1x Warriors, 1x Horsemen
  [Civ 3] Germans (despotism): 1 cities, 0 units, 9g, 4 techs, researching Alphabet (12/33)
    Berlin: size=2, prod=Wonder41 (10sh), bldgs=Palace
    Units: none
  [Civ 4] Egyptians (despotism): 2 cities, 2 units, 9g, 5 techs, researching Alphabet (18/36)
    Thebes: size=1, prod=Wonder39 (8sh), bldgs=Palace
    Memphis: size=1, prod=Warriors (0sh)
    Units: 1x Warriors, 1x Horsemen
  [Civ 1] Romans turn: 2 actions — MOVE_UNIT(1), UNIT_ORDER(1)
    CHANGE_PRODUCTION city=3
    CHANGE_PRODUCTION city=4
    >>> Romans discovered: Alphabet

══════════════════════════════════════════════════════════════════════
  TURN 11 — 3800 B.C. (9ms)
══════════════════════════════════════════════════════════════════════
  [Civ 1] Romans (despotism): 1 cities, 1 units, 10g, 5 techs, researching none (0/36)
    Rome: size=2, prod=Archers (22sh), bldgs=Palace
    Units: 1x Warriors
  [Civ 2] Babylonians (despotism): 1 cities, 2 units, 0g, 5 techs, researching Alphabet (20/36)
    Babylon: size=1, prod=building:3 (27sh), bldgs=Palace
    Units: 1x Warriors, 1x Horsemen
  [Civ 3] Germans (despotism): 1 cities, 0 units, 10g, 4 techs, researching Alphabet (14/33)
    Berlin: size=2, prod=Wonder41 (12sh), bldgs=Palace
    Units: none
  [Civ 4] Egyptians (despotism): 2 cities, 2 units, 11g, 5 techs, researching Alphabet (23/36)
    Thebes: size=1, prod=building:2 (0sh), bldgs=Palace
    Memphis: size=1, prod=building:8 (0sh)
    Units: 1x Warriors, 1x Horsemen
  [Civ 1] Romans turn: 3 actions — SET_RESEARCH(1), MOVE_UNIT(1), UNIT_ORDER(1)
    SET_RESEARCH tech=Iron Working
    END_TURN REJECTED: 1 units still need orders
      #16 Archers(Atk) @(36,31) mv=3 ord=none hp=full

══════════════════════════════════════════════════════════════════════
  TURN 12 — 3780 B.C. (6ms)
══════════════════════════════════════════════════════════════════════
  [Civ 1] Romans (despotism): 1 cities, 1 units, 11g, 5 techs, researching Iron Working (3/36)
    Rome: size=2, prod=Archers (25sh), bldgs=Palace
    Units: 1x Warriors
  [Civ 2] Babylonians (despotism): 1 cities, 2 units, 0g, 5 techs, researching Alphabet (22/36)
    Babylon: size=1, prod=building:3 (30sh), bldgs=Palace
    Units: 1x Warriors, 1x Horsemen
  [Civ 3] Germans (despotism): 1 cities, 0 units, 11g, 4 techs, researching Alphabet (16/33)
    Berlin: size=2, prod=Wonder41 (14sh), bldgs=Palace
    Units: none
  [Civ 4] Egyptians (despotism): 2 cities, 3 units, 13g, 5 techs, researching Alphabet (28/36)
    Thebes: size=1, prod=building:2 (1sh), bldgs=Palace
    Memphis: size=1, prod=building:8 (3sh)
    Units: 1x Warriors, 1x Horsemen, 1x Archers
  [Civ 1] Romans turn: 2 actions — MOVE_UNIT(1), UNIT_ORDER(1)

══════════════════════════════════════════════════════════════════════
  TURN 13 — 3760 B.C. (5ms)
══════════════════════════════════════════════════════════════════════
  [Civ 1] Romans (despotism): 1 cities, 1 units, 12g, 5 techs, researching Iron Working (6/36)
    Rome: size=2, prod=Archers (28sh), bldgs=Palace
    Units: 1x Warriors
  [Civ 2] Babylonians (despotism): 1 cities, 2 units, 0g, 5 techs, researching Alphabet (24/36)
    Babylon: size=1, prod=building:3 (33sh), bldgs=Palace
    Units: 1x Warriors, 1x Horsemen
  [Civ 3] Germans (despotism): 1 cities, 0 units, 12g, 4 techs, researching Alphabet (18/33)
    Berlin: size=2, prod=Wonder41 (16sh), bldgs=Palace
    Units: none
  [Civ 4] Egyptians (despotism): 2 cities, 3 units, 15g, 5 techs, researching Alphabet (33/36)
    Thebes: size=1, prod=building:2 (2sh), bldgs=Palace
    Memphis: size=1, prod=building:8 (6sh)
    Units: 1x Warriors, 1x Horsemen, 1x Archers
  [Civ 1] Romans turn: 2 actions — MOVE_UNIT(1), UNIT_ORDER(1)
    >>> Egyptians discovered: Alphabet
    SET_RESEARCH tech=Iron Working
    >>> Rome built Archers

══════════════════════════════════════════════════════════════════════
  TURN 14 — 3740 B.C. (6ms)
══════════════════════════════════════════════════════════════════════
  [Civ 1] Romans (despotism): 1 cities, 2 units, 13g, 5 techs, researching Iron Working (9/36)
    Rome: size=2, prod=Archers (1sh), bldgs=Palace
    Units: 1x Warriors, 1x Archers
  [Civ 2] Babylonians (despotism): 1 cities, 2 units, 0g, 5 techs, researching Alphabet (26/36)
    Babylon: size=1, prod=building:3 (36sh), bldgs=Palace
    Units: 1x Warriors, 1x Horsemen
  [Civ 3] Germans (despotism): 1 cities, 0 units, 13g, 4 techs, researching Alphabet (20/33)
    Berlin: size=2, prod=Wonder41 (18sh), bldgs=Palace
    Units: none
  [Civ 4] Egyptians (despotism): 2 cities, 3 units, 15g, 6 techs, researching Iron Working (0/36)
    Thebes: size=1, prod=building:2 (3sh), bldgs=Palace
    Memphis: size=1, prod=building:8 (9sh)
    Units: 1x Warriors, 1x Horsemen, 1x Archers
  [Civ 1] Romans turn: 3 actions — CHANGE_PRODUCTION(1), MOVE_UNIT(1), UNIT_ORDER(1)
    CHANGE_PRODUCTION city=0

══════════════════════════════════════════════════════════════════════
  TURN 15 — 3720 B.C. (5ms)
══════════════════════════════════════════════════════════════════════
  [Civ 1] Romans (despotism): 1 cities, 2 units, 14g, 5 techs, researching Iron Working (12/36)
    Rome: size=2, prod=Wonder41 (3sh), bldgs=Palace
    Units: 1x Warriors, 1x Archers
  [Civ 2] Babylonians (despotism): 1 cities, 2 units, 0g, 5 techs, researching Alphabet (28/36)
    Babylon: size=1, prod=building:3 (39sh), bldgs=Palace
    Units: 1x Warriors, 1x Horsemen
  [Civ 3] Germans (despotism): 1 cities, 0 units, 14g, 4 techs, researching Alphabet (22/33)
    Berlin: size=2, prod=Wonder41 (20sh), bldgs=Palace
    Units: none
  [Civ 4] Egyptians (despotism): 2 cities, 3 units, 17g, 6 techs, researching Iron Working (5/36)
    Thebes: size=1, prod=building:2 (4sh), bldgs=Palace
    Memphis: size=1, prod=building:8 (12sh)
    Units: 1x Warriors, 1x Horsemen, 1x Archers
  [Civ 1] Romans turn: 4 actions — MOVE_UNIT(1), UNIT_ORDER(3)
    SET_RESEARCH tech=Code of Laws
    SET_RESEARCH tech=Code of Laws

══════════════════════════════════════════════════════════════════════
  TURN 16 — 3700 B.C. (6ms)
══════════════════════════════════════════════════════════════════════
  [Civ 1] Romans (despotism): 1 cities, 2 units, 15g, 5 techs, researching Iron Working (15/36)
    Rome: size=2, prod=Wonder41 (6sh), bldgs=Palace
    Units: 1x Warriors, 1x Archers
  [Civ 2] Babylonians (despotism): 1 cities, 2 units, 0g, 6 techs, researching Code of Laws (30/36)
    Babylon: size=1, prod=building:3 (42sh), bldgs=Palace
    Units: 1x Warriors, 1x Horsemen
  [Civ 3] Germans (despotism): 1 cities, 0 units, 15g, 5 techs, researching Code of Laws (24/36)
    Berlin: size=2, prod=Wonder41 (22sh), bldgs=Palace
    Units: none
  [Civ 4] Egyptians (despotism): 2 cities, 3 units, 19g, 6 techs, researching Iron Working (10/36)
    Thebes: size=1, prod=building:2 (5sh), bldgs=Palace
    Memphis: size=1, prod=building:8 (15sh)
    Units: 1x Warriors, 1x Horsemen, 1x Archers
  [Civ 1] Romans turn: 2 actions — MOVE_UNIT(1), UNIT_ORDER(1)

══════════════════════════════════════════════════════════════════════
  TURN 17 — 3680 B.C. (4ms)
══════════════════════════════════════════════════════════════════════
  [Civ 1] Romans (despotism): 1 cities, 2 units, 16g, 5 techs, researching Iron Working (18/36)
    Rome: size=2, prod=Wonder41 (9sh), bldgs=Palace
    Units: 1x Warriors, 1x Archers
  [Civ 2] Babylonians (despotism): 1 cities, 2 units, 0g, 6 techs, researching Code of Laws (32/36)
    Babylon: size=1, prod=building:3 (45sh), bldgs=Palace
    Units: 1x Warriors, 1x Horsemen
  [Civ 3] Germans (despotism): 1 cities, 0 units, 16g, 5 techs, researching Code of Laws (26/36)
    Berlin: size=2, prod=Wonder41 (24sh), bldgs=Palace
    Units: none
  [Civ 4] Egyptians (despotism): 2 cities, 3 units, 21g, 6 techs, researching Iron Working (15/36)
    Thebes: size=1, prod=building:2 (6sh), bldgs=Palace
    Memphis: size=1, prod=building:8 (18sh)
    Units: 1x Warriors, 1x Horsemen, 1x Archers
  [Civ 1] Romans turn: 2 actions — MOVE_UNIT(1), UNIT_ORDER(1)
    >>> Berlin grew to size 3

══════════════════════════════════════════════════════════════════════
  TURN 18 — 3660 B.C. (4ms)
══════════════════════════════════════════════════════════════════════
  [Civ 1] Romans (despotism): 1 cities, 2 units, 17g, 5 techs, researching Iron Working (21/36)
    Rome: size=2, prod=Wonder41 (12sh), bldgs=Palace
    Units: 1x Warriors, 1x Archers
  [Civ 2] Babylonians (despotism): 1 cities, 2 units, 0g, 6 techs, researching Code of Laws (34/36)
    Babylon: size=1, prod=building:3 (48sh), bldgs=Palace
    Units: 1x Warriors, 1x Horsemen
  [Civ 3] Germans (despotism): 1 cities, 0 units, 18g, 5 techs, researching Code of Laws (28/36)
    Berlin: size=3, prod=Wonder41 (26sh), bldgs=Palace
    Units: none
  [Civ 4] Egyptians (despotism): 2 cities, 3 units, 23g, 6 techs, researching Iron Working (20/36)
    Thebes: size=1, prod=building:2 (7sh), bldgs=Palace
    Memphis: size=1, prod=building:8 (21sh)
    Units: 1x Warriors, 1x Horsemen, 1x Archers
  [Civ 1] Romans turn: 2 actions — MOVE_UNIT(1), UNIT_ORDER(1)
    >>> Babylonians discovered: Code of Laws
    SET_RESEARCH tech=Map Making

══════════════════════════════════════════════════════════════════════
  TURN 19 — 3640 B.C. (4ms)
══════════════════════════════════════════════════════════════════════
  [Civ 1] Romans (despotism): 1 cities, 2 units, 18g, 5 techs, researching Iron Working (24/36)
    Rome: size=2, prod=Wonder41 (15sh), bldgs=Palace
    Units: 1x Warriors, 1x Archers
  [Civ 2] Babylonians (despotism): 1 cities, 2 units, 0g, 7 techs, researching Map Making (0/33)
    Babylon: size=1, prod=building:3 (51sh), bldgs=Palace
    Units: 1x Warriors, 1x Horsemen
  [Civ 3] Germans (despotism): 1 cities, 0 units, 20g, 5 techs, researching Code of Laws (30/36)
    Berlin: size=3, prod=Wonder41 (28sh), bldgs=Palace
    Units: none
  [Civ 4] Egyptians (despotism): 2 cities, 3 units, 25g, 6 techs, researching Iron Working (25/36)
    Thebes: size=1, prod=building:2 (8sh), bldgs=Palace
    Memphis: size=1, prod=building:8 (24sh)
    Units: 1x Warriors, 1x Horsemen, 1x Archers
  [Civ 1] Romans turn: 2 actions — MOVE_UNIT(1), UNIT_ORDER(1)

══════════════════════════════════════════════════════════════════════
  TURN 20 — 3620 B.C. (4ms)
══════════════════════════════════════════════════════════════════════
  [Civ 1] Romans (despotism): 1 cities, 2 units, 19g, 5 techs, researching Iron Working (27/36)
    Rome: size=2, prod=Wonder41 (18sh), bldgs=Palace
    Units: 1x Warriors, 1x Archers
  [Civ 2] Babylonians (despotism): 1 cities, 2 units, 0g, 7 techs, researching Map Making (2/33)
    Babylon: size=1, prod=building:3 (54sh), bldgs=Palace
    Units: 1x Warriors, 1x Horsemen
  [Civ 3] Germans (despotism): 1 cities, 0 units, 22g, 5 techs, researching Code of Laws (32/36)
    Berlin: size=3, prod=Wonder41 (30sh), bldgs=Palace
    Units: none
  [Civ 4] Egyptians (despotism): 2 cities, 3 units, 27g, 6 techs, researching Iron Working (30/36)
    Thebes: size=1, prod=building:2 (9sh), bldgs=Palace
    Memphis: size=1, prod=building:8 (27sh)
    Units: 1x Warriors, 1x Horsemen, 1x Archers
  [Civ 1] Romans turn: 2 actions — MOVE_UNIT(1), UNIT_ORDER(1)
    >>> Babylon grew to size 2
    >>> Egyptians discovered: Iron Working
    >>> Thebes grew to size 2
    SET_RESEARCH tech=Map Making

══════════════════════════════════════════════════════════════════════
  TURN 21 — 3600 B.C. (4ms)
══════════════════════════════════════════════════════════════════════
  [Civ 1] Romans (despotism): 1 cities, 2 units, 20g, 5 techs, researching Iron Working (30/36)
    Rome: size=2, prod=Wonder41 (21sh), bldgs=Palace
    Units: 1x Warriors, 1x Archers
  [Civ 2] Babylonians (despotism): 1 cities, 2 units, 0g, 7 techs, researching Map Making (5/33)
    Babylon: size=2, prod=building:3 (57sh), bldgs=Palace
    Units: 1x Warriors, 1x Horsemen
  [Civ 3] Germans (despotism): 1 cities, 0 units, 24g, 5 techs, researching Code of Laws (34/36)
    Berlin: size=3, prod=Wonder41 (32sh), bldgs=Palace
    Units: none
  [Civ 4] Egyptians (despotism): 2 cities, 3 units, 27g, 7 techs, researching Map Making (0/33)
    Thebes: size=2, prod=building:2 (10sh), bldgs=Palace
    Memphis: size=1, prod=building:8 (30sh)
    Units: 1x Warriors, 1x Horsemen, 1x Archers
  [Civ 1] Romans turn: 2 actions — MOVE_UNIT(1), UNIT_ORDER(1)
    >>> Babylon built building:3
    >>> Babylon sold Granary
    >>> Germans discovered: Code of Laws
    SET_RESEARCH tech=Map Making
    >>> Thebes shrank to size 1 (famine)

══════════════════════════════════════════════════════════════════════
  TURN 22 — 3580 B.C. (5ms)
══════════════════════════════════════════════════════════════════════
  [Civ 1] Romans (despotism): 1 cities, 2 units, 21g, 5 techs, researching Iron Working (33/36)
    Rome: size=2, prod=Wonder41 (24sh), bldgs=Palace
    Units: 1x Warriors, 1x Archers
  [Civ 2] Babylonians (despotism): 1 cities, 2 units, 59g, 7 techs, researching Map Making (8/33)
    Babylon: size=2, prod=building:3 (2sh), bldgs=Palace
    Units: 1x Warriors, 1x Horsemen
  [Civ 3] Germans (despotism): 1 cities, 0 units, 24g, 6 techs, researching Map Making (0/36)
    Berlin: size=3, prod=Wonder41 (34sh), bldgs=Palace
    Units: none
  [Civ 4] Egyptians (despotism): 2 cities, 3 units, 31g, 7 techs, researching Map Making (8/33)
    Thebes: size=1, prod=building:2 (12sh), bldgs=Palace
    Memphis: size=1, prod=building:8 (33sh)
    Units: 1x Warriors, 1x Horsemen, 1x Archers
  [Civ 1] Romans turn: 2 actions — MOVE_UNIT(1), UNIT_ORDER(1)
    >>> Thebes destroyed (famine)
    >>> Thebes DESTROYED
    CHANGE_PRODUCTION city=4
    >>> Romans discovered: Iron Working

══════════════════════════════════════════════════════════════════════
  TURN 23 — 3560 B.C. (4ms)
══════════════════════════════════════════════════════════════════════
  [Civ 1] Romans (despotism): 1 cities, 2 units, 21g, 7 techs, researching none (0/33)
    Rome: size=2, prod=Wonder41 (27sh), bldgs=Palace
    Units: 1x Warriors, 1x Archers
  [Civ 2] Babylonians (despotism): 1 cities, 2 units, 59g, 7 techs, researching Map Making (11/33)
    Babylon: size=2, prod=building:3 (7sh), bldgs=Palace
    Units: 1x Warriors, 1x Horsemen
  [Civ 3] Germans (despotism): 1 cities, 0 units, 26g, 6 techs, researching Map Making (2/36)
    Berlin: size=3, prod=Wonder41 (36sh), bldgs=Palace
    Units: none
  [Civ 4] Egyptians (despotism): 1 cities, 3 units, 32g, 8 techs, researching Map Making (11/28)
    Memphis: size=1, prod=Wonder39 (0sh)
    Units: 1x Warriors, 1x Horsemen, 1x Archers
  [Civ 1] Romans turn: 3 actions — SET_RESEARCH(1), MOVE_UNIT(1), UNIT_ORDER(1)
    SET_RESEARCH tech=Map Making

══════════════════════════════════════════════════════════════════════
  TURN 24 — 3540 B.C. (5ms)
══════════════════════════════════════════════════════════════════════
  [Civ 1] Romans (despotism): 1 cities, 2 units, 22g, 7 techs, researching Map Making (3/33)
    Rome: size=2, prod=Wonder41 (30sh), bldgs=Palace
    Units: 1x Warriors, 1x Archers
  [Civ 2] Babylonians (despotism): 1 cities, 2 units, 59g, 7 techs, researching Map Making (14/33)
    Babylon: size=2, prod=building:3 (12sh), bldgs=Palace
    Units: 1x Warriors, 1x Horsemen
  [Civ 3] Germans (despotism): 1 cities, 0 units, 28g, 6 techs, researching Map Making (4/36)
    Berlin: size=3, prod=Wonder41 (38sh), bldgs=Palace
    Units: none
  [Civ 4] Egyptians (despotism): 1 cities, 3 units, 33g, 8 techs, researching Map Making (14/28)
    Memphis: size=1, prod=Wonder39 (3sh)
    Units: 1x Warriors, 1x Horsemen, 1x Archers
  [Civ 1] Romans turn: 2 actions — MOVE_UNIT(1), UNIT_ORDER(1)
    >>> Rome grew to size 3

══════════════════════════════════════════════════════════════════════
  TURN 25 — 3520 B.C. (4ms)
══════════════════════════════════════════════════════════════════════
  [Civ 1] Romans (despotism): 1 cities, 2 units, 24g, 7 techs, researching Map Making (5/33)
    Rome: size=3, prod=Wonder41 (33sh), bldgs=Palace
    Units: 1x Warriors, 1x Archers
  [Civ 2] Babylonians (despotism): 1 cities, 2 units, 59g, 8 techs, researching Map Making (17/28)
    Babylon: size=2, prod=building:3 (17sh), bldgs=Palace
    Units: 1x Warriors, 1x Horsemen
  [Civ 3] Germans (despotism): 1 cities, 0 units, 30g, 7 techs, researching Map Making (6/33)
    Berlin: size=3, prod=Wonder41 (40sh), bldgs=Palace
    Units: none
  [Civ 4] Egyptians (despotism): 1 cities, 3 units, 34g, 8 techs, researching Map Making (17/28)
    Memphis: size=1, prod=Wonder39 (6sh)
    Units: 1x Warriors, 1x Horsemen, 1x Archers
  [Civ 1] Romans turn: 2 actions — MOVE_UNIT(1), UNIT_ORDER(1)

══════════════════════════════════════════════════════════════════════
  TURN 26 — 3500 B.C. (3ms)
══════════════════════════════════════════════════════════════════════
  [Civ 1] Romans (despotism): 1 cities, 2 units, 26g, 7 techs, researching Map Making (7/33)
    Rome: size=3, prod=Wonder41 (36sh), bldgs=Palace
    Units: 1x Warriors, 1x Archers
  [Civ 2] Babylonians (despotism): 1 cities, 2 units, 59g, 8 techs, researching Map Making (20/28)
    Babylon: size=2, prod=building:3 (22sh), bldgs=Palace
    Units: 1x Warriors, 1x Horsemen
  [Civ 3] Germans (despotism): 1 cities, 0 units, 32g, 7 techs, researching Map Making (8/33)
    Berlin: size=3, prod=Wonder41 (42sh), bldgs=Palace
    Units: none
  [Civ 4] Egyptians (despotism): 1 cities, 3 units, 35g, 8 techs, researching Map Making (20/28)
    Memphis: size=1, prod=Wonder39 (9sh)
    Units: 1x Warriors, 1x Horsemen, 1x Archers
  [Civ 1] Romans turn: 2 actions — MOVE_UNIT(1), UNIT_ORDER(1)

══════════════════════════════════════════════════════════════════════
  TURN 27 — 3480 B.C. (4ms)
══════════════════════════════════════════════════════════════════════
  [Civ 1] Romans (despotism): 1 cities, 2 units, 28g, 7 techs, researching Map Making (9/33)
    Rome: size=3, prod=Wonder41 (39sh), bldgs=Palace
    Units: 1x Warriors, 1x Archers
  [Civ 2] Babylonians (despotism): 1 cities, 2 units, 59g, 8 techs, researching Map Making (23/28)
    Babylon: size=2, prod=building:3 (27sh), bldgs=Palace
    Units: 1x Warriors, 1x Horsemen
  [Civ 3] Germans (despotism): 1 cities, 0 units, 34g, 7 techs, researching Map Making (10/33)
    Berlin: size=3, prod=Wonder41 (44sh), bldgs=Palace
    Units: none
  [Civ 4] Egyptians (despotism): 1 cities, 3 units, 36g, 8 techs, researching Map Making (23/28)
    Memphis: size=1, prod=Wonder39 (12sh)
    Units: 1x Warriors, 1x Horsemen, 1x Archers
  [Civ 1] Romans turn: 2 actions — MOVE_UNIT(1), UNIT_ORDER(1)

══════════════════════════════════════════════════════════════════════
  TURN 28 — 3460 B.C. (3ms)
══════════════════════════════════════════════════════════════════════
  [Civ 1] Romans (despotism): 1 cities, 2 units, 30g, 7 techs, researching Map Making (11/33)
    Rome: size=3, prod=Wonder41 (42sh), bldgs=Palace
    Units: 1x Warriors, 1x Archers
  [Civ 2] Babylonians (despotism): 1 cities, 2 units, 59g, 8 techs, researching Map Making (26/28)
    Babylon: size=2, prod=building:3 (32sh), bldgs=Palace
    Units: 1x Warriors, 1x Horsemen
  [Civ 3] Germans (despotism): 1 cities, 0 units, 36g, 7 techs, researching Map Making (12/33)
    Berlin: size=3, prod=Wonder41 (46sh), bldgs=Palace
    Units: none
  [Civ 4] Egyptians (despotism): 1 cities, 3 units, 37g, 8 techs, researching Map Making (26/28)
    Memphis: size=1, prod=Wonder39 (15sh)
    Units: 1x Warriors, 1x Horsemen, 1x Archers
  [Civ 1] Romans turn: 2 actions — MOVE_UNIT(1), UNIT_ORDER(1)
    >>> Babylonians discovered: Map Making
    SET_RESEARCH tech=Mysticism
    >>> Egyptians discovered: Map Making
    SET_RESEARCH tech=Mathematics

══════════════════════════════════════════════════════════════════════
  TURN 29 — 3440 B.C. (5ms)
══════════════════════════════════════════════════════════════════════
  [Civ 1] Romans (despotism): 1 cities, 2 units, 32g, 7 techs, researching Map Making (13/33)
    Rome: size=3, prod=Wonder41 (45sh), bldgs=Palace
    Units: 1x Warriors, 1x Archers
  [Civ 2] Babylonians (despotism): 1 cities, 2 units, 59g, 9 techs, researching Mysticism (0/32)
    Babylon: size=2, prod=building:3 (37sh), bldgs=Palace
    Units: 1x Warriors, 1x Horsemen
  [Civ 3] Germans (despotism): 1 cities, 0 units, 38g, 7 techs, researching Map Making (14/33)
    Berlin: size=3, prod=Wonder41 (48sh), bldgs=Palace
    Units: none
  [Civ 4] Egyptians (despotism): 1 cities, 3 units, 37g, 9 techs, researching Mathematics (0/32)
    Memphis: size=1, prod=Wonder39 (18sh)
    Units: 1x Warriors, 1x Horsemen, 1x Archers
  [Civ 1] Romans turn: 2 actions — MOVE_UNIT(1), UNIT_ORDER(1)
    >>> Memphis grew to size 2

══════════════════════════════════════════════════════════════════════
  TURN 30 — 3420 B.C. (4ms)
══════════════════════════════════════════════════════════════════════
  [Civ 1] Romans (despotism): 1 cities, 2 units, 34g, 8 techs, researching Map Making (15/28)
    Rome: size=3, prod=Wonder41 (48sh), bldgs=Palace
    Units: 1x Warriors, 1x Archers
  [Civ 2] Babylonians (despotism): 1 cities, 2 units, 59g, 9 techs, researching Mysticism (3/32)
    Babylon: size=2, prod=building:3 (42sh), bldgs=Palace
    Units: 1x Warriors, 1x Horsemen
  [Civ 3] Germans (despotism): 1 cities, 0 units, 40g, 7 techs, researching Map Making (16/33)
    Berlin: size=3, prod=Wonder41 (50sh), bldgs=Palace
    Units: none
  [Civ 4] Egyptians (despotism): 1 cities, 3 units, 38g, 9 techs, researching Mathematics (4/32)
    Memphis: size=2, prod=Wonder39 (21sh)
    Units: 1x Warriors, 1x Horsemen, 1x Archers
  [Civ 1] Romans turn: 3 actions — SET_RESEARCH(1), MOVE_UNIT(1), UNIT_ORDER(1)
    SET_RESEARCH tech=Currency
    SET_RESEARCH tech=Currency

══════════════════════════════════════════════════════════════════════
  TURN 31 — 3400 B.C. (4ms)
══════════════════════════════════════════════════════════════════════
  [Civ 1] Romans (despotism): 1 cities, 2 units, 36g, 8 techs, researching Currency (17/28)
    Rome: size=3, prod=Wonder41 (51sh), bldgs=Palace
    Units: 1x Warriors, 1x Archers
  [Civ 2] Babylonians (despotism): 1 cities, 2 units, 59g, 9 techs, researching Mysticism (6/32)
    Babylon: size=2, prod=building:3 (47sh), bldgs=Palace
    Units: 1x Warriors, 1x Horsemen
  [Civ 3] Germans (despotism): 1 cities, 0 units, 42g, 8 techs, researching Currency (18/28)
    Berlin: size=3, prod=Wonder41 (52sh), bldgs=Palace
    Units: none
  [Civ 4] Egyptians (despotism): 1 cities, 3 units, 39g, 9 techs, researching Mathematics (8/32)
    Memphis: size=2, prod=Wonder39 (24sh)
    Units: 1x Warriors, 1x Horsemen, 1x Archers
  [Civ 1] Romans turn: 2 actions — MOVE_UNIT(1), UNIT_ORDER(1)
    >>> Berlin grew to size 4

══════════════════════════════════════════════════════════════════════
  TURN 32 — 3380 B.C. (4ms)
══════════════════════════════════════════════════════════════════════
  [Civ 1] Romans (despotism): 1 cities, 2 units, 38g, 8 techs, researching Currency (19/28)
    Rome: size=3, prod=Wonder41 (54sh), bldgs=Palace
    Units: 1x Warriors, 1x Archers
  [Civ 2] Babylonians (despotism): 1 cities, 2 units, 59g, 9 techs, researching Mysticism (9/32)
    Babylon: size=2, prod=building:3 (52sh), bldgs=Palace
    Units: 1x Warriors, 1x Horsemen
  [Civ 3] Germans (despotism): 1 cities, 0 units, 44g, 8 techs, researching Currency (21/28)
    Berlin: size=4, prod=Wonder41 (54sh), bldgs=Palace
    Units: none
  [Civ 4] Egyptians (despotism): 1 cities, 3 units, 40g, 9 techs, researching Mathematics (12/32)
    Memphis: size=2, prod=Wonder39 (27sh)
    Units: 1x Warriors, 1x Horsemen, 1x Archers
  [Civ 1] Romans turn: 5 actions — ADJUST_ATTITUDE(3), MOVE_UNIT(1), UNIT_ORDER(1)
    ADJUST_ATTITUDE target=civ2
    ADJUST_ATTITUDE target=civ3
    ADJUST_ATTITUDE target=civ4
    ADJUST_ATTITUDE target=civ1
    ADJUST_ATTITUDE target=civ3
    ADJUST_ATTITUDE target=civ4
    ADJUST_ATTITUDE target=civ1
    ADJUST_ATTITUDE target=civ2
    ADJUST_ATTITUDE target=civ4
    ADJUST_ATTITUDE target=civ1
    ADJUST_ATTITUDE target=civ2
    ADJUST_ATTITUDE target=civ3

══════════════════════════════════════════════════════════════════════
  TURN 33 — 3360 B.C. (4ms)
══════════════════════════════════════════════════════════════════════
  [Civ 1] Romans (despotism): 1 cities, 2 units, 40g, 8 techs, researching Currency (21/28)
    Rome: size=3, prod=Wonder41 (57sh), bldgs=Palace
    Units: 1x Warriors, 1x Archers
  [Civ 2] Babylonians (despotism): 1 cities, 2 units, 59g, 9 techs, researching Mysticism (12/32)
    Babylon: size=2, prod=building:3 (57sh), bldgs=Palace
    Units: 1x Warriors, 1x Horsemen
  [Civ 3] Germans (despotism): 1 cities, 0 units, 46g, 8 techs, researching Currency (24/28)
    Berlin: size=4, prod=Wonder41 (56sh), bldgs=Palace
    Units: none
  [Civ 4] Egyptians (despotism): 1 cities, 3 units, 41g, 9 techs, researching Mathematics (16/32)
    Memphis: size=2, prod=Wonder39 (30sh)
    Units: 1x Warriors, 1x Horsemen, 1x Archers
  [Civ 1] Romans turn: 2 actions — MOVE_UNIT(1), UNIT_ORDER(1)
    >>> Babylon built building:3
    CHANGE_PRODUCTION city=1

══════════════════════════════════════════════════════════════════════
  TURN 34 — 3340 B.C. (5ms)
══════════════════════════════════════════════════════════════════════
  [Civ 1] Romans (despotism): 1 cities, 2 units, 42g, 8 techs, researching Currency (23/28)
    Rome: size=3, prod=Wonder41 (60sh), bldgs=Palace
    Units: 1x Warriors, 1x Archers
  [Civ 2] Babylonians (despotism): 1 cities, 2 units, 58g, 9 techs, researching Mysticism (15/32)
    Babylon: size=2, prod=building:7 (1sh), bldgs=Palace, Granary
    Units: 1x Warriors, 1x Horsemen
  [Civ 3] Germans (despotism): 1 cities, 0 units, 48g, 8 techs, researching Currency (27/28)
    Berlin: size=4, prod=Wonder41 (58sh), bldgs=Palace
    Units: none
  [Civ 4] Egyptians (despotism): 1 cities, 3 units, 42g, 9 techs, researching Mathematics (20/32)
    Memphis: size=2, prod=Wonder39 (33sh)
    Units: 1x Warriors, 1x Horsemen, 1x Archers
  [Civ 1] Romans turn: 2 actions — MOVE_UNIT(1), UNIT_ORDER(1)
    >>> Germans discovered: Currency
    SET_RESEARCH tech=Writing

══════════════════════════════════════════════════════════════════════
  TURN 35 — 3320 B.C. (5ms)
══════════════════════════════════════════════════════════════════════
  [Civ 1] Romans (despotism): 1 cities, 2 units, 44g, 8 techs, researching Currency (25/28)
    Rome: size=3, prod=Wonder41 (63sh), bldgs=Palace
    Units: 1x Warriors, 1x Archers
  [Civ 2] Babylonians (despotism): 1 cities, 2 units, 57g, 9 techs, researching Mysticism (18/32)
    Babylon: size=2, prod=building:7 (6sh), bldgs=Palace, Granary
    Units: 1x Warriors, 1x Horsemen
  [Civ 3] Germans (despotism): 1 cities, 0 units, 48g, 9 techs, researching Writing (0/32)
    Berlin: size=4, prod=Wonder41 (60sh), bldgs=Palace
    Units: none
  [Civ 4] Egyptians (despotism): 1 cities, 3 units, 43g, 9 techs, researching Mathematics (24/32)
    Memphis: size=2, prod=Wonder39 (36sh)
    Units: 1x Warriors, 1x Horsemen, 1x Archers
  [Civ 1] Romans turn: 2 actions — MOVE_UNIT(1), UNIT_ORDER(1)

══════════════════════════════════════════════════════════════════════
  TURN 36 — 3300 B.C. (5ms)
══════════════════════════════════════════════════════════════════════
  [Civ 1] Romans (despotism): 1 cities, 2 units, 46g, 8 techs, researching Currency (27/28)
    Rome: size=3, prod=Wonder41 (66sh), bldgs=Palace
    Units: 1x Warriors, 1x Archers
  [Civ 2] Babylonians (despotism): 1 cities, 2 units, 56g, 9 techs, researching Mysticism (21/32)
    Babylon: size=2, prod=building:7 (11sh), bldgs=Palace, Granary
    Units: 1x Warriors, 1x Horsemen
  [Civ 3] Germans (despotism): 1 cities, 0 units, 50g, 9 techs, researching Writing (3/32)
    Berlin: size=4, prod=Wonder41 (62sh), bldgs=Palace
    Units: none
  [Civ 4] Egyptians (despotism): 1 cities, 3 units, 44g, 9 techs, researching Mathematics (28/32)
    Memphis: size=2, prod=Wonder39 (39sh)
    Units: 1x Warriors, 1x Horsemen, 1x Archers
  [Civ 1] Romans turn: 2 actions — MOVE_UNIT(1), UNIT_ORDER(1)
    >>> Egyptians discovered: Mathematics
    SET_RESEARCH tech=Writing
    >>> Romans discovered: Currency

══════════════════════════════════════════════════════════════════════
  TURN 37 — 3280 B.C. (6ms)
══════════════════════════════════════════════════════════════════════
  [Civ 1] Romans (despotism): 1 cities, 2 units, 46g, 9 techs, researching none (0/21)
    Rome: size=3, prod=Wonder41 (69sh), bldgs=Palace
    Units: 1x Warriors, 1x Archers
  [Civ 2] Babylonians (despotism): 1 cities, 2 units, 55g, 9 techs, researching Mysticism (24/21)
    Babylon: size=2, prod=building:7 (16sh), bldgs=Palace, Granary
    Units: 1x Warriors, 1x Horsemen
  [Civ 3] Germans (despotism): 1 cities, 0 units, 52g, 9 techs, researching Writing (6/21)
    Berlin: size=4, prod=Wonder41 (64sh), bldgs=Palace
    Units: none
  [Civ 4] Egyptians (despotism): 1 cities, 3 units, 44g, 10 techs, researching Writing (0/48)
    Memphis: size=2, prod=Wonder39 (42sh)
    Units: 1x Warriors, 1x Horsemen, 1x Archers
  [Civ 1] Romans turn: 3 actions — SET_RESEARCH(1), MOVE_UNIT(1), UNIT_ORDER(1)
    SET_RESEARCH tech=Monarchy
    >>> Babylonians discovered: Mysticism
    SET_RESEARCH tech=Seafaring

══════════════════════════════════════════════════════════════════════
  TURN 38 — 3260 B.C. (4ms)
══════════════════════════════════════════════════════════════════════
  [Civ 1] Romans (despotism): 1 cities, 2 units, 48g, 9 techs, researching Monarchy (2/21)
    Rome: size=3, prod=Wonder41 (72sh), bldgs=Palace
    Units: 1x Warriors, 1x Archers
  [Civ 2] Babylonians (despotism): 1 cities, 2 units, 55g, 10 techs, researching Seafaring (0/48)
    Babylon: size=2, prod=building:7 (21sh), bldgs=Palace, Granary
    Units: 1x Warriors, 1x Horsemen
  [Civ 3] Germans (despotism): 1 cities, 0 units, 54g, 9 techs, researching Writing (9/21)
    Berlin: size=4, prod=Wonder41 (66sh), bldgs=Palace
    Units: none
  [Civ 4] Egyptians (despotism): 1 cities, 3 units, 45g, 10 techs, researching Writing (4/48)
    Memphis: size=2, prod=Wonder39 (45sh)
    Units: 1x Warriors, 1x Horsemen, 1x Archers
  [Civ 1] Romans turn: 2 actions — MOVE_UNIT(1), UNIT_ORDER(1)

══════════════════════════════════════════════════════════════════════
  TURN 39 — 3240 B.C. (6ms)
══════════════════════════════════════════════════════════════════════
  [Civ 1] Romans (despotism): 1 cities, 2 units, 50g, 9 techs, researching Monarchy (4/21)
    Rome: size=3, prod=Wonder41 (75sh), bldgs=Palace
    Units: 1x Warriors, 1x Archers
  [Civ 2] Babylonians (despotism): 1 cities, 2 units, 54g, 11 techs, researching Seafaring (3/52)
    Babylon: size=2, prod=building:7 (26sh), bldgs=Palace, Granary
    Units: 1x Warriors, 1x Horsemen
  [Civ 3] Germans (despotism): 1 cities, 0 units, 56g, 9 techs, researching Writing (12/21)
    Berlin: size=4, prod=Wonder41 (68sh), bldgs=Palace
    Units: none
  [Civ 4] Egyptians (despotism): 1 cities, 3 units, 46g, 11 techs, researching Writing (8/52)
    Memphis: size=2, prod=Wonder39 (48sh)
    Units: 1x Warriors, 1x Horsemen, 1x Archers
  [Civ 1] Romans turn: 2 actions — MOVE_UNIT(1), UNIT_ORDER(1)

══════════════════════════════════════════════════════════════════════
  TURN 40 — 3220 B.C. (4ms)
══════════════════════════════════════════════════════════════════════
  [Civ 1] Romans (despotism): 1 cities, 2 units, 52g, 9 techs, researching Monarchy (6/21)
    Rome: size=3, prod=Wonder41 (78sh), bldgs=Palace
    Units: 1x Warriors, 1x Archers
  [Civ 2] Babylonians (despotism): 1 cities, 2 units, 53g, 11 techs, researching Seafaring (6/52)
    Babylon: size=2, prod=building:7 (31sh), bldgs=Palace, Granary
    Units: 1x Warriors, 1x Horsemen
  [Civ 3] Germans (despotism): 1 cities, 0 units, 58g, 9 techs, researching Writing (15/21)
    Berlin: size=4, prod=Wonder41 (70sh), bldgs=Palace
    Units: none
  [Civ 4] Egyptians (despotism): 1 cities, 3 units, 47g, 11 techs, researching Writing (12/52)
    Memphis: size=2, prod=Wonder39 (51sh)
    Units: 1x Warriors, 1x Horsemen, 1x Archers
  [Civ 1] Romans turn: 2 actions — MOVE_UNIT(1), UNIT_ORDER(1)

══════════════════════════════════════════════════════════════════════
  TURN 41 — 3200 B.C. (6ms)
══════════════════════════════════════════════════════════════════════
  [Civ 1] Romans (despotism): 1 cities, 2 units, 54g, 9 techs, researching Monarchy (8/21)
    Rome: size=3, prod=Wonder41 (81sh), bldgs=Palace
    Units: 1x Warriors, 1x Archers
  [Civ 2] Babylonians (despotism): 1 cities, 2 units, 52g, 11 techs, researching Seafaring (9/52)
    Babylon: size=2, prod=building:7 (36sh), bldgs=Palace, Granary
    Units: 1x Warriors, 1x Horsemen
  [Civ 3] Germans (despotism): 1 cities, 0 units, 60g, 9 techs, researching Writing (18/21)
    Berlin: size=4, prod=Wonder41 (72sh), bldgs=Palace
    Units: none
  [Civ 4] Egyptians (despotism): 1 cities, 3 units, 48g, 11 techs, researching Writing (16/52)
    Memphis: size=2, prod=Wonder39 (54sh)
    Units: 1x Warriors, 1x Horsemen, 1x Archers
  [Civ 1] Romans turn: 2 actions — MOVE_UNIT(1), UNIT_ORDER(1)
    >>> Germans discovered: Writing
    SET_RESEARCH tech=Trade

══════════════════════════════════════════════════════════════════════
  TURN 42 — 3180 B.C. (8ms)
══════════════════════════════════════════════════════════════════════
  [Civ 1] Romans (despotism): 1 cities, 2 units, 56g, 9 techs, researching Monarchy (10/21)
    Rome: size=3, prod=Wonder41 (84sh), bldgs=Palace
    Units: 1x Warriors, 1x Archers
  [Civ 2] Babylonians (despotism): 1 cities, 2 units, 51g, 11 techs, researching Seafaring (12/52)
    Babylon: size=2, prod=building:7 (41sh), bldgs=Palace, Granary
    Units: 1x Warriors, 1x Horsemen
  [Civ 3] Germans (despotism): 1 cities, 0 units, 60g, 10 techs, researching Trade (0/24)
    Berlin: size=4, prod=Wonder41 (74sh), bldgs=Palace
    Units: none
  [Civ 4] Egyptians (despotism): 1 cities, 3 units, 49g, 11 techs, researching Writing (20/52)
    Memphis: size=2, prod=Wonder39 (57sh)
    Units: 1x Warriors, 1x Horsemen, 1x Archers
  [Civ 1] Romans turn: 2 actions — MOVE_UNIT(1), UNIT_ORDER(1)

══════════════════════════════════════════════════════════════════════
  TURN 43 — 3160 B.C. (6ms)
══════════════════════════════════════════════════════════════════════
  [Civ 1] Romans (despotism): 1 cities, 2 units, 58g, 9 techs, researching Monarchy (12/21)
    Rome: size=3, prod=Wonder41 (87sh), bldgs=Palace
    Units: 1x Warriors, 1x Archers
  [Civ 2] Babylonians (despotism): 1 cities, 2 units, 50g, 11 techs, researching Seafaring (15/52)
    Babylon: size=2, prod=building:7 (46sh), bldgs=Palace, Granary
    Units: 1x Warriors, 1x Horsemen
  [Civ 3] Germans (despotism): 1 cities, 0 units, 62g, 10 techs, researching Trade (3/24)
    Berlin: size=4, prod=Wonder41 (76sh), bldgs=Palace
    Units: none
  [Civ 4] Egyptians (despotism): 1 cities, 3 units, 50g, 11 techs, researching Writing (24/52)
    Memphis: size=2, prod=Wonder39 (60sh)
    Units: 1x Warriors, 1x Horsemen, 1x Archers
  [Civ 1] Romans turn: 2 actions — MOVE_UNIT(1), UNIT_ORDER(1)

══════════════════════════════════════════════════════════════════════
  TURN 44 — 3140 B.C. (6ms)
══════════════════════════════════════════════════════════════════════
  [Civ 1] Romans (despotism): 1 cities, 2 units, 60g, 9 techs, researching Monarchy (14/21)
    Rome: size=3, prod=Wonder41 (90sh), bldgs=Palace
    Units: 1x Warriors, 1x Archers
  [Civ 2] Babylonians (despotism): 1 cities, 2 units, 49g, 11 techs, researching Seafaring (18/52)
    Babylon: size=2, prod=building:7 (51sh), bldgs=Palace, Granary
    Units: 1x Warriors, 1x Horsemen
  [Civ 3] Germans (despotism): 1 cities, 0 units, 64g, 10 techs, researching Trade (6/24)
    Berlin: size=4, prod=Wonder41 (78sh), bldgs=Palace
    Units: none
  [Civ 4] Egyptians (despotism): 1 cities, 3 units, 51g, 11 techs, researching Writing (28/52)
    Memphis: size=2, prod=Wonder39 (63sh)
    Units: 1x Warriors, 1x Horsemen, 1x Archers
  [Civ 1] Romans turn: 2 actions — MOVE_UNIT(1), UNIT_ORDER(1)
    >>> Rome grew to size 4

══════════════════════════════════════════════════════════════════════
  TURN 45 — 3120 B.C. (7ms)
══════════════════════════════════════════════════════════════════════
  [Civ 1] Romans (despotism): 1 cities, 2 units, 62g, 9 techs, researching Monarchy (17/21)
    Rome: size=4, prod=Wonder41 (93sh), bldgs=Palace
    Units: 1x Warriors, 1x Archers
  [Civ 2] Babylonians (despotism): 1 cities, 2 units, 48g, 11 techs, researching Seafaring (21/52)
    Babylon: size=2, prod=building:7 (56sh), bldgs=Palace, Granary
    Units: 1x Warriors, 1x Horsemen
  [Civ 3] Germans (despotism): 1 cities, 0 units, 66g, 10 techs, researching Trade (9/24)
    Berlin: size=4, prod=Wonder41 (80sh), bldgs=Palace
    Units: none
  [Civ 4] Egyptians (despotism): 1 cities, 3 units, 52g, 11 techs, researching Writing (32/52)
    Memphis: size=2, prod=Wonder39 (66sh)
    Units: 1x Warriors, 1x Horsemen, 1x Archers
  [Civ 1] Romans turn: 2 actions — MOVE_UNIT(1), UNIT_ORDER(1)

══════════════════════════════════════════════════════════════════════
  TURN 46 — 3100 B.C. (5ms)
══════════════════════════════════════════════════════════════════════
  [Civ 1] Romans (despotism): 1 cities, 2 units, 64g, 9 techs, researching Monarchy (20/21)
    Rome: size=4, prod=Wonder41 (96sh), bldgs=Palace
    Units: 1x Warriors, 1x Archers
  [Civ 2] Babylonians (despotism): 1 cities, 2 units, 47g, 11 techs, researching Seafaring (24/52)
    Babylon: size=2, prod=building:7 (61sh), bldgs=Palace, Granary
    Units: 1x Warriors, 1x Horsemen
  [Civ 3] Germans (despotism): 1 cities, 0 units, 68g, 10 techs, researching Trade (12/24)
    Berlin: size=4, prod=Wonder41 (82sh), bldgs=Palace
    Units: none
  [Civ 4] Egyptians (despotism): 1 cities, 3 units, 53g, 11 techs, researching Writing (36/52)
    Memphis: size=2, prod=Wonder39 (69sh)
    Units: 1x Warriors, 1x Horsemen, 1x Archers
  [Civ 1] Romans turn: 2 actions — MOVE_UNIT(1), UNIT_ORDER(1)
    >>> Romans discovered: Monarchy

══════════════════════════════════════════════════════════════════════
  TURN 47 — 3080 B.C. (4ms)
══════════════════════════════════════════════════════════════════════
  [Civ 1] Romans (despotism): 1 cities, 2 units, 64g, 10 techs, researching none (0/24)
    Rome: size=4, prod=Wonder41 (99sh), bldgs=Palace
    Units: 1x Warriors, 1x Archers
  [Civ 2] Babylonians (despotism): 1 cities, 2 units, 46g, 11 techs, researching Seafaring (27/52)
    Babylon: size=2, prod=building:7 (66sh), bldgs=Palace, Granary
    Units: 1x Warriors, 1x Horsemen
  [Civ 3] Germans (despotism): 1 cities, 0 units, 70g, 10 techs, researching Trade (15/24)
    Berlin: size=4, prod=Wonder41 (84sh), bldgs=Palace
    Units: none
  [Civ 4] Egyptians (despotism): 1 cities, 3 units, 54g, 11 techs, researching Writing (40/52)
    Memphis: size=2, prod=Wonder39 (72sh)
    Units: 1x Warriors, 1x Horsemen, 1x Archers
  [Civ 1] Romans turn: 4 actions — SET_RESEARCH(1), REVOLUTION(1), MOVE_UNIT(1), UNIT_ORDER(1)
    SET_RESEARCH tech=The Wheel
    REVOLUTION

══════════════════════════════════════════════════════════════════════
  TURN 48 — 3060 B.C. (6ms)
══════════════════════════════════════════════════════════════════════
  [Civ 1] Romans (anarchy): 1 cities, 2 units, 66g, 10 techs, researching The Wheel (3/24)
    Rome: size=4, prod=Wonder41 (102sh), bldgs=Palace
    Units: 1x Warriors, 1x Archers
  [Civ 2] Babylonians (despotism): 1 cities, 2 units, 45g, 11 techs, researching Seafaring (30/52)
    Babylon: size=2, prod=building:7 (71sh), bldgs=Palace, Granary
    Units: 1x Warriors, 1x Horsemen
  [Civ 3] Germans (despotism): 1 cities, 0 units, 72g, 10 techs, researching Trade (18/24)
    Berlin: size=4, prod=Wonder41 (86sh), bldgs=Palace
    Units: none
  [Civ 4] Egyptians (despotism): 1 cities, 3 units, 55g, 11 techs, researching Writing (44/52)
    Memphis: size=2, prod=Wonder39 (75sh)
    Units: 1x Warriors, 1x Horsemen, 1x Archers
  [Civ 1] Romans turn: 2 actions — MOVE_UNIT(1), UNIT_ORDER(1)
    >>> Berlin grew to size 5
    >>> Berlin: CIVIL DISORDER
    CHANGE_RATES sci=5 tax=2 lux=undefined

══════════════════════════════════════════════════════════════════════
  TURN 49 — 3040 B.C. (7ms)
══════════════════════════════════════════════════════════════════════
  [Civ 1] Romans (anarchy): 1 cities, 2 units, 68g, 10 techs, researching The Wheel (6/24)
    Rome: size=4, prod=Wonder41 (105sh), bldgs=Palace
    Units: 1x Warriors, 1x Archers
  [Civ 2] Babylonians (despotism): 1 cities, 2 units, 44g, 11 techs, researching Seafaring (33/52)
    Babylon: size=2, prod=building:7 (76sh), bldgs=Palace, Granary
    Units: 1x Warriors, 1x Horsemen
  [Civ 3] Germans (despotism): 1 cities, 0 units, 74g, 10 techs, researching Trade (22/24)
    Berlin: size=5, prod=Wonder41 (88sh), bldgs=Palace
    Units: none
  [Civ 4] Egyptians (despotism): 1 cities, 3 units, 56g, 11 techs, researching Writing (48/52)
    Memphis: size=2, prod=Wonder39 (78sh)
    Units: 1x Warriors, 1x Horsemen, 1x Archers
  [Civ 1] Romans turn: 2 actions — MOVE_UNIT(1), UNIT_ORDER(1)
    >>> Babylon built building:7
    CHANGE_PRODUCTION city=1
    >>> Germans discovered: Trade
    SET_RESEARCH tech=Literacy
    CHANGE_RATES sci=6 tax=4 lux=undefined
    >>> Egyptians discovered: Writing
    SET_RESEARCH tech=Construction

══════════════════════════════════════════════════════════════════════
  FINAL SUMMARY
══════════════════════════════════════════════════════════════════════
Game ended at turn 50 (3020 B.C.)

── Civ 1: Romans (anarchy) ALIVE ──
  Cities: 1 (peak 1, founded 1)
  Units:  2 (peak 2)
  Treasury: 70g
  Techs discovered: 4 — Alphabet, Iron Working, Currency, Monarchy
  Actions: 117 total, 0 idle turns
  Breakdown: UNIT_ORDER(53), MOVE_UNIT(50), SET_RESEARCH(6), ADJUST_ATTITUDE(3), CHANGE_PRODUCTION(2), CHANGE_RATES(1), BUILD_CITY(1), REVOLUTION(1)
  Army: 1x Warriors, 1x Archers
  Rome: size=4, shields=108

── Civ 2: Babylonians (despotism) ALIVE ──
  Cities: 1 (peak 1, founded 1)
  Units:  2 (peak 2)
  Treasury: 42g
  Techs discovered: 3 — Code of Laws, Map Making, Mysticism
  Actions: 212 total, 0 idle turns
  Breakdown: UNIT_ORDER(100), MOVE_UNIT(99), SET_RESEARCH(5), CHANGE_PRODUCTION(3), ADJUST_ATTITUDE(3), CHANGE_RATES(1), BUILD_CITY(1)
  Army: 1x Warriors, 1x Horsemen
  Babylon: size=2, shields=0

── Civ 3: Germans (despotism) ALIVE ──
  Cities: 1 (peak 1, founded 1)
  Units:  0 (peak 1)
  Treasury: 74g
  Techs discovered: 4 — Code of Laws, Currency, Writing, Trade
  Actions: 32 total, 34 idle turns
  Breakdown: UNIT_ORDER(9), MOVE_UNIT(8), SET_RESEARCH(7), CHANGE_RATES(3), ADJUST_ATTITUDE(3), BUILD_CITY(1), CHANGE_PRODUCTION(1)
  Army: none
  Berlin: size=5, shields=91

── Civ 4: Egyptians (despotism) ALIVE ──
  Cities: 1 (peak 2, founded 2)
  Units:  3 (peak 3)
  Treasury: 56g
  Techs discovered: 5 — Alphabet, Iron Working, Map Making, Mathematics, Writing
  Actions: 278 total, 0 idle turns
  Breakdown: UNIT_ORDER(132), MOVE_UNIT(130), SET_RESEARCH(6), CHANGE_PRODUCTION(4), ADJUST_ATTITUDE(3), BUILD_CITY(2), CHANGE_RATES(1)
  Army: 1x Warriors, 1x Horsemen, 1x Archers
  Memphis: size=2, shields=81


══════════════════════════════════════════════════════════════════════
  AI BEHAVIOR ANALYSIS
══════════════════════════════════════════════════════════════════════
[Civ 1] Romans:
  WARNING: Only 1 city after 30+ turns

[Civ 2] Babylonians:
  WARNING: Only 1 city after 30+ turns

[Civ 3] Germans:
  WARNING: Idle 34/50 turns (>50%)
  WARNING: Only 1 city after 30+ turns

[Civ 4] Egyptians:
  OK — no obvious issues detected

