Charlization AI Headless Simulation
Date: 2026-03-19T02:30:46.163Z
Settings: 50 turns, 4 AI players, 50x80 map, difficulty=prince
Map seed: 61471
Map generated in 105ms
Game initialized: 4 civs, 10 starting units
  Civ 1 (Romans): starts at (8,64) on Plains
  Civ 2 (Babylonians): starts at (32,8) on Plains
  Civ 3 (Germans): starts at (22,36) on Grassland
  Civ 4 (Egyptians): starts at (7,11) on Grassland
    SET_RESEARCH tech=Warrior Code
    CHANGE_RATES sci=6 tax=4 lux=undefined
    BUILD_CITY unit=0 name="Rome"
    1 actions REJECTED (of 6)
    SET_RESEARCH tech=Alphabet
    CHANGE_RATES sci=6 tax=4 lux=undefined
    BUILD_CITY unit=2 name="Babylon"
    BUILD_CITY unit=8 name="Babylon"
    2 actions REJECTED (of 8)
    SET_RESEARCH tech=Alphabet
    CHANGE_RATES sci=6 tax=4 lux=undefined
    BUILD_CITY unit=4 name="Berlin"
    1 actions REJECTED (of 6)
    SET_RESEARCH tech=Masonry
    CHANGE_RATES sci=6 tax=4 lux=undefined
    BUILD_CITY unit=6 name="Thebes"
    BUILD_CITY unit=9 name="Thebes"
    2 actions REJECTED (of 8)

══════════════════════════════════════════════════════════════════════
  TURN 1 — 4000 B.C. (41ms)
══════════════════════════════════════════════════════════════════════
  [Civ 1] Romans (despotism): 1 cities, 1 units, 1g, 3 techs, researching Warrior Code (3/28)
    Rome: size=1, prod=Warriors (2sh), bldgs=Palace
    Units: 1x Warriors
  [Civ 2] Babylonians (despotism): 1 cities, 2 units, 0g, 3 techs, researching Alphabet (0/28)
    Babylon: size=1, prod=Warriors (0sh), bldgs=Palace
    Units: 1x Warriors, 1x Settlers
  [Civ 3] Germans (despotism): 1 cities, 1 units, 0g, 3 techs, researching Alphabet (0/28)
    Berlin: size=1, prod=Warriors (0sh), bldgs=Palace
    Units: 1x Warriors
  [Civ 4] Egyptians (despotism): 1 cities, 2 units, 27g, 3 techs, researching Masonry (0/28)
    Thebes: size=1, prod=Warriors (0sh), bldgs=Palace
    Units: 1x Warriors, 1x Settlers
  [Civ 1] Romans turn: 2 actions — MOVE_UNIT(1), UNIT_ORDER(1)
    CHANGE_PRODUCTION city=1
    SET_RESEARCH tech=Map Making
    CHANGE_PRODUCTION city=3

══════════════════════════════════════════════════════════════════════
  TURN 2 — 3980 B.C. (18ms)
══════════════════════════════════════════════════════════════════════
  [Civ 1] Romans (despotism): 1 cities, 1 units, 2g, 4 techs, researching Warrior Code (6/33)
    Rome: size=1, prod=Warriors (4sh), bldgs=Palace
    Units: 1x Warriors
  [Civ 2] Babylonians (despotism): 1 cities, 2 units, 1g, 5 techs, researching Alphabet (2/36)
    Babylon: size=1, prod=Horsemen (1sh), bldgs=Palace
    Units: 1x Warriors, 1x Settlers
  [Civ 3] Germans (despotism): 1 cities, 1 units, 1g, 4 techs, researching Alphabet (3/33)
    Berlin: size=1, prod=Warriors (2sh), bldgs=Palace
    Units: 1x Warriors
  [Civ 4] Egyptians (despotism): 1 cities, 2 units, 28g, 5 techs, researching Map Making (3/36)
    Thebes: size=1, prod=Horsemen (1sh), bldgs=Palace
    Units: 1x Warriors, 1x Settlers
  [Civ 1] Romans turn: 2 actions — MOVE_UNIT(1), UNIT_ORDER(1)

══════════════════════════════════════════════════════════════════════
  TURN 3 — 3960 B.C. (6ms)
══════════════════════════════════════════════════════════════════════
  [Civ 1] Romans (despotism): 1 cities, 1 units, 3g, 4 techs, researching Warrior Code (9/33)
    Rome: size=1, prod=Warriors (6sh), bldgs=Palace
    Units: 1x Warriors
  [Civ 2] Babylonians (despotism): 1 cities, 2 units, 2g, 5 techs, researching Alphabet (4/36)
    Babylon: size=1, prod=Horsemen (3sh), bldgs=Palace
    Units: 1x Warriors, 1x Settlers
  [Civ 3] Germans (despotism): 1 cities, 1 units, 2g, 4 techs, researching Alphabet (6/33)
    Berlin: size=1, prod=Warriors (4sh), bldgs=Palace
    Units: 1x Warriors
  [Civ 4] Egyptians (despotism): 1 cities, 2 units, 29g, 5 techs, researching Map Making (6/36)
    Thebes: size=1, prod=Horsemen (4sh), bldgs=Palace
    Units: 1x Warriors, 1x Settlers
  [Civ 1] Romans turn: 2 actions — MOVE_UNIT(1), UNIT_ORDER(1)
    END_TURN REJECTED: 1 units still need orders
      #10 Horsemen(Atk) @(7,57) mv=6 ord=none hp=full

══════════════════════════════════════════════════════════════════════
  TURN 4 — 3940 B.C. (6ms)
══════════════════════════════════════════════════════════════════════
  [Civ 1] Romans (despotism): 1 cities, 2 units, 4g, 4 techs, researching Warrior Code (12/33)
    Rome: size=1, prod=Warriors (8sh), bldgs=Palace
    Units: 1x Warriors, 1x Horsemen
  [Civ 2] Babylonians (despotism): 1 cities, 2 units, 3g, 5 techs, researching Alphabet (6/36)
    Babylon: size=1, prod=Horsemen (5sh), bldgs=Palace
    Units: 1x Warriors, 1x Settlers
  [Civ 3] Germans (despotism): 1 cities, 1 units, 3g, 4 techs, researching Alphabet (9/33)
    Berlin: size=1, prod=Warriors (6sh), bldgs=Palace
    Units: 1x Warriors
  [Civ 4] Egyptians (despotism): 1 cities, 2 units, 30g, 5 techs, researching Map Making (9/36)
    Thebes: size=1, prod=Horsemen (7sh), bldgs=Palace
    Units: 1x Warriors, 1x Settlers
  [Civ 1] Romans turn: 4 actions — MOVE_UNIT(2), UNIT_ORDER(2)
    >>> Rome built Warriors

══════════════════════════════════════════════════════════════════════
  TURN 5 — 3920 B.C. (7ms)
══════════════════════════════════════════════════════════════════════
  [Civ 1] Romans (despotism): 1 cities, 3 units, 5g, 4 techs, researching Warrior Code (15/33)
    Rome: size=1, prod=Warriors (0sh), bldgs=Palace
    Units: 2x Warriors, 1x Horsemen
  [Civ 2] Babylonians (despotism): 1 cities, 2 units, 4g, 5 techs, researching Alphabet (8/36)
    Babylon: size=1, prod=Horsemen (7sh), bldgs=Palace
    Units: 1x Warriors, 1x Settlers
  [Civ 3] Germans (despotism): 1 cities, 1 units, 4g, 4 techs, researching Alphabet (12/33)
    Berlin: size=1, prod=Warriors (8sh), bldgs=Palace
    Units: 1x Warriors
  [Civ 4] Egyptians (despotism): 1 cities, 2 units, 31g, 5 techs, researching Map Making (12/36)
    Thebes: size=1, prod=Horsemen (10sh), bldgs=Palace
    Units: 1x Warriors, 1x Settlers
  [Civ 1] Romans turn: 5 actions — CHANGE_PRODUCTION(1), MOVE_UNIT(2), UNIT_ORDER(2)
    CHANGE_PRODUCTION city=0
    END_TURN REJECTED: 1 units still need orders
      #12 Horsemen(Atk) @(9,56) mv=6 ord=none hp=full
    >>> Berlin built Warriors
    CHANGE_PRODUCTION city=2

══════════════════════════════════════════════════════════════════════
  TURN 6 — 3900 B.C. (5ms)
══════════════════════════════════════════════════════════════════════
  [Civ 1] Romans (despotism): 1 cities, 4 units, 6g, 4 techs, researching Warrior Code (18/33)
    Rome: size=1, prod=building:8 (2sh), bldgs=Palace
    Units: 2x Warriors, 2x Horsemen
  [Civ 2] Babylonians (despotism): 1 cities, 2 units, 5g, 5 techs, researching Alphabet (10/36)
    Babylon: size=1, prod=Horsemen (9sh), bldgs=Palace
    Units: 1x Warriors, 1x Settlers
  [Civ 3] Germans (despotism): 1 cities, 2 units, 5g, 4 techs, researching Alphabet (15/33)
    Berlin: size=1, prod=Horsemen (0sh), bldgs=Palace
    Units: 2x Warriors
  [Civ 4] Egyptians (despotism): 1 cities, 2 units, 32g, 5 techs, researching Map Making (15/36)
    Thebes: size=1, prod=Horsemen (13sh), bldgs=Palace
    Units: 1x Warriors, 1x Settlers
  [Civ 1] Romans turn: 8 actions — MOVE_UNIT(3), UNIT_ORDER(5)

══════════════════════════════════════════════════════════════════════
  TURN 7 — 3880 B.C. (8ms)
══════════════════════════════════════════════════════════════════════
  [Civ 1] Romans (despotism): 1 cities, 4 units, 7g, 4 techs, researching Warrior Code (21/33)
    Rome: size=1, prod=building:8 (4sh), bldgs=Palace
    Units: 2x Warriors, 2x Horsemen
  [Civ 2] Babylonians (despotism): 1 cities, 2 units, 6g, 5 techs, researching Alphabet (12/36)
    Babylon: size=1, prod=Horsemen (11sh), bldgs=Palace
    Units: 1x Warriors, 1x Settlers
  [Civ 3] Germans (despotism): 1 cities, 2 units, 6g, 4 techs, researching Alphabet (18/33)
    Berlin: size=1, prod=Horsemen (2sh), bldgs=Palace
    Units: 2x Warriors
  [Civ 4] Egyptians (despotism): 1 cities, 2 units, 33g, 5 techs, researching Map Making (18/36)
    Thebes: size=1, prod=Horsemen (16sh), bldgs=Palace
    Units: 1x Warriors, 1x Settlers
  [Civ 1] Romans turn: 6 actions — MOVE_UNIT(3), UNIT_ORDER(3)

══════════════════════════════════════════════════════════════════════
  TURN 8 — 3860 B.C. (7ms)
══════════════════════════════════════════════════════════════════════
  [Civ 1] Romans (despotism): 1 cities, 4 units, 8g, 4 techs, researching Warrior Code (24/33)
    Rome: size=1, prod=building:8 (6sh), bldgs=Palace
    Units: 2x Warriors, 2x Horsemen
  [Civ 2] Babylonians (despotism): 1 cities, 2 units, 7g, 5 techs, researching Alphabet (14/36)
    Babylon: size=1, prod=Horsemen (13sh), bldgs=Palace
    Units: 1x Warriors, 1x Settlers
  [Civ 3] Germans (despotism): 1 cities, 2 units, 7g, 4 techs, researching Alphabet (21/33)
    Berlin: size=1, prod=Horsemen (4sh), bldgs=Palace
    Units: 2x Warriors
  [Civ 4] Egyptians (despotism): 1 cities, 2 units, 34g, 5 techs, researching Map Making (21/36)
    Thebes: size=1, prod=Horsemen (19sh), bldgs=Palace
    Units: 1x Warriors, 1x Settlers
  [Civ 1] Romans turn: 6 actions — MOVE_UNIT(3), UNIT_ORDER(3)
    >>> Thebes built Horsemen
    CHANGE_PRODUCTION city=3

══════════════════════════════════════════════════════════════════════
  TURN 9 — 3840 B.C. (6ms)
══════════════════════════════════════════════════════════════════════
  [Civ 1] Romans (despotism): 1 cities, 4 units, 9g, 4 techs, researching Warrior Code (27/33)
    Rome: size=1, prod=building:8 (8sh), bldgs=Palace
    Units: 2x Warriors, 2x Horsemen
  [Civ 2] Babylonians (despotism): 1 cities, 2 units, 8g, 5 techs, researching Alphabet (16/36)
    Babylon: size=1, prod=Horsemen (15sh), bldgs=Palace
    Units: 1x Warriors, 1x Settlers
  [Civ 3] Germans (despotism): 1 cities, 2 units, 8g, 4 techs, researching Alphabet (24/33)
    Berlin: size=1, prod=Horsemen (6sh), bldgs=Palace
    Units: 2x Warriors
  [Civ 4] Egyptians (despotism): 1 cities, 3 units, 35g, 5 techs, researching Map Making (24/36)
    Thebes: size=1, prod=building:8 (0sh), bldgs=Palace
    Units: 1x Warriors, 1x Settlers, 1x Horsemen
  [Civ 1] Romans turn: 6 actions — MOVE_UNIT(3), UNIT_ORDER(3)
    >>> Rome grew to size 2

══════════════════════════════════════════════════════════════════════
  TURN 10 — 3820 B.C. (6ms)
══════════════════════════════════════════════════════════════════════
  [Civ 1] Romans (despotism): 1 cities, 4 units, 11g, 5 techs, researching Warrior Code (30/36)
    Rome: size=2, prod=building:8 (10sh), bldgs=Palace
    Units: 2x Warriors, 2x Horsemen
  [Civ 2] Babylonians (despotism): 1 cities, 2 units, 9g, 5 techs, researching Alphabet (18/36)
    Babylon: size=1, prod=Horsemen (17sh), bldgs=Palace
    Units: 1x Warriors, 1x Settlers
  [Civ 3] Germans (despotism): 1 cities, 2 units, 9g, 4 techs, researching Alphabet (27/33)
    Berlin: size=1, prod=Horsemen (8sh), bldgs=Palace
    Units: 2x Warriors
  [Civ 4] Egyptians (despotism): 1 cities, 3 units, 36g, 5 techs, researching Map Making (27/36)
    Thebes: size=1, prod=building:8 (3sh), bldgs=Palace
    Units: 1x Warriors, 1x Settlers, 1x Horsemen
  [Civ 1] Romans turn: 6 actions — MOVE_UNIT(3), UNIT_ORDER(3)
    >>> Babylon grew to size 2
    SET_RESEARCH tech=Mysticism
    >>> Berlin grew to size 2
    SET_RESEARCH tech=Map Making

══════════════════════════════════════════════════════════════════════
  TURN 11 — 3800 B.C. (11ms)
══════════════════════════════════════════════════════════════════════
  [Civ 1] Romans (despotism): 1 cities, 4 units, 13g, 5 techs, researching Warrior Code (33/36)
    Rome: size=2, prod=building:8 (13sh), bldgs=Palace
    Units: 2x Warriors, 2x Horsemen
  [Civ 2] Babylonians (despotism): 1 cities, 2 units, 10g, 6 techs, researching Mysticism (21/36)
    Babylon: size=2, prod=Horsemen (19sh), bldgs=Palace
    Units: 1x Warriors, 1x Settlers
  [Civ 3] Germans (despotism): 1 cities, 2 units, 11g, 5 techs, researching Map Making (30/36)
    Berlin: size=2, prod=Horsemen (10sh), bldgs=Palace
    Units: 2x Warriors
  [Civ 4] Egyptians (despotism): 1 cities, 3 units, 37g, 5 techs, researching Map Making (30/36)
    Thebes: size=1, prod=building:8 (6sh), bldgs=Palace
    Units: 1x Warriors, 1x Settlers, 1x Horsemen
  [Civ 1] Romans turn: 6 actions — MOVE_UNIT(3), UNIT_ORDER(3)
    >>> Babylon built Horsemen
    CHANGE_PRODUCTION city=1
    >>> Romans discovered: Warrior Code

══════════════════════════════════════════════════════════════════════
  TURN 12 — 3780 B.C. (9ms)
══════════════════════════════════════════════════════════════════════
  [Civ 1] Romans (despotism): 1 cities, 4 units, 13g, 6 techs, researching none (0/36)
    Rome: size=2, prod=building:8 (16sh), bldgs=Palace
    Units: 2x Warriors, 2x Horsemen
  [Civ 2] Babylonians (despotism): 1 cities, 3 units, 11g, 6 techs, researching Mysticism (24/36)
    Babylon: size=2, prod=building:8 (0sh), bldgs=Palace
    Units: 1x Warriors, 1x Settlers, 1x Horsemen
  [Civ 3] Germans (despotism): 1 cities, 2 units, 13g, 5 techs, researching Map Making (33/36)
    Berlin: size=2, prod=Horsemen (13sh), bldgs=Palace
    Units: 2x Warriors
  [Civ 4] Egyptians (despotism): 1 cities, 3 units, 38g, 5 techs, researching Map Making (33/36)
    Thebes: size=1, prod=building:8 (9sh), bldgs=Palace
    Units: 1x Warriors, 1x Settlers, 1x Horsemen
  [Civ 1] Romans turn: 7 actions — SET_RESEARCH(1), MOVE_UNIT(3), UNIT_ORDER(3)
    SET_RESEARCH tech=Bronze Working
    >>> Germans discovered: Map Making
    SET_RESEARCH tech=Code of Laws
    >>> Egyptians discovered: Map Making
    SET_RESEARCH tech=Mathematics

══════════════════════════════════════════════════════════════════════
  TURN 13 — 3760 B.C. (8ms)
══════════════════════════════════════════════════════════════════════
  [Civ 1] Romans (despotism): 1 cities, 4 units, 15g, 6 techs, researching Bronze Working (3/36)
    Rome: size=2, prod=building:8 (19sh), bldgs=Palace
    Units: 2x Warriors, 2x Horsemen
  [Civ 2] Babylonians (despotism): 1 cities, 3 units, 12g, 6 techs, researching Mysticism (27/36)
    Babylon: size=2, prod=building:8 (3sh), bldgs=Palace
    Units: 1x Warriors, 1x Settlers, 1x Horsemen
  [Civ 3] Germans (despotism): 1 cities, 2 units, 13g, 6 techs, researching Code of Laws (0/36)
    Berlin: size=2, prod=Horsemen (16sh), bldgs=Palace
    Units: 2x Warriors
  [Civ 4] Egyptians (despotism): 1 cities, 3 units, 38g, 7 techs, researching Mathematics (0/33)
    Thebes: size=1, prod=building:8 (12sh), bldgs=Palace
    Units: 1x Warriors, 1x Settlers, 1x Horsemen
  [Civ 1] Romans turn: 6 actions — MOVE_UNIT(3), UNIT_ORDER(3)
    END_TURN REJECTED: 1 units still need orders
      #15 Horsemen(Atk) @(30,8) mv=3 ord=none hp=full

══════════════════════════════════════════════════════════════════════
  TURN 14 — 3740 B.C. (7ms)
══════════════════════════════════════════════════════════════════════
  [Civ 1] Romans (despotism): 1 cities, 4 units, 17g, 7 techs, researching Bronze Working (6/33)
    Rome: size=2, prod=building:8 (22sh), bldgs=Palace
    Units: 2x Warriors, 2x Horsemen
  [Civ 2] Babylonians (despotism): 1 cities, 3 units, 13g, 6 techs, researching Mysticism (30/36)
    Babylon: size=2, prod=building:8 (6sh), bldgs=Palace
    Units: 1x Warriors, 1x Settlers, 1x Horsemen
  [Civ 3] Germans (despotism): 1 cities, 2 units, 15g, 6 techs, researching Code of Laws (3/36)
    Berlin: size=2, prod=Horsemen (19sh), bldgs=Palace
    Units: 2x Warriors
  [Civ 4] Egyptians (despotism): 1 cities, 3 units, 39g, 7 techs, researching Mathematics (3/33)
    Thebes: size=1, prod=building:8 (15sh), bldgs=Palace
    Units: 1x Warriors, 1x Settlers, 1x Horsemen
  [Civ 1] Romans turn: 6 actions — MOVE_UNIT(3), UNIT_ORDER(3)
    >>> Berlin built Horsemen
    CHANGE_PRODUCTION city=2

══════════════════════════════════════════════════════════════════════
  TURN 15 — 3720 B.C. (8ms)
══════════════════════════════════════════════════════════════════════
  [Civ 1] Romans (despotism): 1 cities, 4 units, 19g, 7 techs, researching Bronze Working (9/33)
    Rome: size=2, prod=building:8 (25sh), bldgs=Palace
    Units: 2x Warriors, 2x Horsemen
  [Civ 2] Babylonians (despotism): 1 cities, 3 units, 14g, 8 techs, researching Mysticism (33/28)
    Babylon: size=2, prod=building:8 (9sh), bldgs=Palace
    Units: 1x Warriors, 1x Settlers, 1x Horsemen
  [Civ 3] Germans (despotism): 1 cities, 3 units, 17g, 7 techs, researching Code of Laws (6/33)
    Berlin: size=2, prod=Archers (1sh), bldgs=Palace
    Units: 2x Warriors, 1x Horsemen
  [Civ 4] Egyptians (despotism): 1 cities, 3 units, 40g, 7 techs, researching Mathematics (6/33)
    Thebes: size=1, prod=building:8 (18sh), bldgs=Palace
    Units: 1x Warriors, 1x Settlers, 1x Horsemen
  [Civ 1] Romans turn: 6 actions — MOVE_UNIT(3), UNIT_ORDER(3)
    >>> Babylonians discovered: Mysticism
    SET_RESEARCH tech=Code of Laws

══════════════════════════════════════════════════════════════════════
  TURN 16 — 3700 B.C. (6ms)
══════════════════════════════════════════════════════════════════════
  [Civ 1] Romans (despotism): 1 cities, 4 units, 21g, 7 techs, researching Bronze Working (12/33)
    Rome: size=2, prod=building:8 (28sh), bldgs=Palace
    Units: 2x Warriors, 2x Horsemen
  [Civ 2] Babylonians (despotism): 1 cities, 3 units, 14g, 9 techs, researching Code of Laws (0/32)
    Babylon: size=2, prod=building:8 (12sh), bldgs=Palace
    Units: 1x Warriors, 1x Settlers, 1x Horsemen
  [Civ 3] Germans (despotism): 1 cities, 3 units, 19g, 7 techs, researching Code of Laws (9/33)
    Berlin: size=2, prod=Archers (4sh), bldgs=Palace
    Units: 2x Warriors, 1x Horsemen
  [Civ 4] Egyptians (despotism): 1 cities, 3 units, 41g, 7 techs, researching Mathematics (9/33)
    Thebes: size=1, prod=building:8 (21sh), bldgs=Palace
    Units: 1x Warriors, 1x Settlers, 1x Horsemen
  [Civ 1] Romans turn: 6 actions — MOVE_UNIT(3), UNIT_ORDER(3)
    END_TURN REJECTED: 1 units still need orders
      #16 Horsemen(Atk) @(20,36) mv=3 ord=none hp=full

══════════════════════════════════════════════════════════════════════
  TURN 17 — 3680 B.C. (5ms)
══════════════════════════════════════════════════════════════════════
  [Civ 1] Romans (despotism): 1 cities, 4 units, 23g, 7 techs, researching Bronze Working (15/33)
    Rome: size=2, prod=building:8 (31sh), bldgs=Palace
    Units: 2x Warriors, 2x Horsemen
  [Civ 2] Babylonians (despotism): 1 cities, 3 units, 15g, 9 techs, researching Code of Laws (3/32)
    Babylon: size=2, prod=building:8 (15sh), bldgs=Palace
    Units: 1x Warriors, 1x Settlers, 1x Horsemen
  [Civ 3] Germans (despotism): 1 cities, 3 units, 21g, 7 techs, researching Code of Laws (12/33)
    Berlin: size=2, prod=Archers (7sh), bldgs=Palace
    Units: 2x Warriors, 1x Horsemen
  [Civ 4] Egyptians (despotism): 1 cities, 3 units, 42g, 7 techs, researching Mathematics (12/33)
    Thebes: size=1, prod=building:8 (24sh), bldgs=Palace
    Units: 1x Warriors, 1x Settlers, 1x Horsemen
  [Civ 1] Romans turn: 6 actions — MOVE_UNIT(3), UNIT_ORDER(3)

══════════════════════════════════════════════════════════════════════
  TURN 18 — 3660 B.C. (5ms)
══════════════════════════════════════════════════════════════════════
  [Civ 1] Romans (despotism): 1 cities, 4 units, 25g, 7 techs, researching Bronze Working (18/33)
    Rome: size=2, prod=building:8 (34sh), bldgs=Palace
    Units: 2x Warriors, 2x Horsemen
  [Civ 2] Babylonians (despotism): 1 cities, 3 units, 16g, 9 techs, researching Code of Laws (6/32)
    Babylon: size=2, prod=building:8 (18sh), bldgs=Palace
    Units: 1x Warriors, 1x Settlers, 1x Horsemen
  [Civ 3] Germans (despotism): 1 cities, 3 units, 23g, 7 techs, researching Code of Laws (15/33)
    Berlin: size=2, prod=Archers (10sh), bldgs=Palace
    Units: 2x Warriors, 1x Horsemen
  [Civ 4] Egyptians (despotism): 1 cities, 3 units, 43g, 7 techs, researching Mathematics (15/33)
    Thebes: size=1, prod=building:8 (27sh), bldgs=Palace
    Units: 1x Warriors, 1x Settlers, 1x Horsemen
  [Civ 1] Romans turn: 6 actions — MOVE_UNIT(3), UNIT_ORDER(3)
    ADJUST_ATTITUDE target=civ2

══════════════════════════════════════════════════════════════════════
  TURN 19 — 3640 B.C. (6ms)
══════════════════════════════════════════════════════════════════════
  [Civ 1] Romans (despotism): 1 cities, 4 units, 27g, 7 techs, researching Bronze Working (21/33)
    Rome: size=2, prod=building:8 (37sh), bldgs=Palace
    Units: 2x Warriors, 2x Horsemen
  [Civ 2] Babylonians (despotism): 1 cities, 3 units, 17g, 9 techs, researching Code of Laws (9/32)
    Babylon: size=2, prod=building:8 (21sh), bldgs=Palace
    Units: 1x Warriors, 1x Settlers, 1x Horsemen
  [Civ 3] Germans (despotism): 1 cities, 3 units, 25g, 7 techs, researching Code of Laws (18/33)
    Berlin: size=2, prod=Archers (13sh), bldgs=Palace
    Units: 2x Warriors, 1x Horsemen
  [Civ 4] Egyptians (despotism): 1 cities, 3 units, 44g, 7 techs, researching Mathematics (18/33)
    Thebes: size=1, prod=building:8 (30sh), bldgs=Palace
    Units: 1x Warriors, 1x Settlers, 1x Horsemen
  [Civ 1] Romans turn: 6 actions — MOVE_UNIT(3), UNIT_ORDER(3)
    ADJUST_ATTITUDE target=civ2

══════════════════════════════════════════════════════════════════════
  TURN 20 — 3620 B.C. (9ms)
══════════════════════════════════════════════════════════════════════
  [Civ 1] Romans (despotism): 1 cities, 4 units, 29g, 7 techs, researching Bronze Working (24/33)
    Rome: size=2, prod=building:8 (40sh), bldgs=Palace
    Units: 2x Warriors, 2x Horsemen
  [Civ 2] Babylonians (despotism): 1 cities, 3 units, 18g, 9 techs, researching Code of Laws (12/32)
    Babylon: size=2, prod=building:8 (24sh), bldgs=Palace
    Units: 1x Warriors, 1x Settlers, 1x Horsemen
  [Civ 3] Germans (despotism): 1 cities, 3 units, 27g, 7 techs, researching Code of Laws (21/33)
    Berlin: size=2, prod=Archers (16sh), bldgs=Palace
    Units: 2x Warriors, 1x Horsemen
  [Civ 4] Egyptians (despotism): 1 cities, 3 units, 45g, 7 techs, researching Mathematics (21/33)
    Thebes: size=1, prod=building:8 (33sh), bldgs=Palace
    Units: 1x Warriors, 1x Settlers, 1x Horsemen
  [Civ 1] Romans turn: 6 actions — MOVE_UNIT(3), UNIT_ORDER(3)
    >>> Thebes grew to size 2

══════════════════════════════════════════════════════════════════════
  TURN 21 — 3600 B.C. (8ms)
══════════════════════════════════════════════════════════════════════
  [Civ 1] Romans (despotism): 1 cities, 4 units, 31g, 7 techs, researching Bronze Working (27/33)
    Rome: size=2, prod=building:8 (43sh), bldgs=Palace
    Units: 2x Warriors, 2x Horsemen
  [Civ 2] Babylonians (despotism): 1 cities, 3 units, 19g, 9 techs, researching Code of Laws (15/32)
    Babylon: size=2, prod=building:8 (27sh), bldgs=Palace
    Units: 1x Warriors, 1x Settlers, 1x Horsemen
  [Civ 3] Germans (despotism): 1 cities, 3 units, 29g, 7 techs, researching Code of Laws (24/33)
    Berlin: size=2, prod=Archers (19sh), bldgs=Palace
    Units: 2x Warriors, 1x Horsemen
  [Civ 4] Egyptians (despotism): 1 cities, 3 units, 46g, 7 techs, researching Mathematics (25/33)
    Thebes: size=2, prod=building:8 (36sh), bldgs=Palace
    Units: 1x Warriors, 1x Settlers, 1x Horsemen
  [Civ 1] Romans turn: 6 actions — MOVE_UNIT(3), UNIT_ORDER(3)
    ADJUST_ATTITUDE target=civ1

══════════════════════════════════════════════════════════════════════
  TURN 22 — 3580 B.C. (6ms)
══════════════════════════════════════════════════════════════════════
  [Civ 1] Romans (despotism): 1 cities, 4 units, 33g, 7 techs, researching Bronze Working (30/33)
    Rome: size=2, prod=building:8 (46sh), bldgs=Palace
    Units: 2x Warriors, 2x Horsemen
  [Civ 2] Babylonians (despotism): 1 cities, 3 units, 20g, 9 techs, researching Code of Laws (18/32)
    Babylon: size=2, prod=building:8 (30sh), bldgs=Palace
    Units: 1x Warriors, 1x Settlers, 1x Horsemen
  [Civ 3] Germans (despotism): 1 cities, 3 units, 31g, 7 techs, researching Code of Laws (27/33)
    Berlin: size=2, prod=Archers (22sh), bldgs=Palace
    Units: 2x Warriors, 1x Horsemen
  [Civ 4] Egyptians (despotism): 1 cities, 3 units, 47g, 7 techs, researching Mathematics (29/33)
    Thebes: size=2, prod=building:8 (40sh), bldgs=Palace
    Units: 1x Warriors, 1x Settlers, 1x Horsemen
  [Civ 1] Romans turn: 6 actions — MOVE_UNIT(3), UNIT_ORDER(3)
    >>> Egyptians discovered: Mathematics
    SET_RESEARCH tech=Code of Laws
    >>> Romans discovered: Bronze Working

══════════════════════════════════════════════════════════════════════
  TURN 23 — 3560 B.C. (6ms)
══════════════════════════════════════════════════════════════════════
  [Civ 1] Romans (despotism): 1 cities, 4 units, 33g, 8 techs, researching none (0/28)
    Rome: size=2, prod=building:8 (49sh), bldgs=Palace
    Units: 2x Warriors, 2x Horsemen
  [Civ 2] Babylonians (despotism): 1 cities, 3 units, 21g, 9 techs, researching Code of Laws (21/32)
    Babylon: size=2, prod=building:8 (33sh), bldgs=Palace
    Units: 1x Warriors, 1x Settlers, 1x Horsemen
  [Civ 3] Germans (despotism): 1 cities, 3 units, 33g, 7 techs, researching Code of Laws (30/33)
    Berlin: size=2, prod=Archers (25sh), bldgs=Palace
    Units: 2x Warriors, 1x Horsemen
  [Civ 4] Egyptians (despotism): 1 cities, 3 units, 47g, 8 techs, researching Code of Laws (0/28)
    Thebes: size=2, prod=building:8 (44sh), bldgs=Palace
    Units: 1x Warriors, 1x Settlers, 1x Horsemen
  [Civ 1] Romans turn: 7 actions — SET_RESEARCH(1), MOVE_UNIT(3), UNIT_ORDER(3)
    SET_RESEARCH tech=Iron Working
    >>> Germans discovered: Code of Laws
    SET_RESEARCH tech=Writing
    ADJUST_ATTITUDE target=civ1
    COMBAT: Warriors vs Settlers → defWin (atkHp=undefined, defHp=undefined)
    1 actions REJECTED (of 6)

══════════════════════════════════════════════════════════════════════
  TURN 24 — 3540 B.C. (8ms)
══════════════════════════════════════════════════════════════════════
  [Civ 1] Romans (despotism): 1 cities, 4 units, 35g, 8 techs, researching Iron Working (3/28)
    Rome: size=2, prod=building:8 (52sh), bldgs=Palace
    Units: 2x Warriors, 2x Horsemen
  [Civ 2] Babylonians (despotism): 1 cities, 3 units, 22g, 9 techs, researching Code of Laws (24/32)
    Babylon: size=2, prod=building:8 (36sh), bldgs=Palace
    Units: 1x Warriors, 1x Settlers, 1x Horsemen
  [Civ 3] Germans (despotism): 1 cities, 2 units, 33g, 8 techs, researching Writing (0/28)
    Berlin: size=2, prod=Archers (28sh), bldgs=Palace
    Units: 1x Warriors, 1x Horsemen
  [Civ 4] Egyptians (despotism): 1 cities, 3 units, 48g, 8 techs, researching Code of Laws (4/28)
    Thebes: size=2, prod=building:8 (48sh), bldgs=Palace
    Units: 1x Warriors, 1x Settlers, 1x Horsemen
  [Civ 1] Romans turn: 6 actions — MOVE_UNIT(3), UNIT_ORDER(3)
    ADJUST_ATTITUDE target=civ3
    ADJUST_ATTITUDE target=civ3
    >>> Berlin built Archers
    ADJUST_ATTITUDE target=civ2
    ADJUST_ATTITUDE target=civ2
    CHANGE_PRODUCTION city=2
    >>> Rome grew to size 3

══════════════════════════════════════════════════════════════════════
  TURN 25 — 3520 B.C. (20ms)
══════════════════════════════════════════════════════════════════════
  [Civ 1] Romans (despotism): 1 cities, 4 units, 37g, 8 techs, researching Iron Working (7/28)
    Rome: size=3, prod=building:8 (55sh), bldgs=Palace
    Units: 2x Warriors, 2x Horsemen
  [Civ 2] Babylonians (despotism): 1 cities, 3 units, 23g, 9 techs, researching Code of Laws (27/32)
    Babylon: size=2, prod=building:8 (39sh), bldgs=Palace
    Units: 1x Warriors, 1x Settlers, 1x Horsemen
  [Civ 3] Germans (despotism): 1 cities, 3 units, 35g, 9 techs, researching Writing (2/32)
    Berlin: size=2, prod=Settlers (0sh), bldgs=Palace
    Units: 1x Warriors, 1x Horsemen, 1x Archers
  [Civ 4] Egyptians (despotism): 1 cities, 3 units, 49g, 9 techs, researching Code of Laws (8/32)
    Thebes: size=2, prod=building:8 (52sh), bldgs=Palace
    Units: 1x Warriors, 1x Settlers, 1x Horsemen
  [Civ 1] Romans turn: 6 actions — MOVE_UNIT(3), UNIT_ORDER(3)
    >>> Babylon grew to size 3
    >>> Berlin grew to size 3
    ADJUST_ATTITUDE target=civ2

══════════════════════════════════════════════════════════════════════
  TURN 26 — 3500 B.C. (6ms)
══════════════════════════════════════════════════════════════════════
  [Civ 1] Romans (despotism): 1 cities, 4 units, 39g, 8 techs, researching Iron Working (11/28)
    Rome: size=3, prod=building:8 (59sh), bldgs=Palace
    Units: 2x Warriors, 2x Horsemen
  [Civ 2] Babylonians (despotism): 1 cities, 3 units, 25g, 9 techs, researching Code of Laws (30/32)
    Babylon: size=3, prod=building:8 (42sh), bldgs=Palace
    Units: 1x Warriors, 1x Settlers, 1x Horsemen
  [Civ 3] Germans (despotism): 1 cities, 3 units, 37g, 9 techs, researching Writing (6/32)
    Berlin: size=3, prod=Settlers (2sh), bldgs=Palace
    Units: 1x Warriors, 1x Horsemen, 1x Archers
  [Civ 4] Egyptians (despotism): 1 cities, 3 units, 50g, 9 techs, researching Code of Laws (12/32)
    Thebes: size=2, prod=building:8 (56sh), bldgs=Palace
    Units: 1x Warriors, 1x Settlers, 1x Horsemen
  [Civ 1] Romans turn: 6 actions — MOVE_UNIT(3), UNIT_ORDER(3)
    >>> Babylonians discovered: Code of Laws
    SET_RESEARCH tech=Currency
    ADJUST_ATTITUDE target=civ2
    END_TURN REJECTED: 1 units still need orders
      #17 Archers(Atk) @(22,39) mv=2 ord=none hp=full

══════════════════════════════════════════════════════════════════════
  TURN 27 — 3480 B.C. (8ms)
══════════════════════════════════════════════════════════════════════
  [Civ 1] Romans (despotism): 1 cities, 4 units, 41g, 8 techs, researching Iron Working (15/28)
    Rome: size=3, prod=building:8 (63sh), bldgs=Palace
    Units: 2x Warriors, 2x Horsemen
  [Civ 2] Babylonians (despotism): 1 cities, 3 units, 25g, 10 techs, researching Currency (0/48)
    Babylon: size=3, prod=building:8 (46sh), bldgs=Palace
    Units: 1x Warriors, 1x Settlers, 1x Horsemen
  [Civ 3] Germans (despotism): 1 cities, 3 units, 39g, 9 techs, researching Writing (10/21)
    Berlin: size=3, prod=Settlers (6sh), bldgs=Palace
    Units: 1x Warriors, 1x Horsemen, 1x Archers
  [Civ 4] Egyptians (despotism): 1 cities, 3 units, 51g, 9 techs, researching Code of Laws (16/21)
    Thebes: size=2, prod=building:8 (60sh), bldgs=Palace
    Units: 1x Warriors, 1x Settlers, 1x Horsemen
  [Civ 1] Romans turn: 6 actions — MOVE_UNIT(3), UNIT_ORDER(3)
    ADJUST_ATTITUDE target=civ3
    PROPOSE_TREATY treaty=peace target=civ3
    ADJUST_ATTITUDE target=civ3
    ADJUST_ATTITUDE target=civ1
    ADJUST_ATTITUDE target=civ1
    ADJUST_ATTITUDE target=civ1
    ADJUST_ATTITUDE target=civ2
    ADJUST_ATTITUDE target=civ2
    SET_RESEARCH tech=Seafaring

══════════════════════════════════════════════════════════════════════
  TURN 28 — 3460 B.C. (7ms)
══════════════════════════════════════════════════════════════════════
  [Civ 1] Romans (despotism): 1 cities, 4 units, 43g, 9 techs, researching Iron Working (19/21)
    Rome: size=3, prod=building:8 (67sh), bldgs=Palace
    Units: 2x Warriors, 2x Horsemen
  [Civ 2] Babylonians (despotism): 1 cities, 3 units, 27g, 10 techs, researching Currency (3/48)
    Babylon: size=3, prod=building:8 (50sh), bldgs=Palace
    Units: 1x Warriors, 1x Settlers, 1x Horsemen
  [Civ 3] Germans (despotism): 1 cities, 3 units, 41g, 9 techs, researching Writing (14/21)
    Berlin: size=3, prod=Settlers (10sh), bldgs=Palace
    Units: 1x Warriors, 1x Horsemen, 1x Archers
  [Civ 4] Egyptians (despotism): 1 cities, 3 units, 52g, 10 techs, researching Seafaring (20/48)
    Thebes: size=2, prod=building:8 (64sh), bldgs=Palace
    Units: 1x Warriors, 1x Settlers, 1x Horsemen
  [Civ 1] Romans turn: 6 actions — MOVE_UNIT(3), UNIT_ORDER(3)
    COMBAT: Horsemen vs Warriors → defWin (atkHp=undefined, defHp=undefined)
    COMBAT: Horsemen vs Warriors → defWin (atkHp=undefined, defHp=undefined)
    2 actions REJECTED (of 6)
    ADJUST_ATTITUDE target=civ3
    ADJUST_ATTITUDE target=civ1
    ADJUST_ATTITUDE target=civ2
    >>> Romans discovered: Iron Working

══════════════════════════════════════════════════════════════════════
  TURN 29 — 3440 B.C. (11ms)
══════════════════════════════════════════════════════════════════════
  [Civ 1] Romans (despotism): 1 cities, 2 units, 43g, 10 techs, researching none (0/48)
    Rome: size=3, prod=building:8 (71sh), bldgs=Palace
    Units: 2x Warriors
  [Civ 2] Babylonians (despotism): 1 cities, 3 units, 29g, 10 techs, researching Currency (6/48)
    Babylon: size=3, prod=building:8 (54sh), bldgs=Palace
    Units: 1x Warriors, 1x Settlers, 1x Horsemen
  [Civ 3] Germans (despotism): 1 cities, 3 units, 43g, 9 techs, researching Writing (18/21)
    Berlin: size=3, prod=Settlers (14sh), bldgs=Palace
    Units: 1x Warriors, 1x Horsemen, 1x Archers
  [Civ 4] Egyptians (despotism): 1 cities, 3 units, 53g, 10 techs, researching Seafaring (24/48)
    Thebes: size=2, prod=building:8 (68sh), bldgs=Palace
    Units: 1x Warriors, 1x Settlers, 1x Horsemen
  [Civ 1] Romans turn: 4 actions — SET_RESEARCH(1), ADJUST_ATTITUDE(1), MOVE_UNIT(1), UNIT_ORDER(1)
    SET_RESEARCH tech=Currency
    ADJUST_ATTITUDE target=civ3
    COMBAT: Warriors vs Warriors → defWin (atkHp=undefined, defHp=undefined)
    1 actions REJECTED (of 4)
    >>> Germans discovered: Writing
    SET_RESEARCH tech=Seafaring
    ADJUST_ATTITUDE target=civ1
    ADJUST_ATTITUDE target=civ2

══════════════════════════════════════════════════════════════════════
  TURN 30 — 3420 B.C. (10ms)
══════════════════════════════════════════════════════════════════════
  [Civ 1] Romans (despotism): 1 cities, 1 units, 45g, 10 techs, researching Currency (4/48)
    Rome: size=3, prod=building:8 (75sh), bldgs=Palace
    Units: 1x Warriors
  [Civ 2] Babylonians (despotism): 1 cities, 3 units, 31g, 10 techs, researching Currency (9/48)
    Babylon: size=3, prod=building:8 (58sh), bldgs=Palace
    Units: 1x Warriors, 1x Settlers, 1x Horsemen
  [Civ 3] Germans (despotism): 1 cities, 3 units, 43g, 10 techs, researching Seafaring (0/48)
    Berlin: size=3, prod=Settlers (18sh), bldgs=Palace
    Units: 1x Warriors, 1x Horsemen, 1x Archers
  [Civ 4] Egyptians (despotism): 1 cities, 3 units, 54g, 10 techs, researching Seafaring (28/48)
    Thebes: size=2, prod=building:8 (72sh), bldgs=Palace
    Units: 1x Warriors, 1x Settlers, 1x Horsemen
  [Civ 1] Romans turn: 2 actions — ADJUST_ATTITUDE(2)
    ADJUST_ATTITUDE target=civ3
    ADJUST_ATTITUDE target=civ3
    ADJUST_ATTITUDE target=civ3
    ADJUST_ATTITUDE target=civ1
    ADJUST_ATTITUDE target=civ2

══════════════════════════════════════════════════════════════════════
  TURN 31 — 3400 B.C. (8ms)
══════════════════════════════════════════════════════════════════════
  [Civ 1] Romans (despotism): 1 cities, 1 units, 47g, 10 techs, researching Currency (8/48)
    Rome: size=3, prod=building:8 (79sh), bldgs=Palace
    Units: 1x Warriors
  [Civ 2] Babylonians (despotism): 1 cities, 3 units, 33g, 10 techs, researching Currency (12/48)
    Babylon: size=3, prod=building:8 (62sh), bldgs=Palace
    Units: 1x Warriors, 1x Settlers, 1x Horsemen
  [Civ 3] Germans (despotism): 1 cities, 3 units, 45g, 10 techs, researching Seafaring (4/48)
    Berlin: size=3, prod=Settlers (22sh), bldgs=Palace
    Units: 1x Warriors, 1x Horsemen, 1x Archers
  [Civ 4] Egyptians (despotism): 1 cities, 3 units, 55g, 10 techs, researching Seafaring (32/48)
    Thebes: size=2, prod=building:8 (76sh), bldgs=Palace
    Units: 1x Warriors, 1x Settlers, 1x Horsemen
  [Civ 1] Romans turn: 1 actions — ADJUST_ATTITUDE(1)
    ADJUST_ATTITUDE target=civ3
    PROPOSE_TREATY treaty=peace target=civ3
    ADJUST_ATTITUDE target=civ3
    ADJUST_ATTITUDE target=civ1
    ADJUST_ATTITUDE target=civ2
    ADJUST_ATTITUDE target=civ2
    >>> Thebes built building:8
    CHANGE_PRODUCTION city=3
    >>> Rome built building:8

══════════════════════════════════════════════════════════════════════
  TURN 32 — 3380 B.C. (8ms)
══════════════════════════════════════════════════════════════════════
  [Civ 1] Romans (despotism): 1 cities, 1 units, 49g, 10 techs, researching Currency (12/48)
    Rome: size=3, prod=building:8 (3sh), bldgs=Palace, City Walls
    Units: 1x Warriors
  [Civ 2] Babylonians (despotism): 1 cities, 3 units, 35g, 10 techs, researching Currency (15/48)
    Babylon: size=3, prod=building:8 (66sh), bldgs=Palace
    Units: 1x Warriors, 1x Settlers, 1x Horsemen
  [Civ 3] Germans (despotism): 1 cities, 3 units, 47g, 10 techs, researching Seafaring (8/48)
    Berlin: size=3, prod=Settlers (26sh), bldgs=Palace
    Units: 1x Warriors, 1x Horsemen, 1x Archers
  [Civ 4] Egyptians (despotism): 1 cities, 3 units, 56g, 10 techs, researching Seafaring (36/48)
    Thebes: size=2, prod=Archers (0sh), bldgs=Palace, City Walls
    Units: 1x Warriors, 1x Settlers, 1x Horsemen
  [Civ 1] Romans turn: 7 actions — ADJUST_ATTITUDE(5), PROPOSE_TREATY(1), CHANGE_PRODUCTION(1)
    ADJUST_ATTITUDE target=civ2
    ADJUST_ATTITUDE target=civ3
    ADJUST_ATTITUDE target=civ4
    ADJUST_ATTITUDE target=civ3
    PROPOSE_TREATY treaty=ceasefire target=civ3
    ADJUST_ATTITUDE target=civ3
    CHANGE_PRODUCTION city=0
    ADJUST_ATTITUDE target=civ1
    ADJUST_ATTITUDE target=civ3
    ADJUST_ATTITUDE target=civ4
    ADJUST_ATTITUDE target=civ3
    ADJUST_ATTITUDE target=civ1
    ADJUST_ATTITUDE target=civ2
    ADJUST_ATTITUDE target=civ4
    ADJUST_ATTITUDE target=civ1
    ADJUST_ATTITUDE target=civ2
    ADJUST_ATTITUDE target=civ1
    ADJUST_ATTITUDE target=civ1
    ADJUST_ATTITUDE target=civ2
    ADJUST_ATTITUDE target=civ3

══════════════════════════════════════════════════════════════════════
  TURN 33 — 3360 B.C. (8ms)
══════════════════════════════════════════════════════════════════════
  [Civ 1] Romans (despotism): 1 cities, 1 units, 51g, 10 techs, researching Currency (16/48)
    Rome: size=3, prod=Archers (4sh), bldgs=Palace, City Walls
    Units: 1x Warriors
  [Civ 2] Babylonians (despotism): 1 cities, 3 units, 37g, 10 techs, researching Currency (18/48)
    Babylon: size=3, prod=building:8 (70sh), bldgs=Palace
    Units: 1x Warriors, 1x Settlers, 1x Horsemen
  [Civ 3] Germans (despotism): 1 cities, 3 units, 49g, 10 techs, researching Seafaring (12/48)
    Berlin: size=3, prod=Settlers (30sh), bldgs=Palace
    Units: 1x Warriors, 1x Horsemen, 1x Archers
  [Civ 4] Egyptians (despotism): 1 cities, 3 units, 57g, 10 techs, researching Seafaring (40/48)
    Thebes: size=2, prod=Archers (4sh), bldgs=Palace, City Walls
    Units: 1x Warriors, 1x Settlers, 1x Horsemen
  [Civ 1] Romans turn: 1 actions — ADJUST_ATTITUDE(1)
    ADJUST_ATTITUDE target=civ3
    ADJUST_ATTITUDE target=civ3
    ADJUST_ATTITUDE target=civ1

══════════════════════════════════════════════════════════════════════
  TURN 34 — 3340 B.C. (7ms)
══════════════════════════════════════════════════════════════════════
  [Civ 1] Romans (despotism): 1 cities, 1 units, 53g, 10 techs, researching Currency (20/48)
    Rome: size=3, prod=Archers (8sh), bldgs=Palace, City Walls
    Units: 1x Warriors
  [Civ 2] Babylonians (despotism): 1 cities, 3 units, 39g, 10 techs, researching Currency (21/48)
    Babylon: size=3, prod=building:8 (74sh), bldgs=Palace
    Units: 1x Warriors, 1x Settlers, 1x Horsemen
  [Civ 3] Germans (despotism): 1 cities, 3 units, 51g, 10 techs, researching Seafaring (16/48)
    Berlin: size=3, prod=Settlers (34sh), bldgs=Palace
    Units: 1x Warriors, 1x Horsemen, 1x Archers
  [Civ 4] Egyptians (despotism): 1 cities, 3 units, 58g, 10 techs, researching Seafaring (44/48)
    Thebes: size=2, prod=Archers (8sh), bldgs=Palace, City Walls
    Units: 1x Warriors, 1x Settlers, 1x Horsemen
  [Civ 1] Romans turn: 1 actions — ADJUST_ATTITUDE(1)
    ADJUST_ATTITUDE target=civ3
    ADJUST_ATTITUDE target=civ3
    ADJUST_ATTITUDE target=civ1
    >>> Egyptians discovered: Seafaring
    SET_RESEARCH tech=The Wheel
    >>> Romans discovered: Currency

══════════════════════════════════════════════════════════════════════
  TURN 35 — 3320 B.C. (8ms)
══════════════════════════════════════════════════════════════════════
  [Civ 1] Romans (despotism): 1 cities, 1 units, 53g, 11 techs, researching none (0/52)
    Rome: size=3, prod=Archers (12sh), bldgs=Palace, City Walls
    Units: 1x Warriors
  [Civ 2] Babylonians (despotism): 1 cities, 3 units, 41g, 10 techs, researching Currency (24/24)
    Babylon: size=3, prod=building:8 (78sh), bldgs=Palace
    Units: 1x Warriors, 1x Settlers, 1x Horsemen
  [Civ 3] Germans (despotism): 1 cities, 3 units, 53g, 10 techs, researching Seafaring (20/24)
    Berlin: size=3, prod=Settlers (38sh), bldgs=Palace
    Units: 1x Warriors, 1x Horsemen, 1x Archers
  [Civ 4] Egyptians (despotism): 1 cities, 3 units, 58g, 11 techs, researching The Wheel (0/52)
    Thebes: size=2, prod=Archers (12sh), bldgs=Palace, City Walls
    Units: 1x Warriors, 1x Settlers, 1x Horsemen
  [Civ 1] Romans turn: 2 actions — SET_RESEARCH(1), ADJUST_ATTITUDE(1)
    SET_RESEARCH tech=The Wheel
    ADJUST_ATTITUDE target=civ3
    >>> Babylonians discovered: Currency
    >>> Babylon built building:8
    SET_RESEARCH tech=Construction
    ADJUST_ATTITUDE target=civ3
    CHANGE_PRODUCTION city=1
    >>> Berlin built Settlers
    ADJUST_ATTITUDE target=civ1

══════════════════════════════════════════════════════════════════════
  TURN 36 — 3300 B.C. (10ms)
══════════════════════════════════════════════════════════════════════
  [Civ 1] Romans (despotism): 1 cities, 1 units, 55g, 11 techs, researching The Wheel (4/52)
    Rome: size=3, prod=Archers (16sh), bldgs=Palace, City Walls
    Units: 1x Warriors
  [Civ 2] Babylonians (despotism): 1 cities, 3 units, 41g, 11 techs, researching Construction (0/52)
    Babylon: size=3, prod=Archers (0sh), bldgs=Palace, City Walls
    Units: 1x Warriors, 1x Settlers, 1x Horsemen
  [Civ 3] Germans (despotism): 1 cities, 4 units, 55g, 10 techs, researching Seafaring (22/24)
    Berlin: size=2, prod=Settlers (2sh), bldgs=Palace
    Units: 1x Warriors, 1x Horsemen, 1x Archers, 1x Settlers
  [Civ 4] Egyptians (despotism): 1 cities, 3 units, 59g, 11 techs, researching The Wheel (4/52)
    Thebes: size=2, prod=Archers (16sh), bldgs=Palace, City Walls
    Units: 1x Warriors, 1x Settlers, 1x Horsemen
  [Civ 1] Romans turn: 3 actions — ADJUST_ATTITUDE(2), PROPOSE_TREATY(1)
    ADJUST_ATTITUDE target=civ3
    PROPOSE_TREATY treaty=ceasefire target=civ3
    ADJUST_ATTITUDE target=civ3
    ADJUST_ATTITUDE target=civ3
    >>> Germans discovered: Seafaring
    SET_RESEARCH tech=Literacy
    ADJUST_ATTITUDE target=civ1
    ADJUST_ATTITUDE target=civ1

══════════════════════════════════════════════════════════════════════
  TURN 37 — 3280 B.C. (15ms)
══════════════════════════════════════════════════════════════════════
  [Civ 1] Romans (despotism): 1 cities, 1 units, 57g, 11 techs, researching The Wheel (8/26)
    Rome: size=3, prod=Archers (20sh), bldgs=Palace, City Walls
    Units: 1x Warriors
  [Civ 2] Babylonians (despotism): 1 cities, 3 units, 43g, 11 techs, researching Construction (3/26)
    Babylon: size=3, prod=Archers (4sh), bldgs=Palace, City Walls
    Units: 1x Warriors, 1x Settlers, 1x Horsemen
  [Civ 3] Germans (despotism): 1 cities, 4 units, 55g, 12 techs, researching Literacy (0/57)
    Berlin: size=2, prod=Settlers (3sh), bldgs=Palace
    Units: 1x Warriors, 1x Horsemen, 1x Archers, 1x Settlers
  [Civ 4] Egyptians (despotism): 1 cities, 3 units, 60g, 12 techs, researching The Wheel (8/57)
    Thebes: size=2, prod=Archers (20sh), bldgs=Palace, City Walls
    Units: 1x Warriors, 1x Settlers, 1x Horsemen
  [Civ 1] Romans turn: 1 actions — ADJUST_ATTITUDE(1)
    ADJUST_ATTITUDE target=civ3
    ADJUST_ATTITUDE target=civ3
    ADJUST_ATTITUDE target=civ1

══════════════════════════════════════════════════════════════════════
  TURN 38 — 3260 B.C. (8ms)
══════════════════════════════════════════════════════════════════════
  [Civ 1] Romans (despotism): 1 cities, 1 units, 59g, 12 techs, researching The Wheel (12/57)
    Rome: size=3, prod=Archers (24sh), bldgs=Palace, City Walls
    Units: 1x Warriors
  [Civ 2] Babylonians (despotism): 1 cities, 3 units, 45g, 11 techs, researching Construction (6/26)
    Babylon: size=3, prod=Archers (8sh), bldgs=Palace, City Walls
    Units: 1x Warriors, 1x Settlers, 1x Horsemen
  [Civ 3] Germans (despotism): 1 cities, 4 units, 57g, 12 techs, researching Literacy (2/57)
    Berlin: size=2, prod=Settlers (4sh), bldgs=Palace
    Units: 1x Warriors, 1x Horsemen, 1x Archers, 1x Settlers
  [Civ 4] Egyptians (despotism): 1 cities, 3 units, 61g, 12 techs, researching The Wheel (12/57)
    Thebes: size=2, prod=Archers (24sh), bldgs=Palace, City Walls
    Units: 1x Warriors, 1x Settlers, 1x Horsemen
  [Civ 1] Romans turn: 1 actions — ADJUST_ATTITUDE(1)
    ADJUST_ATTITUDE target=civ3
    ADJUST_ATTITUDE target=civ3
    ADJUST_ATTITUDE target=civ1

══════════════════════════════════════════════════════════════════════
  TURN 39 — 3240 B.C. (5ms)
══════════════════════════════════════════════════════════════════════
  [Civ 1] Romans (despotism): 1 cities, 1 units, 61g, 12 techs, researching The Wheel (16/57)
    Rome: size=3, prod=Archers (28sh), bldgs=Palace, City Walls
    Units: 1x Warriors
  [Civ 2] Babylonians (despotism): 1 cities, 3 units, 47g, 12 techs, researching Construction (9/57)
    Babylon: size=3, prod=Archers (12sh), bldgs=Palace, City Walls
    Units: 1x Warriors, 1x Settlers, 1x Horsemen
  [Civ 3] Germans (despotism): 1 cities, 4 units, 59g, 12 techs, researching Literacy (4/57)
    Berlin: size=2, prod=Settlers (5sh), bldgs=Palace
    Units: 1x Warriors, 1x Horsemen, 1x Archers, 1x Settlers
  [Civ 4] Egyptians (despotism): 1 cities, 3 units, 62g, 12 techs, researching The Wheel (16/57)
    Thebes: size=2, prod=Archers (28sh), bldgs=Palace, City Walls
    Units: 1x Warriors, 1x Settlers, 1x Horsemen
  [Civ 1] Romans turn: 1 actions — ADJUST_ATTITUDE(1)
    ADJUST_ATTITUDE target=civ3
    ADJUST_ATTITUDE target=civ3
    ADJUST_ATTITUDE target=civ1
    >>> Thebes built Archers
    CHANGE_PRODUCTION city=3
    >>> Rome built Archers

══════════════════════════════════════════════════════════════════════
  TURN 40 — 3220 B.C. (5ms)
══════════════════════════════════════════════════════════════════════
  [Civ 1] Romans (despotism): 1 cities, 2 units, 63g, 12 techs, researching The Wheel (20/57)
    Rome: size=3, prod=Archers (2sh), bldgs=Palace, City Walls
    Units: 1x Warriors, 1x Archers
  [Civ 2] Babylonians (despotism): 1 cities, 3 units, 49g, 12 techs, researching Construction (12/57)
    Babylon: size=3, prod=Archers (16sh), bldgs=Palace, City Walls
    Units: 1x Warriors, 1x Settlers, 1x Horsemen
  [Civ 3] Germans (despotism): 1 cities, 4 units, 61g, 12 techs, researching Literacy (6/57)
    Berlin: size=2, prod=Settlers (6sh), bldgs=Palace
    Units: 1x Warriors, 1x Horsemen, 1x Archers, 1x Settlers
  [Civ 4] Egyptians (despotism): 1 cities, 4 units, 63g, 12 techs, researching The Wheel (20/57)
    Thebes: size=2, prod=Catapult (1sh), bldgs=Palace, City Walls
    Units: 1x Warriors, 1x Settlers, 1x Horsemen, 1x Archers
  [Civ 1] Romans turn: 2 actions — ADJUST_ATTITUDE(1), CHANGE_PRODUCTION(1)
    ADJUST_ATTITUDE target=civ3
    CHANGE_PRODUCTION city=0
    ADJUST_ATTITUDE target=civ3
    ADJUST_ATTITUDE target=civ1

══════════════════════════════════════════════════════════════════════
  TURN 41 — 3200 B.C. (6ms)
══════════════════════════════════════════════════════════════════════
  [Civ 1] Romans (despotism): 1 cities, 2 units, 65g, 12 techs, researching The Wheel (24/57)
    Rome: size=3, prod=Legion (5sh), bldgs=Palace, City Walls
    Units: 1x Warriors, 1x Archers
  [Civ 2] Babylonians (despotism): 1 cities, 3 units, 51g, 12 techs, researching Construction (15/57)
    Babylon: size=3, prod=Archers (20sh), bldgs=Palace, City Walls
    Units: 1x Warriors, 1x Settlers, 1x Horsemen
  [Civ 3] Germans (despotism): 1 cities, 4 units, 63g, 12 techs, researching Literacy (8/57)
    Berlin: size=2, prod=Settlers (7sh), bldgs=Palace
    Units: 1x Warriors, 1x Horsemen, 1x Archers, 1x Settlers
  [Civ 4] Egyptians (despotism): 1 cities, 4 units, 64g, 12 techs, researching The Wheel (24/57)
    Thebes: size=2, prod=Catapult (5sh), bldgs=Palace, City Walls
    Units: 1x Warriors, 1x Settlers, 1x Horsemen, 1x Archers
  [Civ 1] Romans turn: 3 actions — ADJUST_ATTITUDE(1), MOVE_UNIT(1), UNIT_ORDER(1)
    ADJUST_ATTITUDE target=civ3
    ADJUST_ATTITUDE target=civ3
    ADJUST_ATTITUDE target=civ1

══════════════════════════════════════════════════════════════════════
  TURN 42 — 3180 B.C. (7ms)
══════════════════════════════════════════════════════════════════════
  [Civ 1] Romans (despotism): 1 cities, 2 units, 67g, 12 techs, researching The Wheel (28/57)
    Rome: size=3, prod=Legion (9sh), bldgs=Palace, City Walls
    Units: 1x Warriors, 1x Archers
  [Civ 2] Babylonians (despotism): 1 cities, 3 units, 53g, 12 techs, researching Construction (18/57)
    Babylon: size=3, prod=Archers (24sh), bldgs=Palace, City Walls
    Units: 1x Warriors, 1x Settlers, 1x Horsemen
  [Civ 3] Germans (despotism): 1 cities, 4 units, 65g, 12 techs, researching Literacy (10/57)
    Berlin: size=2, prod=Settlers (8sh), bldgs=Palace
    Units: 1x Warriors, 1x Horsemen, 1x Archers, 1x Settlers
  [Civ 4] Egyptians (despotism): 1 cities, 4 units, 65g, 12 techs, researching The Wheel (28/57)
    Thebes: size=2, prod=Catapult (9sh), bldgs=Palace, City Walls
    Units: 1x Warriors, 1x Settlers, 1x Horsemen, 1x Archers
  [Civ 1] Romans turn: 2 actions — ADJUST_ATTITUDE(1), MOVE_UNIT(1)
    ADJUST_ATTITUDE target=civ3
    ADJUST_ATTITUDE target=civ3
    ADJUST_ATTITUDE target=civ1
    >>> Romans discovered: The Wheel

══════════════════════════════════════════════════════════════════════
  TURN 43 — 3160 B.C. (6ms)
══════════════════════════════════════════════════════════════════════
  [Civ 1] Romans (despotism): 1 cities, 2 units, 67g, 13 techs, researching none (0/62)
    Rome: size=3, prod=Legion (13sh), bldgs=Palace, City Walls
    Units: 1x Warriors, 1x Archers
  [Civ 2] Babylonians (despotism): 1 cities, 3 units, 55g, 12 techs, researching Construction (21/28)
    Babylon: size=3, prod=Archers (28sh), bldgs=Palace, City Walls
    Units: 1x Warriors, 1x Settlers, 1x Horsemen
  [Civ 3] Germans (despotism): 1 cities, 4 units, 67g, 12 techs, researching Literacy (12/28)
    Berlin: size=2, prod=Settlers (9sh), bldgs=Palace
    Units: 1x Warriors, 1x Horsemen, 1x Archers, 1x Settlers
  [Civ 4] Egyptians (despotism): 1 cities, 4 units, 66g, 13 techs, researching The Wheel (32/62)
    Thebes: size=2, prod=Catapult (13sh), bldgs=Palace, City Walls
    Units: 1x Warriors, 1x Settlers, 1x Horsemen, 1x Archers
  [Civ 1] Romans turn: 4 actions — SET_RESEARCH(1), ADJUST_ATTITUDE(1), MOVE_UNIT(1), UNIT_ORDER(1)
    SET_RESEARCH tech=Monarchy
    ADJUST_ATTITUDE target=civ3
    >>> Babylon built Archers
    ADJUST_ATTITUDE target=civ3
    CHANGE_PRODUCTION city=1
    END_TURN REJECTED: 1 units still need orders
      #22 Settlers(Settle) @(24,23) mv=3 ord=none hp=full
    ADJUST_ATTITUDE target=civ1

══════════════════════════════════════════════════════════════════════
  TURN 44 — 3140 B.C. (7ms)
══════════════════════════════════════════════════════════════════════
  [Civ 1] Romans (despotism): 1 cities, 2 units, 69g, 14 techs, researching Monarchy (4/67)
    Rome: size=3, prod=Legion (17sh), bldgs=Palace, City Walls
    Units: 1x Warriors, 1x Archers
  [Civ 2] Babylonians (despotism): 1 cities, 5 units, 57g, 12 techs, researching Construction (24/28)
    Babylon: size=3, prod=Trireme (1sh), bldgs=Palace, City Walls
    Units: 1x Warriors, 2x Settlers, 1x Horsemen, 1x Archers
  [Civ 3] Germans (despotism): 1 cities, 4 units, 69g, 12 techs, researching Literacy (14/28)
    Berlin: size=2, prod=Settlers (10sh), bldgs=Palace
    Units: 1x Warriors, 1x Horsemen, 1x Archers, 1x Settlers
  [Civ 4] Egyptians (despotism): 1 cities, 4 units, 67g, 13 techs, researching The Wheel (36/31)
    Thebes: size=2, prod=Catapult (17sh), bldgs=Palace, City Walls
    Units: 1x Warriors, 1x Settlers, 1x Horsemen, 1x Archers
  [Civ 1] Romans turn: 3 actions — ADJUST_ATTITUDE(1), MOVE_UNIT(1), UNIT_ORDER(1)
    ADJUST_ATTITUDE target=civ3
    ADJUST_ATTITUDE target=civ3
    ADJUST_ATTITUDE target=civ1
    >>> Egyptians discovered: The Wheel
    SET_RESEARCH tech=Trade
    >>> Rome grew to size 4

══════════════════════════════════════════════════════════════════════
  TURN 45 — 3120 B.C. (8ms)
══════════════════════════════════════════════════════════════════════
  [Civ 1] Romans (despotism): 1 cities, 2 units, 71g, 14 techs, researching Monarchy (9/67)
    Rome: size=4, prod=Legion (21sh), bldgs=Palace, City Walls
    Units: 1x Warriors, 1x Archers
  [Civ 2] Babylonians (despotism): 1 cities, 5 units, 59g, 12 techs, researching Construction (27/28)
    Babylon: size=3, prod=Trireme (5sh), bldgs=Palace, City Walls
    Units: 1x Warriors, 2x Settlers, 1x Horsemen, 1x Archers
  [Civ 3] Germans (despotism): 1 cities, 4 units, 71g, 13 techs, researching Literacy (16/31)
    Berlin: size=2, prod=Settlers (11sh), bldgs=Palace
    Units: 1x Warriors, 1x Horsemen, 1x Archers, 1x Settlers
  [Civ 4] Egyptians (despotism): 1 cities, 4 units, 67g, 14 techs, researching Trade (0/67)
    Thebes: size=2, prod=Catapult (21sh), bldgs=Palace, City Walls
    Units: 1x Warriors, 1x Settlers, 1x Horsemen, 1x Archers
  [Civ 1] Romans turn: 3 actions — ADJUST_ATTITUDE(1), MOVE_UNIT(1), UNIT_ORDER(1)
    ADJUST_ATTITUDE target=civ3
    >>> Babylonians discovered: Construction
    >>> Babylon grew to size 4
    SET_RESEARCH tech=Trade
    ADJUST_ATTITUDE target=civ3
    >>> Berlin grew to size 3
    ADJUST_ATTITUDE target=civ1

══════════════════════════════════════════════════════════════════════
  TURN 46 — 3100 B.C. (8ms)
══════════════════════════════════════════════════════════════════════
  [Civ 1] Romans (despotism): 1 cities, 2 units, 73g, 14 techs, researching Monarchy (14/67)
    Rome: size=4, prod=Legion (26sh), bldgs=Palace, City Walls
    Units: 1x Warriors, 1x Archers
  [Civ 2] Babylonians (despotism): 1 cities, 5 units, 59g, 13 techs, researching Trade (0/31)
    Babylon: size=4, prod=Trireme (9sh), bldgs=Palace, City Walls
    Units: 1x Warriors, 2x Settlers, 1x Horsemen, 1x Archers
  [Civ 3] Germans (despotism): 1 cities, 4 units, 73g, 13 techs, researching Literacy (19/31)
    Berlin: size=3, prod=Settlers (12sh), bldgs=Palace
    Units: 1x Warriors, 1x Horsemen, 1x Archers, 1x Settlers
  [Civ 4] Egyptians (despotism): 1 cities, 4 units, 68g, 14 techs, researching Trade (4/67)
    Thebes: size=2, prod=Catapult (25sh), bldgs=Palace, City Walls
    Units: 1x Warriors, 1x Settlers, 1x Horsemen, 1x Archers
  [Civ 1] Romans turn: 3 actions — ADJUST_ATTITUDE(1), MOVE_UNIT(1), UNIT_ORDER(1)
    ADJUST_ATTITUDE target=civ3
    ADJUST_ATTITUDE target=civ3
    ADJUST_ATTITUDE target=civ1

══════════════════════════════════════════════════════════════════════
  TURN 47 — 3080 B.C. (5ms)
══════════════════════════════════════════════════════════════════════
  [Civ 1] Romans (despotism): 1 cities, 2 units, 75g, 14 techs, researching Monarchy (19/67)
    Rome: size=4, prod=Legion (31sh), bldgs=Palace, City Walls
    Units: 1x Warriors, 1x Archers
  [Civ 2] Babylonians (despotism): 1 cities, 5 units, 61g, 14 techs, researching Trade (4/67)
    Babylon: size=4, prod=Trireme (14sh), bldgs=Palace, City Walls
    Units: 1x Warriors, 2x Settlers, 1x Horsemen, 1x Archers
  [Civ 3] Germans (despotism): 1 cities, 4 units, 75g, 14 techs, researching Literacy (22/67)
    Berlin: size=3, prod=Settlers (15sh), bldgs=Palace
    Units: 1x Warriors, 1x Horsemen, 1x Archers, 1x Settlers
  [Civ 4] Egyptians (despotism): 1 cities, 4 units, 69g, 14 techs, researching Trade (8/67)
    Thebes: size=2, prod=Catapult (29sh), bldgs=Palace, City Walls
    Units: 1x Warriors, 1x Settlers, 1x Horsemen, 1x Archers
  [Civ 1] Romans turn: 3 actions — ADJUST_ATTITUDE(1), MOVE_UNIT(1), UNIT_ORDER(1)
    ADJUST_ATTITUDE target=civ3
    ADJUST_ATTITUDE target=civ3
    ADJUST_ATTITUDE target=civ1

══════════════════════════════════════════════════════════════════════
  TURN 48 — 3060 B.C. (5ms)
══════════════════════════════════════════════════════════════════════
  [Civ 1] Romans (despotism): 1 cities, 2 units, 77g, 14 techs, researching Monarchy (24/67)
    Rome: size=4, prod=Legion (36sh), bldgs=Palace, City Walls
    Units: 1x Warriors, 1x Archers
  [Civ 2] Babylonians (despotism): 1 cities, 5 units, 63g, 14 techs, researching Trade (8/67)
    Babylon: size=4, prod=Trireme (19sh), bldgs=Palace, City Walls
    Units: 1x Warriors, 2x Settlers, 1x Horsemen, 1x Archers
  [Civ 3] Germans (despotism): 1 cities, 4 units, 77g, 14 techs, researching Literacy (25/67)
    Berlin: size=3, prod=Settlers (18sh), bldgs=Palace
    Units: 1x Warriors, 1x Horsemen, 1x Archers, 1x Settlers
  [Civ 4] Egyptians (despotism): 1 cities, 4 units, 70g, 14 techs, researching Trade (12/67)
    Thebes: size=2, prod=Catapult (33sh), bldgs=Palace, City Walls
    Units: 1x Warriors, 1x Settlers, 1x Horsemen, 1x Archers
  [Civ 1] Romans turn: 3 actions — ADJUST_ATTITUDE(1), MOVE_UNIT(1), UNIT_ORDER(1)
    ADJUST_ATTITUDE target=civ3
    ADJUST_ATTITUDE target=civ3
    ADJUST_ATTITUDE target=civ1
    >>> Rome built Legion

══════════════════════════════════════════════════════════════════════
  TURN 49 — 3040 B.C. (7ms)
══════════════════════════════════════════════════════════════════════
  [Civ 1] Romans (despotism): 1 cities, 3 units, 79g, 14 techs, researching Monarchy (29/67)
    Rome: size=4, prod=Legion (1sh), bldgs=Palace, City Walls
    Units: 1x Warriors, 1x Archers, 1x Legion
  [Civ 2] Babylonians (despotism): 1 cities, 5 units, 65g, 14 techs, researching Trade (12/67)
    Babylon: size=4, prod=Trireme (24sh), bldgs=Palace, City Walls
    Units: 1x Warriors, 2x Settlers, 1x Horsemen, 1x Archers
  [Civ 3] Germans (despotism): 1 cities, 4 units, 79g, 14 techs, researching Literacy (28/67)
    Berlin: size=3, prod=Settlers (21sh), bldgs=Palace
    Units: 1x Warriors, 1x Horsemen, 1x Archers, 1x Settlers
  [Civ 4] Egyptians (despotism): 1 cities, 4 units, 71g, 14 techs, researching Trade (16/67)
    Thebes: size=2, prod=Catapult (37sh), bldgs=Palace, City Walls
    Units: 1x Warriors, 1x Settlers, 1x Horsemen, 1x Archers
  [Civ 1] Romans turn: 4 actions — ADJUST_ATTITUDE(1), CHANGE_PRODUCTION(1), MOVE_UNIT(1), UNIT_ORDER(1)
    ADJUST_ATTITUDE target=civ3
    CHANGE_PRODUCTION city=0
    ADJUST_ATTITUDE target=civ3
    ADJUST_ATTITUDE target=civ1
    >>> Thebes built Catapult
    CHANGE_PRODUCTION city=3

══════════════════════════════════════════════════════════════════════
  FINAL SUMMARY
══════════════════════════════════════════════════════════════════════
Game ended at turn 50 (3020 B.C.)

── Civ 1: Romans (despotism) ALIVE ──
  Cities: 1 (peak 1, founded 1)
  Units:  3 (peak 4)
  Treasury: 81g
  Techs discovered: 5 — Warrior Code, Bronze Working, Iron Working, Currency, The Wheel
  Actions: 217 total, 0 idle turns
  Breakdown: UNIT_ORDER(89), MOVE_UNIT(87), ADJUST_ATTITUDE(27), SET_RESEARCH(6), CHANGE_PRODUCTION(4), PROPOSE_TREATY(2), CHANGE_RATES(1), BUILD_CITY(1)
  Army: 1x Warriors, 1x Archers, 1x Legion
  Rome: size=4, shields=5

── Civ 2: Babylonians (despotism) ALIVE ──
  Cities: 1 (peak 1, founded 2)
  Units:  5 (peak 5)
  Treasury: 67g
  Techs discovered: 4 — Mysticism, Code of Laws, Currency, Construction
  Actions: 234 total, 0 idle turns
  Breakdown: UNIT_ORDER(97), MOVE_UNIT(91), ADJUST_ATTITUDE(28), SET_RESEARCH(6), CHANGE_PRODUCTION(4), WORKER_ORDER(3), BUILD_CITY(2), PROPOSE_TREATY(2), CHANGE_RATES(1)
  Army: 1x Warriors, 2x Settlers, 1x Horsemen, 1x Archers
  Babylon: size=4, shields=29

── Civ 3: Germans (despotism) ALIVE ──
  Cities: 1 (peak 1, founded 1)
  Units:  4 (peak 4)
  Treasury: 81g
  Techs discovered: 4 — Map Making, Code of Laws, Writing, Seafaring
  Actions: 234 total, 0 idle turns
  Breakdown: UNIT_ORDER(88), MOVE_UNIT(85), ADJUST_ATTITUDE(46), SET_RESEARCH(6), RESPOND_TREATY(4), CHANGE_PRODUCTION(3), CHANGE_RATES(1), BUILD_CITY(1)
  Army: 1x Warriors, 1x Horsemen, 1x Archers, 1x Settlers
  Berlin: size=3, shields=24

── Civ 4: Egyptians (despotism) ALIVE ──
  Cities: 1 (peak 1, founded 2)
  Units:  5 (peak 4)
  Treasury: 72g
  Techs discovered: 4 — Map Making, Mathematics, Seafaring, The Wheel
  Actions: 143 total, 0 idle turns
  Breakdown: UNIT_ORDER(64), MOVE_UNIT(61), SET_RESEARCH(7), CHANGE_PRODUCTION(5), ADJUST_ATTITUDE(3), BUILD_CITY(2), CHANGE_RATES(1)
  Army: 1x Warriors, 1x Settlers, 1x Horsemen, 1x Archers, 1x Catapult
  Thebes: size=2, shields=0


══════════════════════════════════════════════════════════════════════
  AI BEHAVIOR ANALYSIS
══════════════════════════════════════════════════════════════════════
[Civ 1] Romans:
  WARNING: Only 1 city after 30+ turns

[Civ 2] Babylonians:
  WARNING: 1 units stuck (busy orders outside city)

[Civ 3] Germans:
  WARNING: Only 1 city after 30+ turns
  WARNING: 1 units stuck (busy orders outside city)

[Civ 4] Egyptians:
  WARNING: 1 units stuck (busy orders outside city)

