Charlization AI Headless Simulation
Date: 2026-03-17T00:33:13.643Z
Settings: 50 turns, 4 AI players, 50x80 map, difficulty=prince
Map seed: 18759
Map generated in 63ms
Game initialized: 4 civs, 8 starting units
  Civ 1 (Romans): starts at (23,63) on Grassland
  Civ 2 (Babylonians): starts at (36,8) on Hills
  Civ 3 (Germans): starts at (43,37) on Plains
  Civ 4 (Egyptians): starts at (11,11) on Forest
    SET_RESEARCH tech=Bronze Working
    CHANGE_RATES sci=6 tax=4 lux=undefined
    BUILD_CITY unit=0 name="Rome"
    1 actions REJECTED (of 6)
    SET_RESEARCH tech=Mysticism
    CHANGE_RATES sci=6 tax=4 lux=undefined
    BUILD_CITY unit=2 name="Babylon"
    1 actions REJECTED (of 6)
    END_TURN REJECTED: 1 units still need orders
      #8 Settlers(Settle) @(35,8) mv=3 ord=none hp=full
    SET_RESEARCH tech=Alphabet
    CHANGE_RATES sci=6 tax=4 lux=undefined
    BUILD_CITY unit=4 name="Berlin"
    1 actions REJECTED (of 6)
    SET_RESEARCH tech=Warrior Code
    CHANGE_RATES sci=6 tax=4 lux=undefined
    BUILD_CITY unit=6 name="Thebes"
    1 actions REJECTED (of 6)
    END_TURN REJECTED: 1 units still need orders
      #9 Horsemen(Atk) @(10,11) mv=6 ord=none hp=full

══════════════════════════════════════════════════════════════════════
  TURN 1 — 4000 B.C. (32ms)
══════════════════════════════════════════════════════════════════════
  [Civ 1] Romans (despotism): 1 cities, 1 units, 1g, 3 techs, researching Bronze Working (3/28)
    Rome: size=1, prod=Warriors (2sh), bldgs=Palace
    Units: 1x Warriors
  [Civ 2] Babylonians (despotism): 1 cities, 2 units, 0g, 3 techs, researching Mysticism (0/28)
    Babylon: size=1, prod=Warriors (0sh), bldgs=Palace
    Units: 1x Warriors, 1x Settlers
  [Civ 3] Germans (despotism): 1 cities, 1 units, 0g, 3 techs, researching Alphabet (0/28)
    Berlin: size=1, prod=Warriors (0sh), bldgs=Palace
    Units: 1x Warriors
  [Civ 4] Egyptians (despotism): 1 cities, 2 units, 0g, 3 techs, researching Warrior Code (0/28)
    Thebes: size=1, prod=Warriors (0sh), bldgs=Palace
    Units: 1x Warriors, 1x Horsemen
  [Civ 1] Romans turn: 3 actions — CHANGE_PRODUCTION(1), MOVE_UNIT(1), UNIT_ORDER(1)
    CHANGE_PRODUCTION city=0
    CHANGE_PRODUCTION city=1
    CHANGE_PRODUCTION city=2
    CHANGE_PRODUCTION city=3

══════════════════════════════════════════════════════════════════════
  TURN 2 — 3980 B.C. (15ms)
══════════════════════════════════════════════════════════════════════
  [Civ 1] Romans (despotism): 1 cities, 1 units, 2g, 5 techs, researching Bronze Working (6/36)
    Rome: size=1, prod=Wonder40 (2sh), bldgs=Palace
    Units: 1x Warriors
  [Civ 2] Babylonians (despotism): 1 cities, 2 units, 0g, 4 techs, researching Mysticism (2/33)
    Babylon: size=1, prod=building:3 (0sh), bldgs=Palace
    Units: 1x Warriors, 1x Settlers
  [Civ 3] Germans (despotism): 1 cities, 1 units, 0g, 3 techs, researching Alphabet (2/28)
    Berlin: size=1, prod=building:3 (0sh), bldgs=Palace
    Units: 1x Warriors
  [Civ 4] Egyptians (despotism): 1 cities, 2 units, 0g, 4 techs, researching Warrior Code (2/33)
    Thebes: size=1, prod=building:3 (0sh), bldgs=Palace
    Units: 1x Warriors, 1x Horsemen
  [Civ 1] Romans turn: 2 actions — MOVE_UNIT(1), UNIT_ORDER(1)

══════════════════════════════════════════════════════════════════════
  TURN 3 — 3960 B.C. (8ms)
══════════════════════════════════════════════════════════════════════
  [Civ 1] Romans (despotism): 1 cities, 1 units, 3g, 5 techs, researching Bronze Working (9/36)
    Rome: size=1, prod=Wonder40 (4sh), bldgs=Palace
    Units: 1x Warriors
  [Civ 2] Babylonians (despotism): 1 cities, 2 units, 0g, 4 techs, researching Mysticism (4/33)
    Babylon: size=1, prod=building:3 (2sh), bldgs=Palace
    Units: 1x Warriors, 1x Settlers
  [Civ 3] Germans (despotism): 1 cities, 1 units, 0g, 3 techs, researching Alphabet (4/28)
    Berlin: size=1, prod=building:3 (3sh), bldgs=Palace
    Units: 1x Warriors
  [Civ 4] Egyptians (despotism): 1 cities, 2 units, 0g, 4 techs, researching Warrior Code (4/33)
    Thebes: size=1, prod=building:3 (3sh), bldgs=Palace
    Units: 1x Warriors, 1x Horsemen
  [Civ 1] Romans turn: 2 actions — MOVE_UNIT(1), UNIT_ORDER(1)

══════════════════════════════════════════════════════════════════════
  TURN 4 — 3940 B.C. (6ms)
══════════════════════════════════════════════════════════════════════
  [Civ 1] Romans (despotism): 1 cities, 1 units, 4g, 5 techs, researching Bronze Working (12/36)
    Rome: size=1, prod=Wonder40 (6sh), bldgs=Palace
    Units: 1x Warriors
  [Civ 2] Babylonians (despotism): 1 cities, 2 units, 0g, 5 techs, researching Mysticism (6/36)
    Babylon: size=1, prod=building:3 (4sh), bldgs=Palace
    Units: 1x Warriors, 1x Settlers
  [Civ 3] Germans (despotism): 1 cities, 1 units, 0g, 3 techs, researching Alphabet (6/28)
    Berlin: size=1, prod=building:3 (6sh), bldgs=Palace
    Units: 1x Warriors
  [Civ 4] Egyptians (despotism): 1 cities, 2 units, 0g, 4 techs, researching Warrior Code (6/33)
    Thebes: size=1, prod=building:3 (6sh), bldgs=Palace
    Units: 1x Warriors, 1x Horsemen
  [Civ 1] Romans turn: 2 actions — MOVE_UNIT(1), UNIT_ORDER(1)
    SET_RESEARCH tech=Map Making

══════════════════════════════════════════════════════════════════════
  TURN 5 — 3920 B.C. (6ms)
══════════════════════════════════════════════════════════════════════
  [Civ 1] Romans (despotism): 1 cities, 1 units, 5g, 5 techs, researching Bronze Working (15/36)
    Rome: size=1, prod=Wonder40 (8sh), bldgs=Palace
    Units: 1x Warriors
  [Civ 2] Babylonians (despotism): 1 cities, 2 units, 0g, 5 techs, researching Mysticism (8/36)
    Babylon: size=1, prod=building:3 (6sh), bldgs=Palace
    Units: 1x Warriors, 1x Settlers
  [Civ 3] Germans (despotism): 1 cities, 1 units, 0g, 4 techs, researching Map Making (8/33)
    Berlin: size=1, prod=building:3 (9sh), bldgs=Palace
    Units: 1x Warriors
  [Civ 4] Egyptians (despotism): 1 cities, 2 units, 0g, 5 techs, researching Warrior Code (8/36)
    Thebes: size=1, prod=building:3 (9sh), bldgs=Palace
    Units: 1x Warriors, 1x Horsemen
  [Civ 1] Romans turn: 2 actions — MOVE_UNIT(1), UNIT_ORDER(1)

══════════════════════════════════════════════════════════════════════
  TURN 6 — 3900 B.C. (5ms)
══════════════════════════════════════════════════════════════════════
  [Civ 1] Romans (despotism): 1 cities, 1 units, 6g, 5 techs, researching Bronze Working (18/36)
    Rome: size=1, prod=Wonder40 (10sh), bldgs=Palace
    Units: 1x Warriors
  [Civ 2] Babylonians (despotism): 1 cities, 2 units, 0g, 5 techs, researching Mysticism (10/36)
    Babylon: size=1, prod=building:3 (8sh), bldgs=Palace
    Units: 1x Warriors, 1x Settlers
  [Civ 3] Germans (despotism): 1 cities, 1 units, 0g, 4 techs, researching Map Making (10/33)
    Berlin: size=1, prod=building:3 (12sh), bldgs=Palace
    Units: 1x Warriors
  [Civ 4] Egyptians (despotism): 1 cities, 2 units, 0g, 5 techs, researching Warrior Code (10/36)
    Thebes: size=1, prod=building:3 (12sh), bldgs=Palace
    Units: 1x Warriors, 1x Horsemen
  [Civ 1] Romans turn: 2 actions — MOVE_UNIT(1), UNIT_ORDER(1)

══════════════════════════════════════════════════════════════════════
  TURN 7 — 3880 B.C. (8ms)
══════════════════════════════════════════════════════════════════════
  [Civ 1] Romans (despotism): 1 cities, 1 units, 7g, 5 techs, researching Bronze Working (21/36)
    Rome: size=1, prod=Wonder40 (12sh), bldgs=Palace
    Units: 1x Warriors
  [Civ 2] Babylonians (despotism): 1 cities, 2 units, 0g, 5 techs, researching Mysticism (12/36)
    Babylon: size=1, prod=building:3 (10sh), bldgs=Palace
    Units: 1x Warriors, 1x Settlers
  [Civ 3] Germans (despotism): 1 cities, 1 units, 0g, 4 techs, researching Map Making (12/33)
    Berlin: size=1, prod=building:3 (15sh), bldgs=Palace
    Units: 1x Warriors
  [Civ 4] Egyptians (despotism): 1 cities, 2 units, 0g, 5 techs, researching Warrior Code (12/36)
    Thebes: size=1, prod=building:3 (15sh), bldgs=Palace
    Units: 1x Warriors, 1x Horsemen
  [Civ 1] Romans turn: 2 actions — MOVE_UNIT(1), UNIT_ORDER(1)

══════════════════════════════════════════════════════════════════════
  TURN 8 — 3860 B.C. (5ms)
══════════════════════════════════════════════════════════════════════
  [Civ 1] Romans (despotism): 1 cities, 1 units, 8g, 5 techs, researching Bronze Working (24/36)
    Rome: size=1, prod=Wonder40 (14sh), bldgs=Palace
    Units: 1x Warriors
  [Civ 2] Babylonians (despotism): 1 cities, 2 units, 0g, 5 techs, researching Mysticism (14/36)
    Babylon: size=1, prod=building:3 (12sh), bldgs=Palace
    Units: 1x Warriors, 1x Settlers
  [Civ 3] Germans (despotism): 1 cities, 1 units, 0g, 4 techs, researching Map Making (14/33)
    Berlin: size=1, prod=building:3 (18sh), bldgs=Palace
    Units: 1x Warriors
  [Civ 4] Egyptians (despotism): 1 cities, 2 units, 0g, 5 techs, researching Warrior Code (14/36)
    Thebes: size=1, prod=building:3 (18sh), bldgs=Palace
    Units: 1x Warriors, 1x Horsemen
  [Civ 1] Romans turn: 2 actions — MOVE_UNIT(1), UNIT_ORDER(1)

══════════════════════════════════════════════════════════════════════
  TURN 9 — 3840 B.C. (8ms)
══════════════════════════════════════════════════════════════════════
  [Civ 1] Romans (despotism): 1 cities, 0 units, 9g, 5 techs, researching Bronze Working (27/36)
    Rome: size=1, prod=Wonder40 (16sh), bldgs=Palace
    Units: none
  [Civ 2] Babylonians (despotism): 1 cities, 2 units, 0g, 5 techs, researching Mysticism (16/36)
    Babylon: size=1, prod=building:3 (14sh), bldgs=Palace
    Units: 1x Warriors, 1x Settlers
  [Civ 3] Germans (despotism): 1 cities, 1 units, 0g, 4 techs, researching Map Making (16/33)
    Berlin: size=1, prod=building:3 (21sh), bldgs=Palace
    Units: 1x Warriors
  [Civ 4] Egyptians (despotism): 1 cities, 2 units, 0g, 5 techs, researching Warrior Code (16/36)
    Thebes: size=1, prod=building:3 (21sh), bldgs=Palace
    Units: 1x Warriors, 1x Horsemen
  [Civ 1] Romans turn: 0 actions — idle
    >>> Rome grew to size 2

══════════════════════════════════════════════════════════════════════
  TURN 10 — 3820 B.C. (6ms)
══════════════════════════════════════════════════════════════════════
  [Civ 1] Romans (despotism): 1 cities, 0 units, 11g, 5 techs, researching Bronze Working (30/36)
    Rome: size=2, prod=Wonder40 (18sh), bldgs=Palace
    Units: none
  [Civ 2] Babylonians (despotism): 1 cities, 2 units, 0g, 5 techs, researching Mysticism (18/36)
    Babylon: size=1, prod=building:3 (16sh), bldgs=Palace
    Units: 1x Warriors, 1x Settlers
  [Civ 3] Germans (despotism): 1 cities, 1 units, 0g, 4 techs, researching Map Making (18/33)
    Berlin: size=1, prod=building:3 (24sh), bldgs=Palace
    Units: 1x Warriors
  [Civ 4] Egyptians (despotism): 1 cities, 2 units, 0g, 5 techs, researching Warrior Code (18/36)
    Thebes: size=1, prod=building:3 (24sh), bldgs=Palace
    Units: 1x Warriors, 1x Horsemen
  [Civ 1] Romans turn: 0 actions — idle
    >>> Babylon grew to size 2

══════════════════════════════════════════════════════════════════════
  TURN 11 — 3800 B.C. (5ms)
══════════════════════════════════════════════════════════════════════
  [Civ 1] Romans (despotism): 1 cities, 0 units, 13g, 5 techs, researching Bronze Working (33/36)
    Rome: size=2, prod=Wonder40 (21sh), bldgs=Palace
    Units: none
  [Civ 2] Babylonians (despotism): 1 cities, 2 units, 1g, 5 techs, researching Mysticism (21/36)
    Babylon: size=2, prod=building:3 (18sh), bldgs=Palace
    Units: 1x Warriors, 1x Settlers
  [Civ 3] Germans (despotism): 1 cities, 1 units, 0g, 4 techs, researching Map Making (20/33)
    Berlin: size=1, prod=building:3 (27sh), bldgs=Palace
    Units: 1x Warriors
  [Civ 4] Egyptians (despotism): 1 cities, 2 units, 0g, 5 techs, researching Warrior Code (20/36)
    Thebes: size=1, prod=building:3 (27sh), bldgs=Palace
    Units: 1x Warriors, 1x Horsemen
  [Civ 1] Romans turn: 0 actions — idle
    >>> Romans discovered: Bronze Working

══════════════════════════════════════════════════════════════════════
  TURN 12 — 3780 B.C. (8ms)
══════════════════════════════════════════════════════════════════════
  [Civ 1] Romans (despotism): 1 cities, 0 units, 13g, 6 techs, researching none (0/36)
    Rome: size=2, prod=Wonder40 (24sh), bldgs=Palace
    Units: none
  [Civ 2] Babylonians (despotism): 1 cities, 2 units, 2g, 5 techs, researching Mysticism (24/36)
    Babylon: size=2, prod=building:3 (21sh), bldgs=Palace
    Units: 1x Warriors, 1x Settlers
  [Civ 3] Germans (despotism): 1 cities, 1 units, 0g, 4 techs, researching Map Making (22/33)
    Berlin: size=1, prod=building:3 (30sh), bldgs=Palace
    Units: 1x Warriors
  [Civ 4] Egyptians (despotism): 1 cities, 2 units, 0g, 6 techs, researching Warrior Code (22/36)
    Thebes: size=1, prod=building:3 (30sh), bldgs=Palace
    Units: 1x Warriors, 1x Horsemen
  [Civ 1] Romans turn: 1 actions — SET_RESEARCH(1)
    SET_RESEARCH tech=Iron Working
    END_TURN REJECTED: 1 units still need orders
      #15 Archers(Atk) @(44,44) mv=3 ord=none hp=full

══════════════════════════════════════════════════════════════════════
  TURN 13 — 3760 B.C. (5ms)
══════════════════════════════════════════════════════════════════════
  [Civ 1] Romans (despotism): 1 cities, 0 units, 15g, 7 techs, researching Iron Working (3/33)
    Rome: size=2, prod=Wonder40 (27sh), bldgs=Palace
    Units: none
  [Civ 2] Babylonians (despotism): 1 cities, 2 units, 3g, 5 techs, researching Mysticism (27/36)
    Babylon: size=2, prod=building:3 (24sh), bldgs=Palace
    Units: 1x Warriors, 1x Settlers
  [Civ 3] Germans (despotism): 1 cities, 2 units, 0g, 4 techs, researching Map Making (24/33)
    Berlin: size=1, prod=building:3 (33sh), bldgs=Palace
    Units: 1x Warriors, 1x Archers
  [Civ 4] Egyptians (despotism): 1 cities, 2 units, 0g, 6 techs, researching Warrior Code (24/36)
    Thebes: size=1, prod=building:3 (33sh), bldgs=Palace
    Units: 1x Warriors, 1x Horsemen
  [Civ 1] Romans turn: 0 actions — idle

══════════════════════════════════════════════════════════════════════
  TURN 14 — 3740 B.C. (5ms)
══════════════════════════════════════════════════════════════════════
  [Civ 1] Romans (despotism): 1 cities, 0 units, 17g, 7 techs, researching Iron Working (6/33)
    Rome: size=2, prod=Wonder40 (30sh), bldgs=Palace
    Units: none
  [Civ 2] Babylonians (despotism): 1 cities, 2 units, 4g, 6 techs, researching Mysticism (30/36)
    Babylon: size=2, prod=building:3 (27sh), bldgs=Palace
    Units: 1x Warriors, 1x Settlers
  [Civ 3] Germans (despotism): 1 cities, 2 units, 0g, 6 techs, researching Map Making (26/36)
    Berlin: size=1, prod=building:3 (36sh), bldgs=Palace
    Units: 1x Warriors, 1x Archers
  [Civ 4] Egyptians (despotism): 1 cities, 2 units, 0g, 6 techs, researching Warrior Code (26/36)
    Thebes: size=1, prod=building:3 (36sh), bldgs=Palace
    Units: 1x Warriors, 1x Horsemen
  [Civ 1] Romans turn: 0 actions — idle

══════════════════════════════════════════════════════════════════════
  TURN 15 — 3720 B.C. (5ms)
══════════════════════════════════════════════════════════════════════
  [Civ 1] Romans (despotism): 1 cities, 0 units, 19g, 7 techs, researching Iron Working (9/33)
    Rome: size=2, prod=Wonder40 (33sh), bldgs=Palace
    Units: none
  [Civ 2] Babylonians (despotism): 1 cities, 2 units, 5g, 6 techs, researching Mysticism (33/36)
    Babylon: size=2, prod=building:3 (30sh), bldgs=Palace
    Units: 1x Warriors, 1x Settlers
  [Civ 3] Germans (despotism): 1 cities, 2 units, 0g, 6 techs, researching Map Making (28/36)
    Berlin: size=1, prod=building:3 (39sh), bldgs=Palace
    Units: 1x Warriors, 1x Archers
  [Civ 4] Egyptians (despotism): 1 cities, 2 units, 0g, 6 techs, researching Warrior Code (28/36)
    Thebes: size=1, prod=building:3 (39sh), bldgs=Palace
    Units: 1x Warriors, 1x Horsemen
  [Civ 1] Romans turn: 0 actions — idle
    >>> Babylonians discovered: Mysticism
    SET_RESEARCH tech=Code of Laws

══════════════════════════════════════════════════════════════════════
  TURN 16 — 3700 B.C. (6ms)
══════════════════════════════════════════════════════════════════════
  [Civ 1] Romans (despotism): 1 cities, 0 units, 21g, 7 techs, researching Iron Working (12/33)
    Rome: size=2, prod=Wonder40 (36sh), bldgs=Palace
    Units: none
  [Civ 2] Babylonians (despotism): 1 cities, 2 units, 5g, 7 techs, researching Code of Laws (0/33)
    Babylon: size=2, prod=building:3 (33sh), bldgs=Palace
    Units: 1x Warriors, 1x Settlers
  [Civ 3] Germans (despotism): 1 cities, 2 units, 0g, 6 techs, researching Map Making (30/36)
    Berlin: size=1, prod=building:3 (42sh), bldgs=Palace
    Units: 1x Warriors, 1x Archers
  [Civ 4] Egyptians (despotism): 1 cities, 2 units, 0g, 6 techs, researching Warrior Code (30/36)
    Thebes: size=1, prod=building:3 (42sh), bldgs=Palace
    Units: 1x Warriors, 1x Horsemen
  [Civ 1] Romans turn: 0 actions — idle

══════════════════════════════════════════════════════════════════════
  TURN 17 — 3680 B.C. (6ms)
══════════════════════════════════════════════════════════════════════
  [Civ 1] Romans (despotism): 1 cities, 0 units, 23g, 7 techs, researching Iron Working (15/33)
    Rome: size=2, prod=Wonder40 (39sh), bldgs=Palace
    Units: none
  [Civ 2] Babylonians (despotism): 1 cities, 2 units, 6g, 7 techs, researching Code of Laws (3/33)
    Babylon: size=2, prod=building:3 (36sh), bldgs=Palace
    Units: 1x Warriors, 1x Settlers
  [Civ 3] Germans (despotism): 1 cities, 2 units, 0g, 6 techs, researching Map Making (32/36)
    Berlin: size=1, prod=building:3 (45sh), bldgs=Palace
    Units: 1x Warriors, 1x Archers
  [Civ 4] Egyptians (despotism): 1 cities, 2 units, 0g, 6 techs, researching Warrior Code (32/36)
    Thebes: size=1, prod=building:3 (45sh), bldgs=Palace
    Units: 1x Warriors, 1x Horsemen
  [Civ 1] Romans turn: 0 actions — idle

══════════════════════════════════════════════════════════════════════
  TURN 18 — 3660 B.C. (4ms)
══════════════════════════════════════════════════════════════════════
  [Civ 1] Romans (despotism): 1 cities, 0 units, 25g, 7 techs, researching Iron Working (18/33)
    Rome: size=2, prod=Wonder40 (42sh), bldgs=Palace
    Units: none
  [Civ 2] Babylonians (despotism): 1 cities, 2 units, 7g, 7 techs, researching Code of Laws (6/33)
    Babylon: size=2, prod=building:3 (39sh), bldgs=Palace
    Units: 1x Warriors, 1x Settlers
  [Civ 3] Germans (despotism): 1 cities, 2 units, 0g, 6 techs, researching Map Making (34/36)
    Berlin: size=1, prod=building:3 (48sh), bldgs=Palace
    Units: 1x Warriors, 1x Archers
  [Civ 4] Egyptians (despotism): 1 cities, 2 units, 0g, 6 techs, researching Warrior Code (34/36)
    Thebes: size=1, prod=building:3 (48sh), bldgs=Palace
    Units: 1x Warriors, 1x Horsemen
  [Civ 1] Romans turn: 0 actions — idle
    >>> Germans discovered: Map Making
    SET_RESEARCH tech=Currency
    >>> Egyptians discovered: Warrior Code
    SET_RESEARCH tech=Iron Working

══════════════════════════════════════════════════════════════════════
  TURN 19 — 3640 B.C. (7ms)
══════════════════════════════════════════════════════════════════════
  [Civ 1] Romans (despotism): 1 cities, 0 units, 27g, 7 techs, researching Iron Working (21/33)
    Rome: size=2, prod=Wonder40 (45sh), bldgs=Palace
    Units: none
  [Civ 2] Babylonians (despotism): 1 cities, 2 units, 8g, 7 techs, researching Code of Laws (9/33)
    Babylon: size=2, prod=building:3 (42sh), bldgs=Palace
    Units: 1x Warriors, 1x Settlers
  [Civ 3] Germans (despotism): 1 cities, 2 units, 0g, 7 techs, researching Currency (0/33)
    Berlin: size=1, prod=building:3 (51sh), bldgs=Palace
    Units: 1x Warriors, 1x Archers
  [Civ 4] Egyptians (despotism): 1 cities, 2 units, 0g, 7 techs, researching Iron Working (0/33)
    Thebes: size=1, prod=building:3 (51sh), bldgs=Palace
    Units: 1x Warriors, 1x Horsemen
  [Civ 1] Romans turn: 0 actions — idle

══════════════════════════════════════════════════════════════════════
  TURN 20 — 3620 B.C. (5ms)
══════════════════════════════════════════════════════════════════════
  [Civ 1] Romans (despotism): 1 cities, 0 units, 29g, 7 techs, researching Iron Working (24/33)
    Rome: size=2, prod=Wonder40 (48sh), bldgs=Palace
    Units: none
  [Civ 2] Babylonians (despotism): 1 cities, 2 units, 9g, 7 techs, researching Code of Laws (12/33)
    Babylon: size=2, prod=building:3 (45sh), bldgs=Palace
    Units: 1x Warriors, 1x Settlers
  [Civ 3] Germans (despotism): 1 cities, 2 units, 0g, 7 techs, researching Currency (2/33)
    Berlin: size=1, prod=building:3 (54sh), bldgs=Palace
    Units: 1x Warriors, 1x Archers
  [Civ 4] Egyptians (despotism): 1 cities, 2 units, 0g, 7 techs, researching Iron Working (2/33)
    Thebes: size=1, prod=building:3 (54sh), bldgs=Palace
    Units: 1x Warriors, 1x Horsemen
  [Civ 1] Romans turn: 0 actions — idle
    >>> Berlin grew to size 2
    >>> Thebes grew to size 2

══════════════════════════════════════════════════════════════════════
  TURN 21 — 3600 B.C. (5ms)
══════════════════════════════════════════════════════════════════════
  [Civ 1] Romans (despotism): 1 cities, 0 units, 31g, 7 techs, researching Iron Working (27/33)
    Rome: size=2, prod=Wonder40 (51sh), bldgs=Palace
    Units: none
  [Civ 2] Babylonians (despotism): 1 cities, 2 units, 10g, 8 techs, researching Code of Laws (15/28)
    Babylon: size=2, prod=building:3 (48sh), bldgs=Palace
    Units: 1x Warriors, 1x Settlers
  [Civ 3] Germans (despotism): 1 cities, 2 units, 1g, 8 techs, researching Currency (4/28)
    Berlin: size=2, prod=building:3 (57sh), bldgs=Palace
    Units: 1x Warriors, 1x Archers
  [Civ 4] Egyptians (despotism): 1 cities, 2 units, 1g, 7 techs, researching Iron Working (5/33)
    Thebes: size=2, prod=building:3 (57sh), bldgs=Palace
    Units: 1x Warriors, 1x Horsemen
  [Civ 1] Romans turn: 0 actions — idle
    >>> Berlin built building:3
    CHANGE_PRODUCTION city=2
    >>> Thebes built building:3
    CHANGE_PRODUCTION city=3

══════════════════════════════════════════════════════════════════════
  TURN 22 — 3580 B.C. (5ms)
══════════════════════════════════════════════════════════════════════
  [Civ 1] Romans (despotism): 1 cities, 0 units, 33g, 7 techs, researching Iron Working (30/33)
    Rome: size=2, prod=Wonder40 (54sh), bldgs=Palace
    Units: none
  [Civ 2] Babylonians (despotism): 1 cities, 2 units, 11g, 8 techs, researching Code of Laws (18/28)
    Babylon: size=2, prod=building:3 (51sh), bldgs=Palace
    Units: 1x Warriors, 1x Settlers
  [Civ 3] Germans (despotism): 1 cities, 2 units, 1g, 8 techs, researching Currency (6/28)
    Berlin: size=2, prod=Trireme (0sh), bldgs=Palace, Granary
    Units: 1x Warriors, 1x Archers
  [Civ 4] Egyptians (despotism): 1 cities, 2 units, 1g, 7 techs, researching Iron Working (8/33)
    Thebes: size=2, prod=Settlers (0sh), bldgs=Palace, Granary
    Units: 1x Warriors, 1x Horsemen
  [Civ 1] Romans turn: 0 actions — idle
    >>> Romans discovered: Iron Working

══════════════════════════════════════════════════════════════════════
  TURN 23 — 3560 B.C. (4ms)
══════════════════════════════════════════════════════════════════════
  [Civ 1] Romans (despotism): 1 cities, 0 units, 33g, 8 techs, researching none (0/28)
    Rome: size=2, prod=Wonder40 (57sh), bldgs=Palace
    Units: none
  [Civ 2] Babylonians (despotism): 1 cities, 2 units, 12g, 8 techs, researching Code of Laws (21/28)
    Babylon: size=2, prod=building:3 (54sh), bldgs=Palace
    Units: 1x Warriors, 1x Settlers
  [Civ 3] Germans (despotism): 1 cities, 2 units, 1g, 8 techs, researching Currency (8/28)
    Berlin: size=2, prod=Trireme (3sh), bldgs=Palace, Granary
    Units: 1x Warriors, 1x Archers
  [Civ 4] Egyptians (despotism): 1 cities, 2 units, 1g, 7 techs, researching Iron Working (11/33)
    Thebes: size=2, prod=Settlers (4sh), bldgs=Palace, Granary
    Units: 1x Warriors, 1x Horsemen
  [Civ 1] Romans turn: 1 actions — SET_RESEARCH(1)
    SET_RESEARCH tech=Currency

══════════════════════════════════════════════════════════════════════
  TURN 24 — 3540 B.C. (4ms)
══════════════════════════════════════════════════════════════════════
  [Civ 1] Romans (despotism): 1 cities, 0 units, 35g, 8 techs, researching Currency (3/28)
    Rome: size=2, prod=Wonder40 (60sh), bldgs=Palace
    Units: none
  [Civ 2] Babylonians (despotism): 1 cities, 2 units, 13g, 8 techs, researching Code of Laws (24/28)
    Babylon: size=2, prod=building:3 (57sh), bldgs=Palace
    Units: 1x Warriors, 1x Settlers
  [Civ 3] Germans (despotism): 1 cities, 2 units, 1g, 8 techs, researching Currency (10/28)
    Berlin: size=2, prod=Trireme (6sh), bldgs=Palace, Granary
    Units: 1x Warriors, 1x Archers
  [Civ 4] Egyptians (despotism): 1 cities, 2 units, 1g, 7 techs, researching Iron Working (14/33)
    Thebes: size=2, prod=Settlers (8sh), bldgs=Palace, Granary
    Units: 1x Warriors, 1x Horsemen
  [Civ 1] Romans turn: 0 actions — idle
    >>> Babylon built building:3
    CHANGE_PRODUCTION city=1
    >>> Rome grew to size 3

══════════════════════════════════════════════════════════════════════
  TURN 25 — 3520 B.C. (3ms)
══════════════════════════════════════════════════════════════════════
  [Civ 1] Romans (despotism): 1 cities, 0 units, 37g, 8 techs, researching Currency (7/28)
    Rome: size=3, prod=Wonder40 (63sh), bldgs=Palace
    Units: none
  [Civ 2] Babylonians (despotism): 1 cities, 2 units, 13g, 8 techs, researching Code of Laws (27/28)
    Babylon: size=2, prod=Wonder45 (0sh), bldgs=Palace, Granary
    Units: 1x Warriors, 1x Settlers
  [Civ 3] Germans (despotism): 1 cities, 2 units, 1g, 8 techs, researching Currency (12/28)
    Berlin: size=2, prod=Trireme (9sh), bldgs=Palace, Granary
    Units: 1x Warriors, 1x Archers
  [Civ 4] Egyptians (despotism): 1 cities, 2 units, 1g, 7 techs, researching Iron Working (17/33)
    Thebes: size=2, prod=Settlers (12sh), bldgs=Palace, Granary
    Units: 1x Warriors, 1x Horsemen
  [Civ 1] Romans turn: 0 actions — idle
    >>> Babylonians discovered: Code of Laws
    >>> Babylon grew to size 3
    SET_RESEARCH tech=Mathematics
    CHANGE_PRODUCTION city=1

══════════════════════════════════════════════════════════════════════
  TURN 26 — 3500 B.C. (5ms)
══════════════════════════════════════════════════════════════════════
  [Civ 1] Romans (despotism): 1 cities, 0 units, 39g, 8 techs, researching Currency (11/28)
    Rome: size=3, prod=Wonder40 (67sh), bldgs=Palace
    Units: none
  [Civ 2] Babylonians (despotism): 1 cities, 2 units, 13g, 9 techs, researching Mathematics (0/32)
    Babylon: size=3, prod=building:7 (0sh), bldgs=Palace, Granary
    Units: 1x Warriors, 1x Settlers
  [Civ 3] Germans (despotism): 1 cities, 2 units, 1g, 8 techs, researching Currency (14/28)
    Berlin: size=2, prod=Trireme (12sh), bldgs=Palace, Granary
    Units: 1x Warriors, 1x Archers
  [Civ 4] Egyptians (despotism): 1 cities, 2 units, 1g, 7 techs, researching Iron Working (20/33)
    Thebes: size=2, prod=Settlers (16sh), bldgs=Palace, Granary
    Units: 1x Warriors, 1x Horsemen
  [Civ 1] Romans turn: 0 actions — idle

══════════════════════════════════════════════════════════════════════
  TURN 27 — 3480 B.C. (6ms)
══════════════════════════════════════════════════════════════════════
  [Civ 1] Romans (despotism): 1 cities, 0 units, 41g, 8 techs, researching Currency (15/28)
    Rome: size=3, prod=Wonder40 (71sh), bldgs=Palace
    Units: none
  [Civ 2] Babylonians (despotism): 1 cities, 2 units, 14g, 9 techs, researching Mathematics (3/32)
    Babylon: size=3, prod=building:7 (4sh), bldgs=Palace, Granary
    Units: 1x Warriors, 1x Settlers
  [Civ 3] Germans (despotism): 1 cities, 2 units, 1g, 8 techs, researching Currency (16/28)
    Berlin: size=2, prod=Trireme (15sh), bldgs=Palace, Granary
    Units: 1x Warriors, 1x Archers
  [Civ 4] Egyptians (despotism): 1 cities, 2 units, 1g, 7 techs, researching Iron Working (23/33)
    Thebes: size=2, prod=Settlers (20sh), bldgs=Palace, Granary
    Units: 1x Warriors, 1x Horsemen
  [Civ 1] Romans turn: 0 actions — idle

══════════════════════════════════════════════════════════════════════
  TURN 28 — 3460 B.C. (4ms)
══════════════════════════════════════════════════════════════════════
  [Civ 1] Romans (despotism): 1 cities, 0 units, 43g, 8 techs, researching Currency (19/28)
    Rome: size=3, prod=Wonder40 (75sh), bldgs=Palace
    Units: none
  [Civ 2] Babylonians (despotism): 1 cities, 2 units, 15g, 9 techs, researching Mathematics (6/32)
    Babylon: size=3, prod=building:7 (8sh), bldgs=Palace, Granary
    Units: 1x Warriors, 1x Settlers
  [Civ 3] Germans (despotism): 1 cities, 2 units, 1g, 8 techs, researching Currency (18/28)
    Berlin: size=2, prod=Trireme (18sh), bldgs=Palace, Granary
    Units: 1x Warriors, 1x Archers
  [Civ 4] Egyptians (despotism): 1 cities, 2 units, 1g, 7 techs, researching Iron Working (26/33)
    Thebes: size=2, prod=Settlers (24sh), bldgs=Palace, Granary
    Units: 1x Warriors, 1x Horsemen
  [Civ 1] Romans turn: 0 actions — idle

══════════════════════════════════════════════════════════════════════
  TURN 29 — 3440 B.C. (4ms)
══════════════════════════════════════════════════════════════════════
  [Civ 1] Romans (despotism): 1 cities, 0 units, 45g, 8 techs, researching Currency (23/28)
    Rome: size=3, prod=Wonder40 (79sh), bldgs=Palace
    Units: none
  [Civ 2] Babylonians (despotism): 1 cities, 2 units, 16g, 9 techs, researching Mathematics (9/32)
    Babylon: size=3, prod=building:7 (12sh), bldgs=Palace, Granary
    Units: 1x Warriors, 1x Settlers
  [Civ 3] Germans (despotism): 1 cities, 2 units, 1g, 8 techs, researching Currency (20/28)
    Berlin: size=2, prod=Trireme (21sh), bldgs=Palace, Granary
    Units: 1x Warriors, 1x Archers
  [Civ 4] Egyptians (despotism): 1 cities, 2 units, 1g, 7 techs, researching Iron Working (29/33)
    Thebes: size=2, prod=Settlers (28sh), bldgs=Palace, Granary
    Units: 1x Warriors, 1x Horsemen
  [Civ 1] Romans turn: 0 actions — idle

══════════════════════════════════════════════════════════════════════
  TURN 30 — 3420 B.C. (4ms)
══════════════════════════════════════════════════════════════════════
  [Civ 1] Romans (despotism): 1 cities, 0 units, 47g, 8 techs, researching Currency (27/28)
    Rome: size=3, prod=Wonder40 (83sh), bldgs=Palace
    Units: none
  [Civ 2] Babylonians (despotism): 1 cities, 2 units, 17g, 9 techs, researching Mathematics (12/32)
    Babylon: size=3, prod=building:7 (16sh), bldgs=Palace, Granary
    Units: 1x Warriors, 1x Settlers
  [Civ 3] Germans (despotism): 1 cities, 2 units, 1g, 8 techs, researching Currency (22/28)
    Berlin: size=2, prod=Trireme (24sh), bldgs=Palace, Granary
    Units: 1x Warriors, 1x Archers
  [Civ 4] Egyptians (despotism): 1 cities, 2 units, 1g, 7 techs, researching Iron Working (32/33)
    Thebes: size=2, prod=Settlers (32sh), bldgs=Palace, Granary
    Units: 1x Warriors, 1x Horsemen
  [Civ 1] Romans turn: 0 actions — idle
    >>> Egyptians discovered: Iron Working
    SET_RESEARCH tech=Code of Laws
    >>> Romans discovered: Currency

══════════════════════════════════════════════════════════════════════
  TURN 31 — 3400 B.C. (4ms)
══════════════════════════════════════════════════════════════════════
  [Civ 1] Romans (despotism): 1 cities, 0 units, 47g, 9 techs, researching none (0/32)
    Rome: size=3, prod=Wonder40 (87sh), bldgs=Palace
    Units: none
  [Civ 2] Babylonians (despotism): 1 cities, 2 units, 18g, 9 techs, researching Mathematics (15/32)
    Babylon: size=3, prod=building:7 (20sh), bldgs=Palace, Granary
    Units: 1x Warriors, 1x Settlers
  [Civ 3] Germans (despotism): 1 cities, 2 units, 1g, 8 techs, researching Currency (24/28)
    Berlin: size=2, prod=Trireme (27sh), bldgs=Palace, Granary
    Units: 1x Warriors, 1x Archers
  [Civ 4] Egyptians (despotism): 1 cities, 2 units, 1g, 8 techs, researching Code of Laws (0/28)
    Thebes: size=2, prod=Settlers (36sh), bldgs=Palace, Granary
    Units: 1x Warriors, 1x Horsemen
  [Civ 1] Romans turn: 1 actions — SET_RESEARCH(1)
    SET_RESEARCH tech=Mathematics
    >>> Thebes built Settlers
    CHANGE_PRODUCTION city=3

══════════════════════════════════════════════════════════════════════
  TURN 32 — 3380 B.C. (4ms)
══════════════════════════════════════════════════════════════════════
  [Civ 1] Romans (despotism): 1 cities, 0 units, 49g, 9 techs, researching Mathematics (4/32)
    Rome: size=3, prod=Wonder40 (91sh), bldgs=Palace
    Units: none
  [Civ 2] Babylonians (despotism): 1 cities, 2 units, 19g, 9 techs, researching Mathematics (18/32)
    Babylon: size=3, prod=building:7 (24sh), bldgs=Palace, Granary
    Units: 1x Warriors, 1x Settlers
  [Civ 3] Germans (despotism): 1 cities, 2 units, 1g, 8 techs, researching Currency (26/28)
    Berlin: size=2, prod=Trireme (30sh), bldgs=Palace, Granary
    Units: 1x Warriors, 1x Archers
  [Civ 4] Egyptians (despotism): 1 cities, 3 units, 0g, 8 techs, researching Code of Laws (2/28)
    Thebes: size=1, prod=Wonder39 (0sh), bldgs=Palace, Granary
    Units: 1x Warriors, 1x Horsemen, 1x Settlers
  [Civ 1] Romans turn: 3 actions — ADJUST_ATTITUDE(3)
    ADJUST_ATTITUDE target=civ2
    ADJUST_ATTITUDE target=civ3
    ADJUST_ATTITUDE target=civ4
    ADJUST_ATTITUDE target=civ1
    ADJUST_ATTITUDE target=civ3
    ADJUST_ATTITUDE target=civ4
    >>> Germans discovered: Currency
    SET_RESEARCH tech=Construction
    ADJUST_ATTITUDE target=civ1
    ADJUST_ATTITUDE target=civ2
    ADJUST_ATTITUDE target=civ4
    >>> Thebes sold Granary
    ADJUST_ATTITUDE target=civ1
    ADJUST_ATTITUDE target=civ2
    ADJUST_ATTITUDE target=civ3

══════════════════════════════════════════════════════════════════════
  TURN 33 — 3360 B.C. (11ms)
══════════════════════════════════════════════════════════════════════
  [Civ 1] Romans (despotism): 1 cities, 0 units, 51g, 9 techs, researching Mathematics (8/21)
    Rome: size=3, prod=Wonder40 (95sh), bldgs=Palace
    Units: none
  [Civ 2] Babylonians (despotism): 1 cities, 2 units, 20g, 10 techs, researching Mathematics (21/48)
    Babylon: size=3, prod=building:7 (28sh), bldgs=Palace, Granary
    Units: 1x Warriors, 1x Settlers
  [Civ 3] Germans (despotism): 1 cities, 2 units, 1g, 10 techs, researching Construction (0/48)
    Berlin: size=2, prod=Trireme (33sh), bldgs=Palace, Granary
    Units: 1x Warriors, 1x Archers
  [Civ 4] Egyptians (despotism): 1 cities, 3 units, 59g, 8 techs, researching Code of Laws (4/28)
    Thebes: size=1, prod=Wonder39 (3sh), bldgs=Palace
    Units: 1x Warriors, 1x Horsemen, 1x Settlers
  [Civ 1] Romans turn: 0 actions — idle

══════════════════════════════════════════════════════════════════════
  TURN 34 — 3340 B.C. (6ms)
══════════════════════════════════════════════════════════════════════
  [Civ 1] Romans (despotism): 1 cities, 0 units, 53g, 9 techs, researching Mathematics (12/21)
    Rome: size=3, prod=Wonder40 (99sh), bldgs=Palace
    Units: none
  [Civ 2] Babylonians (despotism): 1 cities, 2 units, 21g, 10 techs, researching Mathematics (24/48)
    Babylon: size=3, prod=building:7 (32sh), bldgs=Palace, Granary
    Units: 1x Warriors, 1x Settlers
  [Civ 3] Germans (despotism): 1 cities, 2 units, 1g, 10 techs, researching Construction (2/48)
    Berlin: size=2, prod=Trireme (36sh), bldgs=Palace, Granary
    Units: 1x Warriors, 1x Archers
  [Civ 4] Egyptians (despotism): 1 cities, 3 units, 59g, 9 techs, researching Code of Laws (6/21)
    Thebes: size=1, prod=Wonder39 (6sh), bldgs=Palace
    Units: 1x Warriors, 1x Horsemen, 1x Settlers
  [Civ 1] Romans turn: 0 actions — idle

══════════════════════════════════════════════════════════════════════
  TURN 35 — 3320 B.C. (4ms)
══════════════════════════════════════════════════════════════════════
  [Civ 1] Romans (despotism): 1 cities, 0 units, 55g, 9 techs, researching Mathematics (16/21)
    Rome: size=3, prod=Wonder40 (103sh), bldgs=Palace
    Units: none
  [Civ 2] Babylonians (despotism): 1 cities, 2 units, 22g, 11 techs, researching Mathematics (27/52)
    Babylon: size=3, prod=building:7 (36sh), bldgs=Palace, Granary
    Units: 1x Warriors, 1x Settlers
  [Civ 3] Germans (despotism): 1 cities, 2 units, 1g, 10 techs, researching Construction (4/24)
    Berlin: size=2, prod=Trireme (39sh), bldgs=Palace, Granary
    Units: 1x Warriors, 1x Archers
  [Civ 4] Egyptians (despotism): 1 cities, 3 units, 59g, 9 techs, researching Code of Laws (8/21)
    Thebes: size=1, prod=Wonder39 (9sh), bldgs=Palace
    Units: 1x Warriors, 1x Horsemen, 1x Settlers
  [Civ 1] Romans turn: 0 actions — idle
    >>> Berlin built Trireme
    CHANGE_PRODUCTION city=2

══════════════════════════════════════════════════════════════════════
  TURN 36 — 3300 B.C. (4ms)
══════════════════════════════════════════════════════════════════════
  [Civ 1] Romans (despotism): 1 cities, 0 units, 57g, 9 techs, researching Mathematics (20/21)
    Rome: size=3, prod=Wonder40 (107sh), bldgs=Palace
    Units: none
  [Civ 2] Babylonians (despotism): 1 cities, 2 units, 23g, 11 techs, researching Mathematics (30/52)
    Babylon: size=3, prod=building:7 (40sh), bldgs=Palace, Granary
    Units: 1x Warriors, 1x Settlers
  [Civ 3] Germans (despotism): 1 cities, 3 units, 1g, 10 techs, researching Construction (6/24)
    Berlin: size=2, prod=Legion (1sh), bldgs=Palace, Granary
    Units: 1x Warriors, 1x Archers, 1x Trireme
  [Civ 4] Egyptians (despotism): 1 cities, 3 units, 59g, 9 techs, researching Code of Laws (10/21)
    Thebes: size=1, prod=Wonder39 (12sh), bldgs=Palace
    Units: 1x Warriors, 1x Horsemen, 1x Settlers
  [Civ 1] Romans turn: 0 actions — idle
    >>> Romans discovered: Mathematics

══════════════════════════════════════════════════════════════════════
  TURN 37 — 3280 B.C. (5ms)
══════════════════════════════════════════════════════════════════════
  [Civ 1] Romans (despotism): 1 cities, 0 units, 57g, 10 techs, researching none (0/24)
    Rome: size=3, prod=Wonder40 (111sh), bldgs=Palace
    Units: none
  [Civ 2] Babylonians (despotism): 1 cities, 2 units, 24g, 11 techs, researching Mathematics (33/52)
    Babylon: size=3, prod=building:7 (44sh), bldgs=Palace, Granary
    Units: 1x Warriors, 1x Settlers
  [Civ 3] Germans (despotism): 1 cities, 3 units, 1g, 10 techs, researching Construction (8/24)
    Berlin: size=2, prod=Legion (4sh), bldgs=Palace, Granary
    Units: 1x Warriors, 1x Archers, 1x Trireme
  [Civ 4] Egyptians (despotism): 1 cities, 3 units, 59g, 9 techs, researching Code of Laws (12/21)
    Thebes: size=1, prod=Wonder39 (15sh), bldgs=Palace
    Units: 1x Warriors, 1x Horsemen, 1x Settlers
  [Civ 1] Romans turn: 1 actions — SET_RESEARCH(1)
    SET_RESEARCH tech=Writing
    CHANGE_PRODUCTION city=2

══════════════════════════════════════════════════════════════════════
  TURN 38 — 3260 B.C. (5ms)
══════════════════════════════════════════════════════════════════════
  [Civ 1] Romans (despotism): 1 cities, 0 units, 59g, 10 techs, researching Writing (4/24)
    Rome: size=3, prod=Wonder40 (115sh), bldgs=Palace
    Units: none
  [Civ 2] Babylonians (despotism): 1 cities, 2 units, 25g, 11 techs, researching Mathematics (36/52)
    Babylon: size=3, prod=building:7 (48sh), bldgs=Palace, Granary
    Units: 1x Warriors, 1x Settlers
  [Civ 3] Germans (despotism): 1 cities, 3 units, 1g, 10 techs, researching Construction (10/24)
    Berlin: size=2, prod=Settlers (3sh), bldgs=Palace, Granary
    Units: 1x Warriors, 1x Archers, 1x Trireme
  [Civ 4] Egyptians (despotism): 1 cities, 3 units, 59g, 9 techs, researching Code of Laws (14/21)
    Thebes: size=1, prod=Wonder39 (18sh), bldgs=Palace
    Units: 1x Warriors, 1x Horsemen, 1x Settlers
  [Civ 1] Romans turn: 0 actions — idle
    >>> Babylon grew to size 4

══════════════════════════════════════════════════════════════════════
  TURN 39 — 3240 B.C. (3ms)
══════════════════════════════════════════════════════════════════════
  [Civ 1] Romans (despotism): 1 cities, 0 units, 61g, 10 techs, researching Writing (8/24)
    Rome: size=3, prod=Wonder40 (119sh), bldgs=Palace
    Units: none
  [Civ 2] Babylonians (despotism): 1 cities, 2 units, 26g, 11 techs, researching Mathematics (40/52)
    Babylon: size=4, prod=building:7 (52sh), bldgs=Palace, Granary
    Units: 1x Warriors, 1x Settlers
  [Civ 3] Germans (despotism): 1 cities, 3 units, 1g, 10 techs, researching Construction (12/24)
    Berlin: size=2, prod=Settlers (6sh), bldgs=Palace, Granary
    Units: 1x Warriors, 1x Archers, 1x Trireme
  [Civ 4] Egyptians (despotism): 1 cities, 3 units, 59g, 9 techs, researching Code of Laws (16/21)
    Thebes: size=1, prod=Wonder39 (21sh), bldgs=Palace
    Units: 1x Warriors, 1x Horsemen, 1x Settlers
  [Civ 1] Romans turn: 0 actions — idle

══════════════════════════════════════════════════════════════════════
  TURN 40 — 3220 B.C. (5ms)
══════════════════════════════════════════════════════════════════════
  [Civ 1] Romans (despotism): 1 cities, 0 units, 63g, 10 techs, researching Writing (12/24)
    Rome: size=3, prod=Wonder40 (123sh), bldgs=Palace
    Units: none
  [Civ 2] Babylonians (despotism): 1 cities, 2 units, 27g, 11 techs, researching Mathematics (44/52)
    Babylon: size=4, prod=building:7 (57sh), bldgs=Palace, Granary
    Units: 1x Warriors, 1x Settlers
  [Civ 3] Germans (despotism): 1 cities, 3 units, 1g, 10 techs, researching Construction (14/24)
    Berlin: size=2, prod=Settlers (9sh), bldgs=Palace, Granary
    Units: 1x Warriors, 1x Archers, 1x Trireme
  [Civ 4] Egyptians (despotism): 1 cities, 3 units, 59g, 9 techs, researching Code of Laws (18/21)
    Thebes: size=1, prod=Wonder39 (24sh), bldgs=Palace
    Units: 1x Warriors, 1x Horsemen, 1x Settlers
  [Civ 1] Romans turn: 0 actions — idle

══════════════════════════════════════════════════════════════════════
  TURN 41 — 3200 B.C. (4ms)
══════════════════════════════════════════════════════════════════════
  [Civ 1] Romans (despotism): 1 cities, 0 units, 65g, 10 techs, researching Writing (16/24)
    Rome: size=3, prod=Wonder40 (127sh), bldgs=Palace
    Units: none
  [Civ 2] Babylonians (despotism): 1 cities, 2 units, 28g, 11 techs, researching Mathematics (48/52)
    Babylon: size=4, prod=building:7 (62sh), bldgs=Palace, Granary
    Units: 1x Warriors, 1x Settlers
  [Civ 3] Germans (despotism): 1 cities, 3 units, 1g, 10 techs, researching Construction (16/24)
    Berlin: size=2, prod=Settlers (12sh), bldgs=Palace, Granary
    Units: 1x Warriors, 1x Archers, 1x Trireme
  [Civ 4] Egyptians (despotism): 1 cities, 3 units, 59g, 9 techs, researching Code of Laws (20/21)
    Thebes: size=1, prod=Wonder39 (27sh), bldgs=Palace
    Units: 1x Warriors, 1x Horsemen, 1x Settlers
  [Civ 1] Romans turn: 0 actions — idle
    >>> Babylonians discovered: Mathematics
    SET_RESEARCH tech=Writing
    >>> Egyptians discovered: Code of Laws
    SET_RESEARCH tech=Map Making

══════════════════════════════════════════════════════════════════════
  TURN 42 — 3180 B.C. (6ms)
══════════════════════════════════════════════════════════════════════
  [Civ 1] Romans (despotism): 1 cities, 0 units, 67g, 10 techs, researching Writing (20/24)
    Rome: size=3, prod=Wonder40 (131sh), bldgs=Palace
    Units: none
  [Civ 2] Babylonians (despotism): 1 cities, 2 units, 28g, 12 techs, researching Writing (0/57)
    Babylon: size=4, prod=building:7 (67sh), bldgs=Palace, Granary
    Units: 1x Warriors, 1x Settlers
  [Civ 3] Germans (despotism): 1 cities, 3 units, 1g, 10 techs, researching Construction (18/24)
    Berlin: size=2, prod=Settlers (15sh), bldgs=Palace, Granary
    Units: 1x Warriors, 1x Archers, 1x Trireme
  [Civ 4] Egyptians (despotism): 1 cities, 3 units, 59g, 10 techs, researching Map Making (0/24)
    Thebes: size=1, prod=Wonder39 (30sh), bldgs=Palace
    Units: 1x Warriors, 1x Horsemen, 1x Settlers
  [Civ 1] Romans turn: 0 actions — idle
    >>> Romans discovered: Writing

══════════════════════════════════════════════════════════════════════
  TURN 43 — 3160 B.C. (4ms)
══════════════════════════════════════════════════════════════════════
  [Civ 1] Romans (despotism): 1 cities, 0 units, 67g, 12 techs, researching none (0/57)
    Rome: size=3, prod=Wonder40 (135sh), bldgs=Palace
    Units: none
  [Civ 2] Babylonians (despotism): 1 cities, 2 units, 29g, 12 techs, researching Writing (4/57)
    Babylon: size=4, prod=building:7 (72sh), bldgs=Palace, Granary
    Units: 1x Warriors, 1x Settlers
  [Civ 3] Germans (despotism): 1 cities, 3 units, 1g, 11 techs, researching Construction (20/26)
    Berlin: size=2, prod=Settlers (18sh), bldgs=Palace, Granary
    Units: 1x Warriors, 1x Archers, 1x Trireme
  [Civ 4] Egyptians (despotism): 1 cities, 3 units, 59g, 11 techs, researching Map Making (2/26)
    Thebes: size=1, prod=Wonder39 (33sh), bldgs=Palace
    Units: 1x Warriors, 1x Horsemen, 1x Settlers
  [Civ 1] Romans turn: 1 actions — SET_RESEARCH(1)
    SET_RESEARCH tech=Literacy

══════════════════════════════════════════════════════════════════════
  TURN 44 — 3140 B.C. (5ms)
══════════════════════════════════════════════════════════════════════
  [Civ 1] Romans (despotism): 1 cities, 0 units, 69g, 12 techs, researching Literacy (4/57)
    Rome: size=3, prod=Wonder40 (139sh), bldgs=Palace
    Units: none
  [Civ 2] Babylonians (despotism): 1 cities, 2 units, 30g, 12 techs, researching Writing (8/57)
    Babylon: size=4, prod=building:7 (77sh), bldgs=Palace, Granary
    Units: 1x Warriors, 1x Settlers
  [Civ 3] Germans (despotism): 1 cities, 3 units, 1g, 12 techs, researching Construction (22/57)
    Berlin: size=2, prod=Settlers (21sh), bldgs=Palace, Granary
    Units: 1x Warriors, 1x Archers, 1x Trireme
  [Civ 4] Egyptians (despotism): 1 cities, 3 units, 59g, 11 techs, researching Map Making (4/26)
    Thebes: size=1, prod=Wonder39 (36sh), bldgs=Palace
    Units: 1x Warriors, 1x Horsemen, 1x Settlers
  [Civ 1] Romans turn: 0 actions — idle
    >>> Babylon built building:7
    CHANGE_PRODUCTION city=1
    >>> Rome grew to size 4

══════════════════════════════════════════════════════════════════════
  TURN 45 — 3120 B.C. (3ms)
══════════════════════════════════════════════════════════════════════
  [Civ 1] Romans (despotism): 1 cities, 0 units, 71g, 12 techs, researching Literacy (9/57)
    Rome: size=4, prod=Wonder40 (143sh), bldgs=Palace
    Units: none
  [Civ 2] Babylonians (despotism): 1 cities, 2 units, 30g, 12 techs, researching Writing (12/57)
    Babylon: size=4, prod=building:5 (1sh), bldgs=Palace, Granary, Courthouse
    Units: 1x Warriors, 1x Settlers
  [Civ 3] Germans (despotism): 1 cities, 3 units, 1g, 12 techs, researching Construction (24/57)
    Berlin: size=2, prod=Settlers (24sh), bldgs=Palace, Granary
    Units: 1x Warriors, 1x Archers, 1x Trireme
  [Civ 4] Egyptians (despotism): 1 cities, 3 units, 59g, 11 techs, researching Map Making (6/26)
    Thebes: size=1, prod=Wonder39 (39sh), bldgs=Palace
    Units: 1x Warriors, 1x Horsemen, 1x Settlers
  [Civ 1] Romans turn: 0 actions — idle

══════════════════════════════════════════════════════════════════════
  TURN 46 — 3100 B.C. (4ms)
══════════════════════════════════════════════════════════════════════
  [Civ 1] Romans (despotism): 1 cities, 0 units, 73g, 12 techs, researching Literacy (14/57)
    Rome: size=4, prod=Wonder40 (148sh), bldgs=Palace
    Units: none
  [Civ 2] Babylonians (despotism): 1 cities, 2 units, 30g, 12 techs, researching Writing (16/57)
    Babylon: size=4, prod=building:5 (6sh), bldgs=Palace, Granary, Courthouse
    Units: 1x Warriors, 1x Settlers
  [Civ 3] Germans (despotism): 1 cities, 3 units, 1g, 12 techs, researching Construction (26/57)
    Berlin: size=2, prod=Settlers (27sh), bldgs=Palace, Granary
    Units: 1x Warriors, 1x Archers, 1x Trireme
  [Civ 4] Egyptians (despotism): 1 cities, 3 units, 59g, 11 techs, researching Map Making (8/26)
    Thebes: size=1, prod=Wonder39 (42sh), bldgs=Palace
    Units: 1x Warriors, 1x Horsemen, 1x Settlers
  [Civ 1] Romans turn: 0 actions — idle
    COMBAT: Archers vs Warriors → defWin (atkHp=undefined, defHp=undefined)
    1 actions REJECTED (of 6)

══════════════════════════════════════════════════════════════════════
  TURN 47 — 3080 B.C. (6ms)
══════════════════════════════════════════════════════════════════════
  [Civ 1] Romans (despotism): 1 cities, 0 units, 75g, 12 techs, researching Literacy (19/57)
    Rome: size=4, prod=Wonder40 (153sh), bldgs=Palace
    Units: none
  [Civ 2] Babylonians (despotism): 1 cities, 2 units, 30g, 12 techs, researching Writing (20/57)
    Babylon: size=4, prod=building:5 (11sh), bldgs=Palace, Granary, Courthouse
    Units: 1x Warriors, 1x Settlers
  [Civ 3] Germans (despotism): 1 cities, 2 units, 1g, 12 techs, researching Construction (28/57)
    Berlin: size=2, prod=Settlers (30sh), bldgs=Palace, Granary
    Units: 1x Warriors, 1x Trireme
  [Civ 4] Egyptians (despotism): 1 cities, 3 units, 59g, 11 techs, researching Map Making (10/26)
    Thebes: size=1, prod=Wonder39 (45sh), bldgs=Palace
    Units: 1x Warriors, 1x Horsemen, 1x Settlers
  [Civ 1] Romans turn: 0 actions — idle

══════════════════════════════════════════════════════════════════════
  TURN 48 — 3060 B.C. (6ms)
══════════════════════════════════════════════════════════════════════
  [Civ 1] Romans (despotism): 1 cities, 0 units, 77g, 12 techs, researching Literacy (24/57)
    Rome: size=4, prod=Wonder40 (158sh), bldgs=Palace
    Units: none
  [Civ 2] Babylonians (despotism): 1 cities, 2 units, 30g, 12 techs, researching Writing (24/57)
    Babylon: size=4, prod=building:5 (16sh), bldgs=Palace, Granary, Courthouse
    Units: 1x Warriors, 1x Settlers
  [Civ 3] Germans (despotism): 1 cities, 2 units, 1g, 12 techs, researching Construction (30/57)
    Berlin: size=2, prod=Settlers (33sh), bldgs=Palace, Granary
    Units: 1x Warriors, 1x Trireme
  [Civ 4] Egyptians (despotism): 1 cities, 3 units, 59g, 11 techs, researching Map Making (12/26)
    Thebes: size=1, prod=Wonder39 (48sh), bldgs=Palace
    Units: 1x Warriors, 1x Horsemen, 1x Settlers
  [Civ 1] Romans turn: 0 actions — idle

══════════════════════════════════════════════════════════════════════
  TURN 49 — 3040 B.C. (5ms)
══════════════════════════════════════════════════════════════════════
  [Civ 1] Romans (despotism): 1 cities, 0 units, 79g, 12 techs, researching Literacy (29/57)
    Rome: size=4, prod=Wonder40 (163sh), bldgs=Palace
    Units: none
  [Civ 2] Babylonians (despotism): 1 cities, 2 units, 30g, 12 techs, researching Writing (28/57)
    Babylon: size=4, prod=building:5 (21sh), bldgs=Palace, Granary, Courthouse
    Units: 1x Warriors, 1x Settlers
  [Civ 3] Germans (despotism): 1 cities, 2 units, 1g, 12 techs, researching Construction (32/57)
    Berlin: size=2, prod=Settlers (36sh), bldgs=Palace, Granary
    Units: 1x Warriors, 1x Trireme
  [Civ 4] Egyptians (despotism): 1 cities, 3 units, 59g, 11 techs, researching Map Making (14/26)
    Thebes: size=1, prod=Wonder39 (51sh), bldgs=Palace
    Units: 1x Warriors, 1x Horsemen, 1x Settlers
  [Civ 1] Romans turn: 0 actions — idle

══════════════════════════════════════════════════════════════════════
  FINAL SUMMARY
══════════════════════════════════════════════════════════════════════
Game ended at turn 50 (3020 B.C.)

── Civ 1: Romans (despotism) ALIVE ──
  Cities: 1 (peak 1, founded 1)
  Units:  0 (peak 1)
  Treasury: 81g
  Techs discovered: 5 — Bronze Working, Iron Working, Currency, Mathematics, Writing
  Actions: 31 total, 35 idle turns
  Breakdown: UNIT_ORDER(10), MOVE_UNIT(9), SET_RESEARCH(6), ADJUST_ATTITUDE(3), CHANGE_RATES(1), BUILD_CITY(1), CHANGE_PRODUCTION(1)
  Army: none
  Rome: size=4, shields=168

── Civ 2: Babylonians (despotism) ALIVE ──
  Cities: 1 (peak 1, founded 1)
  Units:  2 (peak 2)
  Treasury: 30g
  Techs discovered: 3 — Mysticism, Code of Laws, Mathematics
  Actions: 152 total, 0 idle turns
  Breakdown: UNIT_ORDER(70), MOVE_UNIT(56), WORKER_ORDER(13), SET_RESEARCH(4), CHANGE_PRODUCTION(4), ADJUST_ATTITUDE(3), CHANGE_RATES(1), BUILD_CITY(1)
  Army: 1x Warriors, 1x Settlers
  Babylon: size=4, shields=26

── Civ 3: Germans (despotism) ALIVE ──
  Cities: 1 (peak 1, founded 1)
  Units:  2 (peak 3)
  Treasury: 1g
  Techs discovered: 2 — Map Making, Currency
  Actions: 210 total, 0 idle turns
  Breakdown: UNIT_ORDER(99), MOVE_UNIT(98), SET_RESEARCH(4), CHANGE_PRODUCTION(4), ADJUST_ATTITUDE(3), CHANGE_RATES(1), BUILD_CITY(1)
  Army: 1x Warriors, 1x Trireme
  Berlin: size=2, shields=39

── Civ 4: Egyptians (despotism) ALIVE ──
  Cities: 1 (peak 1, founded 1)
  Units:  3 (peak 3)
  Treasury: 59g
  Techs discovered: 3 — Warrior Code, Iron Working, Code of Laws
  Actions: 213 total, 0 idle turns
  Breakdown: UNIT_ORDER(101), MOVE_UNIT(100), SET_RESEARCH(4), CHANGE_PRODUCTION(3), ADJUST_ATTITUDE(3), CHANGE_RATES(1), BUILD_CITY(1)
  Army: 1x Warriors, 1x Horsemen, 1x Settlers
  Thebes: size=1, shields=54


══════════════════════════════════════════════════════════════════════
  AI BEHAVIOR ANALYSIS
══════════════════════════════════════════════════════════════════════
[Civ 1] Romans:
  WARNING: Idle 35/50 turns (>50%)
  WARNING: Only 1 city after 30+ turns

[Civ 2] Babylonians:
  WARNING: Only 1 city after 30+ turns
  WARNING: 1 units stuck (busy orders outside city)

[Civ 3] Germans:
  WARNING: Only 1 city after 30+ turns

[Civ 4] Egyptians:
  WARNING: Only 1 city after 30+ turns
  WARNING: 1 units stuck (busy orders outside city)

