Charlization AI Headless Simulation
Date: 2026-03-17T01:28:32.649Z
Settings: 50 turns, 4 AI players, 50x80 map, difficulty=prince
Map seed: 34892
Map generated in 78ms
Game initialized: 4 civs, 8 starting units
  Civ 1 (Romans): starts at (7,69) on Grassland
  Civ 2 (Babylonians): starts at (30,8) on Forest
  Civ 3 (Germans): starts at (30,38) on Grassland
  Civ 4 (Egyptians): starts at (32,70) on Grassland
    SET_RESEARCH tech=Bronze Working
    CHANGE_RATES sci=6 tax=4 lux=undefined
    BUILD_CITY unit=0 name="Rome"
    1 actions REJECTED (of 6)
    SET_RESEARCH tech=Mysticism
    CHANGE_RATES sci=6 tax=4 lux=undefined
    BUILD_CITY unit=2 name="Babylon"
    1 actions REJECTED (of 6)
    SET_RESEARCH tech=Alphabet
    CHANGE_RATES sci=6 tax=4 lux=undefined
    BUILD_CITY unit=4 name="Berlin"
    1 actions REJECTED (of 6)
    SET_RESEARCH tech=Map Making
    CHANGE_RATES sci=6 tax=4 lux=undefined
    BUILD_CITY unit=6 name="Thebes"
    1 actions REJECTED (of 6)

══════════════════════════════════════════════════════════════════════
  TURN 1 — 4000 B.C. (36ms)
══════════════════════════════════════════════════════════════════════
  [Civ 1] Romans (despotism): 1 cities, 1 units, 1g, 3 techs, researching Bronze Working (2/28)
    Rome: size=1, prod=Warriors (2sh), bldgs=Palace
    Units: 1x Warriors
  [Civ 2] Babylonians (despotism): 1 cities, 1 units, 0g, 3 techs, researching Mysticism (0/28)
    Babylon: size=1, prod=Warriors (0sh), bldgs=Palace
    Units: 1x Warriors
  [Civ 3] Germans (despotism): 1 cities, 1 units, 0g, 3 techs, researching Alphabet (0/28)
    Berlin: size=1, prod=Warriors (0sh), bldgs=Palace
    Units: 1x Warriors
  [Civ 4] Egyptians (despotism): 1 cities, 1 units, 0g, 3 techs, researching Map Making (0/28)
    Thebes: size=1, prod=Warriors (0sh), bldgs=Palace
    Units: 1x Warriors
  [Civ 1] Romans turn: 3 actions — CHANGE_PRODUCTION(1), MOVE_UNIT(1), UNIT_ORDER(1)
    CHANGE_PRODUCTION city=0
    COMBAT: Warriors vs Warriors → atkWin (atkHp=undefined, defHp=undefined)
    CHANGE_PRODUCTION city=1
    SET_RESEARCH tech=Bronze Working
    CHANGE_PRODUCTION city=2
    CHANGE_PRODUCTION city=3

══════════════════════════════════════════════════════════════════════
  TURN 2 — 3980 B.C. (16ms)
══════════════════════════════════════════════════════════════════════
  [Civ 1] Romans (despotism): 1 cities, 1 units, 102g, 4 techs, researching Bronze Working (4/33)
    Rome: size=1, prod=Wonder40 (2sh), bldgs=Palace
    Units: 1x Warriors
  [Civ 2] Babylonians (despotism): 1 cities, 1 units, 0g, 5 techs, researching Mysticism (1/36)
    Babylon: size=1, prod=building:3 (0sh), bldgs=Palace
    Units: 1x Warriors
  [Civ 3] Germans (despotism): 1 cities, 1 units, 1g, 5 techs, researching Bronze Working (3/36)
    Berlin: size=1, prod=building:3 (0sh), bldgs=Palace
    Units: 1x Warriors
  [Civ 4] Egyptians (despotism): 1 cities, 1 units, 1g, 4 techs, researching Map Making (3/33)
    Thebes: size=1, prod=building:3 (0sh), bldgs=Palace
    Units: 1x Warriors
  [Civ 1] Romans turn: 2 actions — UNIT_ORDER(2)

══════════════════════════════════════════════════════════════════════
  TURN 3 — 3960 B.C. (7ms)
══════════════════════════════════════════════════════════════════════
  [Civ 1] Romans (despotism): 1 cities, 1 units, 103g, 4 techs, researching Bronze Working (6/33)
    Rome: size=1, prod=Wonder40 (4sh), bldgs=Palace
    Units: 1x Warriors
  [Civ 2] Babylonians (despotism): 1 cities, 1 units, 0g, 5 techs, researching Mysticism (2/36)
    Babylon: size=1, prod=building:3 (3sh), bldgs=Palace
    Units: 1x Warriors
  [Civ 3] Germans (despotism): 1 cities, 1 units, 2g, 5 techs, researching Bronze Working (6/36)
    Berlin: size=1, prod=building:3 (2sh), bldgs=Palace
    Units: 1x Warriors
  [Civ 4] Egyptians (despotism): 1 cities, 1 units, 2g, 4 techs, researching Map Making (6/33)
    Thebes: size=1, prod=building:3 (2sh), bldgs=Palace
    Units: 1x Warriors
  [Civ 1] Romans turn: 0 actions — idle

══════════════════════════════════════════════════════════════════════
  TURN 4 — 3940 B.C. (5ms)
══════════════════════════════════════════════════════════════════════
  [Civ 1] Romans (despotism): 1 cities, 1 units, 104g, 4 techs, researching Bronze Working (8/33)
    Rome: size=1, prod=Wonder40 (6sh), bldgs=Palace
    Units: 1x Warriors
  [Civ 2] Babylonians (despotism): 1 cities, 1 units, 0g, 5 techs, researching Mysticism (3/36)
    Babylon: size=1, prod=building:3 (6sh), bldgs=Palace
    Units: 1x Warriors
  [Civ 3] Germans (despotism): 1 cities, 1 units, 3g, 5 techs, researching Bronze Working (9/36)
    Berlin: size=1, prod=building:3 (4sh), bldgs=Palace
    Units: 1x Warriors
  [Civ 4] Egyptians (despotism): 1 cities, 1 units, 3g, 4 techs, researching Map Making (9/33)
    Thebes: size=1, prod=building:3 (4sh), bldgs=Palace
    Units: 1x Warriors
  [Civ 1] Romans turn: 0 actions — idle

══════════════════════════════════════════════════════════════════════
  TURN 5 — 3920 B.C. (5ms)
══════════════════════════════════════════════════════════════════════
  [Civ 1] Romans (despotism): 1 cities, 1 units, 105g, 4 techs, researching Bronze Working (10/33)
    Rome: size=1, prod=Wonder40 (8sh), bldgs=Palace
    Units: 1x Warriors
  [Civ 2] Babylonians (despotism): 1 cities, 1 units, 0g, 5 techs, researching Mysticism (4/36)
    Babylon: size=1, prod=building:3 (9sh), bldgs=Palace
    Units: 1x Warriors
  [Civ 3] Germans (despotism): 1 cities, 0 units, 4g, 5 techs, researching Bronze Working (12/36)
    Berlin: size=1, prod=building:3 (6sh), bldgs=Palace
    Units: none
  [Civ 4] Egyptians (despotism): 1 cities, 1 units, 4g, 4 techs, researching Map Making (12/33)
    Thebes: size=1, prod=building:3 (6sh), bldgs=Palace
    Units: 1x Warriors
  [Civ 1] Romans turn: 0 actions — idle

══════════════════════════════════════════════════════════════════════
  TURN 6 — 3900 B.C. (4ms)
══════════════════════════════════════════════════════════════════════
  [Civ 1] Romans (despotism): 1 cities, 1 units, 106g, 4 techs, researching Bronze Working (12/33)
    Rome: size=1, prod=Wonder40 (10sh), bldgs=Palace
    Units: 1x Warriors
  [Civ 2] Babylonians (despotism): 1 cities, 1 units, 0g, 5 techs, researching Mysticism (5/36)
    Babylon: size=1, prod=building:3 (12sh), bldgs=Palace
    Units: 1x Warriors
  [Civ 3] Germans (despotism): 1 cities, 0 units, 5g, 5 techs, researching Bronze Working (15/36)
    Berlin: size=1, prod=building:3 (8sh), bldgs=Palace
    Units: none
  [Civ 4] Egyptians (despotism): 1 cities, 1 units, 5g, 4 techs, researching Map Making (15/33)
    Thebes: size=1, prod=building:3 (8sh), bldgs=Palace
    Units: 1x Warriors
  [Civ 1] Romans turn: 0 actions — idle

══════════════════════════════════════════════════════════════════════
  TURN 7 — 3880 B.C. (4ms)
══════════════════════════════════════════════════════════════════════
  [Civ 1] Romans (despotism): 1 cities, 1 units, 107g, 4 techs, researching Bronze Working (14/33)
    Rome: size=1, prod=Wonder40 (12sh), bldgs=Palace
    Units: 1x Warriors
  [Civ 2] Babylonians (despotism): 1 cities, 1 units, 0g, 5 techs, researching Mysticism (6/36)
    Babylon: size=1, prod=building:3 (15sh), bldgs=Palace
    Units: 1x Warriors
  [Civ 3] Germans (despotism): 1 cities, 0 units, 6g, 5 techs, researching Bronze Working (18/36)
    Berlin: size=1, prod=building:3 (10sh), bldgs=Palace
    Units: none
  [Civ 4] Egyptians (despotism): 1 cities, 1 units, 6g, 4 techs, researching Map Making (18/33)
    Thebes: size=1, prod=building:3 (10sh), bldgs=Palace
    Units: 1x Warriors
  [Civ 1] Romans turn: 0 actions — idle

══════════════════════════════════════════════════════════════════════
  TURN 8 — 3860 B.C. (4ms)
══════════════════════════════════════════════════════════════════════
  [Civ 1] Romans (despotism): 1 cities, 1 units, 108g, 4 techs, researching Bronze Working (16/33)
    Rome: size=1, prod=Wonder40 (14sh), bldgs=Palace
    Units: 1x Warriors
  [Civ 2] Babylonians (despotism): 1 cities, 1 units, 0g, 5 techs, researching Mysticism (7/36)
    Babylon: size=1, prod=building:3 (18sh), bldgs=Palace
    Units: 1x Warriors
  [Civ 3] Germans (despotism): 1 cities, 0 units, 7g, 5 techs, researching Bronze Working (21/36)
    Berlin: size=1, prod=building:3 (12sh), bldgs=Palace
    Units: none
  [Civ 4] Egyptians (despotism): 1 cities, 1 units, 7g, 4 techs, researching Map Making (21/33)
    Thebes: size=1, prod=building:3 (12sh), bldgs=Palace
    Units: 1x Warriors
  [Civ 1] Romans turn: 0 actions — idle

══════════════════════════════════════════════════════════════════════
  TURN 9 — 3840 B.C. (5ms)
══════════════════════════════════════════════════════════════════════
  [Civ 1] Romans (despotism): 1 cities, 1 units, 109g, 4 techs, researching Bronze Working (18/33)
    Rome: size=1, prod=Wonder40 (16sh), bldgs=Palace
    Units: 1x Warriors
  [Civ 2] Babylonians (despotism): 1 cities, 1 units, 0g, 5 techs, researching Mysticism (8/36)
    Babylon: size=1, prod=building:3 (21sh), bldgs=Palace
    Units: 1x Warriors
  [Civ 3] Germans (despotism): 1 cities, 0 units, 8g, 5 techs, researching Bronze Working (24/36)
    Berlin: size=1, prod=building:3 (14sh), bldgs=Palace
    Units: none
  [Civ 4] Egyptians (despotism): 1 cities, 1 units, 40g, 4 techs, researching Map Making (24/33)
    Thebes: size=1, prod=building:3 (14sh), bldgs=Palace
    Units: 1x Warriors
  [Civ 1] Romans turn: 0 actions — idle
    END_TURN REJECTED: 1 units still need orders
      #23 Chariot(Atk) @(31,53) mv=6 ord=none hp=full

══════════════════════════════════════════════════════════════════════
  TURN 10 — 3820 B.C. (7ms)
══════════════════════════════════════════════════════════════════════
  [Civ 1] Romans (despotism): 1 cities, 1 units, 110g, 4 techs, researching Bronze Working (21/33)
    Rome: size=2, prod=Wonder40 (18sh), bldgs=Palace
    Units: 1x Warriors
  [Civ 2] Babylonians (despotism): 1 cities, 1 units, 0g, 5 techs, researching Mysticism (9/36)
    Babylon: size=1, prod=building:3 (24sh), bldgs=Palace
    Units: 1x Warriors
  [Civ 3] Germans (despotism): 1 cities, 0 units, 9g, 5 techs, researching Bronze Working (27/36)
    Berlin: size=1, prod=building:3 (16sh), bldgs=Palace
    Units: none
  [Civ 4] Egyptians (despotism): 1 cities, 2 units, 41g, 4 techs, researching Map Making (27/33)
    Thebes: size=1, prod=building:3 (16sh), bldgs=Palace
    Units: 1x Warriors, 1x Chariot
  [Civ 1] Romans turn: 0 actions — idle
    >>> Rome grew to size 2
    >>> Berlin grew to size 2
    >>> Thebes grew to size 2

══════════════════════════════════════════════════════════════════════
  TURN 11 — 3800 B.C. (5ms)
══════════════════════════════════════════════════════════════════════
  [Civ 1] Romans (despotism): 1 cities, 1 units, 111g, 4 techs, researching Bronze Working (24/33)
    Rome: size=2, prod=Wonder40 (21sh), bldgs=Palace
    Units: 1x Warriors
  [Civ 2] Babylonians (despotism): 1 cities, 1 units, 0g, 5 techs, researching Mysticism (10/36)
    Babylon: size=1, prod=building:3 (27sh), bldgs=Palace
    Units: 1x Warriors
  [Civ 3] Germans (despotism): 1 cities, 0 units, 11g, 5 techs, researching Bronze Working (30/36)
    Berlin: size=2, prod=building:3 (18sh), bldgs=Palace
    Units: none
  [Civ 4] Egyptians (despotism): 1 cities, 2 units, 43g, 4 techs, researching Map Making (30/33)
    Thebes: size=2, prod=building:3 (18sh), bldgs=Palace
    Units: 1x Warriors, 1x Chariot
  [Civ 1] Romans turn: 0 actions — idle
    >>> Egyptians discovered: Map Making
    SET_RESEARCH tech=The Wheel

══════════════════════════════════════════════════════════════════════
  TURN 12 — 3780 B.C. (10ms)
══════════════════════════════════════════════════════════════════════
  [Civ 1] Romans (despotism): 1 cities, 1 units, 112g, 4 techs, researching Bronze Working (27/33)
    Rome: size=2, prod=Wonder40 (24sh), bldgs=Palace
    Units: 1x Warriors
  [Civ 2] Babylonians (despotism): 1 cities, 1 units, 0g, 5 techs, researching Mysticism (11/36)
    Babylon: size=1, prod=building:3 (30sh), bldgs=Palace
    Units: 1x Warriors
  [Civ 3] Germans (despotism): 1 cities, 0 units, 13g, 5 techs, researching Bronze Working (33/36)
    Berlin: size=2, prod=building:3 (21sh), bldgs=Palace
    Units: none
  [Civ 4] Egyptians (despotism): 1 cities, 2 units, 43g, 5 techs, researching The Wheel (0/36)
    Thebes: size=2, prod=building:3 (21sh), bldgs=Palace
    Units: 1x Warriors, 1x Chariot
  [Civ 1] Romans turn: 0 actions — idle
    >>> Germans discovered: Bronze Working
    SET_RESEARCH tech=Code of Laws

══════════════════════════════════════════════════════════════════════
  TURN 13 — 3760 B.C. (7ms)
══════════════════════════════════════════════════════════════════════
  [Civ 1] Romans (despotism): 1 cities, 1 units, 113g, 4 techs, researching Bronze Working (30/33)
    Rome: size=2, prod=Wonder40 (27sh), bldgs=Palace
    Units: 1x Warriors
  [Civ 2] Babylonians (despotism): 1 cities, 1 units, 0g, 5 techs, researching Mysticism (12/36)
    Babylon: size=1, prod=building:3 (33sh), bldgs=Palace
    Units: 1x Warriors
  [Civ 3] Germans (despotism): 1 cities, 0 units, 13g, 6 techs, researching Code of Laws (0/36)
    Berlin: size=2, prod=building:3 (24sh), bldgs=Palace
    Units: none
  [Civ 4] Egyptians (despotism): 1 cities, 2 units, 45g, 5 techs, researching The Wheel (3/36)
    Thebes: size=2, prod=building:3 (24sh), bldgs=Palace
    Units: 1x Warriors, 1x Chariot
  [Civ 1] Romans turn: 0 actions — idle
    >>> Romans discovered: Bronze Working

══════════════════════════════════════════════════════════════════════
  TURN 14 — 3740 B.C. (4ms)
══════════════════════════════════════════════════════════════════════
  [Civ 1] Romans (despotism): 1 cities, 1 units, 113g, 5 techs, researching none (0/36)
    Rome: size=2, prod=Wonder40 (30sh), bldgs=Palace
    Units: 1x Warriors
  [Civ 2] Babylonians (despotism): 1 cities, 1 units, 0g, 5 techs, researching Mysticism (13/36)
    Babylon: size=1, prod=building:3 (36sh), bldgs=Palace
    Units: 1x Warriors
  [Civ 3] Germans (despotism): 1 cities, 0 units, 15g, 6 techs, researching Code of Laws (3/36)
    Berlin: size=2, prod=building:3 (27sh), bldgs=Palace
    Units: none
  [Civ 4] Egyptians (despotism): 1 cities, 2 units, 47g, 5 techs, researching The Wheel (6/36)
    Thebes: size=2, prod=building:3 (27sh), bldgs=Palace
    Units: 1x Warriors, 1x Chariot
  [Civ 1] Romans turn: 1 actions — SET_RESEARCH(1)
    SET_RESEARCH tech=Iron Working

══════════════════════════════════════════════════════════════════════
  TURN 15 — 3720 B.C. (6ms)
══════════════════════════════════════════════════════════════════════
  [Civ 1] Romans (despotism): 1 cities, 1 units, 114g, 5 techs, researching Iron Working (3/36)
    Rome: size=2, prod=Wonder40 (33sh), bldgs=Palace
    Units: 1x Warriors
  [Civ 2] Babylonians (despotism): 1 cities, 1 units, 0g, 5 techs, researching Mysticism (14/36)
    Babylon: size=1, prod=building:3 (39sh), bldgs=Palace
    Units: 1x Warriors
  [Civ 3] Germans (despotism): 1 cities, 0 units, 17g, 6 techs, researching Code of Laws (6/36)
    Berlin: size=2, prod=building:3 (30sh), bldgs=Palace
    Units: none
  [Civ 4] Egyptians (despotism): 1 cities, 2 units, 49g, 5 techs, researching The Wheel (9/36)
    Thebes: size=2, prod=building:3 (30sh), bldgs=Palace
    Units: 1x Warriors, 1x Chariot
  [Civ 1] Romans turn: 0 actions — idle

══════════════════════════════════════════════════════════════════════
  TURN 16 — 3700 B.C. (5ms)
══════════════════════════════════════════════════════════════════════
  [Civ 1] Romans (despotism): 1 cities, 1 units, 115g, 5 techs, researching Iron Working (6/36)
    Rome: size=2, prod=Wonder40 (36sh), bldgs=Palace
    Units: 1x Warriors
  [Civ 2] Babylonians (despotism): 1 cities, 1 units, 0g, 6 techs, researching Mysticism (15/36)
    Babylon: size=1, prod=building:3 (42sh), bldgs=Palace
    Units: 1x Warriors
  [Civ 3] Germans (despotism): 1 cities, 0 units, 19g, 6 techs, researching Code of Laws (9/36)
    Berlin: size=2, prod=building:3 (33sh), bldgs=Palace
    Units: none
  [Civ 4] Egyptians (despotism): 1 cities, 2 units, 51g, 6 techs, researching The Wheel (12/36)
    Thebes: size=2, prod=building:3 (33sh), bldgs=Palace
    Units: 1x Warriors, 1x Chariot
  [Civ 1] Romans turn: 0 actions — idle

══════════════════════════════════════════════════════════════════════
  TURN 17 — 3680 B.C. (5ms)
══════════════════════════════════════════════════════════════════════
  [Civ 1] Romans (despotism): 1 cities, 1 units, 116g, 5 techs, researching Iron Working (9/36)
    Rome: size=2, prod=Wonder40 (39sh), bldgs=Palace
    Units: 1x Warriors
  [Civ 2] Babylonians (despotism): 1 cities, 1 units, 0g, 6 techs, researching Mysticism (16/36)
    Babylon: size=1, prod=building:3 (45sh), bldgs=Palace
    Units: 1x Warriors
  [Civ 3] Germans (despotism): 1 cities, 0 units, 21g, 6 techs, researching Code of Laws (12/36)
    Berlin: size=2, prod=building:3 (36sh), bldgs=Palace
    Units: none
  [Civ 4] Egyptians (despotism): 1 cities, 2 units, 53g, 6 techs, researching The Wheel (15/36)
    Thebes: size=2, prod=building:3 (36sh), bldgs=Palace
    Units: 1x Warriors, 1x Chariot
  [Civ 1] Romans turn: 0 actions — idle

══════════════════════════════════════════════════════════════════════
  TURN 18 — 3660 B.C. (5ms)
══════════════════════════════════════════════════════════════════════
  [Civ 1] Romans (despotism): 1 cities, 1 units, 117g, 5 techs, researching Iron Working (12/36)
    Rome: size=2, prod=Wonder40 (42sh), bldgs=Palace
    Units: 1x Warriors
  [Civ 2] Babylonians (despotism): 1 cities, 1 units, 0g, 6 techs, researching Mysticism (17/36)
    Babylon: size=1, prod=building:3 (48sh), bldgs=Palace
    Units: 1x Warriors
  [Civ 3] Germans (despotism): 1 cities, 0 units, 23g, 6 techs, researching Code of Laws (15/36)
    Berlin: size=2, prod=building:3 (39sh), bldgs=Palace
    Units: none
  [Civ 4] Egyptians (despotism): 1 cities, 2 units, 55g, 6 techs, researching The Wheel (18/36)
    Thebes: size=2, prod=building:3 (39sh), bldgs=Palace
    Units: 1x Warriors, 1x Chariot
  [Civ 1] Romans turn: 0 actions — idle

══════════════════════════════════════════════════════════════════════
  TURN 19 — 3640 B.C. (7ms)
══════════════════════════════════════════════════════════════════════
  [Civ 1] Romans (despotism): 1 cities, 1 units, 118g, 5 techs, researching Iron Working (15/36)
    Rome: size=2, prod=Wonder40 (45sh), bldgs=Palace
    Units: 1x Warriors
  [Civ 2] Babylonians (despotism): 1 cities, 1 units, 0g, 6 techs, researching Mysticism (18/36)
    Babylon: size=1, prod=building:3 (51sh), bldgs=Palace
    Units: 1x Warriors
  [Civ 3] Germans (despotism): 1 cities, 0 units, 25g, 6 techs, researching Code of Laws (18/36)
    Berlin: size=2, prod=building:3 (42sh), bldgs=Palace
    Units: none
  [Civ 4] Egyptians (despotism): 1 cities, 2 units, 57g, 6 techs, researching The Wheel (21/36)
    Thebes: size=2, prod=building:3 (42sh), bldgs=Palace
    Units: 1x Warriors, 1x Chariot
  [Civ 1] Romans turn: 0 actions — idle

══════════════════════════════════════════════════════════════════════
  TURN 20 — 3620 B.C. (6ms)
══════════════════════════════════════════════════════════════════════
  [Civ 1] Romans (despotism): 1 cities, 1 units, 119g, 5 techs, researching Iron Working (18/36)
    Rome: size=2, prod=Wonder40 (48sh), bldgs=Palace
    Units: 1x Warriors
  [Civ 2] Babylonians (despotism): 1 cities, 1 units, 0g, 6 techs, researching Mysticism (19/36)
    Babylon: size=1, prod=building:3 (54sh), bldgs=Palace
    Units: 1x Warriors
  [Civ 3] Germans (despotism): 1 cities, 0 units, 27g, 6 techs, researching Code of Laws (21/36)
    Berlin: size=2, prod=building:3 (45sh), bldgs=Palace
    Units: none
  [Civ 4] Egyptians (despotism): 1 cities, 2 units, 59g, 6 techs, researching The Wheel (24/36)
    Thebes: size=2, prod=building:3 (45sh), bldgs=Palace
    Units: 1x Warriors, 1x Chariot
  [Civ 1] Romans turn: 0 actions — idle
    >>> Babylon grew to size 2

══════════════════════════════════════════════════════════════════════
  TURN 21 — 3600 B.C. (6ms)
══════════════════════════════════════════════════════════════════════
  [Civ 1] Romans (despotism): 1 cities, 1 units, 120g, 5 techs, researching Iron Working (21/36)
    Rome: size=2, prod=Wonder40 (51sh), bldgs=Palace
    Units: 1x Warriors
  [Civ 2] Babylonians (despotism): 1 cities, 1 units, 0g, 6 techs, researching Mysticism (21/36)
    Babylon: size=2, prod=building:3 (57sh), bldgs=Palace
    Units: 1x Warriors
  [Civ 3] Germans (despotism): 1 cities, 0 units, 29g, 6 techs, researching Code of Laws (24/36)
    Berlin: size=2, prod=building:3 (48sh), bldgs=Palace
    Units: none
  [Civ 4] Egyptians (despotism): 1 cities, 2 units, 61g, 6 techs, researching The Wheel (27/36)
    Thebes: size=2, prod=building:3 (48sh), bldgs=Palace
    Units: 1x Warriors, 1x Chariot
  [Civ 1] Romans turn: 0 actions — idle
    >>> Babylon built building:3
    >>> Babylon sold Granary

══════════════════════════════════════════════════════════════════════
  TURN 22 — 3580 B.C. (9ms)
══════════════════════════════════════════════════════════════════════
  [Civ 1] Romans (despotism): 1 cities, 1 units, 121g, 5 techs, researching Iron Working (24/36)
    Rome: size=2, prod=Wonder40 (54sh), bldgs=Palace
    Units: 1x Warriors
  [Civ 2] Babylonians (despotism): 1 cities, 1 units, 59g, 6 techs, researching Mysticism (23/36)
    Babylon: size=2, prod=building:3 (1sh), bldgs=Palace
    Units: 1x Warriors
  [Civ 3] Germans (despotism): 1 cities, 0 units, 31g, 6 techs, researching Code of Laws (27/36)
    Berlin: size=2, prod=building:3 (51sh), bldgs=Palace
    Units: none
  [Civ 4] Egyptians (despotism): 1 cities, 2 units, 63g, 6 techs, researching The Wheel (30/36)
    Thebes: size=2, prod=building:3 (51sh), bldgs=Palace
    Units: 1x Warriors, 1x Chariot
  [Civ 1] Romans turn: 0 actions — idle

══════════════════════════════════════════════════════════════════════
  TURN 23 — 3560 B.C. (7ms)
══════════════════════════════════════════════════════════════════════
  [Civ 1] Romans (despotism): 1 cities, 1 units, 122g, 5 techs, researching Iron Working (27/36)
    Rome: size=2, prod=Wonder40 (57sh), bldgs=Palace
    Units: 1x Warriors
  [Civ 2] Babylonians (despotism): 1 cities, 1 units, 59g, 6 techs, researching Mysticism (25/36)
    Babylon: size=2, prod=building:3 (5sh), bldgs=Palace
    Units: 1x Warriors
  [Civ 3] Germans (despotism): 1 cities, 0 units, 33g, 6 techs, researching Code of Laws (30/36)
    Berlin: size=2, prod=building:3 (54sh), bldgs=Palace
    Units: none
  [Civ 4] Egyptians (despotism): 1 cities, 2 units, 65g, 6 techs, researching The Wheel (33/36)
    Thebes: size=2, prod=building:3 (54sh), bldgs=Palace
    Units: 1x Warriors, 1x Chariot
  [Civ 1] Romans turn: 0 actions — idle
    >>> Egyptians discovered: The Wheel
    SET_RESEARCH tech=Iron Working
    COMBAT: Chariot vs Horsemen → atkWin (atkHp=undefined, defHp=undefined)

══════════════════════════════════════════════════════════════════════
  TURN 24 — 3540 B.C. (8ms)
══════════════════════════════════════════════════════════════════════
  [Civ 1] Romans (despotism): 1 cities, 1 units, 123g, 5 techs, researching Iron Working (30/36)
    Rome: size=2, prod=Wonder40 (60sh), bldgs=Palace
    Units: 1x Warriors
  [Civ 2] Babylonians (despotism): 1 cities, 1 units, 59g, 6 techs, researching Mysticism (27/36)
    Babylon: size=2, prod=building:3 (9sh), bldgs=Palace
    Units: 1x Warriors
  [Civ 3] Germans (despotism): 1 cities, 0 units, 35g, 6 techs, researching Code of Laws (33/36)
    Berlin: size=2, prod=building:3 (57sh), bldgs=Palace
    Units: none
  [Civ 4] Egyptians (despotism): 1 cities, 2 units, 165g, 7 techs, researching Iron Working (0/33)
    Thebes: size=2, prod=building:3 (57sh), bldgs=Palace
    Units: 1x Warriors, 1x Chariot
  [Civ 1] Romans turn: 0 actions — idle
    >>> Germans discovered: Code of Laws
    >>> Berlin built building:3
    SET_RESEARCH tech=Iron Working
    CHANGE_PRODUCTION city=2
    >>> Thebes built building:3
    CHANGE_PRODUCTION city=3
    COMBAT: Chariot vs Horsemen → atkWin (atkHp=undefined, defHp=undefined)
    >>> Rome grew to size 3

══════════════════════════════════════════════════════════════════════
  TURN 25 — 3520 B.C. (7ms)
══════════════════════════════════════════════════════════════════════
  [Civ 1] Romans (despotism): 1 cities, 1 units, 125g, 5 techs, researching Iron Working (33/36)
    Rome: size=3, prod=Wonder40 (63sh), bldgs=Palace
    Units: 1x Warriors
  [Civ 2] Babylonians (despotism): 1 cities, 1 units, 59g, 6 techs, researching Mysticism (29/36)
    Babylon: size=2, prod=building:3 (13sh), bldgs=Palace
    Units: 1x Warriors
  [Civ 3] Germans (despotism): 1 cities, 0 units, 35g, 7 techs, researching Iron Working (0/33)
    Berlin: size=2, prod=building:7 (0sh), bldgs=Palace, Granary
    Units: none
  [Civ 4] Egyptians (despotism): 1 cities, 2 units, 266g, 7 techs, researching Iron Working (3/33)
    Thebes: size=2, prod=Settlers (0sh), bldgs=Palace, Granary
    Units: 1x Warriors, 1x Chariot
  [Civ 1] Romans turn: 0 actions — idle
    >>> Berlin grew to size 3
    >>> Thebes grew to size 3
    COMBAT: Warriors vs Horsemen → defWin (atkHp=undefined, defHp=undefined)
    COMBAT: Chariot vs Horsemen → defWin (atkHp=undefined, defHp=undefined)
    2 actions REJECTED (of 4)
    >>> Romans discovered: Iron Working

══════════════════════════════════════════════════════════════════════
  TURN 26 — 3500 B.C. (7ms)
══════════════════════════════════════════════════════════════════════
  [Civ 1] Romans (despotism): 1 cities, 1 units, 125g, 6 techs, researching none (0/36)
    Rome: size=3, prod=Wonder40 (67sh), bldgs=Palace
    Units: 1x Warriors
  [Civ 2] Babylonians (despotism): 1 cities, 1 units, 59g, 6 techs, researching Mysticism (31/36)
    Babylon: size=2, prod=building:3 (17sh), bldgs=Palace
    Units: 1x Warriors
  [Civ 3] Germans (despotism): 1 cities, 0 units, 36g, 7 techs, researching Iron Working (3/33)
    Berlin: size=3, prod=building:7 (3sh), bldgs=Palace, Granary
    Units: none
  [Civ 4] Egyptians (despotism): 1 cities, 0 units, 267g, 7 techs, researching Iron Working (7/33)
    Thebes: size=3, prod=Settlers (3sh), bldgs=Palace, Granary
    Units: none
  [Civ 1] Romans turn: 1 actions — SET_RESEARCH(1)
    SET_RESEARCH tech=Code of Laws

══════════════════════════════════════════════════════════════════════
  TURN 27 — 3480 B.C. (5ms)
══════════════════════════════════════════════════════════════════════
  [Civ 1] Romans (despotism): 1 cities, 1 units, 127g, 6 techs, researching Code of Laws (3/36)
    Rome: size=3, prod=Wonder40 (71sh), bldgs=Palace
    Units: 1x Warriors
  [Civ 2] Babylonians (despotism): 1 cities, 1 units, 59g, 6 techs, researching Mysticism (33/36)
    Babylon: size=2, prod=building:3 (21sh), bldgs=Palace
    Units: 1x Warriors
  [Civ 3] Germans (despotism): 1 cities, 0 units, 37g, 7 techs, researching Iron Working (6/33)
    Berlin: size=3, prod=building:7 (6sh), bldgs=Palace, Granary
    Units: none
  [Civ 4] Egyptians (despotism): 1 cities, 0 units, 268g, 7 techs, researching Iron Working (11/33)
    Thebes: size=3, prod=Settlers (7sh), bldgs=Palace, Granary
    Units: none
  [Civ 1] Romans turn: 0 actions — idle

══════════════════════════════════════════════════════════════════════
  TURN 28 — 3460 B.C. (5ms)
══════════════════════════════════════════════════════════════════════
  [Civ 1] Romans (despotism): 1 cities, 1 units, 129g, 6 techs, researching Code of Laws (6/36)
    Rome: size=3, prod=Wonder40 (75sh), bldgs=Palace
    Units: 1x Warriors
  [Civ 2] Babylonians (despotism): 1 cities, 1 units, 59g, 6 techs, researching Mysticism (35/36)
    Babylon: size=2, prod=building:3 (25sh), bldgs=Palace
    Units: 1x Warriors
  [Civ 3] Germans (despotism): 1 cities, 0 units, 38g, 7 techs, researching Iron Working (9/33)
    Berlin: size=3, prod=building:7 (9sh), bldgs=Palace, Granary
    Units: none
  [Civ 4] Egyptians (despotism): 1 cities, 0 units, 269g, 7 techs, researching Iron Working (15/33)
    Thebes: size=3, prod=Settlers (11sh), bldgs=Palace, Granary
    Units: none
  [Civ 1] Romans turn: 0 actions — idle
    >>> Babylonians discovered: Mysticism
    SET_RESEARCH tech=Code of Laws

══════════════════════════════════════════════════════════════════════
  TURN 29 — 3440 B.C. (6ms)
══════════════════════════════════════════════════════════════════════
  [Civ 1] Romans (despotism): 1 cities, 1 units, 131g, 6 techs, researching Code of Laws (9/36)
    Rome: size=3, prod=Wonder40 (79sh), bldgs=Palace
    Units: 1x Warriors
  [Civ 2] Babylonians (despotism): 1 cities, 1 units, 59g, 7 techs, researching Code of Laws (0/33)
    Babylon: size=2, prod=building:3 (29sh), bldgs=Palace
    Units: 1x Warriors
  [Civ 3] Germans (despotism): 1 cities, 0 units, 39g, 7 techs, researching Iron Working (12/33)
    Berlin: size=3, prod=building:7 (12sh), bldgs=Palace, Granary
    Units: none
  [Civ 4] Egyptians (despotism): 1 cities, 0 units, 270g, 7 techs, researching Iron Working (19/33)
    Thebes: size=3, prod=Settlers (15sh), bldgs=Palace, Granary
    Units: none
  [Civ 1] Romans turn: 0 actions — idle
    RUSH_BUY city=3

══════════════════════════════════════════════════════════════════════
  TURN 30 — 3420 B.C. (6ms)
══════════════════════════════════════════════════════════════════════
  [Civ 1] Romans (despotism): 1 cities, 1 units, 133g, 6 techs, researching Code of Laws (12/36)
    Rome: size=3, prod=Wonder40 (83sh), bldgs=Palace
    Units: 1x Warriors
  [Civ 2] Babylonians (despotism): 1 cities, 1 units, 59g, 7 techs, researching Code of Laws (2/33)
    Babylon: size=2, prod=building:3 (33sh), bldgs=Palace
    Units: 1x Warriors
  [Civ 3] Germans (despotism): 1 cities, 0 units, 40g, 7 techs, researching Iron Working (15/33)
    Berlin: size=3, prod=building:7 (15sh), bldgs=Palace, Granary
    Units: none
  [Civ 4] Egyptians (despotism): 1 cities, 0 units, 207g, 7 techs, researching Iron Working (23/33)
    Thebes: size=3, prod=Settlers (40sh), bldgs=Palace, Granary
    Units: none
  [Civ 1] Romans turn: 0 actions — idle
    >>> Thebes built Settlers

══════════════════════════════════════════════════════════════════════
  TURN 31 — 3400 B.C. (6ms)
══════════════════════════════════════════════════════════════════════
  [Civ 1] Romans (despotism): 1 cities, 1 units, 135g, 6 techs, researching Code of Laws (15/36)
    Rome: size=3, prod=Wonder40 (87sh), bldgs=Palace
    Units: 1x Warriors
  [Civ 2] Babylonians (despotism): 1 cities, 1 units, 59g, 7 techs, researching Code of Laws (4/33)
    Babylon: size=2, prod=building:3 (37sh), bldgs=Palace
    Units: 1x Warriors
  [Civ 3] Germans (despotism): 1 cities, 0 units, 41g, 7 techs, researching Iron Working (18/33)
    Berlin: size=3, prod=building:7 (18sh), bldgs=Palace, Granary
    Units: none
  [Civ 4] Egyptians (despotism): 1 cities, 1 units, 208g, 7 techs, researching Iron Working (26/33)
    Thebes: size=2, prod=Settlers (4sh), bldgs=Palace, Granary
    Units: 1x Settlers
  [Civ 1] Romans turn: 0 actions — idle

══════════════════════════════════════════════════════════════════════
  TURN 32 — 3380 B.C. (6ms)
══════════════════════════════════════════════════════════════════════
  [Civ 1] Romans (despotism): 1 cities, 1 units, 137g, 6 techs, researching Code of Laws (18/36)
    Rome: size=3, prod=Wonder40 (91sh), bldgs=Palace
    Units: 1x Warriors
  [Civ 2] Babylonians (despotism): 1 cities, 1 units, 59g, 7 techs, researching Code of Laws (6/33)
    Babylon: size=2, prod=building:3 (41sh), bldgs=Palace
    Units: 1x Warriors
  [Civ 3] Germans (despotism): 1 cities, 0 units, 42g, 7 techs, researching Iron Working (21/33)
    Berlin: size=3, prod=building:7 (21sh), bldgs=Palace, Granary
    Units: none
  [Civ 4] Egyptians (despotism): 1 cities, 1 units, 209g, 7 techs, researching Iron Working (29/33)
    Thebes: size=2, prod=Settlers (7sh), bldgs=Palace, Granary
    Units: 1x Settlers
  [Civ 1] Romans turn: 3 actions — ADJUST_ATTITUDE(3)
    ADJUST_ATTITUDE target=civ2
    ADJUST_ATTITUDE target=civ3
    ADJUST_ATTITUDE target=civ4
    ADJUST_ATTITUDE target=civ1
    ADJUST_ATTITUDE target=civ3
    ADJUST_ATTITUDE target=civ4
    ADJUST_ATTITUDE target=civ1
    ADJUST_ATTITUDE target=civ2
    ADJUST_ATTITUDE target=civ4
    ADJUST_ATTITUDE target=civ1
    ADJUST_ATTITUDE target=civ2
    ADJUST_ATTITUDE target=civ3

══════════════════════════════════════════════════════════════════════
  TURN 33 — 3360 B.C. (6ms)
══════════════════════════════════════════════════════════════════════
  [Civ 1] Romans (despotism): 1 cities, 1 units, 139g, 6 techs, researching Code of Laws (21/36)
    Rome: size=3, prod=Wonder40 (95sh), bldgs=Palace
    Units: 1x Warriors
  [Civ 2] Babylonians (despotism): 1 cities, 1 units, 59g, 7 techs, researching Code of Laws (8/33)
    Babylon: size=2, prod=building:3 (45sh), bldgs=Palace
    Units: 1x Warriors
  [Civ 3] Germans (despotism): 1 cities, 0 units, 43g, 7 techs, researching Iron Working (24/33)
    Berlin: size=3, prod=building:7 (24sh), bldgs=Palace, Granary
    Units: none
  [Civ 4] Egyptians (despotism): 1 cities, 1 units, 210g, 7 techs, researching Iron Working (32/33)
    Thebes: size=2, prod=Settlers (10sh), bldgs=Palace, Granary
    Units: 1x Settlers
  [Civ 1] Romans turn: 0 actions — idle
    >>> Egyptians discovered: Iron Working
    SET_RESEARCH tech=Masonry

══════════════════════════════════════════════════════════════════════
  TURN 34 — 3340 B.C. (5ms)
══════════════════════════════════════════════════════════════════════
  [Civ 1] Romans (despotism): 1 cities, 1 units, 141g, 6 techs, researching Code of Laws (24/36)
    Rome: size=3, prod=Wonder40 (99sh), bldgs=Palace
    Units: 1x Warriors
  [Civ 2] Babylonians (despotism): 1 cities, 1 units, 59g, 7 techs, researching Code of Laws (10/33)
    Babylon: size=2, prod=building:3 (49sh), bldgs=Palace
    Units: 1x Warriors
  [Civ 3] Germans (despotism): 1 cities, 0 units, 44g, 7 techs, researching Iron Working (27/33)
    Berlin: size=3, prod=building:7 (27sh), bldgs=Palace, Granary
    Units: none
  [Civ 4] Egyptians (despotism): 1 cities, 1 units, 210g, 8 techs, researching Masonry (0/28)
    Thebes: size=2, prod=Settlers (13sh), bldgs=Palace, Granary
    Units: 1x Settlers
  [Civ 1] Romans turn: 0 actions — idle

══════════════════════════════════════════════════════════════════════
  TURN 35 — 3320 B.C. (5ms)
══════════════════════════════════════════════════════════════════════
  [Civ 1] Romans (despotism): 1 cities, 1 units, 143g, 6 techs, researching Code of Laws (27/36)
    Rome: size=3, prod=Wonder40 (103sh), bldgs=Palace
    Units: 1x Warriors
  [Civ 2] Babylonians (despotism): 1 cities, 1 units, 59g, 7 techs, researching Code of Laws (12/33)
    Babylon: size=2, prod=building:3 (53sh), bldgs=Palace
    Units: 1x Warriors
  [Civ 3] Germans (despotism): 1 cities, 0 units, 45g, 7 techs, researching Iron Working (30/33)
    Berlin: size=3, prod=building:7 (30sh), bldgs=Palace, Granary
    Units: none
  [Civ 4] Egyptians (despotism): 1 cities, 1 units, 211g, 8 techs, researching Masonry (3/28)
    Thebes: size=2, prod=Settlers (16sh), bldgs=Palace, Granary
    Units: 1x Settlers
  [Civ 1] Romans turn: 0 actions — idle
    >>> Germans discovered: Iron Working
    SET_RESEARCH tech=Writing
    >>> Thebes grew to size 3

══════════════════════════════════════════════════════════════════════
  TURN 36 — 3300 B.C. (6ms)
══════════════════════════════════════════════════════════════════════
  [Civ 1] Romans (despotism): 1 cities, 1 units, 145g, 6 techs, researching Code of Laws (30/36)
    Rome: size=3, prod=Wonder40 (107sh), bldgs=Palace
    Units: 1x Warriors
  [Civ 2] Babylonians (despotism): 1 cities, 1 units, 59g, 8 techs, researching Code of Laws (14/28)
    Babylon: size=2, prod=building:3 (57sh), bldgs=Palace
    Units: 1x Warriors
  [Civ 3] Germans (despotism): 1 cities, 0 units, 45g, 8 techs, researching Writing (0/28)
    Berlin: size=3, prod=building:7 (33sh), bldgs=Palace, Granary
    Units: none
  [Civ 4] Egyptians (despotism): 1 cities, 1 units, 212g, 8 techs, researching Masonry (7/28)
    Thebes: size=3, prod=Settlers (19sh), bldgs=Palace, Granary
    Units: 1x Settlers
  [Civ 1] Romans turn: 0 actions — idle
    >>> Babylon built building:3
    CHANGE_PRODUCTION city=1
    RUSH_BUY city=3

══════════════════════════════════════════════════════════════════════
  TURN 37 — 3280 B.C. (5ms)
══════════════════════════════════════════════════════════════════════
  [Civ 1] Romans (despotism): 1 cities, 1 units, 147g, 6 techs, researching Code of Laws (33/36)
    Rome: size=3, prod=Wonder40 (111sh), bldgs=Palace
    Units: 1x Warriors
  [Civ 2] Babylonians (despotism): 1 cities, 1 units, 58g, 8 techs, researching Code of Laws (16/28)
    Babylon: size=2, prod=Settlers (0sh), bldgs=Palace, Granary
    Units: 1x Warriors
  [Civ 3] Germans (despotism): 1 cities, 0 units, 46g, 8 techs, researching Writing (3/28)
    Berlin: size=3, prod=building:7 (36sh), bldgs=Palace, Granary
    Units: none
  [Civ 4] Egyptians (despotism): 1 cities, 1 units, 165g, 8 techs, researching Masonry (11/28)
    Thebes: size=3, prod=Settlers (40sh), bldgs=Palace, Granary
    Units: 1x Settlers
  [Civ 1] Romans turn: 0 actions — idle
    >>> Thebes built Settlers
    >>> Romans discovered: Code of Laws

══════════════════════════════════════════════════════════════════════
  TURN 38 — 3260 B.C. (6ms)
══════════════════════════════════════════════════════════════════════
  [Civ 1] Romans (despotism): 1 cities, 1 units, 147g, 7 techs, researching none (0/33)
    Rome: size=3, prod=Wonder40 (115sh), bldgs=Palace
    Units: 1x Warriors
  [Civ 2] Babylonians (despotism): 1 cities, 1 units, 57g, 8 techs, researching Code of Laws (18/28)
    Babylon: size=2, prod=Settlers (4sh), bldgs=Palace, Granary
    Units: 1x Warriors
  [Civ 3] Germans (despotism): 1 cities, 0 units, 47g, 8 techs, researching Writing (6/28)
    Berlin: size=3, prod=building:7 (39sh), bldgs=Palace, Granary
    Units: none
  [Civ 4] Egyptians (despotism): 1 cities, 2 units, 166g, 8 techs, researching Masonry (14/28)
    Thebes: size=2, prod=Settlers (4sh), bldgs=Palace, Granary
    Units: 2x Settlers
  [Civ 1] Romans turn: 1 actions — SET_RESEARCH(1)
    SET_RESEARCH tech=Writing
    >>> Berlin grew to size 4

══════════════════════════════════════════════════════════════════════
  TURN 39 — 3240 B.C. (4ms)
══════════════════════════════════════════════════════════════════════
  [Civ 1] Romans (despotism): 1 cities, 1 units, 149g, 7 techs, researching Writing (3/33)
    Rome: size=3, prod=Wonder40 (119sh), bldgs=Palace
    Units: 1x Warriors
  [Civ 2] Babylonians (despotism): 1 cities, 1 units, 56g, 8 techs, researching Code of Laws (20/28)
    Babylon: size=2, prod=Settlers (8sh), bldgs=Palace, Granary
    Units: 1x Warriors
  [Civ 3] Germans (despotism): 1 cities, 0 units, 48g, 8 techs, researching Writing (10/28)
    Berlin: size=4, prod=building:7 (42sh), bldgs=Palace, Granary
    Units: none
  [Civ 4] Egyptians (despotism): 1 cities, 2 units, 167g, 8 techs, researching Masonry (17/28)
    Thebes: size=2, prod=Settlers (7sh), bldgs=Palace, Granary
    Units: 2x Settlers
  [Civ 1] Romans turn: 0 actions — idle
    SET_RESEARCH tech=Writing

══════════════════════════════════════════════════════════════════════
  TURN 40 — 3220 B.C. (4ms)
══════════════════════════════════════════════════════════════════════
  [Civ 1] Romans (despotism): 1 cities, 1 units, 151g, 7 techs, researching Writing (6/33)
    Rome: size=3, prod=Wonder40 (123sh), bldgs=Palace
    Units: 1x Warriors
  [Civ 2] Babylonians (despotism): 1 cities, 1 units, 55g, 9 techs, researching Writing (22/32)
    Babylon: size=2, prod=Settlers (12sh), bldgs=Palace, Granary
    Units: 1x Warriors
  [Civ 3] Germans (despotism): 1 cities, 0 units, 49g, 8 techs, researching Writing (14/28)
    Berlin: size=4, prod=building:7 (45sh), bldgs=Palace, Granary
    Units: none
  [Civ 4] Egyptians (despotism): 1 cities, 2 units, 168g, 9 techs, researching Masonry (20/32)
    Thebes: size=2, prod=Settlers (10sh), bldgs=Palace, Granary
    Units: 2x Settlers
  [Civ 1] Romans turn: 0 actions — idle

══════════════════════════════════════════════════════════════════════
  TURN 41 — 3200 B.C. (5ms)
══════════════════════════════════════════════════════════════════════
  [Civ 1] Romans (despotism): 1 cities, 1 units, 153g, 7 techs, researching Writing (9/33)
    Rome: size=3, prod=Wonder40 (127sh), bldgs=Palace
    Units: 1x Warriors
  [Civ 2] Babylonians (despotism): 1 cities, 1 units, 54g, 9 techs, researching Writing (24/32)
    Babylon: size=2, prod=Settlers (16sh), bldgs=Palace, Granary
    Units: 1x Warriors
  [Civ 3] Germans (despotism): 1 cities, 0 units, 50g, 8 techs, researching Writing (18/28)
    Berlin: size=4, prod=building:7 (48sh), bldgs=Palace, Granary
    Units: none
  [Civ 4] Egyptians (despotism): 1 cities, 2 units, 169g, 9 techs, researching Masonry (23/32)
    Thebes: size=2, prod=Settlers (13sh), bldgs=Palace, Granary
    Units: 2x Settlers
  [Civ 1] Romans turn: 0 actions — idle

══════════════════════════════════════════════════════════════════════
  TURN 42 — 3180 B.C. (4ms)
══════════════════════════════════════════════════════════════════════
  [Civ 1] Romans (despotism): 1 cities, 1 units, 155g, 7 techs, researching Writing (12/33)
    Rome: size=3, prod=Wonder40 (131sh), bldgs=Palace
    Units: 1x Warriors
  [Civ 2] Babylonians (despotism): 1 cities, 1 units, 53g, 9 techs, researching Writing (26/32)
    Babylon: size=2, prod=Settlers (20sh), bldgs=Palace, Granary
    Units: 1x Warriors
  [Civ 3] Germans (despotism): 1 cities, 0 units, 51g, 8 techs, researching Writing (22/28)
    Berlin: size=4, prod=building:7 (51sh), bldgs=Palace, Granary
    Units: none
  [Civ 4] Egyptians (despotism): 1 cities, 2 units, 170g, 9 techs, researching Masonry (26/32)
    Thebes: size=2, prod=Settlers (16sh), bldgs=Palace, Granary
    Units: 2x Settlers
  [Civ 1] Romans turn: 0 actions — idle

══════════════════════════════════════════════════════════════════════
  TURN 43 — 3160 B.C. (5ms)
══════════════════════════════════════════════════════════════════════
  [Civ 1] Romans (despotism): 1 cities, 1 units, 157g, 7 techs, researching Writing (15/33)
    Rome: size=3, prod=Wonder40 (135sh), bldgs=Palace
    Units: 1x Warriors
  [Civ 2] Babylonians (despotism): 1 cities, 1 units, 52g, 9 techs, researching Writing (28/32)
    Babylon: size=2, prod=Settlers (24sh), bldgs=Palace, Granary
    Units: 1x Warriors
  [Civ 3] Germans (despotism): 1 cities, 0 units, 52g, 8 techs, researching Writing (26/28)
    Berlin: size=4, prod=building:7 (54sh), bldgs=Palace, Granary
    Units: none
  [Civ 4] Egyptians (despotism): 1 cities, 2 units, 171g, 9 techs, researching Masonry (29/32)
    Thebes: size=2, prod=Settlers (19sh), bldgs=Palace, Granary
    Units: 2x Settlers
  [Civ 1] Romans turn: 0 actions — idle
    >>> Germans discovered: Writing
    SET_RESEARCH tech=Ceremonial Burial
    >>> Egyptians discovered: Masonry
    SET_RESEARCH tech=Currency

══════════════════════════════════════════════════════════════════════
  TURN 44 — 3140 B.C. (7ms)
══════════════════════════════════════════════════════════════════════
  [Civ 1] Romans (despotism): 1 cities, 1 units, 159g, 7 techs, researching Writing (18/33)
    Rome: size=3, prod=Wonder40 (139sh), bldgs=Palace
    Units: 1x Warriors
  [Civ 2] Babylonians (despotism): 1 cities, 1 units, 51g, 9 techs, researching Writing (30/21)
    Babylon: size=2, prod=Settlers (28sh), bldgs=Palace, Granary
    Units: 1x Warriors
  [Civ 3] Germans (despotism): 1 cities, 0 units, 52g, 9 techs, researching Ceremonial Burial (0/21)
    Berlin: size=4, prod=building:7 (57sh), bldgs=Palace, Granary
    Units: none
  [Civ 4] Egyptians (despotism): 1 cities, 2 units, 171g, 10 techs, researching Currency (0/48)
    Thebes: size=2, prod=Settlers (22sh), bldgs=Palace, Granary
    Units: 2x Settlers
  [Civ 1] Romans turn: 0 actions — idle
    >>> Babylonians discovered: Writing
    SET_RESEARCH tech=Literacy
    RUSH_BUY city=3
    >>> Rome grew to size 4

══════════════════════════════════════════════════════════════════════
  TURN 45 — 3120 B.C. (6ms)
══════════════════════════════════════════════════════════════════════
  [Civ 1] Romans (despotism): 1 cities, 1 units, 161g, 8 techs, researching Writing (21/28)
    Rome: size=4, prod=Wonder40 (143sh), bldgs=Palace
    Units: 1x Warriors
  [Civ 2] Babylonians (despotism): 1 cities, 1 units, 51g, 10 techs, researching Literacy (0/48)
    Babylon: size=2, prod=Settlers (32sh), bldgs=Palace, Granary
    Units: 1x Warriors
  [Civ 3] Germans (despotism): 1 cities, 0 units, 53g, 9 techs, researching Ceremonial Burial (4/21)
    Berlin: size=4, prod=building:7 (60sh), bldgs=Palace, Granary
    Units: none
  [Civ 4] Egyptians (despotism): 1 cities, 2 units, 131g, 10 techs, researching Currency (3/48)
    Thebes: size=2, prod=Settlers (40sh), bldgs=Palace, Granary
    Units: 2x Settlers
  [Civ 1] Romans turn: 0 actions — idle
    >>> Thebes built Settlers

══════════════════════════════════════════════════════════════════════
  TURN 46 — 3100 B.C. (5ms)
══════════════════════════════════════════════════════════════════════
  [Civ 1] Romans (despotism): 1 cities, 1 units, 163g, 9 techs, researching Writing (24/21)
    Rome: size=4, prod=Wonder40 (148sh), bldgs=Palace
    Units: 1x Warriors
  [Civ 2] Babylonians (despotism): 1 cities, 1 units, 50g, 11 techs, researching Literacy (2/52)
    Babylon: size=2, prod=Settlers (36sh), bldgs=Palace, Granary
    Units: 1x Warriors
  [Civ 3] Germans (despotism): 1 cities, 0 units, 54g, 9 techs, researching Ceremonial Burial (8/21)
    Berlin: size=4, prod=building:7 (63sh), bldgs=Palace, Granary
    Units: none
  [Civ 4] Egyptians (despotism): 1 cities, 3 units, 131g, 11 techs, researching Currency (5/52)
    Thebes: size=1, prod=Settlers (3sh), bldgs=Palace, Granary
    Units: 3x Settlers
  [Civ 1] Romans turn: 1 actions — SET_RESEARCH(1)
    SET_RESEARCH tech=Ceremonial Burial
    >>> Babylon built Settlers
    CHANGE_PRODUCTION city=1
    >>> Romans discovered: Ceremonial Burial

══════════════════════════════════════════════════════════════════════
  TURN 47 — 3080 B.C. (13ms)
══════════════════════════════════════════════════════════════════════
  [Civ 1] Romans (despotism): 1 cities, 1 units, 163g, 10 techs, researching none (0/24)
    Rome: size=4, prod=Wonder40 (153sh), bldgs=Palace
    Units: 1x Warriors
  [Civ 2] Babylonians (despotism): 1 cities, 2 units, 49g, 11 techs, researching Literacy (3/52)
    Babylon: size=1, prod=building:7 (0sh), bldgs=Palace, Granary
    Units: 1x Warriors, 1x Settlers
  [Civ 3] Germans (despotism): 1 cities, 0 units, 55g, 9 techs, researching Ceremonial Burial (12/21)
    Berlin: size=4, prod=building:7 (66sh), bldgs=Palace, Granary
    Units: none
  [Civ 4] Egyptians (despotism): 1 cities, 3 units, 131g, 11 techs, researching Currency (7/52)
    Thebes: size=1, prod=Settlers (3sh), bldgs=Palace, Granary
    Units: 3x Settlers
  [Civ 1] Romans turn: 1 actions — SET_RESEARCH(1)
    SET_RESEARCH tech=Mathematics
    >>> Babylon grew to size 2

══════════════════════════════════════════════════════════════════════
  TURN 48 — 3060 B.C. (9ms)
══════════════════════════════════════════════════════════════════════
  [Civ 1] Romans (despotism): 1 cities, 1 units, 165g, 10 techs, researching Mathematics (3/24)
    Rome: size=4, prod=Wonder40 (158sh), bldgs=Palace
    Units: 1x Warriors
  [Civ 2] Babylonians (despotism): 1 cities, 2 units, 48g, 11 techs, researching Literacy (5/52)
    Babylon: size=2, prod=building:7 (3sh), bldgs=Palace, Granary
    Units: 1x Warriors, 1x Settlers
  [Civ 3] Germans (despotism): 1 cities, 0 units, 56g, 9 techs, researching Ceremonial Burial (16/21)
    Berlin: size=4, prod=building:7 (69sh), bldgs=Palace, Granary
    Units: none
  [Civ 4] Egyptians (despotism): 1 cities, 3 units, 131g, 11 techs, researching Currency (9/52)
    Thebes: size=1, prod=Settlers (3sh), bldgs=Palace, Granary
    Units: 3x Settlers
  [Civ 1] Romans turn: 0 actions — idle
    SET_RESEARCH tech=Literacy

══════════════════════════════════════════════════════════════════════
  TURN 49 — 3040 B.C. (3ms)
══════════════════════════════════════════════════════════════════════
  [Civ 1] Romans (despotism): 1 cities, 1 units, 167g, 10 techs, researching Mathematics (6/24)
    Rome: size=4, prod=Wonder40 (163sh), bldgs=Palace
    Units: 1x Warriors
  [Civ 2] Babylonians (despotism): 1 cities, 2 units, 47g, 11 techs, researching Literacy (7/26)
    Babylon: size=2, prod=building:7 (7sh), bldgs=Palace, Granary
    Units: 1x Warriors, 1x Settlers
  [Civ 3] Germans (despotism): 1 cities, 0 units, 57g, 10 techs, researching Literacy (20/24)
    Berlin: size=4, prod=building:7 (72sh), bldgs=Palace, Granary
    Units: none
  [Civ 4] Egyptians (despotism): 1 cities, 3 units, 131g, 12 techs, researching Currency (11/57)
    Thebes: size=1, prod=Settlers (3sh), bldgs=Palace, Granary
    Units: 3x Settlers
  [Civ 1] Romans turn: 0 actions — idle
    >>> Germans discovered: Literacy
    SET_RESEARCH tech=Mathematics

══════════════════════════════════════════════════════════════════════
  FINAL SUMMARY
══════════════════════════════════════════════════════════════════════
Game ended at turn 50 (3020 B.C.)

── Civ 1: Romans (despotism) ALIVE ──
  Cities: 1 (peak 1, founded 1)
  Units:  1 (peak 1)
  Treasury: 169g
  Techs discovered: 4 — Bronze Working, Iron Working, Code of Laws, Ceremonial Burial
  Actions: 19 total, 42 idle turns
  Breakdown: SET_RESEARCH(6), UNIT_ORDER(5), ADJUST_ATTITUDE(3), MOVE_UNIT(2), CHANGE_RATES(1), BUILD_CITY(1), CHANGE_PRODUCTION(1)
  Army: 1x Warriors
  Rome: size=4, shields=168

── Civ 2: Babylonians (despotism) ALIVE ──
  Cities: 1 (peak 1, founded 1)
  Units:  2 (peak 2)
  Treasury: 46g
  Techs discovered: 2 — Mysticism, Writing
  Actions: 115 total, 0 idle turns
  Breakdown: UNIT_ORDER(52), MOVE_UNIT(51), SET_RESEARCH(4), CHANGE_PRODUCTION(3), ADJUST_ATTITUDE(3), CHANGE_RATES(1), BUILD_CITY(1)
  Army: 1x Warriors, 1x Settlers
  Babylon: size=2, shields=11

── Civ 3: Germans (despotism) ALIVE ──
  Cities: 1 (peak 1, founded 1)
  Units:  0 (peak 1)
  Treasury: 57g
  Techs discovered: 5 — Bronze Working, Code of Laws, Iron Working, Writing, Literacy
  Actions: 26 total, 38 idle turns
  Breakdown: SET_RESEARCH(8), UNIT_ORDER(6), MOVE_UNIT(5), ADJUST_ATTITUDE(3), CHANGE_PRODUCTION(2), CHANGE_RATES(1), BUILD_CITY(1)
  Army: none
  Berlin: size=4, shields=75

── Civ 4: Egyptians (despotism) ALIVE ──
  Cities: 1 (peak 1, founded 1)
  Units:  3 (peak 3)
  Treasury: 131g
  Techs discovered: 4 — Map Making, The Wheel, Iron Working, Masonry
  Actions: 106 total, 15 idle turns
  Breakdown: UNIT_ORDER(46), MOVE_UNIT(43), SET_RESEARCH(5), RUSH_BUY(3), ADJUST_ATTITUDE(3), CHANGE_PRODUCTION(2), WORKER_ORDER(2), CHANGE_RATES(1), BUILD_CITY(1)
  Army: 3x Settlers
  Thebes: size=1, shields=3


══════════════════════════════════════════════════════════════════════
  AI BEHAVIOR ANALYSIS
══════════════════════════════════════════════════════════════════════
[Civ 1] Romans:
  WARNING: Idle 42/50 turns (>50%)
  WARNING: Only 1 city after 30+ turns

[Civ 2] Babylonians:
  WARNING: Only 1 city after 30+ turns
  WARNING: 1 units stuck (busy orders outside city)

[Civ 3] Germans:
  WARNING: Idle 38/50 turns (>50%)
  WARNING: Only 1 city after 30+ turns

[Civ 4] Egyptians:
  WARNING: Only 1 city after 30+ turns
  WARNING: 1 units stuck (busy orders outside city)

