Charlization AI Headless Simulation
Date: 2026-03-14T17:08:38.088Z
Settings: 50 turns, 4 AI players, 50x80 map, difficulty=prince
Map seed: 42
Map generated in 457ms
Game initialized: 4 civs, 8 starting units
  Civ 1 (Romans): starts at (6,40) on Grassland
  Civ 2 (Babylonians): starts at (17,39) on Plains
  Civ 3 (Germans): starts at (30,40) on Plains
  Civ 4 (Egyptians): starts at (42,40) on Plains
    SET_RESEARCH tech=Bronze Working
    CHANGE_RATES sci=6 tax=4 lux=undefined
    BUILD_CITY unit=0 name="Rome"
    SET_RESEARCH tech=Bronze Working
    CHANGE_RATES sci=6 tax=4 lux=undefined
    BUILD_CITY unit=2 name="Babylon"
    SET_RESEARCH tech=Alphabet
    CHANGE_RATES sci=6 tax=4 lux=undefined
    BUILD_CITY unit=4 name="Berlin"
    SET_RESEARCH tech=Masonry
    CHANGE_RATES sci=6 tax=4 lux=undefined
    BUILD_CITY unit=6 name="Thebes"

══════════════════════════════════════════════════════════════════════
  TURN 1 — 3980 B.C. (96ms)
══════════════════════════════════════════════════════════════════════
  [Civ 1] Romans (despotism): 1 cities, 1 units, 51g, 0 techs, researching Bronze Working (2/10)
    Rome: size=1, prod=Warriors (3sh), bldgs=Palace
    Units: 1x Warriors
  [Civ 2] Babylonians (despotism): 1 cities, 1 units, 50g, 0 techs, researching Bronze Working (0/10)
    Babylon: size=1, prod=Warriors (0sh), bldgs=Palace
    Units: 1x Warriors
  [Civ 3] Germans (despotism): 1 cities, 1 units, 50g, 0 techs, researching Alphabet (0/10)
    Berlin: size=1, prod=Warriors (0sh), bldgs=Palace
    Units: 1x Warriors
  [Civ 4] Egyptians (despotism): 1 cities, 1 units, 50g, 0 techs, researching Masonry (0/10)
    Thebes: size=1, prod=Warriors (0sh), bldgs=Palace
    Units: 1x Warriors
  [Civ 1] Romans turn: 1 actions — MOVE_UNIT(1)

══════════════════════════════════════════════════════════════════════
  TURN 2 — 3960 B.C. (31ms)
══════════════════════════════════════════════════════════════════════
  [Civ 1] Romans (despotism): 1 cities, 1 units, 52g, 0 techs, researching Bronze Working (4/10)
    Rome: size=1, prod=Warriors (6sh), bldgs=Palace
    Units: 1x Warriors
  [Civ 2] Babylonians (despotism): 1 cities, 1 units, 50g, 0 techs, researching Bronze Working (1/10)
    Babylon: size=1, prod=Warriors (2sh), bldgs=Palace
    Units: 1x Warriors
  [Civ 3] Germans (despotism): 1 cities, 1 units, 51g, 0 techs, researching Alphabet (2/10)
    Berlin: size=1, prod=Warriors (3sh), bldgs=Palace
    Units: 1x Warriors
  [Civ 4] Egyptians (despotism): 1 cities, 1 units, 51g, 0 techs, researching Masonry (1/10)
    Thebes: size=1, prod=Warriors (2sh), bldgs=Palace
    Units: 1x Warriors
  [Civ 1] Romans turn: 1 actions — MOVE_UNIT(1)

══════════════════════════════════════════════════════════════════════
  TURN 3 — 3940 B.C. (49ms)
══════════════════════════════════════════════════════════════════════
  [Civ 1] Romans (despotism): 1 cities, 1 units, 53g, 0 techs, researching Bronze Working (6/10)
    Rome: size=1, prod=Warriors (9sh), bldgs=Palace
    Units: 1x Warriors
  [Civ 2] Babylonians (despotism): 1 cities, 1 units, 50g, 0 techs, researching Bronze Working (2/10)
    Babylon: size=1, prod=Warriors (4sh), bldgs=Palace
    Units: 1x Warriors
  [Civ 3] Germans (despotism): 1 cities, 1 units, 52g, 0 techs, researching Alphabet (4/10)
    Berlin: size=1, prod=Warriors (6sh), bldgs=Palace
    Units: 1x Warriors
  [Civ 4] Egyptians (despotism): 1 cities, 1 units, 52g, 0 techs, researching Masonry (2/10)
    Thebes: size=1, prod=Warriors (4sh), bldgs=Palace
    Units: 1x Warriors
  [Civ 1] Romans turn: 1 actions — MOVE_UNIT(1)
    >>> Rome built Warriors

══════════════════════════════════════════════════════════════════════
  TURN 4 — 3920 B.C. (26ms)
══════════════════════════════════════════════════════════════════════
  [Civ 1] Romans (despotism): 1 cities, 2 units, 54g, 0 techs, researching Bronze Working (8/10)
    Rome: size=1, prod=Warriors (0sh), bldgs=Palace
    Units: 2x Warriors
  [Civ 2] Babylonians (despotism): 1 cities, 1 units, 50g, 0 techs, researching Bronze Working (3/10)
    Babylon: size=1, prod=Warriors (6sh), bldgs=Palace
    Units: 1x Warriors
  [Civ 3] Germans (despotism): 1 cities, 1 units, 53g, 0 techs, researching Alphabet (6/10)
    Berlin: size=1, prod=Warriors (9sh), bldgs=Palace
    Units: 1x Warriors
  [Civ 4] Egyptians (despotism): 1 cities, 1 units, 53g, 0 techs, researching Masonry (3/10)
    Thebes: size=1, prod=Warriors (6sh), bldgs=Palace
    Units: 1x Warriors
  [Civ 1] Romans turn: 1 actions — MOVE_UNIT(1)
    >>> Berlin built Warriors
    >>> Romans discovered: Bronze Working

══════════════════════════════════════════════════════════════════════
  TURN 5 — 3900 B.C. (14ms)
══════════════════════════════════════════════════════════════════════
  [Civ 1] Romans (despotism): 1 cities, 2 units, 55g, 1 techs, researching none (0/10)
    Rome: size=1, prod=Warriors (3sh), bldgs=Palace
    Units: 2x Warriors
  [Civ 2] Babylonians (despotism): 1 cities, 1 units, 50g, 0 techs, researching Bronze Working (4/10)
    Babylon: size=1, prod=Warriors (8sh), bldgs=Palace
    Units: 1x Warriors
  [Civ 3] Germans (despotism): 1 cities, 2 units, 54g, 0 techs, researching Alphabet (8/10)
    Berlin: size=1, prod=Warriors (0sh), bldgs=Palace
    Units: 2x Warriors
  [Civ 4] Egyptians (despotism): 1 cities, 1 units, 54g, 0 techs, researching Masonry (4/10)
    Thebes: size=1, prod=Warriors (8sh), bldgs=Palace
    Units: 1x Warriors
  [Civ 1] Romans turn: 3 actions — SET_RESEARCH(1), MOVE_UNIT(2)
    SET_RESEARCH tech=Warrior Code
    >>> Babylon built Warriors
    >>> Germans discovered: Alphabet
    SET_RESEARCH tech=Pottery
    >>> Thebes built Warriors

══════════════════════════════════════════════════════════════════════
  TURN 6 — 3880 B.C. (10ms)
══════════════════════════════════════════════════════════════════════
  [Civ 1] Romans (despotism): 1 cities, 2 units, 56g, 1 techs, researching Warrior Code (2/10)
    Rome: size=1, prod=Warriors (6sh), bldgs=Palace
    Units: 2x Warriors
  [Civ 2] Babylonians (despotism): 1 cities, 2 units, 50g, 0 techs, researching Bronze Working (5/10)
    Babylon: size=1, prod=Warriors (0sh), bldgs=Palace
    Units: 2x Warriors
  [Civ 3] Germans (despotism): 1 cities, 2 units, 55g, 1 techs, researching Pottery (0/10)
    Berlin: size=1, prod=Warriors (3sh), bldgs=Palace
    Units: 2x Warriors
  [Civ 4] Egyptians (despotism): 1 cities, 2 units, 55g, 0 techs, researching Masonry (5/10)
    Thebes: size=1, prod=Warriors (0sh), bldgs=Palace
    Units: 2x Warriors
  [Civ 1] Romans turn: 2 actions — MOVE_UNIT(2)

══════════════════════════════════════════════════════════════════════
  TURN 7 — 3860 B.C. (8ms)
══════════════════════════════════════════════════════════════════════
  [Civ 1] Romans (despotism): 1 cities, 2 units, 57g, 1 techs, researching Warrior Code (4/10)
    Rome: size=1, prod=Warriors (9sh), bldgs=Palace
    Units: 2x Warriors
  [Civ 2] Babylonians (despotism): 1 cities, 2 units, 50g, 0 techs, researching Bronze Working (6/10)
    Babylon: size=1, prod=Warriors (2sh), bldgs=Palace
    Units: 2x Warriors
  [Civ 3] Germans (despotism): 1 cities, 2 units, 56g, 1 techs, researching Pottery (2/10)
    Berlin: size=1, prod=Warriors (6sh), bldgs=Palace
    Units: 2x Warriors
  [Civ 4] Egyptians (despotism): 1 cities, 2 units, 56g, 0 techs, researching Masonry (6/10)
    Thebes: size=1, prod=Warriors (2sh), bldgs=Palace
    Units: 2x Warriors
  [Civ 1] Romans turn: 2 actions — MOVE_UNIT(2)
    >>> Rome built Warriors

══════════════════════════════════════════════════════════════════════
  TURN 8 — 3840 B.C. (7ms)
══════════════════════════════════════════════════════════════════════
  [Civ 1] Romans (despotism): 1 cities, 3 units, 58g, 1 techs, researching Warrior Code (6/10)
    Rome: size=1, prod=Warriors (0sh), bldgs=Palace
    Units: 3x Warriors
  [Civ 2] Babylonians (despotism): 1 cities, 2 units, 50g, 0 techs, researching Bronze Working (7/10)
    Babylon: size=1, prod=Warriors (4sh), bldgs=Palace
    Units: 2x Warriors
  [Civ 3] Germans (despotism): 1 cities, 2 units, 57g, 1 techs, researching Pottery (4/10)
    Berlin: size=1, prod=Warriors (9sh), bldgs=Palace
    Units: 2x Warriors
  [Civ 4] Egyptians (despotism): 1 cities, 2 units, 57g, 0 techs, researching Masonry (7/10)
    Thebes: size=1, prod=Warriors (4sh), bldgs=Palace
    Units: 2x Warriors
  [Civ 1] Romans turn: 3 actions — CHANGE_PRODUCTION(1), MOVE_UNIT(2)
    CHANGE_PRODUCTION city=0
    >>> Berlin built Warriors
    CHANGE_PRODUCTION city=2

══════════════════════════════════════════════════════════════════════
  TURN 9 — 3820 B.C. (13ms)
══════════════════════════════════════════════════════════════════════
  [Civ 1] Romans (despotism): 1 cities, 3 units, 59g, 1 techs, researching Warrior Code (8/10)
    Rome: size=1, prod=Phalanx (2sh), bldgs=Palace
    Units: 3x Warriors
  [Civ 2] Babylonians (despotism): 1 cities, 2 units, 50g, 0 techs, researching Bronze Working (8/10)
    Babylon: size=1, prod=Warriors (6sh), bldgs=Palace
    Units: 2x Warriors
  [Civ 3] Germans (despotism): 1 cities, 3 units, 58g, 1 techs, researching Pottery (6/10)
    Berlin: size=1, prod=building:2 (0sh), bldgs=Palace
    Units: 3x Warriors
  [Civ 4] Egyptians (despotism): 1 cities, 2 units, 58g, 0 techs, researching Masonry (8/10)
    Thebes: size=1, prod=Warriors (6sh), bldgs=Palace
    Units: 2x Warriors
  [Civ 1] Romans turn: 3 actions — MOVE_UNIT(3)
    >>> Romans discovered: Warrior Code

══════════════════════════════════════════════════════════════════════
  TURN 10 — 3800 B.C. (6ms)
══════════════════════════════════════════════════════════════════════
  [Civ 1] Romans (despotism): 1 cities, 3 units, 60g, 2 techs, researching none (0/18)
    Rome: size=2, prod=Phalanx (4sh), bldgs=Palace
    Units: 3x Warriors
  [Civ 2] Babylonians (despotism): 1 cities, 2 units, 50g, 0 techs, researching Bronze Working (9/10)
    Babylon: size=1, prod=Warriors (8sh), bldgs=Palace
    Units: 2x Warriors
  [Civ 3] Germans (despotism): 1 cities, 3 units, 59g, 1 techs, researching Pottery (8/10)
    Berlin: size=1, prod=building:2 (2sh), bldgs=Palace
    Units: 3x Warriors
  [Civ 4] Egyptians (despotism): 1 cities, 2 units, 59g, 0 techs, researching Masonry (9/10)
    Thebes: size=1, prod=Warriors (8sh), bldgs=Palace
    Units: 2x Warriors
  [Civ 1] Romans turn: 5 actions — SET_RESEARCH(1), CHANGE_PRODUCTION(1), MOVE_UNIT(3)
    SET_RESEARCH tech=Iron Working
    CHANGE_PRODUCTION city=0
    >>> Babylonians discovered: Bronze Working
    >>> Babylon built Warriors
    SET_RESEARCH tech=Alphabet
    CHANGE_PRODUCTION city=1
    >>> Germans discovered: Pottery
    SET_RESEARCH tech=Ceremonial Burial
    CHANGE_PRODUCTION city=2
    >>> Egyptians discovered: Masonry
    >>> Thebes built Warriors
    SET_RESEARCH tech=Ceremonial Burial

══════════════════════════════════════════════════════════════════════
  TURN 11 — 3780 B.C. (14ms)
══════════════════════════════════════════════════════════════════════
  [Civ 1] Romans (despotism): 1 cities, 3 units, 61g, 2 techs, researching Iron Working (2/18)
    Rome: size=2, prod=Warriors (8sh), bldgs=Palace
    Units: 3x Warriors
  [Civ 2] Babylonians (despotism): 1 cities, 3 units, 52g, 1 techs, researching Alphabet (0/10)
    Babylon: size=2, prod=Settlers (0sh), bldgs=Palace
    Units: 3x Warriors
  [Civ 3] Germans (despotism): 1 cities, 3 units, 60g, 2 techs, researching Ceremonial Burial (0/18)
    Berlin: size=2, prod=Warriors (2sh), bldgs=Palace
    Units: 3x Warriors
  [Civ 4] Egyptians (despotism): 1 cities, 3 units, 60g, 1 techs, researching Ceremonial Burial (0/10)
    Thebes: size=2, prod=Warriors (0sh), bldgs=Palace
    Units: 3x Warriors
  [Civ 1] Romans turn: 3 actions — MOVE_UNIT(3)
    >>> Rome built Warriors

══════════════════════════════════════════════════════════════════════
  TURN 12 — 3760 B.C. (8ms)
══════════════════════════════════════════════════════════════════════
  [Civ 1] Romans (despotism): 1 cities, 4 units, 62g, 2 techs, researching Iron Working (4/18)
    Rome: size=2, prod=Warriors (0sh), bldgs=Palace
    Units: 4x Warriors
  [Civ 2] Babylonians (despotism): 1 cities, 3 units, 54g, 1 techs, researching Alphabet (2/10)
    Babylon: size=2, prod=Settlers (2sh), bldgs=Palace
    Units: 3x Warriors
  [Civ 3] Germans (despotism): 1 cities, 3 units, 61g, 2 techs, researching Ceremonial Burial (2/18)
    Berlin: size=2, prod=Warriors (6sh), bldgs=Palace
    Units: 3x Warriors
  [Civ 4] Egyptians (despotism): 1 cities, 3 units, 61g, 1 techs, researching Ceremonial Burial (1/10)
    Thebes: size=2, prod=Warriors (3sh), bldgs=Palace
    Units: 3x Warriors
  [Civ 1] Romans turn: 4 actions — CHANGE_PRODUCTION(1), MOVE_UNIT(3)
    CHANGE_PRODUCTION city=0
    >>> Berlin built Warriors

══════════════════════════════════════════════════════════════════════
  TURN 13 — 3740 B.C. (37ms)
══════════════════════════════════════════════════════════════════════
  [Civ 1] Romans (despotism): 1 cities, 4 units, 63g, 2 techs, researching Iron Working (6/18)
    Rome: size=2, prod=Settlers (3sh), bldgs=Palace
    Units: 4x Warriors
  [Civ 2] Babylonians (despotism): 1 cities, 3 units, 56g, 1 techs, researching Alphabet (4/10)
    Babylon: size=2, prod=Settlers (4sh), bldgs=Palace
    Units: 3x Warriors
  [Civ 3] Germans (despotism): 1 cities, 4 units, 62g, 2 techs, researching Ceremonial Burial (4/18)
    Berlin: size=2, prod=Warriors (0sh), bldgs=Palace
    Units: 4x Warriors
  [Civ 4] Egyptians (despotism): 1 cities, 3 units, 62g, 1 techs, researching Ceremonial Burial (2/10)
    Thebes: size=2, prod=Warriors (6sh), bldgs=Palace
    Units: 3x Warriors
  [Civ 1] Romans turn: 4 actions — MOVE_UNIT(4)

══════════════════════════════════════════════════════════════════════
  TURN 14 — 3720 B.C. (11ms)
══════════════════════════════════════════════════════════════════════
  [Civ 1] Romans (despotism): 1 cities, 4 units, 64g, 2 techs, researching Iron Working (8/18)
    Rome: size=2, prod=Settlers (6sh), bldgs=Palace
    Units: 4x Warriors
  [Civ 2] Babylonians (despotism): 1 cities, 3 units, 58g, 1 techs, researching Alphabet (6/10)
    Babylon: size=2, prod=Settlers (6sh), bldgs=Palace
    Units: 3x Warriors
  [Civ 3] Germans (despotism): 1 cities, 4 units, 63g, 2 techs, researching Ceremonial Burial (6/18)
    Berlin: size=2, prod=Warriors (3sh), bldgs=Palace
    Units: 4x Warriors
  [Civ 4] Egyptians (despotism): 1 cities, 3 units, 63g, 1 techs, researching Ceremonial Burial (3/10)
    Thebes: size=2, prod=Warriors (9sh), bldgs=Palace
    Units: 3x Warriors
  [Civ 1] Romans turn: 4 actions — MOVE_UNIT(4)
    >>> Thebes built Warriors

══════════════════════════════════════════════════════════════════════
  TURN 15 — 3700 B.C. (9ms)
══════════════════════════════════════════════════════════════════════
  [Civ 1] Romans (despotism): 1 cities, 4 units, 65g, 2 techs, researching Iron Working (10/18)
    Rome: size=2, prod=Settlers (9sh), bldgs=Palace
    Units: 4x Warriors
  [Civ 2] Babylonians (despotism): 1 cities, 3 units, 60g, 1 techs, researching Alphabet (8/10)
    Babylon: size=2, prod=Settlers (8sh), bldgs=Palace
    Units: 3x Warriors
  [Civ 3] Germans (despotism): 1 cities, 4 units, 64g, 3 techs, researching Ceremonial Burial (8/24)
    Berlin: size=2, prod=Warriors (6sh), bldgs=Palace
    Units: 4x Warriors
  [Civ 4] Egyptians (despotism): 1 cities, 4 units, 64g, 1 techs, researching Ceremonial Burial (4/10)
    Thebes: size=2, prod=Warriors (0sh), bldgs=Palace
    Units: 4x Warriors
  [Civ 1] Romans turn: 4 actions — MOVE_UNIT(3), UNIT_ORDER(1)
    >>> Babylonians discovered: Alphabet
    SET_RESEARCH tech=Map Making

══════════════════════════════════════════════════════════════════════
  TURN 16 — 3680 B.C. (10ms)
══════════════════════════════════════════════════════════════════════
  [Civ 1] Romans (despotism): 1 cities, 4 units, 66g, 2 techs, researching Iron Working (12/18)
    Rome: size=2, prod=Settlers (12sh), bldgs=Palace
    Units: 4x Warriors
  [Civ 2] Babylonians (despotism): 1 cities, 3 units, 62g, 2 techs, researching Map Making (0/18)
    Babylon: size=2, prod=Settlers (10sh), bldgs=Palace
    Units: 3x Warriors
  [Civ 3] Germans (despotism): 1 cities, 4 units, 65g, 3 techs, researching Ceremonial Burial (10/24)
    Berlin: size=2, prod=Warriors (9sh), bldgs=Palace
    Units: 4x Warriors
  [Civ 4] Egyptians (despotism): 1 cities, 4 units, 65g, 1 techs, researching Ceremonial Burial (5/10)
    Thebes: size=2, prod=Warriors (2sh), bldgs=Palace
    Units: 4x Warriors
  [Civ 1] Romans turn: 3 actions — MOVE_UNIT(3)
    >>> Berlin built Warriors

══════════════════════════════════════════════════════════════════════
  TURN 17 — 3660 B.C. (14ms)
══════════════════════════════════════════════════════════════════════
  [Civ 1] Romans (despotism): 1 cities, 4 units, 67g, 2 techs, researching Iron Working (14/18)
    Rome: size=2, prod=Settlers (15sh), bldgs=Palace
    Units: 4x Warriors
  [Civ 2] Babylonians (despotism): 1 cities, 3 units, 64g, 2 techs, researching Map Making (2/18)
    Babylon: size=2, prod=Settlers (12sh), bldgs=Palace
    Units: 3x Warriors
  [Civ 3] Germans (despotism): 1 cities, 5 units, 66g, 3 techs, researching Ceremonial Burial (12/24)
    Berlin: size=2, prod=Warriors (0sh), bldgs=Palace
    Units: 5x Warriors
  [Civ 4] Egyptians (despotism): 1 cities, 4 units, 66g, 1 techs, researching Ceremonial Burial (6/10)
    Thebes: size=2, prod=Warriors (4sh), bldgs=Palace
    Units: 4x Warriors
  [Civ 1] Romans turn: 3 actions — MOVE_UNIT(3)
    COMBAT: Warriors vs Warriors → defWin (atkHp=undefined, defHp=undefined)

══════════════════════════════════════════════════════════════════════
  TURN 18 — 3640 B.C. (11ms)
══════════════════════════════════════════════════════════════════════
  [Civ 1] Romans (despotism): 1 cities, 4 units, 68g, 2 techs, researching Iron Working (16/18)
    Rome: size=2, prod=Settlers (18sh), bldgs=Palace
    Units: 4x Warriors
  [Civ 2] Babylonians (despotism): 1 cities, 3 units, 66g, 2 techs, researching Map Making (4/18)
    Babylon: size=2, prod=Settlers (14sh), bldgs=Palace
    Units: 3x Warriors
  [Civ 3] Germans (despotism): 1 cities, 4 units, 117g, 3 techs, researching Ceremonial Burial (14/24)
    Berlin: size=2, prod=Warriors (2sh), bldgs=Palace
    Units: 4x Warriors
  [Civ 4] Egyptians (despotism): 1 cities, 4 units, 67g, 1 techs, researching Ceremonial Burial (7/10)
    Thebes: size=2, prod=Warriors (6sh), bldgs=Palace
    Units: 4x Warriors
  [Civ 1] Romans turn: 3 actions — MOVE_UNIT(3)
    RUSH_BUY city=2
    >>> Romans discovered: Iron Working

══════════════════════════════════════════════════════════════════════
  TURN 19 — 3620 B.C. (11ms)
══════════════════════════════════════════════════════════════════════
  [Civ 1] Romans (despotism): 1 cities, 4 units, 69g, 3 techs, researching none (0/24)
    Rome: size=2, prod=Settlers (21sh), bldgs=Palace
    Units: 4x Warriors
  [Civ 2] Babylonians (despotism): 1 cities, 3 units, 68g, 2 techs, researching Map Making (6/18)
    Babylon: size=2, prod=Settlers (16sh), bldgs=Palace
    Units: 3x Warriors
  [Civ 3] Germans (despotism): 1 cities, 4 units, 107g, 3 techs, researching Ceremonial Burial (16/24)
    Berlin: size=2, prod=Warriors (10sh), bldgs=Palace
    Units: 4x Warriors
  [Civ 4] Egyptians (despotism): 1 cities, 4 units, 68g, 1 techs, researching Ceremonial Burial (8/10)
    Thebes: size=2, prod=Warriors (8sh), bldgs=Palace
    Units: 4x Warriors
  [Civ 1] Romans turn: 4 actions — SET_RESEARCH(1), MOVE_UNIT(3)
    SET_RESEARCH tech=Alphabet
    PROPOSE_TREATY treaty=peace target=civ3
    ADJUST_ATTITUDE target=civ3
    >>> Berlin built Warriors
    COMBAT: Warriors vs Warriors → defWin (atkHp=undefined, defHp=undefined)
    >>> Thebes built Warriors

══════════════════════════════════════════════════════════════════════
  TURN 20 — 3600 B.C. (10ms)
══════════════════════════════════════════════════════════════════════
  [Civ 1] Romans (despotism): 1 cities, 4 units, 70g, 3 techs, researching Alphabet (2/24)
    Rome: size=2, prod=Settlers (24sh), bldgs=Palace
    Units: 4x Warriors
  [Civ 2] Babylonians (despotism): 1 cities, 3 units, 70g, 2 techs, researching Map Making (8/18)
    Babylon: size=2, prod=Settlers (18sh), bldgs=Palace
    Units: 3x Warriors
  [Civ 3] Germans (despotism): 1 cities, 4 units, 108g, 3 techs, researching Ceremonial Burial (18/24)
    Berlin: size=2, prod=Warriors (0sh), bldgs=Palace
    Units: 4x Warriors
  [Civ 4] Egyptians (despotism): 1 cities, 5 units, 69g, 1 techs, researching Ceremonial Burial (9/10)
    Thebes: size=2, prod=Warriors (0sh), bldgs=Palace
    Units: 5x Warriors
  [Civ 1] Romans turn: 3 actions — MOVE_UNIT(3)
    >>> Egyptians discovered: Ceremonial Burial
    SET_RESEARCH tech=Bronze Working

══════════════════════════════════════════════════════════════════════
  TURN 21 — 3580 B.C. (9ms)
══════════════════════════════════════════════════════════════════════
  [Civ 1] Romans (despotism): 1 cities, 4 units, 71g, 3 techs, researching Alphabet (4/24)
    Rome: size=2, prod=Settlers (27sh), bldgs=Palace
    Units: 4x Warriors
  [Civ 2] Babylonians (despotism): 1 cities, 3 units, 72g, 2 techs, researching Map Making (10/18)
    Babylon: size=2, prod=Settlers (20sh), bldgs=Palace
    Units: 3x Warriors
  [Civ 3] Germans (despotism): 1 cities, 4 units, 109g, 3 techs, researching Ceremonial Burial (20/24)
    Berlin: size=2, prod=Warriors (2sh), bldgs=Palace
    Units: 4x Warriors
  [Civ 4] Egyptians (despotism): 1 cities, 5 units, 70g, 2 techs, researching Bronze Working (0/18)
    Thebes: size=2, prod=Warriors (1sh), bldgs=Palace
    Units: 5x Warriors
  [Civ 1] Romans turn: 3 actions — MOVE_UNIT(3)
    PROPOSE_TREATY treaty=peace target=civ4
    ADJUST_ATTITUDE target=civ4

══════════════════════════════════════════════════════════════════════
  TURN 22 — 3560 B.C. (19ms)
══════════════════════════════════════════════════════════════════════
  [Civ 1] Romans (despotism): 1 cities, 4 units, 72g, 3 techs, researching Alphabet (6/24)
    Rome: size=2, prod=Settlers (30sh), bldgs=Palace
    Units: 4x Warriors
  [Civ 2] Babylonians (despotism): 1 cities, 3 units, 74g, 2 techs, researching Map Making (12/18)
    Babylon: size=2, prod=Settlers (22sh), bldgs=Palace
    Units: 3x Warriors
  [Civ 3] Germans (despotism): 1 cities, 4 units, 110g, 3 techs, researching Ceremonial Burial (22/24)
    Berlin: size=2, prod=Warriors (4sh), bldgs=Palace
    Units: 4x Warriors
  [Civ 4] Egyptians (despotism): 1 cities, 5 units, 71g, 2 techs, researching Bronze Working (1/18)
    Thebes: size=2, prod=Warriors (2sh), bldgs=Palace
    Units: 5x Warriors
  [Civ 1] Romans turn: 3 actions — MOVE_UNIT(3)
    >>> Germans discovered: Ceremonial Burial
    SET_RESEARCH tech=Map Making

══════════════════════════════════════════════════════════════════════
  TURN 23 — 3540 B.C. (42ms)
══════════════════════════════════════════════════════════════════════
  [Civ 1] Romans (despotism): 1 cities, 4 units, 73g, 3 techs, researching Alphabet (8/24)
    Rome: size=2, prod=Settlers (33sh), bldgs=Palace
    Units: 4x Warriors
  [Civ 2] Babylonians (despotism): 1 cities, 3 units, 76g, 2 techs, researching Map Making (14/18)
    Babylon: size=2, prod=Settlers (24sh), bldgs=Palace
    Units: 3x Warriors
  [Civ 3] Germans (despotism): 1 cities, 4 units, 111g, 4 techs, researching Map Making (0/28)
    Berlin: size=2, prod=Warriors (6sh), bldgs=Palace
    Units: 4x Warriors
  [Civ 4] Egyptians (despotism): 1 cities, 5 units, 72g, 2 techs, researching Bronze Working (2/18)
    Thebes: size=2, prod=Warriors (3sh), bldgs=Palace
    Units: 5x Warriors
  [Civ 1] Romans turn: 3 actions — MOVE_UNIT(3)
    PROPOSE_TREATY treaty=peace target=civ3
    ADJUST_ATTITUDE target=civ3

══════════════════════════════════════════════════════════════════════
  TURN 24 — 3520 B.C. (9ms)
══════════════════════════════════════════════════════════════════════
  [Civ 1] Romans (despotism): 1 cities, 4 units, 74g, 3 techs, researching Alphabet (10/24)
    Rome: size=2, prod=Settlers (36sh), bldgs=Palace
    Units: 4x Warriors
  [Civ 2] Babylonians (despotism): 1 cities, 3 units, 78g, 2 techs, researching Map Making (16/18)
    Babylon: size=2, prod=Settlers (26sh), bldgs=Palace
    Units: 3x Warriors
  [Civ 3] Germans (despotism): 1 cities, 4 units, 112g, 4 techs, researching Map Making (2/28)
    Berlin: size=2, prod=Warriors (8sh), bldgs=Palace
    Units: 4x Warriors
  [Civ 4] Egyptians (despotism): 1 cities, 5 units, 73g, 2 techs, researching Bronze Working (3/18)
    Thebes: size=2, prod=Warriors (4sh), bldgs=Palace
    Units: 5x Warriors
  [Civ 1] Romans turn: 3 actions — MOVE_UNIT(3)
    >>> Babylonians discovered: Map Making
    SET_RESEARCH tech=Code of Laws
    END_TURN REJECTED: 1 units still need orders
      #22 Legion(Atk) @(24,41) mv=3 ord=none hp=full

══════════════════════════════════════════════════════════════════════
  TURN 25 — 3500 B.C. (49ms)
══════════════════════════════════════════════════════════════════════
  [Civ 1] Romans (despotism): 1 cities, 4 units, 75g, 3 techs, researching Alphabet (12/24)
    Rome: size=3, prod=Settlers (39sh), bldgs=Palace
    Units: 4x Warriors
  [Civ 2] Babylonians (despotism): 1 cities, 4 units, 80g, 3 techs, researching Code of Laws (0/24)
    Babylon: size=2, prod=Settlers (28sh), bldgs=Palace
    Units: 3x Warriors, 1x Legion
  [Civ 3] Germans (despotism): 1 cities, 5 units, 113g, 4 techs, researching Map Making (4/28)
    Berlin: size=2, prod=Warriors (0sh), bldgs=Palace
    Units: 5x Warriors
  [Civ 4] Egyptians (despotism): 1 cities, 5 units, 74g, 2 techs, researching Bronze Working (4/18)
    Thebes: size=2, prod=Warriors (5sh), bldgs=Palace
    Units: 5x Warriors
  [Civ 1] Romans turn: 3 actions — MOVE_UNIT(3)
    COMBAT: Warriors vs Warriors → atkWin (atkHp=undefined, defHp=undefined)
    >>> Rome built Settlers

══════════════════════════════════════════════════════════════════════
  TURN 26 — 3480 B.C. (39ms)
══════════════════════════════════════════════════════════════════════
  [Civ 1] Romans (despotism): 1 cities, 5 units, 76g, 3 techs, researching Alphabet (14/24)
    Rome: size=2, prod=Settlers (0sh), bldgs=Palace
    Units: 4x Warriors, 1x Settlers
  [Civ 2] Babylonians (despotism): 1 cities, 4 units, 82g, 3 techs, researching Code of Laws (2/24)
    Babylon: size=2, prod=Settlers (30sh), bldgs=Palace
    Units: 3x Warriors, 1x Legion
  [Civ 3] Germans (despotism): 1 cities, 4 units, 114g, 4 techs, researching Map Making (6/28)
    Berlin: size=3, prod=Warriors (2sh), bldgs=Palace
    Units: 4x Warriors
  [Civ 4] Egyptians (despotism): 1 cities, 5 units, 75g, 2 techs, researching Bronze Working (5/18)
    Thebes: size=2, prod=Warriors (6sh), bldgs=Palace
    Units: 5x Warriors
  [Civ 1] Romans turn: 3 actions — MOVE_UNIT(3)
    RUSH_BUY city=2

══════════════════════════════════════════════════════════════════════
  TURN 27 — 3460 B.C. (22ms)
══════════════════════════════════════════════════════════════════════
  [Civ 1] Romans (despotism): 1 cities, 5 units, 77g, 3 techs, researching Alphabet (16/24)
    Rome: size=2, prod=Settlers (2sh), bldgs=Palace
    Units: 4x Warriors, 1x Settlers
  [Civ 2] Babylonians (despotism): 1 cities, 4 units, 84g, 3 techs, researching Code of Laws (4/24)
    Babylon: size=2, prod=Settlers (32sh), bldgs=Palace
    Units: 3x Warriors, 1x Legion
  [Civ 3] Germans (despotism): 1 cities, 4 units, 109g, 4 techs, researching Map Making (8/28)
    Berlin: size=3, prod=Warriors (10sh), bldgs=Palace
    Units: 4x Warriors
  [Civ 4] Egyptians (despotism): 1 cities, 5 units, 76g, 2 techs, researching Bronze Working (6/18)
    Thebes: size=2, prod=Warriors (7sh), bldgs=Palace
    Units: 5x Warriors
  [Civ 1] Romans turn: 4 actions — MOVE_UNIT(4)
    >>> Berlin built Warriors

══════════════════════════════════════════════════════════════════════
  TURN 28 — 3440 B.C. (27ms)
══════════════════════════════════════════════════════════════════════
  [Civ 1] Romans (despotism): 1 cities, 5 units, 78g, 3 techs, researching Alphabet (18/24)
    Rome: size=2, prod=Settlers (4sh), bldgs=Palace
    Units: 4x Warriors, 1x Settlers
  [Civ 2] Babylonians (despotism): 1 cities, 4 units, 86g, 3 techs, researching Code of Laws (6/24)
    Babylon: size=2, prod=Settlers (34sh), bldgs=Palace
    Units: 3x Warriors, 1x Legion
  [Civ 3] Germans (despotism): 1 cities, 5 units, 110g, 4 techs, researching Map Making (10/28)
    Berlin: size=3, prod=Warriors (0sh), bldgs=Palace
    Units: 5x Warriors
  [Civ 4] Egyptians (despotism): 1 cities, 5 units, 77g, 2 techs, researching Bronze Working (7/18)
    Thebes: size=2, prod=Warriors (8sh), bldgs=Palace
    Units: 5x Warriors
  [Civ 1] Romans turn: 4 actions — MOVE_UNIT(4)

══════════════════════════════════════════════════════════════════════
  TURN 29 — 3420 B.C. (65ms)
══════════════════════════════════════════════════════════════════════
  [Civ 1] Romans (despotism): 1 cities, 5 units, 129g, 3 techs, researching Alphabet (20/24)
    Rome: size=2, prod=Settlers (6sh), bldgs=Palace
    Units: 4x Warriors, 1x Settlers
  [Civ 2] Babylonians (despotism): 1 cities, 4 units, 88g, 3 techs, researching Code of Laws (8/24)
    Babylon: size=2, prod=Settlers (36sh), bldgs=Palace
    Units: 3x Warriors, 1x Legion
  [Civ 3] Germans (despotism): 1 cities, 5 units, 111g, 4 techs, researching Map Making (12/28)
    Berlin: size=3, prod=Warriors (4sh), bldgs=Palace
    Units: 5x Warriors
  [Civ 4] Egyptians (despotism): 1 cities, 5 units, 78g, 2 techs, researching Bronze Working (8/18)
    Thebes: size=2, prod=Warriors (9sh), bldgs=Palace
    Units: 5x Warriors
  [Civ 1] Romans turn: 4 actions — MOVE_UNIT(4)
    COMBAT: Legion vs Warriors → atkWin (atkHp=undefined, defHp=undefined)
    >>> Thebes built Warriors

══════════════════════════════════════════════════════════════════════
  TURN 30 — 3400 B.C. (48ms)
══════════════════════════════════════════════════════════════════════
  [Civ 1] Romans (despotism): 1 cities, 5 units, 130g, 3 techs, researching Alphabet (22/24)
    Rome: size=2, prod=Settlers (8sh), bldgs=Palace
    Units: 4x Warriors, 1x Settlers
  [Civ 2] Babylonians (despotism): 1 cities, 4 units, 90g, 3 techs, researching Code of Laws (10/24)
    Babylon: size=2, prod=Settlers (38sh), bldgs=Palace
    Units: 3x Warriors, 1x Legion
  [Civ 3] Germans (despotism): 1 cities, 4 units, 112g, 4 techs, researching Map Making (14/28)
    Berlin: size=3, prod=Warriors (9sh), bldgs=Palace
    Units: 4x Warriors
  [Civ 4] Egyptians (despotism): 1 cities, 6 units, 79g, 2 techs, researching Bronze Working (9/18)
    Thebes: size=2, prod=Warriors (0sh), bldgs=Palace
    Units: 6x Warriors
  [Civ 1] Romans turn: 4 actions — BUILD_CITY(1), MOVE_UNIT(3)
    BUILD_CITY unit=24 name="Caesarea"
    >>> Babylon built Settlers
    CHANGE_PRODUCTION city=1
    COMBAT: Legion vs Warriors → atkWin (atkHp=undefined, defHp=undefined)
    >>> Berlin built Warriors
    >>> Romans discovered: Alphabet

══════════════════════════════════════════════════════════════════════
  TURN 31 — 3380 B.C. (11ms)
══════════════════════════════════════════════════════════════════════
  [Civ 1] Romans (despotism): 2 cities, 4 units, 131g, 4 techs, researching none (0/28)
    Rome: size=2, prod=Settlers (11sh), bldgs=Palace
    Caesarea: size=1, prod=Warriors (1sh)
    Units: 4x Warriors
  [Civ 2] Babylonians (despotism): 1 cities, 5 units, 90g, 3 techs, researching Code of Laws (11/24)
    Babylon: size=1, prod=Phalanx (0sh), bldgs=Palace
    Units: 3x Warriors, 1x Legion, 1x Settlers
  [Civ 3] Germans (despotism): 1 cities, 2 units, 113g, 4 techs, researching Map Making (16/28)
    Berlin: size=3, prod=Warriors (0sh), bldgs=Palace
    Units: 2x Warriors
  [Civ 4] Egyptians (despotism): 1 cities, 6 units, 80g, 2 techs, researching Bronze Working (10/18)
    Thebes: size=2, prod=Warriors (0sh), bldgs=Palace
    Units: 6x Warriors
  [Civ 1] Romans turn: 5 actions — SET_RESEARCH(1), RUSH_BUY(1), MOVE_UNIT(3)
    SET_RESEARCH tech=Writing
    RUSH_BUY city=4
    CHANGE_PRODUCTION city=1
    COMBAT: Legion vs Warriors → atkWin (atkHp=undefined, defHp=undefined)
    PROPOSE_TREATY treaty=ceasefire target=civ2
    ADJUST_ATTITUDE target=civ2
    >>> Caesarea built Warriors

══════════════════════════════════════════════════════════════════════
  TURN 32 — 3360 B.C. (53ms)
══════════════════════════════════════════════════════════════════════
  [Civ 1] Romans (despotism): 2 cities, 5 units, 110g, 4 techs, researching Writing (3/28)
    Rome: size=2, prod=Settlers (14sh), bldgs=Palace
    Caesarea: size=1, prod=Warriors (0sh)
    Units: 5x Warriors
  [Civ 2] Babylonians (despotism): 1 cities, 5 units, 92g, 3 techs, researching Code of Laws (13/24)
    Babylon: size=2, prod=Settlers (0sh), bldgs=Palace
    Units: 3x Warriors, 1x Legion, 1x Settlers
  [Civ 3] Germans (despotism): 1 cities, 1 units, 114g, 4 techs, researching Map Making (18/28)
    Berlin: size=3, prod=Warriors (6sh), bldgs=Palace
    Units: 1x Warriors
  [Civ 4] Egyptians (despotism): 1 cities, 6 units, 81g, 2 techs, researching Bronze Working (11/18)
    Thebes: size=2, prod=Warriors (0sh), bldgs=Palace
    Units: 6x Warriors
  [Civ 1] Romans turn: 4 actions — CHANGE_PRODUCTION(1), MOVE_UNIT(3)
    CHANGE_PRODUCTION city=4
    COMBAT: ? vs ? → capture (atkHp=undefined, defHp=undefined)

══════════════════════════════════════════════════════════════════════
  TURN 33 — 3340 B.C. (60ms)
══════════════════════════════════════════════════════════════════════
  [Civ 1] Romans (despotism): 2 cities, 5 units, 111g, 4 techs, researching Writing (6/28)
    Rome: size=2, prod=Settlers (17sh), bldgs=Palace
    Caesarea: size=1, prod=Archers (1sh)
    Units: 5x Warriors
  [Civ 2] Babylonians (despotism): 2 cities, 5 units, 94g, 3 techs, researching Code of Laws (15/24)
    Babylon: size=2, prod=Settlers (1sh), bldgs=Palace
    Berlin: size=2, prod=Warriors (0sh)
    Units: 3x Warriors, 1x Legion, 1x Settlers
  [Civ 3] Germans: ELIMINATED
  [Civ 4] Egyptians (despotism): 1 cities, 4 units, 82g, 2 techs, researching Bronze Working (12/18)
    Thebes: size=2, prod=Warriors (0sh), bldgs=Palace
    Units: 4x Warriors
  [Civ 1] Romans turn: 4 actions — MOVE_UNIT(4)
    CHANGE_PRODUCTION city=2

══════════════════════════════════════════════════════════════════════
  TURN 34 — 3320 B.C. (69ms)
══════════════════════════════════════════════════════════════════════
  [Civ 1] Romans (despotism): 2 cities, 5 units, 112g, 4 techs, researching Writing (9/28)
    Rome: size=2, prod=Settlers (20sh), bldgs=Palace
    Caesarea: size=1, prod=Archers (2sh)
    Units: 5x Warriors
  [Civ 2] Babylonians (despotism): 2 cities, 5 units, 97g, 3 techs, researching Code of Laws (18/24)
    Babylon: size=2, prod=Settlers (2sh), bldgs=Palace
    Berlin: size=2, prod=Settlers (3sh)
    Units: 3x Warriors, 1x Legion, 1x Settlers
  [Civ 3] Germans: ELIMINATED
  [Civ 4] Egyptians (despotism): 1 cities, 4 units, 83g, 2 techs, researching Bronze Working (13/18)
    Thebes: size=2, prod=Warriors (2sh), bldgs=Palace
    Units: 4x Warriors
  [Civ 1] Romans turn: 5 actions — CHANGE_PRODUCTION(1), MOVE_UNIT(4)
    CHANGE_PRODUCTION city=4
    BUILD_CITY unit=27 name="Sumer"

══════════════════════════════════════════════════════════════════════
  TURN 35 — 3300 B.C. (66ms)
══════════════════════════════════════════════════════════════════════
  [Civ 1] Romans (despotism): 2 cities, 5 units, 113g, 4 techs, researching Writing (12/28)
    Rome: size=2, prod=Settlers (23sh), bldgs=Palace
    Caesarea: size=1, prod=Warriors (3sh)
    Units: 5x Warriors
  [Civ 2] Babylonians (despotism): 3 cities, 4 units, 100g, 3 techs, researching Code of Laws (21/24)
    Babylon: size=2, prod=Settlers (3sh), bldgs=Palace
    Berlin: size=2, prod=Settlers (6sh)
    Sumer: size=1, prod=Warriors (0sh)
    Units: 3x Warriors, 1x Legion
  [Civ 3] Germans: ELIMINATED
  [Civ 4] Egyptians (despotism): 1 cities, 4 units, 84g, 2 techs, researching Bronze Working (14/18)
    Thebes: size=2, prod=Warriors (4sh), bldgs=Palace
    Units: 4x Warriors
  [Civ 1] Romans turn: 5 actions — RUSH_BUY(1), MOVE_UNIT(4)
    RUSH_BUY city=4
    >>> Babylonians discovered: Code of Laws
    SET_RESEARCH tech=Writing
    RUSH_BUY city=5
    >>> Caesarea built Warriors

══════════════════════════════════════════════════════════════════════
  TURN 36 — 3280 B.C. (24ms)
══════════════════════════════════════════════════════════════════════
  [Civ 1] Romans (despotism): 2 cities, 6 units, 98g, 4 techs, researching Writing (15/28)
    Rome: size=2, prod=Settlers (26sh), bldgs=Palace
    Caesarea: size=1, prod=Warriors (0sh)
    Units: 6x Warriors
  [Civ 2] Babylonians (despotism): 3 cities, 4 units, 84g, 4 techs, researching Writing (0/28)
    Babylon: size=2, prod=Settlers (5sh), bldgs=Palace
    Berlin: size=2, prod=Settlers (9sh)
    Sumer: size=1, prod=Warriors (10sh)
    Units: 3x Warriors, 1x Legion
  [Civ 3] Germans: ELIMINATED
  [Civ 4] Egyptians (despotism): 1 cities, 4 units, 85g, 2 techs, researching Bronze Working (15/18)
    Thebes: size=2, prod=Warriors (6sh), bldgs=Palace
    Units: 4x Warriors
  [Civ 1] Romans turn: 5 actions — CHANGE_PRODUCTION(1), MOVE_UNIT(4)
    CHANGE_PRODUCTION city=4
    >>> Sumer built Warriors

══════════════════════════════════════════════════════════════════════
  TURN 37 — 3260 B.C. (5ms)
══════════════════════════════════════════════════════════════════════
  [Civ 1] Romans (despotism): 2 cities, 6 units, 99g, 4 techs, researching Writing (18/28)
    Rome: size=2, prod=Settlers (29sh), bldgs=Palace
    Caesarea: size=2, prod=Archers (0sh)
    Units: 6x Warriors
  [Civ 2] Babylonians (despotism): 3 cities, 5 units, 87g, 4 techs, researching Writing (4/28)
    Babylon: size=2, prod=Settlers (7sh), bldgs=Palace
    Berlin: size=2, prod=Settlers (12sh)
    Sumer: size=1, prod=Warriors (0sh)
    Units: 4x Warriors, 1x Legion
  [Civ 3] Germans: ELIMINATED
  [Civ 4] Egyptians (despotism): 1 cities, 4 units, 86g, 2 techs, researching Bronze Working (16/18)
    Thebes: size=2, prod=Warriors (8sh), bldgs=Palace
    Units: 4x Warriors
  [Civ 1] Romans turn: 6 actions — CHANGE_PRODUCTION(1), MOVE_UNIT(5)
    CHANGE_PRODUCTION city=4
    >>> Thebes built Warriors

══════════════════════════════════════════════════════════════════════
  TURN 38 — 3240 B.C. (19ms)
══════════════════════════════════════════════════════════════════════
  [Civ 1] Romans (despotism): 2 cities, 6 units, 100g, 5 techs, researching Writing (21/30)
    Rome: size=2, prod=Settlers (32sh), bldgs=Palace
    Caesarea: size=2, prod=Settlers (2sh)
    Units: 6x Warriors
  [Civ 2] Babylonians (despotism): 3 cities, 5 units, 90g, 4 techs, researching Writing (8/28)
    Babylon: size=2, prod=Settlers (9sh), bldgs=Palace
    Berlin: size=2, prod=Settlers (15sh)
    Sumer: size=1, prod=Warriors (2sh)
    Units: 4x Warriors, 1x Legion
  [Civ 3] Germans: ELIMINATED
  [Civ 4] Egyptians (despotism): 1 cities, 5 units, 87g, 2 techs, researching Bronze Working (17/18)
    Thebes: size=2, prod=Warriors (0sh), bldgs=Palace
    Units: 5x Warriors
  [Civ 1] Romans turn: 6 actions — RUSH_BUY(1), MOVE_UNIT(5)
    RUSH_BUY city=0
    >>> Egyptians discovered: Bronze Working
    SET_RESEARCH tech=Alphabet
    CHANGE_PRODUCTION city=3
    >>> Rome built Settlers

══════════════════════════════════════════════════════════════════════
  TURN 39 — 3220 B.C. (8ms)
══════════════════════════════════════════════════════════════════════
  [Civ 1] Romans (despotism): 2 cities, 7 units, 82g, 5 techs, researching Writing (24/30)
    Rome: size=1, prod=Settlers (0sh), bldgs=Palace
    Caesarea: size=2, prod=Settlers (4sh)
    Units: 6x Warriors, 1x Settlers
  [Civ 2] Babylonians (despotism): 3 cities, 5 units, 93g, 4 techs, researching Writing (12/28)
    Babylon: size=2, prod=Settlers (11sh), bldgs=Palace
    Berlin: size=2, prod=Settlers (18sh)
    Sumer: size=1, prod=Warriors (4sh)
    Units: 4x Warriors, 1x Legion
  [Civ 3] Germans: ELIMINATED
  [Civ 4] Egyptians (despotism): 1 cities, 5 units, 88g, 3 techs, researching Alphabet (0/24)
    Thebes: size=2, prod=Settlers (1sh), bldgs=Palace
    Units: 5x Warriors
  [Civ 1] Romans turn: 6 actions — CHANGE_PRODUCTION(1), MOVE_UNIT(5)
    CHANGE_PRODUCTION city=0

══════════════════════════════════════════════════════════════════════
  TURN 40 — 3200 B.C. (42ms)
══════════════════════════════════════════════════════════════════════
  [Civ 1] Romans (despotism): 2 cities, 7 units, 83g, 5 techs, researching Writing (27/30)
    Rome: size=2, prod=Archers (0sh), bldgs=Palace
    Caesarea: size=2, prod=Settlers (6sh)
    Units: 6x Warriors, 1x Settlers
  [Civ 2] Babylonians (despotism): 3 cities, 5 units, 96g, 4 techs, researching Writing (16/28)
    Babylon: size=2, prod=Settlers (13sh), bldgs=Palace
    Berlin: size=2, prod=Settlers (21sh)
    Sumer: size=1, prod=Warriors (6sh)
    Units: 4x Warriors, 1x Legion
  [Civ 3] Germans: ELIMINATED
  [Civ 4] Egyptians (despotism): 1 cities, 5 units, 89g, 3 techs, researching Alphabet (1/24)
    Thebes: size=2, prod=Settlers (2sh), bldgs=Palace
    Units: 5x Warriors
  [Civ 1] Romans turn: 7 actions — CHANGE_PRODUCTION(1), MOVE_UNIT(6)
    CHANGE_PRODUCTION city=0
    >>> Romans discovered: Writing

══════════════════════════════════════════════════════════════════════
  TURN 41 — 3180 B.C. (11ms)
══════════════════════════════════════════════════════════════════════
  [Civ 1] Romans (despotism): 2 cities, 7 units, 84g, 6 techs, researching none (0/30)
    Rome: size=2, prod=Settlers (2sh), bldgs=Palace
    Caesarea: size=2, prod=Settlers (8sh)
    Units: 6x Warriors, 1x Settlers
  [Civ 2] Babylonians (despotism): 3 cities, 5 units, 99g, 4 techs, researching Writing (20/28)
    Babylon: size=2, prod=Settlers (15sh), bldgs=Palace
    Berlin: size=2, prod=Settlers (24sh)
    Sumer: size=1, prod=Warriors (8sh)
    Units: 4x Warriors, 1x Legion
  [Civ 3] Germans: ELIMINATED
  [Civ 4] Egyptians (despotism): 1 cities, 5 units, 90g, 3 techs, researching Alphabet (2/24)
    Thebes: size=3, prod=Settlers (3sh), bldgs=Palace
    Units: 5x Warriors
  [Civ 1] Romans turn: 7 actions — SET_RESEARCH(1), MOVE_UNIT(6)
    SET_RESEARCH tech=Mysticism
    >>> Sumer built Warriors

══════════════════════════════════════════════════════════════════════
  TURN 42 — 3160 B.C. (92ms)
══════════════════════════════════════════════════════════════════════
  [Civ 1] Romans (despotism): 2 cities, 7 units, 85g, 6 techs, researching Mysticism (3/30)
    Rome: size=2, prod=Settlers (4sh), bldgs=Palace
    Caesarea: size=2, prod=Settlers (10sh)
    Units: 6x Warriors, 1x Settlers
  [Civ 2] Babylonians (despotism): 3 cities, 6 units, 102g, 4 techs, researching Writing (24/28)
    Babylon: size=2, prod=Settlers (17sh), bldgs=Palace
    Berlin: size=2, prod=Settlers (27sh)
    Sumer: size=1, prod=Warriors (0sh)
    Units: 5x Warriors, 1x Legion
  [Civ 3] Germans: ELIMINATED
  [Civ 4] Egyptians (despotism): 1 cities, 5 units, 91g, 3 techs, researching Alphabet (3/24)
    Thebes: size=3, prod=Settlers (6sh), bldgs=Palace
    Units: 5x Warriors
  [Civ 1] Romans turn: 6 actions — MOVE_UNIT(6)
    >>> Babylonians discovered: Writing
    SET_RESEARCH tech=Currency
    RUSH_BUY city=2

══════════════════════════════════════════════════════════════════════
  TURN 43 — 3140 B.C. (47ms)
══════════════════════════════════════════════════════════════════════
  [Civ 1] Romans (despotism): 2 cities, 7 units, 86g, 6 techs, researching Mysticism (6/30)
    Rome: size=2, prod=Settlers (6sh), bldgs=Palace
    Caesarea: size=2, prod=Settlers (12sh)
    Units: 6x Warriors, 1x Settlers
  [Civ 2] Babylonians (despotism): 3 cities, 6 units, 80g, 5 techs, researching Currency (0/30)
    Babylon: size=2, prod=Settlers (19sh), bldgs=Palace
    Berlin: size=2, prod=Settlers (40sh)
    Sumer: size=1, prod=Warriors (1sh)
    Units: 5x Warriors, 1x Legion
  [Civ 3] Germans: ELIMINATED
  [Civ 4] Egyptians (despotism): 1 cities, 5 units, 92g, 3 techs, researching Alphabet (4/24)
    Thebes: size=3, prod=Settlers (9sh), bldgs=Palace
    Units: 5x Warriors
  [Civ 1] Romans turn: 6 actions — MOVE_UNIT(6)
    >>> Berlin built Settlers
    CHANGE_PRODUCTION city=2

══════════════════════════════════════════════════════════════════════
  TURN 44 — 3120 B.C. (38ms)
══════════════════════════════════════════════════════════════════════
  [Civ 1] Romans (despotism): 2 cities, 7 units, 87g, 6 techs, researching Mysticism (9/30)
    Rome: size=2, prod=Settlers (8sh), bldgs=Palace
    Caesarea: size=2, prod=Settlers (14sh)
    Units: 6x Warriors, 1x Settlers
  [Civ 2] Babylonians (despotism): 3 cities, 7 units, 83g, 5 techs, researching Currency (4/30)
    Babylon: size=2, prod=Settlers (21sh), bldgs=Palace
    Berlin: size=1, prod=Phalanx (0sh)
    Sumer: size=1, prod=Warriors (2sh)
    Units: 5x Warriors, 1x Legion, 1x Settlers
  [Civ 3] Germans: ELIMINATED
  [Civ 4] Egyptians (despotism): 1 cities, 5 units, 93g, 3 techs, researching Alphabet (5/24)
    Thebes: size=3, prod=Settlers (12sh), bldgs=Palace
    Units: 5x Warriors
  [Civ 1] Romans turn: 6 actions — MOVE_UNIT(6)
    CHANGE_PRODUCTION city=2

══════════════════════════════════════════════════════════════════════
  TURN 45 — 3100 B.C. (100ms)
══════════════════════════════════════════════════════════════════════
  [Civ 1] Romans (despotism): 2 cities, 7 units, 88g, 6 techs, researching Mysticism (12/30)
    Rome: size=2, prod=Settlers (10sh), bldgs=Palace
    Caesarea: size=2, prod=Settlers (16sh)
    Units: 6x Warriors, 1x Settlers
  [Civ 2] Babylonians (despotism): 3 cities, 7 units, 86g, 5 techs, researching Currency (8/30)
    Babylon: size=2, prod=Settlers (23sh), bldgs=Palace
    Berlin: size=2, prod=Settlers (2sh)
    Sumer: size=2, prod=Warriors (3sh)
    Units: 5x Warriors, 1x Legion, 1x Settlers
  [Civ 3] Germans: ELIMINATED
  [Civ 4] Egyptians (despotism): 1 cities, 5 units, 94g, 3 techs, researching Alphabet (6/24)
    Thebes: size=3, prod=Settlers (15sh), bldgs=Palace
    Units: 5x Warriors
  [Civ 1] Romans turn: 6 actions — MOVE_UNIT(6)

══════════════════════════════════════════════════════════════════════
  TURN 46 — 3080 B.C. (41ms)
══════════════════════════════════════════════════════════════════════
  [Civ 1] Romans (despotism): 2 cities, 7 units, 89g, 6 techs, researching Mysticism (15/30)
    Rome: size=2, prod=Settlers (12sh), bldgs=Palace
    Caesarea: size=2, prod=Settlers (18sh)
    Units: 6x Warriors, 1x Settlers
  [Civ 2] Babylonians (despotism): 3 cities, 7 units, 89g, 5 techs, researching Currency (12/30)
    Babylon: size=2, prod=Settlers (25sh), bldgs=Palace
    Berlin: size=2, prod=Settlers (5sh)
    Sumer: size=2, prod=Warriors (6sh)
    Units: 5x Warriors, 1x Legion, 1x Settlers
  [Civ 3] Germans: ELIMINATED
  [Civ 4] Egyptians (despotism): 1 cities, 5 units, 95g, 3 techs, researching Alphabet (7/24)
    Thebes: size=3, prod=Settlers (18sh), bldgs=Palace
    Units: 5x Warriors
  [Civ 1] Romans turn: 6 actions — BUILD_CITY(1), MOVE_UNIT(5)
    BUILD_CITY unit=36 name="Carthago"

══════════════════════════════════════════════════════════════════════
  TURN 47 — 3060 B.C. (32ms)
══════════════════════════════════════════════════════════════════════
  [Civ 1] Romans (despotism): 3 cities, 6 units, 90g, 6 techs, researching Mysticism (19/30)
    Rome: size=2, prod=Settlers (15sh), bldgs=Palace
    Caesarea: size=3, prod=Settlers (20sh)
    Carthago: size=1, prod=Warriors (1sh)
    Units: 6x Warriors
  [Civ 2] Babylonians (despotism): 3 cities, 6 units, 92g, 5 techs, researching Currency (16/30)
    Babylon: size=2, prod=Settlers (27sh), bldgs=Palace
    Berlin: size=2, prod=Settlers (8sh)
    Sumer: size=2, prod=Warriors (9sh)
    Units: 4x Warriors, 1x Legion, 1x Settlers
  [Civ 3] Germans: ELIMINATED
  [Civ 4] Egyptians (despotism): 1 cities, 5 units, 96g, 3 techs, researching Alphabet (8/24)
    Thebes: size=3, prod=Settlers (21sh), bldgs=Palace
    Units: 5x Warriors
  [Civ 1] Romans turn: 5 actions — MOVE_UNIT(5)
    >>> Sumer built Warriors
    CHANGE_PRODUCTION city=5
    BUILD_CITY unit=38 name="Ur"

══════════════════════════════════════════════════════════════════════
  TURN 48 — 3040 B.C. (11ms)
══════════════════════════════════════════════════════════════════════
  [Civ 1] Romans (despotism): 3 cities, 6 units, 91g, 6 techs, researching Mysticism (23/30)
    Rome: size=2, prod=Settlers (18sh), bldgs=Palace
    Caesarea: size=3, prod=Settlers (23sh)
    Carthago: size=1, prod=Warriors (2sh)
    Units: 6x Warriors
  [Civ 2] Babylonians (despotism): 4 cities, 6 units, 95g, 5 techs, researching Currency (20/30)
    Babylon: size=2, prod=Settlers (29sh), bldgs=Palace
    Berlin: size=2, prod=Settlers (11sh)
    Sumer: size=2, prod=Settlers (0sh)
    Ur: size=1, prod=Warriors (0sh)
    Units: 5x Warriors, 1x Legion
  [Civ 3] Germans: ELIMINATED
  [Civ 4] Egyptians (despotism): 1 cities, 5 units, 97g, 3 techs, researching Alphabet (9/24)
    Thebes: size=3, prod=Settlers (24sh), bldgs=Palace
    Units: 5x Warriors
  [Civ 1] Romans turn: 5 actions — MOVE_UNIT(5)

══════════════════════════════════════════════════════════════════════
  TURN 49 — 3020 B.C. (25ms)
══════════════════════════════════════════════════════════════════════
  [Civ 1] Romans (despotism): 3 cities, 6 units, 92g, 6 techs, researching Mysticism (27/30)
    Rome: size=2, prod=Settlers (21sh), bldgs=Palace
    Caesarea: size=3, prod=Settlers (26sh)
    Carthago: size=1, prod=Warriors (3sh)
    Units: 6x Warriors
  [Civ 2] Babylonians (despotism): 4 cities, 6 units, 99g, 5 techs, researching Currency (25/30)
    Babylon: size=2, prod=Settlers (31sh), bldgs=Palace
    Berlin: size=2, prod=Settlers (14sh)
    Sumer: size=2, prod=Settlers (3sh)
    Ur: size=1, prod=Warriors (2sh)
    Units: 5x Warriors, 1x Legion
  [Civ 3] Germans: ELIMINATED
  [Civ 4] Egyptians (despotism): 1 cities, 5 units, 98g, 3 techs, researching Alphabet (10/24)
    Thebes: size=3, prod=Settlers (27sh), bldgs=Palace
    Units: 5x Warriors
  [Civ 1] Romans turn: 5 actions — MOVE_UNIT(5)
    >>> Babylonians discovered: Currency
    SET_RESEARCH tech=Warrior Code
    RUSH_BUY city=7
    >>> Romans discovered: Mysticism

══════════════════════════════════════════════════════════════════════
  TURN 50 — 3000 B.C. (25ms)
══════════════════════════════════════════════════════════════════════
  [Civ 1] Romans (despotism): 3 cities, 6 units, 93g, 7 techs, researching none (0/28)
    Rome: size=2, prod=Settlers (24sh), bldgs=Palace
    Caesarea: size=3, prod=Settlers (29sh)
    Carthago: size=1, prod=Warriors (4sh)
    Units: 6x Warriors
  [Civ 2] Babylonians (despotism): 4 cities, 6 units, 90g, 6 techs, researching Warrior Code (0/30)
    Babylon: size=2, prod=Settlers (33sh), bldgs=Palace
    Berlin: size=2, prod=Settlers (17sh)
    Sumer: size=2, prod=Settlers (6sh)
    Ur: size=1, prod=Warriors (10sh)
    Units: 5x Warriors, 1x Legion
  [Civ 3] Germans: ELIMINATED
  [Civ 4] Egyptians (despotism): 1 cities, 5 units, 99g, 3 techs, researching Alphabet (11/24)
    Thebes: size=3, prod=Settlers (30sh), bldgs=Palace
    Units: 5x Warriors
  [Civ 1] Romans turn: 6 actions — SET_RESEARCH(1), MOVE_UNIT(5)
    SET_RESEARCH tech=Code of Laws
    >>> Ur built Warriors
    RUSH_BUY city=3
    COMBAT: Warriors vs Warriors → defWin (atkHp=undefined, defHp=undefined)

══════════════════════════════════════════════════════════════════════
  TURN 51 — 2980 B.C. (17ms)
══════════════════════════════════════════════════════════════════════
  [Civ 1] Romans (despotism): 3 cities, 6 units, 94g, 7 techs, researching Code of Laws (4/28)
    Rome: size=2, prod=Settlers (27sh), bldgs=Palace
    Caesarea: size=3, prod=Settlers (32sh)
    Carthago: size=1, prod=Warriors (5sh)
    Units: 6x Warriors
  [Civ 2] Babylonians (despotism): 4 cities, 7 units, 94g, 6 techs, researching Warrior Code (5/30)
    Babylon: size=2, prod=Settlers (35sh), bldgs=Palace
    Berlin: size=2, prod=Settlers (20sh)
    Sumer: size=2, prod=Settlers (9sh)
    Ur: size=1, prod=Warriors (0sh)
    Units: 6x Warriors, 1x Legion
  [Civ 3] Germans: ELIMINATED
  [Civ 4] Egyptians (despotism): 1 cities, 4 units, 84g, 3 techs, researching Alphabet (12/24)
    Thebes: size=3, prod=Settlers (40sh), bldgs=Palace
    Units: 4x Warriors
  [Civ 1] Romans turn: 5 actions — MOVE_UNIT(5)
    >>> Thebes built Settlers

══════════════════════════════════════════════════════════════════════
  TURN 52 — 2960 B.C. (38ms)
══════════════════════════════════════════════════════════════════════
  [Civ 1] Romans (despotism): 3 cities, 6 units, 95g, 7 techs, researching Code of Laws (8/28)
    Rome: size=2, prod=Settlers (30sh), bldgs=Palace
    Caesarea: size=3, prod=Settlers (35sh)
    Carthago: size=1, prod=Warriors (6sh)
    Units: 6x Warriors
  [Civ 2] Babylonians (despotism): 4 cities, 7 units, 98g, 6 techs, researching Warrior Code (10/30)
    Babylon: size=2, prod=Settlers (37sh), bldgs=Palace
    Berlin: size=2, prod=Settlers (23sh)
    Sumer: size=2, prod=Settlers (12sh)
    Ur: size=1, prod=Warriors (2sh)
    Units: 6x Warriors, 1x Legion
  [Civ 3] Germans: ELIMINATED
  [Civ 4] Egyptians (despotism): 1 cities, 5 units, 85g, 3 techs, researching Alphabet (13/24)
    Thebes: size=2, prod=Settlers (0sh), bldgs=Palace
    Units: 4x Warriors, 1x Settlers
  [Civ 1] Romans turn: 5 actions — MOVE_UNIT(5)
    RUSH_BUY city=1
    RUSH_BUY city=7

══════════════════════════════════════════════════════════════════════
  TURN 53 — 2940 B.C. (44ms)
══════════════════════════════════════════════════════════════════════
  [Civ 1] Romans (despotism): 3 cities, 6 units, 96g, 7 techs, researching Code of Laws (12/28)
    Rome: size=2, prod=Settlers (33sh), bldgs=Palace
    Caesarea: size=3, prod=Settlers (38sh)
    Carthago: size=1, prod=Warriors (7sh)
    Units: 6x Warriors
  [Civ 2] Babylonians (despotism): 4 cities, 7 units, 87g, 6 techs, researching Warrior Code (15/30)
    Babylon: size=2, prod=Settlers (40sh), bldgs=Palace
    Berlin: size=2, prod=Settlers (26sh)
    Sumer: size=2, prod=Settlers (15sh)
    Ur: size=1, prod=Warriors (10sh)
    Units: 6x Warriors, 1x Legion
  [Civ 3] Germans: ELIMINATED
  [Civ 4] Egyptians (despotism): 1 cities, 5 units, 86g, 3 techs, researching Alphabet (14/24)
    Thebes: size=2, prod=Settlers (1sh), bldgs=Palace
    Units: 4x Warriors, 1x Settlers
  [Civ 1] Romans turn: 5 actions — MOVE_UNIT(5)
    >>> Babylon built Settlers
    >>> Ur built Warriors
    CHANGE_PRODUCTION city=1
    CHANGE_PRODUCTION city=7
    >>> Caesarea built Settlers

══════════════════════════════════════════════════════════════════════
  TURN 54 — 2920 B.C. (91ms)
══════════════════════════════════════════════════════════════════════
  [Civ 1] Romans (despotism): 3 cities, 7 units, 97g, 7 techs, researching Code of Laws (16/28)
    Rome: size=2, prod=Settlers (36sh), bldgs=Palace
    Caesarea: size=2, prod=Settlers (0sh)
    Carthago: size=1, prod=Warriors (8sh)
    Units: 6x Warriors, 1x Settlers
  [Civ 2] Babylonians (despotism): 4 cities, 9 units, 89g, 6 techs, researching Warrior Code (19/30)
    Babylon: size=1, prod=Phalanx (0sh), bldgs=Palace
    Berlin: size=2, prod=Settlers (29sh)
    Sumer: size=2, prod=Settlers (18sh)
    Ur: size=1, prod=building:5 (0sh)
    Units: 7x Warriors, 1x Legion, 1x Settlers
  [Civ 3] Germans: ELIMINATED
  [Civ 4] Egyptians (despotism): 1 cities, 5 units, 87g, 3 techs, researching Alphabet (15/24)
    Thebes: size=2, prod=Settlers (2sh), bldgs=Palace
    Units: 4x Warriors, 1x Settlers
  [Civ 1] Romans turn: 5 actions — MOVE_UNIT(5)
    CHANGE_PRODUCTION city=1
    CHANGE_PRODUCTION city=7
    PROPOSE_TREATY treaty=ceasefire target=civ2
    ADJUST_ATTITUDE target=civ2

══════════════════════════════════════════════════════════════════════
  TURN 55 — 2900 B.C. (124ms)
══════════════════════════════════════════════════════════════════════
  [Civ 1] Romans (despotism): 3 cities, 7 units, 98g, 7 techs, researching Code of Laws (20/28)
    Rome: size=2, prod=Settlers (39sh), bldgs=Palace
    Caesarea: size=2, prod=Settlers (1sh)
    Carthago: size=1, prod=Warriors (9sh)
    Units: 6x Warriors, 1x Settlers
  [Civ 2] Babylonians (despotism): 4 cities, 9 units, 93g, 6 techs, researching Warrior Code (24/30)
    Babylon: size=2, prod=Settlers (0sh), bldgs=Palace
    Berlin: size=2, prod=Settlers (32sh)
    Sumer: size=2, prod=Settlers (21sh)
    Ur: size=1, prod=Phalanx (1sh)
    Units: 7x Warriors, 1x Legion, 1x Settlers
  [Civ 3] Germans: ELIMINATED
  [Civ 4] Egyptians (despotism): 1 cities, 5 units, 88g, 3 techs, researching Alphabet (16/24)
    Thebes: size=2, prod=Settlers (3sh), bldgs=Palace
    Units: 4x Warriors, 1x Settlers
  [Civ 1] Romans turn: 6 actions — MOVE_UNIT(6)
    CHANGE_PRODUCTION city=7
    BUILD_CITY unit=44 name="Memphis"
    >>> Rome built Settlers
    >>> Carthago built Warriors

══════════════════════════════════════════════════════════════════════
  FINAL SUMMARY
══════════════════════════════════════════════════════════════════════
Game ended at turn 56 (2880 B.C.)

── Civ 1: Romans (despotism) ALIVE ──
  Cities: 3 (peak 3, founded 3)
  Units:  9 (peak 7)
  Treasury: 99g
  Techs discovered: 6 — Bronze Working, Warrior Code, Iron Working, Alphabet, Writing, Mysticism
  Actions: 232 total, 0 idle turns
  Breakdown: MOVE_UNIT(208), CHANGE_PRODUCTION(9), SET_RESEARCH(7), BUILD_CITY(3), RUSH_BUY(3), CHANGE_RATES(1), UNIT_ORDER(1)
  Army: 7x Warriors, 2x Settlers
  Rome: size=1, shields=0
  Caesarea: size=2, shields=2
  Carthago: size=2, shields=0

── Civ 2: Babylonians (despotism) ALIVE ──
  Cities: 4 (peak 4, founded 3)
  Units:  9 (peak 9)
  Treasury: 97g
  Techs discovered: 6 — Bronze Working, Alphabet, Map Making, Code of Laws, Writing, Currency
  Actions: 178 total, 0 idle turns
  Breakdown: MOVE_UNIT(139), CHANGE_PRODUCTION(12), SET_RESEARCH(7), UNIT_ORDER(5), RUSH_BUY(5), BUILD_CITY(3), PROPOSE_TREATY(2), ADJUST_ATTITUDE(2), RESPOND_TREATY(2), CHANGE_RATES(1)
  Army: 7x Warriors, 1x Legion, 1x Settlers
  Babylon: size=2, shields=1
  Berlin: size=2, shields=35
  Sumer: size=2, shields=24
  Ur: size=1, shields=3

── Civ 3: Germans (dead) ELIMINATED ──
  Cities: 0 (peak 1, founded 1)
  Units:  0 (peak 5)
  Treasury: 114g
  Techs discovered: 3 — Alphabet, Pottery, Ceremonial Burial
  Actions: 113 total, 1 idle turns
  Breakdown: MOVE_UNIT(95), SET_RESEARCH(4), CHANGE_PRODUCTION(2), RUSH_BUY(2), RESPOND_TREATY(2), PROPOSE_TREATY(2), ADJUST_ATTITUDE(2), UNIT_ORDER(2), CHANGE_RATES(1), BUILD_CITY(1)
  Army: none

── Civ 4: Egyptians (despotism) ALIVE ──
  Cities: 2 (peak 1, founded 2)
  Units:  4 (peak 6)
  Treasury: 89g
  Techs discovered: 3 — Masonry, Ceremonial Burial, Bronze Working
  Actions: 236 total, 0 idle turns
  Breakdown: MOVE_UNIT(223), SET_RESEARCH(4), BUILD_CITY(2), CHANGE_RATES(1), RESPOND_TREATY(1), CHANGE_PRODUCTION(1), RUSH_BUY(1), PROPOSE_TREATY(1), ADJUST_ATTITUDE(1), UNIT_ORDER(1)
  Army: 4x Warriors
  Thebes: size=2, shields=4
  Memphis: size=1, shields=0


══════════════════════════════════════════════════════════════════════
  AI BEHAVIOR ANALYSIS
══════════════════════════════════════════════════════════════════════
[Civ 1] Romans:
  WARNING: Low unit diversity
  WARNING: 1 units stuck (busy orders outside city)

[Civ 2] Babylonians:
  WARNING: 4 units stuck (busy orders outside city)

[Civ 3] Germans:
  WARNING: Only 1 city after 30+ turns

[Civ 4] Egyptians:
  WARNING: 1 units stuck (busy orders outside city)

