Charlization AI Headless Simulation
Date: 2026-03-16T23:49:51.591Z
Settings: 50 turns, 4 AI players, 50x80 map, difficulty=prince
Map seed: 23848
Map generated in 80ms
Game initialized: 4 civs, 8 starting units
  Civ 1 (Romans): starts at (41,61) on Grassland
  Civ 2 (Babylonians): starts at (32,8) on Grassland
  Civ 3 (Germans): starts at (39,35) on Plains
  Civ 4 (Egyptians): starts at (15,45) on Hills
    SET_RESEARCH tech=Alphabet
    CHANGE_RATES sci=6 tax=4 lux=undefined
    BUILD_CITY unit=0 name="Rome"
    1 actions REJECTED (of 6)
    SET_RESEARCH tech=Warrior Code
    CHANGE_RATES sci=6 tax=4 lux=undefined
    BUILD_CITY unit=2 name="Babylon"
    1 actions REJECTED (of 6)
    SET_RESEARCH tech=Alphabet
    CHANGE_RATES sci=6 tax=4 lux=undefined
    BUILD_CITY unit=4 name="Berlin"
    1 actions REJECTED (of 6)
    SET_RESEARCH tech=Map Making
    CHANGE_RATES sci=6 tax=4 lux=undefined
    BUILD_CITY unit=6 name="Thebes"
    1 actions REJECTED (of 6)

══════════════════════════════════════════════════════════════════════
  TURN 1 — 4000 B.C. (33ms)
══════════════════════════════════════════════════════════════════════
  [Civ 1] Romans (despotism): 1 cities, 1 units, 1g, 3 techs, researching Alphabet (2/28)
    Rome: size=1, prod=Warriors (2sh), bldgs=Palace
    Units: 1x Warriors
  [Civ 2] Babylonians (despotism): 1 cities, 1 units, 0g, 3 techs, researching Warrior Code (0/28)
    Babylon: size=1, prod=Warriors (0sh), bldgs=Palace
    Units: 1x Warriors
  [Civ 3] Germans (despotism): 1 cities, 1 units, 0g, 3 techs, researching Alphabet (0/28)
    Berlin: size=1, prod=Warriors (0sh), bldgs=Palace
    Units: 1x Warriors
  [Civ 4] Egyptians (despotism): 1 cities, 1 units, 0g, 3 techs, researching Map Making (0/28)
    Thebes: size=1, prod=Warriors (0sh), bldgs=Palace
    Units: 1x Warriors
  [Civ 1] Romans turn: 3 actions — CHANGE_PRODUCTION(1), MOVE_UNIT(1), UNIT_ORDER(1)
    CHANGE_PRODUCTION city=0
    SET_RESEARCH tech=Alphabet
    CHANGE_PRODUCTION city=1
    CHANGE_PRODUCTION city=2
    CHANGE_PRODUCTION city=3

══════════════════════════════════════════════════════════════════════
  TURN 2 — 3980 B.C. (13ms)
══════════════════════════════════════════════════════════════════════
  [Civ 1] Romans (despotism): 1 cities, 1 units, 2g, 4 techs, researching Alphabet (4/33)
    Rome: size=1, prod=Archers (3sh), bldgs=Palace
    Units: 1x Warriors
  [Civ 2] Babylonians (despotism): 1 cities, 1 units, 1g, 4 techs, researching Alphabet (2/33)
    Babylon: size=1, prod=building:3 (0sh), bldgs=Palace
    Units: 1x Warriors
  [Civ 3] Germans (despotism): 1 cities, 1 units, 2g, 3 techs, researching Alphabet (3/28)
    Berlin: size=1, prod=building:3 (0sh), bldgs=Palace
    Units: 1x Warriors
  [Civ 4] Egyptians (despotism): 1 cities, 1 units, 0g, 5 techs, researching Map Making (1/36)
    Thebes: size=1, prod=building:3 (0sh), bldgs=Palace
    Units: 1x Warriors
  [Civ 1] Romans turn: 2 actions — MOVE_UNIT(1), UNIT_ORDER(1)

══════════════════════════════════════════════════════════════════════
  TURN 3 — 3960 B.C. (9ms)
══════════════════════════════════════════════════════════════════════
  [Civ 1] Romans (despotism): 1 cities, 1 units, 3g, 4 techs, researching Alphabet (6/33)
    Rome: size=1, prod=Archers (5sh), bldgs=Palace
    Units: 1x Warriors
  [Civ 2] Babylonians (despotism): 1 cities, 1 units, 2g, 4 techs, researching Alphabet (4/33)
    Babylon: size=1, prod=building:3 (2sh), bldgs=Palace
    Units: 1x Warriors
  [Civ 3] Germans (despotism): 1 cities, 0 units, 4g, 3 techs, researching Alphabet (6/28)
    Berlin: size=1, prod=building:3 (3sh), bldgs=Palace
    Units: none
  [Civ 4] Egyptians (despotism): 1 cities, 1 units, 0g, 5 techs, researching Map Making (2/36)
    Thebes: size=1, prod=building:3 (2sh), bldgs=Palace
    Units: 1x Warriors
  [Civ 1] Romans turn: 2 actions — MOVE_UNIT(1), UNIT_ORDER(1)

══════════════════════════════════════════════════════════════════════
  TURN 4 — 3940 B.C. (8ms)
══════════════════════════════════════════════════════════════════════
  [Civ 1] Romans (despotism): 1 cities, 1 units, 4g, 4 techs, researching Alphabet (8/33)
    Rome: size=1, prod=Archers (7sh), bldgs=Palace
    Units: 1x Warriors
  [Civ 2] Babylonians (despotism): 1 cities, 1 units, 3g, 4 techs, researching Alphabet (6/33)
    Babylon: size=1, prod=building:3 (4sh), bldgs=Palace
    Units: 1x Warriors
  [Civ 3] Germans (despotism): 1 cities, 0 units, 6g, 3 techs, researching Alphabet (9/28)
    Berlin: size=1, prod=building:3 (6sh), bldgs=Palace
    Units: none
  [Civ 4] Egyptians (despotism): 1 cities, 1 units, 0g, 5 techs, researching Map Making (3/36)
    Thebes: size=1, prod=building:3 (4sh), bldgs=Palace
    Units: 1x Warriors
  [Civ 1] Romans turn: 2 actions — MOVE_UNIT(1), UNIT_ORDER(1)

══════════════════════════════════════════════════════════════════════
  TURN 5 — 3920 B.C. (5ms)
══════════════════════════════════════════════════════════════════════
  [Civ 1] Romans (despotism): 1 cities, 1 units, 5g, 4 techs, researching Alphabet (10/33)
    Rome: size=1, prod=Archers (9sh), bldgs=Palace
    Units: 1x Warriors
  [Civ 2] Babylonians (despotism): 1 cities, 1 units, 4g, 4 techs, researching Alphabet (8/33)
    Babylon: size=1, prod=building:3 (6sh), bldgs=Palace
    Units: 1x Warriors
  [Civ 3] Germans (despotism): 1 cities, 0 units, 8g, 3 techs, researching Alphabet (12/28)
    Berlin: size=1, prod=building:3 (9sh), bldgs=Palace
    Units: none
  [Civ 4] Egyptians (despotism): 1 cities, 1 units, 0g, 5 techs, researching Map Making (4/36)
    Thebes: size=1, prod=building:3 (6sh), bldgs=Palace
    Units: 1x Warriors
  [Civ 1] Romans turn: 2 actions — MOVE_UNIT(1), UNIT_ORDER(1)

══════════════════════════════════════════════════════════════════════
  TURN 6 — 3900 B.C. (5ms)
══════════════════════════════════════════════════════════════════════
  [Civ 1] Romans (despotism): 1 cities, 1 units, 6g, 4 techs, researching Alphabet (12/33)
    Rome: size=1, prod=Archers (11sh), bldgs=Palace
    Units: 1x Warriors
  [Civ 2] Babylonians (despotism): 1 cities, 1 units, 5g, 4 techs, researching Alphabet (10/33)
    Babylon: size=1, prod=building:3 (8sh), bldgs=Palace
    Units: 1x Warriors
  [Civ 3] Germans (despotism): 1 cities, 0 units, 10g, 3 techs, researching Alphabet (15/28)
    Berlin: size=1, prod=building:3 (12sh), bldgs=Palace
    Units: none
  [Civ 4] Egyptians (despotism): 1 cities, 1 units, 0g, 5 techs, researching Map Making (5/36)
    Thebes: size=1, prod=building:3 (8sh), bldgs=Palace
    Units: 1x Warriors
  [Civ 1] Romans turn: 2 actions — MOVE_UNIT(1), UNIT_ORDER(1)

══════════════════════════════════════════════════════════════════════
  TURN 7 — 3880 B.C. (3ms)
══════════════════════════════════════════════════════════════════════
  [Civ 1] Romans (despotism): 1 cities, 1 units, 7g, 4 techs, researching Alphabet (14/33)
    Rome: size=1, prod=Archers (13sh), bldgs=Palace
    Units: 1x Warriors
  [Civ 2] Babylonians (despotism): 1 cities, 1 units, 6g, 4 techs, researching Alphabet (12/33)
    Babylon: size=1, prod=building:3 (10sh), bldgs=Palace
    Units: 1x Warriors
  [Civ 3] Germans (despotism): 1 cities, 0 units, 12g, 3 techs, researching Alphabet (18/28)
    Berlin: size=1, prod=building:3 (15sh), bldgs=Palace
    Units: none
  [Civ 4] Egyptians (despotism): 1 cities, 1 units, 0g, 5 techs, researching Map Making (6/36)
    Thebes: size=1, prod=building:3 (10sh), bldgs=Palace
    Units: 1x Warriors
  [Civ 1] Romans turn: 2 actions — MOVE_UNIT(1), UNIT_ORDER(1)

══════════════════════════════════════════════════════════════════════
  TURN 8 — 3860 B.C. (4ms)
══════════════════════════════════════════════════════════════════════
  [Civ 1] Romans (despotism): 1 cities, 1 units, 8g, 4 techs, researching Alphabet (16/33)
    Rome: size=1, prod=Archers (15sh), bldgs=Palace
    Units: 1x Warriors
  [Civ 2] Babylonians (despotism): 1 cities, 1 units, 7g, 4 techs, researching Alphabet (14/33)
    Babylon: size=1, prod=building:3 (12sh), bldgs=Palace
    Units: 1x Warriors
  [Civ 3] Germans (despotism): 1 cities, 0 units, 14g, 3 techs, researching Alphabet (21/28)
    Berlin: size=1, prod=building:3 (18sh), bldgs=Palace
    Units: none
  [Civ 4] Egyptians (despotism): 1 cities, 1 units, 0g, 5 techs, researching Map Making (7/36)
    Thebes: size=1, prod=building:3 (12sh), bldgs=Palace
    Units: 1x Warriors
  [Civ 1] Romans turn: 2 actions — MOVE_UNIT(1), UNIT_ORDER(1)

══════════════════════════════════════════════════════════════════════
  TURN 9 — 3840 B.C. (5ms)
══════════════════════════════════════════════════════════════════════
  [Civ 1] Romans (despotism): 1 cities, 1 units, 9g, 4 techs, researching Alphabet (18/33)
    Rome: size=1, prod=Archers (17sh), bldgs=Palace
    Units: 1x Warriors
  [Civ 2] Babylonians (despotism): 1 cities, 1 units, 8g, 4 techs, researching Alphabet (16/33)
    Babylon: size=1, prod=building:3 (14sh), bldgs=Palace
    Units: 1x Warriors
  [Civ 3] Germans (despotism): 1 cities, 0 units, 16g, 3 techs, researching Alphabet (24/28)
    Berlin: size=1, prod=building:3 (21sh), bldgs=Palace
    Units: none
  [Civ 4] Egyptians (despotism): 1 cities, 1 units, 0g, 5 techs, researching Map Making (8/36)
    Thebes: size=1, prod=building:3 (14sh), bldgs=Palace
    Units: 1x Warriors
  [Civ 1] Romans turn: 2 actions — MOVE_UNIT(1), UNIT_ORDER(1)
    >>> Rome grew to size 2

══════════════════════════════════════════════════════════════════════
  TURN 10 — 3820 B.C. (5ms)
══════════════════════════════════════════════════════════════════════
  [Civ 1] Romans (despotism): 1 cities, 1 units, 10g, 4 techs, researching Alphabet (21/33)
    Rome: size=2, prod=Archers (19sh), bldgs=Palace
    Units: 1x Warriors
  [Civ 2] Babylonians (despotism): 1 cities, 1 units, 9g, 4 techs, researching Alphabet (18/33)
    Babylon: size=1, prod=building:3 (16sh), bldgs=Palace
    Units: 1x Warriors
  [Civ 3] Germans (despotism): 1 cities, 0 units, 18g, 3 techs, researching Alphabet (27/28)
    Berlin: size=1, prod=building:3 (24sh), bldgs=Palace
    Units: none
  [Civ 4] Egyptians (despotism): 1 cities, 1 units, 0g, 5 techs, researching Map Making (9/36)
    Thebes: size=1, prod=building:3 (16sh), bldgs=Palace
    Units: 1x Warriors
  [Civ 1] Romans turn: 2 actions — MOVE_UNIT(1), UNIT_ORDER(1)
    >>> Babylon grew to size 2
    >>> Germans discovered: Alphabet
    >>> Berlin grew to size 2
    SET_RESEARCH tech=Map Making
    >>> Thebes grew to size 2

══════════════════════════════════════════════════════════════════════
  TURN 11 — 3800 B.C. (8ms)
══════════════════════════════════════════════════════════════════════
  [Civ 1] Romans (despotism): 1 cities, 1 units, 11g, 4 techs, researching Alphabet (24/33)
    Rome: size=2, prod=Archers (22sh), bldgs=Palace
    Units: 1x Warriors
  [Civ 2] Babylonians (despotism): 1 cities, 1 units, 10g, 4 techs, researching Alphabet (21/33)
    Babylon: size=2, prod=building:3 (18sh), bldgs=Palace
    Units: 1x Warriors
  [Civ 3] Germans (despotism): 1 cities, 0 units, 18g, 4 techs, researching Map Making (0/33)
    Berlin: size=2, prod=building:3 (27sh), bldgs=Palace
    Units: none
  [Civ 4] Egyptians (despotism): 1 cities, 1 units, 0g, 5 techs, researching Map Making (10/36)
    Thebes: size=2, prod=building:3 (18sh), bldgs=Palace
    Units: 1x Warriors
  [Civ 1] Romans turn: 2 actions — MOVE_UNIT(1), UNIT_ORDER(1)

══════════════════════════════════════════════════════════════════════
  TURN 12 — 3780 B.C. (4ms)
══════════════════════════════════════════════════════════════════════
  [Civ 1] Romans (despotism): 1 cities, 1 units, 12g, 5 techs, researching Alphabet (27/36)
    Rome: size=2, prod=Archers (25sh), bldgs=Palace
    Units: 1x Warriors
  [Civ 2] Babylonians (despotism): 1 cities, 1 units, 11g, 4 techs, researching Alphabet (24/33)
    Babylon: size=2, prod=building:3 (21sh), bldgs=Palace
    Units: 1x Warriors
  [Civ 3] Germans (despotism): 1 cities, 0 units, 20g, 4 techs, researching Map Making (5/33)
    Berlin: size=2, prod=building:3 (31sh), bldgs=Palace
    Units: none
  [Civ 4] Egyptians (despotism): 1 cities, 1 units, 0g, 5 techs, researching Map Making (11/36)
    Thebes: size=2, prod=building:3 (21sh), bldgs=Palace
    Units: 1x Warriors
  [Civ 1] Romans turn: 3 actions — SET_RESEARCH(1), MOVE_UNIT(1), UNIT_ORDER(1)
    SET_RESEARCH tech=Bronze Working
    SET_RESEARCH tech=Mathematics

══════════════════════════════════════════════════════════════════════
  TURN 13 — 3760 B.C. (6ms)
══════════════════════════════════════════════════════════════════════
  [Civ 1] Romans (despotism): 1 cities, 1 units, 13g, 5 techs, researching Bronze Working (30/36)
    Rome: size=2, prod=Archers (28sh), bldgs=Palace
    Units: 1x Warriors
  [Civ 2] Babylonians (despotism): 1 cities, 1 units, 12g, 5 techs, researching Mathematics (27/36)
    Babylon: size=2, prod=building:3 (24sh), bldgs=Palace
    Units: 1x Warriors
  [Civ 3] Germans (despotism): 1 cities, 0 units, 22g, 4 techs, researching Map Making (10/33)
    Berlin: size=2, prod=building:3 (35sh), bldgs=Palace
    Units: none
  [Civ 4] Egyptians (despotism): 1 cities, 1 units, 0g, 5 techs, researching Map Making (12/36)
    Thebes: size=2, prod=building:3 (24sh), bldgs=Palace
    Units: 1x Warriors
  [Civ 1] Romans turn: 2 actions — MOVE_UNIT(1), UNIT_ORDER(1)
    >>> Rome built Archers

══════════════════════════════════════════════════════════════════════
  TURN 14 — 3740 B.C. (4ms)
══════════════════════════════════════════════════════════════════════
  [Civ 1] Romans (despotism): 1 cities, 2 units, 14g, 5 techs, researching Bronze Working (33/36)
    Rome: size=2, prod=Archers (1sh), bldgs=Palace
    Units: 1x Warriors, 1x Archers
  [Civ 2] Babylonians (despotism): 1 cities, 1 units, 13g, 5 techs, researching Mathematics (30/36)
    Babylon: size=2, prod=building:3 (27sh), bldgs=Palace
    Units: 1x Warriors
  [Civ 3] Germans (despotism): 1 cities, 0 units, 24g, 4 techs, researching Map Making (15/33)
    Berlin: size=2, prod=building:3 (39sh), bldgs=Palace
    Units: none
  [Civ 4] Egyptians (despotism): 1 cities, 1 units, 0g, 5 techs, researching Map Making (13/36)
    Thebes: size=2, prod=building:3 (27sh), bldgs=Palace
    Units: 1x Warriors
  [Civ 1] Romans turn: 2 actions — MOVE_UNIT(1), UNIT_ORDER(1)
    >>> Romans discovered: Bronze Working

══════════════════════════════════════════════════════════════════════
  TURN 15 — 3720 B.C. (5ms)
══════════════════════════════════════════════════════════════════════
  [Civ 1] Romans (despotism): 1 cities, 2 units, 14g, 6 techs, researching none (0/36)
    Rome: size=2, prod=Archers (4sh), bldgs=Palace
    Units: 1x Warriors, 1x Archers
  [Civ 2] Babylonians (despotism): 1 cities, 1 units, 14g, 5 techs, researching Mathematics (33/36)
    Babylon: size=2, prod=building:3 (30sh), bldgs=Palace
    Units: 1x Warriors
  [Civ 3] Germans (despotism): 1 cities, 0 units, 26g, 4 techs, researching Map Making (20/33)
    Berlin: size=2, prod=building:3 (43sh), bldgs=Palace
    Units: none
  [Civ 4] Egyptians (despotism): 1 cities, 1 units, 0g, 5 techs, researching Map Making (14/36)
    Thebes: size=2, prod=building:3 (30sh), bldgs=Palace
    Units: 1x Warriors
  [Civ 1] Romans turn: 5 actions — SET_RESEARCH(1), MOVE_UNIT(1), UNIT_ORDER(3)
    SET_RESEARCH tech=Iron Working
    >>> Babylonians discovered: Mathematics
    SET_RESEARCH tech=Code of Laws

══════════════════════════════════════════════════════════════════════
  TURN 16 — 3700 B.C. (8ms)
══════════════════════════════════════════════════════════════════════
  [Civ 1] Romans (despotism): 1 cities, 2 units, 15g, 6 techs, researching Iron Working (3/36)
    Rome: size=2, prod=Archers (7sh), bldgs=Palace
    Units: 1x Warriors, 1x Archers
  [Civ 2] Babylonians (despotism): 1 cities, 1 units, 14g, 6 techs, researching Code of Laws (0/36)
    Babylon: size=2, prod=building:3 (33sh), bldgs=Palace
    Units: 1x Warriors
  [Civ 3] Germans (despotism): 1 cities, 0 units, 28g, 4 techs, researching Map Making (25/33)
    Berlin: size=2, prod=building:3 (47sh), bldgs=Palace
    Units: none
  [Civ 4] Egyptians (despotism): 1 cities, 1 units, 0g, 6 techs, researching Map Making (15/36)
    Thebes: size=2, prod=building:3 (33sh), bldgs=Palace
    Units: 1x Warriors
  [Civ 1] Romans turn: 2 actions — MOVE_UNIT(1), UNIT_ORDER(1)

══════════════════════════════════════════════════════════════════════
  TURN 17 — 3680 B.C. (4ms)
══════════════════════════════════════════════════════════════════════
  [Civ 1] Romans (despotism): 1 cities, 2 units, 16g, 6 techs, researching Iron Working (6/36)
    Rome: size=2, prod=Archers (10sh), bldgs=Palace
    Units: 1x Warriors, 1x Archers
  [Civ 2] Babylonians (despotism): 1 cities, 1 units, 15g, 7 techs, researching Code of Laws (3/33)
    Babylon: size=2, prod=building:3 (36sh), bldgs=Palace
    Units: 1x Warriors
  [Civ 3] Germans (despotism): 1 cities, 0 units, 30g, 5 techs, researching Map Making (30/36)
    Berlin: size=2, prod=building:3 (51sh), bldgs=Palace
    Units: none
  [Civ 4] Egyptians (despotism): 1 cities, 1 units, 0g, 6 techs, researching Map Making (16/36)
    Thebes: size=2, prod=building:3 (36sh), bldgs=Palace
    Units: 1x Warriors
  [Civ 1] Romans turn: 2 actions — MOVE_UNIT(1), UNIT_ORDER(1)

══════════════════════════════════════════════════════════════════════
  TURN 18 — 3660 B.C. (3ms)
══════════════════════════════════════════════════════════════════════
  [Civ 1] Romans (despotism): 1 cities, 2 units, 17g, 6 techs, researching Iron Working (9/36)
    Rome: size=2, prod=Archers (13sh), bldgs=Palace
    Units: 1x Warriors, 1x Archers
  [Civ 2] Babylonians (despotism): 1 cities, 1 units, 16g, 7 techs, researching Code of Laws (6/33)
    Babylon: size=2, prod=building:3 (39sh), bldgs=Palace
    Units: 1x Warriors
  [Civ 3] Germans (despotism): 1 cities, 0 units, 32g, 5 techs, researching Map Making (35/36)
    Berlin: size=2, prod=building:3 (55sh), bldgs=Palace
    Units: none
  [Civ 4] Egyptians (despotism): 1 cities, 1 units, 0g, 6 techs, researching Map Making (17/36)
    Thebes: size=2, prod=building:3 (39sh), bldgs=Palace
    Units: 1x Warriors
  [Civ 1] Romans turn: 2 actions — MOVE_UNIT(1), UNIT_ORDER(1)
    >>> Germans discovered: Map Making
    SET_RESEARCH tech=Iron Working

══════════════════════════════════════════════════════════════════════
  TURN 19 — 3640 B.C. (5ms)
══════════════════════════════════════════════════════════════════════
  [Civ 1] Romans (despotism): 1 cities, 2 units, 18g, 6 techs, researching Iron Working (12/36)
    Rome: size=2, prod=Archers (16sh), bldgs=Palace
    Units: 1x Warriors, 1x Archers
  [Civ 2] Babylonians (despotism): 1 cities, 1 units, 17g, 7 techs, researching Code of Laws (9/33)
    Babylon: size=2, prod=building:3 (42sh), bldgs=Palace
    Units: 1x Warriors
  [Civ 3] Germans (despotism): 1 cities, 0 units, 32g, 6 techs, researching Iron Working (0/36)
    Berlin: size=2, prod=building:3 (59sh), bldgs=Palace
    Units: none
  [Civ 4] Egyptians (despotism): 1 cities, 1 units, 0g, 6 techs, researching Map Making (18/36)
    Thebes: size=2, prod=building:3 (42sh), bldgs=Palace
    Units: 1x Warriors
  [Civ 1] Romans turn: 2 actions — MOVE_UNIT(1), UNIT_ORDER(1)
    >>> Berlin built building:3
    CHANGE_PRODUCTION city=2

══════════════════════════════════════════════════════════════════════
  TURN 20 — 3620 B.C. (3ms)
══════════════════════════════════════════════════════════════════════
  [Civ 1] Romans (despotism): 1 cities, 2 units, 19g, 6 techs, researching Iron Working (15/36)
    Rome: size=2, prod=Archers (19sh), bldgs=Palace
    Units: 1x Warriors, 1x Archers
  [Civ 2] Babylonians (despotism): 1 cities, 1 units, 18g, 7 techs, researching Code of Laws (12/33)
    Babylon: size=2, prod=building:3 (45sh), bldgs=Palace
    Units: 1x Warriors
  [Civ 3] Germans (despotism): 1 cities, 0 units, 33g, 6 techs, researching Iron Working (5/36)
    Berlin: size=2, prod=Settlers (0sh), bldgs=Palace, Granary
    Units: none
  [Civ 4] Egyptians (despotism): 1 cities, 1 units, 0g, 6 techs, researching Map Making (19/36)
    Thebes: size=2, prod=building:3 (45sh), bldgs=Palace
    Units: 1x Warriors
  [Civ 1] Romans turn: 2 actions — MOVE_UNIT(1), UNIT_ORDER(1)

══════════════════════════════════════════════════════════════════════
  TURN 21 — 3600 B.C. (4ms)
══════════════════════════════════════════════════════════════════════
  [Civ 1] Romans (despotism): 1 cities, 2 units, 20g, 6 techs, researching Iron Working (18/36)
    Rome: size=2, prod=Archers (22sh), bldgs=Palace
    Units: 1x Warriors, 1x Archers
  [Civ 2] Babylonians (despotism): 1 cities, 1 units, 19g, 7 techs, researching Code of Laws (15/33)
    Babylon: size=2, prod=building:3 (48sh), bldgs=Palace
    Units: 1x Warriors
  [Civ 3] Germans (despotism): 1 cities, 0 units, 34g, 6 techs, researching Iron Working (10/36)
    Berlin: size=2, prod=Settlers (4sh), bldgs=Palace, Granary
    Units: none
  [Civ 4] Egyptians (despotism): 1 cities, 1 units, 0g, 6 techs, researching Map Making (20/36)
    Thebes: size=2, prod=building:3 (48sh), bldgs=Palace
    Units: 1x Warriors
  [Civ 1] Romans turn: 2 actions — MOVE_UNIT(1), UNIT_ORDER(1)

══════════════════════════════════════════════════════════════════════
  TURN 22 — 3580 B.C. (4ms)
══════════════════════════════════════════════════════════════════════
  [Civ 1] Romans (despotism): 1 cities, 2 units, 21g, 6 techs, researching Iron Working (21/36)
    Rome: size=2, prod=Archers (25sh), bldgs=Palace
    Units: 1x Warriors, 1x Archers
  [Civ 2] Babylonians (despotism): 1 cities, 1 units, 20g, 7 techs, researching Code of Laws (18/33)
    Babylon: size=2, prod=building:3 (51sh), bldgs=Palace
    Units: 1x Warriors
  [Civ 3] Germans (despotism): 1 cities, 0 units, 35g, 6 techs, researching Iron Working (15/36)
    Berlin: size=2, prod=Settlers (8sh), bldgs=Palace, Granary
    Units: none
  [Civ 4] Egyptians (despotism): 1 cities, 1 units, 0g, 6 techs, researching Map Making (21/36)
    Thebes: size=2, prod=building:3 (51sh), bldgs=Palace
    Units: 1x Warriors
  [Civ 1] Romans turn: 2 actions — MOVE_UNIT(1), UNIT_ORDER(1)

══════════════════════════════════════════════════════════════════════
  TURN 23 — 3560 B.C. (3ms)
══════════════════════════════════════════════════════════════════════
  [Civ 1] Romans (despotism): 1 cities, 2 units, 22g, 6 techs, researching Iron Working (24/36)
    Rome: size=2, prod=Archers (28sh), bldgs=Palace
    Units: 1x Warriors, 1x Archers
  [Civ 2] Babylonians (despotism): 1 cities, 1 units, 21g, 7 techs, researching Code of Laws (21/33)
    Babylon: size=2, prod=building:3 (54sh), bldgs=Palace
    Units: 1x Warriors
  [Civ 3] Germans (despotism): 1 cities, 0 units, 36g, 6 techs, researching Iron Working (20/36)
    Berlin: size=2, prod=Settlers (12sh), bldgs=Palace, Granary
    Units: none
  [Civ 4] Egyptians (despotism): 1 cities, 1 units, 0g, 6 techs, researching Map Making (22/36)
    Thebes: size=2, prod=building:3 (54sh), bldgs=Palace
    Units: 1x Warriors
  [Civ 1] Romans turn: 2 actions — MOVE_UNIT(1), UNIT_ORDER(1)
    >>> Rome built Archers

══════════════════════════════════════════════════════════════════════
  TURN 24 — 3540 B.C. (4ms)
══════════════════════════════════════════════════════════════════════
  [Civ 1] Romans (despotism): 1 cities, 3 units, 23g, 6 techs, researching Iron Working (27/36)
    Rome: size=2, prod=Archers (1sh), bldgs=Palace
    Units: 1x Warriors, 2x Archers
  [Civ 2] Babylonians (despotism): 1 cities, 1 units, 22g, 7 techs, researching Code of Laws (24/33)
    Babylon: size=2, prod=building:3 (57sh), bldgs=Palace
    Units: 1x Warriors
  [Civ 3] Germans (despotism): 1 cities, 0 units, 37g, 6 techs, researching Iron Working (25/36)
    Berlin: size=2, prod=Settlers (16sh), bldgs=Palace, Granary
    Units: none
  [Civ 4] Egyptians (despotism): 1 cities, 1 units, 0g, 6 techs, researching Map Making (23/36)
    Thebes: size=2, prod=building:3 (57sh), bldgs=Palace
    Units: 1x Warriors
  [Civ 1] Romans turn: 3 actions — CHANGE_PRODUCTION(1), MOVE_UNIT(1), UNIT_ORDER(1)
    CHANGE_PRODUCTION city=0
    >>> Babylon built building:3
    CHANGE_PRODUCTION city=1
    >>> Thebes built building:3
    >>> Thebes sold Granary
    >>> Rome grew to size 3

══════════════════════════════════════════════════════════════════════
  TURN 25 — 3520 B.C. (4ms)
══════════════════════════════════════════════════════════════════════
  [Civ 1] Romans (despotism): 1 cities, 3 units, 25g, 6 techs, researching Iron Working (30/36)
    Rome: size=3, prod=Wonder39 (3sh), bldgs=Palace
    Units: 1x Warriors, 2x Archers
  [Civ 2] Babylonians (despotism): 1 cities, 1 units, 22g, 7 techs, researching Code of Laws (27/33)
    Babylon: size=2, prod=Settlers (0sh), bldgs=Palace, Granary
    Units: 1x Warriors
  [Civ 3] Germans (despotism): 1 cities, 0 units, 38g, 6 techs, researching Iron Working (30/36)
    Berlin: size=2, prod=Settlers (20sh), bldgs=Palace, Granary
    Units: none
  [Civ 4] Egyptians (despotism): 1 cities, 1 units, 59g, 6 techs, researching Map Making (24/36)
    Thebes: size=2, prod=building:3 (0sh), bldgs=Palace
    Units: 1x Warriors
  [Civ 1] Romans turn: 4 actions — MOVE_UNIT(2), UNIT_ORDER(2)
    >>> Babylon grew to size 3
    >>> Germans discovered: Iron Working
    >>> Berlin grew to size 3
    SET_RESEARCH tech=Seafaring
    >>> Thebes grew to size 3

══════════════════════════════════════════════════════════════════════
  TURN 26 — 3500 B.C. (4ms)
══════════════════════════════════════════════════════════════════════
  [Civ 1] Romans (despotism): 1 cities, 3 units, 27g, 6 techs, researching Iron Working (33/36)
    Rome: size=3, prod=Wonder39 (7sh), bldgs=Palace
    Units: 1x Warriors, 2x Archers
  [Civ 2] Babylonians (despotism): 1 cities, 1 units, 23g, 7 techs, researching Code of Laws (30/33)
    Babylon: size=3, prod=Settlers (3sh), bldgs=Palace, Granary
    Units: 1x Warriors
  [Civ 3] Germans (despotism): 1 cities, 0 units, 38g, 7 techs, researching Seafaring (0/33)
    Berlin: size=3, prod=Settlers (24sh), bldgs=Palace, Granary
    Units: none
  [Civ 4] Egyptians (despotism): 1 cities, 0 units, 59g, 6 techs, researching Map Making (26/36)
    Thebes: size=3, prod=building:3 (3sh), bldgs=Palace
    Units: none
  [Civ 1] Romans turn: 3 actions — MOVE_UNIT(2), UNIT_ORDER(1)
    >>> Babylonians discovered: Code of Laws
    SET_RESEARCH tech=Map Making
    >>> Romans discovered: Iron Working

══════════════════════════════════════════════════════════════════════
  TURN 27 — 3480 B.C. (6ms)
══════════════════════════════════════════════════════════════════════
  [Civ 1] Romans (despotism): 1 cities, 3 units, 27g, 7 techs, researching none (0/33)
    Rome: size=3, prod=Wonder39 (11sh), bldgs=Palace
    Units: 1x Warriors, 2x Archers
  [Civ 2] Babylonians (despotism): 1 cities, 1 units, 23g, 8 techs, researching Map Making (0/28)
    Babylon: size=3, prod=Settlers (7sh), bldgs=Palace, Granary
    Units: 1x Warriors
  [Civ 3] Germans (despotism): 1 cities, 0 units, 39g, 7 techs, researching Seafaring (6/33)
    Berlin: size=3, prod=Settlers (29sh), bldgs=Palace, Granary
    Units: none
  [Civ 4] Egyptians (despotism): 1 cities, 0 units, 59g, 6 techs, researching Map Making (28/36)
    Thebes: size=3, prod=building:3 (8sh), bldgs=Palace
    Units: none
  [Civ 1] Romans turn: 5 actions — SET_RESEARCH(1), MOVE_UNIT(2), UNIT_ORDER(2)
    SET_RESEARCH tech=Mysticism

══════════════════════════════════════════════════════════════════════
  TURN 28 — 3460 B.C. (4ms)
══════════════════════════════════════════════════════════════════════
  [Civ 1] Romans (despotism): 1 cities, 3 units, 29g, 7 techs, researching Mysticism (3/33)
    Rome: size=3, prod=Wonder39 (15sh), bldgs=Palace
    Units: 1x Warriors, 2x Archers
  [Civ 2] Babylonians (despotism): 1 cities, 1 units, 24g, 8 techs, researching Map Making (3/28)
    Babylon: size=3, prod=Settlers (11sh), bldgs=Palace, Granary
    Units: 1x Warriors
  [Civ 3] Germans (despotism): 1 cities, 0 units, 40g, 7 techs, researching Seafaring (12/33)
    Berlin: size=3, prod=Settlers (34sh), bldgs=Palace, Granary
    Units: none
  [Civ 4] Egyptians (despotism): 1 cities, 0 units, 59g, 6 techs, researching Map Making (30/36)
    Thebes: size=3, prod=building:3 (13sh), bldgs=Palace
    Units: none
  [Civ 1] Romans turn: 4 actions — MOVE_UNIT(2), UNIT_ORDER(2)

══════════════════════════════════════════════════════════════════════
  TURN 29 — 3440 B.C. (4ms)
══════════════════════════════════════════════════════════════════════
  [Civ 1] Romans (despotism): 1 cities, 3 units, 31g, 7 techs, researching Mysticism (6/33)
    Rome: size=3, prod=Wonder39 (19sh), bldgs=Palace
    Units: 1x Warriors, 2x Archers
  [Civ 2] Babylonians (despotism): 1 cities, 1 units, 25g, 9 techs, researching Map Making (6/32)
    Babylon: size=3, prod=Settlers (15sh), bldgs=Palace, Granary
    Units: 1x Warriors
  [Civ 3] Germans (despotism): 1 cities, 0 units, 41g, 7 techs, researching Seafaring (18/33)
    Berlin: size=3, prod=Settlers (39sh), bldgs=Palace, Granary
    Units: none
  [Civ 4] Egyptians (despotism): 1 cities, 0 units, 59g, 7 techs, researching Map Making (32/33)
    Thebes: size=3, prod=building:3 (18sh), bldgs=Palace
    Units: none
  [Civ 1] Romans turn: 4 actions — MOVE_UNIT(2), UNIT_ORDER(2)
    >>> Berlin built Settlers
    CHANGE_PRODUCTION city=2
    >>> Egyptians discovered: Map Making
    SET_RESEARCH tech=Seafaring

══════════════════════════════════════════════════════════════════════
  TURN 30 — 3420 B.C. (5ms)
══════════════════════════════════════════════════════════════════════
  [Civ 1] Romans (despotism): 1 cities, 3 units, 33g, 7 techs, researching Mysticism (9/33)
    Rome: size=3, prod=Wonder39 (23sh), bldgs=Palace
    Units: 1x Warriors, 2x Archers
  [Civ 2] Babylonians (despotism): 1 cities, 1 units, 26g, 9 techs, researching Map Making (9/32)
    Babylon: size=3, prod=Settlers (19sh), bldgs=Palace, Granary
    Units: 1x Warriors
  [Civ 3] Germans (despotism): 1 cities, 1 units, 42g, 7 techs, researching Seafaring (23/33)
    Berlin: size=2, prod=Warriors (2sh), bldgs=Palace, Granary
    Units: 1x Settlers
  [Civ 4] Egyptians (despotism): 1 cities, 0 units, 59g, 8 techs, researching Seafaring (0/28)
    Thebes: size=3, prod=building:3 (23sh), bldgs=Palace
    Units: none
  [Civ 1] Romans turn: 4 actions — MOVE_UNIT(2), UNIT_ORDER(2)

══════════════════════════════════════════════════════════════════════
  TURN 31 — 3400 B.C. (3ms)
══════════════════════════════════════════════════════════════════════
  [Civ 1] Romans (despotism): 1 cities, 3 units, 35g, 8 techs, researching Mysticism (12/28)
    Rome: size=3, prod=Wonder39 (27sh), bldgs=Palace
    Units: 1x Warriors, 2x Archers
  [Civ 2] Babylonians (despotism): 1 cities, 1 units, 27g, 9 techs, researching Map Making (12/32)
    Babylon: size=3, prod=Settlers (23sh), bldgs=Palace, Granary
    Units: 1x Warriors
  [Civ 3] Germans (despotism): 1 cities, 1 units, 43g, 7 techs, researching Seafaring (28/33)
    Berlin: size=2, prod=Warriors (6sh), bldgs=Palace, Granary
    Units: 1x Settlers
  [Civ 4] Egyptians (despotism): 1 cities, 0 units, 59g, 8 techs, researching Seafaring (2/28)
    Thebes: size=3, prod=building:3 (28sh), bldgs=Palace
    Units: none
  [Civ 1] Romans turn: 4 actions — MOVE_UNIT(2), UNIT_ORDER(2)
    SET_RESEARCH tech=Seafaring
    >>> Germans discovered: Seafaring
    >>> Berlin built Warriors
    SET_RESEARCH tech=Ceremonial Burial
    CHANGE_PRODUCTION city=2

══════════════════════════════════════════════════════════════════════
  TURN 32 — 3380 B.C. (5ms)
══════════════════════════════════════════════════════════════════════
  [Civ 1] Romans (despotism): 1 cities, 3 units, 37g, 8 techs, researching Mysticism (15/28)
    Rome: size=3, prod=Wonder39 (31sh), bldgs=Palace
    Units: 1x Warriors, 2x Archers
  [Civ 2] Babylonians (despotism): 1 cities, 1 units, 28g, 10 techs, researching Seafaring (15/48)
    Babylon: size=3, prod=Settlers (27sh), bldgs=Palace, Granary
    Units: 1x Warriors
  [Civ 3] Germans (despotism): 1 cities, 2 units, 43g, 8 techs, researching Ceremonial Burial (0/28)
    Berlin: size=2, prod=Archers (0sh), bldgs=Palace, Granary
    Units: 1x Settlers, 1x Warriors
  [Civ 4] Egyptians (despotism): 1 cities, 0 units, 59g, 8 techs, researching Seafaring (4/28)
    Thebes: size=3, prod=building:3 (33sh), bldgs=Palace
    Units: none
  [Civ 1] Romans turn: 7 actions — ADJUST_ATTITUDE(3), MOVE_UNIT(2), UNIT_ORDER(2)
    ADJUST_ATTITUDE target=civ2
    ADJUST_ATTITUDE target=civ3
    ADJUST_ATTITUDE target=civ4
    ADJUST_ATTITUDE target=civ1
    ADJUST_ATTITUDE target=civ3
    ADJUST_ATTITUDE target=civ4
    ADJUST_ATTITUDE target=civ1
    ADJUST_ATTITUDE target=civ2
    ADJUST_ATTITUDE target=civ4
    ADJUST_ATTITUDE target=civ1
    ADJUST_ATTITUDE target=civ2
    ADJUST_ATTITUDE target=civ3

══════════════════════════════════════════════════════════════════════
  TURN 33 — 3360 B.C. (5ms)
══════════════════════════════════════════════════════════════════════
  [Civ 1] Romans (despotism): 1 cities, 3 units, 39g, 8 techs, researching Mysticism (18/28)
    Rome: size=3, prod=Wonder39 (35sh), bldgs=Palace
    Units: 1x Warriors, 2x Archers
  [Civ 2] Babylonians (despotism): 1 cities, 1 units, 29g, 10 techs, researching Seafaring (18/48)
    Babylon: size=3, prod=Settlers (31sh), bldgs=Palace, Granary
    Units: 1x Warriors
  [Civ 3] Germans (despotism): 1 cities, 2 units, 44g, 8 techs, researching Ceremonial Burial (5/28)
    Berlin: size=2, prod=Archers (4sh), bldgs=Palace, Granary
    Units: 1x Settlers, 1x Warriors
  [Civ 4] Egyptians (despotism): 1 cities, 0 units, 59g, 8 techs, researching Seafaring (6/28)
    Thebes: size=3, prod=building:3 (38sh), bldgs=Palace
    Units: none
  [Civ 1] Romans turn: 4 actions — MOVE_UNIT(2), UNIT_ORDER(2)

══════════════════════════════════════════════════════════════════════
  TURN 34 — 3340 B.C. (4ms)
══════════════════════════════════════════════════════════════════════
  [Civ 1] Romans (despotism): 1 cities, 3 units, 41g, 8 techs, researching Mysticism (21/28)
    Rome: size=3, prod=Wonder39 (39sh), bldgs=Palace
    Units: 1x Warriors, 2x Archers
  [Civ 2] Babylonians (despotism): 1 cities, 1 units, 30g, 10 techs, researching Seafaring (21/48)
    Babylon: size=3, prod=Settlers (35sh), bldgs=Palace, Granary
    Units: 1x Warriors
  [Civ 3] Germans (despotism): 1 cities, 2 units, 45g, 8 techs, researching Ceremonial Burial (10/28)
    Berlin: size=2, prod=Archers (8sh), bldgs=Palace, Granary
    Units: 1x Settlers, 1x Warriors
  [Civ 4] Egyptians (despotism): 1 cities, 0 units, 59g, 8 techs, researching Seafaring (8/28)
    Thebes: size=3, prod=building:3 (43sh), bldgs=Palace
    Units: none
  [Civ 1] Romans turn: 4 actions — MOVE_UNIT(2), UNIT_ORDER(2)

══════════════════════════════════════════════════════════════════════
  TURN 35 — 3320 B.C. (3ms)
══════════════════════════════════════════════════════════════════════
  [Civ 1] Romans (despotism): 1 cities, 3 units, 43g, 8 techs, researching Mysticism (24/28)
    Rome: size=3, prod=Wonder39 (43sh), bldgs=Palace
    Units: 1x Warriors, 2x Archers
  [Civ 2] Babylonians (despotism): 1 cities, 1 units, 31g, 10 techs, researching Seafaring (24/48)
    Babylon: size=3, prod=Settlers (39sh), bldgs=Palace, Granary
    Units: 1x Warriors
  [Civ 3] Germans (despotism): 1 cities, 2 units, 46g, 8 techs, researching Ceremonial Burial (15/28)
    Berlin: size=2, prod=Archers (12sh), bldgs=Palace, Granary
    Units: 1x Settlers, 1x Warriors
  [Civ 4] Egyptians (despotism): 1 cities, 0 units, 59g, 8 techs, researching Seafaring (10/28)
    Thebes: size=3, prod=building:3 (48sh), bldgs=Palace
    Units: none
  [Civ 1] Romans turn: 4 actions — MOVE_UNIT(2), UNIT_ORDER(2)
    >>> Babylon built Settlers

══════════════════════════════════════════════════════════════════════
  TURN 36 — 3300 B.C. (4ms)
══════════════════════════════════════════════════════════════════════
  [Civ 1] Romans (despotism): 1 cities, 3 units, 45g, 8 techs, researching Mysticism (27/28)
    Rome: size=3, prod=Wonder39 (47sh), bldgs=Palace
    Units: 1x Warriors, 2x Archers
  [Civ 2] Babylonians (despotism): 1 cities, 2 units, 31g, 10 techs, researching Seafaring (27/48)
    Babylon: size=2, prod=Settlers (3sh), bldgs=Palace, Granary
    Units: 1x Warriors, 1x Settlers
  [Civ 3] Germans (despotism): 1 cities, 2 units, 47g, 8 techs, researching Ceremonial Burial (20/28)
    Berlin: size=2, prod=Archers (16sh), bldgs=Palace, Granary
    Units: 1x Settlers, 1x Warriors
  [Civ 4] Egyptians (despotism): 1 cities, 0 units, 59g, 8 techs, researching Seafaring (12/28)
    Thebes: size=3, prod=building:3 (53sh), bldgs=Palace
    Units: none
  [Civ 1] Romans turn: 4 actions — MOVE_UNIT(2), UNIT_ORDER(2)
    >>> Babylon grew to size 3
    >>> Berlin grew to size 3
    >>> Romans discovered: Mysticism

══════════════════════════════════════════════════════════════════════
  TURN 37 — 3280 B.C. (5ms)
══════════════════════════════════════════════════════════════════════
  [Civ 1] Romans (despotism): 1 cities, 3 units, 45g, 9 techs, researching none (0/21)
    Rome: size=3, prod=Wonder39 (51sh), bldgs=Palace
    Units: 1x Warriors, 2x Archers
  [Civ 2] Babylonians (despotism): 1 cities, 2 units, 32g, 10 techs, researching Seafaring (30/48)
    Babylon: size=3, prod=Settlers (6sh), bldgs=Palace, Granary
    Units: 1x Warriors, 1x Settlers
  [Civ 3] Germans (despotism): 1 cities, 2 units, 48g, 8 techs, researching Ceremonial Burial (26/28)
    Berlin: size=3, prod=Archers (20sh), bldgs=Palace, Granary
    Units: 1x Settlers, 1x Warriors
  [Civ 4] Egyptians (despotism): 1 cities, 0 units, 59g, 8 techs, researching Seafaring (14/28)
    Thebes: size=3, prod=building:3 (58sh), bldgs=Palace
    Units: none
  [Civ 1] Romans turn: 5 actions — SET_RESEARCH(1), MOVE_UNIT(2), UNIT_ORDER(2)
    SET_RESEARCH tech=Writing
    >>> Germans discovered: Ceremonial Burial
    SET_RESEARCH tech=Writing
    >>> Thebes built building:3
    CHANGE_PRODUCTION city=3

══════════════════════════════════════════════════════════════════════
  TURN 38 — 3260 B.C. (5ms)
══════════════════════════════════════════════════════════════════════
  [Civ 1] Romans (despotism): 1 cities, 3 units, 47g, 9 techs, researching Writing (3/21)
    Rome: size=3, prod=Wonder39 (55sh), bldgs=Palace
    Units: 1x Warriors, 2x Archers
  [Civ 2] Babylonians (despotism): 1 cities, 2 units, 33g, 10 techs, researching Seafaring (33/48)
    Babylon: size=3, prod=Settlers (10sh), bldgs=Palace, Granary
    Units: 1x Warriors, 1x Settlers
  [Civ 3] Germans (despotism): 1 cities, 2 units, 48g, 9 techs, researching Writing (0/21)
    Berlin: size=3, prod=Archers (25sh), bldgs=Palace, Granary
    Units: 1x Settlers, 1x Warriors
  [Civ 4] Egyptians (despotism): 1 cities, 0 units, 58g, 8 techs, researching Seafaring (16/28)
    Thebes: size=3, prod=Wonder41 (0sh), bldgs=Palace, Granary
    Units: none
  [Civ 1] Romans turn: 4 actions — MOVE_UNIT(2), UNIT_ORDER(2)
    >>> Berlin built Archers
    CHANGE_PRODUCTION city=2

══════════════════════════════════════════════════════════════════════
  TURN 39 — 3240 B.C. (3ms)
══════════════════════════════════════════════════════════════════════
  [Civ 1] Romans (despotism): 1 cities, 3 units, 49g, 9 techs, researching Writing (6/21)
    Rome: size=3, prod=Wonder39 (59sh), bldgs=Palace
    Units: 1x Warriors, 2x Archers
  [Civ 2] Babylonians (despotism): 1 cities, 2 units, 34g, 10 techs, researching Seafaring (36/48)
    Babylon: size=3, prod=Settlers (14sh), bldgs=Palace, Granary
    Units: 1x Warriors, 1x Settlers
  [Civ 3] Germans (despotism): 1 cities, 3 units, 49g, 9 techs, researching Writing (6/21)
    Berlin: size=3, prod=Legion (0sh), bldgs=Palace, Granary
    Units: 1x Settlers, 1x Warriors, 1x Archers
  [Civ 4] Egyptians (despotism): 1 cities, 0 units, 57g, 9 techs, researching Seafaring (18/21)
    Thebes: size=3, prod=Wonder41 (5sh), bldgs=Palace, Granary
    Units: none
  [Civ 1] Romans turn: 4 actions — MOVE_UNIT(2), UNIT_ORDER(2)

══════════════════════════════════════════════════════════════════════
  TURN 40 — 3220 B.C. (4ms)
══════════════════════════════════════════════════════════════════════
  [Civ 1] Romans (despotism): 1 cities, 3 units, 51g, 9 techs, researching Writing (9/21)
    Rome: size=3, prod=Wonder39 (63sh), bldgs=Palace
    Units: 1x Warriors, 2x Archers
  [Civ 2] Babylonians (despotism): 1 cities, 2 units, 35g, 11 techs, researching Seafaring (39/52)
    Babylon: size=3, prod=Settlers (18sh), bldgs=Palace, Granary
    Units: 1x Warriors, 1x Settlers
  [Civ 3] Germans (despotism): 1 cities, 3 units, 50g, 9 techs, researching Writing (12/21)
    Berlin: size=3, prod=Legion (5sh), bldgs=Palace, Granary
    Units: 1x Settlers, 1x Warriors, 1x Archers
  [Civ 4] Egyptians (despotism): 1 cities, 0 units, 56g, 9 techs, researching Seafaring (20/21)
    Thebes: size=3, prod=Wonder41 (10sh), bldgs=Palace, Granary
    Units: none
  [Civ 1] Romans turn: 4 actions — MOVE_UNIT(2), UNIT_ORDER(2)
    >>> Egyptians discovered: Seafaring
    SET_RESEARCH tech=Construction

══════════════════════════════════════════════════════════════════════
  TURN 41 — 3200 B.C. (4ms)
══════════════════════════════════════════════════════════════════════
  [Civ 1] Romans (despotism): 1 cities, 3 units, 53g, 9 techs, researching Writing (12/21)
    Rome: size=3, prod=Wonder39 (67sh), bldgs=Palace
    Units: 1x Warriors, 2x Archers
  [Civ 2] Babylonians (despotism): 1 cities, 2 units, 36g, 11 techs, researching Seafaring (42/52)
    Babylon: size=3, prod=Settlers (22sh), bldgs=Palace, Granary
    Units: 1x Warriors, 1x Settlers
  [Civ 3] Germans (despotism): 1 cities, 3 units, 51g, 9 techs, researching Writing (18/21)
    Berlin: size=3, prod=Legion (10sh), bldgs=Palace, Granary
    Units: 1x Settlers, 1x Warriors, 1x Archers
  [Civ 4] Egyptians (despotism): 1 cities, 0 units, 56g, 10 techs, researching Construction (0/24)
    Thebes: size=3, prod=Wonder41 (15sh), bldgs=Palace, Granary
    Units: none
  [Civ 1] Romans turn: 4 actions — MOVE_UNIT(2), UNIT_ORDER(2)
    >>> Germans discovered: Writing
    SET_RESEARCH tech=Currency

══════════════════════════════════════════════════════════════════════
  TURN 42 — 3180 B.C. (6ms)
══════════════════════════════════════════════════════════════════════
  [Civ 1] Romans (despotism): 1 cities, 3 units, 55g, 10 techs, researching Writing (15/24)
    Rome: size=3, prod=Wonder39 (71sh), bldgs=Palace
    Units: 1x Warriors, 2x Archers
  [Civ 2] Babylonians (despotism): 1 cities, 2 units, 37g, 11 techs, researching Seafaring (45/52)
    Babylon: size=3, prod=Settlers (26sh), bldgs=Palace, Granary
    Units: 1x Warriors, 1x Settlers
  [Civ 3] Germans (despotism): 1 cities, 3 units, 51g, 10 techs, researching Currency (0/24)
    Berlin: size=3, prod=Legion (15sh), bldgs=Palace, Granary
    Units: 1x Settlers, 1x Warriors, 1x Archers
  [Civ 4] Egyptians (despotism): 1 cities, 0 units, 55g, 10 techs, researching Construction (2/24)
    Thebes: size=3, prod=Wonder41 (20sh), bldgs=Palace, Granary
    Units: none
  [Civ 1] Romans turn: 4 actions — MOVE_UNIT(2), UNIT_ORDER(2)
    SET_RESEARCH tech=Mysticism

══════════════════════════════════════════════════════════════════════
  TURN 43 — 3160 B.C. (4ms)
══════════════════════════════════════════════════════════════════════
  [Civ 1] Romans (despotism): 1 cities, 3 units, 57g, 10 techs, researching Writing (18/24)
    Rome: size=3, prod=Wonder39 (75sh), bldgs=Palace
    Units: 1x Warriors, 2x Archers
  [Civ 2] Babylonians (despotism): 1 cities, 2 units, 38g, 12 techs, researching Mysticism (48/57)
    Babylon: size=3, prod=Settlers (30sh), bldgs=Palace, Granary
    Units: 1x Warriors, 1x Settlers
  [Civ 3] Germans (despotism): 1 cities, 3 units, 52g, 10 techs, researching Currency (6/24)
    Berlin: size=3, prod=Legion (20sh), bldgs=Palace, Granary
    Units: 1x Settlers, 1x Warriors, 1x Archers
  [Civ 4] Egyptians (despotism): 1 cities, 0 units, 54g, 10 techs, researching Construction (4/24)
    Thebes: size=3, prod=Wonder41 (25sh), bldgs=Palace, Granary
    Units: none
  [Civ 1] Romans turn: 4 actions — MOVE_UNIT(2), UNIT_ORDER(2)

══════════════════════════════════════════════════════════════════════
  TURN 44 — 3140 B.C. (5ms)
══════════════════════════════════════════════════════════════════════
  [Civ 1] Romans (despotism): 1 cities, 3 units, 59g, 10 techs, researching Writing (21/24)
    Rome: size=3, prod=Wonder39 (79sh), bldgs=Palace
    Units: 1x Warriors, 2x Archers
  [Civ 2] Babylonians (despotism): 1 cities, 2 units, 39g, 12 techs, researching Mysticism (51/57)
    Babylon: size=3, prod=Settlers (34sh), bldgs=Palace, Granary
    Units: 1x Warriors, 1x Settlers
  [Civ 3] Germans (despotism): 1 cities, 3 units, 53g, 10 techs, researching Currency (12/24)
    Berlin: size=3, prod=Legion (25sh), bldgs=Palace, Granary
    Units: 1x Settlers, 1x Warriors, 1x Archers
  [Civ 4] Egyptians (despotism): 1 cities, 0 units, 53g, 10 techs, researching Construction (6/24)
    Thebes: size=3, prod=Wonder41 (30sh), bldgs=Palace, Granary
    Units: none
  [Civ 1] Romans turn: 4 actions — MOVE_UNIT(2), UNIT_ORDER(2)
    >>> Romans discovered: Writing
    >>> Rome grew to size 4

══════════════════════════════════════════════════════════════════════
  TURN 45 — 3120 B.C. (4ms)
══════════════════════════════════════════════════════════════════════
  [Civ 1] Romans (despotism): 1 cities, 3 units, 59g, 11 techs, researching none (0/26)
    Rome: size=4, prod=Wonder39 (83sh), bldgs=Palace
    Units: 1x Warriors, 2x Archers
  [Civ 2] Babylonians (despotism): 1 cities, 2 units, 40g, 12 techs, researching Mysticism (54/57)
    Babylon: size=3, prod=Settlers (38sh), bldgs=Palace, Granary
    Units: 1x Warriors, 1x Settlers
  [Civ 3] Germans (despotism): 1 cities, 3 units, 54g, 10 techs, researching Currency (18/24)
    Berlin: size=3, prod=Legion (30sh), bldgs=Palace, Granary
    Units: 1x Settlers, 1x Warriors, 1x Archers
  [Civ 4] Egyptians (despotism): 1 cities, 0 units, 52g, 10 techs, researching Construction (8/24)
    Thebes: size=3, prod=Wonder41 (35sh), bldgs=Palace, Granary
    Units: none
  [Civ 1] Romans turn: 5 actions — SET_RESEARCH(1), MOVE_UNIT(2), UNIT_ORDER(2)
    SET_RESEARCH tech=Code of Laws
    >>> Babylonians discovered: Mysticism
    >>> Babylon built Settlers
    SET_RESEARCH tech=Astronomy
    >>> Germans discovered: Currency
    SET_RESEARCH tech=Construction

══════════════════════════════════════════════════════════════════════
  TURN 46 — 3100 B.C. (5ms)
══════════════════════════════════════════════════════════════════════
  [Civ 1] Romans (despotism): 1 cities, 3 units, 61g, 11 techs, researching Code of Laws (4/26)
    Rome: size=4, prod=Wonder39 (88sh), bldgs=Palace
    Units: 1x Warriors, 2x Archers
  [Civ 2] Babylonians (despotism): 1 cities, 3 units, 40g, 13 techs, researching Astronomy (0/62)
    Babylon: size=2, prod=Settlers (2sh), bldgs=Palace, Granary
    Units: 1x Warriors, 2x Settlers
  [Civ 3] Germans (despotism): 1 cities, 3 units, 54g, 11 techs, researching Construction (0/26)
    Berlin: size=3, prod=Legion (35sh), bldgs=Palace, Granary
    Units: 1x Settlers, 1x Warriors, 1x Archers
  [Civ 4] Egyptians (despotism): 1 cities, 0 units, 51g, 10 techs, researching Construction (10/24)
    Thebes: size=3, prod=Wonder41 (40sh), bldgs=Palace, Granary
    Units: none
  [Civ 1] Romans turn: 4 actions — MOVE_UNIT(2), UNIT_ORDER(2)
    COMBAT: Archers vs Warriors → atkWin (atkHp=undefined, defHp=undefined)
    >>> Berlin built Legion
    ADJUST_ATTITUDE target=civ1
    CHANGE_PRODUCTION city=2
    END_TURN REJECTED: 1 units still need orders
      #30 Legion(Atk) @(45,40) mv=3 ord=none hp=full

══════════════════════════════════════════════════════════════════════
  TURN 47 — 3080 B.C. (13ms)
══════════════════════════════════════════════════════════════════════
  [Civ 1] Romans (despotism): 1 cities, 3 units, 63g, 12 techs, researching Code of Laws (8/28)
    Rome: size=4, prod=Wonder39 (93sh), bldgs=Palace
    Units: 1x Warriors, 2x Archers
  [Civ 2] Babylonians (despotism): 1 cities, 3 units, 40g, 14 techs, researching Astronomy (3/67)
    Babylon: size=2, prod=Settlers (5sh), bldgs=Palace, Granary
    Units: 1x Warriors, 2x Settlers
  [Civ 3] Germans (despotism): 1 cities, 4 units, 55g, 12 techs, researching Construction (6/28)
    Berlin: size=3, prod=Warriors (0sh), bldgs=Palace, Granary
    Units: 1x Settlers, 1x Archers, 2x Legion
  [Civ 4] Egyptians (despotism): 1 cities, 0 units, 50g, 12 techs, researching Construction (12/28)
    Thebes: size=3, prod=Wonder41 (45sh), bldgs=Palace, Granary
    Units: none
  [Civ 1] Romans turn: 5 actions — ADJUST_ATTITUDE(1), MOVE_UNIT(2), UNIT_ORDER(2)
    ADJUST_ATTITUDE target=civ3
    ADJUST_ATTITUDE target=civ1

══════════════════════════════════════════════════════════════════════
  TURN 48 — 3060 B.C. (5ms)
══════════════════════════════════════════════════════════════════════
  [Civ 1] Romans (despotism): 1 cities, 3 units, 65g, 12 techs, researching Code of Laws (12/28)
    Rome: size=4, prod=Wonder39 (98sh), bldgs=Palace
    Units: 1x Warriors, 2x Archers
  [Civ 2] Babylonians (despotism): 1 cities, 3 units, 40g, 15 techs, researching Astronomy (6/72)
    Babylon: size=2, prod=Settlers (8sh), bldgs=Palace, Granary
    Units: 1x Warriors, 2x Settlers
  [Civ 3] Germans (despotism): 1 cities, 4 units, 56g, 12 techs, researching Construction (12/28)
    Berlin: size=3, prod=Warriors (5sh), bldgs=Palace, Granary
    Units: 1x Settlers, 1x Archers, 2x Legion
  [Civ 4] Egyptians (despotism): 1 cities, 0 units, 49g, 12 techs, researching Construction (14/28)
    Thebes: size=3, prod=Wonder41 (50sh), bldgs=Palace, Granary
    Units: none
  [Civ 1] Romans turn: 6 actions — ADJUST_ATTITUDE(2), MOVE_UNIT(2), UNIT_ORDER(2)
    ADJUST_ATTITUDE target=civ3
    ADJUST_ATTITUDE target=civ3
    >>> Berlin built Warriors
    ADJUST_ATTITUDE target=civ1
    ADJUST_ATTITUDE target=civ1
    CHANGE_PRODUCTION city=2

══════════════════════════════════════════════════════════════════════
  TURN 49 — 3040 B.C. (7ms)
══════════════════════════════════════════════════════════════════════
  [Civ 1] Romans (despotism): 1 cities, 3 units, 67g, 12 techs, researching Code of Laws (16/28)
    Rome: size=4, prod=Wonder39 (103sh), bldgs=Palace
    Units: 1x Warriors, 2x Archers
  [Civ 2] Babylonians (despotism): 1 cities, 3 units, 40g, 15 techs, researching Astronomy (9/72)
    Babylon: size=2, prod=Settlers (11sh), bldgs=Palace, Granary
    Units: 1x Warriors, 2x Settlers
  [Civ 3] Germans (despotism): 1 cities, 5 units, 57g, 12 techs, researching Construction (17/28)
    Berlin: size=3, prod=Explorer (0sh), bldgs=Palace, Granary
    Units: 1x Settlers, 1x Archers, 2x Legion, 1x Warriors
  [Civ 4] Egyptians (despotism): 1 cities, 0 units, 48g, 12 techs, researching Construction (16/28)
    Thebes: size=3, prod=Wonder41 (55sh), bldgs=Palace, Granary
    Units: none
  [Civ 1] Romans turn: 5 actions — ADJUST_ATTITUDE(1), MOVE_UNIT(2), UNIT_ORDER(2)
    ADJUST_ATTITUDE target=civ3
    ADJUST_ATTITUDE target=civ1

══════════════════════════════════════════════════════════════════════
  FINAL SUMMARY
══════════════════════════════════════════════════════════════════════
Game ended at turn 50 (3020 B.C.)

── Civ 1: Romans (despotism) ALIVE ──
  Cities: 1 (peak 1, founded 1)
  Units:  3 (peak 3)
  Treasury: 69g
  Techs discovered: 4 — Bronze Working, Iron Working, Mysticism, Writing
  Actions: 169 total, 0 idle turns
  Breakdown: UNIT_ORDER(77), MOVE_UNIT(75), ADJUST_ATTITUDE(7), SET_RESEARCH(6), CHANGE_PRODUCTION(2), CHANGE_RATES(1), BUILD_CITY(1)
  Army: 1x Warriors, 2x Archers
  Rome: size=4, shields=108

── Civ 2: Babylonians (despotism) ALIVE ──
  Cities: 1 (peak 1, founded 1)
  Units:  3 (peak 3)
  Treasury: 40g
  Techs discovered: 3 — Mathematics, Code of Laws, Mysticism
  Actions: 120 total, 0 idle turns
  Breakdown: UNIT_ORDER(53), MOVE_UNIT(51), SET_RESEARCH(8), ADJUST_ATTITUDE(3), CHANGE_PRODUCTION(2), CHANGE_RATES(1), BUILD_CITY(1), WORKER_ORDER(1)
  Army: 1x Warriors, 2x Settlers
  Babylon: size=2, shields=14

── Civ 3: Germans (despotism) ALIVE ──
  Cities: 1 (peak 1, founded 1)
  Units:  5 (peak 5)
  Treasury: 58g
  Techs discovered: 7 — Alphabet, Map Making, Iron Working, Seafaring, Ceremonial Burial, Writing, Currency
  Actions: 95 total, 22 idle turns
  Breakdown: MOVE_UNIT(35), UNIT_ORDER(34), SET_RESEARCH(8), ADJUST_ATTITUDE(8), CHANGE_PRODUCTION(7), CHANGE_RATES(1), BUILD_CITY(1), WORKER_ORDER(1)
  Army: 1x Settlers, 1x Archers, 2x Legion, 1x Warriors
  Berlin: size=3, shields=4

── Civ 4: Egyptians (despotism) ALIVE ──
  Cities: 1 (peak 1, founded 1)
  Units:  0 (peak 1)
  Treasury: 47g
  Techs discovered: 2 — Map Making, Seafaring
  Actions: 63 total, 20 idle turns
  Breakdown: UNIT_ORDER(27), MOVE_UNIT(26), SET_RESEARCH(3), ADJUST_ATTITUDE(3), CHANGE_PRODUCTION(2), CHANGE_RATES(1), BUILD_CITY(1)
  Army: none
  Thebes: size=3, shields=60


══════════════════════════════════════════════════════════════════════
  AI BEHAVIOR ANALYSIS
══════════════════════════════════════════════════════════════════════
[Civ 1] Romans:
  WARNING: Only 1 city after 30+ turns

[Civ 2] Babylonians:
  WARNING: Only 1 city after 30+ turns
  WARNING: 1 units stuck (busy orders outside city)

[Civ 3] Germans:
  WARNING: Only 1 city after 30+ turns
  WARNING: 1 units stuck (busy orders outside city)

[Civ 4] Egyptians:
  WARNING: Only 1 city after 30+ turns

