Charlization AI Headless Simulation
Date: 2026-03-20T17:57:48.358Z
Settings: 50 turns, 4 AI players, 50x80 map, difficulty=prince
Map seed: 15183
Map generated in 94ms
Game initialized: 4 civs, 11 starting units
  Civ 1 (Romans): starts at (7,71) on Grassland
  Civ 2 (Babylonians): starts at (6,8) on Grassland
  Civ 3 (Germans): starts at (9,39) on Swamp
  Civ 4 (Egyptians): starts at (34,46) on Plains
    SET_RESEARCH tech=Alphabet
    CHANGE_RATES sci=6 tax=4 lux=undefined
    BUILD_CITY unit=0 name="Rome"
    1 actions REJECTED (of 6)
    SET_RESEARCH tech=Alphabet
    CHANGE_RATES sci=6 tax=4 lux=undefined
    BUILD_CITY unit=2 name="Babylon"
    BUILD_CITY unit=8 name="Babylon"
    2 actions REJECTED (of 8)
    SET_RESEARCH tech=Ceremonial Burial
    CHANGE_RATES sci=6 tax=4 lux=undefined
    BUILD_CITY unit=4 name="Berlin"
    BUILD_CITY unit=9 name="Berlin"
    2 actions REJECTED (of 8)
    SET_RESEARCH tech=Masonry
    CHANGE_RATES sci=6 tax=4 lux=undefined
    BUILD_CITY unit=6 name="Thebes"
    BUILD_CITY unit=10 name="Thebes"
    2 actions REJECTED (of 8)

══════════════════════════════════════════════════════════════════════
  TURN 1 — 4000 B.C. (40ms)
══════════════════════════════════════════════════════════════════════
  [Civ 1] Romans (despotism): 1 cities, 1 units, 1g, 3 techs, researching Alphabet (3/39)
    Rome: size=1, prod=Warriors (2sh), bldgs=Palace
    Units: 1x Warriors
  [Civ 2] Babylonians (despotism): 1 cities, 2 units, 0g, 3 techs, researching Alphabet (0/39)
    Babylon: size=1, prod=Warriors (0sh), bldgs=Palace
    Units: 1x Warriors, 1x Settlers
  [Civ 3] Germans (despotism): 1 cities, 2 units, 0g, 2 techs, researching Ceremonial Burial (0/22)
    Berlin: size=1, prod=Warriors (0sh), bldgs=Palace
    Units: 1x Warriors, 1x Settlers
  [Civ 4] Egyptians (despotism): 1 cities, 2 units, 0g, 2 techs, researching Masonry (0/22)
    Thebes: size=1, prod=Warriors (0sh), bldgs=Palace
    Units: 1x Warriors, 1x Settlers
  [Civ 1] Romans turn: 2 actions — MOVE_UNIT(1), UNIT_ORDER(1)
    SET_RESEARCH tech=Code of Laws
    CHANGE_PRODUCTION city=1
    CHANGE_PRODUCTION city=2
    CHANGE_PRODUCTION city=3

══════════════════════════════════════════════════════════════════════
  TURN 2 — 3980 B.C. (17ms)
══════════════════════════════════════════════════════════════════════
  [Civ 1] Romans (despotism): 1 cities, 1 units, 2g, 3 techs, researching Alphabet (6/39)
    Rome: size=1, prod=Warriors (4sh), bldgs=Palace
    Units: 1x Warriors
  [Civ 2] Babylonians (despotism): 1 cities, 2 units, 0g, 3 techs, researching Code of Laws (2/39)
    Babylon: size=1, prod=Archers (2sh), bldgs=Palace
    Units: 1x Warriors, 1x Settlers
  [Civ 3] Germans (despotism): 1 cities, 2 units, 0g, 2 techs, researching Ceremonial Burial (2/22)
    Berlin: size=1, prod=Archers (2sh), bldgs=Palace
    Units: 1x Warriors, 1x Settlers
  [Civ 4] Egyptians (despotism): 1 cities, 2 units, 1g, 2 techs, researching Masonry (3/22)
    Thebes: size=1, prod=Archers (2sh), bldgs=Palace
    Units: 1x Warriors, 1x Settlers
  [Civ 1] Romans turn: 2 actions — MOVE_UNIT(1), UNIT_ORDER(1)

══════════════════════════════════════════════════════════════════════
  TURN 3 — 3960 B.C. (7ms)
══════════════════════════════════════════════════════════════════════
  [Civ 1] Romans (despotism): 1 cities, 1 units, 3g, 3 techs, researching Alphabet (9/39)
    Rome: size=1, prod=Warriors (6sh), bldgs=Palace
    Units: 1x Warriors
  [Civ 2] Babylonians (despotism): 1 cities, 2 units, 0g, 3 techs, researching Code of Laws (4/39)
    Babylon: size=1, prod=Archers (4sh), bldgs=Palace
    Units: 1x Warriors, 1x Settlers
  [Civ 3] Germans (despotism): 1 cities, 2 units, 0g, 2 techs, researching Ceremonial Burial (4/22)
    Berlin: size=1, prod=Archers (4sh), bldgs=Palace
    Units: 1x Warriors, 1x Settlers
  [Civ 4] Egyptians (despotism): 1 cities, 2 units, 2g, 2 techs, researching Masonry (6/22)
    Thebes: size=1, prod=Archers (4sh), bldgs=Palace
    Units: 1x Warriors, 1x Settlers
  [Civ 1] Romans turn: 2 actions — MOVE_UNIT(1), UNIT_ORDER(1)

══════════════════════════════════════════════════════════════════════
  TURN 4 — 3940 B.C. (5ms)
══════════════════════════════════════════════════════════════════════
  [Civ 1] Romans (despotism): 1 cities, 1 units, 4g, 3 techs, researching Alphabet (12/39)
    Rome: size=1, prod=Warriors (8sh), bldgs=Palace
    Units: 1x Warriors
  [Civ 2] Babylonians (despotism): 1 cities, 2 units, 0g, 3 techs, researching Code of Laws (6/39)
    Babylon: size=1, prod=Archers (6sh), bldgs=Palace
    Units: 1x Warriors, 1x Settlers
  [Civ 3] Germans (despotism): 1 cities, 2 units, 0g, 2 techs, researching Ceremonial Burial (6/22)
    Berlin: size=1, prod=Archers (6sh), bldgs=Palace
    Units: 1x Warriors, 1x Settlers
  [Civ 4] Egyptians (despotism): 1 cities, 2 units, 3g, 2 techs, researching Masonry (9/22)
    Thebes: size=1, prod=Archers (6sh), bldgs=Palace
    Units: 1x Warriors, 1x Settlers
  [Civ 1] Romans turn: 2 actions — MOVE_UNIT(1), UNIT_ORDER(1)
    >>> Rome built Warriors

══════════════════════════════════════════════════════════════════════
  TURN 5 — 3920 B.C. (4ms)
══════════════════════════════════════════════════════════════════════
  [Civ 1] Romans (despotism): 1 cities, 2 units, 5g, 3 techs, researching Alphabet (15/39)
    Rome: size=1, prod=Warriors (0sh), bldgs=Palace
    Units: 2x Warriors
  [Civ 2] Babylonians (despotism): 1 cities, 2 units, 0g, 3 techs, researching Code of Laws (8/39)
    Babylon: size=1, prod=Archers (8sh), bldgs=Palace
    Units: 1x Warriors, 1x Settlers
  [Civ 3] Germans (despotism): 1 cities, 2 units, 0g, 2 techs, researching Ceremonial Burial (8/22)
    Berlin: size=1, prod=Archers (8sh), bldgs=Palace
    Units: 1x Warriors, 1x Settlers
  [Civ 4] Egyptians (despotism): 1 cities, 2 units, 4g, 2 techs, researching Masonry (12/22)
    Thebes: size=1, prod=Archers (8sh), bldgs=Palace
    Units: 1x Warriors, 1x Settlers
  [Civ 1] Romans turn: 3 actions — CHANGE_PRODUCTION(1), MOVE_UNIT(1), UNIT_ORDER(1)
    CHANGE_PRODUCTION city=0
    END_TURN REJECTED: 1 units still need orders
      #12 Horsemen(Atk) @(36,38) mv=6 ord=none hp=full

══════════════════════════════════════════════════════════════════════
  TURN 6 — 3900 B.C. (4ms)
══════════════════════════════════════════════════════════════════════
  [Civ 1] Romans (despotism): 1 cities, 2 units, 6g, 3 techs, researching Alphabet (18/39)
    Rome: size=1, prod=Archers (2sh), bldgs=Palace
    Units: 2x Warriors
  [Civ 2] Babylonians (despotism): 1 cities, 2 units, 0g, 3 techs, researching Code of Laws (10/39)
    Babylon: size=1, prod=Archers (10sh), bldgs=Palace
    Units: 1x Warriors, 1x Settlers
  [Civ 3] Germans (despotism): 1 cities, 2 units, 0g, 2 techs, researching Ceremonial Burial (10/22)
    Berlin: size=1, prod=Archers (10sh), bldgs=Palace
    Units: 1x Warriors, 1x Settlers
  [Civ 4] Egyptians (despotism): 1 cities, 3 units, 5g, 2 techs, researching Masonry (15/22)
    Thebes: size=1, prod=Archers (10sh), bldgs=Palace
    Units: 1x Warriors, 1x Settlers, 1x Horsemen
  [Civ 1] Romans turn: 4 actions — MOVE_UNIT(1), UNIT_ORDER(3)
    END_TURN REJECTED: 2 units still need orders
      #7 Warriors(Atk) @(36,38) mv=3 ord=none hp=full
      #12 Horsemen(Atk) @(36,38) mv=6 ord=none hp=full

══════════════════════════════════════════════════════════════════════
  TURN 7 — 3880 B.C. (8ms)
══════════════════════════════════════════════════════════════════════
  [Civ 1] Romans (despotism): 1 cities, 2 units, 7g, 3 techs, researching Alphabet (21/39)
    Rome: size=1, prod=Archers (4sh), bldgs=Palace
    Units: 2x Warriors
  [Civ 2] Babylonians (despotism): 1 cities, 2 units, 0g, 3 techs, researching Code of Laws (12/39)
    Babylon: size=1, prod=Archers (12sh), bldgs=Palace
    Units: 1x Warriors, 1x Settlers
  [Civ 3] Germans (despotism): 1 cities, 2 units, 0g, 2 techs, researching Ceremonial Burial (12/22)
    Berlin: size=1, prod=Archers (12sh), bldgs=Palace
    Units: 1x Warriors, 1x Settlers
  [Civ 4] Egyptians (despotism): 1 cities, 3 units, 6g, 2 techs, researching Masonry (18/22)
    Thebes: size=1, prod=Archers (12sh), bldgs=Palace
    Units: 1x Warriors, 1x Settlers, 1x Horsemen
  [Civ 1] Romans turn: 2 actions — MOVE_UNIT(1), UNIT_ORDER(1)
    END_TURN REJECTED: 2 units still need orders
      #7 Warriors(Atk) @(36,38) mv=3 ord=none hp=full
      #12 Horsemen(Atk) @(36,38) mv=6 ord=none hp=full

══════════════════════════════════════════════════════════════════════
  TURN 8 — 3860 B.C. (5ms)
══════════════════════════════════════════════════════════════════════
  [Civ 1] Romans (despotism): 1 cities, 2 units, 8g, 3 techs, researching Alphabet (24/39)
    Rome: size=1, prod=Archers (6sh), bldgs=Palace
    Units: 2x Warriors
  [Civ 2] Babylonians (despotism): 1 cities, 2 units, 0g, 3 techs, researching Code of Laws (14/39)
    Babylon: size=1, prod=Archers (14sh), bldgs=Palace
    Units: 1x Warriors, 1x Settlers
  [Civ 3] Germans (despotism): 1 cities, 2 units, 0g, 2 techs, researching Ceremonial Burial (14/22)
    Berlin: size=1, prod=Archers (14sh), bldgs=Palace
    Units: 1x Warriors, 1x Settlers
  [Civ 4] Egyptians (despotism): 1 cities, 3 units, 7g, 2 techs, researching Masonry (21/22)
    Thebes: size=1, prod=Archers (14sh), bldgs=Palace
    Units: 1x Warriors, 1x Settlers, 1x Horsemen
  [Civ 1] Romans turn: 2 actions — MOVE_UNIT(1), UNIT_ORDER(1)
    >>> Egyptians discovered: Masonry
    SET_RESEARCH tech=Alphabet
    END_TURN REJECTED: 2 units still need orders
      #7 Warriors(Atk) @(36,38) mv=3 ord=none hp=full
      #12 Horsemen(Atk) @(36,38) mv=6 ord=none hp=full

══════════════════════════════════════════════════════════════════════
  TURN 9 — 3840 B.C. (5ms)
══════════════════════════════════════════════════════════════════════
  [Civ 1] Romans (despotism): 1 cities, 2 units, 9g, 3 techs, researching Alphabet (27/39)
    Rome: size=1, prod=Archers (8sh), bldgs=Palace
    Units: 2x Warriors
  [Civ 2] Babylonians (despotism): 1 cities, 2 units, 0g, 3 techs, researching Code of Laws (16/39)
    Babylon: size=1, prod=Archers (16sh), bldgs=Palace
    Units: 1x Warriors, 1x Settlers
  [Civ 3] Germans (despotism): 1 cities, 2 units, 0g, 2 techs, researching Ceremonial Burial (16/22)
    Berlin: size=1, prod=Archers (16sh), bldgs=Palace
    Units: 1x Warriors, 1x Settlers
  [Civ 4] Egyptians (despotism): 1 cities, 3 units, 7g, 3 techs, researching Alphabet (0/39)
    Thebes: size=1, prod=Archers (16sh), bldgs=Palace
    Units: 1x Warriors, 1x Settlers, 1x Horsemen
  [Civ 1] Romans turn: 2 actions — MOVE_UNIT(1), UNIT_ORDER(1)
    END_TURN REJECTED: 2 units still need orders
      #7 Warriors(Atk) @(36,38) mv=3 ord=none hp=full
      #12 Horsemen(Atk) @(36,38) mv=6 ord=none hp=full

══════════════════════════════════════════════════════════════════════
  TURN 10 — 3820 B.C. (6ms)
══════════════════════════════════════════════════════════════════════
  [Civ 1] Romans (despotism): 1 cities, 2 units, 11g, 3 techs, researching Alphabet (30/39)
    Rome: size=2, prod=Archers (11sh), bldgs=Palace
    Units: 2x Warriors
  [Civ 2] Babylonians (despotism): 1 cities, 2 units, 0g, 3 techs, researching Code of Laws (18/39)
    Babylon: size=1, prod=Archers (18sh), bldgs=Palace
    Units: 1x Warriors, 1x Settlers
  [Civ 3] Germans (despotism): 1 cities, 2 units, 0g, 2 techs, researching Ceremonial Burial (18/22)
    Berlin: size=1, prod=Archers (18sh), bldgs=Palace
    Units: 1x Warriors, 1x Settlers
  [Civ 4] Egyptians (despotism): 1 cities, 3 units, 8g, 3 techs, researching Alphabet (3/39)
    Thebes: size=1, prod=Archers (18sh), bldgs=Palace
    Units: 1x Warriors, 1x Settlers, 1x Horsemen
  [Civ 1] Romans turn: 2 actions — MOVE_UNIT(1), UNIT_ORDER(1)
    >>> Babylon grew to size 2
    >>> Thebes grew to size 2
    END_TURN REJECTED: 2 units still need orders
      #7 Warriors(Atk) @(36,38) mv=3 ord=none hp=full
      #12 Horsemen(Atk) @(36,38) mv=6 ord=none hp=full

══════════════════════════════════════════════════════════════════════
  TURN 11 — 3800 B.C. (10ms)
══════════════════════════════════════════════════════════════════════
  [Civ 1] Romans (despotism): 1 cities, 2 units, 13g, 3 techs, researching Alphabet (33/39)
    Rome: size=2, prod=Archers (14sh), bldgs=Palace
    Units: 2x Warriors
  [Civ 2] Babylonians (despotism): 1 cities, 2 units, 0g, 3 techs, researching Code of Laws (20/39)
    Babylon: size=2, prod=Archers (21sh), bldgs=Palace
    Units: 1x Warriors, 1x Settlers
  [Civ 3] Germans (despotism): 1 cities, 2 units, 0g, 2 techs, researching Ceremonial Burial (20/22)
    Berlin: size=1, prod=Archers (20sh), bldgs=Palace
    Units: 1x Warriors, 1x Settlers
  [Civ 4] Egyptians (despotism): 1 cities, 3 units, 10g, 3 techs, researching Alphabet (6/39)
    Thebes: size=2, prod=Archers (21sh), bldgs=Palace
    Units: 1x Warriors, 1x Settlers, 1x Horsemen
  [Civ 1] Romans turn: 2 actions — MOVE_UNIT(1), UNIT_ORDER(1)
    >>> Germans discovered: Ceremonial Burial
    SET_RESEARCH tech=Alphabet
    END_TURN REJECTED: 2 units still need orders
      #7 Warriors(Atk) @(36,38) mv=3 ord=none hp=full
      #12 Horsemen(Atk) @(36,38) mv=6 ord=none hp=full

══════════════════════════════════════════════════════════════════════
  TURN 12 — 3780 B.C. (5ms)
══════════════════════════════════════════════════════════════════════
  [Civ 1] Romans (despotism): 1 cities, 2 units, 15g, 3 techs, researching Alphabet (36/39)
    Rome: size=2, prod=Archers (17sh), bldgs=Palace
    Units: 2x Warriors
  [Civ 2] Babylonians (despotism): 1 cities, 2 units, 0g, 3 techs, researching Code of Laws (22/39)
    Babylon: size=2, prod=Archers (24sh), bldgs=Palace
    Units: 1x Warriors, 1x Settlers
  [Civ 3] Germans (despotism): 1 cities, 2 units, 0g, 3 techs, researching Alphabet (0/39)
    Berlin: size=1, prod=Archers (22sh), bldgs=Palace
    Units: 1x Warriors, 1x Settlers
  [Civ 4] Egyptians (despotism): 1 cities, 3 units, 12g, 3 techs, researching Alphabet (9/39)
    Thebes: size=2, prod=Archers (24sh), bldgs=Palace
    Units: 1x Warriors, 1x Settlers, 1x Horsemen
  [Civ 1] Romans turn: 2 actions — MOVE_UNIT(1), UNIT_ORDER(1)
    END_TURN REJECTED: 2 units still need orders
      #7 Warriors(Atk) @(36,38) mv=3 ord=none hp=full
      #12 Horsemen(Atk) @(36,38) mv=6 ord=none hp=full

══════════════════════════════════════════════════════════════════════
  TURN 13 — 3760 B.C. (5ms)
══════════════════════════════════════════════════════════════════════
  [Civ 1] Romans (despotism): 1 cities, 2 units, 15g, 4 techs, researching none (0/52)
    Rome: size=2, prod=Archers (20sh), bldgs=Palace
    Units: 2x Warriors
  [Civ 2] Babylonians (despotism): 1 cities, 2 units, 0g, 3 techs, researching Code of Laws (24/36)
    Babylon: size=2, prod=Archers (27sh), bldgs=Palace
    Units: 1x Warriors, 1x Settlers
  [Civ 3] Germans (despotism): 1 cities, 2 units, 0g, 3 techs, researching Alphabet (2/36)
    Berlin: size=1, prod=Archers (24sh), bldgs=Palace
    Units: 1x Warriors, 1x Settlers
  [Civ 4] Egyptians (despotism): 1 cities, 3 units, 14g, 3 techs, researching Alphabet (12/36)
    Thebes: size=2, prod=Archers (27sh), bldgs=Palace
    Units: 1x Warriors, 1x Settlers, 1x Horsemen
  [Civ 1] Romans turn: 3 actions — SET_RESEARCH(1), MOVE_UNIT(1), UNIT_ORDER(1)
    SET_RESEARCH tech=Iron Working
    >>> Babylon built Archers
    END_TURN REJECTED: 1 units still need orders
      #3 Warriors(Atk) @(9,26) mv=3 ord=none hp=full
    >>> Thebes built Archers
    END_TURN REJECTED: 2 units still need orders
      #7 Warriors(Atk) @(36,38) mv=3 ord=none hp=full
      #12 Horsemen(Atk) @(36,38) mv=6 ord=none hp=full

══════════════════════════════════════════════════════════════════════
  TURN 14 — 3740 B.C. (4ms)
══════════════════════════════════════════════════════════════════════
  [Civ 1] Romans (despotism): 1 cities, 2 units, 17g, 4 techs, researching Iron Working (3/52)
    Rome: size=2, prod=Archers (23sh), bldgs=Palace
    Units: 2x Warriors
  [Civ 2] Babylonians (despotism): 1 cities, 3 units, 0g, 3 techs, researching Code of Laws (26/36)
    Babylon: size=2, prod=Archers (0sh), bldgs=Palace
    Units: 1x Warriors, 1x Settlers, 1x Archers
  [Civ 3] Germans (despotism): 1 cities, 2 units, 0g, 3 techs, researching Alphabet (4/36)
    Berlin: size=1, prod=Archers (26sh), bldgs=Palace
    Units: 1x Warriors, 1x Settlers
  [Civ 4] Egyptians (despotism): 1 cities, 4 units, 16g, 3 techs, researching Alphabet (15/36)
    Thebes: size=2, prod=Archers (0sh), bldgs=Palace
    Units: 1x Warriors, 1x Settlers, 1x Horsemen, 1x Archers
  [Civ 1] Romans turn: 2 actions — MOVE_UNIT(1), UNIT_ORDER(1)
    END_TURN REJECTED: 2 units still need orders
      #3 Warriors(Atk) @(9,26) mv=3 ord=none hp=full
      #13 Archers(Atk) @(6,8) mv=3 ord=none hp=full
    SET_RESEARCH tech=Map Making
    SET_RESEARCH tech=Map Making
    END_TURN REJECTED: 3 units still need orders
      #7 Warriors(Atk) @(36,38) mv=3 ord=none hp=full
      #12 Horsemen(Atk) @(36,38) mv=6 ord=none hp=full
      #14 Archers(Atk) @(34,46) mv=3 ord=none hp=full

══════════════════════════════════════════════════════════════════════
  TURN 15 — 3720 B.C. (4ms)
══════════════════════════════════════════════════════════════════════
  [Civ 1] Romans (despotism): 1 cities, 2 units, 19g, 4 techs, researching Iron Working (6/52)
    Rome: size=2, prod=Archers (26sh), bldgs=Palace
    Units: 2x Warriors
  [Civ 2] Babylonians (despotism): 1 cities, 3 units, 0g, 3 techs, researching Code of Laws (28/36)
    Babylon: size=2, prod=Archers (3sh), bldgs=Palace
    Units: 1x Warriors, 1x Settlers, 1x Archers
  [Civ 3] Germans (despotism): 1 cities, 2 units, 0g, 4 techs, researching Map Making (6/52)
    Berlin: size=1, prod=Archers (28sh), bldgs=Palace
    Units: 1x Warriors, 1x Settlers
  [Civ 4] Egyptians (despotism): 1 cities, 4 units, 18g, 4 techs, researching Map Making (18/52)
    Thebes: size=2, prod=Archers (3sh), bldgs=Palace
    Units: 1x Warriors, 1x Settlers, 1x Horsemen, 1x Archers
  [Civ 1] Romans turn: 2 actions — MOVE_UNIT(1), UNIT_ORDER(1)
    END_TURN REJECTED: 2 units still need orders
      #3 Warriors(Atk) @(9,26) mv=3 ord=none hp=full
      #13 Archers(Atk) @(6,8) mv=3 ord=none hp=full
    END_TURN REJECTED: 1 units still need orders
      #5 Warriors(Atk) @(6,19) mv=3 ord=none hp=full
    END_TURN REJECTED: 3 units still need orders
      #7 Warriors(Atk) @(36,38) mv=3 ord=none hp=full
      #12 Horsemen(Atk) @(36,38) mv=6 ord=none hp=full
      #14 Archers(Atk) @(34,46) mv=3 ord=none hp=full

══════════════════════════════════════════════════════════════════════
  TURN 16 — 3700 B.C. (5ms)
══════════════════════════════════════════════════════════════════════
  [Civ 1] Romans (despotism): 1 cities, 2 units, 21g, 4 techs, researching Iron Working (9/52)
    Rome: size=2, prod=Archers (29sh), bldgs=Palace
    Units: 2x Warriors
  [Civ 2] Babylonians (despotism): 1 cities, 3 units, 0g, 3 techs, researching Code of Laws (30/36)
    Babylon: size=2, prod=Archers (6sh), bldgs=Palace
    Units: 1x Warriors, 1x Settlers, 1x Archers
  [Civ 3] Germans (despotism): 1 cities, 3 units, 0g, 4 techs, researching Map Making (8/52)
    Berlin: size=1, prod=Archers (0sh), bldgs=Palace
    Units: 1x Warriors, 1x Settlers, 1x Archers
  [Civ 4] Egyptians (despotism): 1 cities, 4 units, 20g, 4 techs, researching Map Making (21/52)
    Thebes: size=2, prod=Archers (6sh), bldgs=Palace
    Units: 1x Warriors, 1x Settlers, 1x Horsemen, 1x Archers
  [Civ 1] Romans turn: 2 actions — MOVE_UNIT(1), UNIT_ORDER(1)
    END_TURN REJECTED: 2 units still need orders
      #3 Warriors(Atk) @(9,26) mv=3 ord=none hp=full
      #13 Archers(Atk) @(6,8) mv=3 ord=none hp=full
    END_TURN REJECTED: 2 units still need orders
      #5 Warriors(Atk) @(6,19) mv=3 ord=none hp=full
      #15 Archers(Atk) @(9,39) mv=3 ord=none hp=full
    END_TURN REJECTED: 3 units still need orders
      #7 Warriors(Atk) @(36,38) mv=3 ord=none hp=full
      #12 Horsemen(Atk) @(36,38) mv=6 ord=none hp=full
      #14 Archers(Atk) @(34,46) mv=3 ord=none hp=full

══════════════════════════════════════════════════════════════════════
  TURN 17 — 3680 B.C. (5ms)
══════════════════════════════════════════════════════════════════════
  [Civ 1] Romans (despotism): 1 cities, 3 units, 23g, 4 techs, researching Iron Working (12/52)
    Rome: size=2, prod=Archers (2sh), bldgs=Palace
    Units: 2x Warriors, 1x Archers
  [Civ 2] Babylonians (despotism): 1 cities, 3 units, 0g, 3 techs, researching Code of Laws (32/36)
    Babylon: size=2, prod=Archers (9sh), bldgs=Palace
    Units: 1x Warriors, 1x Settlers, 1x Archers
  [Civ 3] Germans (despotism): 1 cities, 3 units, 0g, 4 techs, researching Map Making (10/52)
    Berlin: size=1, prod=Archers (2sh), bldgs=Palace
    Units: 1x Warriors, 1x Settlers, 1x Archers
  [Civ 4] Egyptians (despotism): 1 cities, 4 units, 22g, 4 techs, researching Map Making (24/52)
    Thebes: size=2, prod=Archers (9sh), bldgs=Palace
    Units: 1x Warriors, 1x Settlers, 1x Horsemen, 1x Archers
  [Civ 1] Romans turn: 0 actions — idle
    END_TURN REJECTED: 1 units still need orders
      #1 Warriors(Atk) @(10,74) mv=3 ord=none hp=full
    END_TURN REJECTED: 2 units still need orders
      #3 Warriors(Atk) @(9,26) mv=3 ord=none hp=full
      #13 Archers(Atk) @(6,8) mv=3 ord=none hp=full
    END_TURN REJECTED: 2 units still need orders
      #5 Warriors(Atk) @(6,19) mv=3 ord=none hp=full
      #15 Archers(Atk) @(9,39) mv=3 ord=none hp=full
    END_TURN REJECTED: 3 units still need orders
      #7 Warriors(Atk) @(36,38) mv=3 ord=none hp=full
      #12 Horsemen(Atk) @(36,38) mv=6 ord=none hp=full
      #14 Archers(Atk) @(34,46) mv=3 ord=none hp=full

══════════════════════════════════════════════════════════════════════
  TURN 18 — 3660 B.C. (4ms)
══════════════════════════════════════════════════════════════════════
  [Civ 1] Romans (despotism): 1 cities, 3 units, 25g, 4 techs, researching Iron Working (15/52)
    Rome: size=2, prod=Archers (5sh), bldgs=Palace
    Units: 2x Warriors, 1x Archers
  [Civ 2] Babylonians (despotism): 1 cities, 3 units, 0g, 3 techs, researching Code of Laws (34/36)
    Babylon: size=2, prod=Archers (12sh), bldgs=Palace
    Units: 1x Warriors, 1x Settlers, 1x Archers
  [Civ 3] Germans (despotism): 1 cities, 3 units, 0g, 4 techs, researching Map Making (12/52)
    Berlin: size=1, prod=Archers (4sh), bldgs=Palace
    Units: 1x Warriors, 1x Settlers, 1x Archers
  [Civ 4] Egyptians (despotism): 1 cities, 4 units, 24g, 4 techs, researching Map Making (27/52)
    Thebes: size=2, prod=Archers (12sh), bldgs=Palace
    Units: 1x Warriors, 1x Settlers, 1x Horsemen, 1x Archers
  [Civ 1] Romans turn: 0 actions — idle
    END_TURN REJECTED: 2 units still need orders
      #1 Warriors(Atk) @(10,74) mv=3 ord=none hp=full
      #16 Archers(Atk) @(7,71) mv=3 ord=none hp=full
    SET_RESEARCH tech=Bronze Working
    END_TURN REJECTED: 2 units still need orders
      #3 Warriors(Atk) @(9,26) mv=3 ord=none hp=full
      #13 Archers(Atk) @(6,8) mv=3 ord=none hp=full
    END_TURN REJECTED: 2 units still need orders
      #5 Warriors(Atk) @(6,19) mv=3 ord=none hp=full
      #15 Archers(Atk) @(9,39) mv=3 ord=none hp=full
    END_TURN REJECTED: 3 units still need orders
      #7 Warriors(Atk) @(36,38) mv=3 ord=none hp=full
      #12 Horsemen(Atk) @(36,38) mv=6 ord=none hp=full
      #14 Archers(Atk) @(34,46) mv=3 ord=none hp=full

══════════════════════════════════════════════════════════════════════
  TURN 19 — 3640 B.C. (5ms)
══════════════════════════════════════════════════════════════════════
  [Civ 1] Romans (despotism): 1 cities, 3 units, 27g, 4 techs, researching Iron Working (18/52)
    Rome: size=2, prod=Archers (8sh), bldgs=Palace
    Units: 2x Warriors, 1x Archers
  [Civ 2] Babylonians (despotism): 1 cities, 3 units, 0g, 4 techs, researching Bronze Working (0/52)
    Babylon: size=2, prod=Archers (15sh), bldgs=Palace
    Units: 1x Warriors, 1x Settlers, 1x Archers
  [Civ 3] Germans (despotism): 1 cities, 3 units, 0g, 4 techs, researching Map Making (14/52)
    Berlin: size=1, prod=Archers (6sh), bldgs=Palace
    Units: 1x Warriors, 1x Settlers, 1x Archers
  [Civ 4] Egyptians (despotism): 1 cities, 4 units, 26g, 4 techs, researching Map Making (30/52)
    Thebes: size=2, prod=Archers (15sh), bldgs=Palace
    Units: 1x Warriors, 1x Settlers, 1x Horsemen, 1x Archers
  [Civ 1] Romans turn: 0 actions — idle
    END_TURN REJECTED: 2 units still need orders
      #1 Warriors(Atk) @(10,74) mv=3 ord=none hp=full
      #16 Archers(Atk) @(7,71) mv=3 ord=none hp=full
    END_TURN REJECTED: 2 units still need orders
      #3 Warriors(Atk) @(9,26) mv=3 ord=none hp=full
      #13 Archers(Atk) @(6,8) mv=3 ord=none hp=full
    END_TURN REJECTED: 2 units still need orders
      #5 Warriors(Atk) @(6,19) mv=3 ord=none hp=full
      #15 Archers(Atk) @(9,39) mv=3 ord=none hp=full
    END_TURN REJECTED: 3 units still need orders
      #7 Warriors(Atk) @(36,38) mv=3 ord=none hp=full
      #12 Horsemen(Atk) @(36,38) mv=6 ord=none hp=full
      #14 Archers(Atk) @(34,46) mv=3 ord=none hp=full

══════════════════════════════════════════════════════════════════════
  TURN 20 — 3620 B.C. (4ms)
══════════════════════════════════════════════════════════════════════
  [Civ 1] Romans (despotism): 1 cities, 3 units, 29g, 4 techs, researching Iron Working (21/52)
    Rome: size=2, prod=Archers (11sh), bldgs=Palace
    Units: 2x Warriors, 1x Archers
  [Civ 2] Babylonians (despotism): 1 cities, 3 units, 0g, 4 techs, researching Bronze Working (2/52)
    Babylon: size=2, prod=Archers (18sh), bldgs=Palace
    Units: 1x Warriors, 1x Settlers, 1x Archers
  [Civ 3] Germans (despotism): 1 cities, 3 units, 0g, 4 techs, researching Map Making (16/52)
    Berlin: size=1, prod=Archers (8sh), bldgs=Palace
    Units: 1x Warriors, 1x Settlers, 1x Archers
  [Civ 4] Egyptians (despotism): 1 cities, 4 units, 28g, 4 techs, researching Map Making (33/52)
    Thebes: size=2, prod=Archers (18sh), bldgs=Palace
    Units: 1x Warriors, 1x Settlers, 1x Horsemen, 1x Archers
  [Civ 1] Romans turn: 0 actions — idle
    END_TURN REJECTED: 2 units still need orders
      #1 Warriors(Atk) @(10,74) mv=3 ord=none hp=full
      #16 Archers(Atk) @(7,71) mv=3 ord=none hp=full
    END_TURN REJECTED: 2 units still need orders
      #3 Warriors(Atk) @(9,26) mv=3 ord=none hp=full
      #13 Archers(Atk) @(6,8) mv=3 ord=none hp=full
    END_TURN REJECTED: 2 units still need orders
      #5 Warriors(Atk) @(6,19) mv=3 ord=none hp=full
      #15 Archers(Atk) @(9,39) mv=3 ord=none hp=full
    END_TURN REJECTED: 3 units still need orders
      #7 Warriors(Atk) @(36,38) mv=3 ord=none hp=full
      #12 Horsemen(Atk) @(36,38) mv=6 ord=none hp=full
      #14 Archers(Atk) @(34,46) mv=3 ord=none hp=full

══════════════════════════════════════════════════════════════════════
  TURN 21 — 3600 B.C. (10ms)
══════════════════════════════════════════════════════════════════════
  [Civ 1] Romans (despotism): 1 cities, 3 units, 31g, 4 techs, researching Iron Working (24/52)
    Rome: size=2, prod=Archers (14sh), bldgs=Palace
    Units: 2x Warriors, 1x Archers
  [Civ 2] Babylonians (despotism): 1 cities, 3 units, 0g, 4 techs, researching Bronze Working (4/52)
    Babylon: size=2, prod=Archers (21sh), bldgs=Palace
    Units: 1x Warriors, 1x Settlers, 1x Archers
  [Civ 3] Germans (despotism): 1 cities, 3 units, 1g, 4 techs, researching Map Making (18/52)
    Berlin: size=2, prod=Archers (11sh), bldgs=Palace
    Units: 1x Warriors, 1x Settlers, 1x Archers
  [Civ 4] Egyptians (despotism): 1 cities, 4 units, 30g, 4 techs, researching Map Making (36/52)
    Thebes: size=2, prod=Archers (21sh), bldgs=Palace
    Units: 1x Warriors, 1x Settlers, 1x Horsemen, 1x Archers
  [Civ 1] Romans turn: 0 actions — idle
    END_TURN REJECTED: 2 units still need orders
      #1 Warriors(Atk) @(10,74) mv=3 ord=none hp=full
      #16 Archers(Atk) @(7,71) mv=3 ord=none hp=full
    END_TURN REJECTED: 2 units still need orders
      #3 Warriors(Atk) @(9,26) mv=3 ord=none hp=full
      #13 Archers(Atk) @(6,8) mv=3 ord=none hp=full
    END_TURN REJECTED: 2 units still need orders
      #5 Warriors(Atk) @(6,19) mv=3 ord=none hp=full
      #15 Archers(Atk) @(9,39) mv=3 ord=none hp=full
    END_TURN REJECTED: 3 units still need orders
      #7 Warriors(Atk) @(36,38) mv=3 ord=none hp=full
      #12 Horsemen(Atk) @(36,38) mv=6 ord=none hp=full
      #14 Archers(Atk) @(34,46) mv=3 ord=none hp=full

══════════════════════════════════════════════════════════════════════
  TURN 22 — 3580 B.C. (2ms)
══════════════════════════════════════════════════════════════════════
  [Civ 1] Romans (despotism): 1 cities, 3 units, 33g, 4 techs, researching Iron Working (27/52)
    Rome: size=2, prod=Archers (17sh), bldgs=Palace
    Units: 2x Warriors, 1x Archers
  [Civ 2] Babylonians (despotism): 1 cities, 3 units, 0g, 4 techs, researching Bronze Working (6/52)
    Babylon: size=2, prod=Archers (24sh), bldgs=Palace
    Units: 1x Warriors, 1x Settlers, 1x Archers
  [Civ 3] Germans (despotism): 1 cities, 3 units, 2g, 4 techs, researching Map Making (20/52)
    Berlin: size=2, prod=Archers (14sh), bldgs=Palace
    Units: 1x Warriors, 1x Settlers, 1x Archers
  [Civ 4] Egyptians (despotism): 1 cities, 4 units, 32g, 4 techs, researching Map Making (39/52)
    Thebes: size=2, prod=Archers (24sh), bldgs=Palace
    Units: 1x Warriors, 1x Settlers, 1x Horsemen, 1x Archers
  [Civ 1] Romans turn: 0 actions — idle
    END_TURN REJECTED: 2 units still need orders
      #1 Warriors(Atk) @(10,74) mv=3 ord=none hp=full
      #16 Archers(Atk) @(7,71) mv=3 ord=none hp=full
    END_TURN REJECTED: 2 units still need orders
      #3 Warriors(Atk) @(9,26) mv=3 ord=none hp=full
      #13 Archers(Atk) @(6,8) mv=3 ord=none hp=full
    END_TURN REJECTED: 2 units still need orders
      #5 Warriors(Atk) @(6,19) mv=3 ord=none hp=full
      #15 Archers(Atk) @(9,39) mv=3 ord=none hp=full
    END_TURN REJECTED: 3 units still need orders
      #7 Warriors(Atk) @(36,38) mv=3 ord=none hp=full
      #12 Horsemen(Atk) @(36,38) mv=6 ord=none hp=full
      #14 Archers(Atk) @(34,46) mv=3 ord=none hp=full

══════════════════════════════════════════════════════════════════════
  TURN 23 — 3560 B.C. (4ms)
══════════════════════════════════════════════════════════════════════
  [Civ 1] Romans (despotism): 1 cities, 3 units, 35g, 4 techs, researching Iron Working (30/52)
    Rome: size=2, prod=Archers (20sh), bldgs=Palace
    Units: 2x Warriors, 1x Archers
  [Civ 2] Babylonians (despotism): 1 cities, 3 units, 0g, 4 techs, researching Bronze Working (8/52)
    Babylon: size=2, prod=Archers (27sh), bldgs=Palace
    Units: 1x Warriors, 1x Settlers, 1x Archers
  [Civ 3] Germans (despotism): 1 cities, 3 units, 3g, 4 techs, researching Map Making (22/52)
    Berlin: size=2, prod=Archers (17sh), bldgs=Palace
    Units: 1x Warriors, 1x Settlers, 1x Archers
  [Civ 4] Egyptians (despotism): 1 cities, 4 units, 34g, 4 techs, researching Map Making (42/52)
    Thebes: size=2, prod=Archers (27sh), bldgs=Palace
    Units: 1x Warriors, 1x Settlers, 1x Horsemen, 1x Archers
  [Civ 1] Romans turn: 0 actions — idle
    END_TURN REJECTED: 2 units still need orders
      #1 Warriors(Atk) @(10,74) mv=3 ord=none hp=full
      #16 Archers(Atk) @(7,71) mv=3 ord=none hp=full
    END_TURN REJECTED: 2 units still need orders
      #3 Warriors(Atk) @(9,26) mv=3 ord=none hp=full
      #13 Archers(Atk) @(6,8) mv=3 ord=none hp=full
    END_TURN REJECTED: 2 units still need orders
      #5 Warriors(Atk) @(6,19) mv=3 ord=none hp=full
      #15 Archers(Atk) @(9,39) mv=3 ord=none hp=full
    END_TURN REJECTED: 3 units still need orders
      #7 Warriors(Atk) @(36,38) mv=3 ord=none hp=full
      #12 Horsemen(Atk) @(36,38) mv=6 ord=none hp=full
      #14 Archers(Atk) @(34,46) mv=3 ord=none hp=full

══════════════════════════════════════════════════════════════════════
  TURN 24 — 3540 B.C. (3ms)
══════════════════════════════════════════════════════════════════════
  [Civ 1] Romans (despotism): 1 cities, 3 units, 37g, 4 techs, researching Iron Working (33/52)
    Rome: size=2, prod=Archers (23sh), bldgs=Palace
    Units: 2x Warriors, 1x Archers
  [Civ 2] Babylonians (despotism): 1 cities, 4 units, 0g, 4 techs, researching Bronze Working (10/52)
    Babylon: size=2, prod=Archers (0sh), bldgs=Palace
    Units: 1x Warriors, 1x Settlers, 2x Archers
  [Civ 3] Germans (despotism): 1 cities, 3 units, 4g, 4 techs, researching Map Making (24/52)
    Berlin: size=2, prod=Archers (20sh), bldgs=Palace
    Units: 1x Warriors, 1x Settlers, 1x Archers
  [Civ 4] Egyptians (despotism): 1 cities, 5 units, 36g, 4 techs, researching Map Making (45/52)
    Thebes: size=2, prod=Archers (0sh), bldgs=Palace
    Units: 1x Warriors, 1x Settlers, 1x Horsemen, 2x Archers
  [Civ 1] Romans turn: 0 actions — idle
    END_TURN REJECTED: 2 units still need orders
      #1 Warriors(Atk) @(10,74) mv=3 ord=none hp=full
      #16 Archers(Atk) @(7,71) mv=3 ord=none hp=full
    END_TURN REJECTED: 3 units still need orders
      #3 Warriors(Atk) @(9,26) mv=3 ord=none hp=full
      #13 Archers(Atk) @(6,8) mv=3 ord=none hp=full
      #17 Archers(Atk) @(6,8) mv=3 ord=none hp=full
    END_TURN REJECTED: 2 units still need orders
      #5 Warriors(Atk) @(6,19) mv=3 ord=none hp=full
      #15 Archers(Atk) @(9,39) mv=3 ord=none hp=full
    END_TURN REJECTED: 4 units still need orders
      #7 Warriors(Atk) @(36,38) mv=3 ord=none hp=full
      #12 Horsemen(Atk) @(36,38) mv=6 ord=none hp=full
      #14 Archers(Atk) @(34,46) mv=3 ord=none hp=full
      #18 Archers(Atk) @(34,46) mv=3 ord=none hp=full

══════════════════════════════════════════════════════════════════════
  TURN 25 — 3520 B.C. (2ms)
══════════════════════════════════════════════════════════════════════
  [Civ 1] Romans (despotism): 1 cities, 3 units, 39g, 4 techs, researching Iron Working (37/52)
    Rome: size=3, prod=Archers (27sh), bldgs=Palace
    Units: 2x Warriors, 1x Archers
  [Civ 2] Babylonians (despotism): 1 cities, 4 units, 0g, 4 techs, researching Bronze Working (12/52)
    Babylon: size=2, prod=Archers (3sh), bldgs=Palace
    Units: 1x Warriors, 1x Settlers, 2x Archers
  [Civ 3] Germans (despotism): 1 cities, 3 units, 5g, 4 techs, researching Map Making (26/52)
    Berlin: size=2, prod=Archers (23sh), bldgs=Palace
    Units: 1x Warriors, 1x Settlers, 1x Archers
  [Civ 4] Egyptians (despotism): 1 cities, 5 units, 38g, 4 techs, researching Map Making (48/52)
    Thebes: size=2, prod=Archers (3sh), bldgs=Palace
    Units: 1x Warriors, 1x Settlers, 1x Horsemen, 2x Archers
  [Civ 1] Romans turn: 0 actions — idle
    END_TURN REJECTED: 2 units still need orders
      #1 Warriors(Atk) @(10,74) mv=3 ord=none hp=full
      #16 Archers(Atk) @(7,71) mv=3 ord=none hp=full
    END_TURN REJECTED: 3 units still need orders
      #3 Warriors(Atk) @(9,26) mv=3 ord=none hp=full
      #13 Archers(Atk) @(6,8) mv=3 ord=none hp=full
      #17 Archers(Atk) @(6,8) mv=3 ord=none hp=full
    END_TURN REJECTED: 2 units still need orders
      #5 Warriors(Atk) @(6,19) mv=3 ord=none hp=full
      #15 Archers(Atk) @(9,39) mv=3 ord=none hp=full
    SET_RESEARCH tech=Writing
    END_TURN REJECTED: 4 units still need orders
      #7 Warriors(Atk) @(36,38) mv=3 ord=none hp=full
      #12 Horsemen(Atk) @(36,38) mv=6 ord=none hp=full
      #14 Archers(Atk) @(34,46) mv=3 ord=none hp=full
      #18 Archers(Atk) @(34,46) mv=3 ord=none hp=full

══════════════════════════════════════════════════════════════════════
  TURN 26 — 3500 B.C. (3ms)
══════════════════════════════════════════════════════════════════════
  [Civ 1] Romans (despotism): 1 cities, 4 units, 41g, 4 techs, researching Iron Working (41/48)
    Rome: size=3, prod=Archers (1sh), bldgs=Palace
    Units: 2x Warriors, 2x Archers
  [Civ 2] Babylonians (despotism): 1 cities, 4 units, 0g, 4 techs, researching Bronze Working (15/48)
    Babylon: size=3, prod=Archers (8sh), bldgs=Palace
    Units: 1x Warriors, 1x Settlers, 2x Archers
  [Civ 3] Germans (despotism): 1 cities, 3 units, 6g, 4 techs, researching Map Making (28/48)
    Berlin: size=2, prod=Archers (26sh), bldgs=Palace
    Units: 1x Warriors, 1x Settlers, 1x Archers
  [Civ 4] Egyptians (despotism): 1 cities, 5 units, 38g, 5 techs, researching Writing (0/70)
    Thebes: size=3, prod=Archers (7sh), bldgs=Palace
    Units: 1x Warriors, 1x Settlers, 1x Horsemen, 2x Archers
  [Civ 1] Romans turn: 0 actions — idle
    END_TURN REJECTED: 2 units still need orders
      #1 Warriors(Atk) @(10,74) mv=3 ord=none hp=full
      #16 Archers(Atk) @(7,71) mv=3 ord=none hp=full
    END_TURN REJECTED: 3 units still need orders
      #3 Warriors(Atk) @(9,26) mv=3 ord=none hp=full
      #13 Archers(Atk) @(6,8) mv=3 ord=none hp=full
      #17 Archers(Atk) @(6,8) mv=3 ord=none hp=full
    END_TURN REJECTED: 2 units still need orders
      #5 Warriors(Atk) @(6,19) mv=3 ord=none hp=full
      #15 Archers(Atk) @(9,39) mv=3 ord=none hp=full
    END_TURN REJECTED: 4 units still need orders
      #7 Warriors(Atk) @(36,38) mv=3 ord=none hp=full
      #12 Horsemen(Atk) @(36,38) mv=6 ord=none hp=full
      #14 Archers(Atk) @(34,46) mv=3 ord=none hp=full
      #18 Archers(Atk) @(34,46) mv=3 ord=none hp=full

══════════════════════════════════════════════════════════════════════
  TURN 27 — 3480 B.C. (4ms)
══════════════════════════════════════════════════════════════════════
  [Civ 1] Romans (despotism): 1 cities, 4 units, 43g, 4 techs, researching Iron Working (45/48)
    Rome: size=3, prod=Archers (5sh), bldgs=Palace
    Units: 2x Warriors, 2x Archers
  [Civ 2] Babylonians (despotism): 1 cities, 4 units, 0g, 4 techs, researching Bronze Working (18/48)
    Babylon: size=3, prod=Archers (13sh), bldgs=Palace
    Units: 1x Warriors, 1x Settlers, 2x Archers
  [Civ 3] Germans (despotism): 1 cities, 3 units, 7g, 4 techs, researching Map Making (30/48)
    Berlin: size=2, prod=Archers (29sh), bldgs=Palace
    Units: 1x Warriors, 1x Settlers, 1x Archers
  [Civ 4] Egyptians (despotism): 1 cities, 5 units, 40g, 5 techs, researching Writing (4/70)
    Thebes: size=3, prod=Archers (11sh), bldgs=Palace
    Units: 1x Warriors, 1x Settlers, 1x Horsemen, 2x Archers
  [Civ 1] Romans turn: 0 actions — idle
    END_TURN REJECTED: 3 units still need orders
      #1 Warriors(Atk) @(10,74) mv=3 ord=none hp=full
      #16 Archers(Atk) @(7,71) mv=3 ord=none hp=full
      #19 Archers(Atk) @(7,71) mv=3 ord=none hp=full
    END_TURN REJECTED: 3 units still need orders
      #3 Warriors(Atk) @(9,26) mv=3 ord=none hp=full
      #13 Archers(Atk) @(6,8) mv=3 ord=none hp=full
      #17 Archers(Atk) @(6,8) mv=3 ord=none hp=full
    END_TURN REJECTED: 2 units still need orders
      #5 Warriors(Atk) @(6,19) mv=3 ord=none hp=full
      #15 Archers(Atk) @(9,39) mv=3 ord=none hp=full
    END_TURN REJECTED: 4 units still need orders
      #7 Warriors(Atk) @(36,38) mv=3 ord=none hp=full
      #12 Horsemen(Atk) @(36,38) mv=6 ord=none hp=full
      #14 Archers(Atk) @(34,46) mv=3 ord=none hp=full
      #18 Archers(Atk) @(34,46) mv=3 ord=none hp=full

══════════════════════════════════════════════════════════════════════
  TURN 28 — 3460 B.C. (3ms)
══════════════════════════════════════════════════════════════════════
  [Civ 1] Romans (despotism): 1 cities, 4 units, 43g, 5 techs, researching none (0/70)
    Rome: size=3, prod=Archers (9sh), bldgs=Palace
    Units: 2x Warriors, 2x Archers
  [Civ 2] Babylonians (despotism): 1 cities, 4 units, 0g, 4 techs, researching Bronze Working (21/48)
    Babylon: size=3, prod=Archers (18sh), bldgs=Palace
    Units: 1x Warriors, 1x Settlers, 2x Archers
  [Civ 3] Germans (despotism): 1 cities, 4 units, 8g, 4 techs, researching Map Making (32/48)
    Berlin: size=2, prod=Archers (2sh), bldgs=Palace
    Units: 1x Warriors, 1x Settlers, 2x Archers
  [Civ 4] Egyptians (despotism): 1 cities, 5 units, 42g, 5 techs, researching Writing (8/70)
    Thebes: size=3, prod=Archers (15sh), bldgs=Palace
    Units: 1x Warriors, 1x Settlers, 1x Horsemen, 2x Archers
  [Civ 1] Romans turn: 1 actions — SET_RESEARCH(1)
    SET_RESEARCH tech=Map Making
    END_TURN REJECTED: 3 units still need orders
      #1 Warriors(Atk) @(10,74) mv=3 ord=none hp=full
      #16 Archers(Atk) @(7,71) mv=3 ord=none hp=full
      #19 Archers(Atk) @(7,71) mv=3 ord=none hp=full
    END_TURN REJECTED: 3 units still need orders
      #3 Warriors(Atk) @(9,26) mv=3 ord=none hp=full
      #13 Archers(Atk) @(6,8) mv=3 ord=none hp=full
      #17 Archers(Atk) @(6,8) mv=3 ord=none hp=full
    END_TURN REJECTED: 3 units still need orders
      #5 Warriors(Atk) @(6,19) mv=3 ord=none hp=full
      #15 Archers(Atk) @(9,39) mv=3 ord=none hp=full
      #20 Archers(Atk) @(9,39) mv=3 ord=none hp=full
    END_TURN REJECTED: 4 units still need orders
      #7 Warriors(Atk) @(36,38) mv=3 ord=none hp=full
      #12 Horsemen(Atk) @(36,38) mv=6 ord=none hp=full
      #14 Archers(Atk) @(34,46) mv=3 ord=none hp=full
      #18 Archers(Atk) @(34,46) mv=3 ord=none hp=full

══════════════════════════════════════════════════════════════════════
  TURN 29 — 3440 B.C. (4ms)
══════════════════════════════════════════════════════════════════════
  [Civ 1] Romans (despotism): 1 cities, 4 units, 45g, 5 techs, researching Map Making (4/70)
    Rome: size=3, prod=Archers (13sh), bldgs=Palace
    Units: 2x Warriors, 2x Archers
  [Civ 2] Babylonians (despotism): 1 cities, 4 units, 0g, 4 techs, researching Bronze Working (24/48)
    Babylon: size=3, prod=Archers (23sh), bldgs=Palace
    Units: 1x Warriors, 1x Settlers, 2x Archers
  [Civ 3] Germans (despotism): 1 cities, 4 units, 9g, 4 techs, researching Map Making (34/48)
    Berlin: size=2, prod=Archers (5sh), bldgs=Palace
    Units: 1x Warriors, 1x Settlers, 2x Archers
  [Civ 4] Egyptians (despotism): 1 cities, 5 units, 44g, 5 techs, researching Writing (12/70)
    Thebes: size=3, prod=Archers (19sh), bldgs=Palace
    Units: 1x Warriors, 1x Settlers, 1x Horsemen, 2x Archers
  [Civ 1] Romans turn: 0 actions — idle
    END_TURN REJECTED: 3 units still need orders
      #1 Warriors(Atk) @(10,74) mv=3 ord=none hp=full
      #16 Archers(Atk) @(7,71) mv=3 ord=none hp=full
      #19 Archers(Atk) @(7,71) mv=3 ord=none hp=full
    END_TURN REJECTED: 3 units still need orders
      #3 Warriors(Atk) @(9,26) mv=3 ord=none hp=full
      #13 Archers(Atk) @(6,8) mv=3 ord=none hp=full
      #17 Archers(Atk) @(6,8) mv=3 ord=none hp=full
    END_TURN REJECTED: 3 units still need orders
      #5 Warriors(Atk) @(6,19) mv=3 ord=none hp=full
      #15 Archers(Atk) @(9,39) mv=3 ord=none hp=full
      #20 Archers(Atk) @(9,39) mv=3 ord=none hp=full
    END_TURN REJECTED: 4 units still need orders
      #7 Warriors(Atk) @(36,38) mv=3 ord=none hp=full
      #12 Horsemen(Atk) @(36,38) mv=6 ord=none hp=full
      #14 Archers(Atk) @(34,46) mv=3 ord=none hp=full
      #18 Archers(Atk) @(34,46) mv=3 ord=none hp=full

══════════════════════════════════════════════════════════════════════
  TURN 30 — 3420 B.C. (3ms)
══════════════════════════════════════════════════════════════════════
  [Civ 1] Romans (despotism): 1 cities, 4 units, 47g, 5 techs, researching Map Making (8/70)
    Rome: size=3, prod=Archers (17sh), bldgs=Palace
    Units: 2x Warriors, 2x Archers
  [Civ 2] Babylonians (despotism): 1 cities, 4 units, 0g, 4 techs, researching Bronze Working (27/48)
    Babylon: size=3, prod=Archers (28sh), bldgs=Palace
    Units: 1x Warriors, 1x Settlers, 2x Archers
  [Civ 3] Germans (despotism): 1 cities, 4 units, 10g, 4 techs, researching Map Making (36/48)
    Berlin: size=2, prod=Archers (8sh), bldgs=Palace
    Units: 1x Warriors, 1x Settlers, 2x Archers
  [Civ 4] Egyptians (despotism): 1 cities, 5 units, 46g, 5 techs, researching Writing (16/70)
    Thebes: size=3, prod=Archers (23sh), bldgs=Palace
    Units: 1x Warriors, 1x Settlers, 1x Horsemen, 2x Archers
  [Civ 1] Romans turn: 0 actions — idle
    END_TURN REJECTED: 3 units still need orders
      #1 Warriors(Atk) @(10,74) mv=3 ord=none hp=full
      #16 Archers(Atk) @(7,71) mv=3 ord=none hp=full
      #19 Archers(Atk) @(7,71) mv=3 ord=none hp=full
    END_TURN REJECTED: 3 units still need orders
      #3 Warriors(Atk) @(9,26) mv=3 ord=none hp=full
      #13 Archers(Atk) @(6,8) mv=3 ord=none hp=full
      #17 Archers(Atk) @(6,8) mv=3 ord=none hp=full
    END_TURN REJECTED: 3 units still need orders
      #5 Warriors(Atk) @(6,19) mv=3 ord=none hp=full
      #15 Archers(Atk) @(9,39) mv=3 ord=none hp=full
      #20 Archers(Atk) @(9,39) mv=3 ord=none hp=full
    END_TURN REJECTED: 4 units still need orders
      #7 Warriors(Atk) @(36,38) mv=3 ord=none hp=full
      #12 Horsemen(Atk) @(36,38) mv=6 ord=none hp=full
      #14 Archers(Atk) @(34,46) mv=3 ord=none hp=full
      #18 Archers(Atk) @(34,46) mv=3 ord=none hp=full

══════════════════════════════════════════════════════════════════════
  TURN 31 — 3400 B.C. (9ms)
══════════════════════════════════════════════════════════════════════
  [Civ 1] Romans (despotism): 1 cities, 4 units, 49g, 5 techs, researching Map Making (12/70)
    Rome: size=3, prod=Archers (21sh), bldgs=Palace
    Units: 2x Warriors, 2x Archers
  [Civ 2] Babylonians (despotism): 1 cities, 5 units, 0g, 4 techs, researching Bronze Working (30/48)
    Babylon: size=3, prod=Archers (3sh), bldgs=Palace
    Units: 1x Warriors, 1x Settlers, 3x Archers
  [Civ 3] Germans (despotism): 1 cities, 4 units, 11g, 4 techs, researching Map Making (38/48)
    Berlin: size=2, prod=Archers (11sh), bldgs=Palace
    Units: 1x Warriors, 1x Settlers, 2x Archers
  [Civ 4] Egyptians (despotism): 1 cities, 5 units, 48g, 5 techs, researching Writing (20/70)
    Thebes: size=3, prod=Archers (27sh), bldgs=Palace
    Units: 1x Warriors, 1x Settlers, 1x Horsemen, 2x Archers
  [Civ 1] Romans turn: 0 actions — idle
    END_TURN REJECTED: 3 units still need orders
      #1 Warriors(Atk) @(10,74) mv=3 ord=none hp=full
      #16 Archers(Atk) @(7,71) mv=3 ord=none hp=full
      #19 Archers(Atk) @(7,71) mv=3 ord=none hp=full
    END_TURN REJECTED: 4 units still need orders
      #3 Warriors(Atk) @(9,26) mv=3 ord=none hp=full
      #13 Archers(Atk) @(6,8) mv=3 ord=none hp=full
      #17 Archers(Atk) @(6,8) mv=3 ord=none hp=full
      #21 Archers(Atk) @(6,8) mv=3 ord=none hp=full
    END_TURN REJECTED: 3 units still need orders
      #5 Warriors(Atk) @(6,19) mv=3 ord=none hp=full
      #15 Archers(Atk) @(9,39) mv=3 ord=none hp=full
      #20 Archers(Atk) @(9,39) mv=3 ord=none hp=full
    END_TURN REJECTED: 4 units still need orders
      #7 Warriors(Atk) @(36,38) mv=3 ord=none hp=full
      #12 Horsemen(Atk) @(36,38) mv=6 ord=none hp=full
      #14 Archers(Atk) @(34,46) mv=3 ord=none hp=full
      #18 Archers(Atk) @(34,46) mv=3 ord=none hp=full

══════════════════════════════════════════════════════════════════════
  TURN 32 — 3380 B.C. (3ms)
══════════════════════════════════════════════════════════════════════
  [Civ 1] Romans (despotism): 1 cities, 4 units, 51g, 5 techs, researching Map Making (16/70)
    Rome: size=3, prod=Archers (25sh), bldgs=Palace
    Units: 2x Warriors, 2x Archers
  [Civ 2] Babylonians (despotism): 1 cities, 5 units, 0g, 4 techs, researching Bronze Working (33/48)
    Babylon: size=3, prod=Archers (8sh), bldgs=Palace
    Units: 1x Warriors, 1x Settlers, 3x Archers
  [Civ 3] Germans (despotism): 1 cities, 4 units, 12g, 4 techs, researching Map Making (40/48)
    Berlin: size=2, prod=Archers (14sh), bldgs=Palace
    Units: 1x Warriors, 1x Settlers, 2x Archers
  [Civ 4] Egyptians (despotism): 1 cities, 6 units, 50g, 5 techs, researching Writing (24/70)
    Thebes: size=3, prod=Archers (1sh), bldgs=Palace
    Units: 1x Warriors, 1x Settlers, 1x Horsemen, 3x Archers
  [Civ 1] Romans turn: 3 actions — ADJUST_ATTITUDE(3)
    ADJUST_ATTITUDE target=civ2
    ADJUST_ATTITUDE target=civ3
    ADJUST_ATTITUDE target=civ4
    END_TURN REJECTED: 3 units still need orders
      #1 Warriors(Atk) @(10,74) mv=3 ord=none hp=full
      #16 Archers(Atk) @(7,71) mv=3 ord=none hp=full
      #19 Archers(Atk) @(7,71) mv=3 ord=none hp=full
    ADJUST_ATTITUDE target=civ1
    ADJUST_ATTITUDE target=civ3
    ADJUST_ATTITUDE target=civ4
    END_TURN REJECTED: 4 units still need orders
      #3 Warriors(Atk) @(9,26) mv=3 ord=none hp=full
      #13 Archers(Atk) @(6,8) mv=3 ord=none hp=full
      #17 Archers(Atk) @(6,8) mv=3 ord=none hp=full
      #21 Archers(Atk) @(6,8) mv=3 ord=none hp=full
    ADJUST_ATTITUDE target=civ1
    ADJUST_ATTITUDE target=civ2
    ADJUST_ATTITUDE target=civ4
    END_TURN REJECTED: 3 units still need orders
      #5 Warriors(Atk) @(6,19) mv=3 ord=none hp=full
      #15 Archers(Atk) @(9,39) mv=3 ord=none hp=full
      #20 Archers(Atk) @(9,39) mv=3 ord=none hp=full
    ADJUST_ATTITUDE target=civ1
    ADJUST_ATTITUDE target=civ2
    ADJUST_ATTITUDE target=civ3
    END_TURN REJECTED: 5 units still need orders
      #7 Warriors(Atk) @(36,38) mv=3 ord=none hp=full
      #12 Horsemen(Atk) @(36,38) mv=6 ord=none hp=full
      #14 Archers(Atk) @(34,46) mv=3 ord=none hp=full
      #18 Archers(Atk) @(34,46) mv=3 ord=none hp=full
      #22 Archers(Atk) @(34,46) mv=3 ord=none hp=full

══════════════════════════════════════════════════════════════════════
  TURN 33 — 3360 B.C. (3ms)
══════════════════════════════════════════════════════════════════════
  [Civ 1] Romans (despotism): 1 cities, 4 units, 53g, 5 techs, researching Map Making (20/70)
    Rome: size=3, prod=Archers (29sh), bldgs=Palace
    Units: 2x Warriors, 2x Archers
  [Civ 2] Babylonians (despotism): 1 cities, 5 units, 0g, 4 techs, researching Bronze Working (36/48)
    Babylon: size=3, prod=Archers (13sh), bldgs=Palace
    Units: 1x Warriors, 1x Settlers, 3x Archers
  [Civ 3] Germans (despotism): 1 cities, 4 units, 13g, 4 techs, researching Map Making (42/48)
    Berlin: size=2, prod=Archers (17sh), bldgs=Palace
    Units: 1x Warriors, 1x Settlers, 2x Archers
  [Civ 4] Egyptians (despotism): 1 cities, 6 units, 52g, 5 techs, researching Writing (28/70)
    Thebes: size=3, prod=Archers (5sh), bldgs=Palace
    Units: 1x Warriors, 1x Settlers, 1x Horsemen, 3x Archers
  [Civ 1] Romans turn: 0 actions — idle
    END_TURN REJECTED: 3 units still need orders
      #1 Warriors(Atk) @(10,74) mv=3 ord=none hp=full
      #16 Archers(Atk) @(7,71) mv=3 ord=none hp=full
      #19 Archers(Atk) @(7,71) mv=3 ord=none hp=full
    END_TURN REJECTED: 4 units still need orders
      #3 Warriors(Atk) @(9,26) mv=3 ord=none hp=full
      #13 Archers(Atk) @(6,8) mv=3 ord=none hp=full
      #17 Archers(Atk) @(6,8) mv=3 ord=none hp=full
      #21 Archers(Atk) @(6,8) mv=3 ord=none hp=full
    END_TURN REJECTED: 3 units still need orders
      #5 Warriors(Atk) @(6,19) mv=3 ord=none hp=full
      #15 Archers(Atk) @(9,39) mv=3 ord=none hp=full
      #20 Archers(Atk) @(9,39) mv=3 ord=none hp=full
    END_TURN REJECTED: 5 units still need orders
      #7 Warriors(Atk) @(36,38) mv=3 ord=none hp=full
      #12 Horsemen(Atk) @(36,38) mv=6 ord=none hp=full
      #14 Archers(Atk) @(34,46) mv=3 ord=none hp=full
      #18 Archers(Atk) @(34,46) mv=3 ord=none hp=full
      #22 Archers(Atk) @(34,46) mv=3 ord=none hp=full

══════════════════════════════════════════════════════════════════════
  TURN 34 — 3340 B.C. (3ms)
══════════════════════════════════════════════════════════════════════
  [Civ 1] Romans (despotism): 1 cities, 5 units, 55g, 5 techs, researching Map Making (23/70)
    Rome: size=3, prod=Archers (3sh), bldgs=Palace
    Units: 2x Warriors, 3x Archers
  [Civ 2] Babylonians (despotism): 1 cities, 5 units, 0g, 4 techs, researching Bronze Working (39/48)
    Babylon: size=3, prod=Archers (18sh), bldgs=Palace
    Units: 1x Warriors, 1x Settlers, 3x Archers
  [Civ 3] Germans (despotism): 1 cities, 4 units, 14g, 4 techs, researching Map Making (44/48)
    Berlin: size=2, prod=Archers (20sh), bldgs=Palace
    Units: 1x Warriors, 1x Settlers, 2x Archers
  [Civ 4] Egyptians (despotism): 1 cities, 6 units, 54g, 5 techs, researching Writing (32/70)
    Thebes: size=3, prod=Archers (9sh), bldgs=Palace
    Units: 1x Warriors, 1x Settlers, 1x Horsemen, 3x Archers
  [Civ 1] Romans turn: 0 actions — idle
    END_TURN REJECTED: 3 units still need orders
      #1 Warriors(Atk) @(10,74) mv=3 ord=none hp=full
      #16 Archers(Atk) @(7,71) mv=3 ord=none hp=full
      #19 Archers(Atk) @(7,71) mv=3 ord=none hp=full
    END_TURN REJECTED: 4 units still need orders
      #3 Warriors(Atk) @(9,26) mv=3 ord=none hp=full
      #13 Archers(Atk) @(6,8) mv=3 ord=none hp=full
      #17 Archers(Atk) @(6,8) mv=3 ord=none hp=full
      #21 Archers(Atk) @(6,8) mv=3 ord=none hp=full
    END_TURN REJECTED: 3 units still need orders
      #5 Warriors(Atk) @(6,19) mv=3 ord=none hp=full
      #15 Archers(Atk) @(9,39) mv=3 ord=none hp=full
      #20 Archers(Atk) @(9,39) mv=3 ord=none hp=full
    END_TURN REJECTED: 5 units still need orders
      #7 Warriors(Atk) @(36,38) mv=3 ord=none hp=full
      #12 Horsemen(Atk) @(36,38) mv=6 ord=none hp=full
      #14 Archers(Atk) @(34,46) mv=3 ord=none hp=full
      #18 Archers(Atk) @(34,46) mv=3 ord=none hp=full
      #22 Archers(Atk) @(34,46) mv=3 ord=none hp=full

══════════════════════════════════════════════════════════════════════
  TURN 35 — 3320 B.C. (4ms)
══════════════════════════════════════════════════════════════════════
  [Civ 1] Romans (despotism): 1 cities, 5 units, 57g, 5 techs, researching Map Making (26/70)
    Rome: size=3, prod=Archers (6sh), bldgs=Palace
    Units: 2x Warriors, 3x Archers
  [Civ 2] Babylonians (despotism): 1 cities, 5 units, 0g, 4 techs, researching Bronze Working (42/48)
    Babylon: size=3, prod=Archers (23sh), bldgs=Palace
    Units: 1x Warriors, 1x Settlers, 3x Archers
  [Civ 3] Germans (despotism): 1 cities, 4 units, 15g, 4 techs, researching Map Making (46/48)
    Berlin: size=2, prod=Archers (23sh), bldgs=Palace
    Units: 1x Warriors, 1x Settlers, 2x Archers
  [Civ 4] Egyptians (despotism): 1 cities, 6 units, 56g, 5 techs, researching Writing (36/70)
    Thebes: size=3, prod=Archers (13sh), bldgs=Palace
    Units: 1x Warriors, 1x Settlers, 1x Horsemen, 3x Archers
  [Civ 1] Romans turn: 0 actions — idle
    END_TURN REJECTED: 4 units still need orders
      #1 Warriors(Atk) @(10,74) mv=3 ord=none hp=full
      #16 Archers(Atk) @(7,71) mv=3 ord=none hp=full
      #19 Archers(Atk) @(7,71) mv=3 ord=none hp=full
      #23 Archers(Atk) @(7,71) mv=3 ord=none hp=full
    END_TURN REJECTED: 4 units still need orders
      #3 Warriors(Atk) @(9,26) mv=3 ord=none hp=full
      #13 Archers(Atk) @(6,8) mv=3 ord=none hp=full
      #17 Archers(Atk) @(6,8) mv=3 ord=none hp=full
      #21 Archers(Atk) @(6,8) mv=3 ord=none hp=full
    SET_RESEARCH tech=Pottery
    END_TURN REJECTED: 3 units still need orders
      #5 Warriors(Atk) @(6,19) mv=3 ord=none hp=full
      #15 Archers(Atk) @(9,39) mv=3 ord=none hp=full
      #20 Archers(Atk) @(9,39) mv=3 ord=none hp=full
    END_TURN REJECTED: 5 units still need orders
      #7 Warriors(Atk) @(36,38) mv=3 ord=none hp=full
      #12 Horsemen(Atk) @(36,38) mv=6 ord=none hp=full
      #14 Archers(Atk) @(34,46) mv=3 ord=none hp=full
      #18 Archers(Atk) @(34,46) mv=3 ord=none hp=full
      #22 Archers(Atk) @(34,46) mv=3 ord=none hp=full

══════════════════════════════════════════════════════════════════════
  TURN 36 — 3300 B.C. (6ms)
══════════════════════════════════════════════════════════════════════
  [Civ 1] Romans (despotism): 1 cities, 5 units, 59g, 5 techs, researching Map Making (29/70)
    Rome: size=3, prod=Archers (9sh), bldgs=Palace
    Units: 2x Warriors, 3x Archers
  [Civ 2] Babylonians (despotism): 1 cities, 5 units, 0g, 4 techs, researching Bronze Working (45/48)
    Babylon: size=3, prod=Archers (28sh), bldgs=Palace
    Units: 1x Warriors, 1x Settlers, 3x Archers
  [Civ 3] Germans (despotism): 1 cities, 4 units, 15g, 5 techs, researching Pottery (0/70)
    Berlin: size=2, prod=Archers (26sh), bldgs=Palace
    Units: 1x Warriors, 1x Settlers, 2x Archers
  [Civ 4] Egyptians (despotism): 1 cities, 6 units, 58g, 5 techs, researching Writing (40/70)
    Thebes: size=3, prod=Archers (17sh), bldgs=Palace
    Units: 1x Warriors, 1x Settlers, 1x Horsemen, 3x Archers
  [Civ 1] Romans turn: 0 actions — idle
    END_TURN REJECTED: 4 units still need orders
      #1 Warriors(Atk) @(10,74) mv=3 ord=none hp=full
      #16 Archers(Atk) @(7,71) mv=3 ord=none hp=full
      #19 Archers(Atk) @(7,71) mv=3 ord=none hp=full
      #23 Archers(Atk) @(7,71) mv=3 ord=none hp=full
    END_TURN REJECTED: 4 units still need orders
      #3 Warriors(Atk) @(9,26) mv=3 ord=none hp=full
      #13 Archers(Atk) @(6,8) mv=3 ord=none hp=full
      #17 Archers(Atk) @(6,8) mv=3 ord=none hp=full
      #21 Archers(Atk) @(6,8) mv=3 ord=none hp=full
    END_TURN REJECTED: 3 units still need orders
      #5 Warriors(Atk) @(6,19) mv=3 ord=none hp=full
      #15 Archers(Atk) @(9,39) mv=3 ord=none hp=full
      #20 Archers(Atk) @(9,39) mv=3 ord=none hp=full
    END_TURN REJECTED: 5 units still need orders
      #7 Warriors(Atk) @(36,38) mv=3 ord=none hp=full
      #12 Horsemen(Atk) @(36,38) mv=6 ord=none hp=full
      #14 Archers(Atk) @(34,46) mv=3 ord=none hp=full
      #18 Archers(Atk) @(34,46) mv=3 ord=none hp=full
      #22 Archers(Atk) @(34,46) mv=3 ord=none hp=full

══════════════════════════════════════════════════════════════════════
  TURN 37 — 3280 B.C. (5ms)
══════════════════════════════════════════════════════════════════════
  [Civ 1] Romans (despotism): 1 cities, 5 units, 61g, 6 techs, researching Map Making (32/84)
    Rome: size=3, prod=Archers (12sh), bldgs=Palace
    Units: 2x Warriors, 3x Archers
  [Civ 2] Babylonians (despotism): 1 cities, 6 units, 0g, 4 techs, researching Bronze Working (47/48)
    Babylon: size=3, prod=Archers (3sh), bldgs=Palace
    Units: 1x Warriors, 1x Settlers, 4x Archers
  [Civ 3] Germans (despotism): 1 cities, 4 units, 16g, 5 techs, researching Pottery (2/65)
    Berlin: size=2, prod=Archers (29sh), bldgs=Palace
    Units: 1x Warriors, 1x Settlers, 2x Archers
  [Civ 4] Egyptians (despotism): 1 cities, 6 units, 60g, 5 techs, researching Writing (44/65)
    Thebes: size=3, prod=Archers (21sh), bldgs=Palace
    Units: 1x Warriors, 1x Settlers, 1x Horsemen, 3x Archers
  [Civ 1] Romans turn: 1 actions — SET_RESEARCH(1)
    SET_RESEARCH tech=Pottery
    END_TURN REJECTED: 4 units still need orders
      #1 Warriors(Atk) @(10,74) mv=3 ord=none hp=full
      #16 Archers(Atk) @(7,71) mv=3 ord=none hp=full
      #19 Archers(Atk) @(7,71) mv=3 ord=none hp=full
      #23 Archers(Atk) @(7,71) mv=3 ord=none hp=full
    SET_RESEARCH tech=The Wheel
    END_TURN REJECTED: 5 units still need orders
      #3 Warriors(Atk) @(9,26) mv=3 ord=none hp=full
      #13 Archers(Atk) @(6,8) mv=3 ord=none hp=full
      #17 Archers(Atk) @(6,8) mv=3 ord=none hp=full
      #21 Archers(Atk) @(6,8) mv=3 ord=none hp=full
      #24 Archers(Atk) @(6,8) mv=3 ord=none hp=full
    END_TURN REJECTED: 3 units still need orders
      #5 Warriors(Atk) @(6,19) mv=3 ord=none hp=full
      #15 Archers(Atk) @(9,39) mv=3 ord=none hp=full
      #20 Archers(Atk) @(9,39) mv=3 ord=none hp=full
    END_TURN REJECTED: 5 units still need orders
      #7 Warriors(Atk) @(36,38) mv=3 ord=none hp=full
      #12 Horsemen(Atk) @(36,38) mv=6 ord=none hp=full
      #14 Archers(Atk) @(34,46) mv=3 ord=none hp=full
      #18 Archers(Atk) @(34,46) mv=3 ord=none hp=full
      #22 Archers(Atk) @(34,46) mv=3 ord=none hp=full

══════════════════════════════════════════════════════════════════════
  TURN 38 — 3260 B.C. (7ms)
══════════════════════════════════════════════════════════════════════
  [Civ 1] Romans (despotism): 1 cities, 5 units, 63g, 6 techs, researching Pottery (35/84)
    Rome: size=3, prod=Archers (15sh), bldgs=Palace
    Units: 2x Warriors, 3x Archers
  [Civ 2] Babylonians (despotism): 1 cities, 6 units, 0g, 6 techs, researching The Wheel (0/84)
    Babylon: size=3, prod=Archers (7sh), bldgs=Palace
    Units: 1x Warriors, 1x Settlers, 4x Archers
  [Civ 3] Germans (despotism): 1 cities, 5 units, 17g, 5 techs, researching Pottery (3/65)
    Berlin: size=2, prod=Archers (2sh), bldgs=Palace
    Units: 1x Warriors, 1x Settlers, 3x Archers
  [Civ 4] Egyptians (despotism): 1 cities, 6 units, 62g, 5 techs, researching Writing (48/65)
    Thebes: size=3, prod=Archers (25sh), bldgs=Palace
    Units: 1x Warriors, 1x Settlers, 1x Horsemen, 3x Archers
  [Civ 1] Romans turn: 0 actions — idle
    END_TURN REJECTED: 4 units still need orders
      #1 Warriors(Atk) @(10,74) mv=3 ord=none hp=full
      #16 Archers(Atk) @(7,71) mv=3 ord=none hp=full
      #19 Archers(Atk) @(7,71) mv=3 ord=none hp=full
      #23 Archers(Atk) @(7,71) mv=3 ord=none hp=full
    END_TURN REJECTED: 5 units still need orders
      #3 Warriors(Atk) @(9,26) mv=3 ord=none hp=full
      #13 Archers(Atk) @(6,8) mv=3 ord=none hp=full
      #17 Archers(Atk) @(6,8) mv=3 ord=none hp=full
      #21 Archers(Atk) @(6,8) mv=3 ord=none hp=full
      #24 Archers(Atk) @(6,8) mv=3 ord=none hp=full
    END_TURN REJECTED: 4 units still need orders
      #5 Warriors(Atk) @(6,19) mv=3 ord=none hp=full
      #15 Archers(Atk) @(9,39) mv=3 ord=none hp=full
      #20 Archers(Atk) @(9,39) mv=3 ord=none hp=full
      #25 Archers(Atk) @(9,39) mv=3 ord=none hp=full
    END_TURN REJECTED: 5 units still need orders
      #7 Warriors(Atk) @(36,38) mv=3 ord=none hp=full
      #12 Horsemen(Atk) @(36,38) mv=6 ord=none hp=full
      #14 Archers(Atk) @(34,46) mv=3 ord=none hp=full
      #18 Archers(Atk) @(34,46) mv=3 ord=none hp=full
      #22 Archers(Atk) @(34,46) mv=3 ord=none hp=full

══════════════════════════════════════════════════════════════════════
  TURN 39 — 3240 B.C. (5ms)
══════════════════════════════════════════════════════════════════════
  [Civ 1] Romans (despotism): 1 cities, 5 units, 65g, 6 techs, researching Pottery (38/84)
    Rome: size=3, prod=Archers (18sh), bldgs=Palace
    Units: 2x Warriors, 3x Archers
  [Civ 2] Babylonians (despotism): 1 cities, 6 units, 0g, 6 techs, researching The Wheel (2/84)
    Babylon: size=3, prod=Archers (11sh), bldgs=Palace
    Units: 1x Warriors, 1x Settlers, 4x Archers
  [Civ 3] Germans (despotism): 1 cities, 5 units, 18g, 6 techs, researching Pottery (4/84)
    Berlin: size=2, prod=Archers (4sh), bldgs=Palace
    Units: 1x Warriors, 1x Settlers, 3x Archers
  [Civ 4] Egyptians (despotism): 1 cities, 6 units, 64g, 6 techs, researching Writing (52/84)
    Thebes: size=3, prod=Archers (29sh), bldgs=Palace
    Units: 1x Warriors, 1x Settlers, 1x Horsemen, 3x Archers
  [Civ 1] Romans turn: 0 actions — idle
    END_TURN REJECTED: 4 units still need orders
      #1 Warriors(Atk) @(10,74) mv=3 ord=none hp=full
      #16 Archers(Atk) @(7,71) mv=3 ord=none hp=full
      #19 Archers(Atk) @(7,71) mv=3 ord=none hp=full
      #23 Archers(Atk) @(7,71) mv=3 ord=none hp=full
    END_TURN REJECTED: 5 units still need orders
      #3 Warriors(Atk) @(9,26) mv=3 ord=none hp=full
      #13 Archers(Atk) @(6,8) mv=3 ord=none hp=full
      #17 Archers(Atk) @(6,8) mv=3 ord=none hp=full
      #21 Archers(Atk) @(6,8) mv=3 ord=none hp=full
      #24 Archers(Atk) @(6,8) mv=3 ord=none hp=full
    END_TURN REJECTED: 4 units still need orders
      #5 Warriors(Atk) @(6,19) mv=3 ord=none hp=full
      #15 Archers(Atk) @(9,39) mv=3 ord=none hp=full
      #20 Archers(Atk) @(9,39) mv=3 ord=none hp=full
      #25 Archers(Atk) @(9,39) mv=3 ord=none hp=full
    END_TURN REJECTED: 5 units still need orders
      #7 Warriors(Atk) @(36,38) mv=3 ord=none hp=full
      #12 Horsemen(Atk) @(36,38) mv=6 ord=none hp=full
      #14 Archers(Atk) @(34,46) mv=3 ord=none hp=full
      #18 Archers(Atk) @(34,46) mv=3 ord=none hp=full
      #22 Archers(Atk) @(34,46) mv=3 ord=none hp=full

══════════════════════════════════════════════════════════════════════
  TURN 40 — 3220 B.C. (5ms)
══════════════════════════════════════════════════════════════════════
  [Civ 1] Romans (despotism): 1 cities, 5 units, 67g, 6 techs, researching Pottery (41/84)
    Rome: size=3, prod=Archers (21sh), bldgs=Palace
    Units: 2x Warriors, 3x Archers
  [Civ 2] Babylonians (despotism): 1 cities, 6 units, 0g, 6 techs, researching The Wheel (4/84)
    Babylon: size=3, prod=Archers (15sh), bldgs=Palace
    Units: 1x Warriors, 1x Settlers, 4x Archers
  [Civ 3] Germans (despotism): 1 cities, 5 units, 19g, 6 techs, researching Pottery (5/84)
    Berlin: size=2, prod=Archers (6sh), bldgs=Palace
    Units: 1x Warriors, 1x Settlers, 3x Archers
  [Civ 4] Egyptians (despotism): 1 cities, 7 units, 66g, 6 techs, researching Writing (55/84)
    Thebes: size=3, prod=Archers (3sh), bldgs=Palace
    Units: 1x Warriors, 1x Settlers, 1x Horsemen, 4x Archers
  [Civ 1] Romans turn: 0 actions — idle
    END_TURN REJECTED: 4 units still need orders
      #1 Warriors(Atk) @(10,74) mv=3 ord=none hp=full
      #16 Archers(Atk) @(7,71) mv=3 ord=none hp=full
      #19 Archers(Atk) @(7,71) mv=3 ord=none hp=full
      #23 Archers(Atk) @(7,71) mv=3 ord=none hp=full
    END_TURN REJECTED: 5 units still need orders
      #3 Warriors(Atk) @(9,26) mv=3 ord=none hp=full
      #13 Archers(Atk) @(6,8) mv=3 ord=none hp=full
      #17 Archers(Atk) @(6,8) mv=3 ord=none hp=full
      #21 Archers(Atk) @(6,8) mv=3 ord=none hp=full
      #24 Archers(Atk) @(6,8) mv=3 ord=none hp=full
    END_TURN REJECTED: 4 units still need orders
      #5 Warriors(Atk) @(6,19) mv=3 ord=none hp=full
      #15 Archers(Atk) @(9,39) mv=3 ord=none hp=full
      #20 Archers(Atk) @(9,39) mv=3 ord=none hp=full
      #25 Archers(Atk) @(9,39) mv=3 ord=none hp=full
    END_TURN REJECTED: 6 units still need orders
      #7 Warriors(Atk) @(36,38) mv=3 ord=none hp=full
      #12 Horsemen(Atk) @(36,38) mv=6 ord=none hp=full
      #14 Archers(Atk) @(34,46) mv=3 ord=none hp=full
      #18 Archers(Atk) @(34,46) mv=3 ord=none hp=full
      #22 Archers(Atk) @(34,46) mv=3 ord=none hp=full

══════════════════════════════════════════════════════════════════════
  TURN 41 — 3200 B.C. (4ms)
══════════════════════════════════════════════════════════════════════
  [Civ 1] Romans (despotism): 1 cities, 5 units, 69g, 6 techs, researching Pottery (44/84)
    Rome: size=3, prod=Archers (24sh), bldgs=Palace
    Units: 2x Warriors, 3x Archers
  [Civ 2] Babylonians (despotism): 1 cities, 6 units, 0g, 6 techs, researching The Wheel (6/84)
    Babylon: size=3, prod=Archers (19sh), bldgs=Palace
    Units: 1x Warriors, 1x Settlers, 4x Archers
  [Civ 3] Germans (despotism): 1 cities, 5 units, 20g, 6 techs, researching Pottery (6/84)
    Berlin: size=2, prod=Archers (8sh), bldgs=Palace
    Units: 1x Warriors, 1x Settlers, 3x Archers
  [Civ 4] Egyptians (despotism): 1 cities, 7 units, 68g, 6 techs, researching Writing (58/84)
    Thebes: size=3, prod=Archers (6sh), bldgs=Palace
    Units: 1x Warriors, 1x Settlers, 1x Horsemen, 4x Archers
  [Civ 1] Romans turn: 0 actions — idle
    END_TURN REJECTED: 4 units still need orders
      #1 Warriors(Atk) @(10,74) mv=3 ord=none hp=full
      #16 Archers(Atk) @(7,71) mv=3 ord=none hp=full
      #19 Archers(Atk) @(7,71) mv=3 ord=none hp=full
      #23 Archers(Atk) @(7,71) mv=3 ord=none hp=full
    END_TURN REJECTED: 5 units still need orders
      #3 Warriors(Atk) @(9,26) mv=3 ord=none hp=full
      #13 Archers(Atk) @(6,8) mv=3 ord=none hp=full
      #17 Archers(Atk) @(6,8) mv=3 ord=none hp=full
      #21 Archers(Atk) @(6,8) mv=3 ord=none hp=full
      #24 Archers(Atk) @(6,8) mv=3 ord=none hp=full
    END_TURN REJECTED: 4 units still need orders
      #5 Warriors(Atk) @(6,19) mv=3 ord=none hp=full
      #15 Archers(Atk) @(9,39) mv=3 ord=none hp=full
      #20 Archers(Atk) @(9,39) mv=3 ord=none hp=full
      #25 Archers(Atk) @(9,39) mv=3 ord=none hp=full
    END_TURN REJECTED: 6 units still need orders
      #7 Warriors(Atk) @(36,38) mv=3 ord=none hp=full
      #12 Horsemen(Atk) @(36,38) mv=6 ord=none hp=full
      #14 Archers(Atk) @(34,46) mv=3 ord=none hp=full
      #18 Archers(Atk) @(34,46) mv=3 ord=none hp=full
      #22 Archers(Atk) @(34,46) mv=3 ord=none hp=full

══════════════════════════════════════════════════════════════════════
  TURN 42 — 3180 B.C. (5ms)
══════════════════════════════════════════════════════════════════════
  [Civ 1] Romans (despotism): 1 cities, 5 units, 71g, 6 techs, researching Pottery (47/84)
    Rome: size=3, prod=Archers (27sh), bldgs=Palace
    Units: 2x Warriors, 3x Archers
  [Civ 2] Babylonians (despotism): 1 cities, 6 units, 0g, 6 techs, researching The Wheel (8/84)
    Babylon: size=3, prod=Archers (23sh), bldgs=Palace
    Units: 1x Warriors, 1x Settlers, 4x Archers
  [Civ 3] Germans (despotism): 1 cities, 5 units, 21g, 6 techs, researching Pottery (7/84)
    Berlin: size=2, prod=Archers (10sh), bldgs=Palace
    Units: 1x Warriors, 1x Settlers, 3x Archers
  [Civ 4] Egyptians (despotism): 1 cities, 7 units, 70g, 6 techs, researching Writing (61/84)
    Thebes: size=3, prod=Archers (9sh), bldgs=Palace
    Units: 1x Warriors, 1x Settlers, 1x Horsemen, 4x Archers
  [Civ 1] Romans turn: 0 actions — idle
    END_TURN REJECTED: 4 units still need orders
      #1 Warriors(Atk) @(10,74) mv=3 ord=none hp=full
      #16 Archers(Atk) @(7,71) mv=3 ord=none hp=full
      #19 Archers(Atk) @(7,71) mv=3 ord=none hp=full
      #23 Archers(Atk) @(7,71) mv=3 ord=none hp=full
    END_TURN REJECTED: 5 units still need orders
      #3 Warriors(Atk) @(9,26) mv=3 ord=none hp=full
      #13 Archers(Atk) @(6,8) mv=3 ord=none hp=full
      #17 Archers(Atk) @(6,8) mv=3 ord=none hp=full
      #21 Archers(Atk) @(6,8) mv=3 ord=none hp=full
      #24 Archers(Atk) @(6,8) mv=3 ord=none hp=full
    END_TURN REJECTED: 4 units still need orders
      #5 Warriors(Atk) @(6,19) mv=3 ord=none hp=full
      #15 Archers(Atk) @(9,39) mv=3 ord=none hp=full
      #20 Archers(Atk) @(9,39) mv=3 ord=none hp=full
      #25 Archers(Atk) @(9,39) mv=3 ord=none hp=full
    END_TURN REJECTED: 6 units still need orders
      #7 Warriors(Atk) @(36,38) mv=3 ord=none hp=full
      #12 Horsemen(Atk) @(36,38) mv=6 ord=none hp=full
      #14 Archers(Atk) @(34,46) mv=3 ord=none hp=full
      #18 Archers(Atk) @(34,46) mv=3 ord=none hp=full
      #22 Archers(Atk) @(34,46) mv=3 ord=none hp=full

══════════════════════════════════════════════════════════════════════
  TURN 43 — 3160 B.C. (4ms)
══════════════════════════════════════════════════════════════════════
  [Civ 1] Romans (despotism): 1 cities, 6 units, 73g, 6 techs, researching Pottery (50/84)
    Rome: size=3, prod=Archers (0sh), bldgs=Palace
    Units: 2x Warriors, 4x Archers
  [Civ 2] Babylonians (despotism): 1 cities, 6 units, 0g, 6 techs, researching The Wheel (10/84)
    Babylon: size=3, prod=Archers (27sh), bldgs=Palace
    Units: 1x Warriors, 1x Settlers, 4x Archers
  [Civ 3] Germans (despotism): 1 cities, 5 units, 22g, 6 techs, researching Pottery (8/84)
    Berlin: size=2, prod=Archers (12sh), bldgs=Palace
    Units: 1x Warriors, 1x Settlers, 3x Archers
  [Civ 4] Egyptians (despotism): 1 cities, 7 units, 72g, 6 techs, researching Writing (64/84)
    Thebes: size=3, prod=Archers (12sh), bldgs=Palace
    Units: 1x Warriors, 1x Settlers, 1x Horsemen, 4x Archers
  [Civ 1] Romans turn: 0 actions — idle
    END_TURN REJECTED: 4 units still need orders
      #1 Warriors(Atk) @(10,74) mv=3 ord=none hp=full
      #16 Archers(Atk) @(7,71) mv=3 ord=none hp=full
      #19 Archers(Atk) @(7,71) mv=3 ord=none hp=full
      #23 Archers(Atk) @(7,71) mv=3 ord=none hp=full
    END_TURN REJECTED: 5 units still need orders
      #3 Warriors(Atk) @(9,26) mv=3 ord=none hp=full
      #13 Archers(Atk) @(6,8) mv=3 ord=none hp=full
      #17 Archers(Atk) @(6,8) mv=3 ord=none hp=full
      #21 Archers(Atk) @(6,8) mv=3 ord=none hp=full
      #24 Archers(Atk) @(6,8) mv=3 ord=none hp=full
    END_TURN REJECTED: 4 units still need orders
      #5 Warriors(Atk) @(6,19) mv=3 ord=none hp=full
      #15 Archers(Atk) @(9,39) mv=3 ord=none hp=full
      #20 Archers(Atk) @(9,39) mv=3 ord=none hp=full
      #25 Archers(Atk) @(9,39) mv=3 ord=none hp=full
    END_TURN REJECTED: 6 units still need orders
      #7 Warriors(Atk) @(36,38) mv=3 ord=none hp=full
      #12 Horsemen(Atk) @(36,38) mv=6 ord=none hp=full
      #14 Archers(Atk) @(34,46) mv=3 ord=none hp=full
      #18 Archers(Atk) @(34,46) mv=3 ord=none hp=full
      #22 Archers(Atk) @(34,46) mv=3 ord=none hp=full

══════════════════════════════════════════════════════════════════════
  TURN 44 — 3140 B.C. (5ms)
══════════════════════════════════════════════════════════════════════
  [Civ 1] Romans (despotism): 1 cities, 6 units, 75g, 6 techs, researching Pottery (53/84)
    Rome: size=3, prod=Archers (2sh), bldgs=Palace
    Units: 2x Warriors, 4x Archers
  [Civ 2] Babylonians (despotism): 1 cities, 7 units, 0g, 6 techs, researching The Wheel (11/84)
    Babylon: size=3, prod=Archers (1sh), bldgs=Palace
    Units: 1x Warriors, 1x Settlers, 5x Archers
  [Civ 3] Germans (despotism): 1 cities, 5 units, 23g, 6 techs, researching Pottery (9/84)
    Berlin: size=2, prod=Archers (14sh), bldgs=Palace
    Units: 1x Warriors, 1x Settlers, 3x Archers
  [Civ 4] Egyptians (despotism): 1 cities, 7 units, 74g, 6 techs, researching Writing (67/84)
    Thebes: size=3, prod=Archers (15sh), bldgs=Palace
    Units: 1x Warriors, 1x Settlers, 1x Horsemen, 4x Archers
  [Civ 1] Romans turn: 0 actions — idle
    END_TURN REJECTED: 5 units still need orders
      #1 Warriors(Atk) @(10,74) mv=3 ord=none hp=full
      #16 Archers(Atk) @(7,71) mv=3 ord=none hp=full
      #19 Archers(Atk) @(7,71) mv=3 ord=none hp=full
      #23 Archers(Atk) @(7,71) mv=3 ord=none hp=full
      #27 Archers(Atk) @(7,71) mv=3 ord=none hp=full
    END_TURN REJECTED: 6 units still need orders
      #3 Warriors(Atk) @(9,26) mv=3 ord=none hp=full
      #13 Archers(Atk) @(6,8) mv=3 ord=none hp=full
      #17 Archers(Atk) @(6,8) mv=3 ord=none hp=full
      #21 Archers(Atk) @(6,8) mv=3 ord=none hp=full
      #24 Archers(Atk) @(6,8) mv=3 ord=none hp=full
    END_TURN REJECTED: 4 units still need orders
      #5 Warriors(Atk) @(6,19) mv=3 ord=none hp=full
      #15 Archers(Atk) @(9,39) mv=3 ord=none hp=full
      #20 Archers(Atk) @(9,39) mv=3 ord=none hp=full
      #25 Archers(Atk) @(9,39) mv=3 ord=none hp=full
    END_TURN REJECTED: 6 units still need orders
      #7 Warriors(Atk) @(36,38) mv=3 ord=none hp=full
      #12 Horsemen(Atk) @(36,38) mv=6 ord=none hp=full
      #14 Archers(Atk) @(34,46) mv=3 ord=none hp=full
      #18 Archers(Atk) @(34,46) mv=3 ord=none hp=full
      #22 Archers(Atk) @(34,46) mv=3 ord=none hp=full

══════════════════════════════════════════════════════════════════════
  TURN 45 — 3120 B.C. (3ms)
══════════════════════════════════════════════════════════════════════
  [Civ 1] Romans (despotism): 1 cities, 6 units, 77g, 6 techs, researching Pottery (56/84)
    Rome: size=4, prod=Archers (6sh), bldgs=Palace
    Units: 2x Warriors, 4x Archers
  [Civ 2] Babylonians (despotism): 1 cities, 7 units, 0g, 6 techs, researching The Wheel (12/84)
    Babylon: size=3, prod=Archers (4sh), bldgs=Palace
    Units: 1x Warriors, 1x Settlers, 5x Archers
  [Civ 3] Germans (despotism): 1 cities, 5 units, 24g, 6 techs, researching Pottery (10/84)
    Berlin: size=2, prod=Archers (16sh), bldgs=Palace
    Units: 1x Warriors, 1x Settlers, 3x Archers
  [Civ 4] Egyptians (despotism): 1 cities, 7 units, 76g, 6 techs, researching Writing (70/84)
    Thebes: size=3, prod=Archers (18sh), bldgs=Palace
    Units: 1x Warriors, 1x Settlers, 1x Horsemen, 4x Archers
  [Civ 1] Romans turn: 0 actions — idle
    END_TURN REJECTED: 5 units still need orders
      #1 Warriors(Atk) @(10,74) mv=3 ord=none hp=full
      #16 Archers(Atk) @(7,71) mv=3 ord=none hp=full
      #19 Archers(Atk) @(7,71) mv=3 ord=none hp=full
      #23 Archers(Atk) @(7,71) mv=3 ord=none hp=full
      #27 Archers(Atk) @(7,71) mv=3 ord=none hp=full
    END_TURN REJECTED: 6 units still need orders
      #3 Warriors(Atk) @(9,26) mv=3 ord=none hp=full
      #13 Archers(Atk) @(6,8) mv=3 ord=none hp=full
      #17 Archers(Atk) @(6,8) mv=3 ord=none hp=full
      #21 Archers(Atk) @(6,8) mv=3 ord=none hp=full
      #24 Archers(Atk) @(6,8) mv=3 ord=none hp=full
    END_TURN REJECTED: 4 units still need orders
      #5 Warriors(Atk) @(6,19) mv=3 ord=none hp=full
      #15 Archers(Atk) @(9,39) mv=3 ord=none hp=full
      #20 Archers(Atk) @(9,39) mv=3 ord=none hp=full
      #25 Archers(Atk) @(9,39) mv=3 ord=none hp=full
    END_TURN REJECTED: 6 units still need orders
      #7 Warriors(Atk) @(36,38) mv=3 ord=none hp=full
      #12 Horsemen(Atk) @(36,38) mv=6 ord=none hp=full
      #14 Archers(Atk) @(34,46) mv=3 ord=none hp=full
      #18 Archers(Atk) @(34,46) mv=3 ord=none hp=full
      #22 Archers(Atk) @(34,46) mv=3 ord=none hp=full

══════════════════════════════════════════════════════════════════════
  TURN 46 — 3100 B.C. (3ms)
══════════════════════════════════════════════════════════════════════
  [Civ 1] Romans (despotism): 1 cities, 6 units, 79g, 6 techs, researching Pottery (59/84)
    Rome: size=4, prod=Archers (10sh), bldgs=Palace
    Units: 2x Warriors, 4x Archers
  [Civ 2] Babylonians (despotism): 1 cities, 7 units, 0g, 6 techs, researching The Wheel (13/84)
    Babylon: size=3, prod=Archers (7sh), bldgs=Palace
    Units: 1x Warriors, 1x Settlers, 5x Archers
  [Civ 3] Germans (despotism): 1 cities, 5 units, 25g, 6 techs, researching Pottery (11/84)
    Berlin: size=2, prod=Archers (18sh), bldgs=Palace
    Units: 1x Warriors, 1x Settlers, 3x Archers
  [Civ 4] Egyptians (despotism): 1 cities, 7 units, 78g, 6 techs, researching Writing (74/84)
    Thebes: size=4, prod=Archers (23sh), bldgs=Palace
    Units: 1x Warriors, 1x Settlers, 1x Horsemen, 4x Archers
  [Civ 1] Romans turn: 0 actions — idle
    END_TURN REJECTED: 5 units still need orders
      #1 Warriors(Atk) @(10,74) mv=3 ord=none hp=full
      #16 Archers(Atk) @(7,71) mv=3 ord=none hp=full
      #19 Archers(Atk) @(7,71) mv=3 ord=none hp=full
      #23 Archers(Atk) @(7,71) mv=3 ord=none hp=full
      #27 Archers(Atk) @(7,71) mv=3 ord=none hp=full
    END_TURN REJECTED: 6 units still need orders
      #3 Warriors(Atk) @(9,26) mv=3 ord=none hp=full
      #13 Archers(Atk) @(6,8) mv=3 ord=none hp=full
      #17 Archers(Atk) @(6,8) mv=3 ord=none hp=full
      #21 Archers(Atk) @(6,8) mv=3 ord=none hp=full
      #24 Archers(Atk) @(6,8) mv=3 ord=none hp=full
    END_TURN REJECTED: 4 units still need orders
      #5 Warriors(Atk) @(6,19) mv=3 ord=none hp=full
      #15 Archers(Atk) @(9,39) mv=3 ord=none hp=full
      #20 Archers(Atk) @(9,39) mv=3 ord=none hp=full
      #25 Archers(Atk) @(9,39) mv=3 ord=none hp=full
    END_TURN REJECTED: 6 units still need orders
      #7 Warriors(Atk) @(36,38) mv=3 ord=none hp=full
      #12 Horsemen(Atk) @(36,38) mv=6 ord=none hp=full
      #14 Archers(Atk) @(34,46) mv=3 ord=none hp=full
      #18 Archers(Atk) @(34,46) mv=3 ord=none hp=full
      #22 Archers(Atk) @(34,46) mv=3 ord=none hp=full

══════════════════════════════════════════════════════════════════════
  TURN 47 — 3080 B.C. (3ms)
══════════════════════════════════════════════════════════════════════
  [Civ 1] Romans (despotism): 1 cities, 6 units, 81g, 6 techs, researching Pottery (62/84)
    Rome: size=4, prod=Archers (14sh), bldgs=Palace
    Units: 2x Warriors, 4x Archers
  [Civ 2] Babylonians (despotism): 1 cities, 7 units, 0g, 6 techs, researching The Wheel (14/84)
    Babylon: size=3, prod=Archers (10sh), bldgs=Palace
    Units: 1x Warriors, 1x Settlers, 5x Archers
  [Civ 3] Germans (despotism): 1 cities, 5 units, 26g, 6 techs, researching Pottery (12/84)
    Berlin: size=2, prod=Archers (20sh), bldgs=Palace
    Units: 1x Warriors, 1x Settlers, 3x Archers
  [Civ 4] Egyptians (despotism): 1 cities, 7 units, 80g, 6 techs, researching Writing (78/84)
    Thebes: size=4, prod=Archers (28sh), bldgs=Palace
    Units: 1x Warriors, 1x Settlers, 1x Horsemen, 4x Archers
  [Civ 1] Romans turn: 0 actions — idle
    END_TURN REJECTED: 5 units still need orders
      #1 Warriors(Atk) @(10,74) mv=3 ord=none hp=full
      #16 Archers(Atk) @(7,71) mv=3 ord=none hp=full
      #19 Archers(Atk) @(7,71) mv=3 ord=none hp=full
      #23 Archers(Atk) @(7,71) mv=3 ord=none hp=full
      #27 Archers(Atk) @(7,71) mv=3 ord=none hp=full
    END_TURN REJECTED: 6 units still need orders
      #3 Warriors(Atk) @(9,26) mv=3 ord=none hp=full
      #13 Archers(Atk) @(6,8) mv=3 ord=none hp=full
      #17 Archers(Atk) @(6,8) mv=3 ord=none hp=full
      #21 Archers(Atk) @(6,8) mv=3 ord=none hp=full
      #24 Archers(Atk) @(6,8) mv=3 ord=none hp=full
    END_TURN REJECTED: 4 units still need orders
      #5 Warriors(Atk) @(6,19) mv=3 ord=none hp=full
      #15 Archers(Atk) @(9,39) mv=3 ord=none hp=full
      #20 Archers(Atk) @(9,39) mv=3 ord=none hp=full
      #25 Archers(Atk) @(9,39) mv=3 ord=none hp=full
    END_TURN REJECTED: 6 units still need orders
      #7 Warriors(Atk) @(36,38) mv=3 ord=none hp=full
      #12 Horsemen(Atk) @(36,38) mv=6 ord=none hp=full
      #14 Archers(Atk) @(34,46) mv=3 ord=none hp=full
      #18 Archers(Atk) @(34,46) mv=3 ord=none hp=full
      #22 Archers(Atk) @(34,46) mv=3 ord=none hp=full

══════════════════════════════════════════════════════════════════════
  TURN 48 — 3060 B.C. (3ms)
══════════════════════════════════════════════════════════════════════
  [Civ 1] Romans (despotism): 1 cities, 6 units, 83g, 6 techs, researching Pottery (65/84)
    Rome: size=4, prod=Archers (18sh), bldgs=Palace
    Units: 2x Warriors, 4x Archers
  [Civ 2] Babylonians (despotism): 1 cities, 7 units, 0g, 6 techs, researching The Wheel (15/84)
    Babylon: size=3, prod=Archers (13sh), bldgs=Palace
    Units: 1x Warriors, 1x Settlers, 5x Archers
  [Civ 3] Germans (despotism): 1 cities, 5 units, 27g, 6 techs, researching Pottery (13/84)
    Berlin: size=2, prod=Archers (22sh), bldgs=Palace
    Units: 1x Warriors, 1x Settlers, 3x Archers
  [Civ 4] Egyptians (despotism): 1 cities, 8 units, 82g, 6 techs, researching Writing (81/84)
    Thebes: size=4, prod=Archers (3sh), bldgs=Palace
    Units: 1x Warriors, 1x Settlers, 1x Horsemen, 5x Archers
  [Civ 1] Romans turn: 0 actions — idle
    END_TURN REJECTED: 5 units still need orders
      #1 Warriors(Atk) @(10,74) mv=3 ord=none hp=full
      #16 Archers(Atk) @(7,71) mv=3 ord=none hp=full
      #19 Archers(Atk) @(7,71) mv=3 ord=none hp=full
      #23 Archers(Atk) @(7,71) mv=3 ord=none hp=full
      #27 Archers(Atk) @(7,71) mv=3 ord=none hp=full
    END_TURN REJECTED: 6 units still need orders
      #3 Warriors(Atk) @(9,26) mv=3 ord=none hp=full
      #13 Archers(Atk) @(6,8) mv=3 ord=none hp=full
      #17 Archers(Atk) @(6,8) mv=3 ord=none hp=full
      #21 Archers(Atk) @(6,8) mv=3 ord=none hp=full
      #24 Archers(Atk) @(6,8) mv=3 ord=none hp=full
    END_TURN REJECTED: 4 units still need orders
      #5 Warriors(Atk) @(6,19) mv=3 ord=none hp=full
      #15 Archers(Atk) @(9,39) mv=3 ord=none hp=full
      #20 Archers(Atk) @(9,39) mv=3 ord=none hp=full
      #25 Archers(Atk) @(9,39) mv=3 ord=none hp=full
    SET_RESEARCH tech=Mathematics
    END_TURN REJECTED: 7 units still need orders
      #7 Warriors(Atk) @(36,38) mv=3 ord=none hp=full
      #12 Horsemen(Atk) @(36,38) mv=6 ord=none hp=full
      #14 Archers(Atk) @(34,46) mv=3 ord=none hp=full
      #18 Archers(Atk) @(34,46) mv=3 ord=none hp=full
      #22 Archers(Atk) @(34,46) mv=3 ord=none hp=full

══════════════════════════════════════════════════════════════════════
  TURN 49 — 3040 B.C. (3ms)
══════════════════════════════════════════════════════════════════════
  [Civ 1] Romans (despotism): 1 cities, 6 units, 85g, 6 techs, researching Pottery (68/78)
    Rome: size=4, prod=Archers (22sh), bldgs=Palace
    Units: 2x Warriors, 4x Archers
  [Civ 2] Babylonians (despotism): 1 cities, 7 units, 0g, 6 techs, researching The Wheel (16/78)
    Babylon: size=3, prod=Archers (16sh), bldgs=Palace
    Units: 1x Warriors, 1x Settlers, 5x Archers
  [Civ 3] Germans (despotism): 1 cities, 5 units, 28g, 6 techs, researching Pottery (14/78)
    Berlin: size=2, prod=Archers (24sh), bldgs=Palace
    Units: 1x Warriors, 1x Settlers, 3x Archers
  [Civ 4] Egyptians (despotism): 1 cities, 8 units, 82g, 7 techs, researching Mathematics (0/105)
    Thebes: size=4, prod=Archers (7sh), bldgs=Palace
    Units: 1x Warriors, 1x Settlers, 1x Horsemen, 5x Archers
  [Civ 1] Romans turn: 0 actions — idle
    END_TURN REJECTED: 5 units still need orders
      #1 Warriors(Atk) @(10,74) mv=3 ord=none hp=full
      #16 Archers(Atk) @(7,71) mv=3 ord=none hp=full
      #19 Archers(Atk) @(7,71) mv=3 ord=none hp=full
      #23 Archers(Atk) @(7,71) mv=3 ord=none hp=full
      #27 Archers(Atk) @(7,71) mv=3 ord=none hp=full
    END_TURN REJECTED: 6 units still need orders
      #3 Warriors(Atk) @(9,26) mv=3 ord=none hp=full
      #13 Archers(Atk) @(6,8) mv=3 ord=none hp=full
      #17 Archers(Atk) @(6,8) mv=3 ord=none hp=full
      #21 Archers(Atk) @(6,8) mv=3 ord=none hp=full
      #24 Archers(Atk) @(6,8) mv=3 ord=none hp=full
    END_TURN REJECTED: 4 units still need orders
      #5 Warriors(Atk) @(6,19) mv=3 ord=none hp=full
      #15 Archers(Atk) @(9,39) mv=3 ord=none hp=full
      #20 Archers(Atk) @(9,39) mv=3 ord=none hp=full
      #25 Archers(Atk) @(9,39) mv=3 ord=none hp=full
    END_TURN REJECTED: 7 units still need orders
      #7 Warriors(Atk) @(36,38) mv=3 ord=none hp=full
      #12 Horsemen(Atk) @(36,38) mv=6 ord=none hp=full
      #14 Archers(Atk) @(34,46) mv=3 ord=none hp=full
      #18 Archers(Atk) @(34,46) mv=3 ord=none hp=full
      #22 Archers(Atk) @(34,46) mv=3 ord=none hp=full

══════════════════════════════════════════════════════════════════════
  FINAL SUMMARY
══════════════════════════════════════════════════════════════════════
Game ended at turn 50 (3020 B.C.)

── Civ 1: Romans (despotism) ALIVE ──
  Cities: 1 (peak 1, founded 1)
  Units:  6 (peak 6)
  Treasury: 87g
  Techs discovered: 0 — none
  Actions: 47 total, 30 idle turns
  Breakdown: UNIT_ORDER(20), MOVE_UNIT(17), SET_RESEARCH(4), ADJUST_ATTITUDE(3), CHANGE_RATES(1), BUILD_CITY(1), CHANGE_PRODUCTION(1)
  Army: 2x Warriors, 4x Archers
  Rome: size=4, shields=26

── Civ 2: Babylonians (despotism) ALIVE ──
  Cities: 1 (peak 1, founded 2)
  Units:  7 (peak 7)
  Treasury: 0g
  Techs discovered: 0 — none
  Actions: 41 total, 34 idle turns
  Breakdown: UNIT_ORDER(16), MOVE_UNIT(14), SET_RESEARCH(4), ADJUST_ATTITUDE(3), BUILD_CITY(2), CHANGE_RATES(1), CHANGE_PRODUCTION(1)
  Army: 1x Warriors, 1x Settlers, 5x Archers
  Babylon: size=3, shields=19

── Civ 3: Germans (despotism) ALIVE ──
  Cities: 1 (peak 1, founded 2)
  Units:  5 (peak 5)
  Treasury: 29g
  Techs discovered: 1 — Ceremonial Burial
  Actions: 45 total, 33 idle turns
  Breakdown: UNIT_ORDER(18), MOVE_UNIT(16), SET_RESEARCH(4), ADJUST_ATTITUDE(3), BUILD_CITY(2), CHANGE_RATES(1), CHANGE_PRODUCTION(1)
  Army: 1x Warriors, 1x Settlers, 3x Archers
  Berlin: size=2, shields=26

── Civ 4: Egyptians (despotism) ALIVE ──
  Cities: 1 (peak 1, founded 2)
  Units:  8 (peak 8)
  Treasury: 84g
  Techs discovered: 1 — Masonry
  Actions: 28 total, 39 idle turns
  Breakdown: UNIT_ORDER(9), MOVE_UNIT(6), SET_RESEARCH(5), ADJUST_ATTITUDE(3), BUILD_CITY(2), CHANGE_RATES(1), CHANGE_PRODUCTION(1), WORKER_ORDER(1)
  Army: 1x Warriors, 1x Settlers, 1x Horsemen, 5x Archers
  Thebes: size=4, shields=11


══════════════════════════════════════════════════════════════════════
  AI BEHAVIOR ANALYSIS
══════════════════════════════════════════════════════════════════════
[Civ 1] Romans:
  WARNING: Never discovered a tech
  WARNING: Idle 30/50 turns (>50%)
  WARNING: Only 1 city after 30+ turns
  WARNING: Low unit diversity

[Civ 2] Babylonians:
  WARNING: Never discovered a tech
  WARNING: Idle 34/50 turns (>50%)
  WARNING: 1 units stuck (busy orders outside city)

[Civ 3] Germans:
  WARNING: Idle 33/50 turns (>50%)
  WARNING: 1 units stuck (busy orders outside city)

[Civ 4] Egyptians:
  WARNING: Idle 39/50 turns (>50%)

