Charlization AI Headless Simulation
Date: 2026-03-20T18:14:29.094Z
Settings: 50 turns, 4 AI players, 50x80 map, difficulty=prince
Map seed: 27116
Map generated in 66ms
Game initialized: 4 civs, 10 starting units
  Civ 1 (Romans): starts at (17,71) on Grassland
  Civ 2 (Babylonians): starts at (44,8) on Grassland
  Civ 3 (Germans): starts at (15,39) on Hills
  Civ 4 (Egyptians): starts at (42,66) on Grassland
    SET_RESEARCH tech=Warrior Code
    CHANGE_RATES sci=6 tax=4 lux=undefined
    BUILD_CITY unit=0 name="Rome"
    1 actions REJECTED (of 6)
    SET_RESEARCH tech=Code of Laws
    CHANGE_RATES sci=6 tax=4 lux=undefined
    BUILD_CITY unit=2 name="Babylon"
    BUILD_CITY unit=8 name="Babylon"
    2 actions REJECTED (of 8)
    END_TURN REJECTED: 1 units still need orders
      #10 Archers(Atk) @(44,9) mv=3 ord=none hp=full
    SET_RESEARCH tech=Bronze Working
    CHANGE_RATES sci=6 tax=4 lux=undefined
    BUILD_CITY unit=4 name="Berlin"
    BUILD_CITY unit=9 name="Berlin"
    2 actions REJECTED (of 8)
    SET_RESEARCH tech=Masonry
    CHANGE_RATES sci=6 tax=4 lux=undefined
    BUILD_CITY unit=6 name="Thebes"
    1 actions REJECTED (of 6)

══════════════════════════════════════════════════════════════════════
  TURN 1 — 4000 B.C. (37ms)
══════════════════════════════════════════════════════════════════════
  [Civ 1] Romans (despotism): 1 cities, 1 units, 1g, 4 techs, researching Warrior Code (3/52)
    Rome: size=1, prod=Warriors (2sh), bldgs=Palace
    Units: 1x Warriors
  [Civ 2] Babylonians (despotism): 1 cities, 3 units, 0g, 3 techs, researching Code of Laws (0/36)
    Babylon: size=1, prod=Warriors (0sh), bldgs=Palace
    Units: 1x Warriors, 1x Settlers, 1x Archers
  [Civ 3] Germans (despotism): 1 cities, 2 units, 0g, 1 techs, researching Bronze Working (0/11)
    Berlin: size=1, prod=Warriors (0sh), bldgs=Palace
    Units: 1x Warriors, 1x Settlers
  [Civ 4] Egyptians (despotism): 1 cities, 1 units, 0g, 3 techs, researching Masonry (0/36)
    Thebes: size=1, prod=Warriors (0sh), bldgs=Palace
    Units: 1x Warriors
  [Civ 1] Romans turn: 2 actions — MOVE_UNIT(1), UNIT_ORDER(1)
    CHANGE_PRODUCTION city=1
    CHANGE_PRODUCTION city=2
    END_TURN REJECTED: 1 units still need orders
      #11 Horsemen(Atk) @(42,69) mv=6 ord=none hp=full

══════════════════════════════════════════════════════════════════════
  TURN 2 — 3980 B.C. (22ms)
══════════════════════════════════════════════════════════════════════
  [Civ 1] Romans (despotism): 1 cities, 1 units, 2g, 4 techs, researching Warrior Code (6/52)
    Rome: size=1, prod=Warriors (4sh), bldgs=Palace
    Units: 1x Warriors
  [Civ 2] Babylonians (despotism): 1 cities, 3 units, 2g, 3 techs, researching Code of Laws (3/36)
    Babylon: size=1, prod=building:2 (0sh), bldgs=Palace
    Units: 1x Warriors, 1x Settlers, 1x Archers
  [Civ 3] Germans (despotism): 1 cities, 2 units, 0g, 3 techs, researching Bronze Working (2/36)
    Berlin: size=1, prod=building:2 (0sh), bldgs=Palace
    Units: 1x Warriors, 1x Settlers
  [Civ 4] Egyptians (despotism): 1 cities, 2 units, 1g, 3 techs, researching Masonry (3/36)
    Thebes: size=1, prod=Warriors (2sh), bldgs=Palace
    Units: 1x Warriors, 1x Horsemen
  [Civ 1] Romans turn: 2 actions — MOVE_UNIT(1), UNIT_ORDER(1)

══════════════════════════════════════════════════════════════════════
  TURN 3 — 3960 B.C. (9ms)
══════════════════════════════════════════════════════════════════════
  [Civ 1] Romans (despotism): 1 cities, 1 units, 3g, 4 techs, researching Warrior Code (9/52)
    Rome: size=1, prod=Warriors (6sh), bldgs=Palace
    Units: 1x Warriors
  [Civ 2] Babylonians (despotism): 1 cities, 3 units, 4g, 3 techs, researching Code of Laws (6/36)
    Babylon: size=1, prod=building:2 (3sh), bldgs=Palace
    Units: 1x Warriors, 1x Settlers, 1x Archers
  [Civ 3] Germans (despotism): 1 cities, 2 units, 0g, 3 techs, researching Bronze Working (4/36)
    Berlin: size=1, prod=building:2 (2sh), bldgs=Palace
    Units: 1x Warriors, 1x Settlers
  [Civ 4] Egyptians (despotism): 1 cities, 2 units, 2g, 3 techs, researching Masonry (6/36)
    Thebes: size=1, prod=Warriors (4sh), bldgs=Palace
    Units: 1x Warriors, 1x Horsemen
  [Civ 1] Romans turn: 2 actions — MOVE_UNIT(1), UNIT_ORDER(1)

══════════════════════════════════════════════════════════════════════
  TURN 4 — 3940 B.C. (6ms)
══════════════════════════════════════════════════════════════════════
  [Civ 1] Romans (despotism): 1 cities, 1 units, 4g, 4 techs, researching Warrior Code (12/52)
    Rome: size=1, prod=Warriors (8sh), bldgs=Palace
    Units: 1x Warriors
  [Civ 2] Babylonians (despotism): 1 cities, 3 units, 6g, 3 techs, researching Code of Laws (9/36)
    Babylon: size=1, prod=building:2 (6sh), bldgs=Palace
    Units: 1x Warriors, 1x Settlers, 1x Archers
  [Civ 3] Germans (despotism): 1 cities, 2 units, 0g, 3 techs, researching Bronze Working (6/36)
    Berlin: size=1, prod=building:2 (4sh), bldgs=Palace
    Units: 1x Warriors, 1x Settlers
  [Civ 4] Egyptians (despotism): 1 cities, 2 units, 3g, 3 techs, researching Masonry (9/36)
    Thebes: size=1, prod=Warriors (6sh), bldgs=Palace
    Units: 1x Warriors, 1x Horsemen
  [Civ 1] Romans turn: 2 actions — MOVE_UNIT(1), UNIT_ORDER(1)
    >>> Rome built Warriors

══════════════════════════════════════════════════════════════════════
  TURN 5 — 3920 B.C. (6ms)
══════════════════════════════════════════════════════════════════════
  [Civ 1] Romans (despotism): 1 cities, 2 units, 5g, 4 techs, researching Warrior Code (15/52)
    Rome: size=1, prod=Warriors (0sh), bldgs=Palace
    Units: 2x Warriors
  [Civ 2] Babylonians (despotism): 1 cities, 3 units, 8g, 3 techs, researching Code of Laws (12/36)
    Babylon: size=1, prod=building:2 (9sh), bldgs=Palace
    Units: 1x Warriors, 1x Settlers, 1x Archers
  [Civ 3] Germans (despotism): 1 cities, 2 units, 0g, 3 techs, researching Bronze Working (8/36)
    Berlin: size=1, prod=building:2 (6sh), bldgs=Palace
    Units: 1x Warriors, 1x Settlers
  [Civ 4] Egyptians (despotism): 1 cities, 2 units, 4g, 3 techs, researching Masonry (12/36)
    Thebes: size=1, prod=Warriors (8sh), bldgs=Palace
    Units: 1x Warriors, 1x Horsemen
  [Civ 1] Romans turn: 3 actions — CHANGE_PRODUCTION(1), MOVE_UNIT(1), UNIT_ORDER(1)
    CHANGE_PRODUCTION city=0
    >>> Thebes built Warriors
    CHANGE_PRODUCTION city=3

══════════════════════════════════════════════════════════════════════
  TURN 6 — 3900 B.C. (4ms)
══════════════════════════════════════════════════════════════════════
  [Civ 1] Romans (despotism): 1 cities, 2 units, 6g, 4 techs, researching Warrior Code (18/52)
    Rome: size=1, prod=building:2 (2sh), bldgs=Palace
    Units: 2x Warriors
  [Civ 2] Babylonians (despotism): 1 cities, 3 units, 10g, 3 techs, researching Code of Laws (15/36)
    Babylon: size=1, prod=building:2 (12sh), bldgs=Palace
    Units: 1x Warriors, 1x Settlers, 1x Archers
  [Civ 3] Germans (despotism): 1 cities, 2 units, 0g, 3 techs, researching Bronze Working (10/36)
    Berlin: size=1, prod=building:2 (8sh), bldgs=Palace
    Units: 1x Warriors, 1x Settlers
  [Civ 4] Egyptians (despotism): 1 cities, 3 units, 5g, 3 techs, researching Masonry (15/36)
    Thebes: size=1, prod=building:2 (0sh), bldgs=Palace
    Units: 2x Warriors, 1x Horsemen
  [Civ 1] Romans turn: 4 actions — MOVE_UNIT(1), UNIT_ORDER(3)

══════════════════════════════════════════════════════════════════════
  TURN 7 — 3880 B.C. (6ms)
══════════════════════════════════════════════════════════════════════
  [Civ 1] Romans (despotism): 1 cities, 2 units, 7g, 4 techs, researching Warrior Code (21/52)
    Rome: size=1, prod=building:2 (4sh), bldgs=Palace
    Units: 2x Warriors
  [Civ 2] Babylonians (despotism): 1 cities, 3 units, 12g, 3 techs, researching Code of Laws (18/36)
    Babylon: size=1, prod=building:2 (15sh), bldgs=Palace
    Units: 1x Warriors, 1x Settlers, 1x Archers
  [Civ 3] Germans (despotism): 1 cities, 2 units, 0g, 3 techs, researching Bronze Working (12/36)
    Berlin: size=1, prod=building:2 (10sh), bldgs=Palace
    Units: 1x Warriors, 1x Settlers
  [Civ 4] Egyptians (despotism): 1 cities, 3 units, 6g, 3 techs, researching Masonry (18/36)
    Thebes: size=1, prod=building:2 (2sh), bldgs=Palace
    Units: 2x Warriors, 1x Horsemen
  [Civ 1] Romans turn: 2 actions — MOVE_UNIT(1), UNIT_ORDER(1)
    END_TURN REJECTED: 1 units still need orders
      #14 Archers(Atk) @(15,60) mv=3 ord=none hp=full

══════════════════════════════════════════════════════════════════════
  TURN 8 — 3860 B.C. (5ms)
══════════════════════════════════════════════════════════════════════
  [Civ 1] Romans (despotism): 1 cities, 3 units, 8g, 4 techs, researching Warrior Code (24/52)
    Rome: size=1, prod=building:2 (6sh), bldgs=Palace
    Units: 2x Warriors, 1x Archers
  [Civ 2] Babylonians (despotism): 1 cities, 3 units, 14g, 3 techs, researching Code of Laws (21/36)
    Babylon: size=1, prod=building:2 (18sh), bldgs=Palace
    Units: 1x Warriors, 1x Settlers, 1x Archers
  [Civ 3] Germans (despotism): 1 cities, 2 units, 0g, 3 techs, researching Bronze Working (14/36)
    Berlin: size=1, prod=building:2 (12sh), bldgs=Palace
    Units: 1x Warriors, 1x Settlers
  [Civ 4] Egyptians (despotism): 1 cities, 3 units, 7g, 3 techs, researching Masonry (21/36)
    Thebes: size=1, prod=building:2 (4sh), bldgs=Palace
    Units: 2x Warriors, 1x Horsemen
  [Civ 1] Romans turn: 4 actions — MOVE_UNIT(2), UNIT_ORDER(2)

══════════════════════════════════════════════════════════════════════
  TURN 9 — 3840 B.C. (5ms)
══════════════════════════════════════════════════════════════════════
  [Civ 1] Romans (despotism): 1 cities, 3 units, 9g, 4 techs, researching Warrior Code (27/52)
    Rome: size=1, prod=building:2 (8sh), bldgs=Palace
    Units: 2x Warriors, 1x Archers
  [Civ 2] Babylonians (despotism): 1 cities, 3 units, 16g, 3 techs, researching Code of Laws (24/36)
    Babylon: size=1, prod=building:2 (21sh), bldgs=Palace
    Units: 1x Warriors, 1x Settlers, 1x Archers
  [Civ 3] Germans (despotism): 1 cities, 2 units, 0g, 3 techs, researching Bronze Working (16/36)
    Berlin: size=1, prod=building:2 (14sh), bldgs=Palace
    Units: 1x Warriors, 1x Settlers
  [Civ 4] Egyptians (despotism): 1 cities, 3 units, 8g, 3 techs, researching Masonry (24/36)
    Thebes: size=1, prod=building:2 (6sh), bldgs=Palace
    Units: 2x Warriors, 1x Horsemen
  [Civ 1] Romans turn: 4 actions — MOVE_UNIT(2), UNIT_ORDER(2)
    >>> Rome grew to size 2

══════════════════════════════════════════════════════════════════════
  TURN 10 — 3820 B.C. (6ms)
══════════════════════════════════════════════════════════════════════
  [Civ 1] Romans (despotism): 1 cities, 3 units, 11g, 4 techs, researching Warrior Code (30/52)
    Rome: size=2, prod=building:2 (11sh), bldgs=Palace
    Units: 2x Warriors, 1x Archers
  [Civ 2] Babylonians (despotism): 1 cities, 3 units, 18g, 3 techs, researching Code of Laws (27/36)
    Babylon: size=1, prod=building:2 (24sh), bldgs=Palace
    Units: 1x Warriors, 1x Settlers, 1x Archers
  [Civ 3] Germans (despotism): 1 cities, 2 units, 0g, 3 techs, researching Bronze Working (18/36)
    Berlin: size=1, prod=building:2 (16sh), bldgs=Palace
    Units: 1x Warriors, 1x Settlers
  [Civ 4] Egyptians (despotism): 1 cities, 3 units, 9g, 3 techs, researching Masonry (27/36)
    Thebes: size=1, prod=building:2 (8sh), bldgs=Palace
    Units: 2x Warriors, 1x Horsemen
  [Civ 1] Romans turn: 4 actions — MOVE_UNIT(2), UNIT_ORDER(2)
    >>> Babylon grew to size 2
    >>> Berlin grew to size 2
    >>> Thebes grew to size 2

══════════════════════════════════════════════════════════════════════
  TURN 11 — 3800 B.C. (9ms)
══════════════════════════════════════════════════════════════════════
  [Civ 1] Romans (despotism): 1 cities, 3 units, 13g, 4 techs, researching Warrior Code (33/52)
    Rome: size=2, prod=building:2 (14sh), bldgs=Palace
    Units: 2x Warriors, 1x Archers
  [Civ 2] Babylonians (despotism): 1 cities, 3 units, 20g, 3 techs, researching Code of Laws (31/36)
    Babylon: size=2, prod=building:2 (29sh), bldgs=Palace
    Units: 1x Warriors, 1x Settlers, 1x Archers
  [Civ 3] Germans (despotism): 1 cities, 2 units, 1g, 3 techs, researching Bronze Working (20/36)
    Berlin: size=2, prod=building:2 (19sh), bldgs=Palace
    Units: 1x Warriors, 1x Settlers
  [Civ 4] Egyptians (despotism): 1 cities, 3 units, 11g, 3 techs, researching Masonry (30/36)
    Thebes: size=2, prod=building:2 (11sh), bldgs=Palace
    Units: 2x Warriors, 1x Horsemen
  [Civ 1] Romans turn: 4 actions — MOVE_UNIT(2), UNIT_ORDER(2)

══════════════════════════════════════════════════════════════════════
  TURN 12 — 3780 B.C. (5ms)
══════════════════════════════════════════════════════════════════════
  [Civ 1] Romans (despotism): 1 cities, 3 units, 15g, 4 techs, researching Warrior Code (36/52)
    Rome: size=2, prod=building:2 (17sh), bldgs=Palace
    Units: 2x Warriors, 1x Archers
  [Civ 2] Babylonians (despotism): 1 cities, 3 units, 22g, 3 techs, researching Code of Laws (35/36)
    Babylon: size=2, prod=building:2 (34sh), bldgs=Palace
    Units: 1x Warriors, 1x Settlers, 1x Archers
  [Civ 3] Germans (despotism): 1 cities, 2 units, 2g, 3 techs, researching Bronze Working (22/36)
    Berlin: size=2, prod=building:2 (22sh), bldgs=Palace
    Units: 1x Warriors, 1x Settlers
  [Civ 4] Egyptians (despotism): 1 cities, 3 units, 13g, 3 techs, researching Masonry (33/36)
    Thebes: size=2, prod=building:2 (14sh), bldgs=Palace
    Units: 2x Warriors, 1x Horsemen
  [Civ 1] Romans turn: 4 actions — MOVE_UNIT(2), UNIT_ORDER(2)
    >>> Babylonians discovered: Code of Laws
    SET_RESEARCH tech=Bronze Working
    >>> Egyptians discovered: Masonry
    SET_RESEARCH tech=Bronze Working
    CHANGE_PRODUCTION city=3

══════════════════════════════════════════════════════════════════════
  TURN 13 — 3760 B.C. (10ms)
══════════════════════════════════════════════════════════════════════
  [Civ 1] Romans (despotism): 1 cities, 3 units, 17g, 4 techs, researching Warrior Code (39/52)
    Rome: size=2, prod=building:2 (20sh), bldgs=Palace
    Units: 2x Warriors, 1x Archers
  [Civ 2] Babylonians (despotism): 1 cities, 3 units, 22g, 4 techs, researching Bronze Working (0/52)
    Babylon: size=2, prod=building:2 (39sh), bldgs=Palace
    Units: 1x Warriors, 1x Settlers, 1x Archers
  [Civ 3] Germans (despotism): 1 cities, 2 units, 3g, 3 techs, researching Bronze Working (24/36)
    Berlin: size=2, prod=building:2 (25sh), bldgs=Palace
    Units: 1x Warriors, 1x Settlers
  [Civ 4] Egyptians (despotism): 1 cities, 3 units, 13g, 4 techs, researching Bronze Working (0/52)
    Thebes: size=2, prod=building:8 (17sh), bldgs=Palace
    Units: 2x Warriors, 1x Horsemen
  [Civ 1] Romans turn: 4 actions — MOVE_UNIT(2), UNIT_ORDER(2)
    >>> Babylon built building:2
    CHANGE_PRODUCTION city=1

══════════════════════════════════════════════════════════════════════
  TURN 14 — 3740 B.C. (5ms)
══════════════════════════════════════════════════════════════════════
  [Civ 1] Romans (despotism): 1 cities, 3 units, 19g, 4 techs, researching Warrior Code (42/48)
    Rome: size=2, prod=building:2 (23sh), bldgs=Palace
    Units: 2x Warriors, 1x Archers
  [Civ 2] Babylonians (despotism): 1 cities, 3 units, 23g, 4 techs, researching Bronze Working (4/48)
    Babylon: size=2, prod=Warriors (0sh), bldgs=Palace, Barracks
    Units: 1x Warriors, 1x Settlers, 1x Archers
  [Civ 3] Germans (despotism): 1 cities, 2 units, 4g, 4 techs, researching Bronze Working (26/48)
    Berlin: size=2, prod=building:2 (28sh), bldgs=Palace
    Units: 1x Warriors, 1x Settlers
  [Civ 4] Egyptians (despotism): 1 cities, 3 units, 15g, 5 techs, researching Bronze Working (3/70)
    Thebes: size=2, prod=building:8 (20sh), bldgs=Palace
    Units: 2x Warriors, 1x Horsemen
  [Civ 1] Romans turn: 4 actions — MOVE_UNIT(2), UNIT_ORDER(2)

══════════════════════════════════════════════════════════════════════
  TURN 15 — 3720 B.C. (5ms)
══════════════════════════════════════════════════════════════════════
  [Civ 1] Romans (despotism): 1 cities, 3 units, 21g, 4 techs, researching Warrior Code (45/48)
    Rome: size=2, prod=building:2 (26sh), bldgs=Palace
    Units: 2x Warriors, 1x Archers
  [Civ 2] Babylonians (despotism): 1 cities, 3 units, 24g, 4 techs, researching Bronze Working (8/48)
    Babylon: size=2, prod=Warriors (5sh), bldgs=Palace, Barracks
    Units: 1x Warriors, 1x Settlers, 1x Archers
  [Civ 3] Germans (despotism): 1 cities, 2 units, 5g, 4 techs, researching Bronze Working (28/48)
    Berlin: size=2, prod=building:2 (31sh), bldgs=Palace
    Units: 1x Warriors, 1x Settlers
  [Civ 4] Egyptians (despotism): 1 cities, 3 units, 17g, 5 techs, researching Bronze Working (6/70)
    Thebes: size=2, prod=building:8 (23sh), bldgs=Palace
    Units: 2x Warriors, 1x Horsemen
  [Civ 1] Romans turn: 4 actions — MOVE_UNIT(2), UNIT_ORDER(2)
    >>> Babylon built Warriors
    CHANGE_PRODUCTION city=1
    >>> Romans discovered: Warrior Code

══════════════════════════════════════════════════════════════════════
  TURN 16 — 3700 B.C. (5ms)
══════════════════════════════════════════════════════════════════════
  [Civ 1] Romans (despotism): 1 cities, 3 units, 21g, 5 techs, researching none (0/70)
    Rome: size=2, prod=building:2 (29sh), bldgs=Palace
    Units: 2x Warriors, 1x Archers
  [Civ 2] Babylonians (despotism): 1 cities, 4 units, 25g, 4 techs, researching Bronze Working (12/48)
    Babylon: size=2, prod=Settlers (0sh), bldgs=Palace, Barracks
    Units: 2x Warriors, 1x Settlers, 1x Archers
  [Civ 3] Germans (despotism): 1 cities, 2 units, 6g, 4 techs, researching Bronze Working (30/48)
    Berlin: size=2, prod=building:2 (34sh), bldgs=Palace
    Units: 1x Warriors, 1x Settlers
  [Civ 4] Egyptians (despotism): 1 cities, 3 units, 19g, 5 techs, researching Bronze Working (9/70)
    Thebes: size=2, prod=building:8 (26sh), bldgs=Palace
    Units: 2x Warriors, 1x Horsemen
  [Civ 1] Romans turn: 5 actions — SET_RESEARCH(1), MOVE_UNIT(2), UNIT_ORDER(2)
    SET_RESEARCH tech=Bronze Working

══════════════════════════════════════════════════════════════════════
  TURN 17 — 3680 B.C. (5ms)
══════════════════════════════════════════════════════════════════════
  [Civ 1] Romans (despotism): 1 cities, 3 units, 23g, 5 techs, researching Bronze Working (3/70)
    Rome: size=2, prod=building:2 (32sh), bldgs=Palace
    Units: 2x Warriors, 1x Archers
  [Civ 2] Babylonians (despotism): 1 cities, 4 units, 26g, 4 techs, researching Bronze Working (16/48)
    Babylon: size=2, prod=Settlers (5sh), bldgs=Palace, Barracks
    Units: 2x Warriors, 1x Settlers, 1x Archers
  [Civ 3] Germans (despotism): 1 cities, 2 units, 7g, 4 techs, researching Bronze Working (32/48)
    Berlin: size=2, prod=building:2 (37sh), bldgs=Palace
    Units: 1x Warriors, 1x Settlers
  [Civ 4] Egyptians (despotism): 1 cities, 3 units, 21g, 5 techs, researching Bronze Working (12/70)
    Thebes: size=2, prod=building:8 (29sh), bldgs=Palace
    Units: 2x Warriors, 1x Horsemen
  [Civ 1] Romans turn: 4 actions — MOVE_UNIT(2), UNIT_ORDER(2)
    >>> Berlin built building:2
    CHANGE_PRODUCTION city=2

══════════════════════════════════════════════════════════════════════
  TURN 18 — 3660 B.C. (5ms)
══════════════════════════════════════════════════════════════════════
  [Civ 1] Romans (despotism): 1 cities, 3 units, 25g, 5 techs, researching Bronze Working (6/70)
    Rome: size=2, prod=building:2 (35sh), bldgs=Palace
    Units: 2x Warriors, 1x Archers
  [Civ 2] Babylonians (despotism): 1 cities, 4 units, 27g, 4 techs, researching Bronze Working (20/48)
    Babylon: size=2, prod=Settlers (10sh), bldgs=Palace, Barracks
    Units: 2x Warriors, 1x Settlers, 1x Archers
  [Civ 3] Germans (despotism): 1 cities, 2 units, 7g, 4 techs, researching Bronze Working (34/48)
    Berlin: size=2, prod=Settlers (0sh), bldgs=Palace, Barracks
    Units: 1x Warriors, 1x Settlers
  [Civ 4] Egyptians (despotism): 1 cities, 3 units, 23g, 5 techs, researching Bronze Working (15/70)
    Thebes: size=2, prod=building:8 (32sh), bldgs=Palace
    Units: 2x Warriors, 1x Horsemen
  [Civ 1] Romans turn: 4 actions — MOVE_UNIT(2), UNIT_ORDER(2)

══════════════════════════════════════════════════════════════════════
  TURN 19 — 3640 B.C. (5ms)
══════════════════════════════════════════════════════════════════════
  [Civ 1] Romans (despotism): 1 cities, 3 units, 27g, 5 techs, researching Bronze Working (9/70)
    Rome: size=2, prod=building:2 (38sh), bldgs=Palace
    Units: 2x Warriors, 1x Archers
  [Civ 2] Babylonians (despotism): 1 cities, 4 units, 28g, 4 techs, researching Bronze Working (24/48)
    Babylon: size=2, prod=Settlers (15sh), bldgs=Palace, Barracks
    Units: 2x Warriors, 1x Settlers, 1x Archers
  [Civ 3] Germans (despotism): 1 cities, 2 units, 7g, 4 techs, researching Bronze Working (36/48)
    Berlin: size=2, prod=Settlers (3sh), bldgs=Palace, Barracks
    Units: 1x Warriors, 1x Settlers
  [Civ 4] Egyptians (despotism): 1 cities, 3 units, 25g, 5 techs, researching Bronze Working (18/70)
    Thebes: size=2, prod=building:8 (35sh), bldgs=Palace
    Units: 2x Warriors, 1x Horsemen
  [Civ 1] Romans turn: 4 actions — MOVE_UNIT(2), UNIT_ORDER(2)
    >>> Rome built building:2

══════════════════════════════════════════════════════════════════════
  TURN 20 — 3620 B.C. (5ms)
══════════════════════════════════════════════════════════════════════
  [Civ 1] Romans (despotism): 1 cities, 3 units, 28g, 5 techs, researching Bronze Working (12/70)
    Rome: size=2, prod=building:2 (1sh), bldgs=Palace, Barracks
    Units: 2x Warriors, 1x Archers
  [Civ 2] Babylonians (despotism): 1 cities, 4 units, 29g, 4 techs, researching Bronze Working (28/48)
    Babylon: size=2, prod=Settlers (20sh), bldgs=Palace, Barracks
    Units: 2x Warriors, 1x Settlers, 1x Archers
  [Civ 3] Germans (despotism): 1 cities, 2 units, 7g, 4 techs, researching Bronze Working (38/48)
    Berlin: size=2, prod=Settlers (6sh), bldgs=Palace, Barracks
    Units: 1x Warriors, 1x Settlers
  [Civ 4] Egyptians (despotism): 1 cities, 3 units, 27g, 5 techs, researching Bronze Working (21/70)
    Thebes: size=2, prod=building:8 (38sh), bldgs=Palace
    Units: 2x Warriors, 1x Horsemen
  [Civ 1] Romans turn: 5 actions — CHANGE_PRODUCTION(1), MOVE_UNIT(2), UNIT_ORDER(2)
    CHANGE_PRODUCTION city=0

══════════════════════════════════════════════════════════════════════
  TURN 21 — 3600 B.C. (8ms)
══════════════════════════════════════════════════════════════════════
  [Civ 1] Romans (despotism): 1 cities, 3 units, 29g, 5 techs, researching Bronze Working (15/70)
    Rome: size=2, prod=Archers (3sh), bldgs=Palace, Barracks
    Units: 2x Warriors, 1x Archers
  [Civ 2] Babylonians (despotism): 1 cities, 4 units, 30g, 4 techs, researching Bronze Working (32/48)
    Babylon: size=2, prod=Settlers (25sh), bldgs=Palace, Barracks
    Units: 2x Warriors, 1x Settlers, 1x Archers
  [Civ 3] Germans (despotism): 1 cities, 2 units, 7g, 4 techs, researching Bronze Working (40/48)
    Berlin: size=2, prod=Settlers (9sh), bldgs=Palace, Barracks
    Units: 1x Warriors, 1x Settlers
  [Civ 4] Egyptians (despotism): 1 cities, 3 units, 29g, 5 techs, researching Bronze Working (24/70)
    Thebes: size=2, prod=building:8 (41sh), bldgs=Palace
    Units: 2x Warriors, 1x Horsemen
  [Civ 1] Romans turn: 4 actions — MOVE_UNIT(2), UNIT_ORDER(2)

══════════════════════════════════════════════════════════════════════
  TURN 22 — 3580 B.C. (5ms)
══════════════════════════════════════════════════════════════════════
  [Civ 1] Romans (despotism): 1 cities, 3 units, 30g, 5 techs, researching Bronze Working (18/70)
    Rome: size=2, prod=Archers (6sh), bldgs=Palace, Barracks
    Units: 2x Warriors, 1x Archers
  [Civ 2] Babylonians (despotism): 1 cities, 4 units, 31g, 4 techs, researching Bronze Working (36/48)
    Babylon: size=2, prod=Settlers (30sh), bldgs=Palace, Barracks
    Units: 2x Warriors, 1x Settlers, 1x Archers
  [Civ 3] Germans (despotism): 1 cities, 2 units, 7g, 4 techs, researching Bronze Working (42/48)
    Berlin: size=2, prod=Settlers (12sh), bldgs=Palace, Barracks
    Units: 1x Warriors, 1x Settlers
  [Civ 4] Egyptians (despotism): 1 cities, 3 units, 31g, 5 techs, researching Bronze Working (27/70)
    Thebes: size=2, prod=building:8 (44sh), bldgs=Palace
    Units: 2x Warriors, 1x Horsemen
  [Civ 1] Romans turn: 4 actions — MOVE_UNIT(2), UNIT_ORDER(2)

══════════════════════════════════════════════════════════════════════
  TURN 23 — 3560 B.C. (4ms)
══════════════════════════════════════════════════════════════════════
  [Civ 1] Romans (despotism): 1 cities, 3 units, 31g, 5 techs, researching Bronze Working (21/70)
    Rome: size=2, prod=Archers (9sh), bldgs=Palace, Barracks
    Units: 2x Warriors, 1x Archers
  [Civ 2] Babylonians (despotism): 1 cities, 4 units, 32g, 4 techs, researching Bronze Working (40/48)
    Babylon: size=2, prod=Settlers (35sh), bldgs=Palace, Barracks
    Units: 2x Warriors, 1x Settlers, 1x Archers
  [Civ 3] Germans (despotism): 1 cities, 2 units, 7g, 4 techs, researching Bronze Working (44/48)
    Berlin: size=2, prod=Settlers (15sh), bldgs=Palace, Barracks
    Units: 1x Warriors, 1x Settlers
  [Civ 4] Egyptians (despotism): 1 cities, 3 units, 33g, 5 techs, researching Bronze Working (30/70)
    Thebes: size=2, prod=building:8 (47sh), bldgs=Palace
    Units: 2x Warriors, 1x Horsemen
  [Civ 1] Romans turn: 4 actions — MOVE_UNIT(2), UNIT_ORDER(2)
    >>> Babylon built Settlers
    CHANGE_PRODUCTION city=1

══════════════════════════════════════════════════════════════════════
  TURN 24 — 3540 B.C. (4ms)
══════════════════════════════════════════════════════════════════════
  [Civ 1] Romans (despotism): 1 cities, 3 units, 32g, 5 techs, researching Bronze Working (24/70)
    Rome: size=2, prod=Archers (12sh), bldgs=Palace, Barracks
    Units: 2x Warriors, 1x Archers
  [Civ 2] Babylonians (despotism): 1 cities, 5 units, 33g, 4 techs, researching Bronze Working (43/48)
    Babylon: size=1, prod=Warriors (0sh), bldgs=Palace, Barracks
    Units: 2x Warriors, 2x Settlers, 1x Archers
  [Civ 3] Germans (despotism): 1 cities, 2 units, 7g, 4 techs, researching Bronze Working (46/48)
    Berlin: size=2, prod=Settlers (18sh), bldgs=Palace, Barracks
    Units: 1x Warriors, 1x Settlers
  [Civ 4] Egyptians (despotism): 1 cities, 3 units, 35g, 5 techs, researching Bronze Working (33/70)
    Thebes: size=2, prod=building:8 (50sh), bldgs=Palace
    Units: 2x Warriors, 1x Horsemen
  [Civ 1] Romans turn: 4 actions — MOVE_UNIT(2), UNIT_ORDER(2)
    >>> Babylon grew to size 2
    >>> Germans discovered: Bronze Working
    SET_RESEARCH tech=Writing
    >>> Rome grew to size 3

══════════════════════════════════════════════════════════════════════
  TURN 25 — 3520 B.C. (10ms)
══════════════════════════════════════════════════════════════════════
  [Civ 1] Romans (despotism): 1 cities, 3 units, 33g, 5 techs, researching Bronze Working (28/70)
    Rome: size=3, prod=Archers (16sh), bldgs=Palace, Barracks
    Units: 2x Warriors, 1x Archers
  [Civ 2] Babylonians (despotism): 1 cities, 5 units, 34g, 4 techs, researching Bronze Working (47/48)
    Babylon: size=2, prod=Warriors (5sh), bldgs=Palace, Barracks
    Units: 2x Warriors, 2x Settlers, 1x Archers
  [Civ 3] Germans (despotism): 1 cities, 2 units, 7g, 5 techs, researching Writing (0/70)
    Berlin: size=2, prod=Settlers (21sh), bldgs=Palace, Barracks
    Units: 1x Warriors, 1x Settlers
  [Civ 4] Egyptians (despotism): 1 cities, 3 units, 37g, 5 techs, researching Bronze Working (36/70)
    Thebes: size=2, prod=building:8 (53sh), bldgs=Palace
    Units: 2x Warriors, 1x Horsemen
  [Civ 1] Romans turn: 4 actions — MOVE_UNIT(2), UNIT_ORDER(2)
    >>> Babylonians discovered: Bronze Working
    >>> Babylon built Warriors
    SET_RESEARCH tech=Map Making
    CHANGE_PRODUCTION city=1
    >>> Berlin grew to size 3
    >>> Thebes grew to size 3

══════════════════════════════════════════════════════════════════════
  TURN 26 — 3500 B.C. (5ms)
══════════════════════════════════════════════════════════════════════
  [Civ 1] Romans (despotism): 1 cities, 3 units, 34g, 5 techs, researching Bronze Working (32/70)
    Rome: size=3, prod=Archers (20sh), bldgs=Palace, Barracks
    Units: 2x Warriors, 1x Archers
  [Civ 2] Babylonians (despotism): 1 cities, 6 units, 34g, 5 techs, researching Map Making (0/70)
    Babylon: size=2, prod=Phalanx (0sh), bldgs=Palace, Barracks
    Units: 3x Warriors, 2x Settlers, 1x Archers
  [Civ 3] Germans (despotism): 1 cities, 2 units, 8g, 5 techs, researching Writing (4/70)
    Berlin: size=3, prod=Settlers (26sh), bldgs=Palace, Barracks
    Units: 1x Warriors, 1x Settlers
  [Civ 4] Egyptians (despotism): 1 cities, 3 units, 39g, 5 techs, researching Bronze Working (40/70)
    Thebes: size=3, prod=building:8 (57sh), bldgs=Palace
    Units: 2x Warriors, 1x Horsemen
  [Civ 1] Romans turn: 4 actions — MOVE_UNIT(2), UNIT_ORDER(2)
    SET_RESEARCH tech=Map Making

══════════════════════════════════════════════════════════════════════
  TURN 27 — 3480 B.C. (4ms)
══════════════════════════════════════════════════════════════════════
  [Civ 1] Romans (despotism): 1 cities, 3 units, 35g, 6 techs, researching Bronze Working (36/84)
    Rome: size=3, prod=Archers (24sh), bldgs=Palace, Barracks
    Units: 2x Warriors, 1x Archers
  [Civ 2] Babylonians (despotism): 1 cities, 6 units, 35g, 5 techs, researching Map Making (4/65)
    Babylon: size=2, prod=Phalanx (4sh), bldgs=Palace, Barracks
    Units: 3x Warriors, 2x Settlers, 1x Archers
  [Civ 3] Germans (despotism): 1 cities, 2 units, 9g, 5 techs, researching Writing (8/65)
    Berlin: size=3, prod=Settlers (31sh), bldgs=Palace, Barracks
    Units: 1x Warriors, 1x Settlers
  [Civ 4] Egyptians (despotism): 1 cities, 3 units, 41g, 6 techs, researching Map Making (44/84)
    Thebes: size=3, prod=building:8 (61sh), bldgs=Palace
    Units: 2x Warriors, 1x Horsemen
  [Civ 1] Romans turn: 5 actions — SET_RESEARCH(1), MOVE_UNIT(2), UNIT_ORDER(2)
    SET_RESEARCH tech=Iron Working

══════════════════════════════════════════════════════════════════════
  TURN 28 — 3460 B.C. (5ms)
══════════════════════════════════════════════════════════════════════
  [Civ 1] Romans (despotism): 1 cities, 3 units, 36g, 6 techs, researching Iron Working (40/84)
    Rome: size=3, prod=Archers (28sh), bldgs=Palace, Barracks
    Units: 2x Warriors, 1x Archers
  [Civ 2] Babylonians (despotism): 1 cities, 6 units, 36g, 5 techs, researching Map Making (8/65)
    Babylon: size=2, prod=Phalanx (8sh), bldgs=Palace, Barracks
    Units: 3x Warriors, 2x Settlers, 1x Archers
  [Civ 3] Germans (despotism): 1 cities, 2 units, 10g, 5 techs, researching Writing (12/65)
    Berlin: size=3, prod=Settlers (36sh), bldgs=Palace, Barracks
    Units: 1x Warriors, 1x Settlers
  [Civ 4] Egyptians (despotism): 1 cities, 3 units, 43g, 6 techs, researching Map Making (48/84)
    Thebes: size=3, prod=building:8 (65sh), bldgs=Palace
    Units: 2x Warriors, 1x Horsemen
  [Civ 1] Romans turn: 4 actions — MOVE_UNIT(2), UNIT_ORDER(2)
    >>> Berlin built Settlers
    >>> Rome built Archers

══════════════════════════════════════════════════════════════════════
  TURN 29 — 3440 B.C. (4ms)
══════════════════════════════════════════════════════════════════════
  [Civ 1] Romans (despotism): 1 cities, 4 units, 37g, 6 techs, researching Iron Working (44/84)
    Rome: size=3, prod=Archers (2sh), bldgs=Palace, Barracks
    Units: 2x Warriors, 2x Archers
  [Civ 2] Babylonians (despotism): 1 cities, 6 units, 37g, 5 techs, researching Map Making (12/65)
    Babylon: size=2, prod=Phalanx (12sh), bldgs=Palace, Barracks
    Units: 3x Warriors, 2x Settlers, 1x Archers
  [Civ 3] Germans (despotism): 1 cities, 3 units, 10g, 5 techs, researching Writing (16/65)
    Berlin: size=2, prod=Settlers (1sh), bldgs=Palace, Barracks
    Units: 1x Warriors, 2x Settlers
  [Civ 4] Egyptians (despotism): 1 cities, 3 units, 45g, 6 techs, researching Map Making (52/84)
    Thebes: size=3, prod=building:8 (69sh), bldgs=Palace
    Units: 2x Warriors, 1x Horsemen
  [Civ 1] Romans turn: 4 actions — MOVE_UNIT(2), UNIT_ORDER(2)

══════════════════════════════════════════════════════════════════════
  TURN 30 — 3420 B.C. (16ms)
══════════════════════════════════════════════════════════════════════
  [Civ 1] Romans (despotism): 1 cities, 4 units, 38g, 6 techs, researching Iron Working (48/84)
    Rome: size=3, prod=Archers (6sh), bldgs=Palace, Barracks
    Units: 2x Warriors, 2x Archers
  [Civ 2] Babylonians (despotism): 1 cities, 6 units, 38g, 5 techs, researching Map Making (16/65)
    Babylon: size=2, prod=Phalanx (16sh), bldgs=Palace, Barracks
    Units: 3x Warriors, 2x Settlers, 1x Archers
  [Civ 3] Germans (despotism): 1 cities, 3 units, 10g, 5 techs, researching Writing (20/65)
    Berlin: size=2, prod=Settlers (5sh), bldgs=Palace, Barracks
    Units: 1x Warriors, 2x Settlers
  [Civ 4] Egyptians (despotism): 1 cities, 3 units, 47g, 6 techs, researching Map Making (56/84)
    Thebes: size=3, prod=building:8 (73sh), bldgs=Palace
    Units: 2x Warriors, 1x Horsemen
  [Civ 1] Romans turn: 6 actions — MOVE_UNIT(3), UNIT_ORDER(3)
    >>> Babylon built Phalanx

══════════════════════════════════════════════════════════════════════
  TURN 31 — 3400 B.C. (4ms)
══════════════════════════════════════════════════════════════════════
  [Civ 1] Romans (despotism): 1 cities, 4 units, 39g, 6 techs, researching Iron Working (52/84)
    Rome: size=3, prod=Archers (10sh), bldgs=Palace, Barracks
    Units: 2x Warriors, 2x Archers
  [Civ 2] Babylonians (despotism): 1 cities, 7 units, 39g, 5 techs, researching Map Making (19/65)
    Babylon: size=2, prod=Phalanx (0sh), bldgs=Palace, Barracks
    Units: 3x Warriors, 2x Settlers, 1x Archers, 1x Phalanx
  [Civ 3] Germans (despotism): 1 cities, 3 units, 10g, 5 techs, researching Writing (24/65)
    Berlin: size=2, prod=Settlers (9sh), bldgs=Palace, Barracks
    Units: 1x Warriors, 2x Settlers
  [Civ 4] Egyptians (despotism): 1 cities, 3 units, 49g, 6 techs, researching Map Making (60/84)
    Thebes: size=3, prod=building:8 (77sh), bldgs=Palace
    Units: 2x Warriors, 1x Horsemen
  [Civ 1] Romans turn: 5 actions — MOVE_UNIT(3), UNIT_ORDER(2)
    >>> Thebes built building:8
    CHANGE_PRODUCTION city=3

══════════════════════════════════════════════════════════════════════
  TURN 32 — 3380 B.C. (5ms)
══════════════════════════════════════════════════════════════════════
  [Civ 1] Romans (despotism): 1 cities, 4 units, 40g, 6 techs, researching Iron Working (56/84)
    Rome: size=3, prod=Archers (14sh), bldgs=Palace, Barracks
    Units: 2x Warriors, 2x Archers
  [Civ 2] Babylonians (despotism): 1 cities, 7 units, 40g, 5 techs, researching Map Making (22/65)
    Babylon: size=2, prod=Phalanx (3sh), bldgs=Palace, Barracks
    Units: 3x Warriors, 2x Settlers, 1x Archers, 1x Phalanx
  [Civ 3] Germans (despotism): 1 cities, 3 units, 10g, 5 techs, researching Writing (28/65)
    Berlin: size=2, prod=Settlers (13sh), bldgs=Palace, Barracks
    Units: 1x Warriors, 2x Settlers
  [Civ 4] Egyptians (despotism): 1 cities, 3 units, 51g, 6 techs, researching Map Making (64/84)
    Thebes: size=3, prod=Settlers (0sh), bldgs=Palace, City Walls
    Units: 2x Warriors, 1x Horsemen
  [Civ 1] Romans turn: 9 actions — ADJUST_ATTITUDE(3), MOVE_UNIT(3), UNIT_ORDER(3)
    ADJUST_ATTITUDE target=civ2
    ADJUST_ATTITUDE target=civ3
    ADJUST_ATTITUDE target=civ4
    ADJUST_ATTITUDE target=civ1
    ADJUST_ATTITUDE target=civ3
    ADJUST_ATTITUDE target=civ4
    ADJUST_ATTITUDE target=civ1
    ADJUST_ATTITUDE target=civ2
    ADJUST_ATTITUDE target=civ4
    ADJUST_ATTITUDE target=civ1
    ADJUST_ATTITUDE target=civ2
    ADJUST_ATTITUDE target=civ3

══════════════════════════════════════════════════════════════════════
  TURN 33 — 3360 B.C. (6ms)
══════════════════════════════════════════════════════════════════════
  [Civ 1] Romans (despotism): 1 cities, 4 units, 41g, 6 techs, researching Iron Working (60/84)
    Rome: size=3, prod=Archers (18sh), bldgs=Palace, Barracks
    Units: 2x Warriors, 2x Archers
  [Civ 2] Babylonians (despotism): 1 cities, 7 units, 41g, 5 techs, researching Map Making (25/65)
    Babylon: size=2, prod=Phalanx (6sh), bldgs=Palace, Barracks
    Units: 3x Warriors, 2x Settlers, 1x Archers, 1x Phalanx
  [Civ 3] Germans (despotism): 1 cities, 3 units, 10g, 5 techs, researching Writing (32/65)
    Berlin: size=2, prod=Settlers (17sh), bldgs=Palace, Barracks
    Units: 1x Warriors, 2x Settlers
  [Civ 4] Egyptians (despotism): 1 cities, 3 units, 53g, 6 techs, researching Map Making (68/84)
    Thebes: size=3, prod=Settlers (4sh), bldgs=Palace, City Walls
    Units: 2x Warriors, 1x Horsemen
  [Civ 1] Romans turn: 6 actions — MOVE_UNIT(3), UNIT_ORDER(3)

══════════════════════════════════════════════════════════════════════
  TURN 34 — 3340 B.C. (4ms)
══════════════════════════════════════════════════════════════════════
  [Civ 1] Romans (despotism): 1 cities, 4 units, 42g, 6 techs, researching Iron Working (64/84)
    Rome: size=3, prod=Archers (22sh), bldgs=Palace, Barracks
    Units: 2x Warriors, 2x Archers
  [Civ 2] Babylonians (despotism): 1 cities, 7 units, 42g, 5 techs, researching Map Making (28/65)
    Babylon: size=2, prod=Phalanx (9sh), bldgs=Palace, Barracks
    Units: 3x Warriors, 2x Settlers, 1x Archers, 1x Phalanx
  [Civ 3] Germans (despotism): 1 cities, 3 units, 10g, 5 techs, researching Writing (36/65)
    Berlin: size=2, prod=Settlers (21sh), bldgs=Palace, Barracks
    Units: 1x Warriors, 2x Settlers
  [Civ 4] Egyptians (despotism): 1 cities, 3 units, 55g, 6 techs, researching Map Making (72/84)
    Thebes: size=3, prod=Settlers (8sh), bldgs=Palace, City Walls
    Units: 2x Warriors, 1x Horsemen
  [Civ 1] Romans turn: 6 actions — MOVE_UNIT(3), UNIT_ORDER(3)

══════════════════════════════════════════════════════════════════════
  TURN 35 — 3320 B.C. (4ms)
══════════════════════════════════════════════════════════════════════
  [Civ 1] Romans (despotism): 1 cities, 4 units, 43g, 6 techs, researching Iron Working (68/84)
    Rome: size=3, prod=Archers (26sh), bldgs=Palace, Barracks
    Units: 2x Warriors, 2x Archers
  [Civ 2] Babylonians (despotism): 1 cities, 7 units, 43g, 5 techs, researching Map Making (31/65)
    Babylon: size=2, prod=Phalanx (12sh), bldgs=Palace, Barracks
    Units: 3x Warriors, 2x Settlers, 1x Archers, 1x Phalanx
  [Civ 3] Germans (despotism): 1 cities, 3 units, 10g, 5 techs, researching Writing (40/65)
    Berlin: size=2, prod=Settlers (25sh), bldgs=Palace, Barracks
    Units: 1x Warriors, 2x Settlers
  [Civ 4] Egyptians (despotism): 1 cities, 3 units, 57g, 6 techs, researching Map Making (76/84)
    Thebes: size=3, prod=Settlers (12sh), bldgs=Palace, City Walls
    Units: 2x Warriors, 1x Horsemen
  [Civ 1] Romans turn: 6 actions — MOVE_UNIT(3), UNIT_ORDER(3)
    >>> Rome built Archers

══════════════════════════════════════════════════════════════════════
  TURN 36 — 3300 B.C. (5ms)
══════════════════════════════════════════════════════════════════════
  [Civ 1] Romans (despotism): 1 cities, 5 units, 44g, 6 techs, researching Iron Working (72/84)
    Rome: size=3, prod=Archers (0sh), bldgs=Palace, Barracks
    Units: 2x Warriors, 3x Archers
  [Civ 2] Babylonians (despotism): 1 cities, 7 units, 44g, 5 techs, researching Map Making (34/65)
    Babylon: size=2, prod=Phalanx (15sh), bldgs=Palace, Barracks
    Units: 3x Warriors, 2x Settlers, 1x Archers, 1x Phalanx
  [Civ 3] Germans (despotism): 1 cities, 3 units, 10g, 6 techs, researching Writing (44/84)
    Berlin: size=2, prod=Settlers (29sh), bldgs=Palace, Barracks
    Units: 1x Warriors, 2x Settlers
  [Civ 4] Egyptians (despotism): 1 cities, 3 units, 59g, 6 techs, researching Map Making (80/84)
    Thebes: size=3, prod=Settlers (16sh), bldgs=Palace, City Walls
    Units: 2x Warriors, 1x Horsemen
  [Civ 1] Romans turn: 7 actions — CHANGE_PRODUCTION(1), MOVE_UNIT(3), UNIT_ORDER(3)
    CHANGE_PRODUCTION city=0
    END_TURN REJECTED: 1 units still need orders
      #22 Horsemen(Atk) @(29,30) mv=6 ord=none hp=full
    SET_RESEARCH tech=Mathematics

══════════════════════════════════════════════════════════════════════
  TURN 37 — 3280 B.C. (6ms)
══════════════════════════════════════════════════════════════════════
  [Civ 1] Romans (despotism): 1 cities, 5 units, 45g, 6 techs, researching Iron Working (76/78)
    Rome: size=3, prod=Settlers (4sh), bldgs=Palace, Barracks
    Units: 2x Warriors, 3x Archers
  [Civ 2] Babylonians (despotism): 1 cities, 7 units, 45g, 5 techs, researching Map Making (37/65)
    Babylon: size=2, prod=Phalanx (18sh), bldgs=Palace, Barracks
    Units: 3x Warriors, 2x Settlers, 1x Archers, 1x Phalanx
  [Civ 3] Germans (despotism): 1 cities, 4 units, 10g, 6 techs, researching Writing (48/78)
    Berlin: size=2, prod=Settlers (33sh), bldgs=Palace, Barracks
    Units: 1x Warriors, 2x Settlers, 1x Horsemen
  [Civ 4] Egyptians (despotism): 1 cities, 3 units, 59g, 7 techs, researching Mathematics (0/105)
    Thebes: size=3, prod=Settlers (20sh), bldgs=Palace, City Walls
    Units: 2x Warriors, 1x Horsemen
  [Civ 1] Romans turn: 8 actions — MOVE_UNIT(4), UNIT_ORDER(4)
    >>> Babylon built Phalanx
    >>> Romans discovered: Iron Working

══════════════════════════════════════════════════════════════════════
  TURN 38 — 3260 B.C. (5ms)
══════════════════════════════════════════════════════════════════════
  [Civ 1] Romans (despotism): 1 cities, 5 units, 45g, 7 techs, researching none (0/105)
    Rome: size=3, prod=Settlers (8sh), bldgs=Palace, Barracks
    Units: 2x Warriors, 3x Archers
  [Civ 2] Babylonians (despotism): 1 cities, 8 units, 46g, 5 techs, researching Map Making (39/65)
    Babylon: size=2, prod=Phalanx (1sh), bldgs=Palace, Barracks
    Units: 3x Warriors, 2x Settlers, 1x Archers, 2x Phalanx
  [Civ 3] Germans (despotism): 1 cities, 4 units, 10g, 6 techs, researching Writing (52/78)
    Berlin: size=2, prod=Settlers (37sh), bldgs=Palace, Barracks
    Units: 1x Warriors, 2x Settlers, 1x Horsemen
  [Civ 4] Egyptians (despotism): 1 cities, 3 units, 61g, 7 techs, researching Mathematics (4/105)
    Thebes: size=3, prod=Settlers (24sh), bldgs=Palace, City Walls
    Units: 2x Warriors, 1x Horsemen
  [Civ 1] Romans turn: 8 actions — SET_RESEARCH(1), MOVE_UNIT(4), UNIT_ORDER(3)
    SET_RESEARCH tech=Map Making
    >>> Berlin built Settlers

══════════════════════════════════════════════════════════════════════
  TURN 39 — 3240 B.C. (5ms)
══════════════════════════════════════════════════════════════════════
  [Civ 1] Romans (despotism): 1 cities, 5 units, 46g, 7 techs, researching Map Making (4/105)
    Rome: size=3, prod=Settlers (12sh), bldgs=Palace, Barracks
    Units: 2x Warriors, 3x Archers
  [Civ 2] Babylonians (despotism): 1 cities, 8 units, 47g, 5 techs, researching Map Making (41/65)
    Babylon: size=2, prod=Phalanx (3sh), bldgs=Palace, Barracks
    Units: 3x Warriors, 2x Settlers, 1x Archers, 2x Phalanx
  [Civ 3] Germans (despotism): 1 cities, 5 units, 10g, 6 techs, researching Writing (54/78)
    Berlin: size=1, prod=Settlers (1sh), bldgs=Palace, Barracks
    Units: 1x Warriors, 3x Settlers, 1x Horsemen
  [Civ 4] Egyptians (despotism): 1 cities, 3 units, 63g, 7 techs, researching Mathematics (8/105)
    Thebes: size=3, prod=Settlers (28sh), bldgs=Palace, City Walls
    Units: 2x Warriors, 1x Horsemen
  [Civ 1] Romans turn: 8 actions — MOVE_UNIT(4), UNIT_ORDER(4)

══════════════════════════════════════════════════════════════════════
  TURN 40 — 3220 B.C. (8ms)
══════════════════════════════════════════════════════════════════════
  [Civ 1] Romans (despotism): 1 cities, 5 units, 47g, 7 techs, researching Map Making (8/105)
    Rome: size=3, prod=Settlers (16sh), bldgs=Palace, Barracks
    Units: 2x Warriors, 3x Archers
  [Civ 2] Babylonians (despotism): 1 cities, 8 units, 48g, 5 techs, researching Map Making (43/65)
    Babylon: size=2, prod=Phalanx (5sh), bldgs=Palace, Barracks
    Units: 3x Warriors, 2x Settlers, 1x Archers, 2x Phalanx
  [Civ 3] Germans (despotism): 1 cities, 5 units, 10g, 6 techs, researching Writing (56/78)
    Berlin: size=1, prod=Settlers (3sh), bldgs=Palace, Barracks
    Units: 1x Warriors, 3x Settlers, 1x Horsemen
  [Civ 4] Egyptians (despotism): 1 cities, 3 units, 65g, 7 techs, researching Mathematics (12/105)
    Thebes: size=3, prod=Settlers (32sh), bldgs=Palace, City Walls
    Units: 2x Warriors, 1x Horsemen
  [Civ 1] Romans turn: 8 actions — MOVE_UNIT(4), UNIT_ORDER(4)

══════════════════════════════════════════════════════════════════════
  TURN 41 — 3200 B.C. (6ms)
══════════════════════════════════════════════════════════════════════
  [Civ 1] Romans (despotism): 1 cities, 5 units, 48g, 7 techs, researching Map Making (12/105)
    Rome: size=3, prod=Settlers (20sh), bldgs=Palace, Barracks
    Units: 2x Warriors, 3x Archers
  [Civ 2] Babylonians (despotism): 1 cities, 8 units, 49g, 5 techs, researching Map Making (45/65)
    Babylon: size=2, prod=Phalanx (7sh), bldgs=Palace, Barracks
    Units: 3x Warriors, 2x Settlers, 1x Archers, 2x Phalanx
  [Civ 3] Germans (despotism): 1 cities, 5 units, 10g, 6 techs, researching Writing (58/78)
    Berlin: size=1, prod=Settlers (5sh), bldgs=Palace, Barracks
    Units: 1x Warriors, 3x Settlers, 1x Horsemen
  [Civ 4] Egyptians (despotism): 1 cities, 3 units, 67g, 7 techs, researching Mathematics (16/105)
    Thebes: size=3, prod=Settlers (36sh), bldgs=Palace, City Walls
    Units: 2x Warriors, 1x Horsemen
  [Civ 1] Romans turn: 8 actions — MOVE_UNIT(4), UNIT_ORDER(4)
    >>> Thebes built Settlers
    CHANGE_PRODUCTION city=3

══════════════════════════════════════════════════════════════════════
  TURN 42 — 3180 B.C. (4ms)
══════════════════════════════════════════════════════════════════════
  [Civ 1] Romans (despotism): 1 cities, 5 units, 49g, 7 techs, researching Map Making (16/105)
    Rome: size=3, prod=Settlers (24sh), bldgs=Palace, Barracks
    Units: 2x Warriors, 3x Archers
  [Civ 2] Babylonians (despotism): 1 cities, 8 units, 50g, 5 techs, researching Map Making (47/65)
    Babylon: size=2, prod=Phalanx (9sh), bldgs=Palace, Barracks
    Units: 3x Warriors, 2x Settlers, 1x Archers, 2x Phalanx
  [Civ 3] Germans (despotism): 1 cities, 5 units, 10g, 6 techs, researching Writing (60/78)
    Berlin: size=1, prod=Settlers (7sh), bldgs=Palace, Barracks
    Units: 1x Warriors, 3x Settlers, 1x Horsemen
  [Civ 4] Egyptians (despotism): 1 cities, 4 units, 69g, 7 techs, researching Mathematics (19/105)
    Thebes: size=2, prod=building:2 (0sh), bldgs=Palace, City Walls
    Units: 2x Warriors, 1x Horsemen, 1x Settlers
  [Civ 1] Romans turn: 8 actions — MOVE_UNIT(4), UNIT_ORDER(4)
    >>> Thebes grew to size 3

══════════════════════════════════════════════════════════════════════
  TURN 43 — 3160 B.C. (6ms)
══════════════════════════════════════════════════════════════════════
  [Civ 1] Romans (despotism): 1 cities, 5 units, 50g, 7 techs, researching Map Making (20/105)
    Rome: size=3, prod=Settlers (28sh), bldgs=Palace, Barracks
    Units: 2x Warriors, 3x Archers
  [Civ 2] Babylonians (despotism): 1 cities, 8 units, 51g, 5 techs, researching Map Making (49/65)
    Babylon: size=2, prod=Phalanx (11sh), bldgs=Palace, Barracks
    Units: 3x Warriors, 2x Settlers, 1x Archers, 2x Phalanx
  [Civ 3] Germans (despotism): 1 cities, 4 units, 10g, 6 techs, researching Writing (62/78)
    Berlin: size=1, prod=Settlers (10sh), bldgs=Palace, Barracks
    Units: 1x Warriors, 2x Settlers, 1x Horsemen
  [Civ 4] Egyptians (despotism): 1 cities, 4 units, 71g, 7 techs, researching Mathematics (23/105)
    Thebes: size=3, prod=building:2 (4sh), bldgs=Palace, City Walls
    Units: 2x Warriors, 1x Horsemen, 1x Settlers
  [Civ 1] Romans turn: 8 actions — MOVE_UNIT(4), UNIT_ORDER(4)

══════════════════════════════════════════════════════════════════════
  TURN 44 — 3140 B.C. (4ms)
══════════════════════════════════════════════════════════════════════
  [Civ 1] Romans (despotism): 1 cities, 5 units, 51g, 7 techs, researching Map Making (24/105)
    Rome: size=3, prod=Settlers (32sh), bldgs=Palace, Barracks
    Units: 2x Warriors, 3x Archers
  [Civ 2] Babylonians (despotism): 1 cities, 8 units, 52g, 5 techs, researching Map Making (51/65)
    Babylon: size=2, prod=Phalanx (13sh), bldgs=Palace, Barracks
    Units: 3x Warriors, 2x Settlers, 1x Archers, 2x Phalanx
  [Civ 3] Germans (despotism): 1 cities, 4 units, 10g, 6 techs, researching Writing (64/78)
    Berlin: size=1, prod=Settlers (13sh), bldgs=Palace, Barracks
    Units: 1x Warriors, 2x Settlers, 1x Horsemen
  [Civ 4] Egyptians (despotism): 1 cities, 4 units, 73g, 7 techs, researching Mathematics (27/105)
    Thebes: size=3, prod=building:2 (8sh), bldgs=Palace, City Walls
    Units: 2x Warriors, 1x Horsemen, 1x Settlers
  [Civ 1] Romans turn: 8 actions — MOVE_UNIT(4), UNIT_ORDER(4)
    END_TURN REJECTED: 1 units still need orders
      #26 Horsemen(Atk) @(37,24) mv=6 ord=none hp=full
    >>> Rome grew to size 4

══════════════════════════════════════════════════════════════════════
  TURN 45 — 3120 B.C. (4ms)
══════════════════════════════════════════════════════════════════════
  [Civ 1] Romans (despotism): 1 cities, 5 units, 52g, 7 techs, researching Map Making (29/105)
    Rome: size=4, prod=Settlers (37sh), bldgs=Palace, Barracks
    Units: 2x Warriors, 3x Archers
  [Civ 2] Babylonians (despotism): 1 cities, 9 units, 53g, 5 techs, researching Map Making (53/65)
    Babylon: size=2, prod=Phalanx (15sh), bldgs=Palace, Barracks
    Units: 3x Warriors, 2x Settlers, 1x Archers, 2x Phalanx, 1x Horsemen
  [Civ 3] Germans (despotism): 1 cities, 4 units, 10g, 6 techs, researching Writing (66/78)
    Berlin: size=1, prod=Settlers (16sh), bldgs=Palace, Barracks
    Units: 1x Warriors, 2x Settlers, 1x Horsemen
  [Civ 4] Egyptians (despotism): 1 cities, 4 units, 75g, 7 techs, researching Mathematics (31/105)
    Thebes: size=3, prod=building:2 (12sh), bldgs=Palace, City Walls
    Units: 2x Warriors, 1x Horsemen, 1x Settlers
  [Civ 1] Romans turn: 8 actions — MOVE_UNIT(4), UNIT_ORDER(4)
    >>> Rome built Settlers

══════════════════════════════════════════════════════════════════════
  TURN 46 — 3100 B.C. (4ms)
══════════════════════════════════════════════════════════════════════
  [Civ 1] Romans (despotism): 1 cities, 6 units, 53g, 7 techs, researching Map Making (32/105)
    Rome: size=3, prod=Settlers (2sh), bldgs=Palace, Barracks
    Units: 2x Warriors, 3x Archers, 1x Settlers
  [Civ 2] Babylonians (despotism): 1 cities, 9 units, 54g, 6 techs, researching Map Making (55/78)
    Babylon: size=2, prod=Phalanx (17sh), bldgs=Palace, Barracks
    Units: 3x Warriors, 2x Settlers, 1x Archers, 2x Phalanx, 1x Horsemen
  [Civ 3] Germans (despotism): 1 cities, 4 units, 10g, 6 techs, researching Writing (68/78)
    Berlin: size=1, prod=Settlers (19sh), bldgs=Palace, Barracks
    Units: 1x Warriors, 2x Settlers, 1x Horsemen
  [Civ 4] Egyptians (despotism): 1 cities, 4 units, 77g, 7 techs, researching Mathematics (35/105)
    Thebes: size=3, prod=building:2 (16sh), bldgs=Palace, City Walls
    Units: 2x Warriors, 1x Horsemen, 1x Settlers
  [Civ 1] Romans turn: 8 actions — MOVE_UNIT(4), UNIT_ORDER(4)
    REVOLUTION

══════════════════════════════════════════════════════════════════════
  TURN 47 — 3080 B.C. (6ms)
══════════════════════════════════════════════════════════════════════
  [Civ 1] Romans (despotism): 1 cities, 6 units, 54g, 7 techs, researching Map Making (35/105)
    Rome: size=3, prod=Settlers (5sh), bldgs=Palace, Barracks
    Units: 2x Warriors, 3x Archers, 1x Settlers
  [Civ 2] Babylonians (anarchy): 1 cities, 9 units, 55g, 6 techs, researching Map Making (57/78)
    Babylon: size=2, prod=Phalanx (19sh), bldgs=Palace, Barracks
    Units: 3x Warriors, 2x Settlers, 1x Archers, 2x Phalanx, 1x Horsemen
  [Civ 3] Germans (despotism): 1 cities, 4 units, 10g, 6 techs, researching Writing (70/78)
    Berlin: size=1, prod=Settlers (22sh), bldgs=Palace, Barracks
    Units: 1x Warriors, 2x Settlers, 1x Horsemen
  [Civ 4] Egyptians (despotism): 1 cities, 4 units, 79g, 7 techs, researching Mathematics (39/105)
    Thebes: size=3, prod=building:2 (20sh), bldgs=Palace, City Walls
    Units: 2x Warriors, 1x Horsemen, 1x Settlers
  [Civ 1] Romans turn: 10 actions — MOVE_UNIT(5), UNIT_ORDER(5)
    >>> Babylon built Phalanx
    ADJUST_ATTITUDE target=civ1

══════════════════════════════════════════════════════════════════════
  TURN 48 — 3060 B.C. (11ms)
══════════════════════════════════════════════════════════════════════
  [Civ 1] Romans (despotism): 1 cities, 6 units, 55g, 7 techs, researching Map Making (38/105)
    Rome: size=3, prod=Settlers (8sh), bldgs=Palace, Barracks
    Units: 2x Warriors, 3x Archers, 1x Settlers
  [Civ 2] Babylonians (anarchy): 1 cities, 10 units, 56g, 6 techs, researching Map Making (59/78)
    Babylon: size=2, prod=Phalanx (1sh), bldgs=Palace, Barracks
    Units: 3x Warriors, 2x Settlers, 1x Archers, 3x Phalanx, 1x Horsemen
  [Civ 3] Germans (despotism): 1 cities, 4 units, 10g, 6 techs, researching Writing (72/78)
    Berlin: size=1, prod=Settlers (25sh), bldgs=Palace, Barracks
    Units: 1x Warriors, 2x Settlers, 1x Horsemen
  [Civ 4] Egyptians (despotism): 1 cities, 4 units, 81g, 7 techs, researching Mathematics (43/105)
    Thebes: size=3, prod=building:2 (24sh), bldgs=Palace, City Walls
    Units: 2x Warriors, 1x Horsemen, 1x Settlers
  [Civ 1] Romans turn: 8 actions — MOVE_UNIT(4), UNIT_ORDER(4)
    ADJUST_ATTITUDE target=civ1

══════════════════════════════════════════════════════════════════════
  TURN 49 — 3040 B.C. (7ms)
══════════════════════════════════════════════════════════════════════
  [Civ 1] Romans (despotism): 1 cities, 6 units, 56g, 7 techs, researching Map Making (41/105)
    Rome: size=3, prod=Settlers (11sh), bldgs=Palace, Barracks
    Units: 2x Warriors, 3x Archers, 1x Settlers
  [Civ 2] Babylonians (anarchy): 1 cities, 10 units, 57g, 6 techs, researching Map Making (61/78)
    Babylon: size=2, prod=Phalanx (2sh), bldgs=Palace, Barracks
    Units: 3x Warriors, 2x Settlers, 1x Archers, 3x Phalanx, 1x Horsemen
  [Civ 3] Germans (despotism): 1 cities, 4 units, 10g, 6 techs, researching Writing (74/78)
    Berlin: size=1, prod=Settlers (28sh), bldgs=Palace, Barracks
    Units: 1x Warriors, 2x Settlers, 1x Horsemen
  [Civ 4] Egyptians (despotism): 1 cities, 4 units, 83g, 7 techs, researching Mathematics (47/105)
    Thebes: size=3, prod=building:2 (28sh), bldgs=Palace, City Walls
    Units: 2x Warriors, 1x Horsemen, 1x Settlers
  [Civ 1] Romans turn: 8 actions — MOVE_UNIT(4), UNIT_ORDER(4)
    ADJUST_ATTITUDE target=civ1

══════════════════════════════════════════════════════════════════════
  FINAL SUMMARY
══════════════════════════════════════════════════════════════════════
Game ended at turn 50 (3020 B.C.)

── Civ 1: Romans (despotism) ALIVE ──
  Cities: 1 (peak 1, founded 1)
  Units:  6 (peak 6)
  Treasury: 57g
  Techs discovered: 2 — Warrior Code, Iron Working
  Actions: 265 total, 0 idle turns
  Breakdown: UNIT_ORDER(127), MOVE_UNIT(126), SET_RESEARCH(4), CHANGE_PRODUCTION(3), ADJUST_ATTITUDE(3), CHANGE_RATES(1), BUILD_CITY(1)
  Army: 2x Warriors, 3x Archers, 1x Settlers
  Rome: size=3, shields=14

── Civ 2: Babylonians (anarchy) ALIVE ──
  Cities: 1 (peak 1, founded 2)
  Units:  10 (peak 10)
  Treasury: 58g
  Techs discovered: 2 — Code of Laws, Bronze Working
  Actions: 284 total, 0 idle turns
  Breakdown: UNIT_ORDER(139), MOVE_UNIT(130), CHANGE_PRODUCTION(5), SET_RESEARCH(3), ADJUST_ATTITUDE(3), BUILD_CITY(2), CHANGE_RATES(1), REVOLUTION(1)
  Army: 3x Warriors, 2x Settlers, 1x Archers, 3x Phalanx, 1x Horsemen
  Babylon: size=2, shields=3

── Civ 3: Germans (despotism) ALIVE ──
  Cities: 1 (peak 1, founded 2)
  Units:  4 (peak 5)
  Treasury: 10g
  Techs discovered: 1 — Bronze Working
  Actions: 144 total, 0 idle turns
  Breakdown: UNIT_ORDER(68), MOVE_UNIT(65), ADJUST_ATTITUDE(3), SET_RESEARCH(2), BUILD_CITY(2), CHANGE_PRODUCTION(2), CHANGE_RATES(1), WORKER_ORDER(1)
  Army: 1x Warriors, 2x Settlers, 1x Horsemen
  Berlin: size=1, shields=31

── Civ 4: Egyptians (despotism) ALIVE ──
  Cities: 1 (peak 1, founded 1)
  Units:  4 (peak 4)
  Treasury: 85g
  Techs discovered: 1 — Masonry
  Actions: 217 total, 0 idle turns
  Breakdown: UNIT_ORDER(102), MOVE_UNIT(99), ADJUST_ATTITUDE(6), SET_RESEARCH(4), CHANGE_PRODUCTION(4), CHANGE_RATES(1), BUILD_CITY(1)
  Army: 2x Warriors, 1x Horsemen, 1x Settlers
  Thebes: size=3, shields=32


══════════════════════════════════════════════════════════════════════
  AI BEHAVIOR ANALYSIS
══════════════════════════════════════════════════════════════════════
[Civ 1] Romans:
  WARNING: Only 1 city after 30+ turns
  WARNING: 1 units stuck (busy orders outside city)

[Civ 2] Babylonians:
  WARNING: 2 units stuck (busy orders outside city)

[Civ 3] Germans:
  WARNING: 1 units stuck (busy orders outside city)

[Civ 4] Egyptians:
  WARNING: Only 1 city after 30+ turns
  WARNING: 1 units stuck (busy orders outside city)

