Charlization AI Headless Simulation
Date: 2026-03-15T14:24:38.311Z
Settings: 50 turns, 4 AI players, 50x80 map, difficulty=prince
Map seed: 42
Map generated in 239ms
Game initialized: 4 civs, 8 starting units
  Civ 1 (Romans): starts at (9,59) on Plains
  Civ 2 (Babylonians): starts at (32,8) on Grassland
  Civ 3 (Germans): starts at (7,13) on Forest
  Civ 4 (Egyptians): starts at (36,40) on Hills
    SET_RESEARCH tech=Warrior Code
    CHANGE_RATES sci=6 tax=4 lux=undefined
    BUILD_CITY unit=0 name="Rome"
    1 actions REJECTED (of 6)
    SET_RESEARCH tech=Bronze Working
    CHANGE_RATES sci=6 tax=4 lux=undefined
    BUILD_CITY unit=2 name="Babylon"
    1 actions REJECTED (of 6)
    SET_RESEARCH tech=Map Making
    CHANGE_RATES sci=6 tax=4 lux=undefined
    BUILD_CITY unit=4 name="Berlin"
    1 actions REJECTED (of 6)
    SET_RESEARCH tech=Mysticism
    CHANGE_RATES sci=6 tax=4 lux=undefined
    BUILD_CITY unit=6 name="Thebes"
    1 actions REJECTED (of 6)

══════════════════════════════════════════════════════════════════════
  TURN 1 — 3980 B.C. (61ms)
══════════════════════════════════════════════════════════════════════
  [Civ 1] Romans (despotism): 1 cities, 1 units, 1g, 3 techs, researching Warrior Code (1/28)
    Rome: size=1, prod=Warriors (2sh), bldgs=Palace
    Units: 1x Warriors
  [Civ 2] Babylonians (despotism): 1 cities, 1 units, 0g, 3 techs, researching Bronze Working (0/28)
    Babylon: size=1, prod=Warriors (0sh), bldgs=Palace
    Units: 1x Warriors
  [Civ 3] Germans (despotism): 1 cities, 1 units, 0g, 3 techs, researching Map Making (0/28)
    Berlin: size=1, prod=Warriors (0sh), bldgs=Palace
    Units: 1x Warriors
  [Civ 4] Egyptians (despotism): 1 cities, 1 units, 0g, 3 techs, researching Mysticism (0/28)
    Thebes: size=1, prod=Warriors (0sh), bldgs=Palace
    Units: 1x Warriors
  [Civ 1] Romans turn: 3 actions — CHANGE_PRODUCTION(1), MOVE_UNIT(1), UNIT_ORDER(1)
    CHANGE_PRODUCTION city=0
    CHANGE_PRODUCTION city=1
    CHANGE_PRODUCTION city=2
    CHANGE_PRODUCTION city=3

══════════════════════════════════════════════════════════════════════
  TURN 2 — 3960 B.C. (47ms)
══════════════════════════════════════════════════════════════════════
  [Civ 1] Romans (despotism): 1 cities, 1 units, 2g, 6 techs, researching Warrior Code (2/36)
    Rome: size=1, prod=Horsemen (3sh), bldgs=Palace
    Units: 1x Warriors
  [Civ 2] Babylonians (despotism): 1 cities, 1 units, 0g, 5 techs, researching Bronze Working (1/36)
    Babylon: size=1, prod=Wonder39 (0sh), bldgs=Palace
    Units: 1x Warriors
  [Civ 3] Germans (despotism): 1 cities, 1 units, 1g, 5 techs, researching Map Making (1/36)
    Berlin: size=1, prod=Wonder45 (0sh), bldgs=Palace
    Units: 1x Warriors
  [Civ 4] Egyptians (despotism): 1 cities, 1 units, 0g, 5 techs, researching Mysticism (1/36)
    Thebes: size=1, prod=Wonder39 (0sh), bldgs=Palace
    Units: 1x Warriors
  [Civ 1] Romans turn: 4 actions — SET_RESEARCH(1), CHANGE_PRODUCTION(1), MOVE_UNIT(1), UNIT_ORDER(1)
    SET_RESEARCH tech=Bronze Working
    CHANGE_PRODUCTION city=0

══════════════════════════════════════════════════════════════════════
  TURN 3 — 3940 B.C. (10ms)
══════════════════════════════════════════════════════════════════════
  [Civ 1] Romans (despotism): 1 cities, 1 units, 3g, 6 techs, researching Bronze Working (3/36)
    Rome: size=1, prod=Archers (3sh), bldgs=Palace
    Units: 1x Warriors
  [Civ 2] Babylonians (despotism): 1 cities, 1 units, 0g, 5 techs, researching Bronze Working (2/36)
    Babylon: size=1, prod=Wonder39 (2sh), bldgs=Palace
    Units: 1x Warriors
  [Civ 3] Germans (despotism): 1 cities, 1 units, 2g, 5 techs, researching Map Making (2/36)
    Berlin: size=1, prod=Wonder45 (4sh), bldgs=Palace
    Units: 1x Warriors
  [Civ 4] Egyptians (despotism): 1 cities, 1 units, 0g, 5 techs, researching Mysticism (2/36)
    Thebes: size=1, prod=Wonder39 (2sh), bldgs=Palace
    Units: 1x Warriors
  [Civ 1] Romans turn: 2 actions — MOVE_UNIT(1), UNIT_ORDER(1)

══════════════════════════════════════════════════════════════════════
  TURN 4 — 3920 B.C. (10ms)
══════════════════════════════════════════════════════════════════════
  [Civ 1] Romans (despotism): 1 cities, 1 units, 4g, 6 techs, researching Bronze Working (4/36)
    Rome: size=1, prod=Archers (5sh), bldgs=Palace
    Units: 1x Warriors
  [Civ 2] Babylonians (despotism): 1 cities, 1 units, 0g, 5 techs, researching Bronze Working (3/36)
    Babylon: size=1, prod=Wonder39 (4sh), bldgs=Palace
    Units: 1x Warriors
  [Civ 3] Germans (despotism): 1 cities, 1 units, 3g, 5 techs, researching Map Making (3/36)
    Berlin: size=1, prod=Wonder45 (8sh), bldgs=Palace
    Units: 1x Warriors
  [Civ 4] Egyptians (despotism): 1 cities, 1 units, 0g, 5 techs, researching Mysticism (3/36)
    Thebes: size=1, prod=Wonder39 (4sh), bldgs=Palace
    Units: 1x Warriors
  [Civ 1] Romans turn: 2 actions — MOVE_UNIT(1), UNIT_ORDER(1)

══════════════════════════════════════════════════════════════════════
  TURN 5 — 3900 B.C. (9ms)
══════════════════════════════════════════════════════════════════════
  [Civ 1] Romans (despotism): 1 cities, 1 units, 5g, 6 techs, researching Bronze Working (5/36)
    Rome: size=1, prod=Archers (7sh), bldgs=Palace
    Units: 1x Warriors
  [Civ 2] Babylonians (despotism): 1 cities, 1 units, 0g, 5 techs, researching Bronze Working (4/36)
    Babylon: size=1, prod=Wonder39 (6sh), bldgs=Palace
    Units: 1x Warriors
  [Civ 3] Germans (despotism): 1 cities, 1 units, 4g, 5 techs, researching Map Making (4/36)
    Berlin: size=1, prod=Wonder45 (12sh), bldgs=Palace
    Units: 1x Warriors
  [Civ 4] Egyptians (despotism): 1 cities, 0 units, 0g, 5 techs, researching Mysticism (4/36)
    Thebes: size=1, prod=Wonder39 (6sh), bldgs=Palace
    Units: none
  [Civ 1] Romans turn: 2 actions — MOVE_UNIT(1), UNIT_ORDER(1)

══════════════════════════════════════════════════════════════════════
  TURN 6 — 3880 B.C. (12ms)
══════════════════════════════════════════════════════════════════════
  [Civ 1] Romans (despotism): 1 cities, 1 units, 6g, 6 techs, researching Bronze Working (6/36)
    Rome: size=1, prod=Archers (9sh), bldgs=Palace
    Units: 1x Warriors
  [Civ 2] Babylonians (despotism): 1 cities, 1 units, 0g, 5 techs, researching Bronze Working (5/36)
    Babylon: size=1, prod=Wonder39 (8sh), bldgs=Palace
    Units: 1x Warriors
  [Civ 3] Germans (despotism): 1 cities, 1 units, 5g, 5 techs, researching Map Making (5/36)
    Berlin: size=1, prod=Wonder45 (16sh), bldgs=Palace
    Units: 1x Warriors
  [Civ 4] Egyptians (despotism): 1 cities, 0 units, 0g, 5 techs, researching Mysticism (5/36)
    Thebes: size=1, prod=Wonder39 (8sh), bldgs=Palace
    Units: none
  [Civ 1] Romans turn: 2 actions — MOVE_UNIT(1), UNIT_ORDER(1)

══════════════════════════════════════════════════════════════════════
  TURN 7 — 3860 B.C. (6ms)
══════════════════════════════════════════════════════════════════════
  [Civ 1] Romans (despotism): 1 cities, 1 units, 7g, 6 techs, researching Bronze Working (7/36)
    Rome: size=1, prod=Archers (11sh), bldgs=Palace
    Units: 1x Warriors
  [Civ 2] Babylonians (despotism): 1 cities, 1 units, 0g, 5 techs, researching Bronze Working (6/36)
    Babylon: size=1, prod=Wonder39 (10sh), bldgs=Palace
    Units: 1x Warriors
  [Civ 3] Germans (despotism): 1 cities, 1 units, 6g, 5 techs, researching Map Making (6/36)
    Berlin: size=1, prod=Wonder45 (20sh), bldgs=Palace
    Units: 1x Warriors
  [Civ 4] Egyptians (despotism): 1 cities, 0 units, 0g, 5 techs, researching Mysticism (6/36)
    Thebes: size=1, prod=Wonder39 (10sh), bldgs=Palace
    Units: none
  [Civ 1] Romans turn: 2 actions — MOVE_UNIT(1), UNIT_ORDER(1)

══════════════════════════════════════════════════════════════════════
  TURN 8 — 3840 B.C. (8ms)
══════════════════════════════════════════════════════════════════════
  [Civ 1] Romans (despotism): 1 cities, 1 units, 8g, 6 techs, researching Bronze Working (8/36)
    Rome: size=1, prod=Archers (13sh), bldgs=Palace
    Units: 1x Warriors
  [Civ 2] Babylonians (despotism): 1 cities, 1 units, 0g, 5 techs, researching Bronze Working (7/36)
    Babylon: size=1, prod=Wonder39 (12sh), bldgs=Palace
    Units: 1x Warriors
  [Civ 3] Germans (despotism): 1 cities, 1 units, 7g, 5 techs, researching Map Making (7/36)
    Berlin: size=1, prod=Wonder45 (24sh), bldgs=Palace
    Units: 1x Warriors
  [Civ 4] Egyptians (despotism): 1 cities, 0 units, 0g, 5 techs, researching Mysticism (7/36)
    Thebes: size=1, prod=Wonder39 (12sh), bldgs=Palace
    Units: none
  [Civ 1] Romans turn: 2 actions — MOVE_UNIT(1), UNIT_ORDER(1)

══════════════════════════════════════════════════════════════════════
  TURN 9 — 3820 B.C. (7ms)
══════════════════════════════════════════════════════════════════════
  [Civ 1] Romans (despotism): 1 cities, 1 units, 9g, 6 techs, researching Bronze Working (9/36)
    Rome: size=1, prod=Archers (15sh), bldgs=Palace
    Units: 1x Warriors
  [Civ 2] Babylonians (despotism): 1 cities, 1 units, 36g, 5 techs, researching Bronze Working (8/36)
    Babylon: size=1, prod=Wonder39 (14sh), bldgs=Palace
    Units: 1x Warriors
  [Civ 3] Germans (despotism): 1 cities, 1 units, 8g, 5 techs, researching Map Making (8/36)
    Berlin: size=1, prod=Wonder45 (28sh), bldgs=Palace
    Units: 1x Warriors
  [Civ 4] Egyptians (despotism): 1 cities, 0 units, 0g, 5 techs, researching Mysticism (8/36)
    Thebes: size=1, prod=Wonder39 (14sh), bldgs=Palace
    Units: none
  [Civ 1] Romans turn: 2 actions — MOVE_UNIT(1), UNIT_ORDER(1)
    >>> Rome grew to size 2

══════════════════════════════════════════════════════════════════════
  TURN 10 — 3800 B.C. (10ms)
══════════════════════════════════════════════════════════════════════
  [Civ 1] Romans (despotism): 1 cities, 1 units, 10g, 6 techs, researching Bronze Working (11/36)
    Rome: size=2, prod=Archers (17sh), bldgs=Palace
    Units: 1x Warriors
  [Civ 2] Babylonians (despotism): 1 cities, 1 units, 36g, 5 techs, researching Bronze Working (9/36)
    Babylon: size=1, prod=Wonder39 (16sh), bldgs=Palace
    Units: 1x Warriors
  [Civ 3] Germans (despotism): 1 cities, 1 units, 9g, 5 techs, researching Map Making (9/36)
    Berlin: size=1, prod=Wonder45 (32sh), bldgs=Palace
    Units: 1x Warriors
  [Civ 4] Egyptians (despotism): 1 cities, 0 units, 0g, 5 techs, researching Mysticism (9/36)
    Thebes: size=1, prod=Wonder39 (16sh), bldgs=Palace
    Units: none
  [Civ 1] Romans turn: 2 actions — MOVE_UNIT(1), UNIT_ORDER(1)
    >>> Babylon grew to size 2
    >>> Thebes grew to size 2

══════════════════════════════════════════════════════════════════════
  TURN 11 — 3780 B.C. (32ms)
══════════════════════════════════════════════════════════════════════
  [Civ 1] Romans (despotism): 1 cities, 0 units, 11g, 6 techs, researching Bronze Working (13/36)
    Rome: size=2, prod=Archers (20sh), bldgs=Palace
    Units: none
  [Civ 2] Babylonians (despotism): 1 cities, 1 units, 36g, 5 techs, researching Bronze Working (10/36)
    Babylon: size=2, prod=Wonder39 (18sh), bldgs=Palace
    Units: 1x Warriors
  [Civ 3] Germans (despotism): 1 cities, 1 units, 10g, 5 techs, researching Map Making (10/36)
    Berlin: size=1, prod=Wonder45 (36sh), bldgs=Palace
    Units: 1x Warriors
  [Civ 4] Egyptians (despotism): 1 cities, 0 units, 1g, 5 techs, researching Mysticism (10/36)
    Thebes: size=2, prod=Wonder39 (18sh), bldgs=Palace
    Units: none
  [Civ 1] Romans turn: 1 actions — CHANGE_PRODUCTION(1)
    CHANGE_PRODUCTION city=0

══════════════════════════════════════════════════════════════════════
  TURN 12 — 3760 B.C. (22ms)
══════════════════════════════════════════════════════════════════════
  [Civ 1] Romans (despotism): 1 cities, 0 units, 12g, 6 techs, researching Bronze Working (15/36)
    Rome: size=2, prod=Wonder40 (3sh), bldgs=Palace
    Units: none
  [Civ 2] Babylonians (despotism): 1 cities, 1 units, 36g, 5 techs, researching Bronze Working (11/36)
    Babylon: size=2, prod=Wonder39 (21sh), bldgs=Palace
    Units: 1x Warriors
  [Civ 3] Germans (despotism): 1 cities, 1 units, 11g, 5 techs, researching Map Making (11/36)
    Berlin: size=1, prod=Wonder45 (40sh), bldgs=Palace
    Units: 1x Warriors
  [Civ 4] Egyptians (despotism): 1 cities, 0 units, 2g, 5 techs, researching Mysticism (11/36)
    Thebes: size=2, prod=Wonder39 (21sh), bldgs=Palace
    Units: none
  [Civ 1] Romans turn: 0 actions — idle

══════════════════════════════════════════════════════════════════════
  TURN 13 — 3740 B.C. (19ms)
══════════════════════════════════════════════════════════════════════
  [Civ 1] Romans (despotism): 1 cities, 0 units, 13g, 6 techs, researching Bronze Working (17/36)
    Rome: size=2, prod=Wonder40 (6sh), bldgs=Palace
    Units: none
  [Civ 2] Babylonians (despotism): 1 cities, 1 units, 36g, 5 techs, researching Bronze Working (12/36)
    Babylon: size=2, prod=Wonder39 (24sh), bldgs=Palace
    Units: 1x Warriors
  [Civ 3] Germans (despotism): 1 cities, 1 units, 12g, 5 techs, researching Map Making (12/36)
    Berlin: size=1, prod=Wonder45 (44sh), bldgs=Palace
    Units: 1x Warriors
  [Civ 4] Egyptians (despotism): 1 cities, 0 units, 3g, 5 techs, researching Mysticism (12/36)
    Thebes: size=2, prod=Wonder39 (24sh), bldgs=Palace
    Units: none
  [Civ 1] Romans turn: 0 actions — idle

══════════════════════════════════════════════════════════════════════
  TURN 14 — 3720 B.C. (8ms)
══════════════════════════════════════════════════════════════════════
  [Civ 1] Romans (despotism): 1 cities, 0 units, 14g, 6 techs, researching Bronze Working (19/36)
    Rome: size=2, prod=Wonder40 (9sh), bldgs=Palace
    Units: none
  [Civ 2] Babylonians (despotism): 1 cities, 1 units, 36g, 5 techs, researching Bronze Working (13/36)
    Babylon: size=2, prod=Wonder39 (27sh), bldgs=Palace
    Units: 1x Warriors
  [Civ 3] Germans (despotism): 1 cities, 1 units, 13g, 5 techs, researching Map Making (13/36)
    Berlin: size=1, prod=Wonder45 (48sh), bldgs=Palace
    Units: 1x Warriors
  [Civ 4] Egyptians (despotism): 1 cities, 0 units, 4g, 5 techs, researching Mysticism (13/36)
    Thebes: size=2, prod=Wonder39 (27sh), bldgs=Palace
    Units: none
  [Civ 1] Romans turn: 0 actions — idle

══════════════════════════════════════════════════════════════════════
  TURN 15 — 3700 B.C. (22ms)
══════════════════════════════════════════════════════════════════════
  [Civ 1] Romans (despotism): 1 cities, 0 units, 15g, 6 techs, researching Bronze Working (21/36)
    Rome: size=2, prod=Wonder40 (12sh), bldgs=Palace
    Units: none
  [Civ 2] Babylonians (despotism): 1 cities, 1 units, 36g, 5 techs, researching Bronze Working (14/36)
    Babylon: size=2, prod=Wonder39 (30sh), bldgs=Palace
    Units: 1x Warriors
  [Civ 3] Germans (despotism): 1 cities, 1 units, 14g, 5 techs, researching Map Making (14/36)
    Berlin: size=1, prod=Wonder45 (52sh), bldgs=Palace
    Units: 1x Warriors
  [Civ 4] Egyptians (despotism): 1 cities, 0 units, 5g, 5 techs, researching Mysticism (14/36)
    Thebes: size=2, prod=Wonder39 (30sh), bldgs=Palace
    Units: none
  [Civ 1] Romans turn: 0 actions — idle

══════════════════════════════════════════════════════════════════════
  TURN 16 — 3680 B.C. (49ms)
══════════════════════════════════════════════════════════════════════
  [Civ 1] Romans (despotism): 1 cities, 0 units, 16g, 6 techs, researching Bronze Working (23/36)
    Rome: size=2, prod=Wonder40 (15sh), bldgs=Palace
    Units: none
  [Civ 2] Babylonians (despotism): 1 cities, 1 units, 36g, 5 techs, researching Bronze Working (15/36)
    Babylon: size=2, prod=Wonder39 (33sh), bldgs=Palace
    Units: 1x Warriors
  [Civ 3] Germans (despotism): 1 cities, 1 units, 15g, 5 techs, researching Map Making (15/36)
    Berlin: size=1, prod=Wonder45 (56sh), bldgs=Palace
    Units: 1x Warriors
  [Civ 4] Egyptians (despotism): 1 cities, 0 units, 6g, 5 techs, researching Mysticism (15/36)
    Thebes: size=2, prod=Wonder39 (33sh), bldgs=Palace
    Units: none
  [Civ 1] Romans turn: 0 actions — idle

══════════════════════════════════════════════════════════════════════
  TURN 17 — 3660 B.C. (6ms)
══════════════════════════════════════════════════════════════════════
  [Civ 1] Romans (despotism): 1 cities, 0 units, 17g, 6 techs, researching Bronze Working (25/36)
    Rome: size=2, prod=Wonder40 (18sh), bldgs=Palace
    Units: none
  [Civ 2] Babylonians (despotism): 1 cities, 1 units, 36g, 5 techs, researching Bronze Working (16/36)
    Babylon: size=2, prod=Wonder39 (36sh), bldgs=Palace
    Units: 1x Warriors
  [Civ 3] Germans (despotism): 1 cities, 1 units, 16g, 5 techs, researching Map Making (16/36)
    Berlin: size=1, prod=Wonder45 (60sh), bldgs=Palace
    Units: 1x Warriors
  [Civ 4] Egyptians (despotism): 1 cities, 0 units, 7g, 5 techs, researching Mysticism (16/36)
    Thebes: size=2, prod=Wonder39 (36sh), bldgs=Palace
    Units: none
  [Civ 1] Romans turn: 0 actions — idle

══════════════════════════════════════════════════════════════════════
  TURN 18 — 3640 B.C. (8ms)
══════════════════════════════════════════════════════════════════════
  [Civ 1] Romans (despotism): 1 cities, 0 units, 18g, 6 techs, researching Bronze Working (27/36)
    Rome: size=2, prod=Wonder40 (21sh), bldgs=Palace
    Units: none
  [Civ 2] Babylonians (despotism): 1 cities, 1 units, 36g, 5 techs, researching Bronze Working (17/36)
    Babylon: size=2, prod=Wonder39 (39sh), bldgs=Palace
    Units: 1x Warriors
  [Civ 3] Germans (despotism): 1 cities, 1 units, 17g, 5 techs, researching Map Making (17/36)
    Berlin: size=1, prod=Wonder45 (64sh), bldgs=Palace
    Units: 1x Warriors
  [Civ 4] Egyptians (despotism): 1 cities, 0 units, 8g, 5 techs, researching Mysticism (17/36)
    Thebes: size=2, prod=Wonder39 (39sh), bldgs=Palace
    Units: none
  [Civ 1] Romans turn: 0 actions — idle

══════════════════════════════════════════════════════════════════════
  TURN 19 — 3620 B.C. (8ms)
══════════════════════════════════════════════════════════════════════
  [Civ 1] Romans (despotism): 1 cities, 0 units, 19g, 6 techs, researching Bronze Working (29/36)
    Rome: size=2, prod=Wonder40 (24sh), bldgs=Palace
    Units: none
  [Civ 2] Babylonians (despotism): 1 cities, 1 units, 36g, 5 techs, researching Bronze Working (18/36)
    Babylon: size=2, prod=Wonder39 (42sh), bldgs=Palace
    Units: 1x Warriors
  [Civ 3] Germans (despotism): 1 cities, 1 units, 18g, 5 techs, researching Map Making (18/36)
    Berlin: size=1, prod=Wonder45 (68sh), bldgs=Palace
    Units: 1x Warriors
  [Civ 4] Egyptians (despotism): 1 cities, 0 units, 9g, 5 techs, researching Mysticism (18/36)
    Thebes: size=2, prod=Wonder39 (42sh), bldgs=Palace
    Units: none
  [Civ 1] Romans turn: 0 actions — idle

══════════════════════════════════════════════════════════════════════
  TURN 20 — 3600 B.C. (5ms)
══════════════════════════════════════════════════════════════════════
  [Civ 1] Romans (despotism): 1 cities, 0 units, 20g, 6 techs, researching Bronze Working (31/36)
    Rome: size=2, prod=Wonder40 (27sh), bldgs=Palace
    Units: none
  [Civ 2] Babylonians (despotism): 1 cities, 1 units, 36g, 5 techs, researching Bronze Working (19/36)
    Babylon: size=2, prod=Wonder39 (45sh), bldgs=Palace
    Units: 1x Warriors
  [Civ 3] Germans (despotism): 1 cities, 1 units, 19g, 5 techs, researching Map Making (19/36)
    Berlin: size=1, prod=Wonder45 (72sh), bldgs=Palace
    Units: 1x Warriors
  [Civ 4] Egyptians (despotism): 1 cities, 0 units, 10g, 5 techs, researching Mysticism (19/36)
    Thebes: size=2, prod=Wonder39 (45sh), bldgs=Palace
    Units: none
  [Civ 1] Romans turn: 0 actions — idle
    >>> Berlin grew to size 2

══════════════════════════════════════════════════════════════════════
  TURN 21 — 3580 B.C. (5ms)
══════════════════════════════════════════════════════════════════════
  [Civ 1] Romans (despotism): 1 cities, 0 units, 21g, 6 techs, researching Bronze Working (33/36)
    Rome: size=2, prod=Wonder40 (30sh), bldgs=Palace
    Units: none
  [Civ 2] Babylonians (despotism): 1 cities, 1 units, 36g, 5 techs, researching Bronze Working (20/36)
    Babylon: size=2, prod=Wonder39 (48sh), bldgs=Palace
    Units: 1x Warriors
  [Civ 3] Germans (despotism): 1 cities, 1 units, 20g, 5 techs, researching Map Making (20/36)
    Berlin: size=2, prod=Wonder45 (76sh), bldgs=Palace
    Units: 1x Warriors
  [Civ 4] Egyptians (despotism): 1 cities, 0 units, 11g, 5 techs, researching Mysticism (20/36)
    Thebes: size=2, prod=Wonder39 (48sh), bldgs=Palace
    Units: none
  [Civ 1] Romans turn: 0 actions — idle

══════════════════════════════════════════════════════════════════════
  TURN 22 — 3560 B.C. (10ms)
══════════════════════════════════════════════════════════════════════
  [Civ 1] Romans (despotism): 1 cities, 0 units, 22g, 6 techs, researching Bronze Working (35/36)
    Rome: size=2, prod=Wonder40 (33sh), bldgs=Palace
    Units: none
  [Civ 2] Babylonians (despotism): 1 cities, 1 units, 36g, 5 techs, researching Bronze Working (21/36)
    Babylon: size=2, prod=Wonder39 (51sh), bldgs=Palace
    Units: 1x Warriors
  [Civ 3] Germans (despotism): 1 cities, 1 units, 21g, 5 techs, researching Map Making (21/36)
    Berlin: size=2, prod=Wonder45 (82sh), bldgs=Palace
    Units: 1x Warriors
  [Civ 4] Egyptians (despotism): 1 cities, 0 units, 12g, 5 techs, researching Mysticism (21/36)
    Thebes: size=2, prod=Wonder39 (51sh), bldgs=Palace
    Units: none
  [Civ 1] Romans turn: 0 actions — idle
    >>> Romans discovered: Bronze Working

══════════════════════════════════════════════════════════════════════
  TURN 23 — 3540 B.C. (42ms)
══════════════════════════════════════════════════════════════════════
  [Civ 1] Romans (despotism): 1 cities, 0 units, 22g, 7 techs, researching none (0/33)
    Rome: size=2, prod=Wonder40 (36sh), bldgs=Palace
    Units: none
  [Civ 2] Babylonians (despotism): 1 cities, 1 units, 36g, 5 techs, researching Bronze Working (22/36)
    Babylon: size=2, prod=Wonder39 (54sh), bldgs=Palace
    Units: 1x Warriors
  [Civ 3] Germans (despotism): 1 cities, 1 units, 22g, 5 techs, researching Map Making (22/36)
    Berlin: size=2, prod=Wonder45 (88sh), bldgs=Palace
    Units: 1x Warriors
  [Civ 4] Egyptians (despotism): 1 cities, 0 units, 13g, 5 techs, researching Mysticism (22/36)
    Thebes: size=2, prod=Wonder39 (54sh), bldgs=Palace
    Units: none
  [Civ 1] Romans turn: 1 actions — SET_RESEARCH(1)
    SET_RESEARCH tech=Iron Working

══════════════════════════════════════════════════════════════════════
  TURN 24 — 3520 B.C. (12ms)
══════════════════════════════════════════════════════════════════════
  [Civ 1] Romans (despotism): 1 cities, 0 units, 23g, 7 techs, researching Iron Working (2/33)
    Rome: size=2, prod=Wonder40 (39sh), bldgs=Palace
    Units: none
  [Civ 2] Babylonians (despotism): 1 cities, 1 units, 36g, 5 techs, researching Bronze Working (23/36)
    Babylon: size=2, prod=Wonder39 (57sh), bldgs=Palace
    Units: 1x Warriors
  [Civ 3] Germans (despotism): 1 cities, 1 units, 23g, 5 techs, researching Map Making (23/36)
    Berlin: size=2, prod=Wonder45 (94sh), bldgs=Palace
    Units: 1x Warriors
  [Civ 4] Egyptians (despotism): 1 cities, 0 units, 14g, 5 techs, researching Mysticism (23/36)
    Thebes: size=2, prod=Wonder39 (57sh), bldgs=Palace
    Units: none
  [Civ 1] Romans turn: 0 actions — idle
    >>> Rome grew to size 3

══════════════════════════════════════════════════════════════════════
  TURN 25 — 3500 B.C. (5ms)
══════════════════════════════════════════════════════════════════════
  [Civ 1] Romans (despotism): 1 cities, 0 units, 25g, 7 techs, researching Iron Working (4/33)
    Rome: size=3, prod=Wonder40 (42sh), bldgs=Palace
    Units: none
  [Civ 2] Babylonians (despotism): 1 cities, 1 units, 36g, 5 techs, researching Bronze Working (24/36)
    Babylon: size=2, prod=Wonder39 (60sh), bldgs=Palace
    Units: 1x Warriors
  [Civ 3] Germans (despotism): 1 cities, 1 units, 24g, 5 techs, researching Map Making (24/36)
    Berlin: size=2, prod=Wonder45 (100sh), bldgs=Palace
    Units: 1x Warriors
  [Civ 4] Egyptians (despotism): 1 cities, 0 units, 15g, 5 techs, researching Mysticism (24/36)
    Thebes: size=2, prod=Wonder39 (60sh), bldgs=Palace
    Units: none
  [Civ 1] Romans turn: 0 actions — idle
    >>> Thebes grew to size 3

══════════════════════════════════════════════════════════════════════
  TURN 26 — 3480 B.C. (7ms)
══════════════════════════════════════════════════════════════════════
  [Civ 1] Romans (despotism): 1 cities, 0 units, 27g, 7 techs, researching Iron Working (6/33)
    Rome: size=3, prod=Wonder40 (46sh), bldgs=Palace
    Units: none
  [Civ 2] Babylonians (despotism): 1 cities, 1 units, 36g, 5 techs, researching Bronze Working (25/36)
    Babylon: size=2, prod=Wonder39 (63sh), bldgs=Palace
    Units: 1x Warriors
  [Civ 3] Germans (despotism): 1 cities, 1 units, 25g, 5 techs, researching Map Making (25/36)
    Berlin: size=2, prod=Wonder45 (106sh), bldgs=Palace
    Units: 1x Warriors
  [Civ 4] Egyptians (despotism): 1 cities, 0 units, 16g, 5 techs, researching Mysticism (26/36)
    Thebes: size=3, prod=Wonder39 (63sh), bldgs=Palace
    Units: none
  [Civ 1] Romans turn: 0 actions — idle

══════════════════════════════════════════════════════════════════════
  TURN 27 — 3460 B.C. (31ms)
══════════════════════════════════════════════════════════════════════
  [Civ 1] Romans (despotism): 1 cities, 0 units, 29g, 7 techs, researching Iron Working (8/33)
    Rome: size=3, prod=Wonder40 (50sh), bldgs=Palace
    Units: none
  [Civ 2] Babylonians (despotism): 1 cities, 1 units, 36g, 5 techs, researching Bronze Working (26/36)
    Babylon: size=2, prod=Wonder39 (66sh), bldgs=Palace
    Units: 1x Warriors
  [Civ 3] Germans (despotism): 1 cities, 1 units, 26g, 5 techs, researching Map Making (26/36)
    Berlin: size=2, prod=Wonder45 (112sh), bldgs=Palace
    Units: 1x Warriors
  [Civ 4] Egyptians (despotism): 1 cities, 0 units, 17g, 5 techs, researching Mysticism (28/36)
    Thebes: size=3, prod=Wonder39 (67sh), bldgs=Palace
    Units: none
  [Civ 1] Romans turn: 0 actions — idle

══════════════════════════════════════════════════════════════════════
  TURN 28 — 3440 B.C. (28ms)
══════════════════════════════════════════════════════════════════════
  [Civ 1] Romans (despotism): 1 cities, 0 units, 31g, 7 techs, researching Iron Working (10/33)
    Rome: size=3, prod=Wonder40 (54sh), bldgs=Palace
    Units: none
  [Civ 2] Babylonians (despotism): 1 cities, 1 units, 36g, 5 techs, researching Bronze Working (27/36)
    Babylon: size=2, prod=Wonder39 (69sh), bldgs=Palace
    Units: 1x Warriors
  [Civ 3] Germans (despotism): 1 cities, 1 units, 27g, 5 techs, researching Map Making (27/36)
    Berlin: size=2, prod=Wonder45 (118sh), bldgs=Palace
    Units: 1x Warriors
  [Civ 4] Egyptians (despotism): 1 cities, 0 units, 18g, 5 techs, researching Mysticism (30/36)
    Thebes: size=3, prod=Wonder39 (71sh), bldgs=Palace
    Units: none
  [Civ 1] Romans turn: 0 actions — idle

══════════════════════════════════════════════════════════════════════
  TURN 29 — 3420 B.C. (17ms)
══════════════════════════════════════════════════════════════════════
  [Civ 1] Romans (despotism): 1 cities, 0 units, 33g, 7 techs, researching Iron Working (12/33)
    Rome: size=3, prod=Wonder40 (58sh), bldgs=Palace
    Units: none
  [Civ 2] Babylonians (despotism): 1 cities, 1 units, 36g, 5 techs, researching Bronze Working (28/36)
    Babylon: size=2, prod=Wonder39 (72sh), bldgs=Palace
    Units: 1x Warriors
  [Civ 3] Germans (despotism): 1 cities, 1 units, 28g, 5 techs, researching Map Making (28/36)
    Berlin: size=2, prod=Wonder45 (124sh), bldgs=Palace
    Units: 1x Warriors
  [Civ 4] Egyptians (despotism): 1 cities, 0 units, 19g, 5 techs, researching Mysticism (32/36)
    Thebes: size=3, prod=Wonder39 (75sh), bldgs=Palace
    Units: none
  [Civ 1] Romans turn: 0 actions — idle

══════════════════════════════════════════════════════════════════════
  TURN 30 — 3400 B.C. (6ms)
══════════════════════════════════════════════════════════════════════
  [Civ 1] Romans (despotism): 1 cities, 0 units, 35g, 7 techs, researching Iron Working (14/33)
    Rome: size=3, prod=Wonder40 (62sh), bldgs=Palace
    Units: none
  [Civ 2] Babylonians (despotism): 1 cities, 1 units, 36g, 5 techs, researching Bronze Working (29/36)
    Babylon: size=2, prod=Wonder39 (75sh), bldgs=Palace
    Units: 1x Warriors
  [Civ 3] Germans (despotism): 1 cities, 1 units, 29g, 5 techs, researching Map Making (29/36)
    Berlin: size=2, prod=Wonder45 (130sh), bldgs=Palace
    Units: 1x Warriors
  [Civ 4] Egyptians (despotism): 1 cities, 0 units, 20g, 5 techs, researching Mysticism (34/36)
    Thebes: size=3, prod=Wonder39 (79sh), bldgs=Palace
    Units: none
  [Civ 1] Romans turn: 0 actions — idle
    >>> Egyptians discovered: Mysticism
    SET_RESEARCH tech=Code of Laws

══════════════════════════════════════════════════════════════════════
  TURN 31 — 3380 B.C. (31ms)
══════════════════════════════════════════════════════════════════════
  [Civ 1] Romans (despotism): 1 cities, 0 units, 37g, 7 techs, researching Iron Working (16/33)
    Rome: size=3, prod=Wonder40 (66sh), bldgs=Palace
    Units: none
  [Civ 2] Babylonians (despotism): 1 cities, 1 units, 36g, 5 techs, researching Bronze Working (30/36)
    Babylon: size=2, prod=Wonder39 (78sh), bldgs=Palace
    Units: 1x Warriors
  [Civ 3] Germans (despotism): 1 cities, 1 units, 30g, 5 techs, researching Map Making (30/36)
    Berlin: size=2, prod=Wonder45 (136sh), bldgs=Palace
    Units: 1x Warriors
  [Civ 4] Egyptians (despotism): 1 cities, 0 units, 20g, 6 techs, researching Code of Laws (0/36)
    Thebes: size=3, prod=Wonder39 (83sh), bldgs=Palace
    Units: none
  [Civ 1] Romans turn: 0 actions — idle

══════════════════════════════════════════════════════════════════════
  TURN 32 — 3360 B.C. (14ms)
══════════════════════════════════════════════════════════════════════
  [Civ 1] Romans (despotism): 1 cities, 0 units, 39g, 7 techs, researching Iron Working (18/33)
    Rome: size=3, prod=Wonder40 (70sh), bldgs=Palace
    Units: none
  [Civ 2] Babylonians (despotism): 1 cities, 1 units, 36g, 5 techs, researching Bronze Working (31/36)
    Babylon: size=2, prod=Wonder39 (81sh), bldgs=Palace
    Units: 1x Warriors
  [Civ 3] Germans (despotism): 1 cities, 1 units, 31g, 5 techs, researching Map Making (31/36)
    Berlin: size=2, prod=Wonder45 (142sh), bldgs=Palace
    Units: 1x Warriors
  [Civ 4] Egyptians (despotism): 1 cities, 0 units, 21g, 6 techs, researching Code of Laws (2/36)
    Thebes: size=3, prod=Wonder39 (87sh), bldgs=Palace
    Units: none
  [Civ 1] Romans turn: 0 actions — idle
    >>> Babylon grew to size 3

══════════════════════════════════════════════════════════════════════
  TURN 33 — 3340 B.C. (11ms)
══════════════════════════════════════════════════════════════════════
  [Civ 1] Romans (despotism): 1 cities, 0 units, 41g, 7 techs, researching Iron Working (20/33)
    Rome: size=3, prod=Wonder40 (74sh), bldgs=Palace
    Units: none
  [Civ 2] Babylonians (despotism): 1 cities, 1 units, 36g, 5 techs, researching Bronze Working (32/36)
    Babylon: size=3, prod=Wonder39 (84sh), bldgs=Palace
    Units: 1x Warriors
  [Civ 3] Germans (despotism): 1 cities, 1 units, 32g, 5 techs, researching Map Making (32/36)
    Berlin: size=2, prod=Wonder45 (148sh), bldgs=Palace
    Units: 1x Warriors
  [Civ 4] Egyptians (despotism): 1 cities, 0 units, 22g, 6 techs, researching Code of Laws (4/36)
    Thebes: size=3, prod=Wonder39 (91sh), bldgs=Palace
    Units: none
  [Civ 1] Romans turn: 0 actions — idle

══════════════════════════════════════════════════════════════════════
  TURN 34 — 3320 B.C. (7ms)
══════════════════════════════════════════════════════════════════════
  [Civ 1] Romans (despotism): 1 cities, 0 units, 43g, 7 techs, researching Iron Working (22/33)
    Rome: size=3, prod=Wonder40 (78sh), bldgs=Palace
    Units: none
  [Civ 2] Babylonians (despotism): 1 cities, 1 units, 36g, 5 techs, researching Bronze Working (33/36)
    Babylon: size=3, prod=Wonder39 (88sh), bldgs=Palace
    Units: 1x Warriors
  [Civ 3] Germans (despotism): 1 cities, 1 units, 33g, 5 techs, researching Map Making (33/36)
    Berlin: size=2, prod=Wonder45 (154sh), bldgs=Palace
    Units: 1x Warriors
  [Civ 4] Egyptians (despotism): 1 cities, 0 units, 23g, 6 techs, researching Code of Laws (6/36)
    Thebes: size=3, prod=Wonder39 (95sh), bldgs=Palace
    Units: none
  [Civ 1] Romans turn: 0 actions — idle
    COMBAT: ? vs ? → capture (atkHp=undefined, defHp=undefined)

══════════════════════════════════════════════════════════════════════
  TURN 35 — 3300 B.C. (9ms)
══════════════════════════════════════════════════════════════════════
  [Civ 1] Romans (despotism): 1 cities, 0 units, 45g, 7 techs, researching Iron Working (24/33)
    Rome: size=3, prod=Wonder40 (82sh), bldgs=Palace
    Units: none
  [Civ 2] Babylonians (despotism): 0 cities, 1 units, 6g, 5 techs, researching Bronze Working (34/36)
    Units: 1x Warriors
  [Civ 3] Germans (despotism): 2 cities, 1 units, 64g, 5 techs, researching Map Making (34/36)
    Babylon: size=2, prod=Warriors (0sh)
    Berlin: size=2, prod=Wonder45 (160sh), bldgs=Palace
    Units: 1x Warriors
  [Civ 4] Egyptians (despotism): 1 cities, 0 units, 24g, 6 techs, researching Code of Laws (8/36)
    Thebes: size=3, prod=Wonder39 (99sh), bldgs=Palace
    Units: none
  [Civ 1] Romans turn: 0 actions — idle
    CHANGE_PRODUCTION city=1
    CHANGE_PRODUCTION city=2

══════════════════════════════════════════════════════════════════════
  TURN 36 — 3280 B.C. (7ms)
══════════════════════════════════════════════════════════════════════
  [Civ 1] Romans (despotism): 1 cities, 0 units, 47g, 7 techs, researching Iron Working (26/33)
    Rome: size=3, prod=Wonder40 (86sh), bldgs=Palace
    Units: none
  [Civ 2] Babylonians (despotism): 0 cities, 1 units, 6g, 5 techs, researching Bronze Working (34/36)
    Units: 1x Warriors
  [Civ 3] Germans (despotism): 2 cities, 1 units, 65g, 5 techs, researching Map Making (35/36)
    Babylon: size=2, prod=Archers (1sh)
    Berlin: size=2, prod=building:2 (0sh), bldgs=Palace
    Units: 1x Warriors
  [Civ 4] Egyptians (despotism): 1 cities, 0 units, 25g, 6 techs, researching Code of Laws (10/36)
    Thebes: size=3, prod=Wonder39 (103sh), bldgs=Palace
    Units: none
  [Civ 1] Romans turn: 0 actions — idle
    >>> Germans discovered: Map Making
    SET_RESEARCH tech=The Wheel
    CHANGE_PRODUCTION city=2

══════════════════════════════════════════════════════════════════════
  TURN 37 — 3260 B.C. (11ms)
══════════════════════════════════════════════════════════════════════
  [Civ 1] Romans (despotism): 1 cities, 0 units, 49g, 7 techs, researching Iron Working (28/33)
    Rome: size=3, prod=Wonder40 (90sh), bldgs=Palace
    Units: none
  [Civ 2] Babylonians (despotism): 0 cities, 1 units, 6g, 5 techs, researching Bronze Working (34/36)
    Units: 1x Warriors
  [Civ 3] Germans (despotism): 2 cities, 1 units, 65g, 6 techs, researching The Wheel (0/36)
    Babylon: size=2, prod=Archers (3sh)
    Berlin: size=2, prod=Trireme (0sh), bldgs=Palace
    Units: 1x Warriors
  [Civ 4] Egyptians (despotism): 1 cities, 0 units, 26g, 6 techs, researching Code of Laws (12/36)
    Thebes: size=3, prod=Wonder39 (107sh), bldgs=Palace
    Units: none
  [Civ 1] Romans turn: 0 actions — idle

══════════════════════════════════════════════════════════════════════
  TURN 38 — 3240 B.C. (5ms)
══════════════════════════════════════════════════════════════════════
  [Civ 1] Romans (despotism): 1 cities, 0 units, 51g, 7 techs, researching Iron Working (30/33)
    Rome: size=3, prod=Wonder40 (94sh), bldgs=Palace
    Units: none
  [Civ 2] Babylonians (despotism): 0 cities, 1 units, 6g, 5 techs, researching Bronze Working (34/36)
    Units: 1x Warriors
  [Civ 3] Germans (despotism): 2 cities, 1 units, 66g, 6 techs, researching The Wheel (1/36)
    Babylon: size=2, prod=Archers (5sh)
    Berlin: size=2, prod=Trireme (6sh), bldgs=Palace
    Units: 1x Warriors
  [Civ 4] Egyptians (despotism): 1 cities, 0 units, 27g, 6 techs, researching Code of Laws (14/36)
    Thebes: size=3, prod=Wonder39 (111sh), bldgs=Palace
    Units: none
  [Civ 1] Romans turn: 0 actions — idle

══════════════════════════════════════════════════════════════════════
  TURN 39 — 3220 B.C. (47ms)
══════════════════════════════════════════════════════════════════════
  [Civ 1] Romans (despotism): 1 cities, 0 units, 53g, 7 techs, researching Iron Working (32/33)
    Rome: size=3, prod=Wonder40 (98sh), bldgs=Palace
    Units: none
  [Civ 2] Babylonians (despotism): 0 cities, 1 units, 6g, 5 techs, researching Bronze Working (34/36)
    Units: 1x Warriors
  [Civ 3] Germans (despotism): 2 cities, 1 units, 67g, 6 techs, researching The Wheel (2/36)
    Babylon: size=2, prod=Archers (7sh)
    Berlin: size=2, prod=Trireme (12sh), bldgs=Palace
    Units: 1x Warriors
  [Civ 4] Egyptians (despotism): 1 cities, 0 units, 28g, 6 techs, researching Code of Laws (16/36)
    Thebes: size=3, prod=Wonder39 (115sh), bldgs=Palace
    Units: none
  [Civ 1] Romans turn: 0 actions — idle
    >>> Romans discovered: Iron Working

══════════════════════════════════════════════════════════════════════
  TURN 40 — 3200 B.C. (55ms)
══════════════════════════════════════════════════════════════════════
  [Civ 1] Romans (despotism): 1 cities, 0 units, 53g, 8 techs, researching none (0/28)
    Rome: size=3, prod=Wonder40 (102sh), bldgs=Palace
    Units: none
  [Civ 2] Babylonians (despotism): 0 cities, 1 units, 6g, 5 techs, researching Bronze Working (34/36)
    Units: 1x Warriors
  [Civ 3] Germans (despotism): 2 cities, 1 units, 68g, 6 techs, researching The Wheel (3/36)
    Babylon: size=2, prod=Archers (9sh)
    Berlin: size=2, prod=Trireme (18sh), bldgs=Palace
    Units: 1x Warriors
  [Civ 4] Egyptians (despotism): 1 cities, 0 units, 29g, 6 techs, researching Code of Laws (18/36)
    Thebes: size=3, prod=Wonder39 (119sh), bldgs=Palace
    Units: none
  [Civ 1] Romans turn: 1 actions — SET_RESEARCH(1)
    SET_RESEARCH tech=Map Making

══════════════════════════════════════════════════════════════════════
  TURN 41 — 3180 B.C. (22ms)
══════════════════════════════════════════════════════════════════════
  [Civ 1] Romans (despotism): 1 cities, 0 units, 55g, 8 techs, researching Map Making (2/28)
    Rome: size=3, prod=Wonder40 (106sh), bldgs=Palace
    Units: none
  [Civ 2] Babylonians (despotism): 0 cities, 1 units, 6g, 5 techs, researching Bronze Working (34/36)
    Units: 1x Warriors
  [Civ 3] Germans (despotism): 2 cities, 1 units, 69g, 6 techs, researching The Wheel (4/36)
    Babylon: size=2, prod=Archers (11sh)
    Berlin: size=2, prod=Trireme (24sh), bldgs=Palace
    Units: 1x Warriors
  [Civ 4] Egyptians (despotism): 1 cities, 0 units, 30g, 6 techs, researching Code of Laws (20/36)
    Thebes: size=3, prod=Wonder39 (123sh), bldgs=Palace
    Units: none
  [Civ 1] Romans turn: 0 actions — idle

══════════════════════════════════════════════════════════════════════
  TURN 42 — 3160 B.C. (20ms)
══════════════════════════════════════════════════════════════════════
  [Civ 1] Romans (despotism): 1 cities, 0 units, 57g, 8 techs, researching Map Making (4/28)
    Rome: size=3, prod=Wonder40 (110sh), bldgs=Palace
    Units: none
  [Civ 2] Babylonians (despotism): 0 cities, 1 units, 6g, 5 techs, researching Bronze Working (34/36)
    Units: 1x Warriors
  [Civ 3] Germans (despotism): 2 cities, 1 units, 70g, 6 techs, researching The Wheel (5/36)
    Babylon: size=2, prod=Archers (13sh)
    Berlin: size=2, prod=Trireme (30sh), bldgs=Palace
    Units: 1x Warriors
  [Civ 4] Egyptians (despotism): 1 cities, 0 units, 31g, 6 techs, researching Code of Laws (22/36)
    Thebes: size=3, prod=Wonder39 (127sh), bldgs=Palace
    Units: none
  [Civ 1] Romans turn: 0 actions — idle

══════════════════════════════════════════════════════════════════════
  TURN 43 — 3140 B.C. (23ms)
══════════════════════════════════════════════════════════════════════
  [Civ 1] Romans (despotism): 1 cities, 0 units, 59g, 8 techs, researching Map Making (6/28)
    Rome: size=3, prod=Wonder40 (114sh), bldgs=Palace
    Units: none
  [Civ 2] Babylonians (despotism): 0 cities, 1 units, 6g, 5 techs, researching Bronze Working (34/36)
    Units: 1x Warriors
  [Civ 3] Germans (despotism): 2 cities, 1 units, 71g, 6 techs, researching The Wheel (6/36)
    Babylon: size=2, prod=Archers (15sh)
    Berlin: size=2, prod=Trireme (36sh), bldgs=Palace
    Units: 1x Warriors
  [Civ 4] Egyptians (despotism): 1 cities, 0 units, 32g, 6 techs, researching Code of Laws (24/36)
    Thebes: size=3, prod=Wonder39 (131sh), bldgs=Palace
    Units: none
  [Civ 1] Romans turn: 0 actions — idle
    >>> Berlin built Trireme
    CHANGE_PRODUCTION city=2

══════════════════════════════════════════════════════════════════════
  TURN 44 — 3120 B.C. (23ms)
══════════════════════════════════════════════════════════════════════
  [Civ 1] Romans (despotism): 1 cities, 0 units, 61g, 8 techs, researching Map Making (8/28)
    Rome: size=3, prod=Wonder40 (118sh), bldgs=Palace
    Units: none
  [Civ 2] Babylonians (despotism): 0 cities, 1 units, 6g, 5 techs, researching Bronze Working (34/36)
    Units: 1x Warriors
  [Civ 3] Germans (despotism): 2 cities, 2 units, 72g, 6 techs, researching The Wheel (7/36)
    Babylon: size=2, prod=Archers (17sh)
    Berlin: size=2, prod=Archers (1sh), bldgs=Palace
    Units: 1x Warriors, 1x Trireme
  [Civ 4] Egyptians (despotism): 1 cities, 0 units, 33g, 6 techs, researching Code of Laws (26/36)
    Thebes: size=3, prod=Wonder39 (135sh), bldgs=Palace
    Units: none
  [Civ 1] Romans turn: 0 actions — idle
    >>> Rome grew to size 4

══════════════════════════════════════════════════════════════════════
  TURN 45 — 3100 B.C. (12ms)
══════════════════════════════════════════════════════════════════════
  [Civ 1] Romans (despotism): 1 cities, 0 units, 63g, 8 techs, researching Map Making (11/28)
    Rome: size=4, prod=Wonder40 (122sh), bldgs=Palace
    Units: none
  [Civ 2] Babylonians (despotism): 0 cities, 1 units, 6g, 5 techs, researching Bronze Working (34/36)
    Units: 1x Warriors
  [Civ 3] Germans (despotism): 2 cities, 2 units, 73g, 6 techs, researching The Wheel (8/36)
    Babylon: size=2, prod=Archers (19sh)
    Berlin: size=2, prod=Archers (7sh), bldgs=Palace
    Units: 1x Warriors, 1x Trireme
  [Civ 4] Egyptians (despotism): 1 cities, 0 units, 34g, 6 techs, researching Code of Laws (28/36)
    Thebes: size=3, prod=Wonder39 (139sh), bldgs=Palace
    Units: none
  [Civ 1] Romans turn: 0 actions — idle
    CHANGE_PRODUCTION city=2
    >>> Thebes grew to size 4

══════════════════════════════════════════════════════════════════════
  TURN 46 — 3080 B.C. (5ms)
══════════════════════════════════════════════════════════════════════
  [Civ 1] Romans (despotism): 1 cities, 0 units, 65g, 8 techs, researching Map Making (14/28)
    Rome: size=4, prod=Wonder40 (127sh), bldgs=Palace
    Units: none
  [Civ 2] Babylonians (despotism): 0 cities, 1 units, 6g, 5 techs, researching Bronze Working (34/36)
    Units: 1x Warriors
  [Civ 3] Germans (despotism): 2 cities, 2 units, 74g, 6 techs, researching The Wheel (9/36)
    Babylon: size=2, prod=Archers (21sh)
    Berlin: size=2, prod=Trireme (6sh), bldgs=Palace
    Units: 1x Warriors, 1x Trireme
  [Civ 4] Egyptians (despotism): 1 cities, 0 units, 36g, 6 techs, researching Code of Laws (30/36)
    Thebes: size=4, prod=Wonder39 (143sh), bldgs=Palace
    Units: none
  [Civ 1] Romans turn: 0 actions — idle

══════════════════════════════════════════════════════════════════════
  TURN 47 — 3060 B.C. (48ms)
══════════════════════════════════════════════════════════════════════
  [Civ 1] Romans (despotism): 1 cities, 0 units, 67g, 8 techs, researching Map Making (17/28)
    Rome: size=4, prod=Wonder40 (132sh), bldgs=Palace
    Units: none
  [Civ 2] Babylonians (despotism): 0 cities, 1 units, 6g, 5 techs, researching Bronze Working (34/36)
    Units: 1x Warriors
  [Civ 3] Germans (despotism): 2 cities, 2 units, 75g, 6 techs, researching The Wheel (10/36)
    Babylon: size=2, prod=Archers (23sh)
    Berlin: size=2, prod=Trireme (12sh), bldgs=Palace
    Units: 1x Warriors, 1x Trireme
  [Civ 4] Egyptians (despotism): 1 cities, 0 units, 38g, 6 techs, researching Code of Laws (32/36)
    Thebes: size=4, prod=Wonder39 (147sh), bldgs=Palace
    Units: none
  [Civ 1] Romans turn: 0 actions — idle

══════════════════════════════════════════════════════════════════════
  TURN 48 — 3040 B.C. (8ms)
══════════════════════════════════════════════════════════════════════
  [Civ 1] Romans (despotism): 1 cities, 0 units, 69g, 8 techs, researching Map Making (20/28)
    Rome: size=4, prod=Wonder40 (137sh), bldgs=Palace
    Units: none
  [Civ 2] Babylonians (despotism): 0 cities, 1 units, 6g, 5 techs, researching Bronze Working (34/36)
    Units: 1x Warriors
  [Civ 3] Germans (despotism): 2 cities, 2 units, 76g, 6 techs, researching The Wheel (11/36)
    Babylon: size=2, prod=Archers (25sh)
    Berlin: size=2, prod=Trireme (18sh), bldgs=Palace
    Units: 1x Warriors, 1x Trireme
  [Civ 4] Egyptians (despotism): 1 cities, 0 units, 40g, 6 techs, researching Code of Laws (34/36)
    Thebes: size=4, prod=Wonder39 (151sh), bldgs=Palace
    Units: none
  [Civ 1] Romans turn: 0 actions — idle
    >>> Egyptians discovered: Code of Laws
    SET_RESEARCH tech=Map Making

══════════════════════════════════════════════════════════════════════
  TURN 49 — 3020 B.C. (14ms)
══════════════════════════════════════════════════════════════════════
  [Civ 1] Romans (despotism): 1 cities, 0 units, 71g, 8 techs, researching Map Making (23/28)
    Rome: size=4, prod=Wonder40 (142sh), bldgs=Palace
    Units: none
  [Civ 2] Babylonians (despotism): 0 cities, 1 units, 6g, 5 techs, researching Bronze Working (34/36)
    Units: 1x Warriors
  [Civ 3] Germans (despotism): 2 cities, 2 units, 77g, 6 techs, researching The Wheel (12/36)
    Babylon: size=2, prod=Archers (27sh)
    Berlin: size=2, prod=Trireme (24sh), bldgs=Palace
    Units: 1x Warriors, 1x Trireme
  [Civ 4] Egyptians (despotism): 1 cities, 0 units, 40g, 7 techs, researching Map Making (0/33)
    Thebes: size=4, prod=Wonder39 (155sh), bldgs=Palace
    Units: none
  [Civ 1] Romans turn: 0 actions — idle

══════════════════════════════════════════════════════════════════════
  FINAL SUMMARY
══════════════════════════════════════════════════════════════════════
Game ended at turn 50 (3000 B.C.)

── Civ 1: Romans (despotism) ALIVE ──
  Cities: 1 (peak 1, founded 1)
  Units:  0 (peak 1)
  Treasury: 73g
  Techs discovered: 2 — Bronze Working, Iron Working
  Actions: 32 total, 36 idle turns
  Breakdown: UNIT_ORDER(12), MOVE_UNIT(11), SET_RESEARCH(4), CHANGE_PRODUCTION(3), CHANGE_RATES(1), BUILD_CITY(1)
  Army: none
  Rome: size=4, shields=147

── Civ 2: Babylonians (despotism) ALIVE ──
  Cities: 0 (peak 1, founded 1)
  Units:  1 (peak 1)
  Treasury: 6g
  Techs discovered: 0 — none
  Actions: 105 total, 0 idle turns
  Breakdown: UNIT_ORDER(51), MOVE_UNIT(50), SET_RESEARCH(1), CHANGE_RATES(1), BUILD_CITY(1), CHANGE_PRODUCTION(1)
  Army: 1x Warriors

── Civ 3: Germans (despotism) ALIVE ──
  Cities: 2 (peak 2, founded 1)
  Units:  1 (peak 2)
  Treasury: 78g
  Techs discovered: 1 — Map Making
  Actions: 93 total, 7 idle turns
  Breakdown: UNIT_ORDER(43), MOVE_UNIT(40), CHANGE_PRODUCTION(6), SET_RESEARCH(2), CHANGE_RATES(1), BUILD_CITY(1)
  Army: 1x Warriors
  Babylon: size=2, shields=29
  Berlin: size=2, shields=30

── Civ 4: Egyptians (despotism) ALIVE ──
  Cities: 1 (peak 1, founded 1)
  Units:  0 (peak 1)
  Treasury: 42g
  Techs discovered: 2 — Mysticism, Code of Laws
  Actions: 17 total, 43 idle turns
  Breakdown: UNIT_ORDER(6), MOVE_UNIT(5), SET_RESEARCH(3), CHANGE_RATES(1), BUILD_CITY(1), CHANGE_PRODUCTION(1)
  Army: none
  Thebes: size=4, shields=159


══════════════════════════════════════════════════════════════════════
  AI BEHAVIOR ANALYSIS
══════════════════════════════════════════════════════════════════════
[Civ 1] Romans:
  WARNING: Idle 36/50 turns (>50%)
  WARNING: Only 1 city after 30+ turns

[Civ 2] Babylonians:
  WARNING: Never discovered a tech
  WARNING: Only 1 city after 30+ turns

[Civ 3] Germans:
  WARNING: Only 1 city after 30+ turns

[Civ 4] Egyptians:
  WARNING: Idle 43/50 turns (>50%)
  WARNING: Only 1 city after 30+ turns

