Charlization AI Headless Simulation
Date: 2026-03-16T23:44:06.387Z
Settings: 50 turns, 4 AI players, 50x80 map, difficulty=prince
Map seed: 57375
Map generated in 55ms
Game initialized: 4 civs, 8 starting units
  Civ 1 (Romans): starts at (13,65) on Forest
  Civ 2 (Babylonians): starts at (18,8) on Forest
  Civ 3 (Germans): starts at (13,33) on Forest
  Civ 4 (Egyptians): starts at (38,66) on Hills
    SET_RESEARCH tech=Warrior Code
    CHANGE_RATES sci=6 tax=4 lux=undefined
    BUILD_CITY unit=0 name="Rome"
    1 actions REJECTED (of 6)
    SET_RESEARCH tech=Map Making
    CHANGE_RATES sci=6 tax=4 lux=undefined
    BUILD_CITY unit=2 name="Babylon"
    1 actions REJECTED (of 6)
    SET_RESEARCH tech=Alphabet
    CHANGE_RATES sci=6 tax=4 lux=undefined
    BUILD_CITY unit=4 name="Berlin"
    1 actions REJECTED (of 6)
    SET_RESEARCH tech=Ceremonial Burial
    CHANGE_RATES sci=6 tax=4 lux=undefined
    BUILD_CITY unit=6 name="Thebes"
    1 actions REJECTED (of 6)

══════════════════════════════════════════════════════════════════════
  TURN 1 — 4000 B.C. (32ms)
══════════════════════════════════════════════════════════════════════
  [Civ 1] Romans (despotism): 1 cities, 1 units, 1g, 3 techs, researching Warrior Code (3/28)
    Rome: size=1, prod=Warriors (3sh), bldgs=Palace
    Units: 1x Warriors
  [Civ 2] Babylonians (despotism): 1 cities, 1 units, 0g, 3 techs, researching Map Making (0/28)
    Babylon: size=1, prod=Warriors (0sh), bldgs=Palace
    Units: 1x Warriors
  [Civ 3] Germans (despotism): 1 cities, 1 units, 0g, 3 techs, researching Alphabet (0/28)
    Berlin: size=1, prod=Warriors (0sh), bldgs=Palace
    Units: 1x Warriors
  [Civ 4] Egyptians (despotism): 1 cities, 1 units, 0g, 3 techs, researching Ceremonial Burial (0/28)
    Thebes: size=1, prod=Warriors (0sh), bldgs=Palace
    Units: 1x Warriors
  [Civ 1] Romans turn: 3 actions — CHANGE_PRODUCTION(1), MOVE_UNIT(1), UNIT_ORDER(1)
    CHANGE_PRODUCTION city=0
    CHANGE_PRODUCTION city=1
    SET_RESEARCH tech=Code of Laws
    CHANGE_PRODUCTION city=2
    CHANGE_PRODUCTION city=3

══════════════════════════════════════════════════════════════════════
  TURN 2 — 3980 B.C. (14ms)
══════════════════════════════════════════════════════════════════════
  [Civ 1] Romans (despotism): 1 cities, 1 units, 2g, 5 techs, researching Warrior Code (6/36)
    Rome: size=1, prod=Horsemen (4sh), bldgs=Palace
    Units: 1x Warriors
  [Civ 2] Babylonians (despotism): 1 cities, 1 units, 0g, 5 techs, researching Map Making (2/36)
    Babylon: size=1, prod=Wonder45 (0sh), bldgs=Palace
    Units: 1x Warriors
  [Civ 3] Germans (despotism): 1 cities, 1 units, 0g, 5 techs, researching Code of Laws (1/36)
    Berlin: size=1, prod=building:3 (0sh), bldgs=Palace
    Units: 1x Warriors
  [Civ 4] Egyptians (despotism): 1 cities, 1 units, 0g, 5 techs, researching Ceremonial Burial (1/36)
    Thebes: size=1, prod=building:3 (0sh), bldgs=Palace
    Units: 1x Warriors
  [Civ 1] Romans turn: 3 actions — CHANGE_PRODUCTION(1), MOVE_UNIT(1), UNIT_ORDER(1)
    CHANGE_PRODUCTION city=0

══════════════════════════════════════════════════════════════════════
  TURN 3 — 3960 B.C. (10ms)
══════════════════════════════════════════════════════════════════════
  [Civ 1] Romans (despotism): 1 cities, 1 units, 3g, 5 techs, researching Warrior Code (9/36)
    Rome: size=1, prod=Wonder39 (3sh), bldgs=Palace
    Units: 1x Warriors
  [Civ 2] Babylonians (despotism): 1 cities, 1 units, 0g, 5 techs, researching Map Making (4/36)
    Babylon: size=1, prod=Wonder45 (3sh), bldgs=Palace
    Units: 1x Warriors
  [Civ 3] Germans (despotism): 1 cities, 1 units, 0g, 5 techs, researching Code of Laws (2/36)
    Berlin: size=1, prod=building:3 (3sh), bldgs=Palace
    Units: 1x Warriors
  [Civ 4] Egyptians (despotism): 1 cities, 1 units, 0g, 5 techs, researching Ceremonial Burial (2/36)
    Thebes: size=1, prod=building:3 (3sh), bldgs=Palace
    Units: 1x Warriors
  [Civ 1] Romans turn: 2 actions — MOVE_UNIT(1), UNIT_ORDER(1)

══════════════════════════════════════════════════════════════════════
  TURN 4 — 3940 B.C. (8ms)
══════════════════════════════════════════════════════════════════════
  [Civ 1] Romans (despotism): 1 cities, 1 units, 4g, 5 techs, researching Warrior Code (12/36)
    Rome: size=1, prod=Wonder39 (6sh), bldgs=Palace
    Units: 1x Warriors
  [Civ 2] Babylonians (despotism): 1 cities, 1 units, 0g, 5 techs, researching Map Making (6/36)
    Babylon: size=1, prod=Wonder45 (6sh), bldgs=Palace
    Units: 1x Warriors
  [Civ 3] Germans (despotism): 1 cities, 1 units, 0g, 5 techs, researching Code of Laws (3/36)
    Berlin: size=1, prod=building:3 (6sh), bldgs=Palace
    Units: 1x Warriors
  [Civ 4] Egyptians (despotism): 1 cities, 1 units, 0g, 5 techs, researching Ceremonial Burial (3/36)
    Thebes: size=1, prod=building:3 (6sh), bldgs=Palace
    Units: 1x Warriors
  [Civ 1] Romans turn: 2 actions — MOVE_UNIT(1), UNIT_ORDER(1)

══════════════════════════════════════════════════════════════════════
  TURN 5 — 3920 B.C. (5ms)
══════════════════════════════════════════════════════════════════════
  [Civ 1] Romans (despotism): 1 cities, 1 units, 5g, 5 techs, researching Warrior Code (15/36)
    Rome: size=1, prod=Wonder39 (9sh), bldgs=Palace
    Units: 1x Warriors
  [Civ 2] Babylonians (despotism): 1 cities, 1 units, 0g, 5 techs, researching Map Making (8/36)
    Babylon: size=1, prod=Wonder45 (9sh), bldgs=Palace
    Units: 1x Warriors
  [Civ 3] Germans (despotism): 1 cities, 1 units, 0g, 5 techs, researching Code of Laws (4/36)
    Berlin: size=1, prod=building:3 (9sh), bldgs=Palace
    Units: 1x Warriors
  [Civ 4] Egyptians (despotism): 1 cities, 1 units, 0g, 5 techs, researching Ceremonial Burial (4/36)
    Thebes: size=1, prod=building:3 (9sh), bldgs=Palace
    Units: 1x Warriors
  [Civ 1] Romans turn: 2 actions — MOVE_UNIT(1), UNIT_ORDER(1)

══════════════════════════════════════════════════════════════════════
  TURN 6 — 3900 B.C. (4ms)
══════════════════════════════════════════════════════════════════════
  [Civ 1] Romans (despotism): 1 cities, 1 units, 6g, 5 techs, researching Warrior Code (18/36)
    Rome: size=1, prod=Wonder39 (12sh), bldgs=Palace
    Units: 1x Warriors
  [Civ 2] Babylonians (despotism): 1 cities, 1 units, 0g, 5 techs, researching Map Making (10/36)
    Babylon: size=1, prod=Wonder45 (12sh), bldgs=Palace
    Units: 1x Warriors
  [Civ 3] Germans (despotism): 1 cities, 1 units, 0g, 5 techs, researching Code of Laws (5/36)
    Berlin: size=1, prod=building:3 (12sh), bldgs=Palace
    Units: 1x Warriors
  [Civ 4] Egyptians (despotism): 1 cities, 1 units, 0g, 5 techs, researching Ceremonial Burial (5/36)
    Thebes: size=1, prod=building:3 (12sh), bldgs=Palace
    Units: 1x Warriors
  [Civ 1] Romans turn: 2 actions — MOVE_UNIT(1), UNIT_ORDER(1)

══════════════════════════════════════════════════════════════════════
  TURN 7 — 3880 B.C. (6ms)
══════════════════════════════════════════════════════════════════════
  [Civ 1] Romans (despotism): 1 cities, 1 units, 7g, 5 techs, researching Warrior Code (21/36)
    Rome: size=1, prod=Wonder39 (15sh), bldgs=Palace
    Units: 1x Warriors
  [Civ 2] Babylonians (despotism): 1 cities, 1 units, 0g, 5 techs, researching Map Making (12/36)
    Babylon: size=1, prod=Wonder45 (15sh), bldgs=Palace
    Units: 1x Warriors
  [Civ 3] Germans (despotism): 1 cities, 1 units, 0g, 5 techs, researching Code of Laws (6/36)
    Berlin: size=1, prod=building:3 (15sh), bldgs=Palace
    Units: 1x Warriors
  [Civ 4] Egyptians (despotism): 1 cities, 1 units, 0g, 5 techs, researching Ceremonial Burial (6/36)
    Thebes: size=1, prod=building:3 (15sh), bldgs=Palace
    Units: 1x Warriors
  [Civ 1] Romans turn: 2 actions — MOVE_UNIT(1), UNIT_ORDER(1)

══════════════════════════════════════════════════════════════════════
  TURN 8 — 3860 B.C. (5ms)
══════════════════════════════════════════════════════════════════════
  [Civ 1] Romans (despotism): 1 cities, 1 units, 8g, 5 techs, researching Warrior Code (24/36)
    Rome: size=1, prod=Wonder39 (18sh), bldgs=Palace
    Units: 1x Warriors
  [Civ 2] Babylonians (despotism): 1 cities, 1 units, 0g, 5 techs, researching Map Making (14/36)
    Babylon: size=1, prod=Wonder45 (18sh), bldgs=Palace
    Units: 1x Warriors
  [Civ 3] Germans (despotism): 1 cities, 1 units, 0g, 5 techs, researching Code of Laws (7/36)
    Berlin: size=1, prod=building:3 (18sh), bldgs=Palace
    Units: 1x Warriors
  [Civ 4] Egyptians (despotism): 1 cities, 1 units, 0g, 5 techs, researching Ceremonial Burial (7/36)
    Thebes: size=1, prod=building:3 (18sh), bldgs=Palace
    Units: 1x Warriors
  [Civ 1] Romans turn: 2 actions — MOVE_UNIT(1), UNIT_ORDER(1)

══════════════════════════════════════════════════════════════════════
  TURN 9 — 3840 B.C. (5ms)
══════════════════════════════════════════════════════════════════════
  [Civ 1] Romans (despotism): 1 cities, 1 units, 9g, 5 techs, researching Warrior Code (27/36)
    Rome: size=1, prod=Wonder39 (21sh), bldgs=Palace
    Units: 1x Warriors
  [Civ 2] Babylonians (despotism): 1 cities, 1 units, 0g, 5 techs, researching Map Making (16/36)
    Babylon: size=1, prod=Wonder45 (21sh), bldgs=Palace
    Units: 1x Warriors
  [Civ 3] Germans (despotism): 1 cities, 1 units, 0g, 5 techs, researching Code of Laws (8/36)
    Berlin: size=1, prod=building:3 (21sh), bldgs=Palace
    Units: 1x Warriors
  [Civ 4] Egyptians (despotism): 1 cities, 1 units, 0g, 5 techs, researching Ceremonial Burial (8/36)
    Thebes: size=1, prod=building:3 (21sh), bldgs=Palace
    Units: 1x Warriors
  [Civ 1] Romans turn: 2 actions — MOVE_UNIT(1), UNIT_ORDER(1)

══════════════════════════════════════════════════════════════════════
  TURN 10 — 3820 B.C. (5ms)
══════════════════════════════════════════════════════════════════════
  [Civ 1] Romans (despotism): 1 cities, 1 units, 10g, 5 techs, researching Warrior Code (30/36)
    Rome: size=1, prod=Wonder39 (24sh), bldgs=Palace
    Units: 1x Warriors
  [Civ 2] Babylonians (despotism): 1 cities, 1 units, 0g, 5 techs, researching Map Making (18/36)
    Babylon: size=1, prod=Wonder45 (24sh), bldgs=Palace
    Units: 1x Warriors
  [Civ 3] Germans (despotism): 1 cities, 1 units, 0g, 5 techs, researching Code of Laws (9/36)
    Berlin: size=1, prod=building:3 (24sh), bldgs=Palace
    Units: 1x Warriors
  [Civ 4] Egyptians (despotism): 1 cities, 1 units, 0g, 5 techs, researching Ceremonial Burial (9/36)
    Thebes: size=1, prod=building:3 (24sh), bldgs=Palace
    Units: 1x Warriors
  [Civ 1] Romans turn: 2 actions — MOVE_UNIT(1), UNIT_ORDER(1)
    >>> Thebes grew to size 2

══════════════════════════════════════════════════════════════════════
  TURN 11 — 3800 B.C. (5ms)
══════════════════════════════════════════════════════════════════════
  [Civ 1] Romans (despotism): 1 cities, 1 units, 11g, 5 techs, researching Warrior Code (33/36)
    Rome: size=1, prod=Wonder39 (27sh), bldgs=Palace
    Units: 1x Warriors
  [Civ 2] Babylonians (despotism): 1 cities, 1 units, 0g, 5 techs, researching Map Making (20/36)
    Babylon: size=1, prod=Wonder45 (27sh), bldgs=Palace
    Units: 1x Warriors
  [Civ 3] Germans (despotism): 1 cities, 1 units, 0g, 5 techs, researching Code of Laws (10/36)
    Berlin: size=1, prod=building:3 (27sh), bldgs=Palace
    Units: 1x Warriors
  [Civ 4] Egyptians (despotism): 1 cities, 1 units, 0g, 5 techs, researching Ceremonial Burial (11/36)
    Thebes: size=2, prod=building:3 (27sh), bldgs=Palace
    Units: 1x Warriors
  [Civ 1] Romans turn: 2 actions — MOVE_UNIT(1), UNIT_ORDER(1)
    >>> Romans discovered: Warrior Code

══════════════════════════════════════════════════════════════════════
  TURN 12 — 3780 B.C. (7ms)
══════════════════════════════════════════════════════════════════════
  [Civ 1] Romans (despotism): 1 cities, 1 units, 11g, 6 techs, researching none (0/36)
    Rome: size=1, prod=Wonder39 (30sh), bldgs=Palace
    Units: 1x Warriors
  [Civ 2] Babylonians (despotism): 1 cities, 1 units, 0g, 5 techs, researching Map Making (22/36)
    Babylon: size=1, prod=Wonder45 (30sh), bldgs=Palace
    Units: 1x Warriors
  [Civ 3] Germans (despotism): 1 cities, 1 units, 0g, 5 techs, researching Code of Laws (11/36)
    Berlin: size=1, prod=building:3 (30sh), bldgs=Palace
    Units: 1x Warriors
  [Civ 4] Egyptians (despotism): 1 cities, 1 units, 0g, 5 techs, researching Ceremonial Burial (13/36)
    Thebes: size=2, prod=building:3 (31sh), bldgs=Palace
    Units: 1x Warriors
  [Civ 1] Romans turn: 3 actions — SET_RESEARCH(1), MOVE_UNIT(1), UNIT_ORDER(1)
    SET_RESEARCH tech=Iron Working

══════════════════════════════════════════════════════════════════════
  TURN 13 — 3760 B.C. (5ms)
══════════════════════════════════════════════════════════════════════
  [Civ 1] Romans (despotism): 1 cities, 1 units, 12g, 6 techs, researching Iron Working (3/36)
    Rome: size=1, prod=Wonder39 (33sh), bldgs=Palace
    Units: 1x Warriors
  [Civ 2] Babylonians (despotism): 1 cities, 1 units, 0g, 5 techs, researching Map Making (24/36)
    Babylon: size=1, prod=Wonder45 (33sh), bldgs=Palace
    Units: 1x Warriors
  [Civ 3] Germans (despotism): 1 cities, 1 units, 0g, 5 techs, researching Code of Laws (12/36)
    Berlin: size=1, prod=building:3 (33sh), bldgs=Palace
    Units: 1x Warriors
  [Civ 4] Egyptians (despotism): 1 cities, 1 units, 0g, 5 techs, researching Ceremonial Burial (15/36)
    Thebes: size=2, prod=building:3 (35sh), bldgs=Palace
    Units: 1x Warriors
  [Civ 1] Romans turn: 2 actions — MOVE_UNIT(1), UNIT_ORDER(1)

══════════════════════════════════════════════════════════════════════
  TURN 14 — 3740 B.C. (4ms)
══════════════════════════════════════════════════════════════════════
  [Civ 1] Romans (despotism): 1 cities, 1 units, 13g, 6 techs, researching Iron Working (6/36)
    Rome: size=1, prod=Wonder39 (36sh), bldgs=Palace
    Units: 1x Warriors
  [Civ 2] Babylonians (despotism): 1 cities, 1 units, 0g, 5 techs, researching Map Making (26/36)
    Babylon: size=1, prod=Wonder45 (36sh), bldgs=Palace
    Units: 1x Warriors
  [Civ 3] Germans (despotism): 1 cities, 1 units, 0g, 5 techs, researching Code of Laws (13/36)
    Berlin: size=1, prod=building:3 (36sh), bldgs=Palace
    Units: 1x Warriors
  [Civ 4] Egyptians (despotism): 1 cities, 1 units, 0g, 5 techs, researching Ceremonial Burial (17/36)
    Thebes: size=2, prod=building:3 (39sh), bldgs=Palace
    Units: 1x Warriors
  [Civ 1] Romans turn: 2 actions — MOVE_UNIT(1), UNIT_ORDER(1)

══════════════════════════════════════════════════════════════════════
  TURN 15 — 3720 B.C. (4ms)
══════════════════════════════════════════════════════════════════════
  [Civ 1] Romans (despotism): 1 cities, 1 units, 14g, 6 techs, researching Iron Working (9/36)
    Rome: size=1, prod=Wonder39 (39sh), bldgs=Palace
    Units: 1x Warriors
  [Civ 2] Babylonians (despotism): 1 cities, 1 units, 0g, 5 techs, researching Map Making (28/36)
    Babylon: size=1, prod=Wonder45 (39sh), bldgs=Palace
    Units: 1x Warriors
  [Civ 3] Germans (despotism): 1 cities, 1 units, 0g, 5 techs, researching Code of Laws (14/36)
    Berlin: size=1, prod=building:3 (39sh), bldgs=Palace
    Units: 1x Warriors
  [Civ 4] Egyptians (despotism): 1 cities, 1 units, 0g, 5 techs, researching Ceremonial Burial (19/36)
    Thebes: size=2, prod=building:3 (43sh), bldgs=Palace
    Units: 1x Warriors
  [Civ 1] Romans turn: 2 actions — MOVE_UNIT(1), UNIT_ORDER(1)

══════════════════════════════════════════════════════════════════════
  TURN 16 — 3700 B.C. (4ms)
══════════════════════════════════════════════════════════════════════
  [Civ 1] Romans (despotism): 1 cities, 1 units, 15g, 6 techs, researching Iron Working (12/36)
    Rome: size=1, prod=Wonder39 (42sh), bldgs=Palace
    Units: 1x Warriors
  [Civ 2] Babylonians (despotism): 1 cities, 1 units, 0g, 5 techs, researching Map Making (30/36)
    Babylon: size=1, prod=Wonder45 (42sh), bldgs=Palace
    Units: 1x Warriors
  [Civ 3] Germans (despotism): 1 cities, 1 units, 0g, 5 techs, researching Code of Laws (15/36)
    Berlin: size=1, prod=building:3 (42sh), bldgs=Palace
    Units: 1x Warriors
  [Civ 4] Egyptians (despotism): 1 cities, 1 units, 0g, 5 techs, researching Ceremonial Burial (21/36)
    Thebes: size=2, prod=building:3 (47sh), bldgs=Palace
    Units: 1x Warriors
  [Civ 1] Romans turn: 2 actions — MOVE_UNIT(1), UNIT_ORDER(1)

══════════════════════════════════════════════════════════════════════
  TURN 17 — 3680 B.C. (7ms)
══════════════════════════════════════════════════════════════════════
  [Civ 1] Romans (despotism): 1 cities, 1 units, 16g, 6 techs, researching Iron Working (15/36)
    Rome: size=1, prod=Wonder39 (45sh), bldgs=Palace
    Units: 1x Warriors
  [Civ 2] Babylonians (despotism): 1 cities, 1 units, 0g, 5 techs, researching Map Making (32/36)
    Babylon: size=1, prod=Wonder45 (45sh), bldgs=Palace
    Units: 1x Warriors
  [Civ 3] Germans (despotism): 1 cities, 1 units, 0g, 5 techs, researching Code of Laws (16/36)
    Berlin: size=1, prod=building:3 (45sh), bldgs=Palace
    Units: 1x Warriors
  [Civ 4] Egyptians (despotism): 1 cities, 1 units, 0g, 6 techs, researching Ceremonial Burial (23/36)
    Thebes: size=2, prod=building:3 (51sh), bldgs=Palace
    Units: 1x Warriors
  [Civ 1] Romans turn: 2 actions — MOVE_UNIT(1), UNIT_ORDER(1)

══════════════════════════════════════════════════════════════════════
  TURN 18 — 3660 B.C. (7ms)
══════════════════════════════════════════════════════════════════════
  [Civ 1] Romans (despotism): 1 cities, 1 units, 17g, 6 techs, researching Iron Working (18/36)
    Rome: size=1, prod=Wonder39 (48sh), bldgs=Palace
    Units: 1x Warriors
  [Civ 2] Babylonians (despotism): 1 cities, 1 units, 0g, 5 techs, researching Map Making (34/36)
    Babylon: size=1, prod=Wonder45 (48sh), bldgs=Palace
    Units: 1x Warriors
  [Civ 3] Germans (despotism): 1 cities, 1 units, 0g, 5 techs, researching Code of Laws (17/36)
    Berlin: size=1, prod=building:3 (48sh), bldgs=Palace
    Units: 1x Warriors
  [Civ 4] Egyptians (despotism): 1 cities, 1 units, 0g, 6 techs, researching Ceremonial Burial (25/36)
    Thebes: size=2, prod=building:3 (55sh), bldgs=Palace
    Units: 1x Warriors
  [Civ 1] Romans turn: 2 actions — MOVE_UNIT(1), UNIT_ORDER(1)
    >>> Babylonians discovered: Map Making
    SET_RESEARCH tech=Ceremonial Burial

══════════════════════════════════════════════════════════════════════
  TURN 19 — 3640 B.C. (9ms)
══════════════════════════════════════════════════════════════════════
  [Civ 1] Romans (despotism): 1 cities, 1 units, 18g, 6 techs, researching Iron Working (21/36)
    Rome: size=1, prod=Wonder39 (51sh), bldgs=Palace
    Units: 1x Warriors
  [Civ 2] Babylonians (despotism): 1 cities, 1 units, 0g, 6 techs, researching Ceremonial Burial (0/36)
    Babylon: size=1, prod=Wonder45 (51sh), bldgs=Palace
    Units: 1x Warriors
  [Civ 3] Germans (despotism): 1 cities, 1 units, 0g, 5 techs, researching Code of Laws (18/36)
    Berlin: size=1, prod=building:3 (51sh), bldgs=Palace
    Units: 1x Warriors
  [Civ 4] Egyptians (despotism): 1 cities, 1 units, 0g, 6 techs, researching Ceremonial Burial (27/36)
    Thebes: size=2, prod=building:3 (59sh), bldgs=Palace
    Units: 1x Warriors
  [Civ 1] Romans turn: 2 actions — MOVE_UNIT(1), UNIT_ORDER(1)
    >>> Thebes built building:3
    >>> Thebes sold Granary
    >>> Rome grew to size 2

══════════════════════════════════════════════════════════════════════
  TURN 20 — 3620 B.C. (3ms)
══════════════════════════════════════════════════════════════════════
  [Civ 1] Romans (despotism): 1 cities, 1 units, 20g, 6 techs, researching Iron Working (25/36)
    Rome: size=2, prod=Wonder39 (54sh), bldgs=Palace
    Units: 1x Warriors
  [Civ 2] Babylonians (despotism): 1 cities, 1 units, 0g, 6 techs, researching Ceremonial Burial (2/36)
    Babylon: size=1, prod=Wonder45 (54sh), bldgs=Palace
    Units: 1x Warriors
  [Civ 3] Germans (despotism): 1 cities, 1 units, 0g, 5 techs, researching Code of Laws (19/36)
    Berlin: size=1, prod=building:3 (54sh), bldgs=Palace
    Units: 1x Warriors
  [Civ 4] Egyptians (despotism): 1 cities, 1 units, 59g, 6 techs, researching Ceremonial Burial (29/36)
    Thebes: size=2, prod=building:3 (3sh), bldgs=Palace
    Units: 1x Warriors
  [Civ 1] Romans turn: 2 actions — MOVE_UNIT(1), UNIT_ORDER(1)
    >>> Babylon grew to size 2
    >>> Berlin grew to size 2

══════════════════════════════════════════════════════════════════════
  TURN 21 — 3600 B.C. (5ms)
══════════════════════════════════════════════════════════════════════
  [Civ 1] Romans (despotism): 1 cities, 1 units, 22g, 6 techs, researching Iron Working (29/36)
    Rome: size=2, prod=Wonder39 (58sh), bldgs=Palace
    Units: 1x Warriors
  [Civ 2] Babylonians (despotism): 1 cities, 1 units, 1g, 6 techs, researching Ceremonial Burial (5/36)
    Babylon: size=2, prod=Wonder45 (57sh), bldgs=Palace
    Units: 1x Warriors
  [Civ 3] Germans (despotism): 1 cities, 1 units, 0g, 5 techs, researching Code of Laws (21/36)
    Berlin: size=2, prod=building:3 (57sh), bldgs=Palace
    Units: 1x Warriors
  [Civ 4] Egyptians (despotism): 1 cities, 1 units, 59g, 6 techs, researching Ceremonial Burial (31/36)
    Thebes: size=2, prod=building:3 (7sh), bldgs=Palace
    Units: 1x Warriors
  [Civ 1] Romans turn: 2 actions — MOVE_UNIT(1), UNIT_ORDER(1)
    >>> Berlin built building:3
    >>> Berlin sold Granary

══════════════════════════════════════════════════════════════════════
  TURN 22 — 3580 B.C. (4ms)
══════════════════════════════════════════════════════════════════════
  [Civ 1] Romans (despotism): 1 cities, 1 units, 24g, 6 techs, researching Iron Working (33/36)
    Rome: size=2, prod=Wonder39 (62sh), bldgs=Palace
    Units: 1x Warriors
  [Civ 2] Babylonians (despotism): 1 cities, 1 units, 2g, 6 techs, researching Ceremonial Burial (8/36)
    Babylon: size=2, prod=Wonder45 (61sh), bldgs=Palace
    Units: 1x Warriors
  [Civ 3] Germans (despotism): 1 cities, 1 units, 59g, 5 techs, researching Code of Laws (23/36)
    Berlin: size=2, prod=building:3 (1sh), bldgs=Palace
    Units: 1x Warriors
  [Civ 4] Egyptians (despotism): 1 cities, 1 units, 59g, 6 techs, researching Ceremonial Burial (33/36)
    Thebes: size=2, prod=building:3 (11sh), bldgs=Palace
    Units: 1x Warriors
  [Civ 1] Romans turn: 2 actions — MOVE_UNIT(1), UNIT_ORDER(1)
    >>> Romans discovered: Iron Working

══════════════════════════════════════════════════════════════════════
  TURN 23 — 3560 B.C. (5ms)
══════════════════════════════════════════════════════════════════════
  [Civ 1] Romans (despotism): 1 cities, 1 units, 24g, 7 techs, researching none (0/33)
    Rome: size=2, prod=Wonder39 (66sh), bldgs=Palace
    Units: 1x Warriors
  [Civ 2] Babylonians (despotism): 1 cities, 1 units, 3g, 6 techs, researching Ceremonial Burial (11/36)
    Babylon: size=2, prod=Wonder45 (65sh), bldgs=Palace
    Units: 1x Warriors
  [Civ 3] Germans (despotism): 1 cities, 1 units, 59g, 5 techs, researching Code of Laws (25/36)
    Berlin: size=2, prod=building:3 (5sh), bldgs=Palace
    Units: 1x Warriors
  [Civ 4] Egyptians (despotism): 1 cities, 1 units, 59g, 6 techs, researching Ceremonial Burial (35/36)
    Thebes: size=2, prod=building:3 (15sh), bldgs=Palace
    Units: 1x Warriors
  [Civ 1] Romans turn: 3 actions — SET_RESEARCH(1), MOVE_UNIT(1), UNIT_ORDER(1)
    SET_RESEARCH tech=Mathematics
    >>> Egyptians discovered: Ceremonial Burial
    SET_RESEARCH tech=Mathematics

══════════════════════════════════════════════════════════════════════
  TURN 24 — 3540 B.C. (5ms)
══════════════════════════════════════════════════════════════════════
  [Civ 1] Romans (despotism): 1 cities, 1 units, 26g, 7 techs, researching Mathematics (4/33)
    Rome: size=2, prod=Wonder39 (70sh), bldgs=Palace
    Units: 1x Warriors
  [Civ 2] Babylonians (despotism): 1 cities, 1 units, 4g, 6 techs, researching Ceremonial Burial (14/36)
    Babylon: size=2, prod=Wonder45 (69sh), bldgs=Palace
    Units: 1x Warriors
  [Civ 3] Germans (despotism): 1 cities, 1 units, 59g, 5 techs, researching Code of Laws (27/36)
    Berlin: size=2, prod=building:3 (9sh), bldgs=Palace
    Units: 1x Warriors
  [Civ 4] Egyptians (despotism): 1 cities, 1 units, 59g, 7 techs, researching Mathematics (0/33)
    Thebes: size=2, prod=building:3 (19sh), bldgs=Palace
    Units: 1x Warriors
  [Civ 1] Romans turn: 2 actions — MOVE_UNIT(1), UNIT_ORDER(1)

══════════════════════════════════════════════════════════════════════
  TURN 25 — 3520 B.C. (5ms)
══════════════════════════════════════════════════════════════════════
  [Civ 1] Romans (despotism): 1 cities, 1 units, 28g, 7 techs, researching Mathematics (8/33)
    Rome: size=2, prod=Wonder39 (74sh), bldgs=Palace
    Units: 1x Warriors
  [Civ 2] Babylonians (despotism): 1 cities, 1 units, 5g, 6 techs, researching Ceremonial Burial (17/36)
    Babylon: size=2, prod=Wonder45 (73sh), bldgs=Palace
    Units: 1x Warriors
  [Civ 3] Germans (despotism): 1 cities, 1 units, 59g, 5 techs, researching Code of Laws (29/36)
    Berlin: size=2, prod=building:3 (13sh), bldgs=Palace
    Units: 1x Warriors
  [Civ 4] Egyptians (despotism): 1 cities, 1 units, 59g, 7 techs, researching Mathematics (2/33)
    Thebes: size=2, prod=building:3 (23sh), bldgs=Palace
    Units: 1x Warriors
  [Civ 1] Romans turn: 2 actions — MOVE_UNIT(1), UNIT_ORDER(1)
    >>> Thebes grew to size 3

══════════════════════════════════════════════════════════════════════
  TURN 26 — 3500 B.C. (5ms)
══════════════════════════════════════════════════════════════════════
  [Civ 1] Romans (despotism): 1 cities, 1 units, 30g, 7 techs, researching Mathematics (12/33)
    Rome: size=2, prod=Wonder39 (78sh), bldgs=Palace
    Units: 1x Warriors
  [Civ 2] Babylonians (despotism): 1 cities, 1 units, 6g, 6 techs, researching Ceremonial Burial (20/36)
    Babylon: size=2, prod=Wonder45 (77sh), bldgs=Palace
    Units: 1x Warriors
  [Civ 3] Germans (despotism): 1 cities, 1 units, 59g, 5 techs, researching Code of Laws (31/36)
    Berlin: size=2, prod=building:3 (17sh), bldgs=Palace
    Units: 1x Warriors
  [Civ 4] Egyptians (despotism): 1 cities, 1 units, 59g, 7 techs, researching Mathematics (4/33)
    Thebes: size=3, prod=building:3 (27sh), bldgs=Palace
    Units: 1x Warriors
  [Civ 1] Romans turn: 2 actions — MOVE_UNIT(1), UNIT_ORDER(1)

══════════════════════════════════════════════════════════════════════
  TURN 27 — 3480 B.C. (3ms)
══════════════════════════════════════════════════════════════════════
  [Civ 1] Romans (despotism): 1 cities, 1 units, 32g, 7 techs, researching Mathematics (16/33)
    Rome: size=2, prod=Wonder39 (82sh), bldgs=Palace
    Units: 1x Warriors
  [Civ 2] Babylonians (despotism): 1 cities, 1 units, 7g, 6 techs, researching Ceremonial Burial (23/36)
    Babylon: size=2, prod=Wonder45 (81sh), bldgs=Palace
    Units: 1x Warriors
  [Civ 3] Germans (despotism): 1 cities, 1 units, 59g, 5 techs, researching Code of Laws (33/36)
    Berlin: size=2, prod=building:3 (21sh), bldgs=Palace
    Units: 1x Warriors
  [Civ 4] Egyptians (despotism): 1 cities, 1 units, 59g, 7 techs, researching Mathematics (6/33)
    Thebes: size=3, prod=building:3 (32sh), bldgs=Palace
    Units: 1x Warriors
  [Civ 1] Romans turn: 2 actions — MOVE_UNIT(1), UNIT_ORDER(1)

══════════════════════════════════════════════════════════════════════
  TURN 28 — 3460 B.C. (6ms)
══════════════════════════════════════════════════════════════════════
  [Civ 1] Romans (despotism): 1 cities, 1 units, 34g, 7 techs, researching Mathematics (20/33)
    Rome: size=2, prod=Wonder39 (86sh), bldgs=Palace
    Units: 1x Warriors
  [Civ 2] Babylonians (despotism): 1 cities, 1 units, 8g, 6 techs, researching Ceremonial Burial (26/36)
    Babylon: size=2, prod=Wonder45 (85sh), bldgs=Palace
    Units: 1x Warriors
  [Civ 3] Germans (despotism): 1 cities, 1 units, 59g, 5 techs, researching Code of Laws (35/36)
    Berlin: size=2, prod=building:3 (25sh), bldgs=Palace
    Units: 1x Warriors
  [Civ 4] Egyptians (despotism): 1 cities, 1 units, 59g, 7 techs, researching Mathematics (8/33)
    Thebes: size=3, prod=building:3 (37sh), bldgs=Palace
    Units: 1x Warriors
  [Civ 1] Romans turn: 2 actions — MOVE_UNIT(1), UNIT_ORDER(1)
    >>> Germans discovered: Code of Laws
    SET_RESEARCH tech=Map Making

══════════════════════════════════════════════════════════════════════
  TURN 29 — 3440 B.C. (4ms)
══════════════════════════════════════════════════════════════════════
  [Civ 1] Romans (despotism): 1 cities, 1 units, 36g, 7 techs, researching Mathematics (24/33)
    Rome: size=2, prod=Wonder39 (90sh), bldgs=Palace
    Units: 1x Warriors
  [Civ 2] Babylonians (despotism): 1 cities, 1 units, 9g, 6 techs, researching Ceremonial Burial (29/36)
    Babylon: size=2, prod=Wonder45 (89sh), bldgs=Palace
    Units: 1x Warriors
  [Civ 3] Germans (despotism): 1 cities, 1 units, 59g, 6 techs, researching Map Making (0/36)
    Berlin: size=2, prod=building:3 (29sh), bldgs=Palace
    Units: 1x Warriors
  [Civ 4] Egyptians (despotism): 1 cities, 1 units, 59g, 7 techs, researching Mathematics (10/33)
    Thebes: size=3, prod=building:3 (42sh), bldgs=Palace
    Units: 1x Warriors
  [Civ 1] Romans turn: 2 actions — MOVE_UNIT(1), UNIT_ORDER(1)

══════════════════════════════════════════════════════════════════════
  TURN 30 — 3420 B.C. (5ms)
══════════════════════════════════════════════════════════════════════
  [Civ 1] Romans (despotism): 1 cities, 1 units, 38g, 7 techs, researching Mathematics (28/33)
    Rome: size=2, prod=Wonder39 (94sh), bldgs=Palace
    Units: 1x Warriors
  [Civ 2] Babylonians (despotism): 1 cities, 1 units, 10g, 6 techs, researching Ceremonial Burial (32/36)
    Babylon: size=2, prod=Wonder45 (93sh), bldgs=Palace
    Units: 1x Warriors
  [Civ 3] Germans (despotism): 1 cities, 1 units, 59g, 6 techs, researching Map Making (2/36)
    Berlin: size=2, prod=building:3 (33sh), bldgs=Palace
    Units: 1x Warriors
  [Civ 4] Egyptians (despotism): 1 cities, 1 units, 59g, 7 techs, researching Mathematics (12/33)
    Thebes: size=3, prod=building:3 (47sh), bldgs=Palace
    Units: 1x Warriors
  [Civ 1] Romans turn: 2 actions — MOVE_UNIT(1), UNIT_ORDER(1)

══════════════════════════════════════════════════════════════════════
  TURN 31 — 3400 B.C. (4ms)
══════════════════════════════════════════════════════════════════════
  [Civ 1] Romans (despotism): 1 cities, 1 units, 40g, 7 techs, researching Mathematics (32/33)
    Rome: size=2, prod=Wonder39 (98sh), bldgs=Palace
    Units: 1x Warriors
  [Civ 2] Babylonians (despotism): 1 cities, 1 units, 11g, 6 techs, researching Ceremonial Burial (35/36)
    Babylon: size=2, prod=Wonder45 (97sh), bldgs=Palace
    Units: 1x Warriors
  [Civ 3] Germans (despotism): 1 cities, 1 units, 59g, 6 techs, researching Map Making (4/36)
    Berlin: size=2, prod=building:3 (37sh), bldgs=Palace
    Units: 1x Warriors
  [Civ 4] Egyptians (despotism): 1 cities, 1 units, 59g, 7 techs, researching Mathematics (14/33)
    Thebes: size=3, prod=building:3 (52sh), bldgs=Palace
    Units: 1x Warriors
  [Civ 1] Romans turn: 2 actions — MOVE_UNIT(1), UNIT_ORDER(1)
    >>> Babylonians discovered: Ceremonial Burial
    SET_RESEARCH tech=Code of Laws
    >>> Romans discovered: Mathematics

══════════════════════════════════════════════════════════════════════
  TURN 32 — 3380 B.C. (5ms)
══════════════════════════════════════════════════════════════════════
  [Civ 1] Romans (despotism): 1 cities, 1 units, 40g, 8 techs, researching none (0/28)
    Rome: size=2, prod=Wonder39 (102sh), bldgs=Palace
    Units: 1x Warriors
  [Civ 2] Babylonians (despotism): 1 cities, 1 units, 11g, 7 techs, researching Code of Laws (0/33)
    Babylon: size=2, prod=Wonder45 (101sh), bldgs=Palace
    Units: 1x Warriors
  [Civ 3] Germans (despotism): 1 cities, 1 units, 59g, 6 techs, researching Map Making (6/36)
    Berlin: size=2, prod=building:3 (41sh), bldgs=Palace
    Units: 1x Warriors
  [Civ 4] Egyptians (despotism): 1 cities, 1 units, 59g, 7 techs, researching Mathematics (16/33)
    Thebes: size=3, prod=building:3 (57sh), bldgs=Palace
    Units: 1x Warriors
  [Civ 1] Romans turn: 6 actions — SET_RESEARCH(1), ADJUST_ATTITUDE(3), MOVE_UNIT(1), UNIT_ORDER(1)
    SET_RESEARCH tech=Ceremonial Burial
    ADJUST_ATTITUDE target=civ2
    ADJUST_ATTITUDE target=civ3
    ADJUST_ATTITUDE target=civ4
    ADJUST_ATTITUDE target=civ1
    ADJUST_ATTITUDE target=civ3
    ADJUST_ATTITUDE target=civ4
    ADJUST_ATTITUDE target=civ1
    ADJUST_ATTITUDE target=civ2
    ADJUST_ATTITUDE target=civ4
    >>> Thebes built building:3
    ADJUST_ATTITUDE target=civ1
    ADJUST_ATTITUDE target=civ2
    ADJUST_ATTITUDE target=civ3
    CHANGE_PRODUCTION city=3

══════════════════════════════════════════════════════════════════════
  TURN 33 — 3360 B.C. (5ms)
══════════════════════════════════════════════════════════════════════
  [Civ 1] Romans (despotism): 1 cities, 1 units, 42g, 9 techs, researching Ceremonial Burial (4/32)
    Rome: size=2, prod=Wonder39 (106sh), bldgs=Palace
    Units: 1x Warriors
  [Civ 2] Babylonians (despotism): 1 cities, 1 units, 12g, 7 techs, researching Code of Laws (3/33)
    Babylon: size=2, prod=Wonder45 (105sh), bldgs=Palace
    Units: 1x Warriors
  [Civ 3] Germans (despotism): 1 cities, 1 units, 59g, 7 techs, researching Map Making (8/33)
    Berlin: size=2, prod=building:3 (45sh), bldgs=Palace
    Units: 1x Warriors
  [Civ 4] Egyptians (despotism): 1 cities, 1 units, 58g, 7 techs, researching Mathematics (18/33)
    Thebes: size=3, prod=Settlers (0sh), bldgs=Palace, Granary
    Units: 1x Warriors
  [Civ 1] Romans turn: 3 actions — SET_RESEARCH(1), MOVE_UNIT(1), UNIT_ORDER(1)
    SET_RESEARCH tech=Currency

══════════════════════════════════════════════════════════════════════
  TURN 34 — 3340 B.C. (6ms)
══════════════════════════════════════════════════════════════════════
  [Civ 1] Romans (despotism): 1 cities, 1 units, 44g, 9 techs, researching Currency (8/32)
    Rome: size=2, prod=Wonder39 (110sh), bldgs=Palace
    Units: 1x Warriors
  [Civ 2] Babylonians (despotism): 1 cities, 1 units, 13g, 7 techs, researching Code of Laws (6/33)
    Babylon: size=2, prod=Wonder45 (109sh), bldgs=Palace
    Units: 1x Warriors
  [Civ 3] Germans (despotism): 1 cities, 1 units, 59g, 7 techs, researching Map Making (10/33)
    Berlin: size=2, prod=building:3 (49sh), bldgs=Palace
    Units: 1x Warriors
  [Civ 4] Egyptians (despotism): 1 cities, 1 units, 57g, 7 techs, researching Mathematics (20/33)
    Thebes: size=3, prod=Settlers (5sh), bldgs=Palace, Granary
    Units: 1x Warriors
  [Civ 1] Romans turn: 2 actions — MOVE_UNIT(1), UNIT_ORDER(1)

══════════════════════════════════════════════════════════════════════
  TURN 35 — 3320 B.C. (5ms)
══════════════════════════════════════════════════════════════════════
  [Civ 1] Romans (despotism): 1 cities, 1 units, 46g, 9 techs, researching Currency (12/32)
    Rome: size=2, prod=Wonder39 (114sh), bldgs=Palace
    Units: 1x Warriors
  [Civ 2] Babylonians (despotism): 1 cities, 1 units, 14g, 7 techs, researching Code of Laws (9/33)
    Babylon: size=2, prod=Wonder45 (113sh), bldgs=Palace
    Units: 1x Warriors
  [Civ 3] Germans (despotism): 1 cities, 1 units, 59g, 7 techs, researching Map Making (12/33)
    Berlin: size=2, prod=building:3 (53sh), bldgs=Palace
    Units: 1x Warriors
  [Civ 4] Egyptians (despotism): 1 cities, 1 units, 56g, 7 techs, researching Mathematics (22/33)
    Thebes: size=3, prod=Settlers (10sh), bldgs=Palace, Granary
    Units: 1x Warriors
  [Civ 1] Romans turn: 2 actions — MOVE_UNIT(1), UNIT_ORDER(1)

══════════════════════════════════════════════════════════════════════
  TURN 36 — 3300 B.C. (6ms)
══════════════════════════════════════════════════════════════════════
  [Civ 1] Romans (despotism): 1 cities, 1 units, 48g, 9 techs, researching Currency (16/32)
    Rome: size=2, prod=Wonder39 (118sh), bldgs=Palace
    Units: 1x Warriors
  [Civ 2] Babylonians (despotism): 1 cities, 1 units, 15g, 7 techs, researching Code of Laws (12/33)
    Babylon: size=2, prod=Wonder45 (117sh), bldgs=Palace
    Units: 1x Warriors
  [Civ 3] Germans (despotism): 1 cities, 1 units, 59g, 7 techs, researching Map Making (14/33)
    Berlin: size=2, prod=building:3 (57sh), bldgs=Palace
    Units: 1x Warriors
  [Civ 4] Egyptians (despotism): 1 cities, 1 units, 55g, 7 techs, researching Mathematics (24/33)
    Thebes: size=3, prod=Settlers (15sh), bldgs=Palace, Granary
    Units: 1x Warriors
  [Civ 1] Romans turn: 2 actions — MOVE_UNIT(1), UNIT_ORDER(1)
    >>> Berlin built building:3
    CHANGE_PRODUCTION city=2

══════════════════════════════════════════════════════════════════════
  TURN 37 — 3280 B.C. (6ms)
══════════════════════════════════════════════════════════════════════
  [Civ 1] Romans (despotism): 1 cities, 1 units, 50g, 9 techs, researching Currency (20/32)
    Rome: size=2, prod=Wonder39 (122sh), bldgs=Palace
    Units: 1x Warriors
  [Civ 2] Babylonians (despotism): 1 cities, 1 units, 16g, 7 techs, researching Code of Laws (15/33)
    Babylon: size=2, prod=Wonder45 (121sh), bldgs=Palace
    Units: 1x Warriors
  [Civ 3] Germans (despotism): 1 cities, 1 units, 58g, 7 techs, researching Map Making (16/33)
    Berlin: size=2, prod=building:7 (0sh), bldgs=Palace, Granary
    Units: 1x Warriors
  [Civ 4] Egyptians (despotism): 1 cities, 1 units, 54g, 7 techs, researching Mathematics (26/33)
    Thebes: size=3, prod=Settlers (20sh), bldgs=Palace, Granary
    Units: 1x Warriors
  [Civ 1] Romans turn: 2 actions — MOVE_UNIT(1), UNIT_ORDER(1)

══════════════════════════════════════════════════════════════════════
  TURN 38 — 3260 B.C. (5ms)
══════════════════════════════════════════════════════════════════════
  [Civ 1] Romans (despotism): 1 cities, 1 units, 52g, 9 techs, researching Currency (24/32)
    Rome: size=2, prod=Wonder39 (126sh), bldgs=Palace
    Units: 1x Warriors
  [Civ 2] Babylonians (despotism): 1 cities, 1 units, 17g, 7 techs, researching Code of Laws (18/33)
    Babylon: size=2, prod=Wonder45 (125sh), bldgs=Palace
    Units: 1x Warriors
  [Civ 3] Germans (despotism): 1 cities, 1 units, 57g, 7 techs, researching Map Making (18/33)
    Berlin: size=2, prod=building:7 (4sh), bldgs=Palace, Granary
    Units: 1x Warriors
  [Civ 4] Egyptians (despotism): 1 cities, 1 units, 53g, 7 techs, researching Mathematics (28/33)
    Thebes: size=3, prod=Settlers (25sh), bldgs=Palace, Granary
    Units: 1x Warriors
  [Civ 1] Romans turn: 2 actions — MOVE_UNIT(1), UNIT_ORDER(1)

══════════════════════════════════════════════════════════════════════
  TURN 39 — 3240 B.C. (6ms)
══════════════════════════════════════════════════════════════════════
  [Civ 1] Romans (despotism): 1 cities, 1 units, 54g, 9 techs, researching Currency (28/32)
    Rome: size=2, prod=Wonder39 (130sh), bldgs=Palace
    Units: 1x Warriors
  [Civ 2] Babylonians (despotism): 1 cities, 1 units, 18g, 8 techs, researching Code of Laws (21/28)
    Babylon: size=2, prod=Wonder45 (129sh), bldgs=Palace
    Units: 1x Warriors
  [Civ 3] Germans (despotism): 1 cities, 1 units, 56g, 7 techs, researching Map Making (20/33)
    Berlin: size=2, prod=building:7 (8sh), bldgs=Palace, Granary
    Units: 1x Warriors
  [Civ 4] Egyptians (despotism): 1 cities, 1 units, 52g, 7 techs, researching Mathematics (30/33)
    Thebes: size=3, prod=Settlers (30sh), bldgs=Palace, Granary
    Units: 1x Warriors
  [Civ 1] Romans turn: 2 actions — MOVE_UNIT(1), UNIT_ORDER(1)
    >>> Romans discovered: Currency

══════════════════════════════════════════════════════════════════════
  TURN 40 — 3220 B.C. (5ms)
══════════════════════════════════════════════════════════════════════
  [Civ 1] Romans (despotism): 1 cities, 1 units, 54g, 10 techs, researching none (0/48)
    Rome: size=2, prod=Wonder39 (134sh), bldgs=Palace
    Units: 1x Warriors
  [Civ 2] Babylonians (despotism): 1 cities, 1 units, 19g, 8 techs, researching Code of Laws (24/28)
    Babylon: size=2, prod=Wonder45 (133sh), bldgs=Palace
    Units: 1x Warriors
  [Civ 3] Germans (despotism): 1 cities, 1 units, 55g, 8 techs, researching Map Making (22/28)
    Berlin: size=2, prod=building:7 (12sh), bldgs=Palace, Granary
    Units: 1x Warriors
  [Civ 4] Egyptians (despotism): 1 cities, 1 units, 51g, 8 techs, researching Mathematics (32/28)
    Thebes: size=3, prod=Settlers (35sh), bldgs=Palace, Granary
    Units: 1x Warriors
  [Civ 1] Romans turn: 3 actions — SET_RESEARCH(1), MOVE_UNIT(1), UNIT_ORDER(1)
    SET_RESEARCH tech=Writing
    >>> Egyptians discovered: Mathematics
    >>> Thebes built Settlers
    SET_RESEARCH tech=Map Making
    CHANGE_PRODUCTION city=3

══════════════════════════════════════════════════════════════════════
  TURN 41 — 3200 B.C. (8ms)
══════════════════════════════════════════════════════════════════════
  [Civ 1] Romans (despotism): 1 cities, 1 units, 56g, 10 techs, researching Writing (4/48)
    Rome: size=2, prod=Wonder39 (138sh), bldgs=Palace
    Units: 1x Warriors
  [Civ 2] Babylonians (despotism): 1 cities, 1 units, 20g, 8 techs, researching Code of Laws (27/28)
    Babylon: size=2, prod=Wonder45 (137sh), bldgs=Palace
    Units: 1x Warriors
  [Civ 3] Germans (despotism): 1 cities, 1 units, 54g, 8 techs, researching Map Making (24/28)
    Berlin: size=2, prod=building:7 (16sh), bldgs=Palace, Granary
    Units: 1x Warriors
  [Civ 4] Egyptians (despotism): 1 cities, 2 units, 51g, 9 techs, researching Map Making (0/21)
    Thebes: size=2, prod=Wonder40 (0sh), bldgs=Palace, Granary
    Units: 1x Warriors, 1x Settlers
  [Civ 1] Romans turn: 2 actions — MOVE_UNIT(1), UNIT_ORDER(1)
    >>> Babylonians discovered: Code of Laws
    SET_RESEARCH tech=Mysticism
    >>> Thebes grew to size 3

══════════════════════════════════════════════════════════════════════
  TURN 42 — 3180 B.C. (7ms)
══════════════════════════════════════════════════════════════════════
  [Civ 1] Romans (despotism): 1 cities, 1 units, 58g, 10 techs, researching Writing (8/48)
    Rome: size=2, prod=Wonder39 (142sh), bldgs=Palace
    Units: 1x Warriors
  [Civ 2] Babylonians (despotism): 1 cities, 1 units, 20g, 9 techs, researching Mysticism (0/21)
    Babylon: size=2, prod=Wonder45 (141sh), bldgs=Palace
    Units: 1x Warriors
  [Civ 3] Germans (despotism): 1 cities, 1 units, 53g, 8 techs, researching Map Making (26/28)
    Berlin: size=2, prod=building:7 (20sh), bldgs=Palace, Granary
    Units: 1x Warriors
  [Civ 4] Egyptians (despotism): 1 cities, 2 units, 50g, 9 techs, researching Map Making (2/21)
    Thebes: size=3, prod=Wonder40 (4sh), bldgs=Palace, Granary
    Units: 1x Warriors, 1x Settlers
  [Civ 1] Romans turn: 2 actions — MOVE_UNIT(1), UNIT_ORDER(1)
    >>> Germans discovered: Map Making
    SET_RESEARCH tech=Mysticism

══════════════════════════════════════════════════════════════════════
  TURN 43 — 3160 B.C. (7ms)
══════════════════════════════════════════════════════════════════════
  [Civ 1] Romans (despotism): 1 cities, 1 units, 60g, 11 techs, researching Writing (12/52)
    Rome: size=2, prod=Wonder39 (146sh), bldgs=Palace
    Units: 1x Warriors
  [Civ 2] Babylonians (despotism): 1 cities, 1 units, 21g, 10 techs, researching Mysticism (3/24)
    Babylon: size=2, prod=Wonder45 (145sh), bldgs=Palace
    Units: 1x Warriors
  [Civ 3] Germans (despotism): 1 cities, 1 units, 53g, 10 techs, researching Mysticism (0/24)
    Berlin: size=2, prod=building:7 (24sh), bldgs=Palace, Granary
    Units: 1x Warriors
  [Civ 4] Egyptians (despotism): 1 cities, 2 units, 49g, 10 techs, researching Map Making (4/24)
    Thebes: size=3, prod=Wonder40 (9sh), bldgs=Palace, Granary
    Units: 1x Warriors, 1x Settlers
  [Civ 1] Romans turn: 2 actions — MOVE_UNIT(1), UNIT_ORDER(1)
    SET_RESEARCH tech=Monarchy

══════════════════════════════════════════════════════════════════════
  TURN 44 — 3140 B.C. (5ms)
══════════════════════════════════════════════════════════════════════
  [Civ 1] Romans (despotism): 1 cities, 1 units, 62g, 12 techs, researching Writing (16/57)
    Rome: size=2, prod=Wonder39 (150sh), bldgs=Palace
    Units: 1x Warriors
  [Civ 2] Babylonians (despotism): 1 cities, 1 units, 22g, 10 techs, researching Mysticism (6/24)
    Babylon: size=2, prod=Wonder45 (149sh), bldgs=Palace
    Units: 1x Warriors
  [Civ 3] Germans (despotism): 1 cities, 1 units, 52g, 10 techs, researching Mysticism (2/24)
    Berlin: size=2, prod=building:7 (28sh), bldgs=Palace, Granary
    Units: 1x Warriors
  [Civ 4] Egyptians (despotism): 1 cities, 2 units, 48g, 11 techs, researching Monarchy (6/26)
    Thebes: size=3, prod=Wonder40 (14sh), bldgs=Palace, Granary
    Units: 1x Warriors, 1x Settlers
  [Civ 1] Romans turn: 2 actions — MOVE_UNIT(1), UNIT_ORDER(1)

══════════════════════════════════════════════════════════════════════
  TURN 45 — 3120 B.C. (6ms)
══════════════════════════════════════════════════════════════════════
  [Civ 1] Romans (despotism): 1 cities, 1 units, 64g, 12 techs, researching Writing (20/57)
    Rome: size=2, prod=Wonder39 (154sh), bldgs=Palace
    Units: 1x Warriors
  [Civ 2] Babylonians (despotism): 1 cities, 1 units, 23g, 10 techs, researching Mysticism (9/24)
    Babylon: size=2, prod=Wonder45 (153sh), bldgs=Palace
    Units: 1x Warriors
  [Civ 3] Germans (despotism): 1 cities, 1 units, 51g, 10 techs, researching Mysticism (4/24)
    Berlin: size=2, prod=building:7 (32sh), bldgs=Palace, Granary
    Units: 1x Warriors
  [Civ 4] Egyptians (despotism): 1 cities, 2 units, 47g, 11 techs, researching Monarchy (8/26)
    Thebes: size=3, prod=Wonder40 (19sh), bldgs=Palace, Granary
    Units: 1x Warriors, 1x Settlers
  [Civ 1] Romans turn: 2 actions — MOVE_UNIT(1), UNIT_ORDER(1)

══════════════════════════════════════════════════════════════════════
  TURN 46 — 3100 B.C. (6ms)
══════════════════════════════════════════════════════════════════════
  [Civ 1] Romans (despotism): 1 cities, 1 units, 66g, 12 techs, researching Writing (24/57)
    Rome: size=2, prod=Wonder39 (158sh), bldgs=Palace
    Units: 1x Warriors
  [Civ 2] Babylonians (despotism): 1 cities, 1 units, 24g, 10 techs, researching Mysticism (12/24)
    Babylon: size=2, prod=Wonder45 (157sh), bldgs=Palace
    Units: 1x Warriors
  [Civ 3] Germans (despotism): 1 cities, 1 units, 50g, 10 techs, researching Mysticism (6/24)
    Berlin: size=2, prod=building:7 (36sh), bldgs=Palace, Granary
    Units: 1x Warriors
  [Civ 4] Egyptians (despotism): 1 cities, 2 units, 46g, 11 techs, researching Monarchy (10/26)
    Thebes: size=3, prod=Wonder40 (24sh), bldgs=Palace, Granary
    Units: 1x Warriors, 1x Settlers
  [Civ 1] Romans turn: 2 actions — MOVE_UNIT(1), UNIT_ORDER(1)

══════════════════════════════════════════════════════════════════════
  TURN 47 — 3080 B.C. (6ms)
══════════════════════════════════════════════════════════════════════
  [Civ 1] Romans (despotism): 1 cities, 1 units, 68g, 12 techs, researching Writing (28/57)
    Rome: size=2, prod=Wonder39 (162sh), bldgs=Palace
    Units: 1x Warriors
  [Civ 2] Babylonians (despotism): 1 cities, 1 units, 25g, 10 techs, researching Mysticism (15/24)
    Babylon: size=2, prod=Wonder45 (161sh), bldgs=Palace
    Units: 1x Warriors
  [Civ 3] Germans (despotism): 1 cities, 1 units, 49g, 10 techs, researching Mysticism (8/24)
    Berlin: size=2, prod=building:7 (40sh), bldgs=Palace, Granary
    Units: 1x Warriors
  [Civ 4] Egyptians (despotism): 1 cities, 2 units, 45g, 11 techs, researching Monarchy (12/26)
    Thebes: size=3, prod=Wonder40 (29sh), bldgs=Palace, Granary
    Units: 1x Warriors, 1x Settlers
  [Civ 1] Romans turn: 2 actions — MOVE_UNIT(1), UNIT_ORDER(1)

══════════════════════════════════════════════════════════════════════
  TURN 48 — 3060 B.C. (6ms)
══════════════════════════════════════════════════════════════════════
  [Civ 1] Romans (despotism): 1 cities, 1 units, 70g, 12 techs, researching Writing (32/57)
    Rome: size=2, prod=Wonder39 (166sh), bldgs=Palace
    Units: 1x Warriors
  [Civ 2] Babylonians (despotism): 1 cities, 1 units, 26g, 10 techs, researching Mysticism (18/24)
    Babylon: size=2, prod=Wonder45 (165sh), bldgs=Palace
    Units: 1x Warriors
  [Civ 3] Germans (despotism): 1 cities, 1 units, 48g, 10 techs, researching Mysticism (10/24)
    Berlin: size=2, prod=building:7 (44sh), bldgs=Palace, Granary
    Units: 1x Warriors
  [Civ 4] Egyptians (despotism): 1 cities, 2 units, 44g, 11 techs, researching Monarchy (14/26)
    Thebes: size=3, prod=Wonder40 (34sh), bldgs=Palace, Granary
    Units: 1x Warriors, 1x Settlers
  [Civ 1] Romans turn: 2 actions — MOVE_UNIT(1), UNIT_ORDER(1)

══════════════════════════════════════════════════════════════════════
  TURN 49 — 3040 B.C. (6ms)
══════════════════════════════════════════════════════════════════════
  [Civ 1] Romans (despotism): 1 cities, 1 units, 72g, 12 techs, researching Writing (36/57)
    Rome: size=2, prod=Wonder39 (170sh), bldgs=Palace
    Units: 1x Warriors
  [Civ 2] Babylonians (despotism): 1 cities, 1 units, 27g, 10 techs, researching Mysticism (21/24)
    Babylon: size=2, prod=Wonder45 (169sh), bldgs=Palace
    Units: 1x Warriors
  [Civ 3] Germans (despotism): 1 cities, 1 units, 47g, 10 techs, researching Mysticism (12/24)
    Berlin: size=2, prod=building:7 (48sh), bldgs=Palace, Granary
    Units: 1x Warriors
  [Civ 4] Egyptians (despotism): 1 cities, 2 units, 43g, 11 techs, researching Monarchy (16/26)
    Thebes: size=3, prod=Wonder40 (39sh), bldgs=Palace, Granary
    Units: 1x Warriors, 1x Settlers
  [Civ 1] Romans turn: 2 actions — MOVE_UNIT(1), UNIT_ORDER(1)
    >>> Babylonians discovered: Mysticism
    SET_RESEARCH tech=Seafaring
    >>> Rome grew to size 3

══════════════════════════════════════════════════════════════════════
  FINAL SUMMARY
══════════════════════════════════════════════════════════════════════
Game ended at turn 50 (3020 B.C.)

── Civ 1: Romans (despotism) ALIVE ──
  Cities: 1 (peak 1, founded 1)
  Units:  1 (peak 1)
  Treasury: 74g
  Techs discovered: 4 — Warrior Code, Iron Working, Mathematics, Currency
  Actions: 114 total, 0 idle turns
  Breakdown: UNIT_ORDER(51), MOVE_UNIT(50), SET_RESEARCH(6), ADJUST_ATTITUDE(3), CHANGE_PRODUCTION(2), CHANGE_RATES(1), BUILD_CITY(1)
  Army: 1x Warriors
  Rome: size=3, shields=174

── Civ 2: Babylonians (despotism) ALIVE ──
  Cities: 1 (peak 1, founded 1)
  Units:  1 (peak 1)
  Treasury: 27g
  Techs discovered: 4 — Map Making, Ceremonial Burial, Code of Laws, Mysticism
  Actions: 112 total, 0 idle turns
  Breakdown: UNIT_ORDER(51), MOVE_UNIT(50), SET_RESEARCH(5), ADJUST_ATTITUDE(3), CHANGE_RATES(1), BUILD_CITY(1), CHANGE_PRODUCTION(1)
  Army: 1x Warriors
  Babylon: size=2, shields=173

── Civ 3: Germans (despotism) ALIVE ──
  Cities: 1 (peak 1, founded 1)
  Units:  1 (peak 1)
  Treasury: 46g
  Techs discovered: 2 — Code of Laws, Map Making
  Actions: 112 total, 0 idle turns
  Breakdown: UNIT_ORDER(51), MOVE_UNIT(50), SET_RESEARCH(4), ADJUST_ATTITUDE(3), CHANGE_PRODUCTION(2), CHANGE_RATES(1), BUILD_CITY(1)
  Army: 1x Warriors
  Berlin: size=2, shields=52

── Civ 4: Egyptians (despotism) ALIVE ──
  Cities: 1 (peak 1, founded 1)
  Units:  2 (peak 2)
  Treasury: 42g
  Techs discovered: 2 — Ceremonial Burial, Mathematics
  Actions: 115 total, 0 idle turns
  Breakdown: UNIT_ORDER(52), MOVE_UNIT(50), SET_RESEARCH(4), CHANGE_PRODUCTION(3), ADJUST_ATTITUDE(3), CHANGE_RATES(1), BUILD_CITY(1), WORKER_ORDER(1)
  Army: 1x Warriors, 1x Settlers
  Thebes: size=3, shields=44


══════════════════════════════════════════════════════════════════════
  AI BEHAVIOR ANALYSIS
══════════════════════════════════════════════════════════════════════
[Civ 1] Romans:
  WARNING: Only 1 city after 30+ turns

[Civ 2] Babylonians:
  WARNING: Only 1 city after 30+ turns

[Civ 3] Germans:
  WARNING: Only 1 city after 30+ turns

[Civ 4] Egyptians:
  WARNING: Only 1 city after 30+ turns

