Charlization AI Headless Simulation
Date: 2026-03-17T00:55:23.170Z
Settings: 50 turns, 4 AI players, 50x80 map, difficulty=prince
Map seed: 64028
Map generated in 80ms
Game initialized: 4 civs, 8 starting units
  Civ 1 (Romans): starts at (13,49) on Grassland
  Civ 2 (Babylonians): starts at (24,8) on Plains
  Civ 3 (Germans): starts at (38,54) on Grassland
  Civ 4 (Egyptians): starts at (34,30) on Plains
    SET_RESEARCH tech=Bronze Working
    CHANGE_RATES sci=6 tax=4 lux=undefined
    BUILD_CITY unit=0 name="Rome"
    1 actions REJECTED (of 6)
    SET_RESEARCH tech=Bronze Working
    CHANGE_RATES sci=6 tax=4 lux=undefined
    BUILD_CITY unit=2 name="Babylon"
    1 actions REJECTED (of 6)
    SET_RESEARCH tech=Alphabet
    CHANGE_RATES sci=6 tax=4 lux=undefined
    BUILD_CITY unit=4 name="Berlin"
    1 actions REJECTED (of 6)
    SET_RESEARCH tech=Alphabet
    CHANGE_RATES sci=6 tax=4 lux=undefined
    BUILD_CITY unit=6 name="Thebes"
    1 actions REJECTED (of 6)

══════════════════════════════════════════════════════════════════════
  TURN 1 — 4000 B.C. (32ms)
══════════════════════════════════════════════════════════════════════
  [Civ 1] Romans (despotism): 1 cities, 1 units, 1g, 3 techs, researching Bronze Working (3/28)
    Rome: size=1, prod=Warriors (2sh), bldgs=Palace
    Units: 1x Warriors
  [Civ 2] Babylonians (despotism): 1 cities, 1 units, 0g, 3 techs, researching Bronze Working (0/28)
    Babylon: size=1, prod=Warriors (0sh), bldgs=Palace
    Units: 1x Warriors
  [Civ 3] Germans (despotism): 1 cities, 1 units, 0g, 3 techs, researching Alphabet (0/28)
    Berlin: size=1, prod=Warriors (0sh), bldgs=Palace
    Units: 1x Warriors
  [Civ 4] Egyptians (despotism): 1 cities, 1 units, 0g, 3 techs, researching Alphabet (0/28)
    Thebes: size=1, prod=Warriors (0sh), bldgs=Palace
    Units: 1x Warriors
  [Civ 1] Romans turn: 3 actions — CHANGE_PRODUCTION(1), MOVE_UNIT(1), UNIT_ORDER(1)
    CHANGE_PRODUCTION city=0
    CHANGE_PRODUCTION city=1
    CHANGE_PRODUCTION city=2
    CHANGE_PRODUCTION city=3

══════════════════════════════════════════════════════════════════════
  TURN 2 — 3980 B.C. (13ms)
══════════════════════════════════════════════════════════════════════
  [Civ 1] Romans (despotism): 1 cities, 1 units, 2g, 4 techs, researching Bronze Working (6/33)
    Rome: size=1, prod=Archers (3sh), bldgs=Palace
    Units: 1x Warriors
  [Civ 2] Babylonians (despotism): 1 cities, 1 units, 0g, 5 techs, researching Bronze Working (2/36)
    Babylon: size=1, prod=building:3 (0sh), bldgs=Palace
    Units: 1x Warriors
  [Civ 3] Germans (despotism): 1 cities, 1 units, 1g, 5 techs, researching Alphabet (3/36)
    Berlin: size=1, prod=building:3 (0sh), bldgs=Palace
    Units: 1x Warriors
  [Civ 4] Egyptians (despotism): 1 cities, 1 units, 1g, 4 techs, researching Alphabet (2/33)
    Thebes: size=1, prod=building:3 (0sh), bldgs=Palace
    Units: 1x Warriors
  [Civ 1] Romans turn: 2 actions — MOVE_UNIT(1), UNIT_ORDER(1)

══════════════════════════════════════════════════════════════════════
  TURN 3 — 3960 B.C. (7ms)
══════════════════════════════════════════════════════════════════════
  [Civ 1] Romans (despotism): 1 cities, 1 units, 3g, 4 techs, researching Bronze Working (9/33)
    Rome: size=1, prod=Archers (5sh), bldgs=Palace
    Units: 1x Warriors
  [Civ 2] Babylonians (despotism): 1 cities, 1 units, 0g, 5 techs, researching Bronze Working (4/36)
    Babylon: size=1, prod=building:3 (3sh), bldgs=Palace
    Units: 1x Warriors
  [Civ 3] Germans (despotism): 1 cities, 1 units, 2g, 5 techs, researching Alphabet (6/36)
    Berlin: size=1, prod=building:3 (2sh), bldgs=Palace
    Units: 1x Warriors
  [Civ 4] Egyptians (despotism): 1 cities, 1 units, 2g, 4 techs, researching Alphabet (4/33)
    Thebes: size=1, prod=building:3 (2sh), bldgs=Palace
    Units: 1x Warriors
  [Civ 1] Romans turn: 2 actions — MOVE_UNIT(1), UNIT_ORDER(1)

══════════════════════════════════════════════════════════════════════
  TURN 4 — 3940 B.C. (5ms)
══════════════════════════════════════════════════════════════════════
  [Civ 1] Romans (despotism): 1 cities, 1 units, 4g, 4 techs, researching Bronze Working (12/33)
    Rome: size=1, prod=Archers (7sh), bldgs=Palace
    Units: 1x Warriors
  [Civ 2] Babylonians (despotism): 1 cities, 1 units, 0g, 5 techs, researching Bronze Working (6/36)
    Babylon: size=1, prod=building:3 (6sh), bldgs=Palace
    Units: 1x Warriors
  [Civ 3] Germans (despotism): 1 cities, 1 units, 3g, 5 techs, researching Alphabet (9/36)
    Berlin: size=1, prod=building:3 (4sh), bldgs=Palace
    Units: 1x Warriors
  [Civ 4] Egyptians (despotism): 1 cities, 1 units, 3g, 4 techs, researching Alphabet (6/33)
    Thebes: size=1, prod=building:3 (4sh), bldgs=Palace
    Units: 1x Warriors
  [Civ 1] Romans turn: 2 actions — MOVE_UNIT(1), UNIT_ORDER(1)

══════════════════════════════════════════════════════════════════════
  TURN 5 — 3920 B.C. (5ms)
══════════════════════════════════════════════════════════════════════
  [Civ 1] Romans (despotism): 1 cities, 1 units, 5g, 4 techs, researching Bronze Working (15/33)
    Rome: size=1, prod=Archers (9sh), bldgs=Palace
    Units: 1x Warriors
  [Civ 2] Babylonians (despotism): 1 cities, 1 units, 0g, 5 techs, researching Bronze Working (8/36)
    Babylon: size=1, prod=building:3 (9sh), bldgs=Palace
    Units: 1x Warriors
  [Civ 3] Germans (despotism): 1 cities, 1 units, 4g, 5 techs, researching Alphabet (12/36)
    Berlin: size=1, prod=building:3 (6sh), bldgs=Palace
    Units: 1x Warriors
  [Civ 4] Egyptians (despotism): 1 cities, 1 units, 4g, 4 techs, researching Alphabet (8/33)
    Thebes: size=1, prod=building:3 (6sh), bldgs=Palace
    Units: 1x Warriors
  [Civ 1] Romans turn: 2 actions — MOVE_UNIT(1), UNIT_ORDER(1)

══════════════════════════════════════════════════════════════════════
  TURN 6 — 3900 B.C. (5ms)
══════════════════════════════════════════════════════════════════════
  [Civ 1] Romans (despotism): 1 cities, 1 units, 6g, 4 techs, researching Bronze Working (18/33)
    Rome: size=1, prod=Archers (11sh), bldgs=Palace
    Units: 1x Warriors
  [Civ 2] Babylonians (despotism): 1 cities, 1 units, 0g, 5 techs, researching Bronze Working (10/36)
    Babylon: size=1, prod=building:3 (12sh), bldgs=Palace
    Units: 1x Warriors
  [Civ 3] Germans (despotism): 1 cities, 1 units, 5g, 5 techs, researching Alphabet (15/36)
    Berlin: size=1, prod=building:3 (8sh), bldgs=Palace
    Units: 1x Warriors
  [Civ 4] Egyptians (despotism): 1 cities, 1 units, 5g, 4 techs, researching Alphabet (10/33)
    Thebes: size=1, prod=building:3 (8sh), bldgs=Palace
    Units: 1x Warriors
  [Civ 1] Romans turn: 2 actions — MOVE_UNIT(1), UNIT_ORDER(1)

══════════════════════════════════════════════════════════════════════
  TURN 7 — 3880 B.C. (5ms)
══════════════════════════════════════════════════════════════════════
  [Civ 1] Romans (despotism): 1 cities, 1 units, 7g, 4 techs, researching Bronze Working (21/33)
    Rome: size=1, prod=Archers (13sh), bldgs=Palace
    Units: 1x Warriors
  [Civ 2] Babylonians (despotism): 1 cities, 1 units, 0g, 5 techs, researching Bronze Working (12/36)
    Babylon: size=1, prod=building:3 (15sh), bldgs=Palace
    Units: 1x Warriors
  [Civ 3] Germans (despotism): 1 cities, 1 units, 6g, 5 techs, researching Alphabet (18/36)
    Berlin: size=1, prod=building:3 (10sh), bldgs=Palace
    Units: 1x Warriors
  [Civ 4] Egyptians (despotism): 1 cities, 1 units, 6g, 4 techs, researching Alphabet (12/33)
    Thebes: size=1, prod=building:3 (10sh), bldgs=Palace
    Units: 1x Warriors
  [Civ 1] Romans turn: 2 actions — MOVE_UNIT(1), UNIT_ORDER(1)

══════════════════════════════════════════════════════════════════════
  TURN 8 — 3860 B.C. (8ms)
══════════════════════════════════════════════════════════════════════
  [Civ 1] Romans (despotism): 1 cities, 1 units, 8g, 4 techs, researching Bronze Working (24/33)
    Rome: size=1, prod=Archers (15sh), bldgs=Palace
    Units: 1x Warriors
  [Civ 2] Babylonians (despotism): 1 cities, 1 units, 0g, 5 techs, researching Bronze Working (14/36)
    Babylon: size=1, prod=building:3 (18sh), bldgs=Palace
    Units: 1x Warriors
  [Civ 3] Germans (despotism): 1 cities, 1 units, 7g, 5 techs, researching Alphabet (21/36)
    Berlin: size=1, prod=building:3 (12sh), bldgs=Palace
    Units: 1x Warriors
  [Civ 4] Egyptians (despotism): 1 cities, 1 units, 7g, 4 techs, researching Alphabet (14/33)
    Thebes: size=1, prod=building:3 (12sh), bldgs=Palace
    Units: 1x Warriors
  [Civ 1] Romans turn: 2 actions — MOVE_UNIT(1), UNIT_ORDER(1)

══════════════════════════════════════════════════════════════════════
  TURN 9 — 3840 B.C. (8ms)
══════════════════════════════════════════════════════════════════════
  [Civ 1] Romans (despotism): 1 cities, 1 units, 9g, 4 techs, researching Bronze Working (27/33)
    Rome: size=1, prod=Archers (17sh), bldgs=Palace
    Units: 1x Warriors
  [Civ 2] Babylonians (despotism): 1 cities, 1 units, 0g, 5 techs, researching Bronze Working (16/36)
    Babylon: size=1, prod=building:3 (21sh), bldgs=Palace
    Units: 1x Warriors
  [Civ 3] Germans (despotism): 1 cities, 1 units, 8g, 5 techs, researching Alphabet (24/36)
    Berlin: size=1, prod=building:3 (14sh), bldgs=Palace
    Units: 1x Warriors
  [Civ 4] Egyptians (despotism): 1 cities, 1 units, 8g, 4 techs, researching Alphabet (16/33)
    Thebes: size=1, prod=building:3 (14sh), bldgs=Palace
    Units: 1x Warriors
  [Civ 1] Romans turn: 2 actions — MOVE_UNIT(1), UNIT_ORDER(1)
    >>> Rome grew to size 2

══════════════════════════════════════════════════════════════════════
  TURN 10 — 3820 B.C. (8ms)
══════════════════════════════════════════════════════════════════════
  [Civ 1] Romans (despotism): 1 cities, 1 units, 11g, 4 techs, researching Bronze Working (30/33)
    Rome: size=2, prod=Archers (19sh), bldgs=Palace
    Units: 1x Warriors
  [Civ 2] Babylonians (despotism): 1 cities, 1 units, 0g, 5 techs, researching Bronze Working (18/36)
    Babylon: size=1, prod=building:3 (24sh), bldgs=Palace
    Units: 1x Warriors
  [Civ 3] Germans (despotism): 1 cities, 1 units, 9g, 5 techs, researching Alphabet (27/36)
    Berlin: size=1, prod=building:3 (16sh), bldgs=Palace
    Units: 1x Warriors
  [Civ 4] Egyptians (despotism): 1 cities, 1 units, 9g, 4 techs, researching Alphabet (18/33)
    Thebes: size=1, prod=building:3 (16sh), bldgs=Palace
    Units: 1x Warriors
  [Civ 1] Romans turn: 2 actions — MOVE_UNIT(1), UNIT_ORDER(1)
    >>> Babylon grew to size 2
    >>> Berlin grew to size 2
    >>> Thebes grew to size 2
    >>> Romans discovered: Bronze Working

══════════════════════════════════════════════════════════════════════
  TURN 11 — 3800 B.C. (12ms)
══════════════════════════════════════════════════════════════════════
  [Civ 1] Romans (despotism): 1 cities, 1 units, 11g, 5 techs, researching none (0/36)
    Rome: size=2, prod=Archers (22sh), bldgs=Palace
    Units: 1x Warriors
  [Civ 2] Babylonians (despotism): 1 cities, 1 units, 0g, 5 techs, researching Bronze Working (21/36)
    Babylon: size=2, prod=building:3 (27sh), bldgs=Palace
    Units: 1x Warriors
  [Civ 3] Germans (despotism): 1 cities, 1 units, 11g, 5 techs, researching Alphabet (31/36)
    Berlin: size=2, prod=building:3 (18sh), bldgs=Palace
    Units: 1x Warriors
  [Civ 4] Egyptians (despotism): 1 cities, 1 units, 10g, 4 techs, researching Alphabet (21/33)
    Thebes: size=2, prod=building:3 (18sh), bldgs=Palace
    Units: 1x Warriors
  [Civ 1] Romans turn: 3 actions — SET_RESEARCH(1), MOVE_UNIT(1), UNIT_ORDER(1)
    SET_RESEARCH tech=Iron Working

══════════════════════════════════════════════════════════════════════
  TURN 12 — 3780 B.C. (6ms)
══════════════════════════════════════════════════════════════════════
  [Civ 1] Romans (despotism): 1 cities, 1 units, 13g, 5 techs, researching Iron Working (3/36)
    Rome: size=2, prod=Archers (25sh), bldgs=Palace
    Units: 1x Warriors
  [Civ 2] Babylonians (despotism): 1 cities, 1 units, 0g, 5 techs, researching Bronze Working (24/36)
    Babylon: size=2, prod=building:3 (31sh), bldgs=Palace
    Units: 1x Warriors
  [Civ 3] Germans (despotism): 1 cities, 1 units, 13g, 5 techs, researching Alphabet (35/36)
    Berlin: size=2, prod=building:3 (22sh), bldgs=Palace
    Units: 1x Warriors
  [Civ 4] Egyptians (despotism): 1 cities, 1 units, 11g, 4 techs, researching Alphabet (24/33)
    Thebes: size=2, prod=building:3 (21sh), bldgs=Palace
    Units: 1x Warriors
  [Civ 1] Romans turn: 2 actions — MOVE_UNIT(1), UNIT_ORDER(1)
    >>> Germans discovered: Alphabet
    SET_RESEARCH tech=Map Making

══════════════════════════════════════════════════════════════════════
  TURN 13 — 3760 B.C. (5ms)
══════════════════════════════════════════════════════════════════════
  [Civ 1] Romans (despotism): 1 cities, 1 units, 15g, 5 techs, researching Iron Working (6/36)
    Rome: size=2, prod=Archers (28sh), bldgs=Palace
    Units: 1x Warriors
  [Civ 2] Babylonians (despotism): 1 cities, 1 units, 0g, 5 techs, researching Bronze Working (27/36)
    Babylon: size=2, prod=building:3 (35sh), bldgs=Palace
    Units: 1x Warriors
  [Civ 3] Germans (despotism): 1 cities, 1 units, 13g, 6 techs, researching Map Making (0/36)
    Berlin: size=2, prod=building:3 (26sh), bldgs=Palace
    Units: 1x Warriors
  [Civ 4] Egyptians (despotism): 1 cities, 1 units, 12g, 4 techs, researching Alphabet (27/33)
    Thebes: size=2, prod=building:3 (24sh), bldgs=Palace
    Units: 1x Warriors
  [Civ 1] Romans turn: 2 actions — MOVE_UNIT(1), UNIT_ORDER(1)
    SET_RESEARCH tech=Code of Laws
    >>> Rome built Archers

══════════════════════════════════════════════════════════════════════
  TURN 14 — 3740 B.C. (6ms)
══════════════════════════════════════════════════════════════════════
  [Civ 1] Romans (despotism): 1 cities, 2 units, 17g, 6 techs, researching Iron Working (9/36)
    Rome: size=2, prod=Archers (1sh), bldgs=Palace
    Units: 1x Warriors, 1x Archers
  [Civ 2] Babylonians (despotism): 1 cities, 1 units, 0g, 5 techs, researching Bronze Working (30/36)
    Babylon: size=2, prod=building:3 (39sh), bldgs=Palace
    Units: 1x Warriors
  [Civ 3] Germans (despotism): 1 cities, 1 units, 15g, 6 techs, researching Map Making (4/36)
    Berlin: size=2, prod=building:3 (30sh), bldgs=Palace
    Units: 1x Warriors
  [Civ 4] Egyptians (despotism): 1 cities, 1 units, 13g, 5 techs, researching Code of Laws (30/36)
    Thebes: size=2, prod=building:3 (27sh), bldgs=Palace
    Units: 1x Warriors
  [Civ 1] Romans turn: 3 actions — CHANGE_PRODUCTION(1), MOVE_UNIT(1), UNIT_ORDER(1)
    CHANGE_PRODUCTION city=0

══════════════════════════════════════════════════════════════════════
  TURN 15 — 3720 B.C. (6ms)
══════════════════════════════════════════════════════════════════════
  [Civ 1] Romans (despotism): 1 cities, 2 units, 19g, 6 techs, researching Iron Working (12/36)
    Rome: size=2, prod=Wonder40 (3sh), bldgs=Palace
    Units: 1x Warriors, 1x Archers
  [Civ 2] Babylonians (despotism): 1 cities, 1 units, 0g, 5 techs, researching Bronze Working (33/36)
    Babylon: size=2, prod=building:3 (43sh), bldgs=Palace
    Units: 1x Warriors
  [Civ 3] Germans (despotism): 1 cities, 1 units, 17g, 6 techs, researching Map Making (8/36)
    Berlin: size=2, prod=building:3 (34sh), bldgs=Palace
    Units: 1x Warriors
  [Civ 4] Egyptians (despotism): 1 cities, 1 units, 14g, 5 techs, researching Code of Laws (33/36)
    Thebes: size=2, prod=building:3 (30sh), bldgs=Palace
    Units: 1x Warriors
  [Civ 1] Romans turn: 4 actions — MOVE_UNIT(1), UNIT_ORDER(3)
    >>> Babylonians discovered: Bronze Working
    SET_RESEARCH tech=Code of Laws
    >>> Egyptians discovered: Code of Laws
    SET_RESEARCH tech=Map Making

══════════════════════════════════════════════════════════════════════
  TURN 16 — 3700 B.C. (7ms)
══════════════════════════════════════════════════════════════════════
  [Civ 1] Romans (despotism): 1 cities, 2 units, 21g, 6 techs, researching Iron Working (15/36)
    Rome: size=2, prod=Wonder40 (6sh), bldgs=Palace
    Units: 1x Warriors, 1x Archers
  [Civ 2] Babylonians (despotism): 1 cities, 1 units, 0g, 6 techs, researching Code of Laws (0/36)
    Babylon: size=2, prod=building:3 (47sh), bldgs=Palace
    Units: 1x Warriors
  [Civ 3] Germans (despotism): 1 cities, 1 units, 19g, 6 techs, researching Map Making (12/36)
    Berlin: size=2, prod=building:3 (38sh), bldgs=Palace
    Units: 1x Warriors
  [Civ 4] Egyptians (despotism): 1 cities, 1 units, 14g, 6 techs, researching Map Making (0/36)
    Thebes: size=2, prod=building:3 (33sh), bldgs=Palace
    Units: 1x Warriors
  [Civ 1] Romans turn: 2 actions — MOVE_UNIT(1), UNIT_ORDER(1)

══════════════════════════════════════════════════════════════════════
  TURN 17 — 3680 B.C. (4ms)
══════════════════════════════════════════════════════════════════════
  [Civ 1] Romans (despotism): 1 cities, 2 units, 23g, 6 techs, researching Iron Working (18/36)
    Rome: size=2, prod=Wonder40 (9sh), bldgs=Palace
    Units: 1x Warriors, 1x Archers
  [Civ 2] Babylonians (despotism): 1 cities, 1 units, 0g, 6 techs, researching Code of Laws (3/36)
    Babylon: size=2, prod=building:3 (51sh), bldgs=Palace
    Units: 1x Warriors
  [Civ 3] Germans (despotism): 1 cities, 1 units, 21g, 7 techs, researching Map Making (16/33)
    Berlin: size=2, prod=building:3 (42sh), bldgs=Palace
    Units: 1x Warriors
  [Civ 4] Egyptians (despotism): 1 cities, 1 units, 15g, 7 techs, researching Map Making (3/33)
    Thebes: size=2, prod=building:3 (36sh), bldgs=Palace
    Units: 1x Warriors
  [Civ 1] Romans turn: 2 actions — MOVE_UNIT(1), UNIT_ORDER(1)
    END_TURN REJECTED: 1 units still need orders
      #9 Archers(Atk) @(36,16) mv=3 ord=none hp=full

══════════════════════════════════════════════════════════════════════
  TURN 18 — 3660 B.C. (7ms)
══════════════════════════════════════════════════════════════════════
  [Civ 1] Romans (despotism): 1 cities, 2 units, 25g, 6 techs, researching Iron Working (21/36)
    Rome: size=2, prod=Wonder40 (12sh), bldgs=Palace
    Units: 1x Warriors, 1x Archers
  [Civ 2] Babylonians (despotism): 1 cities, 2 units, 0g, 6 techs, researching Code of Laws (6/36)
    Babylon: size=2, prod=building:3 (55sh), bldgs=Palace
    Units: 1x Warriors, 1x Archers
  [Civ 3] Germans (despotism): 1 cities, 1 units, 23g, 7 techs, researching Map Making (20/33)
    Berlin: size=2, prod=building:3 (46sh), bldgs=Palace
    Units: 1x Warriors
  [Civ 4] Egyptians (despotism): 1 cities, 1 units, 16g, 7 techs, researching Map Making (6/33)
    Thebes: size=2, prod=building:3 (39sh), bldgs=Palace
    Units: 1x Warriors
  [Civ 1] Romans turn: 2 actions — MOVE_UNIT(1), UNIT_ORDER(1)

══════════════════════════════════════════════════════════════════════
  TURN 19 — 3640 B.C. (8ms)
══════════════════════════════════════════════════════════════════════
  [Civ 1] Romans (despotism): 1 cities, 2 units, 27g, 6 techs, researching Iron Working (24/36)
    Rome: size=2, prod=Wonder40 (15sh), bldgs=Palace
    Units: 1x Warriors, 1x Archers
  [Civ 2] Babylonians (despotism): 1 cities, 0 units, 0g, 6 techs, researching Code of Laws (9/36)
    Babylon: size=2, prod=building:3 (59sh), bldgs=Palace
    Units: none
  [Civ 3] Germans (despotism): 1 cities, 1 units, 25g, 7 techs, researching Map Making (24/33)
    Berlin: size=2, prod=building:3 (50sh), bldgs=Palace
    Units: 1x Warriors
  [Civ 4] Egyptians (despotism): 1 cities, 1 units, 17g, 7 techs, researching Map Making (9/33)
    Thebes: size=2, prod=building:3 (42sh), bldgs=Palace
    Units: 1x Warriors
  [Civ 1] Romans turn: 2 actions — MOVE_UNIT(1), UNIT_ORDER(1)
    >>> Babylon built building:3
    >>> Babylon sold Granary

══════════════════════════════════════════════════════════════════════
  TURN 20 — 3620 B.C. (7ms)
══════════════════════════════════════════════════════════════════════
  [Civ 1] Romans (despotism): 1 cities, 2 units, 29g, 6 techs, researching Iron Working (27/36)
    Rome: size=2, prod=Wonder40 (18sh), bldgs=Palace
    Units: 1x Warriors, 1x Archers
  [Civ 2] Babylonians (despotism): 1 cities, 0 units, 59g, 6 techs, researching Code of Laws (12/36)
    Babylon: size=2, prod=building:3 (3sh), bldgs=Palace
    Units: none
  [Civ 3] Germans (despotism): 1 cities, 1 units, 27g, 7 techs, researching Map Making (28/33)
    Berlin: size=2, prod=building:3 (54sh), bldgs=Palace
    Units: 1x Warriors
  [Civ 4] Egyptians (despotism): 1 cities, 1 units, 18g, 7 techs, researching Map Making (12/33)
    Thebes: size=2, prod=building:3 (45sh), bldgs=Palace
    Units: 1x Warriors
  [Civ 1] Romans turn: 2 actions — MOVE_UNIT(1), UNIT_ORDER(1)

══════════════════════════════════════════════════════════════════════
  TURN 21 — 3600 B.C. (5ms)
══════════════════════════════════════════════════════════════════════
  [Civ 1] Romans (despotism): 1 cities, 2 units, 31g, 6 techs, researching Iron Working (30/36)
    Rome: size=2, prod=Wonder40 (21sh), bldgs=Palace
    Units: 1x Warriors, 1x Archers
  [Civ 2] Babylonians (despotism): 1 cities, 0 units, 59g, 6 techs, researching Code of Laws (15/36)
    Babylon: size=2, prod=building:3 (7sh), bldgs=Palace
    Units: none
  [Civ 3] Germans (despotism): 1 cities, 1 units, 29g, 7 techs, researching Map Making (32/33)
    Berlin: size=2, prod=building:3 (58sh), bldgs=Palace
    Units: 1x Warriors
  [Civ 4] Egyptians (despotism): 1 cities, 1 units, 19g, 7 techs, researching Map Making (15/33)
    Thebes: size=2, prod=building:3 (48sh), bldgs=Palace
    Units: 1x Warriors
  [Civ 1] Romans turn: 2 actions — MOVE_UNIT(1), UNIT_ORDER(1)
    >>> Germans discovered: Map Making
    >>> Berlin built building:3
    SET_RESEARCH tech=Currency
    CHANGE_PRODUCTION city=2

══════════════════════════════════════════════════════════════════════
  TURN 22 — 3580 B.C. (7ms)
══════════════════════════════════════════════════════════════════════
  [Civ 1] Romans (despotism): 1 cities, 2 units, 33g, 6 techs, researching Iron Working (33/36)
    Rome: size=2, prod=Wonder40 (24sh), bldgs=Palace
    Units: 1x Warriors, 1x Archers
  [Civ 2] Babylonians (despotism): 1 cities, 0 units, 59g, 6 techs, researching Code of Laws (18/36)
    Babylon: size=2, prod=building:3 (11sh), bldgs=Palace
    Units: none
  [Civ 3] Germans (despotism): 1 cities, 1 units, 29g, 8 techs, researching Currency (0/28)
    Berlin: size=2, prod=Settlers (0sh), bldgs=Palace, Granary
    Units: 1x Warriors
  [Civ 4] Egyptians (despotism): 1 cities, 1 units, 20g, 7 techs, researching Map Making (18/33)
    Thebes: size=2, prod=building:3 (51sh), bldgs=Palace
    Units: 1x Warriors
  [Civ 1] Romans turn: 2 actions — MOVE_UNIT(1), UNIT_ORDER(1)
    >>> Romans discovered: Iron Working

══════════════════════════════════════════════════════════════════════
  TURN 23 — 3560 B.C. (6ms)
══════════════════════════════════════════════════════════════════════
  [Civ 1] Romans (despotism): 1 cities, 2 units, 33g, 7 techs, researching none (0/33)
    Rome: size=2, prod=Wonder40 (27sh), bldgs=Palace
    Units: 1x Warriors, 1x Archers
  [Civ 2] Babylonians (despotism): 1 cities, 0 units, 59g, 6 techs, researching Code of Laws (21/36)
    Babylon: size=2, prod=building:3 (15sh), bldgs=Palace
    Units: none
  [Civ 3] Germans (despotism): 1 cities, 1 units, 30g, 8 techs, researching Currency (4/28)
    Berlin: size=2, prod=Settlers (4sh), bldgs=Palace, Granary
    Units: 1x Warriors
  [Civ 4] Egyptians (despotism): 1 cities, 1 units, 21g, 7 techs, researching Map Making (21/33)
    Thebes: size=2, prod=building:3 (54sh), bldgs=Palace
    Units: 1x Warriors
  [Civ 1] Romans turn: 3 actions — SET_RESEARCH(1), MOVE_UNIT(1), UNIT_ORDER(1)
    SET_RESEARCH tech=Mysticism
    COMBAT: ? vs ? → capture (atkHp=undefined, defHp=undefined)

══════════════════════════════════════════════════════════════════════
  TURN 24 — 3540 B.C. (7ms)
══════════════════════════════════════════════════════════════════════
  [Civ 1] Romans (despotism): 1 cities, 2 units, 35g, 7 techs, researching Mysticism (3/33)
    Rome: size=2, prod=Wonder40 (30sh), bldgs=Palace
    Units: 1x Warriors, 1x Archers
  [Civ 2] Babylonians (despotism): 1 cities, 0 units, 59g, 6 techs, researching Code of Laws (24/36)
    Babylon: size=2, prod=building:3 (19sh), bldgs=Palace
    Units: none
  [Civ 3] Germans (despotism): 0 cities, 1 units, 11g, 8 techs, researching Currency (8/28)
    Units: 1x Warriors
  [Civ 4] Egyptians (despotism): 2 cities, 1 units, 42g, 7 techs, researching Map Making (24/33)
    Berlin: size=1, prod=Warriors (0sh), bldgs=Granary
    Thebes: size=2, prod=building:3 (57sh), bldgs=Palace
    Units: 1x Warriors
  [Civ 1] Romans turn: 2 actions — MOVE_UNIT(1), UNIT_ORDER(1)
    >>> Thebes built building:3
    CHANGE_PRODUCTION city=2
    CHANGE_PRODUCTION city=3
    >>> Rome grew to size 3

══════════════════════════════════════════════════════════════════════
  TURN 25 — 3520 B.C. (7ms)
══════════════════════════════════════════════════════════════════════
  [Civ 1] Romans (despotism): 1 cities, 2 units, 37g, 7 techs, researching Mysticism (7/33)
    Rome: size=3, prod=Wonder40 (33sh), bldgs=Palace
    Units: 1x Warriors, 1x Archers
  [Civ 2] Babylonians (despotism): 1 cities, 0 units, 59g, 6 techs, researching Code of Laws (27/36)
    Babylon: size=2, prod=building:3 (23sh), bldgs=Palace
    Units: none
  [Civ 3] Germans (despotism): 0 cities, 1 units, 11g, 8 techs, researching Currency (8/28)
    Units: 1x Warriors
  [Civ 4] Egyptians (despotism): 2 cities, 1 units, 42g, 7 techs, researching Map Making (29/33)
    Berlin: size=1, prod=Archers (1sh), bldgs=Granary
    Thebes: size=2, prod=building:7 (0sh), bldgs=Palace, Granary
    Units: 1x Warriors
  [Civ 1] Romans turn: 2 actions — MOVE_UNIT(1), UNIT_ORDER(1)
    >>> Babylon grew to size 3
    >>> Egyptians discovered: Map Making
    >>> Thebes grew to size 3
    SET_RESEARCH tech=Masonry
    CHANGE_PRODUCTION city=3

══════════════════════════════════════════════════════════════════════
  TURN 26 — 3500 B.C. (4ms)
══════════════════════════════════════════════════════════════════════
  [Civ 1] Romans (despotism): 1 cities, 2 units, 39g, 7 techs, researching Mysticism (11/33)
    Rome: size=3, prod=Wonder40 (37sh), bldgs=Palace
    Units: 1x Warriors, 1x Archers
  [Civ 2] Babylonians (despotism): 1 cities, 0 units, 59g, 6 techs, researching Code of Laws (30/36)
    Babylon: size=3, prod=building:3 (27sh), bldgs=Palace
    Units: none
  [Civ 3] Germans (despotism): 0 cities, 1 units, 11g, 8 techs, researching Currency (8/28)
    Units: 1x Warriors
  [Civ 4] Egyptians (despotism): 2 cities, 1 units, 42g, 8 techs, researching Masonry (0/28)
    Berlin: size=1, prod=Archers (3sh), bldgs=Granary
    Thebes: size=3, prod=Wonder41 (0sh), bldgs=Palace, Granary
    Units: 1x Warriors
  [Civ 1] Romans turn: 2 actions — MOVE_UNIT(1), UNIT_ORDER(1)

══════════════════════════════════════════════════════════════════════
  TURN 27 — 3480 B.C. (4ms)
══════════════════════════════════════════════════════════════════════
  [Civ 1] Romans (despotism): 1 cities, 2 units, 41g, 8 techs, researching Mysticism (15/28)
    Rome: size=3, prod=Wonder40 (41sh), bldgs=Palace
    Units: 1x Warriors, 1x Archers
  [Civ 2] Babylonians (despotism): 1 cities, 0 units, 59g, 6 techs, researching Code of Laws (33/36)
    Babylon: size=3, prod=building:3 (32sh), bldgs=Palace
    Units: none
  [Civ 3] Germans (despotism): 0 cities, 1 units, 11g, 8 techs, researching Currency (8/28)
    Units: 1x Warriors
  [Civ 4] Egyptians (despotism): 2 cities, 1 units, 43g, 8 techs, researching Masonry (5/28)
    Berlin: size=1, prod=Archers (5sh), bldgs=Granary
    Thebes: size=3, prod=Wonder41 (4sh), bldgs=Palace, Granary
    Units: 1x Warriors
  [Civ 1] Romans turn: 2 actions — MOVE_UNIT(1), UNIT_ORDER(1)
    >>> Babylonians discovered: Code of Laws
    SET_RESEARCH tech=Mysticism

══════════════════════════════════════════════════════════════════════
  TURN 28 — 3460 B.C. (4ms)
══════════════════════════════════════════════════════════════════════
  [Civ 1] Romans (despotism): 1 cities, 2 units, 43g, 8 techs, researching Mysticism (19/28)
    Rome: size=3, prod=Wonder40 (45sh), bldgs=Palace
    Units: 1x Warriors, 1x Archers
  [Civ 2] Babylonians (despotism): 1 cities, 0 units, 59g, 8 techs, researching Mysticism (0/28)
    Babylon: size=3, prod=building:3 (37sh), bldgs=Palace
    Units: none
  [Civ 3] Germans (despotism): 0 cities, 1 units, 11g, 8 techs, researching Currency (8/28)
    Units: 1x Warriors
  [Civ 4] Egyptians (despotism): 2 cities, 1 units, 44g, 8 techs, researching Masonry (10/28)
    Berlin: size=1, prod=Archers (7sh), bldgs=Granary
    Thebes: size=3, prod=Wonder41 (8sh), bldgs=Palace, Granary
    Units: 1x Warriors
  [Civ 1] Romans turn: 2 actions — MOVE_UNIT(1), UNIT_ORDER(1)

══════════════════════════════════════════════════════════════════════
  TURN 29 — 3440 B.C. (3ms)
══════════════════════════════════════════════════════════════════════
  [Civ 1] Romans (despotism): 1 cities, 2 units, 45g, 9 techs, researching Mysticism (23/32)
    Rome: size=3, prod=Wonder40 (49sh), bldgs=Palace
    Units: 1x Warriors, 1x Archers
  [Civ 2] Babylonians (despotism): 1 cities, 0 units, 59g, 8 techs, researching Mysticism (3/28)
    Babylon: size=3, prod=building:3 (42sh), bldgs=Palace
    Units: none
  [Civ 3] Germans (despotism): 0 cities, 1 units, 11g, 9 techs, researching Currency (8/32)
    Units: 1x Warriors
  [Civ 4] Egyptians (despotism): 2 cities, 1 units, 45g, 8 techs, researching Masonry (15/28)
    Berlin: size=1, prod=Archers (9sh), bldgs=Granary
    Thebes: size=3, prod=Wonder41 (12sh), bldgs=Palace, Granary
    Units: 1x Warriors
  [Civ 1] Romans turn: 2 actions — MOVE_UNIT(1), UNIT_ORDER(1)

══════════════════════════════════════════════════════════════════════
  TURN 30 — 3420 B.C. (8ms)
══════════════════════════════════════════════════════════════════════
  [Civ 1] Romans (despotism): 1 cities, 2 units, 47g, 9 techs, researching Mysticism (27/32)
    Rome: size=3, prod=Wonder40 (53sh), bldgs=Palace
    Units: 1x Warriors, 1x Archers
  [Civ 2] Babylonians (despotism): 1 cities, 0 units, 59g, 8 techs, researching Mysticism (6/28)
    Babylon: size=3, prod=building:3 (47sh), bldgs=Palace
    Units: none
  [Civ 3] Germans (despotism): 0 cities, 1 units, 11g, 9 techs, researching Currency (8/32)
    Units: 1x Warriors
  [Civ 4] Egyptians (despotism): 2 cities, 1 units, 46g, 8 techs, researching Masonry (20/28)
    Berlin: size=1, prod=Archers (11sh), bldgs=Granary
    Thebes: size=3, prod=Wonder41 (16sh), bldgs=Palace, Granary
    Units: 1x Warriors
  [Civ 1] Romans turn: 2 actions — MOVE_UNIT(1), UNIT_ORDER(1)

══════════════════════════════════════════════════════════════════════
  TURN 31 — 3400 B.C. (4ms)
══════════════════════════════════════════════════════════════════════
  [Civ 1] Romans (despotism): 1 cities, 2 units, 49g, 9 techs, researching Mysticism (31/32)
    Rome: size=3, prod=Wonder40 (57sh), bldgs=Palace
    Units: 1x Warriors, 1x Archers
  [Civ 2] Babylonians (despotism): 1 cities, 0 units, 59g, 8 techs, researching Mysticism (9/28)
    Babylon: size=3, prod=building:3 (52sh), bldgs=Palace
    Units: none
  [Civ 3] Germans (despotism): 0 cities, 1 units, 11g, 9 techs, researching Currency (8/32)
    Units: 1x Warriors
  [Civ 4] Egyptians (despotism): 2 cities, 1 units, 47g, 8 techs, researching Masonry (25/28)
    Berlin: size=1, prod=Archers (13sh), bldgs=Granary
    Thebes: size=3, prod=Wonder41 (20sh), bldgs=Palace, Granary
    Units: 1x Warriors
  [Civ 1] Romans turn: 2 actions — MOVE_UNIT(1), UNIT_ORDER(1)
    >>> Egyptians discovered: Masonry
    SET_RESEARCH tech=The Wheel
    >>> Romans discovered: Mysticism

══════════════════════════════════════════════════════════════════════
  TURN 32 — 3380 B.C. (7ms)
══════════════════════════════════════════════════════════════════════
  [Civ 1] Romans (despotism): 1 cities, 2 units, 49g, 10 techs, researching none (0/48)
    Rome: size=3, prod=Wonder40 (61sh), bldgs=Palace
    Units: 1x Warriors, 1x Archers
  [Civ 2] Babylonians (despotism): 1 cities, 0 units, 59g, 8 techs, researching Mysticism (12/28)
    Babylon: size=3, prod=building:3 (57sh), bldgs=Palace
    Units: none
  [Civ 3] Germans (despotism): 0 cities, 1 units, 11g, 9 techs, researching Currency (8/21)
    Units: 1x Warriors
  [Civ 4] Egyptians (despotism): 2 cities, 1 units, 47g, 9 techs, researching The Wheel (0/21)
    Berlin: size=1, prod=Archers (15sh), bldgs=Granary
    Thebes: size=3, prod=Wonder41 (24sh), bldgs=Palace, Granary
    Units: 1x Warriors
  [Civ 1] Romans turn: 6 actions — SET_RESEARCH(1), ADJUST_ATTITUDE(3), MOVE_UNIT(1), UNIT_ORDER(1)
    SET_RESEARCH tech=Monarchy
    ADJUST_ATTITUDE target=civ2
    ADJUST_ATTITUDE target=civ3
    ADJUST_ATTITUDE target=civ4
    >>> Babylon built building:3
    ADJUST_ATTITUDE target=civ1
    ADJUST_ATTITUDE target=civ3
    ADJUST_ATTITUDE target=civ4
    CHANGE_PRODUCTION city=1
    ADJUST_ATTITUDE target=civ1
    ADJUST_ATTITUDE target=civ2
    ADJUST_ATTITUDE target=civ4
    ADJUST_ATTITUDE target=civ1
    ADJUST_ATTITUDE target=civ2
    ADJUST_ATTITUDE target=civ3

══════════════════════════════════════════════════════════════════════
  TURN 33 — 3360 B.C. (4ms)
══════════════════════════════════════════════════════════════════════
  [Civ 1] Romans (despotism): 1 cities, 2 units, 51g, 11 techs, researching Monarchy (4/52)
    Rome: size=3, prod=Wonder40 (65sh), bldgs=Palace
    Units: 1x Warriors, 1x Archers
  [Civ 2] Babylonians (despotism): 1 cities, 0 units, 58g, 8 techs, researching Mysticism (15/28)
    Babylon: size=3, prod=building:7 (1sh), bldgs=Palace, Granary
    Units: none
  [Civ 3] Germans (despotism): 0 cities, 1 units, 11g, 9 techs, researching Currency (8/21)
    Units: 1x Warriors
  [Civ 4] Egyptians (despotism): 2 cities, 1 units, 48g, 9 techs, researching The Wheel (5/21)
    Berlin: size=1, prod=Archers (17sh), bldgs=Granary
    Thebes: size=3, prod=Wonder41 (28sh), bldgs=Palace, Granary
    Units: 1x Warriors
  [Civ 1] Romans turn: 2 actions — MOVE_UNIT(1), UNIT_ORDER(1)
    >>> Berlin grew to size 2

══════════════════════════════════════════════════════════════════════
  TURN 34 — 3340 B.C. (3ms)
══════════════════════════════════════════════════════════════════════
  [Civ 1] Romans (despotism): 1 cities, 2 units, 53g, 11 techs, researching Monarchy (8/52)
    Rome: size=3, prod=Wonder40 (69sh), bldgs=Palace
    Units: 1x Warriors, 1x Archers
  [Civ 2] Babylonians (despotism): 1 cities, 0 units, 57g, 9 techs, researching Mysticism (18/21)
    Babylon: size=3, prod=building:7 (6sh), bldgs=Palace, Granary
    Units: none
  [Civ 3] Germans (despotism): 0 cities, 1 units, 11g, 9 techs, researching Currency (8/21)
    Units: 1x Warriors
  [Civ 4] Egyptians (despotism): 2 cities, 1 units, 49g, 9 techs, researching The Wheel (11/21)
    Berlin: size=2, prod=Archers (19sh), bldgs=Granary
    Thebes: size=3, prod=Wonder41 (32sh), bldgs=Palace, Granary
    Units: 1x Warriors
  [Civ 1] Romans turn: 2 actions — MOVE_UNIT(1), UNIT_ORDER(1)
    >>> Babylonians discovered: Mysticism
    SET_RESEARCH tech=Currency

══════════════════════════════════════════════════════════════════════
  TURN 35 — 3320 B.C. (4ms)
══════════════════════════════════════════════════════════════════════
  [Civ 1] Romans (despotism): 1 cities, 2 units, 55g, 11 techs, researching Monarchy (12/52)
    Rome: size=3, prod=Wonder40 (73sh), bldgs=Palace
    Units: 1x Warriors, 1x Archers
  [Civ 2] Babylonians (despotism): 1 cities, 0 units, 57g, 10 techs, researching Currency (0/24)
    Babylon: size=3, prod=building:7 (11sh), bldgs=Palace, Granary
    Units: none
  [Civ 3] Germans (despotism): 0 cities, 1 units, 11g, 9 techs, researching Currency (8/21)
    Units: 1x Warriors
  [Civ 4] Egyptians (despotism): 2 cities, 1 units, 50g, 9 techs, researching The Wheel (17/21)
    Berlin: size=2, prod=Archers (22sh), bldgs=Granary
    Thebes: size=3, prod=Wonder41 (36sh), bldgs=Palace, Granary
    Units: 1x Warriors
  [Civ 1] Romans turn: 2 actions — MOVE_UNIT(1), UNIT_ORDER(1)
    >>> Egyptians discovered: The Wheel
    SET_RESEARCH tech=Currency

══════════════════════════════════════════════════════════════════════
  TURN 36 — 3300 B.C. (5ms)
══════════════════════════════════════════════════════════════════════
  [Civ 1] Romans (despotism): 1 cities, 2 units, 57g, 11 techs, researching Monarchy (16/52)
    Rome: size=3, prod=Wonder40 (77sh), bldgs=Palace
    Units: 1x Warriors, 1x Archers
  [Civ 2] Babylonians (despotism): 1 cities, 0 units, 56g, 10 techs, researching Currency (3/24)
    Babylon: size=3, prod=building:7 (16sh), bldgs=Palace, Granary
    Units: none
  [Civ 3] Germans (despotism): 0 cities, 1 units, 11g, 10 techs, researching Currency (8/24)
    Units: 1x Warriors
  [Civ 4] Egyptians (despotism): 2 cities, 1 units, 50g, 11 techs, researching Currency (0/52)
    Berlin: size=2, prod=Archers (25sh), bldgs=Granary
    Thebes: size=3, prod=Wonder41 (40sh), bldgs=Palace, Granary
    Units: 1x Warriors
  [Civ 1] Romans turn: 2 actions — MOVE_UNIT(1), UNIT_ORDER(1)

══════════════════════════════════════════════════════════════════════
  TURN 37 — 3280 B.C. (4ms)
══════════════════════════════════════════════════════════════════════
  [Civ 1] Romans (despotism): 1 cities, 2 units, 59g, 11 techs, researching Monarchy (20/52)
    Rome: size=3, prod=Wonder40 (81sh), bldgs=Palace
    Units: 1x Warriors, 1x Archers
  [Civ 2] Babylonians (despotism): 1 cities, 0 units, 55g, 10 techs, researching Currency (6/24)
    Babylon: size=3, prod=building:7 (21sh), bldgs=Palace, Granary
    Units: none
  [Civ 3] Germans (despotism): 0 cities, 1 units, 11g, 10 techs, researching Currency (8/24)
    Units: 1x Warriors
  [Civ 4] Egyptians (despotism): 2 cities, 1 units, 51g, 11 techs, researching Currency (6/52)
    Berlin: size=2, prod=Archers (28sh), bldgs=Granary
    Thebes: size=3, prod=Wonder41 (44sh), bldgs=Palace, Granary
    Units: 1x Warriors
  [Civ 1] Romans turn: 2 actions — MOVE_UNIT(1), UNIT_ORDER(1)
    >>> Berlin built Archers
    CHANGE_PRODUCTION city=2

══════════════════════════════════════════════════════════════════════
  TURN 38 — 3260 B.C. (6ms)
══════════════════════════════════════════════════════════════════════
  [Civ 1] Romans (despotism): 1 cities, 2 units, 61g, 11 techs, researching Monarchy (24/52)
    Rome: size=3, prod=Wonder40 (85sh), bldgs=Palace
    Units: 1x Warriors, 1x Archers
  [Civ 2] Babylonians (despotism): 1 cities, 0 units, 54g, 10 techs, researching Currency (9/24)
    Babylon: size=3, prod=building:7 (26sh), bldgs=Palace, Granary
    Units: none
  [Civ 3] Germans (despotism): 0 cities, 1 units, 11g, 10 techs, researching Currency (8/24)
    Units: 1x Warriors
  [Civ 4] Egyptians (despotism): 2 cities, 2 units, 52g, 11 techs, researching Currency (12/52)
    Berlin: size=2, prod=Horsemen (0sh), bldgs=Granary
    Thebes: size=3, prod=Wonder41 (48sh), bldgs=Palace, Granary
    Units: 1x Warriors, 1x Archers
  [Civ 1] Romans turn: 2 actions — MOVE_UNIT(1), UNIT_ORDER(1)
    >>> Thebes grew to size 4

══════════════════════════════════════════════════════════════════════
  TURN 39 — 3240 B.C. (7ms)
══════════════════════════════════════════════════════════════════════
  [Civ 1] Romans (despotism): 1 cities, 2 units, 63g, 11 techs, researching Monarchy (28/52)
    Rome: size=3, prod=Wonder40 (89sh), bldgs=Palace
    Units: 1x Warriors, 1x Archers
  [Civ 2] Babylonians (despotism): 1 cities, 0 units, 53g, 10 techs, researching Currency (12/24)
    Babylon: size=3, prod=building:7 (31sh), bldgs=Palace, Granary
    Units: none
  [Civ 3] Germans (despotism): 0 cities, 1 units, 11g, 10 techs, researching Currency (8/24)
    Units: 1x Warriors
  [Civ 4] Egyptians (despotism): 2 cities, 2 units, 53g, 11 techs, researching Currency (19/52)
    Berlin: size=2, prod=Horsemen (3sh), bldgs=Granary
    Thebes: size=4, prod=Wonder41 (52sh), bldgs=Palace, Granary
    Units: 1x Warriors, 1x Archers
  [Civ 1] Romans turn: 2 actions — MOVE_UNIT(1), UNIT_ORDER(1)

══════════════════════════════════════════════════════════════════════
  TURN 40 — 3220 B.C. (7ms)
══════════════════════════════════════════════════════════════════════
  [Civ 1] Romans (despotism): 1 cities, 2 units, 65g, 11 techs, researching Monarchy (32/52)
    Rome: size=3, prod=Wonder40 (93sh), bldgs=Palace
    Units: 1x Warriors, 1x Archers
  [Civ 2] Babylonians (despotism): 1 cities, 0 units, 52g, 10 techs, researching Currency (15/24)
    Babylon: size=3, prod=building:7 (36sh), bldgs=Palace, Granary
    Units: none
  [Civ 3] Germans (despotism): 0 cities, 1 units, 11g, 10 techs, researching Currency (8/24)
    Units: 1x Warriors
  [Civ 4] Egyptians (despotism): 2 cities, 2 units, 54g, 11 techs, researching Currency (26/52)
    Berlin: size=2, prod=Horsemen (6sh), bldgs=Granary
    Thebes: size=4, prod=Wonder41 (57sh), bldgs=Palace, Granary
    Units: 1x Warriors, 1x Archers
  [Civ 1] Romans turn: 2 actions — MOVE_UNIT(1), UNIT_ORDER(1)

══════════════════════════════════════════════════════════════════════
  TURN 41 — 3200 B.C. (3ms)
══════════════════════════════════════════════════════════════════════
  [Civ 1] Romans (despotism): 1 cities, 2 units, 67g, 11 techs, researching Monarchy (36/52)
    Rome: size=3, prod=Wonder40 (97sh), bldgs=Palace
    Units: 1x Warriors, 1x Archers
  [Civ 2] Babylonians (despotism): 1 cities, 0 units, 51g, 10 techs, researching Currency (18/24)
    Babylon: size=3, prod=building:7 (41sh), bldgs=Palace, Granary
    Units: none
  [Civ 3] Germans (despotism): 0 cities, 1 units, 11g, 10 techs, researching Currency (8/24)
    Units: 1x Warriors
  [Civ 4] Egyptians (despotism): 2 cities, 2 units, 55g, 11 techs, researching Currency (33/52)
    Berlin: size=2, prod=Horsemen (9sh), bldgs=Granary
    Thebes: size=4, prod=Wonder41 (62sh), bldgs=Palace, Granary
    Units: 1x Warriors, 1x Archers
  [Civ 1] Romans turn: 2 actions — MOVE_UNIT(1), UNIT_ORDER(1)

══════════════════════════════════════════════════════════════════════
  TURN 42 — 3180 B.C. (4ms)
══════════════════════════════════════════════════════════════════════
  [Civ 1] Romans (despotism): 1 cities, 2 units, 69g, 11 techs, researching Monarchy (40/52)
    Rome: size=3, prod=Wonder40 (101sh), bldgs=Palace
    Units: 1x Warriors, 1x Archers
  [Civ 2] Babylonians (despotism): 1 cities, 0 units, 50g, 10 techs, researching Currency (21/24)
    Babylon: size=3, prod=building:7 (46sh), bldgs=Palace, Granary
    Units: none
  [Civ 3] Germans (despotism): 0 cities, 1 units, 11g, 10 techs, researching Currency (8/24)
    Units: 1x Warriors
  [Civ 4] Egyptians (despotism): 2 cities, 2 units, 56g, 11 techs, researching Currency (40/52)
    Berlin: size=2, prod=Horsemen (12sh), bldgs=Granary
    Thebes: size=4, prod=Wonder41 (67sh), bldgs=Palace, Granary
    Units: 1x Warriors, 1x Archers
  [Civ 1] Romans turn: 2 actions — MOVE_UNIT(1), UNIT_ORDER(1)
    >>> Babylonians discovered: Currency
    SET_RESEARCH tech=Iron Working

══════════════════════════════════════════════════════════════════════
  TURN 43 — 3160 B.C. (4ms)
══════════════════════════════════════════════════════════════════════
  [Civ 1] Romans (despotism): 1 cities, 2 units, 71g, 11 techs, researching Monarchy (44/52)
    Rome: size=3, prod=Wonder40 (105sh), bldgs=Palace
    Units: 1x Warriors, 1x Archers
  [Civ 2] Babylonians (despotism): 1 cities, 0 units, 50g, 11 techs, researching Iron Working (0/52)
    Babylon: size=3, prod=building:7 (51sh), bldgs=Palace, Granary
    Units: none
  [Civ 3] Germans (despotism): 0 cities, 1 units, 11g, 10 techs, researching Currency (8/24)
    Units: 1x Warriors
  [Civ 4] Egyptians (despotism): 2 cities, 2 units, 57g, 11 techs, researching Currency (47/52)
    Berlin: size=2, prod=Horsemen (15sh), bldgs=Granary
    Thebes: size=4, prod=Wonder41 (72sh), bldgs=Palace, Granary
    Units: 1x Warriors, 1x Archers
  [Civ 1] Romans turn: 2 actions — MOVE_UNIT(1), UNIT_ORDER(1)
    >>> Egyptians discovered: Currency
    SET_RESEARCH tech=Construction
    >>> Romans discovered: Monarchy

══════════════════════════════════════════════════════════════════════
  TURN 44 — 3140 B.C. (5ms)
══════════════════════════════════════════════════════════════════════
  [Civ 1] Romans (despotism): 1 cities, 2 units, 71g, 12 techs, researching none (0/57)
    Rome: size=3, prod=Wonder40 (109sh), bldgs=Palace
    Units: 1x Warriors, 1x Archers
  [Civ 2] Babylonians (despotism): 1 cities, 0 units, 49g, 11 techs, researching Iron Working (3/26)
    Babylon: size=3, prod=building:7 (56sh), bldgs=Palace, Granary
    Units: none
  [Civ 3] Germans (despotism): 0 cities, 1 units, 11g, 10 techs, researching Currency (8/24)
    Units: 1x Warriors
  [Civ 4] Egyptians (despotism): 2 cities, 2 units, 57g, 12 techs, researching Construction (0/57)
    Berlin: size=2, prod=Horsemen (18sh), bldgs=Granary
    Thebes: size=4, prod=Wonder41 (77sh), bldgs=Palace, Granary
    Units: 1x Warriors, 1x Archers
  [Civ 1] Romans turn: 4 actions — SET_RESEARCH(1), REVOLUTION(1), MOVE_UNIT(1), UNIT_ORDER(1)
    SET_RESEARCH tech=Mathematics
    REVOLUTION
    >>> Berlin built Horsemen
    CHANGE_PRODUCTION city=2
    >>> Rome grew to size 4

══════════════════════════════════════════════════════════════════════
  TURN 45 — 3120 B.C. (8ms)
══════════════════════════════════════════════════════════════════════
  [Civ 1] Romans (anarchy): 1 cities, 2 units, 73g, 13 techs, researching Mathematics (5/62)
    Rome: size=4, prod=Wonder40 (113sh), bldgs=Palace
    Units: 1x Warriors, 1x Archers
  [Civ 2] Babylonians (despotism): 1 cities, 0 units, 48g, 11 techs, researching Iron Working (6/26)
    Babylon: size=3, prod=building:7 (61sh), bldgs=Palace, Granary
    Units: none
  [Civ 3] Germans (despotism): 0 cities, 1 units, 11g, 10 techs, researching Currency (8/24)
    Units: 1x Warriors
  [Civ 4] Egyptians (despotism): 2 cities, 3 units, 58g, 12 techs, researching Construction (7/28)
    Berlin: size=2, prod=building:7 (0sh), bldgs=Granary
    Thebes: size=4, prod=Wonder41 (82sh), bldgs=Palace, Granary
    Units: 1x Warriors, 1x Archers, 1x Horsemen
  [Civ 1] Romans turn: 2 actions — MOVE_UNIT(1), UNIT_ORDER(1)
    >>> Babylon grew to size 4
    SET_RESEARCH tech=Construction
    CHANGE_PRODUCTION city=2

══════════════════════════════════════════════════════════════════════
  TURN 46 — 3100 B.C. (8ms)
══════════════════════════════════════════════════════════════════════
  [Civ 1] Romans (anarchy): 1 cities, 2 units, 75g, 13 techs, researching Mathematics (10/62)
    Rome: size=4, prod=Wonder40 (118sh), bldgs=Palace
    Units: 1x Warriors, 1x Archers
  [Civ 2] Babylonians (despotism): 1 cities, 0 units, 47g, 11 techs, researching Iron Working (9/26)
    Babylon: size=4, prod=building:7 (66sh), bldgs=Palace, Granary
    Units: none
  [Civ 3] Germans (despotism): 0 cities, 1 units, 11g, 11 techs, researching Construction (8/26)
    Units: 1x Warriors
  [Civ 4] Egyptians (despotism): 2 cities, 3 units, 59g, 12 techs, researching Construction (14/28)
    Berlin: size=2, prod=Chariot (0sh), bldgs=Granary
    Thebes: size=4, prod=Wonder41 (87sh), bldgs=Palace, Granary
    Units: 1x Warriors, 1x Archers, 1x Horsemen
  [Civ 1] Romans turn: 2 actions — MOVE_UNIT(1), UNIT_ORDER(1)
    COMBAT: Warriors vs Warriors → atkWin (atkHp=undefined, defHp=undefined)

══════════════════════════════════════════════════════════════════════
  TURN 47 — 3080 B.C. (10ms)
══════════════════════════════════════════════════════════════════════
  [Civ 1] Romans (anarchy): 1 cities, 2 units, 77g, 13 techs, researching Mathematics (15/62)
    Rome: size=4, prod=Wonder40 (123sh), bldgs=Palace
    Units: 1x Warriors, 1x Archers
  [Civ 2] Babylonians (despotism): 1 cities, 0 units, 46g, 11 techs, researching Iron Working (12/26)
    Babylon: size=4, prod=building:7 (72sh), bldgs=Palace, Granary
    Units: none
  [Civ 3] Germans: ELIMINATED
  [Civ 4] Egyptians (despotism): 2 cities, 3 units, 60g, 12 techs, researching Construction (21/28)
    Berlin: size=2, prod=Chariot (3sh), bldgs=Granary
    Thebes: size=4, prod=Wonder41 (92sh), bldgs=Palace, Granary
    Units: 1x Warriors, 1x Archers, 1x Horsemen
  [Civ 1] Romans turn: 2 actions — MOVE_UNIT(1), UNIT_ORDER(1)
    >>> Egyptians discovered: Construction
    SET_RESEARCH tech=Writing

══════════════════════════════════════════════════════════════════════
  TURN 48 — 3060 B.C. (6ms)
══════════════════════════════════════════════════════════════════════
  [Civ 1] Romans (anarchy): 1 cities, 2 units, 79g, 13 techs, researching Mathematics (20/62)
    Rome: size=4, prod=Wonder40 (128sh), bldgs=Palace
    Units: 1x Warriors, 1x Archers
  [Civ 2] Babylonians (despotism): 1 cities, 0 units, 45g, 11 techs, researching Iron Working (15/26)
    Babylon: size=4, prod=building:7 (78sh), bldgs=Palace, Granary
    Units: none
  [Civ 3] Germans: ELIMINATED
  [Civ 4] Egyptians (despotism): 2 cities, 3 units, 60g, 13 techs, researching Writing (0/62)
    Berlin: size=2, prod=Chariot (6sh), bldgs=Granary
    Thebes: size=4, prod=Wonder41 (97sh), bldgs=Palace, Granary
    Units: 1x Warriors, 1x Archers, 1x Horsemen
  [Civ 1] Romans turn: 2 actions — MOVE_UNIT(1), UNIT_ORDER(1)
    >>> Babylon built building:7
    CHANGE_PRODUCTION city=1
    ADJUST_ATTITUDE target=civ1

══════════════════════════════════════════════════════════════════════
  TURN 49 — 3040 B.C. (8ms)
══════════════════════════════════════════════════════════════════════
  [Civ 1] Romans (anarchy): 1 cities, 2 units, 81g, 13 techs, researching Mathematics (25/62)
    Rome: size=4, prod=Wonder40 (133sh), bldgs=Palace
    Units: 1x Warriors, 1x Archers
  [Civ 2] Babylonians (despotism): 1 cities, 0 units, 43g, 11 techs, researching Iron Working (18/26)
    Babylon: size=4, prod=building:5 (2sh), bldgs=Palace, Granary, Courthouse
    Units: none
  [Civ 3] Germans: ELIMINATED
  [Civ 4] Egyptians (despotism): 2 cities, 3 units, 61g, 13 techs, researching Writing (7/62)
    Berlin: size=2, prod=Chariot (9sh), bldgs=Granary
    Thebes: size=4, prod=Wonder41 (102sh), bldgs=Palace, Granary
    Units: 1x Warriors, 1x Archers, 1x Horsemen
  [Civ 1] Romans turn: 2 actions — MOVE_UNIT(1), UNIT_ORDER(1)

══════════════════════════════════════════════════════════════════════
  TURN 50 — 3020 B.C. (6ms)
══════════════════════════════════════════════════════════════════════
  [Civ 1] Romans (anarchy): 1 cities, 2 units, 83g, 13 techs, researching Mathematics (30/62)
    Rome: size=4, prod=Wonder40 (138sh), bldgs=Palace
    Units: 1x Warriors, 1x Archers
  [Civ 2] Babylonians (despotism): 1 cities, 0 units, 41g, 11 techs, researching Iron Working (21/26)
    Babylon: size=4, prod=building:5 (8sh), bldgs=Palace, Granary, Courthouse
    Units: none
  [Civ 3] Germans: ELIMINATED
  [Civ 4] Egyptians (despotism): 2 cities, 3 units, 62g, 13 techs, researching Writing (14/62)
    Berlin: size=2, prod=Chariot (12sh), bldgs=Granary
    Thebes: size=4, prod=Wonder41 (107sh), bldgs=Palace, Granary
    Units: 1x Warriors, 1x Archers, 1x Horsemen
  [Civ 1] Romans turn: 2 actions — MOVE_UNIT(1), UNIT_ORDER(1)

══════════════════════════════════════════════════════════════════════
  TURN 51 — 3000 B.C. (7ms)
══════════════════════════════════════════════════════════════════════
  [Civ 1] Romans (anarchy): 1 cities, 2 units, 85g, 13 techs, researching Mathematics (35/62)
    Rome: size=4, prod=Wonder40 (143sh), bldgs=Palace
    Units: 1x Warriors, 1x Archers
  [Civ 2] Babylonians (despotism): 1 cities, 0 units, 39g, 11 techs, researching Iron Working (24/26)
    Babylon: size=4, prod=building:5 (14sh), bldgs=Palace, Granary, Courthouse
    Units: none
  [Civ 3] Germans: ELIMINATED
  [Civ 4] Egyptians (despotism): 2 cities, 3 units, 63g, 13 techs, researching Writing (21/62)
    Berlin: size=2, prod=Chariot (15sh), bldgs=Granary
    Thebes: size=4, prod=Wonder41 (112sh), bldgs=Palace, Granary
    Units: 1x Warriors, 1x Archers, 1x Horsemen
  [Civ 1] Romans turn: 2 actions — MOVE_UNIT(1), UNIT_ORDER(1)
    >>> Babylonians discovered: Iron Working

══════════════════════════════════════════════════════════════════════
  FINAL SUMMARY
══════════════════════════════════════════════════════════════════════
Game ended at turn 51 (3000 B.C.)

── Civ 1: Romans (anarchy) ALIVE ──
  Cities: 1 (peak 1, founded 1)
  Units:  2 (peak 2)
  Treasury: 85g
  Techs discovered: 4 — Bronze Working, Iron Working, Mysticism, Monarchy
  Actions: 120 total, 0 idle turns
  Breakdown: UNIT_ORDER(55), MOVE_UNIT(52), SET_RESEARCH(5), ADJUST_ATTITUDE(3), CHANGE_PRODUCTION(2), CHANGE_RATES(1), BUILD_CITY(1), REVOLUTION(1)
  Army: 1x Warriors, 1x Archers
  Rome: size=4, shields=143

── Civ 2: Babylonians (despotism) ALIVE ──
  Cities: 1 (peak 1, founded 1)
  Units:  0 (peak 2)
  Treasury: 39g
  Techs discovered: 5 — Bronze Working, Code of Laws, Mysticism, Currency, Iron Working
  Actions: 54 total, 27 idle turns
  Breakdown: UNIT_ORDER(21), MOVE_UNIT(20), SET_RESEARCH(5), CHANGE_PRODUCTION(3), ADJUST_ATTITUDE(3), CHANGE_RATES(1), BUILD_CITY(1)
  Army: none
  Babylon: size=4, shields=20

── Civ 3: Germans (dead) ELIMINATED ──
  Cities: 0 (peak 1, founded 1)
  Units:  0 (peak 1)
  Treasury: 11g
  Techs discovered: 2 — Alphabet, Map Making
  Actions: 104 total, 0 idle turns
  Breakdown: UNIT_ORDER(47), MOVE_UNIT(46), SET_RESEARCH(4), ADJUST_ATTITUDE(3), CHANGE_PRODUCTION(2), CHANGE_RATES(1), BUILD_CITY(1)
  Army: none

── Civ 4: Egyptians (despotism) ALIVE ──
  Cities: 2 (peak 2, founded 1)
  Units:  3 (peak 3)
  Treasury: 63g
  Techs discovered: 6 — Code of Laws, Map Making, Masonry, The Wheel, Currency, Construction
  Actions: 108 total, 8 idle turns
  Breakdown: UNIT_ORDER(44), MOVE_UNIT(43), SET_RESEARCH(8), CHANGE_PRODUCTION(7), ADJUST_ATTITUDE(4), CHANGE_RATES(1), BUILD_CITY(1)
  Army: 1x Warriors, 1x Archers, 1x Horsemen
  Berlin: size=2, shields=15
  Thebes: size=4, shields=112


══════════════════════════════════════════════════════════════════════
  AI BEHAVIOR ANALYSIS
══════════════════════════════════════════════════════════════════════
[Civ 1] Romans:
  WARNING: Only 1 city after 30+ turns

[Civ 2] Babylonians:
  WARNING: Idle 27/50 turns (>50%)
  WARNING: Only 1 city after 30+ turns

[Civ 3] Germans:
  WARNING: Only 1 city after 30+ turns

[Civ 4] Egyptians:
  WARNING: Only 1 city after 30+ turns

