Charlization AI Headless Simulation
Date: 2026-03-20T17:52:57.423Z
Settings: 50 turns, 4 AI players, 50x80 map, difficulty=prince
Map seed: 41927
Map generated in 96ms
Game initialized: 4 civs, 10 starting units
  Civ 1 (Romans): starts at (7,51) on Grassland
  Civ 2 (Babylonians): starts at (34,8) on Grassland
  Civ 3 (Germans): starts at (9,15) on Grassland
  Civ 4 (Egyptians): starts at (32,58) on Forest
    SET_RESEARCH tech=Bronze Working
    CHANGE_RATES sci=6 tax=4 lux=undefined
    BUILD_CITY unit=0 name="Rome"
    1 actions REJECTED (of 6)
    SET_RESEARCH tech=Alphabet
    CHANGE_RATES sci=6 tax=4 lux=undefined
    BUILD_CITY unit=2 name="Babylon"
    1 actions REJECTED (of 6)
    SET_RESEARCH tech=Alphabet
    CHANGE_RATES sci=6 tax=4 lux=undefined
    BUILD_CITY unit=4 name="Berlin"
    BUILD_CITY unit=8 name="Berlin"
    2 actions REJECTED (of 8)
    SET_RESEARCH tech=Masonry
    CHANGE_RATES sci=6 tax=4 lux=undefined
    BUILD_CITY unit=6 name="Thebes"
    BUILD_CITY unit=9 name="Thebes"
    2 actions REJECTED (of 8)

══════════════════════════════════════════════════════════════════════
  TURN 1 — 4000 B.C. (36ms)
══════════════════════════════════════════════════════════════════════
  [Civ 1] Romans (despotism): 1 cities, 1 units, 1g, 3 techs, researching Bronze Working (3/39)
    Rome: size=1, prod=Warriors (2sh), bldgs=Palace
    Units: 1x Warriors
  [Civ 2] Babylonians (despotism): 1 cities, 1 units, 0g, 3 techs, researching Alphabet (0/39)
    Babylon: size=1, prod=Warriors (0sh), bldgs=Palace
    Units: 1x Warriors
  [Civ 3] Germans (despotism): 1 cities, 2 units, 0g, 1 techs, researching Alphabet (0/11)
    Berlin: size=1, prod=Warriors (0sh), bldgs=Palace
    Units: 1x Warriors, 1x Settlers
  [Civ 4] Egyptians (despotism): 1 cities, 2 units, 0g, 3 techs, researching Masonry (0/39)
    Thebes: size=1, prod=Warriors (0sh), bldgs=Palace
    Units: 1x Warriors, 1x Settlers
  [Civ 1] Romans turn: 2 actions — MOVE_UNIT(1), UNIT_ORDER(1)
    END_TURN REJECTED: 1 units still need orders
      #10 Horsemen(Atk) @(9,52) mv=6 ord=none hp=full
    CHANGE_PRODUCTION city=2
    CHANGE_PRODUCTION city=3

══════════════════════════════════════════════════════════════════════
  TURN 2 — 3980 B.C. (14ms)
══════════════════════════════════════════════════════════════════════
  [Civ 1] Romans (despotism): 1 cities, 2 units, 2g, 3 techs, researching Bronze Working (6/36)
    Rome: size=1, prod=Warriors (4sh), bldgs=Palace
    Units: 1x Warriors, 1x Horsemen
  [Civ 2] Babylonians (despotism): 1 cities, 1 units, 1g, 3 techs, researching Alphabet (3/36)
    Babylon: size=1, prod=Warriors (2sh), bldgs=Palace
    Units: 1x Warriors
  [Civ 3] Germans (despotism): 1 cities, 2 units, 0g, 3 techs, researching Alphabet (2/36)
    Berlin: size=1, prod=Archers (1sh), bldgs=Palace
    Units: 1x Warriors, 1x Settlers
  [Civ 4] Egyptians (despotism): 1 cities, 2 units, 0g, 4 techs, researching Masonry (1/52)
    Thebes: size=1, prod=Archers (1sh), bldgs=Palace
    Units: 1x Warriors, 1x Settlers
  [Civ 1] Romans turn: 4 actions — MOVE_UNIT(2), UNIT_ORDER(2)

══════════════════════════════════════════════════════════════════════
  TURN 3 — 3960 B.C. (8ms)
══════════════════════════════════════════════════════════════════════
  [Civ 1] Romans (despotism): 1 cities, 2 units, 3g, 3 techs, researching Bronze Working (9/36)
    Rome: size=1, prod=Warriors (6sh), bldgs=Palace
    Units: 1x Warriors, 1x Horsemen
  [Civ 2] Babylonians (despotism): 1 cities, 1 units, 2g, 3 techs, researching Alphabet (6/36)
    Babylon: size=1, prod=Warriors (4sh), bldgs=Palace
    Units: 1x Warriors
  [Civ 3] Germans (despotism): 1 cities, 2 units, 0g, 3 techs, researching Alphabet (4/36)
    Berlin: size=1, prod=Archers (3sh), bldgs=Palace
    Units: 1x Warriors, 1x Settlers
  [Civ 4] Egyptians (despotism): 1 cities, 2 units, 0g, 4 techs, researching Masonry (2/52)
    Thebes: size=1, prod=Archers (4sh), bldgs=Palace
    Units: 1x Warriors, 1x Settlers
  [Civ 1] Romans turn: 4 actions — MOVE_UNIT(2), UNIT_ORDER(2)

══════════════════════════════════════════════════════════════════════
  TURN 4 — 3940 B.C. (6ms)
══════════════════════════════════════════════════════════════════════
  [Civ 1] Romans (despotism): 1 cities, 2 units, 4g, 3 techs, researching Bronze Working (12/36)
    Rome: size=1, prod=Warriors (8sh), bldgs=Palace
    Units: 1x Warriors, 1x Horsemen
  [Civ 2] Babylonians (despotism): 1 cities, 1 units, 3g, 3 techs, researching Alphabet (9/36)
    Babylon: size=1, prod=Warriors (6sh), bldgs=Palace
    Units: 1x Warriors
  [Civ 3] Germans (despotism): 1 cities, 2 units, 0g, 3 techs, researching Alphabet (6/36)
    Berlin: size=1, prod=Archers (5sh), bldgs=Palace
    Units: 1x Warriors, 1x Settlers
  [Civ 4] Egyptians (despotism): 1 cities, 2 units, 0g, 4 techs, researching Masonry (3/52)
    Thebes: size=1, prod=Archers (7sh), bldgs=Palace
    Units: 1x Warriors, 1x Settlers
  [Civ 1] Romans turn: 4 actions — MOVE_UNIT(2), UNIT_ORDER(2)
    >>> Rome built Warriors

══════════════════════════════════════════════════════════════════════
  TURN 5 — 3920 B.C. (6ms)
══════════════════════════════════════════════════════════════════════
  [Civ 1] Romans (despotism): 1 cities, 3 units, 5g, 3 techs, researching Bronze Working (15/36)
    Rome: size=1, prod=Warriors (0sh), bldgs=Palace
    Units: 2x Warriors, 1x Horsemen
  [Civ 2] Babylonians (despotism): 1 cities, 1 units, 4g, 3 techs, researching Alphabet (12/36)
    Babylon: size=1, prod=Warriors (8sh), bldgs=Palace
    Units: 1x Warriors
  [Civ 3] Germans (despotism): 1 cities, 2 units, 0g, 3 techs, researching Alphabet (8/36)
    Berlin: size=1, prod=Archers (7sh), bldgs=Palace
    Units: 1x Warriors, 1x Settlers
  [Civ 4] Egyptians (despotism): 1 cities, 2 units, 0g, 4 techs, researching Masonry (4/52)
    Thebes: size=1, prod=Archers (10sh), bldgs=Palace
    Units: 1x Warriors, 1x Settlers
  [Civ 1] Romans turn: 5 actions — CHANGE_PRODUCTION(1), MOVE_UNIT(2), UNIT_ORDER(2)
    CHANGE_PRODUCTION city=0
    >>> Babylon built Warriors
    CHANGE_PRODUCTION city=1

══════════════════════════════════════════════════════════════════════
  TURN 6 — 3900 B.C. (4ms)
══════════════════════════════════════════════════════════════════════
  [Civ 1] Romans (despotism): 1 cities, 3 units, 6g, 3 techs, researching Bronze Working (18/36)
    Rome: size=1, prod=Archers (2sh), bldgs=Palace
    Units: 2x Warriors, 1x Horsemen
  [Civ 2] Babylonians (despotism): 1 cities, 2 units, 5g, 3 techs, researching Alphabet (15/36)
    Babylon: size=1, prod=Archers (0sh), bldgs=Palace
    Units: 2x Warriors
  [Civ 3] Germans (despotism): 1 cities, 2 units, 0g, 3 techs, researching Alphabet (10/36)
    Berlin: size=1, prod=Archers (9sh), bldgs=Palace
    Units: 1x Warriors, 1x Settlers
  [Civ 4] Egyptians (despotism): 1 cities, 2 units, 0g, 4 techs, researching Masonry (5/52)
    Thebes: size=1, prod=Archers (13sh), bldgs=Palace
    Units: 1x Warriors, 1x Settlers
  [Civ 1] Romans turn: 6 actions — MOVE_UNIT(2), UNIT_ORDER(4)

══════════════════════════════════════════════════════════════════════
  TURN 7 — 3880 B.C. (5ms)
══════════════════════════════════════════════════════════════════════
  [Civ 1] Romans (despotism): 1 cities, 3 units, 7g, 3 techs, researching Bronze Working (21/36)
    Rome: size=1, prod=Archers (4sh), bldgs=Palace
    Units: 2x Warriors, 1x Horsemen
  [Civ 2] Babylonians (despotism): 1 cities, 2 units, 6g, 3 techs, researching Alphabet (18/36)
    Babylon: size=1, prod=Archers (2sh), bldgs=Palace
    Units: 2x Warriors
  [Civ 3] Germans (despotism): 1 cities, 2 units, 0g, 3 techs, researching Alphabet (12/36)
    Berlin: size=1, prod=Archers (11sh), bldgs=Palace
    Units: 1x Warriors, 1x Settlers
  [Civ 4] Egyptians (despotism): 1 cities, 2 units, 0g, 4 techs, researching Masonry (6/52)
    Thebes: size=1, prod=Archers (16sh), bldgs=Palace
    Units: 1x Warriors, 1x Settlers
  [Civ 1] Romans turn: 4 actions — MOVE_UNIT(2), UNIT_ORDER(2)

══════════════════════════════════════════════════════════════════════
  TURN 8 — 3860 B.C. (5ms)
══════════════════════════════════════════════════════════════════════
  [Civ 1] Romans (despotism): 1 cities, 3 units, 8g, 3 techs, researching Bronze Working (24/36)
    Rome: size=1, prod=Archers (6sh), bldgs=Palace
    Units: 2x Warriors, 1x Horsemen
  [Civ 2] Babylonians (despotism): 1 cities, 2 units, 7g, 3 techs, researching Alphabet (21/36)
    Babylon: size=1, prod=Archers (4sh), bldgs=Palace
    Units: 2x Warriors
  [Civ 3] Germans (despotism): 1 cities, 2 units, 0g, 3 techs, researching Alphabet (14/36)
    Berlin: size=1, prod=Archers (13sh), bldgs=Palace
    Units: 1x Warriors, 1x Settlers
  [Civ 4] Egyptians (despotism): 1 cities, 2 units, 0g, 4 techs, researching Masonry (7/52)
    Thebes: size=1, prod=Archers (19sh), bldgs=Palace
    Units: 1x Warriors, 1x Settlers
  [Civ 1] Romans turn: 4 actions — MOVE_UNIT(2), UNIT_ORDER(2)

══════════════════════════════════════════════════════════════════════
  TURN 9 — 3840 B.C. (5ms)
══════════════════════════════════════════════════════════════════════
  [Civ 1] Romans (despotism): 1 cities, 3 units, 9g, 3 techs, researching Bronze Working (27/36)
    Rome: size=1, prod=Archers (8sh), bldgs=Palace
    Units: 2x Warriors, 1x Horsemen
  [Civ 2] Babylonians (despotism): 1 cities, 2 units, 8g, 3 techs, researching Alphabet (24/36)
    Babylon: size=1, prod=Archers (6sh), bldgs=Palace
    Units: 2x Warriors
  [Civ 3] Germans (despotism): 1 cities, 2 units, 0g, 3 techs, researching Alphabet (16/36)
    Berlin: size=1, prod=Archers (15sh), bldgs=Palace
    Units: 1x Warriors, 1x Settlers
  [Civ 4] Egyptians (despotism): 1 cities, 2 units, 0g, 4 techs, researching Masonry (8/52)
    Thebes: size=1, prod=Archers (22sh), bldgs=Palace
    Units: 1x Warriors, 1x Settlers
  [Civ 1] Romans turn: 4 actions — MOVE_UNIT(2), UNIT_ORDER(2)
    >>> Rome grew to size 2

══════════════════════════════════════════════════════════════════════
  TURN 10 — 3820 B.C. (6ms)
══════════════════════════════════════════════════════════════════════
  [Civ 1] Romans (despotism): 1 cities, 3 units, 11g, 3 techs, researching Bronze Working (30/36)
    Rome: size=2, prod=Archers (10sh), bldgs=Palace
    Units: 2x Warriors, 1x Horsemen
  [Civ 2] Babylonians (despotism): 1 cities, 2 units, 9g, 3 techs, researching Alphabet (27/36)
    Babylon: size=1, prod=Archers (8sh), bldgs=Palace
    Units: 2x Warriors
  [Civ 3] Germans (despotism): 1 cities, 2 units, 0g, 3 techs, researching Alphabet (18/36)
    Berlin: size=1, prod=Archers (17sh), bldgs=Palace
    Units: 1x Warriors, 1x Settlers
  [Civ 4] Egyptians (despotism): 1 cities, 2 units, 0g, 4 techs, researching Masonry (9/52)
    Thebes: size=1, prod=Archers (25sh), bldgs=Palace
    Units: 1x Warriors, 1x Settlers
  [Civ 1] Romans turn: 4 actions — MOVE_UNIT(2), UNIT_ORDER(2)
    >>> Babylon grew to size 2
    >>> Berlin grew to size 2

══════════════════════════════════════════════════════════════════════
  TURN 11 — 3800 B.C. (10ms)
══════════════════════════════════════════════════════════════════════
  [Civ 1] Romans (despotism): 1 cities, 3 units, 13g, 3 techs, researching Bronze Working (33/36)
    Rome: size=2, prod=Archers (13sh), bldgs=Palace
    Units: 2x Warriors, 1x Horsemen
  [Civ 2] Babylonians (despotism): 1 cities, 2 units, 11g, 3 techs, researching Alphabet (30/36)
    Babylon: size=2, prod=Archers (10sh), bldgs=Palace
    Units: 2x Warriors
  [Civ 3] Germans (despotism): 1 cities, 2 units, 0g, 3 techs, researching Alphabet (20/36)
    Berlin: size=2, prod=Archers (19sh), bldgs=Palace
    Units: 1x Warriors, 1x Settlers
  [Civ 4] Egyptians (despotism): 1 cities, 2 units, 0g, 4 techs, researching Masonry (10/52)
    Thebes: size=1, prod=Archers (28sh), bldgs=Palace
    Units: 1x Warriors, 1x Settlers
  [Civ 1] Romans turn: 4 actions — MOVE_UNIT(2), UNIT_ORDER(2)
    >>> Thebes built Archers
    CHANGE_PRODUCTION city=3
    >>> Romans discovered: Bronze Working

══════════════════════════════════════════════════════════════════════
  TURN 12 — 3780 B.C. (8ms)
══════════════════════════════════════════════════════════════════════
  [Civ 1] Romans (despotism): 1 cities, 3 units, 13g, 4 techs, researching none (0/52)
    Rome: size=2, prod=Archers (16sh), bldgs=Palace
    Units: 2x Warriors, 1x Horsemen
  [Civ 2] Babylonians (despotism): 1 cities, 2 units, 13g, 3 techs, researching Alphabet (33/36)
    Babylon: size=2, prod=Archers (13sh), bldgs=Palace
    Units: 2x Warriors
  [Civ 3] Germans (despotism): 1 cities, 2 units, 0g, 3 techs, researching Alphabet (22/36)
    Berlin: size=2, prod=Archers (22sh), bldgs=Palace
    Units: 1x Warriors, 1x Settlers
  [Civ 4] Egyptians (despotism): 1 cities, 3 units, 0g, 4 techs, researching Masonry (11/52)
    Thebes: size=1, prod=Horsemen (0sh), bldgs=Palace
    Units: 1x Warriors, 1x Settlers, 1x Archers
  [Civ 1] Romans turn: 5 actions — SET_RESEARCH(1), MOVE_UNIT(2), UNIT_ORDER(2)
    SET_RESEARCH tech=Iron Working
    >>> Babylonians discovered: Alphabet
    SET_RESEARCH tech=Map Making

══════════════════════════════════════════════════════════════════════
  TURN 13 — 3760 B.C. (6ms)
══════════════════════════════════════════════════════════════════════
  [Civ 1] Romans (despotism): 1 cities, 3 units, 41g, 4 techs, researching Iron Working (3/52)
    Rome: size=2, prod=Archers (19sh), bldgs=Palace
    Units: 2x Warriors, 1x Horsemen
  [Civ 2] Babylonians (despotism): 1 cities, 2 units, 13g, 4 techs, researching Map Making (0/52)
    Babylon: size=2, prod=Archers (16sh), bldgs=Palace
    Units: 2x Warriors
  [Civ 3] Germans (despotism): 1 cities, 2 units, 0g, 3 techs, researching Alphabet (24/36)
    Berlin: size=2, prod=Archers (25sh), bldgs=Palace
    Units: 1x Warriors, 1x Settlers
  [Civ 4] Egyptians (despotism): 1 cities, 3 units, 0g, 4 techs, researching Masonry (12/52)
    Thebes: size=1, prod=Horsemen (3sh), bldgs=Palace
    Units: 1x Warriors, 1x Settlers, 1x Archers
  [Civ 1] Romans turn: 4 actions — MOVE_UNIT(2), UNIT_ORDER(2)
    END_TURN REJECTED: 1 units still need orders
      #14 Archers(Atk) @(14,43) mv=3 ord=none hp=full
    END_TURN REJECTED: 1 units still need orders
      #15 Horsemen(Atk) @(10,8) mv=6 ord=none hp=full

══════════════════════════════════════════════════════════════════════
  TURN 14 — 3740 B.C. (4ms)
══════════════════════════════════════════════════════════════════════
  [Civ 1] Romans (despotism): 1 cities, 4 units, 43g, 4 techs, researching Iron Working (6/52)
    Rome: size=2, prod=Archers (22sh), bldgs=Palace
    Units: 2x Warriors, 1x Horsemen, 1x Archers
  [Civ 2] Babylonians (despotism): 1 cities, 2 units, 15g, 4 techs, researching Map Making (3/52)
    Babylon: size=2, prod=Archers (19sh), bldgs=Palace
    Units: 2x Warriors
  [Civ 3] Germans (despotism): 1 cities, 3 units, 0g, 3 techs, researching Alphabet (26/36)
    Berlin: size=2, prod=Archers (28sh), bldgs=Palace
    Units: 1x Warriors, 1x Settlers, 1x Horsemen
  [Civ 4] Egyptians (despotism): 1 cities, 3 units, 0g, 4 techs, researching Masonry (13/52)
    Thebes: size=1, prod=Horsemen (6sh), bldgs=Palace
    Units: 1x Warriors, 1x Settlers, 1x Archers
  [Civ 1] Romans turn: 6 actions — MOVE_UNIT(3), UNIT_ORDER(3)
    >>> Berlin built Archers
    CHANGE_PRODUCTION city=2

══════════════════════════════════════════════════════════════════════
  TURN 15 — 3720 B.C. (6ms)
══════════════════════════════════════════════════════════════════════
  [Civ 1] Romans (despotism): 1 cities, 4 units, 45g, 4 techs, researching Iron Working (9/52)
    Rome: size=2, prod=Archers (25sh), bldgs=Palace
    Units: 2x Warriors, 1x Horsemen, 1x Archers
  [Civ 2] Babylonians (despotism): 1 cities, 2 units, 17g, 4 techs, researching Map Making (6/52)
    Babylon: size=2, prod=Archers (22sh), bldgs=Palace
    Units: 2x Warriors
  [Civ 3] Germans (despotism): 1 cities, 4 units, 0g, 3 techs, researching Alphabet (28/36)
    Berlin: size=2, prod=building:2 (0sh), bldgs=Palace
    Units: 1x Warriors, 1x Settlers, 1x Horsemen, 1x Archers
  [Civ 4] Egyptians (despotism): 1 cities, 3 units, 0g, 4 techs, researching Masonry (14/52)
    Thebes: size=1, prod=Horsemen (9sh), bldgs=Palace
    Units: 1x Warriors, 1x Settlers, 1x Archers
  [Civ 1] Romans turn: 7 actions — CHANGE_PRODUCTION(1), MOVE_UNIT(3), UNIT_ORDER(3)
    CHANGE_PRODUCTION city=0

══════════════════════════════════════════════════════════════════════
  TURN 16 — 3700 B.C. (5ms)
══════════════════════════════════════════════════════════════════════
  [Civ 1] Romans (despotism): 1 cities, 4 units, 47g, 4 techs, researching Iron Working (12/52)
    Rome: size=2, prod=building:2 (3sh), bldgs=Palace
    Units: 2x Warriors, 1x Horsemen, 1x Archers
  [Civ 2] Babylonians (despotism): 1 cities, 2 units, 19g, 4 techs, researching Map Making (9/52)
    Babylon: size=2, prod=Archers (25sh), bldgs=Palace
    Units: 2x Warriors
  [Civ 3] Germans (despotism): 1 cities, 4 units, 0g, 3 techs, researching Alphabet (30/36)
    Berlin: size=2, prod=building:2 (3sh), bldgs=Palace
    Units: 1x Warriors, 1x Settlers, 1x Horsemen, 1x Archers
  [Civ 4] Egyptians (despotism): 1 cities, 3 units, 0g, 4 techs, researching Masonry (15/52)
    Thebes: size=1, prod=Horsemen (12sh), bldgs=Palace
    Units: 1x Warriors, 1x Settlers, 1x Archers
  [Civ 1] Romans turn: 6 actions — MOVE_UNIT(3), UNIT_ORDER(3)

══════════════════════════════════════════════════════════════════════
  TURN 17 — 3680 B.C. (4ms)
══════════════════════════════════════════════════════════════════════
  [Civ 1] Romans (despotism): 1 cities, 4 units, 49g, 4 techs, researching Iron Working (15/52)
    Rome: size=2, prod=building:2 (6sh), bldgs=Palace
    Units: 2x Warriors, 1x Horsemen, 1x Archers
  [Civ 2] Babylonians (despotism): 1 cities, 2 units, 21g, 4 techs, researching Map Making (12/52)
    Babylon: size=2, prod=Archers (28sh), bldgs=Palace
    Units: 2x Warriors
  [Civ 3] Germans (despotism): 1 cities, 4 units, 0g, 3 techs, researching Alphabet (32/36)
    Berlin: size=2, prod=building:2 (6sh), bldgs=Palace
    Units: 1x Warriors, 1x Settlers, 1x Horsemen, 1x Archers
  [Civ 4] Egyptians (despotism): 1 cities, 3 units, 0g, 4 techs, researching Masonry (16/52)
    Thebes: size=1, prod=Horsemen (15sh), bldgs=Palace
    Units: 1x Warriors, 1x Settlers, 1x Archers
  [Civ 1] Romans turn: 6 actions — MOVE_UNIT(3), UNIT_ORDER(3)
    >>> Babylon built Archers
    CHANGE_PRODUCTION city=1

══════════════════════════════════════════════════════════════════════
  TURN 18 — 3660 B.C. (4ms)
══════════════════════════════════════════════════════════════════════
  [Civ 1] Romans (despotism): 1 cities, 4 units, 51g, 4 techs, researching Iron Working (18/52)
    Rome: size=2, prod=building:2 (9sh), bldgs=Palace
    Units: 2x Warriors, 1x Horsemen, 1x Archers
  [Civ 2] Babylonians (despotism): 1 cities, 3 units, 23g, 4 techs, researching Map Making (15/52)
    Babylon: size=2, prod=Horsemen (0sh), bldgs=Palace
    Units: 2x Warriors, 1x Archers
  [Civ 3] Germans (despotism): 1 cities, 4 units, 0g, 3 techs, researching Alphabet (34/36)
    Berlin: size=2, prod=building:2 (9sh), bldgs=Palace
    Units: 1x Warriors, 1x Settlers, 1x Horsemen, 1x Archers
  [Civ 4] Egyptians (despotism): 1 cities, 3 units, 0g, 4 techs, researching Masonry (17/52)
    Thebes: size=1, prod=Horsemen (18sh), bldgs=Palace
    Units: 1x Warriors, 1x Settlers, 1x Archers
  [Civ 1] Romans turn: 6 actions — MOVE_UNIT(3), UNIT_ORDER(3)
    >>> Germans discovered: Alphabet
    SET_RESEARCH tech=Map Making
    >>> Thebes built Horsemen
    CHANGE_PRODUCTION city=3

══════════════════════════════════════════════════════════════════════
  TURN 19 — 3640 B.C. (6ms)
══════════════════════════════════════════════════════════════════════
  [Civ 1] Romans (despotism): 1 cities, 4 units, 53g, 4 techs, researching Iron Working (21/52)
    Rome: size=2, prod=building:2 (12sh), bldgs=Palace
    Units: 2x Warriors, 1x Horsemen, 1x Archers
  [Civ 2] Babylonians (despotism): 1 cities, 3 units, 25g, 4 techs, researching Map Making (18/52)
    Babylon: size=2, prod=Horsemen (3sh), bldgs=Palace
    Units: 2x Warriors, 1x Archers
  [Civ 3] Germans (despotism): 1 cities, 4 units, 0g, 4 techs, researching Map Making (0/52)
    Berlin: size=2, prod=building:2 (12sh), bldgs=Palace
    Units: 1x Warriors, 1x Settlers, 1x Horsemen, 1x Archers
  [Civ 4] Egyptians (despotism): 1 cities, 4 units, 0g, 4 techs, researching Masonry (18/52)
    Thebes: size=1, prod=building:2 (0sh), bldgs=Palace
    Units: 1x Warriors, 1x Settlers, 1x Archers, 1x Horsemen
  [Civ 1] Romans turn: 6 actions — MOVE_UNIT(3), UNIT_ORDER(3)

══════════════════════════════════════════════════════════════════════
  TURN 20 — 3620 B.C. (6ms)
══════════════════════════════════════════════════════════════════════
  [Civ 1] Romans (despotism): 1 cities, 4 units, 55g, 5 techs, researching Iron Working (24/70)
    Rome: size=2, prod=building:2 (15sh), bldgs=Palace
    Units: 2x Warriors, 1x Horsemen, 1x Archers
  [Civ 2] Babylonians (despotism): 1 cities, 3 units, 27g, 4 techs, researching Map Making (21/48)
    Babylon: size=2, prod=Horsemen (6sh), bldgs=Palace
    Units: 2x Warriors, 1x Archers
  [Civ 3] Germans (despotism): 1 cities, 4 units, 0g, 4 techs, researching Map Making (2/48)
    Berlin: size=2, prod=building:2 (15sh), bldgs=Palace
    Units: 1x Warriors, 1x Settlers, 1x Horsemen, 1x Archers
  [Civ 4] Egyptians (despotism): 1 cities, 4 units, 0g, 5 techs, researching Masonry (19/70)
    Thebes: size=1, prod=building:2 (2sh), bldgs=Palace
    Units: 1x Warriors, 1x Settlers, 1x Archers, 1x Horsemen
  [Civ 1] Romans turn: 6 actions — MOVE_UNIT(3), UNIT_ORDER(3)
    >>> Thebes grew to size 2

══════════════════════════════════════════════════════════════════════
  TURN 21 — 3600 B.C. (8ms)
══════════════════════════════════════════════════════════════════════
  [Civ 1] Romans (despotism): 1 cities, 4 units, 57g, 5 techs, researching Iron Working (27/70)
    Rome: size=2, prod=building:2 (18sh), bldgs=Palace
    Units: 2x Warriors, 1x Horsemen, 1x Archers
  [Civ 2] Babylonians (despotism): 1 cities, 3 units, 29g, 4 techs, researching Map Making (24/48)
    Babylon: size=2, prod=Horsemen (9sh), bldgs=Palace
    Units: 2x Warriors, 1x Archers
  [Civ 3] Germans (despotism): 1 cities, 4 units, 0g, 4 techs, researching Map Making (4/48)
    Berlin: size=2, prod=building:2 (18sh), bldgs=Palace
    Units: 1x Warriors, 1x Settlers, 1x Horsemen, 1x Archers
  [Civ 4] Egyptians (despotism): 1 cities, 4 units, 0g, 5 techs, researching Masonry (21/70)
    Thebes: size=2, prod=building:2 (4sh), bldgs=Palace
    Units: 1x Warriors, 1x Settlers, 1x Archers, 1x Horsemen
  [Civ 1] Romans turn: 6 actions — MOVE_UNIT(3), UNIT_ORDER(3)

══════════════════════════════════════════════════════════════════════
  TURN 22 — 3580 B.C. (4ms)
══════════════════════════════════════════════════════════════════════
  [Civ 1] Romans (despotism): 1 cities, 4 units, 59g, 5 techs, researching Iron Working (30/70)
    Rome: size=2, prod=building:2 (21sh), bldgs=Palace
    Units: 2x Warriors, 1x Horsemen, 1x Archers
  [Civ 2] Babylonians (despotism): 1 cities, 3 units, 31g, 4 techs, researching Map Making (27/48)
    Babylon: size=2, prod=Horsemen (12sh), bldgs=Palace
    Units: 2x Warriors, 1x Archers
  [Civ 3] Germans (despotism): 1 cities, 4 units, 0g, 4 techs, researching Map Making (6/48)
    Berlin: size=2, prod=building:2 (21sh), bldgs=Palace
    Units: 1x Warriors, 1x Settlers, 1x Horsemen, 1x Archers
  [Civ 4] Egyptians (despotism): 1 cities, 4 units, 0g, 5 techs, researching Masonry (23/70)
    Thebes: size=2, prod=building:2 (8sh), bldgs=Palace
    Units: 1x Warriors, 1x Settlers, 1x Archers, 1x Horsemen
  [Civ 1] Romans turn: 6 actions — MOVE_UNIT(3), UNIT_ORDER(3)

══════════════════════════════════════════════════════════════════════
  TURN 23 — 3560 B.C. (4ms)
══════════════════════════════════════════════════════════════════════
  [Civ 1] Romans (despotism): 1 cities, 4 units, 61g, 5 techs, researching Iron Working (33/70)
    Rome: size=2, prod=building:2 (24sh), bldgs=Palace
    Units: 2x Warriors, 1x Horsemen, 1x Archers
  [Civ 2] Babylonians (despotism): 1 cities, 3 units, 33g, 4 techs, researching Map Making (30/48)
    Babylon: size=2, prod=Horsemen (15sh), bldgs=Palace
    Units: 2x Warriors, 1x Archers
  [Civ 3] Germans (despotism): 1 cities, 4 units, 0g, 4 techs, researching Map Making (8/48)
    Berlin: size=2, prod=building:2 (24sh), bldgs=Palace
    Units: 1x Warriors, 1x Settlers, 1x Horsemen, 1x Archers
  [Civ 4] Egyptians (despotism): 1 cities, 4 units, 0g, 5 techs, researching Masonry (25/70)
    Thebes: size=2, prod=building:2 (12sh), bldgs=Palace
    Units: 1x Warriors, 1x Settlers, 1x Archers, 1x Horsemen
  [Civ 1] Romans turn: 6 actions — MOVE_UNIT(3), UNIT_ORDER(3)

══════════════════════════════════════════════════════════════════════
  TURN 24 — 3540 B.C. (3ms)
══════════════════════════════════════════════════════════════════════
  [Civ 1] Romans (despotism): 1 cities, 4 units, 63g, 5 techs, researching Iron Working (36/70)
    Rome: size=2, prod=building:2 (27sh), bldgs=Palace
    Units: 2x Warriors, 1x Horsemen, 1x Archers
  [Civ 2] Babylonians (despotism): 1 cities, 3 units, 35g, 4 techs, researching Map Making (33/48)
    Babylon: size=2, prod=Horsemen (18sh), bldgs=Palace
    Units: 2x Warriors, 1x Archers
  [Civ 3] Germans (despotism): 1 cities, 4 units, 0g, 4 techs, researching Map Making (10/48)
    Berlin: size=2, prod=building:2 (27sh), bldgs=Palace
    Units: 1x Warriors, 1x Settlers, 1x Horsemen, 1x Archers
  [Civ 4] Egyptians (despotism): 1 cities, 4 units, 0g, 5 techs, researching Masonry (27/70)
    Thebes: size=2, prod=building:2 (16sh), bldgs=Palace
    Units: 1x Warriors, 1x Settlers, 1x Archers, 1x Horsemen
  [Civ 1] Romans turn: 6 actions — MOVE_UNIT(3), UNIT_ORDER(3)
    >>> Babylon built Horsemen
    CHANGE_PRODUCTION city=1
    >>> Rome grew to size 3

══════════════════════════════════════════════════════════════════════
  TURN 25 — 3520 B.C. (5ms)
══════════════════════════════════════════════════════════════════════
  [Civ 1] Romans (despotism): 1 cities, 4 units, 65g, 6 techs, researching Iron Working (40/84)
    Rome: size=3, prod=building:2 (30sh), bldgs=Palace
    Units: 2x Warriors, 1x Horsemen, 1x Archers
  [Civ 2] Babylonians (despotism): 1 cities, 4 units, 37g, 4 techs, researching Map Making (35/48)
    Babylon: size=2, prod=Archers (0sh), bldgs=Palace
    Units: 2x Warriors, 1x Archers, 1x Horsemen
  [Civ 3] Germans (despotism): 1 cities, 4 units, 0g, 4 techs, researching Map Making (12/48)
    Berlin: size=2, prod=building:2 (30sh), bldgs=Palace
    Units: 1x Warriors, 1x Settlers, 1x Horsemen, 1x Archers
  [Civ 4] Egyptians (despotism): 1 cities, 4 units, 0g, 5 techs, researching Masonry (29/65)
    Thebes: size=2, prod=building:2 (20sh), bldgs=Palace
    Units: 1x Warriors, 1x Settlers, 1x Archers, 1x Horsemen
  [Civ 1] Romans turn: 6 actions — MOVE_UNIT(3), UNIT_ORDER(3)
    >>> Babylon grew to size 3
    >>> Berlin grew to size 3

══════════════════════════════════════════════════════════════════════
  TURN 26 — 3500 B.C. (4ms)
══════════════════════════════════════════════════════════════════════
  [Civ 1] Romans (despotism): 1 cities, 4 units, 67g, 6 techs, researching Iron Working (44/84)
    Rome: size=3, prod=building:2 (34sh), bldgs=Palace
    Units: 2x Warriors, 1x Horsemen, 1x Archers
  [Civ 2] Babylonians (despotism): 1 cities, 4 units, 39g, 4 techs, researching Map Making (39/48)
    Babylon: size=3, prod=Archers (2sh), bldgs=Palace
    Units: 2x Warriors, 1x Archers, 1x Horsemen
  [Civ 3] Germans (despotism): 1 cities, 4 units, 0g, 4 techs, researching Map Making (15/48)
    Berlin: size=3, prod=building:2 (33sh), bldgs=Palace
    Units: 1x Warriors, 1x Settlers, 1x Horsemen, 1x Archers
  [Civ 4] Egyptians (despotism): 1 cities, 4 units, 0g, 5 techs, researching Masonry (31/65)
    Thebes: size=2, prod=building:2 (24sh), bldgs=Palace
    Units: 1x Warriors, 1x Settlers, 1x Archers, 1x Horsemen
  [Civ 1] Romans turn: 6 actions — MOVE_UNIT(3), UNIT_ORDER(3)

══════════════════════════════════════════════════════════════════════
  TURN 27 — 3480 B.C. (4ms)
══════════════════════════════════════════════════════════════════════
  [Civ 1] Romans (despotism): 1 cities, 4 units, 69g, 6 techs, researching Iron Working (48/84)
    Rome: size=3, prod=building:2 (38sh), bldgs=Palace
    Units: 2x Warriors, 1x Horsemen, 1x Archers
  [Civ 2] Babylonians (despotism): 1 cities, 4 units, 41g, 4 techs, researching Map Making (43/48)
    Babylon: size=3, prod=Archers (6sh), bldgs=Palace
    Units: 2x Warriors, 1x Archers, 1x Horsemen
  [Civ 3] Germans (despotism): 1 cities, 4 units, 0g, 4 techs, researching Map Making (18/48)
    Berlin: size=3, prod=building:2 (38sh), bldgs=Palace
    Units: 1x Warriors, 1x Settlers, 1x Horsemen, 1x Archers
  [Civ 4] Egyptians (despotism): 1 cities, 4 units, 0g, 5 techs, researching Masonry (33/65)
    Thebes: size=2, prod=building:2 (28sh), bldgs=Palace
    Units: 1x Warriors, 1x Settlers, 1x Archers, 1x Horsemen
  [Civ 1] Romans turn: 6 actions — MOVE_UNIT(3), UNIT_ORDER(3)
    CHANGE_PRODUCTION city=1
    >>> Berlin built building:2
    >>> Berlin sold Barracks
    >>> Rome built building:2

══════════════════════════════════════════════════════════════════════
  TURN 28 — 3460 B.C. (5ms)
══════════════════════════════════════════════════════════════════════
  [Civ 1] Romans (despotism): 1 cities, 4 units, 70g, 6 techs, researching Iron Working (52/84)
    Rome: size=3, prod=building:2 (2sh), bldgs=Palace, Barracks
    Units: 2x Warriors, 1x Horsemen, 1x Archers
  [Civ 2] Babylonians (despotism): 1 cities, 4 units, 43g, 4 techs, researching Map Making (47/48)
    Babylon: size=3, prod=Horsemen (5sh), bldgs=Palace
    Units: 2x Warriors, 1x Archers, 1x Horsemen
  [Civ 3] Germans (despotism): 1 cities, 4 units, 39g, 4 techs, researching Map Making (21/48)
    Berlin: size=3, prod=building:2 (3sh), bldgs=Palace
    Units: 1x Warriors, 1x Settlers, 1x Horsemen, 1x Archers
  [Civ 4] Egyptians (despotism): 1 cities, 4 units, 0g, 5 techs, researching Masonry (35/65)
    Thebes: size=2, prod=building:2 (32sh), bldgs=Palace
    Units: 1x Warriors, 1x Settlers, 1x Archers, 1x Horsemen
  [Civ 1] Romans turn: 7 actions — CHANGE_PRODUCTION(1), MOVE_UNIT(3), UNIT_ORDER(3)
    CHANGE_PRODUCTION city=0
    >>> Babylonians discovered: Map Making
    SET_RESEARCH tech=Masonry

══════════════════════════════════════════════════════════════════════
  TURN 29 — 3440 B.C. (6ms)
══════════════════════════════════════════════════════════════════════
  [Civ 1] Romans (despotism): 1 cities, 4 units, 71g, 6 techs, researching Iron Working (56/84)
    Rome: size=3, prod=Horsemen (4sh), bldgs=Palace, Barracks
    Units: 2x Warriors, 1x Horsemen, 1x Archers
  [Civ 2] Babylonians (despotism): 1 cities, 4 units, 43g, 5 techs, researching Masonry (0/65)
    Babylon: size=3, prod=Horsemen (9sh), bldgs=Palace
    Units: 2x Warriors, 1x Archers, 1x Horsemen
  [Civ 3] Germans (despotism): 1 cities, 4 units, 39g, 4 techs, researching Map Making (24/48)
    Berlin: size=3, prod=building:2 (8sh), bldgs=Palace
    Units: 1x Warriors, 1x Settlers, 1x Horsemen, 1x Archers
  [Civ 4] Egyptians (despotism): 1 cities, 4 units, 0g, 5 techs, researching Masonry (37/65)
    Thebes: size=2, prod=building:2 (36sh), bldgs=Palace
    Units: 1x Warriors, 1x Settlers, 1x Archers, 1x Horsemen
  [Civ 1] Romans turn: 6 actions — MOVE_UNIT(3), UNIT_ORDER(3)
    >>> Thebes built building:2
    >>> Thebes sold Barracks

══════════════════════════════════════════════════════════════════════
  TURN 30 — 3420 B.C. (4ms)
══════════════════════════════════════════════════════════════════════
  [Civ 1] Romans (despotism): 1 cities, 4 units, 72g, 6 techs, researching Iron Working (60/84)
    Rome: size=3, prod=Horsemen (8sh), bldgs=Palace, Barracks
    Units: 2x Warriors, 1x Horsemen, 1x Archers
  [Civ 2] Babylonians (despotism): 1 cities, 4 units, 45g, 5 techs, researching Masonry (4/65)
    Babylon: size=3, prod=Horsemen (13sh), bldgs=Palace
    Units: 2x Warriors, 1x Archers, 1x Horsemen
  [Civ 3] Germans (despotism): 1 cities, 4 units, 39g, 4 techs, researching Map Making (27/48)
    Berlin: size=3, prod=building:2 (13sh), bldgs=Palace
    Units: 1x Warriors, 1x Settlers, 1x Horsemen, 1x Archers
  [Civ 4] Egyptians (despotism): 1 cities, 4 units, 39g, 5 techs, researching Masonry (39/65)
    Thebes: size=2, prod=building:2 (0sh), bldgs=Palace
    Units: 1x Warriors, 1x Settlers, 1x Archers, 1x Horsemen
  [Civ 1] Romans turn: 6 actions — MOVE_UNIT(3), UNIT_ORDER(3)

══════════════════════════════════════════════════════════════════════
  TURN 31 — 3400 B.C. (5ms)
══════════════════════════════════════════════════════════════════════
  [Civ 1] Romans (despotism): 1 cities, 4 units, 73g, 6 techs, researching Iron Working (64/84)
    Rome: size=3, prod=Horsemen (12sh), bldgs=Palace, Barracks
    Units: 2x Warriors, 1x Horsemen, 1x Archers
  [Civ 2] Babylonians (despotism): 1 cities, 4 units, 47g, 5 techs, researching Masonry (8/65)
    Babylon: size=3, prod=Horsemen (17sh), bldgs=Palace
    Units: 2x Warriors, 1x Archers, 1x Horsemen
  [Civ 3] Germans (despotism): 1 cities, 4 units, 39g, 4 techs, researching Map Making (30/48)
    Berlin: size=3, prod=building:2 (18sh), bldgs=Palace
    Units: 1x Warriors, 1x Settlers, 1x Horsemen, 1x Archers
  [Civ 4] Egyptians (despotism): 1 cities, 4 units, 39g, 5 techs, researching Masonry (41/65)
    Thebes: size=2, prod=building:2 (4sh), bldgs=Palace
    Units: 1x Warriors, 1x Settlers, 1x Archers, 1x Horsemen
  [Civ 1] Romans turn: 7 actions — CHANGE_PRODUCTION(1), MOVE_UNIT(3), UNIT_ORDER(3)
    CHANGE_PRODUCTION city=0
    >>> Babylon built Horsemen
    CHANGE_PRODUCTION city=1
    END_TURN REJECTED: 1 units still need orders
      #21 Archers(Atk) @(40,68) mv=3 ord=none hp=full

══════════════════════════════════════════════════════════════════════
  TURN 32 — 3380 B.C. (4ms)
══════════════════════════════════════════════════════════════════════
  [Civ 1] Romans (despotism): 1 cities, 4 units, 74g, 6 techs, researching Iron Working (68/84)
    Rome: size=3, prod=Archers (10sh), bldgs=Palace, Barracks
    Units: 2x Warriors, 1x Horsemen, 1x Archers
  [Civ 2] Babylonians (despotism): 1 cities, 5 units, 49g, 5 techs, researching Masonry (11/65)
    Babylon: size=3, prod=Settlers (0sh), bldgs=Palace
    Units: 2x Warriors, 1x Archers, 2x Horsemen
  [Civ 3] Germans (despotism): 1 cities, 4 units, 39g, 4 techs, researching Map Making (33/48)
    Berlin: size=3, prod=building:2 (23sh), bldgs=Palace
    Units: 1x Warriors, 1x Settlers, 1x Horsemen, 1x Archers
  [Civ 4] Egyptians (despotism): 1 cities, 5 units, 39g, 5 techs, researching Masonry (43/65)
    Thebes: size=2, prod=building:2 (8sh), bldgs=Palace
    Units: 1x Warriors, 1x Settlers, 2x Archers, 1x Horsemen
  [Civ 1] Romans turn: 9 actions — ADJUST_ATTITUDE(3), MOVE_UNIT(3), UNIT_ORDER(3)
    ADJUST_ATTITUDE target=civ2
    ADJUST_ATTITUDE target=civ3
    ADJUST_ATTITUDE target=civ4
    ADJUST_ATTITUDE target=civ1
    ADJUST_ATTITUDE target=civ3
    ADJUST_ATTITUDE target=civ4
    ADJUST_ATTITUDE target=civ1
    ADJUST_ATTITUDE target=civ2
    ADJUST_ATTITUDE target=civ4
    ADJUST_ATTITUDE target=civ1
    ADJUST_ATTITUDE target=civ2
    ADJUST_ATTITUDE target=civ3

══════════════════════════════════════════════════════════════════════
  TURN 33 — 3360 B.C. (6ms)
══════════════════════════════════════════════════════════════════════
  [Civ 1] Romans (despotism): 1 cities, 4 units, 75g, 6 techs, researching Iron Working (72/84)
    Rome: size=3, prod=Archers (14sh), bldgs=Palace, Barracks
    Units: 2x Warriors, 1x Horsemen, 1x Archers
  [Civ 2] Babylonians (despotism): 1 cities, 5 units, 51g, 5 techs, researching Masonry (14/65)
    Babylon: size=3, prod=Settlers (3sh), bldgs=Palace
    Units: 2x Warriors, 1x Archers, 2x Horsemen
  [Civ 3] Germans (despotism): 1 cities, 4 units, 39g, 4 techs, researching Map Making (36/48)
    Berlin: size=3, prod=building:2 (28sh), bldgs=Palace
    Units: 1x Warriors, 1x Settlers, 1x Horsemen, 1x Archers
  [Civ 4] Egyptians (despotism): 1 cities, 5 units, 39g, 5 techs, researching Masonry (45/65)
    Thebes: size=2, prod=building:2 (12sh), bldgs=Palace
    Units: 1x Warriors, 1x Settlers, 2x Archers, 1x Horsemen
  [Civ 1] Romans turn: 6 actions — MOVE_UNIT(3), UNIT_ORDER(3)

══════════════════════════════════════════════════════════════════════
  TURN 34 — 3340 B.C. (4ms)
══════════════════════════════════════════════════════════════════════
  [Civ 1] Romans (despotism): 1 cities, 4 units, 76g, 6 techs, researching Iron Working (76/84)
    Rome: size=3, prod=Archers (18sh), bldgs=Palace, Barracks
    Units: 2x Warriors, 1x Horsemen, 1x Archers
  [Civ 2] Babylonians (despotism): 1 cities, 5 units, 53g, 5 techs, researching Masonry (17/65)
    Babylon: size=3, prod=Settlers (6sh), bldgs=Palace
    Units: 2x Warriors, 1x Archers, 2x Horsemen
  [Civ 3] Germans (despotism): 1 cities, 4 units, 39g, 4 techs, researching Map Making (39/48)
    Berlin: size=3, prod=building:2 (33sh), bldgs=Palace
    Units: 1x Warriors, 1x Settlers, 1x Horsemen, 1x Archers
  [Civ 4] Egyptians (despotism): 1 cities, 5 units, 39g, 5 techs, researching Masonry (47/65)
    Thebes: size=2, prod=building:2 (16sh), bldgs=Palace
    Units: 1x Warriors, 1x Settlers, 2x Archers, 1x Horsemen
  [Civ 1] Romans turn: 6 actions — MOVE_UNIT(3), UNIT_ORDER(3)
    ADJUST_ATTITUDE target=civ1
    ADJUST_ATTITUDE target=civ1
    ADJUST_ATTITUDE target=civ1

══════════════════════════════════════════════════════════════════════
  TURN 35 — 3320 B.C. (6ms)
══════════════════════════════════════════════════════════════════════
  [Civ 1] Romans (despotism): 1 cities, 4 units, 77g, 6 techs, researching Iron Working (80/84)
    Rome: size=3, prod=Archers (22sh), bldgs=Palace, Barracks
    Units: 2x Warriors, 1x Horsemen, 1x Archers
  [Civ 2] Babylonians (despotism): 1 cities, 5 units, 55g, 5 techs, researching Masonry (20/65)
    Babylon: size=3, prod=Settlers (9sh), bldgs=Palace
    Units: 2x Warriors, 1x Archers, 2x Horsemen
  [Civ 3] Germans (despotism): 1 cities, 4 units, 39g, 4 techs, researching Map Making (42/48)
    Berlin: size=3, prod=building:2 (38sh), bldgs=Palace
    Units: 1x Warriors, 1x Settlers, 1x Horsemen, 1x Archers
  [Civ 4] Egyptians (despotism): 1 cities, 5 units, 39g, 5 techs, researching Masonry (49/65)
    Thebes: size=2, prod=building:2 (20sh), bldgs=Palace
    Units: 1x Warriors, 1x Settlers, 2x Archers, 1x Horsemen
  [Civ 1] Romans turn: 6 actions — MOVE_UNIT(3), UNIT_ORDER(3)
    COMBAT: Archers vs Settlers → defWin (atkHp=undefined, defHp=undefined)
    1 actions REJECTED (of 6)
    >>> Berlin built building:2
    ADJUST_ATTITUDE target=civ1
    CHANGE_PRODUCTION city=2
    >>> Romans discovered: Iron Working

══════════════════════════════════════════════════════════════════════
  TURN 36 — 3300 B.C. (18ms)
══════════════════════════════════════════════════════════════════════
  [Civ 1] Romans (despotism): 1 cities, 3 units, 77g, 7 techs, researching none (0/105)
    Rome: size=3, prod=Archers (26sh), bldgs=Palace, Barracks
    Units: 2x Warriors, 1x Horsemen
  [Civ 2] Babylonians (despotism): 1 cities, 5 units, 57g, 5 techs, researching Masonry (23/65)
    Babylon: size=3, prod=Settlers (12sh), bldgs=Palace
    Units: 2x Warriors, 1x Archers, 2x Horsemen
  [Civ 3] Germans (despotism): 1 cities, 4 units, 38g, 4 techs, researching Map Making (45/48)
    Berlin: size=3, prod=Archers (0sh), bldgs=Palace, Barracks
    Units: 1x Warriors, 1x Settlers, 1x Horsemen, 1x Archers
  [Civ 4] Egyptians (despotism): 1 cities, 5 units, 39g, 5 techs, researching Masonry (51/65)
    Thebes: size=2, prod=building:2 (24sh), bldgs=Palace
    Units: 1x Warriors, 1x Settlers, 2x Archers, 1x Horsemen
  [Civ 1] Romans turn: 7 actions — SET_RESEARCH(1), ADJUST_ATTITUDE(2), MOVE_UNIT(2), UNIT_ORDER(2)
    SET_RESEARCH tech=Masonry
    ADJUST_ATTITUDE target=civ3
    ADJUST_ATTITUDE target=civ3
    END_TURN REJECTED: 1 units still need orders
      #22 Legion(Atk) @(37,18) mv=3 ord=none hp=full
    SET_RESEARCH tech=Masonry
    ADJUST_ATTITUDE target=civ1
    ADJUST_ATTITUDE target=civ1
    >>> Rome built Archers

══════════════════════════════════════════════════════════════════════
  TURN 37 — 3280 B.C. (9ms)
══════════════════════════════════════════════════════════════════════
  [Civ 1] Romans (despotism): 1 cities, 4 units, 78g, 7 techs, researching Masonry (4/105)
    Rome: size=3, prod=Archers (0sh), bldgs=Palace, Barracks
    Units: 2x Warriors, 1x Horsemen, 1x Archers
  [Civ 2] Babylonians (despotism): 1 cities, 6 units, 59g, 5 techs, researching Masonry (26/65)
    Babylon: size=3, prod=Settlers (15sh), bldgs=Palace
    Units: 2x Warriors, 1x Archers, 2x Horsemen, 1x Legion
  [Civ 3] Germans (despotism): 1 cities, 4 units, 38g, 5 techs, researching Masonry (0/65)
    Berlin: size=3, prod=Archers (5sh), bldgs=Palace, Barracks
    Units: 1x Warriors, 1x Settlers, 1x Horsemen, 1x Archers
  [Civ 4] Egyptians (despotism): 1 cities, 5 units, 39g, 5 techs, researching Masonry (53/65)
    Thebes: size=2, prod=building:2 (28sh), bldgs=Palace
    Units: 1x Warriors, 1x Settlers, 2x Archers, 1x Horsemen
  [Civ 1] Romans turn: 6 actions — ADJUST_ATTITUDE(1), CHANGE_PRODUCTION(1), MOVE_UNIT(2), UNIT_ORDER(2)
    ADJUST_ATTITUDE target=civ3
    CHANGE_PRODUCTION city=0
    ADJUST_ATTITUDE target=civ1

══════════════════════════════════════════════════════════════════════
  TURN 38 — 3260 B.C. (5ms)
══════════════════════════════════════════════════════════════════════
  [Civ 1] Romans (despotism): 1 cities, 4 units, 79g, 8 techs, researching Masonry (8/120)
    Rome: size=3, prod=Legion (4sh), bldgs=Palace, Barracks
    Units: 2x Warriors, 1x Horsemen, 1x Archers
  [Civ 2] Babylonians (despotism): 1 cities, 6 units, 61g, 5 techs, researching Masonry (29/65)
    Babylon: size=3, prod=Settlers (18sh), bldgs=Palace
    Units: 2x Warriors, 1x Archers, 2x Horsemen, 1x Legion
  [Civ 3] Germans (despotism): 1 cities, 4 units, 37g, 5 techs, researching Masonry (3/65)
    Berlin: size=3, prod=Archers (10sh), bldgs=Palace, Barracks
    Units: 1x Warriors, 1x Settlers, 1x Horsemen, 1x Archers
  [Civ 4] Egyptians (despotism): 1 cities, 5 units, 39g, 6 techs, researching Masonry (55/78)
    Thebes: size=2, prod=building:2 (32sh), bldgs=Palace
    Units: 1x Warriors, 1x Settlers, 2x Archers, 1x Horsemen
  [Civ 1] Romans turn: 7 actions — ADJUST_ATTITUDE(1), MOVE_UNIT(3), UNIT_ORDER(3)
    ADJUST_ATTITUDE target=civ3
    ADJUST_ATTITUDE target=civ1

══════════════════════════════════════════════════════════════════════
  TURN 39 — 3240 B.C. (6ms)
══════════════════════════════════════════════════════════════════════
  [Civ 1] Romans (despotism): 1 cities, 4 units, 80g, 8 techs, researching Masonry (12/120)
    Rome: size=3, prod=Legion (8sh), bldgs=Palace, Barracks
    Units: 2x Warriors, 1x Horsemen, 1x Archers
  [Civ 2] Babylonians (despotism): 1 cities, 6 units, 63g, 5 techs, researching Masonry (32/65)
    Babylon: size=3, prod=Settlers (21sh), bldgs=Palace
    Units: 2x Warriors, 1x Archers, 2x Horsemen, 1x Legion
  [Civ 3] Germans (despotism): 1 cities, 4 units, 36g, 5 techs, researching Masonry (6/65)
    Berlin: size=3, prod=Archers (15sh), bldgs=Palace, Barracks
    Units: 1x Warriors, 1x Settlers, 1x Horsemen, 1x Archers
  [Civ 4] Egyptians (despotism): 1 cities, 5 units, 39g, 6 techs, researching Masonry (57/78)
    Thebes: size=2, prod=building:2 (36sh), bldgs=Palace
    Units: 1x Warriors, 1x Settlers, 2x Archers, 1x Horsemen
  [Civ 1] Romans turn: 6 actions — ADJUST_ATTITUDE(1), MOVE_UNIT(3), UNIT_ORDER(2)
    ADJUST_ATTITUDE target=civ3
    ADJUST_ATTITUDE target=civ1
    ADJUST_ATTITUDE target=civ1
    >>> Thebes built building:2
    CHANGE_PRODUCTION city=3

══════════════════════════════════════════════════════════════════════
  TURN 40 — 3220 B.C. (6ms)
══════════════════════════════════════════════════════════════════════
  [Civ 1] Romans (despotism): 1 cities, 4 units, 81g, 8 techs, researching Masonry (16/120)
    Rome: size=3, prod=Legion (12sh), bldgs=Palace, Barracks
    Units: 2x Warriors, 1x Horsemen, 1x Archers
  [Civ 2] Babylonians (despotism): 1 cities, 6 units, 65g, 5 techs, researching Masonry (35/65)
    Babylon: size=3, prod=Settlers (24sh), bldgs=Palace
    Units: 2x Warriors, 1x Archers, 2x Horsemen, 1x Legion
  [Civ 3] Germans (despotism): 1 cities, 4 units, 35g, 5 techs, researching Masonry (9/65)
    Berlin: size=3, prod=Archers (20sh), bldgs=Palace, Barracks
    Units: 1x Warriors, 1x Settlers, 1x Horsemen, 1x Archers
  [Civ 4] Egyptians (despotism): 1 cities, 5 units, 38g, 6 techs, researching Masonry (59/78)
    Thebes: size=2, prod=Warriors (0sh), bldgs=Palace, Barracks
    Units: 1x Warriors, 1x Settlers, 2x Archers, 1x Horsemen
  [Civ 1] Romans turn: 7 actions — ADJUST_ATTITUDE(1), MOVE_UNIT(3), UNIT_ORDER(3)
    ADJUST_ATTITUDE target=civ3
    ADJUST_ATTITUDE target=civ1
    PROPOSE_TREATY treaty=peace target=civ1
    ADJUST_ATTITUDE target=civ1
    CHANGE_PRODUCTION city=3

══════════════════════════════════════════════════════════════════════
  TURN 41 — 3200 B.C. (6ms)
══════════════════════════════════════════════════════════════════════
  [Civ 1] Romans (despotism): 1 cities, 4 units, 82g, 8 techs, researching Masonry (20/120)
    Rome: size=3, prod=Legion (16sh), bldgs=Palace, Barracks
    Units: 2x Warriors, 1x Horsemen, 1x Archers
  [Civ 2] Babylonians (despotism): 1 cities, 6 units, 67g, 5 techs, researching Masonry (38/65)
    Babylon: size=3, prod=Settlers (27sh), bldgs=Palace
    Units: 2x Warriors, 1x Archers, 2x Horsemen, 1x Legion
  [Civ 3] Germans (despotism): 1 cities, 4 units, 34g, 5 techs, researching Masonry (12/65)
    Berlin: size=3, prod=Archers (25sh), bldgs=Palace, Barracks
    Units: 1x Warriors, 1x Settlers, 1x Horsemen, 1x Archers
  [Civ 4] Egyptians (despotism): 1 cities, 5 units, 37g, 6 techs, researching Masonry (61/78)
    Thebes: size=2, prod=Horsemen (2sh), bldgs=Palace, Barracks
    Units: 1x Warriors, 1x Settlers, 2x Archers, 1x Horsemen
  [Civ 1] Romans turn: 9 actions — ADJUST_ATTITUDE(2), RESPOND_TREATY(1), MOVE_UNIT(3), UNIT_ORDER(3)
    ADJUST_ATTITUDE target=civ3
    ADJUST_ATTITUDE target=civ3
    >>> Berlin built Archers
    ADJUST_ATTITUDE target=civ1
    CHANGE_PRODUCTION city=2
    CHANGE_PRODUCTION city=3

══════════════════════════════════════════════════════════════════════
  TURN 42 — 3180 B.C. (7ms)
══════════════════════════════════════════════════════════════════════
  [Civ 1] Romans (despotism): 1 cities, 4 units, 83g, 8 techs, researching Masonry (24/120)
    Rome: size=3, prod=Legion (20sh), bldgs=Palace, Barracks
    Units: 2x Warriors, 1x Horsemen, 1x Archers
  [Civ 2] Babylonians (despotism): 1 cities, 6 units, 69g, 5 techs, researching Masonry (41/65)
    Babylon: size=3, prod=Settlers (30sh), bldgs=Palace
    Units: 2x Warriors, 1x Archers, 2x Horsemen, 1x Legion
  [Civ 3] Germans (despotism): 1 cities, 5 units, 33g, 5 techs, researching Masonry (15/65)
    Berlin: size=3, prod=Trireme (0sh), bldgs=Palace, Barracks
    Units: 1x Warriors, 1x Settlers, 1x Horsemen, 2x Archers
  [Civ 4] Egyptians (despotism): 1 cities, 5 units, 36g, 6 techs, researching Masonry (63/78)
    Thebes: size=2, prod=Warriors (3sh), bldgs=Palace, Barracks
    Units: 1x Warriors, 1x Settlers, 2x Archers, 1x Horsemen
  [Civ 1] Romans turn: 7 actions — ADJUST_ATTITUDE(1), MOVE_UNIT(3), UNIT_ORDER(3)
    ADJUST_ATTITUDE target=civ3
    ADJUST_ATTITUDE target=civ1
    CHANGE_PRODUCTION city=3

══════════════════════════════════════════════════════════════════════
  TURN 43 — 3160 B.C. (6ms)
══════════════════════════════════════════════════════════════════════
  [Civ 1] Romans (despotism): 1 cities, 4 units, 84g, 8 techs, researching Masonry (28/120)
    Rome: size=3, prod=Legion (24sh), bldgs=Palace, Barracks
    Units: 2x Warriors, 1x Horsemen, 1x Archers
  [Civ 2] Babylonians (despotism): 1 cities, 6 units, 71g, 5 techs, researching Masonry (44/65)
    Babylon: size=3, prod=Settlers (33sh), bldgs=Palace
    Units: 2x Warriors, 1x Archers, 2x Horsemen, 1x Legion
  [Civ 3] Germans (despotism): 1 cities, 5 units, 32g, 5 techs, researching Masonry (18/65)
    Berlin: size=3, prod=Trireme (5sh), bldgs=Palace, Barracks
    Units: 1x Warriors, 1x Settlers, 1x Horsemen, 2x Archers
  [Civ 4] Egyptians (despotism): 1 cities, 5 units, 35g, 6 techs, researching Masonry (65/78)
    Thebes: size=2, prod=Archers (3sh), bldgs=Palace, Barracks
    Units: 1x Warriors, 1x Settlers, 2x Archers, 1x Horsemen
  [Civ 1] Romans turn: 7 actions — ADJUST_ATTITUDE(1), MOVE_UNIT(3), UNIT_ORDER(3)
    ADJUST_ATTITUDE target=civ3
    END_TURN REJECTED: 1 units still need orders
      #25 Legion(Atk) @(3,51) mv=3 ord=none hp=full
    ADJUST_ATTITUDE target=civ1

══════════════════════════════════════════════════════════════════════
  TURN 44 — 3140 B.C. (7ms)
══════════════════════════════════════════════════════════════════════
  [Civ 1] Romans (despotism): 1 cities, 5 units, 85g, 8 techs, researching Masonry (32/120)
    Rome: size=3, prod=Legion (28sh), bldgs=Palace, Barracks
    Units: 2x Warriors, 1x Horsemen, 1x Archers, 1x Legion
  [Civ 2] Babylonians (despotism): 1 cities, 6 units, 73g, 5 techs, researching Masonry (47/65)
    Babylon: size=3, prod=Settlers (36sh), bldgs=Palace
    Units: 2x Warriors, 1x Archers, 2x Horsemen, 1x Legion
  [Civ 3] Germans (despotism): 1 cities, 5 units, 31g, 5 techs, researching Masonry (21/65)
    Berlin: size=3, prod=Trireme (10sh), bldgs=Palace, Barracks
    Units: 1x Warriors, 1x Settlers, 1x Horsemen, 2x Archers
  [Civ 4] Egyptians (despotism): 1 cities, 5 units, 34g, 6 techs, researching Masonry (67/78)
    Thebes: size=2, prod=Archers (7sh), bldgs=Palace, Barracks
    Units: 1x Warriors, 1x Settlers, 2x Archers, 1x Horsemen
  [Civ 1] Romans turn: 9 actions — ADJUST_ATTITUDE(1), MOVE_UNIT(4), UNIT_ORDER(4)
    ADJUST_ATTITUDE target=civ3
    ADJUST_ATTITUDE target=civ1
    CHANGE_PRODUCTION city=3
    >>> Rome grew to size 4

══════════════════════════════════════════════════════════════════════
  TURN 45 — 3120 B.C. (9ms)
══════════════════════════════════════════════════════════════════════
  [Civ 1] Romans (despotism): 1 cities, 5 units, 86g, 8 techs, researching Masonry (37/120)
    Rome: size=4, prod=Legion (32sh), bldgs=Palace, Barracks
    Units: 2x Warriors, 1x Horsemen, 1x Archers, 1x Legion
  [Civ 2] Babylonians (despotism): 1 cities, 6 units, 75g, 5 techs, researching Masonry (50/65)
    Babylon: size=3, prod=Settlers (39sh), bldgs=Palace
    Units: 2x Warriors, 1x Archers, 2x Horsemen, 1x Legion
  [Civ 3] Germans (despotism): 1 cities, 5 units, 30g, 5 techs, researching Masonry (24/65)
    Berlin: size=3, prod=Trireme (15sh), bldgs=Palace, Barracks
    Units: 1x Warriors, 1x Settlers, 1x Horsemen, 2x Archers
  [Civ 4] Egyptians (despotism): 1 cities, 5 units, 33g, 6 techs, researching Masonry (69/78)
    Thebes: size=2, prod=Horsemen (5sh), bldgs=Palace, Barracks
    Units: 1x Warriors, 1x Settlers, 2x Archers, 1x Horsemen
  [Civ 1] Romans turn: 9 actions — ADJUST_ATTITUDE(1), MOVE_UNIT(4), UNIT_ORDER(4)
    ADJUST_ATTITUDE target=civ3
    >>> Babylon grew to size 4
    >>> Babylon built Settlers
    CHANGE_PRODUCTION city=3

══════════════════════════════════════════════════════════════════════
  TURN 46 — 3100 B.C. (13ms)
══════════════════════════════════════════════════════════════════════
  [Civ 1] Romans (despotism): 1 cities, 5 units, 87g, 8 techs, researching Masonry (42/120)
    Rome: size=4, prod=Legion (37sh), bldgs=Palace, Barracks
    Units: 2x Warriors, 1x Horsemen, 1x Archers, 1x Legion
  [Civ 2] Babylonians (despotism): 1 cities, 7 units, 77g, 5 techs, researching Masonry (52/65)
    Babylon: size=2, prod=Settlers (2sh), bldgs=Palace
    Units: 2x Warriors, 1x Archers, 2x Horsemen, 1x Legion, 1x Settlers
  [Civ 3] Germans (despotism): 1 cities, 5 units, 29g, 5 techs, researching Masonry (27/65)
    Berlin: size=3, prod=Trireme (20sh), bldgs=Palace, Barracks
    Units: 1x Warriors, 1x Settlers, 1x Horsemen, 2x Archers
  [Civ 4] Egyptians (despotism): 1 cities, 5 units, 32g, 6 techs, researching Masonry (71/78)
    Thebes: size=2, prod=Warriors (4sh), bldgs=Palace, Barracks
    Units: 1x Warriors, 1x Settlers, 2x Archers, 1x Horsemen
  [Civ 1] Romans turn: 9 actions — ADJUST_ATTITUDE(1), MOVE_UNIT(4), UNIT_ORDER(4)
    ADJUST_ATTITUDE target=civ3
    CHANGE_PRODUCTION city=3
    >>> Rome built Legion

══════════════════════════════════════════════════════════════════════
  TURN 47 — 3080 B.C. (22ms)
══════════════════════════════════════════════════════════════════════
  [Civ 1] Romans (despotism): 1 cities, 6 units, 88g, 8 techs, researching Masonry (47/120)
    Rome: size=4, prod=Legion (2sh), bldgs=Palace, Barracks
    Units: 2x Warriors, 1x Horsemen, 1x Archers, 2x Legion
  [Civ 2] Babylonians (despotism): 1 cities, 7 units, 79g, 5 techs, researching Masonry (54/65)
    Babylon: size=2, prod=Settlers (2sh), bldgs=Palace
    Units: 2x Warriors, 1x Archers, 2x Horsemen, 1x Legion, 1x Settlers
  [Civ 3] Germans (despotism): 1 cities, 5 units, 28g, 5 techs, researching Masonry (30/65)
    Berlin: size=3, prod=Trireme (25sh), bldgs=Palace, Barracks
    Units: 1x Warriors, 1x Settlers, 1x Horsemen, 2x Archers
  [Civ 4] Egyptians (despotism): 1 cities, 5 units, 31g, 6 techs, researching Masonry (73/78)
    Thebes: size=2, prod=Horsemen (4sh), bldgs=Palace, Barracks
    Units: 1x Warriors, 1x Settlers, 2x Archers, 1x Horsemen
  [Civ 1] Romans turn: 10 actions — ADJUST_ATTITUDE(1), CHANGE_PRODUCTION(1), MOVE_UNIT(4), UNIT_ORDER(4)
    ADJUST_ATTITUDE target=civ3
    CHANGE_PRODUCTION city=0
    CHANGE_PRODUCTION city=3

══════════════════════════════════════════════════════════════════════
  TURN 48 — 3060 B.C. (10ms)
══════════════════════════════════════════════════════════════════════
  [Civ 1] Romans (despotism): 1 cities, 6 units, 89g, 8 techs, researching Masonry (52/120)
    Rome: size=4, prod=Archers (6sh), bldgs=Palace, Barracks
    Units: 2x Warriors, 1x Horsemen, 1x Archers, 2x Legion
  [Civ 2] Babylonians (despotism): 1 cities, 7 units, 81g, 5 techs, researching Masonry (56/65)
    Babylon: size=2, prod=Settlers (2sh), bldgs=Palace
    Units: 2x Warriors, 1x Archers, 2x Horsemen, 1x Legion, 1x Settlers
  [Civ 3] Germans (despotism): 1 cities, 5 units, 27g, 5 techs, researching Masonry (33/65)
    Berlin: size=3, prod=Trireme (30sh), bldgs=Palace, Barracks
    Units: 1x Warriors, 1x Settlers, 1x Horsemen, 2x Archers
  [Civ 4] Egyptians (despotism): 1 cities, 5 units, 30g, 6 techs, researching Masonry (75/78)
    Thebes: size=2, prod=Warriors (4sh), bldgs=Palace, Barracks
    Units: 1x Warriors, 1x Settlers, 2x Archers, 1x Horsemen
  [Civ 1] Romans turn: 11 actions — ADJUST_ATTITUDE(1), MOVE_UNIT(5), UNIT_ORDER(5)
    ADJUST_ATTITUDE target=civ3
    CHANGE_PRODUCTION city=3
    END_TURN REJECTED: 1 units still need orders
      #28 Legion(Atk) @(28,66) mv=3 ord=none hp=full

══════════════════════════════════════════════════════════════════════
  TURN 49 — 3040 B.C. (7ms)
══════════════════════════════════════════════════════════════════════
  [Civ 1] Romans (despotism): 1 cities, 6 units, 90g, 8 techs, researching Masonry (57/120)
    Rome: size=4, prod=Archers (11sh), bldgs=Palace, Barracks
    Units: 2x Warriors, 1x Horsemen, 1x Archers, 2x Legion
  [Civ 2] Babylonians (despotism): 1 cities, 7 units, 83g, 5 techs, researching Masonry (58/65)
    Babylon: size=2, prod=Settlers (2sh), bldgs=Palace
    Units: 2x Warriors, 1x Archers, 2x Horsemen, 1x Legion, 1x Settlers
  [Civ 3] Germans (despotism): 1 cities, 5 units, 26g, 5 techs, researching Masonry (36/65)
    Berlin: size=3, prod=Trireme (35sh), bldgs=Palace, Barracks
    Units: 1x Warriors, 1x Settlers, 1x Horsemen, 2x Archers
  [Civ 4] Egyptians (despotism): 1 cities, 6 units, 29g, 6 techs, researching Masonry (77/78)
    Thebes: size=2, prod=Archers (4sh), bldgs=Palace, Barracks
    Units: 1x Warriors, 1x Settlers, 2x Archers, 1x Horsemen, 1x Legion
  [Civ 1] Romans turn: 10 actions — ADJUST_ATTITUDE(1), MOVE_UNIT(5), UNIT_ORDER(4)
    ADJUST_ATTITUDE target=civ3
    >>> Berlin built Trireme
    CHANGE_PRODUCTION city=2
    >>> Egyptians discovered: Masonry
    SET_RESEARCH tech=Pottery
    CHANGE_PRODUCTION city=3

══════════════════════════════════════════════════════════════════════
  FINAL SUMMARY
══════════════════════════════════════════════════════════════════════
Game ended at turn 50 (3020 B.C.)

── Civ 1: Romans (despotism) ALIVE ──
  Cities: 1 (peak 1, founded 1)
  Units:  6 (peak 6)
  Treasury: 91g
  Techs discovered: 2 — Bronze Working, Iron Working
  Actions: 312 total, 0 idle turns
  Breakdown: UNIT_ORDER(141), MOVE_UNIT(140), ADJUST_ATTITUDE(19), CHANGE_PRODUCTION(6), SET_RESEARCH(3), CHANGE_RATES(1), BUILD_CITY(1), RESPOND_TREATY(1)
  Army: 2x Warriors, 1x Horsemen, 1x Archers, 2x Legion
  Rome: size=4, shields=16

── Civ 2: Babylonians (despotism) ALIVE ──
  Cities: 1 (peak 1, founded 1)
  Units:  7 (peak 7)
  Treasury: 85g
  Techs discovered: 2 — Alphabet, Map Making
  Actions: 291 total, 0 idle turns
  Breakdown: MOVE_UNIT(139), UNIT_ORDER(139), CHANGE_PRODUCTION(5), SET_RESEARCH(3), ADJUST_ATTITUDE(3), CHANGE_RATES(1), BUILD_CITY(1)
  Army: 2x Warriors, 1x Archers, 2x Horsemen, 1x Legion, 1x Settlers
  Babylon: size=2, shields=2

── Civ 3: Germans (despotism) ALIVE ──
  Cities: 1 (peak 1, founded 2)
  Units:  6 (peak 5)
  Treasury: 25g
  Techs discovered: 1 — Alphabet
  Actions: 280 total, 0 idle turns
  Breakdown: UNIT_ORDER(126), MOVE_UNIT(122), ADJUST_ATTITUDE(19), CHANGE_PRODUCTION(5), SET_RESEARCH(3), BUILD_CITY(2), CHANGE_RATES(1), WORKER_ORDER(1), PROPOSE_TREATY(1)
  Army: 1x Warriors, 1x Settlers, 1x Horsemen, 2x Archers, 1x Trireme
  Berlin: size=3, shields=0

── Civ 4: Egyptians (despotism) ALIVE ──
  Cities: 1 (peak 1, founded 2)
  Units:  6 (peak 6)
  Treasury: 29g
  Techs discovered: 1 — Masonry
  Actions: 226 total, 0 idle turns
  Breakdown: UNIT_ORDER(104), MOVE_UNIT(101), CHANGE_PRODUCTION(13), ADJUST_ATTITUDE(3), SET_RESEARCH(2), BUILD_CITY(2), CHANGE_RATES(1)
  Army: 1x Warriors, 1x Settlers, 2x Archers, 1x Horsemen, 1x Legion
  Thebes: size=2, shields=0


══════════════════════════════════════════════════════════════════════
  AI BEHAVIOR ANALYSIS
══════════════════════════════════════════════════════════════════════
[Civ 1] Romans:
  WARNING: Only 1 city after 30+ turns

[Civ 2] Babylonians:
  WARNING: Only 1 city after 30+ turns
  WARNING: 1 units stuck (busy orders outside city)

[Civ 3] Germans:
  WARNING: 1 units stuck (busy orders outside city)

[Civ 4] Egyptians:
  WARNING: 1 units stuck (busy orders outside city)

