Charlization AI Headless Simulation
Date: 2026-03-19T06:10:45.205Z
Settings: 50 turns, 4 AI players, 50x80 map, difficulty=prince
Map seed: 99
Map generated in 70ms
Game initialized: 4 civs, 10 starting units
  Civ 1 (Romans): starts at (11,65) on Grassland
  Civ 2 (Babylonians): starts at (40,8) on Forest
  Civ 3 (Germans): starts at (23,37) on Hills
  Civ 4 (Egyptians): starts at (14,8) on Plains
    SET_RESEARCH tech=Bronze Working
    CHANGE_RATES sci=6 tax=4 lux=undefined
    BUILD_CITY unit=0 name="Rome"
    1 actions REJECTED (of 6)
    SET_RESEARCH tech=Alphabet
    CHANGE_RATES sci=6 tax=4 lux=undefined
    BUILD_CITY unit=2 name="Babylon"
    BUILD_CITY unit=8 name="Babylon"
    2 actions REJECTED (of 8)
    SET_RESEARCH tech=Ceremonial Burial
    CHANGE_RATES sci=6 tax=4 lux=undefined
    BUILD_CITY unit=4 name="Berlin"
    1 actions REJECTED (of 6)
    SET_RESEARCH tech=Masonry
    CHANGE_RATES sci=6 tax=4 lux=undefined
    BUILD_CITY unit=6 name="Thebes"
    BUILD_CITY unit=9 name="Thebes"
    2 actions REJECTED (of 8)

══════════════════════════════════════════════════════════════════════
  TURN 1 — 4000 B.C. (36ms)
══════════════════════════════════════════════════════════════════════
  [Civ 1] Romans (despotism): 1 cities, 1 units, 1g, 3 techs, researching Bronze Working (3/28)
    Rome: size=1, prod=Warriors (2sh), bldgs=Palace
    Units: 1x Warriors
  [Civ 2] Babylonians (despotism): 1 cities, 2 units, 0g, 3 techs, researching Alphabet (0/28)
    Babylon: size=1, prod=Warriors (0sh), bldgs=Palace
    Units: 1x Warriors, 1x Settlers
  [Civ 3] Germans (despotism): 1 cities, 1 units, 0g, 3 techs, researching Ceremonial Burial (0/28)
    Berlin: size=1, prod=Warriors (0sh), bldgs=Palace
    Units: 1x Warriors
  [Civ 4] Egyptians (despotism): 1 cities, 2 units, 0g, 3 techs, researching Masonry (0/28)
    Thebes: size=1, prod=Warriors (0sh), bldgs=Palace
    Units: 1x Warriors, 1x Settlers
  [Civ 1] Romans turn: 2 actions — MOVE_UNIT(1), UNIT_ORDER(1)
    CHANGE_PRODUCTION city=1
    SET_RESEARCH tech=Alphabet
    SET_RESEARCH tech=Iron Working
    CHANGE_PRODUCTION city=3
    END_TURN REJECTED: 1 units still need orders
      #10 Archers(Atk) @(15,10) mv=3 ord=none hp=full

══════════════════════════════════════════════════════════════════════
  TURN 2 — 3980 B.C. (17ms)
══════════════════════════════════════════════════════════════════════
  [Civ 1] Romans (despotism): 1 cities, 1 units, 2g, 6 techs, researching Bronze Working (6/36)
    Rome: size=1, prod=Warriors (4sh), bldgs=Palace
    Units: 1x Warriors
  [Civ 2] Babylonians (despotism): 1 cities, 2 units, 37g, 6 techs, researching Alphabet (2/36)
    Babylon: size=1, prod=Archers (1sh), bldgs=Palace
    Units: 1x Warriors, 1x Settlers
  [Civ 3] Germans (despotism): 1 cities, 1 units, 0g, 5 techs, researching Alphabet (2/36)
    Berlin: size=1, prod=Warriors (2sh), bldgs=Palace
    Units: 1x Warriors
  [Civ 4] Egyptians (despotism): 1 cities, 3 units, 1g, 5 techs, researching Iron Working (3/36)
    Thebes: size=1, prod=Archers (1sh), bldgs=Palace
    Units: 1x Warriors, 1x Settlers, 1x Archers
  [Civ 1] Romans turn: 3 actions — SET_RESEARCH(1), MOVE_UNIT(1), UNIT_ORDER(1)
    SET_RESEARCH tech=Map Making
    END_TURN REJECTED: 1 units still need orders
      #11 Archers(Atk) @(12,61) mv=3 ord=none hp=full

══════════════════════════════════════════════════════════════════════
  TURN 3 — 3960 B.C. (9ms)
══════════════════════════════════════════════════════════════════════
  [Civ 1] Romans (despotism): 1 cities, 2 units, 3g, 6 techs, researching Map Making (9/36)
    Rome: size=1, prod=Warriors (6sh), bldgs=Palace
    Units: 1x Warriors, 1x Archers
  [Civ 2] Babylonians (despotism): 1 cities, 2 units, 37g, 6 techs, researching Alphabet (4/36)
    Babylon: size=1, prod=Archers (4sh), bldgs=Palace
    Units: 1x Warriors, 1x Settlers
  [Civ 3] Germans (despotism): 1 cities, 1 units, 0g, 5 techs, researching Alphabet (4/36)
    Berlin: size=1, prod=Warriors (4sh), bldgs=Palace
    Units: 1x Warriors
  [Civ 4] Egyptians (despotism): 1 cities, 3 units, 2g, 5 techs, researching Iron Working (6/36)
    Thebes: size=1, prod=Archers (4sh), bldgs=Palace
    Units: 1x Warriors, 1x Settlers, 1x Archers
  [Civ 1] Romans turn: 4 actions — MOVE_UNIT(2), UNIT_ORDER(2)

══════════════════════════════════════════════════════════════════════
  TURN 4 — 3940 B.C. (10ms)
══════════════════════════════════════════════════════════════════════
  [Civ 1] Romans (despotism): 1 cities, 2 units, 4g, 6 techs, researching Map Making (12/36)
    Rome: size=1, prod=Warriors (8sh), bldgs=Palace
    Units: 1x Warriors, 1x Archers
  [Civ 2] Babylonians (despotism): 1 cities, 2 units, 37g, 6 techs, researching Alphabet (6/36)
    Babylon: size=1, prod=Archers (7sh), bldgs=Palace
    Units: 1x Warriors, 1x Settlers
  [Civ 3] Germans (despotism): 1 cities, 1 units, 0g, 5 techs, researching Alphabet (6/36)
    Berlin: size=1, prod=Warriors (6sh), bldgs=Palace
    Units: 1x Warriors
  [Civ 4] Egyptians (despotism): 1 cities, 3 units, 3g, 5 techs, researching Iron Working (9/36)
    Thebes: size=1, prod=Archers (7sh), bldgs=Palace
    Units: 1x Warriors, 1x Settlers, 1x Archers
  [Civ 1] Romans turn: 4 actions — MOVE_UNIT(2), UNIT_ORDER(2)
    >>> Rome built Warriors

══════════════════════════════════════════════════════════════════════
  TURN 5 — 3920 B.C. (8ms)
══════════════════════════════════════════════════════════════════════
  [Civ 1] Romans (despotism): 1 cities, 3 units, 5g, 6 techs, researching Map Making (15/36)
    Rome: size=1, prod=Warriors (0sh), bldgs=Palace
    Units: 2x Warriors, 1x Archers
  [Civ 2] Babylonians (despotism): 1 cities, 2 units, 37g, 6 techs, researching Alphabet (8/36)
    Babylon: size=1, prod=Archers (10sh), bldgs=Palace
    Units: 1x Warriors, 1x Settlers
  [Civ 3] Germans (despotism): 1 cities, 1 units, 0g, 5 techs, researching Alphabet (8/36)
    Berlin: size=1, prod=Warriors (8sh), bldgs=Palace
    Units: 1x Warriors
  [Civ 4] Egyptians (despotism): 1 cities, 3 units, 4g, 5 techs, researching Iron Working (12/36)
    Thebes: size=1, prod=Archers (10sh), bldgs=Palace
    Units: 1x Warriors, 1x Settlers, 1x Archers
  [Civ 1] Romans turn: 5 actions — CHANGE_PRODUCTION(1), MOVE_UNIT(2), UNIT_ORDER(2)
    CHANGE_PRODUCTION city=0
    >>> Berlin built Warriors
    CHANGE_PRODUCTION city=2

══════════════════════════════════════════════════════════════════════
  TURN 6 — 3900 B.C. (7ms)
══════════════════════════════════════════════════════════════════════
  [Civ 1] Romans (despotism): 1 cities, 3 units, 6g, 6 techs, researching Map Making (18/36)
    Rome: size=1, prod=building:8 (2sh), bldgs=Palace
    Units: 2x Warriors, 1x Archers
  [Civ 2] Babylonians (despotism): 1 cities, 2 units, 37g, 6 techs, researching Alphabet (10/36)
    Babylon: size=1, prod=Archers (13sh), bldgs=Palace
    Units: 1x Warriors, 1x Settlers
  [Civ 3] Germans (despotism): 1 cities, 2 units, 0g, 5 techs, researching Alphabet (10/36)
    Berlin: size=1, prod=Archers (0sh), bldgs=Palace
    Units: 2x Warriors
  [Civ 4] Egyptians (despotism): 1 cities, 3 units, 5g, 5 techs, researching Iron Working (15/36)
    Thebes: size=1, prod=Archers (13sh), bldgs=Palace
    Units: 1x Warriors, 1x Settlers, 1x Archers
  [Civ 1] Romans turn: 6 actions — MOVE_UNIT(2), UNIT_ORDER(4)

══════════════════════════════════════════════════════════════════════
  TURN 7 — 3880 B.C. (8ms)
══════════════════════════════════════════════════════════════════════
  [Civ 1] Romans (despotism): 1 cities, 3 units, 7g, 6 techs, researching Map Making (21/36)
    Rome: size=1, prod=building:8 (4sh), bldgs=Palace
    Units: 2x Warriors, 1x Archers
  [Civ 2] Babylonians (despotism): 1 cities, 2 units, 37g, 6 techs, researching Alphabet (12/36)
    Babylon: size=1, prod=Archers (16sh), bldgs=Palace
    Units: 1x Warriors, 1x Settlers
  [Civ 3] Germans (despotism): 1 cities, 2 units, 0g, 5 techs, researching Alphabet (12/36)
    Berlin: size=1, prod=Archers (2sh), bldgs=Palace
    Units: 2x Warriors
  [Civ 4] Egyptians (despotism): 1 cities, 3 units, 6g, 5 techs, researching Iron Working (18/36)
    Thebes: size=1, prod=Archers (16sh), bldgs=Palace
    Units: 1x Warriors, 1x Settlers, 1x Archers
  [Civ 1] Romans turn: 4 actions — MOVE_UNIT(2), UNIT_ORDER(2)
    END_TURN REJECTED: 1 units still need orders
      #14 Settlers(Settle) @(43,3) mv=3 ord=none hp=full
    END_TURN REJECTED: 1 units still need orders
      #15 Settlers(Settle) @(17,3) mv=3 ord=none hp=full

══════════════════════════════════════════════════════════════════════
  TURN 8 — 3860 B.C. (6ms)
══════════════════════════════════════════════════════════════════════
  [Civ 1] Romans (despotism): 1 cities, 3 units, 8g, 7 techs, researching Map Making (24/33)
    Rome: size=1, prod=building:8 (6sh), bldgs=Palace
    Units: 2x Warriors, 1x Archers
  [Civ 2] Babylonians (despotism): 1 cities, 3 units, 37g, 6 techs, researching Alphabet (14/36)
    Babylon: size=1, prod=Archers (19sh), bldgs=Palace
    Units: 1x Warriors, 2x Settlers
  [Civ 3] Germans (despotism): 1 cities, 2 units, 0g, 5 techs, researching Alphabet (14/36)
    Berlin: size=1, prod=Archers (4sh), bldgs=Palace
    Units: 2x Warriors
  [Civ 4] Egyptians (despotism): 1 cities, 4 units, 7g, 5 techs, researching Iron Working (21/36)
    Thebes: size=1, prod=Archers (19sh), bldgs=Palace
    Units: 1x Warriors, 2x Settlers, 1x Archers
  [Civ 1] Romans turn: 5 actions — CHANGE_PRODUCTION(1), MOVE_UNIT(2), UNIT_ORDER(2)
    CHANGE_PRODUCTION city=0
    BUILD_CITY unit=14 name="Sumer"
    1 actions REJECTED (of 4)

══════════════════════════════════════════════════════════════════════
  TURN 9 — 3840 B.C. (10ms)
══════════════════════════════════════════════════════════════════════
  [Civ 1] Romans (despotism): 1 cities, 3 units, 9g, 8 techs, researching Map Making (27/28)
    Rome: size=1, prod=Legion (2sh), bldgs=Palace
    Units: 2x Warriors, 1x Archers
  [Civ 2] Babylonians (despotism): 2 cities, 2 units, 37g, 6 techs, researching Alphabet (16/36)
    Babylon: size=1, prod=Archers (22sh), bldgs=Palace
    Sumer: size=1, prod=Warriors (0sh)
    Units: 1x Warriors, 1x Settlers
  [Civ 3] Germans (despotism): 1 cities, 2 units, 0g, 5 techs, researching Alphabet (16/36)
    Berlin: size=1, prod=Archers (6sh), bldgs=Palace
    Units: 2x Warriors
  [Civ 4] Egyptians (despotism): 1 cities, 4 units, 8g, 5 techs, researching Iron Working (24/36)
    Thebes: size=1, prod=Archers (22sh), bldgs=Palace
    Units: 1x Warriors, 2x Settlers, 1x Archers
  [Civ 1] Romans turn: 4 actions — MOVE_UNIT(2), UNIT_ORDER(2)
    >>> Romans discovered: Map Making
    >>> Rome grew to size 2

══════════════════════════════════════════════════════════════════════
  TURN 10 — 3820 B.C. (12ms)
══════════════════════════════════════════════════════════════════════
  [Civ 1] Romans (despotism): 1 cities, 3 units, 9g, 9 techs, researching none (0/32)
    Rome: size=2, prod=Legion (4sh), bldgs=Palace
    Units: 2x Warriors, 1x Archers
  [Civ 2] Babylonians (despotism): 2 cities, 2 units, 37g, 6 techs, researching Alphabet (20/36)
    Babylon: size=1, prod=Archers (25sh), bldgs=Palace
    Sumer: size=1, prod=Warriors (2sh)
    Units: 1x Warriors, 1x Settlers
  [Civ 3] Germans (despotism): 1 cities, 2 units, 0g, 5 techs, researching Alphabet (18/36)
    Berlin: size=1, prod=Archers (8sh), bldgs=Palace
    Units: 2x Warriors
  [Civ 4] Egyptians (despotism): 1 cities, 4 units, 9g, 5 techs, researching Iron Working (27/36)
    Thebes: size=1, prod=Archers (25sh), bldgs=Palace
    Units: 1x Warriors, 2x Settlers, 1x Archers
  [Civ 1] Romans turn: 5 actions — SET_RESEARCH(1), MOVE_UNIT(2), UNIT_ORDER(2)
    SET_RESEARCH tech=Mysticism
    >>> Berlin grew to size 2

══════════════════════════════════════════════════════════════════════
  TURN 11 — 3800 B.C. (11ms)
══════════════════════════════════════════════════════════════════════
  [Civ 1] Romans (despotism): 1 cities, 3 units, 11g, 9 techs, researching Mysticism (3/32)
    Rome: size=2, prod=Legion (7sh), bldgs=Palace
    Units: 2x Warriors, 1x Archers
  [Civ 2] Babylonians (despotism): 2 cities, 2 units, 37g, 6 techs, researching Alphabet (24/36)
    Babylon: size=1, prod=Archers (28sh), bldgs=Palace
    Sumer: size=1, prod=Warriors (4sh)
    Units: 1x Warriors, 1x Settlers
  [Civ 3] Germans (despotism): 1 cities, 2 units, 1g, 5 techs, researching Alphabet (20/36)
    Berlin: size=2, prod=Archers (10sh), bldgs=Palace
    Units: 2x Warriors
  [Civ 4] Egyptians (despotism): 1 cities, 4 units, 10g, 5 techs, researching Iron Working (30/36)
    Thebes: size=1, prod=Archers (28sh), bldgs=Palace
    Units: 1x Warriors, 2x Settlers, 1x Archers
  [Civ 1] Romans turn: 4 actions — MOVE_UNIT(2), UNIT_ORDER(2)
    >>> Babylon built Archers
    CHANGE_PRODUCTION city=1
    >>> Thebes built Archers
    CHANGE_PRODUCTION city=3

══════════════════════════════════════════════════════════════════════
  TURN 12 — 3780 B.C. (8ms)
══════════════════════════════════════════════════════════════════════
  [Civ 1] Romans (despotism): 1 cities, 3 units, 13g, 9 techs, researching Mysticism (6/32)
    Rome: size=2, prod=Legion (10sh), bldgs=Palace
    Units: 2x Warriors, 1x Archers
  [Civ 2] Babylonians (despotism): 2 cities, 3 units, 37g, 6 techs, researching Alphabet (28/36)
    Babylon: size=1, prod=Horsemen (0sh), bldgs=Palace
    Sumer: size=1, prod=Warriors (6sh)
    Units: 1x Warriors, 1x Settlers, 1x Archers
  [Civ 3] Germans (despotism): 1 cities, 2 units, 2g, 5 techs, researching Alphabet (22/36)
    Berlin: size=2, prod=Archers (13sh), bldgs=Palace
    Units: 2x Warriors
  [Civ 4] Egyptians (despotism): 1 cities, 5 units, 11g, 5 techs, researching Iron Working (33/36)
    Thebes: size=1, prod=building:8 (0sh), bldgs=Palace
    Units: 1x Warriors, 2x Settlers, 2x Archers
  [Civ 1] Romans turn: 4 actions — MOVE_UNIT(2), UNIT_ORDER(2)
    >>> Egyptians discovered: Iron Working
    SET_RESEARCH tech=Alphabet
    CHANGE_PRODUCTION city=3

══════════════════════════════════════════════════════════════════════
  TURN 13 — 3760 B.C. (11ms)
══════════════════════════════════════════════════════════════════════
  [Civ 1] Romans (despotism): 1 cities, 3 units, 15g, 9 techs, researching Mysticism (9/32)
    Rome: size=2, prod=Legion (13sh), bldgs=Palace
    Units: 2x Warriors, 1x Archers
  [Civ 2] Babylonians (despotism): 2 cities, 3 units, 37g, 6 techs, researching Alphabet (32/36)
    Babylon: size=1, prod=Horsemen (3sh), bldgs=Palace
    Sumer: size=1, prod=Warriors (8sh)
    Units: 1x Warriors, 1x Settlers, 1x Archers
  [Civ 3] Germans (despotism): 1 cities, 2 units, 3g, 5 techs, researching Alphabet (24/36)
    Berlin: size=2, prod=Archers (16sh), bldgs=Palace
    Units: 2x Warriors
  [Civ 4] Egyptians (despotism): 1 cities, 5 units, 11g, 6 techs, researching Alphabet (0/36)
    Thebes: size=1, prod=Legion (0sh), bldgs=Palace
    Units: 1x Warriors, 2x Settlers, 2x Archers
  [Civ 1] Romans turn: 4 actions — MOVE_UNIT(2), UNIT_ORDER(2)
    >>> Babylonians discovered: Alphabet
    >>> Sumer built Warriors
    SET_RESEARCH tech=Code of Laws
    CHANGE_PRODUCTION city=4
    BUILD_CITY unit=15 name="Memphis"
    1 actions REJECTED (of 6)

══════════════════════════════════════════════════════════════════════
  TURN 14 — 3740 B.C. (7ms)
══════════════════════════════════════════════════════════════════════
  [Civ 1] Romans (despotism): 1 cities, 3 units, 17g, 9 techs, researching Mysticism (12/32)
    Rome: size=2, prod=Legion (16sh), bldgs=Palace
    Units: 2x Warriors, 1x Archers
  [Civ 2] Babylonians (despotism): 2 cities, 4 units, 37g, 7 techs, researching Code of Laws (0/33)
    Babylon: size=1, prod=Horsemen (6sh), bldgs=Palace
    Sumer: size=1, prod=Horsemen (0sh)
    Units: 2x Warriors, 1x Settlers, 1x Archers
  [Civ 3] Germans (despotism): 1 cities, 2 units, 4g, 5 techs, researching Alphabet (26/36)
    Berlin: size=2, prod=Archers (19sh), bldgs=Palace
    Units: 2x Warriors
  [Civ 4] Egyptians (despotism): 2 cities, 4 units, 12g, 6 techs, researching Alphabet (3/36)
    Thebes: size=1, prod=Legion (3sh), bldgs=Palace
    Memphis: size=1, prod=Warriors (0sh)
    Units: 1x Warriors, 1x Settlers, 2x Archers
  [Civ 1] Romans turn: 4 actions — MOVE_UNIT(2), UNIT_ORDER(2)
    SET_RESEARCH tech=Code of Laws
    SET_RESEARCH tech=Mysticism

══════════════════════════════════════════════════════════════════════
  TURN 15 — 3720 B.C. (7ms)
══════════════════════════════════════════════════════════════════════
  [Civ 1] Romans (despotism): 1 cities, 3 units, 19g, 9 techs, researching Mysticism (15/32)
    Rome: size=2, prod=Legion (19sh), bldgs=Palace
    Units: 2x Warriors, 1x Archers
  [Civ 2] Babylonians (despotism): 2 cities, 4 units, 37g, 8 techs, researching Code of Laws (4/28)
    Babylon: size=1, prod=Horsemen (9sh), bldgs=Palace
    Sumer: size=1, prod=Horsemen (2sh)
    Units: 2x Warriors, 1x Settlers, 1x Archers
  [Civ 3] Germans (despotism): 1 cities, 2 units, 5g, 7 techs, researching Code of Laws (28/33)
    Berlin: size=2, prod=Archers (22sh), bldgs=Palace
    Units: 2x Warriors
  [Civ 4] Egyptians (despotism): 2 cities, 4 units, 13g, 7 techs, researching Mysticism (7/33)
    Thebes: size=1, prod=Legion (6sh), bldgs=Palace
    Memphis: size=1, prod=Warriors (1sh)
    Units: 1x Warriors, 1x Settlers, 2x Archers
  [Civ 1] Romans turn: 4 actions — MOVE_UNIT(2), UNIT_ORDER(2)

══════════════════════════════════════════════════════════════════════
  TURN 16 — 3700 B.C. (5ms)
══════════════════════════════════════════════════════════════════════
  [Civ 1] Romans (despotism): 1 cities, 3 units, 21g, 9 techs, researching Mysticism (18/32)
    Rome: size=2, prod=Legion (22sh), bldgs=Palace
    Units: 2x Warriors, 1x Archers
  [Civ 2] Babylonians (despotism): 2 cities, 4 units, 37g, 8 techs, researching Code of Laws (8/28)
    Babylon: size=1, prod=Horsemen (12sh), bldgs=Palace
    Sumer: size=1, prod=Horsemen (4sh)
    Units: 2x Warriors, 1x Settlers, 1x Archers
  [Civ 3] Germans (despotism): 1 cities, 2 units, 6g, 7 techs, researching Code of Laws (30/33)
    Berlin: size=2, prod=Archers (25sh), bldgs=Palace
    Units: 2x Warriors
  [Civ 4] Egyptians (despotism): 2 cities, 4 units, 14g, 7 techs, researching Mysticism (11/33)
    Thebes: size=1, prod=Legion (9sh), bldgs=Palace
    Memphis: size=1, prod=Warriors (2sh)
    Units: 1x Warriors, 1x Settlers, 2x Archers
  [Civ 1] Romans turn: 4 actions — MOVE_UNIT(2), UNIT_ORDER(2)

══════════════════════════════════════════════════════════════════════
  TURN 17 — 3680 B.C. (8ms)
══════════════════════════════════════════════════════════════════════
  [Civ 1] Romans (despotism): 1 cities, 3 units, 23g, 9 techs, researching Mysticism (21/32)
    Rome: size=2, prod=Legion (25sh), bldgs=Palace
    Units: 2x Warriors, 1x Archers
  [Civ 2] Babylonians (despotism): 2 cities, 4 units, 37g, 8 techs, researching Code of Laws (12/28)
    Babylon: size=1, prod=Horsemen (15sh), bldgs=Palace
    Sumer: size=1, prod=Horsemen (6sh)
    Units: 2x Warriors, 1x Settlers, 1x Archers
  [Civ 3] Germans (despotism): 1 cities, 2 units, 7g, 7 techs, researching Code of Laws (32/33)
    Berlin: size=2, prod=Archers (28sh), bldgs=Palace
    Units: 2x Warriors
  [Civ 4] Egyptians (despotism): 2 cities, 4 units, 15g, 7 techs, researching Mysticism (15/33)
    Thebes: size=1, prod=Legion (12sh), bldgs=Palace
    Memphis: size=1, prod=Warriors (3sh)
    Units: 1x Warriors, 1x Settlers, 2x Archers
  [Civ 1] Romans turn: 4 actions — MOVE_UNIT(2), UNIT_ORDER(2)
    >>> Germans discovered: Code of Laws
    >>> Berlin built Archers
    SET_RESEARCH tech=Mysticism
    CHANGE_PRODUCTION city=2

══════════════════════════════════════════════════════════════════════
  TURN 18 — 3660 B.C. (11ms)
══════════════════════════════════════════════════════════════════════
  [Civ 1] Romans (despotism): 1 cities, 3 units, 25g, 9 techs, researching Mysticism (24/32)
    Rome: size=2, prod=Legion (28sh), bldgs=Palace
    Units: 2x Warriors, 1x Archers
  [Civ 2] Babylonians (despotism): 2 cities, 4 units, 37g, 8 techs, researching Code of Laws (16/28)
    Babylon: size=1, prod=Horsemen (18sh), bldgs=Palace
    Sumer: size=1, prod=Horsemen (8sh)
    Units: 2x Warriors, 1x Settlers, 1x Archers
  [Civ 3] Germans (despotism): 1 cities, 3 units, 7g, 8 techs, researching Mysticism (0/28)
    Berlin: size=2, prod=Legion (0sh), bldgs=Palace
    Units: 2x Warriors, 1x Archers
  [Civ 4] Egyptians (despotism): 2 cities, 4 units, 16g, 7 techs, researching Mysticism (19/33)
    Thebes: size=1, prod=Legion (15sh), bldgs=Palace
    Memphis: size=1, prod=Warriors (4sh)
    Units: 1x Warriors, 1x Settlers, 2x Archers
  [Civ 1] Romans turn: 4 actions — MOVE_UNIT(2), UNIT_ORDER(2)
    >>> Babylon built Horsemen
    >>> Sumer grew to size 2
    CHANGE_PRODUCTION city=1
    CHANGE_PRODUCTION city=4

══════════════════════════════════════════════════════════════════════
  TURN 19 — 3640 B.C. (7ms)
══════════════════════════════════════════════════════════════════════
  [Civ 1] Romans (despotism): 1 cities, 3 units, 27g, 9 techs, researching Mysticism (27/32)
    Rome: size=2, prod=Legion (31sh), bldgs=Palace
    Units: 2x Warriors, 1x Archers
  [Civ 2] Babylonians (despotism): 2 cities, 5 units, 37g, 8 techs, researching Code of Laws (21/28)
    Babylon: size=1, prod=Legion (0sh), bldgs=Palace
    Sumer: size=2, prod=Legion (5sh)
    Units: 2x Warriors, 1x Settlers, 1x Archers, 1x Horsemen
  [Civ 3] Germans (despotism): 1 cities, 3 units, 8g, 8 techs, researching Mysticism (2/28)
    Berlin: size=2, prod=Legion (3sh), bldgs=Palace
    Units: 2x Warriors, 1x Archers
  [Civ 4] Egyptians (despotism): 2 cities, 4 units, 17g, 7 techs, researching Mysticism (23/33)
    Thebes: size=1, prod=Legion (18sh), bldgs=Palace
    Memphis: size=1, prod=Warriors (5sh)
    Units: 1x Warriors, 1x Settlers, 2x Archers
  [Civ 1] Romans turn: 4 actions — MOVE_UNIT(2), UNIT_ORDER(2)

══════════════════════════════════════════════════════════════════════
  TURN 20 — 3620 B.C. (9ms)
══════════════════════════════════════════════════════════════════════
  [Civ 1] Romans (despotism): 1 cities, 3 units, 29g, 9 techs, researching Mysticism (30/32)
    Rome: size=2, prod=Legion (34sh), bldgs=Palace
    Units: 2x Warriors, 1x Archers
  [Civ 2] Babylonians (despotism): 2 cities, 5 units, 37g, 8 techs, researching Code of Laws (26/28)
    Babylon: size=1, prod=Legion (2sh), bldgs=Palace
    Sumer: size=2, prod=Legion (9sh)
    Units: 2x Warriors, 1x Settlers, 1x Archers, 1x Horsemen
  [Civ 3] Germans (despotism): 1 cities, 3 units, 9g, 8 techs, researching Mysticism (4/28)
    Berlin: size=2, prod=Legion (6sh), bldgs=Palace
    Units: 2x Warriors, 1x Archers
  [Civ 4] Egyptians (despotism): 2 cities, 4 units, 18g, 7 techs, researching Mysticism (27/33)
    Thebes: size=1, prod=Legion (21sh), bldgs=Palace
    Memphis: size=1, prod=Warriors (6sh)
    Units: 1x Warriors, 1x Settlers, 2x Archers
  [Civ 1] Romans turn: 4 actions — MOVE_UNIT(2), UNIT_ORDER(2)
    >>> Babylonians discovered: Code of Laws
    >>> Babylon grew to size 2
    SET_RESEARCH tech=Mathematics
    END_TURN REJECTED: 1 units still need orders
      #26 Horsemen(Atk) @(38,9) mv=3 ord=none hp=full
    >>> Egyptians discovered: Mysticism
    >>> Thebes grew to size 2
    >>> Memphis grew to size 2
    SET_RESEARCH tech=Currency
    >>> Romans discovered: Mysticism

══════════════════════════════════════════════════════════════════════
  TURN 21 — 3600 B.C. (16ms)
══════════════════════════════════════════════════════════════════════
  [Civ 1] Romans (despotism): 1 cities, 3 units, 29g, 10 techs, researching none (0/48)
    Rome: size=2, prod=Legion (37sh), bldgs=Palace
    Units: 2x Warriors, 1x Archers
  [Civ 2] Babylonians (despotism): 2 cities, 5 units, 37g, 9 techs, researching Mathematics (0/21)
    Babylon: size=2, prod=Legion (4sh), bldgs=Palace
    Sumer: size=2, prod=Legion (13sh)
    Units: 2x Warriors, 1x Settlers, 1x Archers, 1x Horsemen
  [Civ 3] Germans (despotism): 1 cities, 3 units, 10g, 8 techs, researching Mysticism (6/28)
    Berlin: size=2, prod=Legion (9sh), bldgs=Palace
    Units: 2x Warriors, 1x Archers
  [Civ 4] Egyptians (despotism): 2 cities, 4 units, 18g, 8 techs, researching Currency (0/28)
    Thebes: size=2, prod=Legion (24sh), bldgs=Palace
    Memphis: size=2, prod=Warriors (7sh)
    Units: 1x Warriors, 1x Settlers, 2x Archers
  [Civ 1] Romans turn: 5 actions — SET_RESEARCH(1), MOVE_UNIT(2), UNIT_ORDER(2)
    SET_RESEARCH tech=Seafaring
    >>> Rome built Legion

══════════════════════════════════════════════════════════════════════
  TURN 22 — 3580 B.C. (7ms)
══════════════════════════════════════════════════════════════════════
  [Civ 1] Romans (despotism): 1 cities, 4 units, 31g, 11 techs, researching Seafaring (3/52)
    Rome: size=2, prod=Legion (0sh), bldgs=Palace
    Units: 2x Warriors, 1x Archers, 1x Legion
  [Civ 2] Babylonians (despotism): 2 cities, 5 units, 37g, 9 techs, researching Mathematics (6/21)
    Babylon: size=2, prod=Legion (8sh), bldgs=Palace
    Sumer: size=2, prod=Legion (17sh)
    Units: 2x Warriors, 1x Settlers, 1x Archers, 1x Horsemen
  [Civ 3] Germans (despotism): 1 cities, 3 units, 11g, 8 techs, researching Mysticism (8/28)
    Berlin: size=2, prod=Legion (12sh), bldgs=Palace
    Units: 2x Warriors, 1x Archers
  [Civ 4] Egyptians (despotism): 2 cities, 4 units, 20g, 9 techs, researching Currency (6/21)
    Thebes: size=2, prod=Legion (28sh), bldgs=Palace
    Memphis: size=2, prod=Warriors (8sh)
    Units: 1x Warriors, 1x Settlers, 2x Archers
  [Civ 1] Romans turn: 5 actions — CHANGE_PRODUCTION(1), MOVE_UNIT(2), UNIT_ORDER(2)
    CHANGE_PRODUCTION city=0
    SET_RESEARCH tech=Map Making

══════════════════════════════════════════════════════════════════════
  TURN 23 — 3560 B.C. (5ms)
══════════════════════════════════════════════════════════════════════
  [Civ 1] Romans (despotism): 1 cities, 4 units, 33g, 11 techs, researching Seafaring (6/52)
    Rome: size=2, prod=building:8 (3sh), bldgs=Palace
    Units: 2x Warriors, 1x Archers, 1x Legion
  [Civ 2] Babylonians (despotism): 2 cities, 5 units, 37g, 11 techs, researching Mathematics (12/52)
    Babylon: size=2, prod=Legion (12sh), bldgs=Palace
    Sumer: size=2, prod=Legion (21sh)
    Units: 2x Warriors, 1x Settlers, 1x Archers, 1x Horsemen
  [Civ 3] Germans (despotism): 1 cities, 3 units, 12g, 9 techs, researching Map Making (10/21)
    Berlin: size=2, prod=Legion (15sh), bldgs=Palace
    Units: 2x Warriors, 1x Archers
  [Civ 4] Egyptians (despotism): 2 cities, 4 units, 22g, 9 techs, researching Currency (12/21)
    Thebes: size=2, prod=Legion (32sh), bldgs=Palace
    Memphis: size=2, prod=Warriors (9sh)
    Units: 1x Warriors, 1x Settlers, 2x Archers
  [Civ 1] Romans turn: 6 actions — MOVE_UNIT(3), UNIT_ORDER(3)
    >>> Memphis built Warriors
    CHANGE_PRODUCTION city=5

══════════════════════════════════════════════════════════════════════
  TURN 24 — 3540 B.C. (6ms)
══════════════════════════════════════════════════════════════════════
  [Civ 1] Romans (despotism): 1 cities, 4 units, 35g, 11 techs, researching Seafaring (9/52)
    Rome: size=2, prod=building:8 (6sh), bldgs=Palace
    Units: 2x Warriors, 1x Archers, 1x Legion
  [Civ 2] Babylonians (despotism): 2 cities, 5 units, 37g, 11 techs, researching Mathematics (18/52)
    Babylon: size=2, prod=Legion (16sh), bldgs=Palace
    Sumer: size=2, prod=Legion (25sh)
    Units: 2x Warriors, 1x Settlers, 1x Archers, 1x Horsemen
  [Civ 3] Germans (despotism): 1 cities, 3 units, 13g, 9 techs, researching Map Making (12/21)
    Berlin: size=2, prod=Legion (18sh), bldgs=Palace
    Units: 2x Warriors, 1x Archers
  [Civ 4] Egyptians (despotism): 2 cities, 5 units, 24g, 9 techs, researching Currency (18/21)
    Thebes: size=2, prod=Legion (36sh), bldgs=Palace
    Memphis: size=2, prod=Legion (0sh)
    Units: 2x Warriors, 1x Settlers, 2x Archers
  [Civ 1] Romans turn: 5 actions — MOVE_UNIT(3), UNIT_ORDER(2)
    >>> Egyptians discovered: Currency
    >>> Thebes built Legion
    SET_RESEARCH tech=Construction
    CHANGE_PRODUCTION city=3
    CHANGE_PRODUCTION city=5
    >>> Rome grew to size 3

══════════════════════════════════════════════════════════════════════
  TURN 25 — 3520 B.C. (9ms)
══════════════════════════════════════════════════════════════════════
  [Civ 1] Romans (despotism): 1 cities, 4 units, 37g, 11 techs, researching Seafaring (13/26)
    Rome: size=3, prod=building:8 (9sh), bldgs=Palace
    Units: 2x Warriors, 1x Archers, 1x Legion
  [Civ 2] Babylonians (despotism): 2 cities, 5 units, 37g, 12 techs, researching Mathematics (24/57)
    Babylon: size=2, prod=Legion (20sh), bldgs=Palace
    Sumer: size=2, prod=Legion (29sh)
    Units: 2x Warriors, 1x Settlers, 1x Archers, 1x Horsemen
  [Civ 3] Germans (despotism): 1 cities, 3 units, 14g, 9 techs, researching Map Making (14/21)
    Berlin: size=2, prod=Legion (21sh), bldgs=Palace
    Units: 2x Warriors, 1x Archers
  [Civ 4] Egyptians (despotism): 2 cities, 6 units, 24g, 10 techs, researching Construction (0/24)
    Thebes: size=2, prod=building:8 (0sh), bldgs=Palace
    Memphis: size=2, prod=building:8 (0sh)
    Units: 2x Warriors, 1x Settlers, 2x Archers, 1x Legion
  [Civ 1] Romans turn: 6 actions — MOVE_UNIT(3), UNIT_ORDER(3)
    >>> Berlin grew to size 3
    SET_RESEARCH tech=Mathematics
    ADJUST_ATTITUDE target=civ1
    ADJUST_ATTITUDE target=civ1
    ADJUST_ATTITUDE target=civ1
    ADJUST_ATTITUDE target=civ1
    DECLARE_WAR target=civ1
    ADJUST_ATTITUDE target=civ1
    END_TURN REJECTED: 1 units still need orders
      #13 Warriors(Atk) @(23,37) mv=3 ord=none hp=full
    CHANGE_PRODUCTION city=5

══════════════════════════════════════════════════════════════════════
  TURN 26 — 3500 B.C. (11ms)
══════════════════════════════════════════════════════════════════════
  [Civ 1] Romans (despotism): 1 cities, 4 units, 39g, 11 techs, researching Seafaring (17/26)
    Rome: size=3, prod=building:8 (13sh), bldgs=Palace
    Units: 2x Warriors, 1x Archers, 1x Legion
  [Civ 2] Babylonians (despotism): 2 cities, 5 units, 86g, 12 techs, researching Mathematics (30/57)
    Babylon: size=2, prod=Legion (24sh), bldgs=Palace
    Sumer: size=2, prod=Legion (33sh)
    Units: 2x Warriors, 1x Settlers, 1x Archers, 1x Horsemen
  [Civ 3] Germans (despotism): 1 cities, 3 units, 15g, 10 techs, researching Mathematics (18/24)
    Berlin: size=3, prod=Legion (24sh), bldgs=Palace
    Units: 2x Warriors, 1x Archers
  [Civ 4] Egyptians (despotism): 2 cities, 6 units, 26g, 11 techs, researching Construction (6/26)
    Thebes: size=2, prod=building:8 (4sh), bldgs=Palace
    Memphis: size=2, prod=Trireme (0sh)
    Units: 2x Warriors, 1x Settlers, 2x Archers, 1x Legion
  [Civ 1] Romans turn: 7 actions — ADJUST_ATTITUDE(1), MOVE_UNIT(3), UNIT_ORDER(3)
    ADJUST_ATTITUDE target=civ3
    COMBAT: Archers vs Warriors → defWin (atkHp=undefined, defHp=undefined)
    1 actions REJECTED (of 7)
    ADJUST_ATTITUDE target=civ1

══════════════════════════════════════════════════════════════════════
  TURN 27 — 3480 B.C. (9ms)
══════════════════════════════════════════════════════════════════════
  [Civ 1] Romans (despotism): 1 cities, 3 units, 41g, 11 techs, researching Seafaring (21/26)
    Rome: size=3, prod=building:8 (17sh), bldgs=Palace
    Units: 2x Warriors, 1x Legion
  [Civ 2] Babylonians (despotism): 2 cities, 5 units, 86g, 12 techs, researching Mathematics (36/57)
    Babylon: size=2, prod=Legion (28sh), bldgs=Palace
    Sumer: size=2, prod=Legion (37sh)
    Units: 2x Warriors, 1x Settlers, 1x Archers, 1x Horsemen
  [Civ 3] Germans (despotism): 1 cities, 3 units, 16g, 10 techs, researching Mathematics (22/24)
    Berlin: size=3, prod=Legion (30sh), bldgs=Palace
    Units: 2x Warriors, 1x Archers
  [Civ 4] Egyptians (despotism): 2 cities, 6 units, 28g, 11 techs, researching Construction (12/26)
    Thebes: size=2, prod=building:8 (8sh), bldgs=Palace
    Memphis: size=2, prod=Trireme (1sh)
    Units: 2x Warriors, 1x Settlers, 2x Archers, 1x Legion
  [Civ 1] Romans turn: 6 actions — ADJUST_ATTITUDE(2), MOVE_UNIT(2), UNIT_ORDER(2)
    ADJUST_ATTITUDE target=civ3
    ADJUST_ATTITUDE target=civ3
    >>> Sumer built Legion
    CHANGE_PRODUCTION city=1
    CHANGE_PRODUCTION city=4
    >>> Germans discovered: Mathematics
    SET_RESEARCH tech=Seafaring
    ADJUST_ATTITUDE target=civ1
    ADJUST_ATTITUDE target=civ1

══════════════════════════════════════════════════════════════════════
  TURN 28 — 3460 B.C. (10ms)
══════════════════════════════════════════════════════════════════════
  [Civ 1] Romans (despotism): 1 cities, 3 units, 43g, 11 techs, researching Seafaring (25/26)
    Rome: size=3, prod=building:8 (21sh), bldgs=Palace
    Units: 2x Warriors, 1x Legion
  [Civ 2] Babylonians (despotism): 2 cities, 6 units, 86g, 12 techs, researching Mathematics (42/57)
    Babylon: size=2, prod=Chariot (16sh), bldgs=Palace
    Sumer: size=2, prod=Chariot (0sh)
    Units: 2x Warriors, 1x Settlers, 1x Archers, 1x Horsemen, 1x Legion
  [Civ 3] Germans (despotism): 1 cities, 3 units, 16g, 11 techs, researching Seafaring (0/26)
    Berlin: size=3, prod=Legion (36sh), bldgs=Palace
    Units: 2x Warriors, 1x Archers
  [Civ 4] Egyptians (despotism): 2 cities, 6 units, 30g, 11 techs, researching Construction (18/26)
    Thebes: size=2, prod=building:8 (12sh), bldgs=Palace
    Memphis: size=2, prod=Trireme (2sh)
    Units: 2x Warriors, 1x Settlers, 2x Archers, 1x Legion
  [Civ 1] Romans turn: 5 actions — ADJUST_ATTITUDE(1), MOVE_UNIT(2), UNIT_ORDER(2)
    ADJUST_ATTITUDE target=civ3
    >>> Berlin built Legion
    ADJUST_ATTITUDE target=civ1
    CHANGE_PRODUCTION city=2
    >>> Romans discovered: Seafaring

══════════════════════════════════════════════════════════════════════
  TURN 29 — 3440 B.C. (10ms)
══════════════════════════════════════════════════════════════════════
  [Civ 1] Romans (despotism): 1 cities, 3 units, 43g, 12 techs, researching none (0/57)
    Rome: size=3, prod=building:8 (25sh), bldgs=Palace
    Units: 2x Warriors, 1x Legion
  [Civ 2] Babylonians (despotism): 2 cities, 6 units, 86g, 12 techs, researching Mathematics (48/57)
    Babylon: size=2, prod=Chariot (20sh), bldgs=Palace
    Sumer: size=2, prod=Chariot (4sh)
    Units: 2x Warriors, 1x Settlers, 1x Archers, 1x Horsemen, 1x Legion
  [Civ 3] Germans (despotism): 1 cities, 4 units, 17g, 11 techs, researching Seafaring (4/26)
    Berlin: size=3, prod=Catapult (1sh), bldgs=Palace
    Units: 2x Warriors, 1x Archers, 1x Legion
  [Civ 4] Egyptians (despotism): 2 cities, 6 units, 32g, 11 techs, researching Construction (24/26)
    Thebes: size=2, prod=building:8 (16sh), bldgs=Palace
    Memphis: size=2, prod=Trireme (3sh)
    Units: 2x Warriors, 1x Settlers, 2x Archers, 1x Legion
  [Civ 1] Romans turn: 6 actions — SET_RESEARCH(1), ADJUST_ATTITUDE(1), MOVE_UNIT(2), UNIT_ORDER(2)
    SET_RESEARCH tech=Currency
    ADJUST_ATTITUDE target=civ3
    ADJUST_ATTITUDE target=civ1
    END_TURN REJECTED: 1 units still need orders
      #32 Legion(Atk) @(27,40) mv=3 ord=none hp=full
    SET_RESEARCH tech=Bridge Building

══════════════════════════════════════════════════════════════════════
  TURN 30 — 3420 B.C. (10ms)
══════════════════════════════════════════════════════════════════════
  [Civ 1] Romans (despotism): 1 cities, 3 units, 45g, 12 techs, researching Currency (4/57)
    Rome: size=3, prod=building:8 (29sh), bldgs=Palace
    Units: 2x Warriors, 1x Legion
  [Civ 2] Babylonians (despotism): 2 cities, 6 units, 86g, 12 techs, researching Mathematics (54/57)
    Babylon: size=2, prod=Chariot (24sh), bldgs=Palace
    Sumer: size=2, prod=Chariot (8sh)
    Units: 2x Warriors, 1x Settlers, 1x Archers, 1x Horsemen, 1x Legion
  [Civ 3] Germans (despotism): 1 cities, 5 units, 18g, 11 techs, researching Seafaring (8/26)
    Berlin: size=3, prod=Catapult (7sh), bldgs=Palace
    Units: 2x Warriors, 1x Archers, 2x Legion
  [Civ 4] Egyptians (despotism): 2 cities, 6 units, 32g, 12 techs, researching Bridge Building (0/57)
    Thebes: size=2, prod=building:8 (20sh), bldgs=Palace
    Memphis: size=2, prod=Trireme (4sh)
    Units: 2x Warriors, 1x Settlers, 2x Archers, 1x Legion
  [Civ 1] Romans turn: 6 actions — ADJUST_ATTITUDE(2), MOVE_UNIT(2), UNIT_ORDER(2)
    ADJUST_ATTITUDE target=civ3
    ADJUST_ATTITUDE target=civ3
    >>> Babylonians discovered: Mathematics
    SET_RESEARCH tech=Astronomy
    ADJUST_ATTITUDE target=civ1
    END_TURN REJECTED: 1 units still need orders
      #33 Settlers(Settle) @(27,39) mv=3 ord=none hp=full

══════════════════════════════════════════════════════════════════════
  TURN 31 — 3400 B.C. (14ms)
══════════════════════════════════════════════════════════════════════
  [Civ 1] Romans (despotism): 1 cities, 3 units, 47g, 12 techs, researching Currency (8/28)
    Rome: size=3, prod=building:8 (33sh), bldgs=Palace
    Units: 2x Warriors, 1x Legion
  [Civ 2] Babylonians (despotism): 2 cities, 6 units, 86g, 13 techs, researching Astronomy (0/62)
    Babylon: size=2, prod=Chariot (28sh), bldgs=Palace
    Sumer: size=2, prod=Chariot (12sh)
    Units: 2x Warriors, 1x Settlers, 1x Archers, 1x Horsemen, 1x Legion
  [Civ 3] Germans (despotism): 1 cities, 6 units, 19g, 11 techs, researching Seafaring (12/26)
    Berlin: size=3, prod=Catapult (13sh), bldgs=Palace
    Units: 2x Warriors, 1x Archers, 2x Legion, 1x Settlers
  [Civ 4] Egyptians (despotism): 2 cities, 6 units, 34g, 12 techs, researching Bridge Building (6/28)
    Thebes: size=2, prod=building:8 (24sh), bldgs=Palace
    Memphis: size=2, prod=Trireme (5sh)
    Units: 2x Warriors, 1x Settlers, 2x Archers, 1x Legion
  [Civ 1] Romans turn: 5 actions — ADJUST_ATTITUDE(1), MOVE_UNIT(2), UNIT_ORDER(2)
    ADJUST_ATTITUDE target=civ3
    >>> Babylon built Chariot
    CHANGE_PRODUCTION city=1
    CHANGE_PRODUCTION city=4
    ADJUST_ATTITUDE target=civ1
    BUILD_CITY unit=33 name="Hamburg"
    1 actions REJECTED (of 11)

══════════════════════════════════════════════════════════════════════
  TURN 32 — 3380 B.C. (11ms)
══════════════════════════════════════════════════════════════════════
  [Civ 1] Romans (despotism): 1 cities, 3 units, 49g, 13 techs, researching Currency (12/62)
    Rome: size=3, prod=building:8 (37sh), bldgs=Palace
    Units: 2x Warriors, 1x Legion
  [Civ 2] Babylonians (despotism): 2 cities, 7 units, 86g, 13 techs, researching Astronomy (5/62)
    Babylon: size=2, prod=Catapult (1sh), bldgs=Palace
    Sumer: size=2, prod=Catapult (8sh)
    Units: 2x Warriors, 1x Settlers, 1x Archers, 1x Horsemen, 1x Legion, 1x Chariot
  [Civ 3] Germans (despotism): 2 cities, 5 units, 20g, 11 techs, researching Seafaring (16/26)
    Berlin: size=3, prod=Catapult (19sh), bldgs=Palace
    Hamburg: size=1, prod=Warriors (0sh)
    Units: 2x Warriors, 1x Archers, 2x Legion
  [Civ 4] Egyptians (despotism): 2 cities, 6 units, 36g, 13 techs, researching Bridge Building (12/62)
    Thebes: size=2, prod=building:8 (28sh), bldgs=Palace
    Memphis: size=2, prod=Trireme (6sh)
    Units: 2x Warriors, 1x Settlers, 2x Archers, 1x Legion
  [Civ 1] Romans turn: 10 actions — ADJUST_ATTITUDE(5), PROPOSE_TREATY(1), MOVE_UNIT(2), UNIT_ORDER(2)
    ADJUST_ATTITUDE target=civ2
    ADJUST_ATTITUDE target=civ3
    ADJUST_ATTITUDE target=civ4
    ADJUST_ATTITUDE target=civ3
    PROPOSE_TREATY treaty=ceasefire target=civ3
    ADJUST_ATTITUDE target=civ3
    ADJUST_ATTITUDE target=civ1
    ADJUST_ATTITUDE target=civ3
    ADJUST_ATTITUDE target=civ4
    ADJUST_ATTITUDE target=civ1
    ADJUST_ATTITUDE target=civ2
    ADJUST_ATTITUDE target=civ4
    ADJUST_ATTITUDE target=civ1
    ADJUST_ATTITUDE target=civ1
    CHANGE_PRODUCTION city=6
    ADJUST_ATTITUDE target=civ1
    ADJUST_ATTITUDE target=civ2
    ADJUST_ATTITUDE target=civ3

══════════════════════════════════════════════════════════════════════
  TURN 33 — 3360 B.C. (13ms)
══════════════════════════════════════════════════════════════════════
  [Civ 1] Romans (despotism): 1 cities, 3 units, 51g, 13 techs, researching Currency (16/62)
    Rome: size=3, prod=building:8 (41sh), bldgs=Palace
    Units: 2x Warriors, 1x Legion
  [Civ 2] Babylonians (despotism): 2 cities, 7 units, 86g, 13 techs, researching Astronomy (10/62)
    Babylon: size=2, prod=Catapult (4sh), bldgs=Palace
    Sumer: size=2, prod=Catapult (12sh)
    Units: 2x Warriors, 1x Settlers, 1x Archers, 1x Horsemen, 1x Legion, 1x Chariot
  [Civ 3] Germans (despotism): 2 cities, 5 units, 22g, 11 techs, researching Seafaring (23/26)
    Berlin: size=3, prod=Catapult (25sh), bldgs=Palace
    Hamburg: size=1, prod=Legion (1sh)
    Units: 2x Warriors, 1x Archers, 2x Legion
  [Civ 4] Egyptians (despotism): 2 cities, 6 units, 38g, 13 techs, researching Bridge Building (18/62)
    Thebes: size=2, prod=building:8 (32sh), bldgs=Palace
    Memphis: size=2, prod=Trireme (7sh)
    Units: 2x Warriors, 1x Settlers, 2x Archers, 1x Legion
  [Civ 1] Romans turn: 5 actions — ADJUST_ATTITUDE(1), MOVE_UNIT(2), UNIT_ORDER(2)
    ADJUST_ATTITUDE target=civ3
    COMBAT: Warriors vs Legion → defWin (atkHp=undefined, defHp=undefined)
    1 actions REJECTED (of 5)
    END_TURN REJECTED: 1 units still need orders
      #34 Chariot(Atk) @(40,12) mv=3 ord=none hp=full
    SET_RESEARCH tech=Astronomy
    ADJUST_ATTITUDE target=civ1

══════════════════════════════════════════════════════════════════════
  TURN 34 — 3340 B.C. (15ms)
══════════════════════════════════════════════════════════════════════
  [Civ 1] Romans (despotism): 1 cities, 2 units, 53g, 13 techs, researching Currency (20/62)
    Rome: size=3, prod=building:8 (45sh), bldgs=Palace
    Units: 1x Warriors, 1x Legion
  [Civ 2] Babylonians (despotism): 2 cities, 7 units, 86g, 13 techs, researching Astronomy (15/62)
    Babylon: size=2, prod=Catapult (7sh), bldgs=Palace
    Sumer: size=2, prod=Catapult (16sh)
    Units: 2x Warriors, 1x Settlers, 1x Archers, 1x Horsemen, 1x Legion, 1x Chariot
  [Civ 3] Germans (despotism): 2 cities, 5 units, 22g, 12 techs, researching Astronomy (0/28)
    Berlin: size=3, prod=Catapult (31sh), bldgs=Palace
    Hamburg: size=1, prod=Legion (3sh)
    Units: 2x Warriors, 1x Archers, 2x Legion
  [Civ 4] Egyptians (despotism): 2 cities, 6 units, 40g, 13 techs, researching Bridge Building (24/62)
    Thebes: size=2, prod=building:8 (36sh), bldgs=Palace
    Memphis: size=2, prod=Trireme (8sh)
    Units: 2x Warriors, 1x Settlers, 2x Archers, 1x Legion
  [Civ 1] Romans turn: 3 actions — ADJUST_ATTITUDE(1), MOVE_UNIT(1), UNIT_ORDER(1)
    ADJUST_ATTITUDE target=civ3
    ADJUST_ATTITUDE target=civ1

══════════════════════════════════════════════════════════════════════
  TURN 35 — 3320 B.C. (11ms)
══════════════════════════════════════════════════════════════════════
  [Civ 1] Romans (despotism): 1 cities, 2 units, 55g, 13 techs, researching Currency (24/31)
    Rome: size=3, prod=building:8 (49sh), bldgs=Palace
    Units: 1x Warriors, 1x Legion
  [Civ 2] Babylonians (despotism): 2 cities, 7 units, 86g, 13 techs, researching Astronomy (20/31)
    Babylon: size=2, prod=Catapult (10sh), bldgs=Palace
    Sumer: size=2, prod=Catapult (20sh)
    Units: 2x Warriors, 1x Settlers, 1x Archers, 1x Horsemen, 1x Legion, 1x Chariot
  [Civ 3] Germans (despotism): 2 cities, 5 units, 24g, 12 techs, researching Astronomy (7/28)
    Berlin: size=3, prod=Catapult (37sh), bldgs=Palace
    Hamburg: size=1, prod=Legion (5sh)
    Units: 2x Warriors, 1x Archers, 2x Legion
  [Civ 4] Egyptians (despotism): 2 cities, 6 units, 42g, 14 techs, researching Bridge Building (30/67)
    Thebes: size=2, prod=building:8 (40sh), bldgs=Palace
    Memphis: size=2, prod=Trireme (9sh)
    Units: 2x Warriors, 1x Settlers, 2x Archers, 1x Legion
  [Civ 1] Romans turn: 3 actions — ADJUST_ATTITUDE(1), MOVE_UNIT(1), UNIT_ORDER(1)
    ADJUST_ATTITUDE target=civ3
    >>> Berlin built Catapult
    ADJUST_ATTITUDE target=civ1
    CHANGE_PRODUCTION city=2
    >>> Memphis grew to size 3

══════════════════════════════════════════════════════════════════════
  TURN 36 — 3300 B.C. (12ms)
══════════════════════════════════════════════════════════════════════
  [Civ 1] Romans (despotism): 1 cities, 2 units, 57g, 13 techs, researching Currency (28/31)
    Rome: size=3, prod=building:8 (53sh), bldgs=Palace
    Units: 1x Warriors, 1x Legion
  [Civ 2] Babylonians (despotism): 2 cities, 6 units, 86g, 14 techs, researching Astronomy (25/67)
    Babylon: size=2, prod=Catapult (13sh), bldgs=Palace
    Sumer: size=2, prod=Catapult (24sh)
    Units: 2x Warriors, 1x Settlers, 1x Archers, 1x Horsemen, 1x Chariot
  [Civ 3] Germans (despotism): 2 cities, 6 units, 26g, 12 techs, researching Astronomy (13/28)
    Berlin: size=3, prod=Explorer (1sh), bldgs=Palace
    Hamburg: size=1, prod=Legion (7sh)
    Units: 2x Warriors, 1x Archers, 2x Legion, 1x Catapult
  [Civ 4] Egyptians (despotism): 2 cities, 6 units, 44g, 14 techs, researching Bridge Building (36/67)
    Thebes: size=2, prod=building:8 (44sh), bldgs=Palace
    Memphis: size=3, prod=Trireme (10sh)
    Units: 2x Warriors, 1x Settlers, 2x Archers, 1x Legion
  [Civ 1] Romans turn: 6 actions — ADJUST_ATTITUDE(3), PROPOSE_TREATY(1), MOVE_UNIT(1), UNIT_ORDER(1)
    ADJUST_ATTITUDE target=civ3
    ADJUST_ATTITUDE target=civ3
    PROPOSE_TREATY treaty=ceasefire target=civ3
    ADJUST_ATTITUDE target=civ3
    ADJUST_ATTITUDE target=civ1
    ADJUST_ATTITUDE target=civ1
    >>> Romans discovered: Currency

══════════════════════════════════════════════════════════════════════
  TURN 37 — 3280 B.C. (16ms)
══════════════════════════════════════════════════════════════════════
  [Civ 1] Romans (despotism): 1 cities, 2 units, 57g, 14 techs, researching none (0/67)
    Rome: size=3, prod=building:8 (57sh), bldgs=Palace
    Units: 1x Warriors, 1x Legion
  [Civ 2] Babylonians (despotism): 2 cities, 6 units, 86g, 14 techs, researching Astronomy (30/67)
    Babylon: size=2, prod=Catapult (16sh), bldgs=Palace
    Sumer: size=2, prod=Catapult (28sh)
    Units: 2x Warriors, 1x Settlers, 1x Archers, 1x Horsemen, 1x Chariot
  [Civ 3] Germans (despotism): 2 cities, 6 units, 28g, 12 techs, researching Astronomy (19/28)
    Berlin: size=3, prod=Explorer (6sh), bldgs=Palace
    Hamburg: size=1, prod=Legion (9sh)
    Units: 2x Warriors, 1x Archers, 2x Legion, 1x Catapult
  [Civ 4] Egyptians (despotism): 2 cities, 6 units, 46g, 14 techs, researching Bridge Building (42/67)
    Thebes: size=2, prod=building:8 (48sh), bldgs=Palace
    Memphis: size=3, prod=Trireme (12sh)
    Units: 2x Warriors, 1x Settlers, 2x Archers, 1x Legion
  [Civ 1] Romans turn: 4 actions — SET_RESEARCH(1), ADJUST_ATTITUDE(1), MOVE_UNIT(1), UNIT_ORDER(1)
    SET_RESEARCH tech=Astronomy
    ADJUST_ATTITUDE target=civ3
    ADJUST_ATTITUDE target=civ1

══════════════════════════════════════════════════════════════════════
  TURN 38 — 3260 B.C. (13ms)
══════════════════════════════════════════════════════════════════════
  [Civ 1] Romans (despotism): 1 cities, 2 units, 59g, 14 techs, researching Astronomy (4/67)
    Rome: size=3, prod=building:8 (61sh), bldgs=Palace
    Units: 1x Warriors, 1x Legion
  [Civ 2] Babylonians (despotism): 2 cities, 6 units, 86g, 14 techs, researching Astronomy (35/67)
    Babylon: size=2, prod=Catapult (19sh), bldgs=Palace
    Sumer: size=2, prod=Catapult (32sh)
    Units: 2x Warriors, 1x Settlers, 1x Archers, 1x Horsemen, 1x Chariot
  [Civ 3] Germans (despotism): 2 cities, 6 units, 30g, 12 techs, researching Astronomy (25/28)
    Berlin: size=3, prod=Explorer (11sh), bldgs=Palace
    Hamburg: size=1, prod=Legion (11sh)
    Units: 2x Warriors, 1x Archers, 2x Legion, 1x Catapult
  [Civ 4] Egyptians (despotism): 2 cities, 6 units, 48g, 14 techs, researching Bridge Building (48/67)
    Thebes: size=2, prod=building:8 (52sh), bldgs=Palace
    Memphis: size=3, prod=Trireme (14sh)
    Units: 2x Warriors, 1x Settlers, 2x Archers, 1x Legion
  [Civ 1] Romans turn: 3 actions — ADJUST_ATTITUDE(1), MOVE_UNIT(1), UNIT_ORDER(1)
    ADJUST_ATTITUDE target=civ3
    >>> Germans discovered: Astronomy
    SET_RESEARCH tech=Navigation
    ADJUST_ATTITUDE target=civ1
    >>> Egyptians discovered: Bridge Building
    SET_RESEARCH tech=Astronomy

══════════════════════════════════════════════════════════════════════
  TURN 39 — 3240 B.C. (17ms)
══════════════════════════════════════════════════════════════════════
  [Civ 1] Romans (despotism): 1 cities, 2 units, 61g, 14 techs, researching Astronomy (8/33)
    Rome: size=3, prod=building:8 (65sh), bldgs=Palace
    Units: 1x Warriors, 1x Legion
  [Civ 2] Babylonians (despotism): 2 cities, 5 units, 86g, 15 techs, researching Astronomy (40/72)
    Babylon: size=2, prod=Catapult (22sh), bldgs=Palace
    Sumer: size=2, prod=Catapult (36sh)
    Units: 2x Warriors, 1x Archers, 1x Horsemen, 1x Chariot
  [Civ 3] Germans (despotism): 2 cities, 6 units, 30g, 14 techs, researching Navigation (0/33)
    Berlin: size=3, prod=Explorer (16sh), bldgs=Palace
    Hamburg: size=1, prod=Legion (13sh)
    Units: 2x Warriors, 1x Archers, 2x Legion, 1x Catapult
  [Civ 4] Egyptians (despotism): 2 cities, 6 units, 48g, 15 techs, researching Astronomy (0/72)
    Thebes: size=2, prod=building:8 (56sh), bldgs=Palace
    Memphis: size=3, prod=Trireme (16sh)
    Units: 2x Warriors, 1x Settlers, 2x Archers, 1x Legion
  [Civ 1] Romans turn: 3 actions — ADJUST_ATTITUDE(1), MOVE_UNIT(1), UNIT_ORDER(1)
    ADJUST_ATTITUDE target=civ3
    >>> Sumer built Catapult
    CHANGE_PRODUCTION city=1
    CHANGE_PRODUCTION city=4
    ADJUST_ATTITUDE target=civ1

══════════════════════════════════════════════════════════════════════
  TURN 40 — 3220 B.C. (11ms)
══════════════════════════════════════════════════════════════════════
  [Civ 1] Romans (despotism): 1 cities, 2 units, 63g, 14 techs, researching Astronomy (12/33)
    Rome: size=3, prod=building:8 (69sh), bldgs=Palace
    Units: 1x Warriors, 1x Legion
  [Civ 2] Babylonians (despotism): 2 cities, 6 units, 86g, 15 techs, researching Astronomy (45/72)
    Babylon: size=2, prod=Legion (12sh), bldgs=Palace
    Sumer: size=2, prod=Legion (0sh)
    Units: 2x Warriors, 1x Archers, 1x Horsemen, 1x Chariot, 1x Catapult
  [Civ 3] Germans (despotism): 2 cities, 6 units, 32g, 14 techs, researching Navigation (6/33)
    Berlin: size=3, prod=Explorer (21sh), bldgs=Palace
    Hamburg: size=1, prod=Legion (15sh)
    Units: 2x Warriors, 1x Archers, 2x Legion, 1x Catapult
  [Civ 4] Egyptians (despotism): 2 cities, 6 units, 50g, 15 techs, researching Astronomy (6/72)
    Thebes: size=2, prod=building:8 (60sh), bldgs=Palace
    Memphis: size=3, prod=Trireme (18sh)
    Units: 2x Warriors, 1x Settlers, 2x Archers, 1x Legion
  [Civ 1] Romans turn: 5 actions — ADJUST_ATTITUDE(2), PROPOSE_TREATY(1), MOVE_UNIT(1), UNIT_ORDER(1)
    ADJUST_ATTITUDE target=civ3
    PROPOSE_TREATY treaty=ceasefire target=civ3
    ADJUST_ATTITUDE target=civ3
    ADJUST_ATTITUDE target=civ1
    ADJUST_ATTITUDE target=civ1
    END_TURN REJECTED: 1 units still need orders
      #51 Horsemen(Atk) @(35,36) mv=6 ord=none hp=full

══════════════════════════════════════════════════════════════════════
  TURN 41 — 3200 B.C. (10ms)
══════════════════════════════════════════════════════════════════════
  [Civ 1] Romans (despotism): 1 cities, 2 units, 65g, 14 techs, researching Astronomy (16/33)
    Rome: size=3, prod=building:8 (73sh), bldgs=Palace
    Units: 1x Warriors, 1x Legion
  [Civ 2] Babylonians (despotism): 2 cities, 6 units, 86g, 15 techs, researching Astronomy (50/72)
    Babylon: size=2, prod=Legion (15sh), bldgs=Palace
    Sumer: size=2, prod=Legion (4sh)
    Units: 2x Warriors, 1x Archers, 1x Horsemen, 1x Chariot, 1x Catapult
  [Civ 3] Germans (despotism): 2 cities, 7 units, 34g, 14 techs, researching Navigation (12/33)
    Berlin: size=3, prod=Explorer (26sh), bldgs=Palace
    Hamburg: size=1, prod=Legion (17sh)
    Units: 2x Warriors, 1x Archers, 2x Legion, 1x Catapult, 1x Horsemen
  [Civ 4] Egyptians (despotism): 2 cities, 6 units, 52g, 15 techs, researching Astronomy (12/72)
    Thebes: size=2, prod=building:8 (64sh), bldgs=Palace
    Memphis: size=3, prod=Trireme (20sh)
    Units: 2x Warriors, 1x Settlers, 2x Archers, 1x Legion
  [Civ 1] Romans turn: 3 actions — ADJUST_ATTITUDE(1), MOVE_UNIT(1), UNIT_ORDER(1)
    ADJUST_ATTITUDE target=civ3
    END_TURN REJECTED: 1 units still need orders
      #52 Legion(Atk) @(23,5) mv=3 ord=none hp=full
    ADJUST_ATTITUDE target=civ1
    CHANGE_PRODUCTION city=2
    END_TURN REJECTED: 1 units still need orders
      #54 Settlers(Settle) @(35,35) mv=3 ord=none hp=full

══════════════════════════════════════════════════════════════════════
  TURN 42 — 3180 B.C. (9ms)
══════════════════════════════════════════════════════════════════════
  [Civ 1] Romans (despotism): 1 cities, 2 units, 67g, 14 techs, researching Astronomy (20/33)
    Rome: size=3, prod=building:8 (77sh), bldgs=Palace
    Units: 1x Warriors, 1x Legion
  [Civ 2] Babylonians (despotism): 2 cities, 7 units, 86g, 15 techs, researching Astronomy (55/72)
    Babylon: size=2, prod=Legion (18sh), bldgs=Palace
    Sumer: size=2, prod=Legion (8sh)
    Units: 2x Warriors, 1x Archers, 1x Horsemen, 1x Chariot, 1x Catapult, 1x Legion
  [Civ 3] Germans (despotism): 2 cities, 9 units, 37g, 14 techs, researching Navigation (17/33)
    Berlin: size=3, prod=building:8 (0sh), bldgs=Palace
    Hamburg: size=2, prod=Legion (19sh)
    Units: 2x Warriors, 1x Archers, 2x Legion, 1x Catapult, 1x Horsemen, 1x Explorer, 1x Settlers
  [Civ 4] Egyptians (despotism): 2 cities, 6 units, 54g, 15 techs, researching Astronomy (18/72)
    Thebes: size=2, prod=building:8 (68sh), bldgs=Palace
    Memphis: size=3, prod=Trireme (22sh)
    Units: 2x Warriors, 1x Settlers, 2x Archers, 1x Legion
  [Civ 1] Romans turn: 3 actions — ADJUST_ATTITUDE(1), MOVE_UNIT(1), UNIT_ORDER(1)
    ADJUST_ATTITUDE target=civ3
    CHANGE_PRODUCTION city=1
    CHANGE_PRODUCTION city=4
    ADJUST_ATTITUDE target=civ1
    BUILD_CITY unit=54 name="Munich"
    1 actions REJECTED (of 17)
    >>> Rome built building:8

══════════════════════════════════════════════════════════════════════
  TURN 43 — 3160 B.C. (8ms)
══════════════════════════════════════════════════════════════════════
  [Civ 1] Romans (despotism): 1 cities, 2 units, 69g, 14 techs, researching Astronomy (24/33)
    Rome: size=3, prod=building:8 (1sh), bldgs=Palace, City Walls
    Units: 1x Warriors, 1x Legion
  [Civ 2] Babylonians (despotism): 2 cities, 7 units, 86g, 15 techs, researching Astronomy (60/72)
    Babylon: size=2, prod=Explorer (10sh), bldgs=Palace
    Sumer: size=2, prod=Trireme (6sh)
    Units: 2x Warriors, 1x Archers, 1x Horsemen, 1x Chariot, 1x Catapult, 1x Legion
  [Civ 3] Germans (despotism): 3 cities, 8 units, 40g, 14 techs, researching Navigation (22/33)
    Berlin: size=3, prod=building:8 (4sh), bldgs=Palace
    Hamburg: size=2, prod=Legion (22sh)
    Munich: size=1, prod=Warriors (0sh)
    Units: 2x Warriors, 1x Archers, 2x Legion, 1x Catapult, 1x Horsemen, 1x Explorer
  [Civ 4] Egyptians (despotism): 2 cities, 6 units, 56g, 15 techs, researching Astronomy (24/72)
    Thebes: size=2, prod=building:8 (72sh), bldgs=Palace
    Memphis: size=3, prod=Trireme (24sh)
    Units: 2x Warriors, 1x Settlers, 2x Archers, 1x Legion
  [Civ 1] Romans turn: 4 actions — ADJUST_ATTITUDE(1), CHANGE_PRODUCTION(1), MOVE_UNIT(1), UNIT_ORDER(1)
    ADJUST_ATTITUDE target=civ3
    CHANGE_PRODUCTION city=0
    ADJUST_ATTITUDE target=civ1
    CHANGE_PRODUCTION city=7

══════════════════════════════════════════════════════════════════════
  TURN 44 — 3140 B.C. (9ms)
══════════════════════════════════════════════════════════════════════
  [Civ 1] Romans (despotism): 1 cities, 2 units, 71g, 14 techs, researching Astronomy (28/33)
    Rome: size=3, prod=Archers (4sh), bldgs=Palace, City Walls
    Units: 1x Warriors, 1x Legion
  [Civ 2] Babylonians (despotism): 2 cities, 7 units, 86g, 15 techs, researching Astronomy (65/72)
    Babylon: size=2, prod=Explorer (13sh), bldgs=Palace
    Sumer: size=2, prod=Trireme (10sh)
    Units: 2x Warriors, 1x Archers, 1x Horsemen, 1x Chariot, 1x Catapult, 1x Legion
  [Civ 3] Germans (despotism): 3 cities, 8 units, 44g, 14 techs, researching Navigation (29/33)
    Berlin: size=3, prod=building:8 (8sh), bldgs=Palace
    Hamburg: size=2, prod=Legion (25sh)
    Munich: size=1, prod=Legion (1sh)
    Units: 2x Warriors, 1x Archers, 2x Legion, 1x Catapult, 1x Horsemen, 1x Explorer
  [Civ 4] Egyptians (despotism): 2 cities, 6 units, 58g, 15 techs, researching Astronomy (30/72)
    Thebes: size=2, prod=building:8 (76sh), bldgs=Palace
    Memphis: size=3, prod=Trireme (26sh)
    Units: 2x Warriors, 1x Settlers, 2x Archers, 1x Legion
  [Civ 1] Romans turn: 5 actions — ADJUST_ATTITUDE(2), PROPOSE_TREATY(1), MOVE_UNIT(1), UNIT_ORDER(1)
    ADJUST_ATTITUDE target=civ3
    PROPOSE_TREATY treaty=ceasefire target=civ3
    ADJUST_ATTITUDE target=civ3
    >>> Germans discovered: Navigation
    SET_RESEARCH tech=Horseback Riding
    ADJUST_ATTITUDE target=civ1
    ADJUST_ATTITUDE target=civ1
    >>> Thebes built building:8
    CHANGE_PRODUCTION city=3
    >>> Romans discovered: Astronomy
    >>> Rome grew to size 4

══════════════════════════════════════════════════════════════════════
  TURN 45 — 3120 B.C. (9ms)
══════════════════════════════════════════════════════════════════════
  [Civ 1] Romans (despotism): 1 cities, 2 units, 71g, 15 techs, researching none (0/72)
    Rome: size=4, prod=Archers (8sh), bldgs=Palace, City Walls
    Units: 1x Warriors, 1x Legion
  [Civ 2] Babylonians (despotism): 2 cities, 7 units, 86g, 15 techs, researching Astronomy (70/72)
    Babylon: size=2, prod=Explorer (16sh), bldgs=Palace
    Sumer: size=2, prod=Trireme (14sh)
    Units: 2x Warriors, 1x Archers, 1x Horsemen, 1x Chariot, 1x Catapult, 1x Legion
  [Civ 3] Germans (despotism): 3 cities, 8 units, 44g, 15 techs, researching Horseback Riding (0/72)
    Berlin: size=3, prod=building:8 (12sh), bldgs=Palace
    Hamburg: size=2, prod=Legion (28sh)
    Munich: size=1, prod=Legion (3sh)
    Units: 2x Warriors, 1x Archers, 2x Legion, 1x Catapult, 1x Horsemen, 1x Explorer
  [Civ 4] Egyptians (despotism): 2 cities, 5 units, 60g, 15 techs, researching Astronomy (36/72)
    Thebes: size=2, prod=Catapult (0sh), bldgs=Palace, City Walls
    Memphis: size=3, prod=Trireme (28sh)
    Units: 2x Warriors, 1x Settlers, 2x Archers
  [Civ 1] Romans turn: 4 actions — SET_RESEARCH(1), ADJUST_ATTITUDE(1), MOVE_UNIT(1), UNIT_ORDER(1)
    SET_RESEARCH tech=Monarchy
    ADJUST_ATTITUDE target=civ3
    >>> Babylonians discovered: Astronomy
    SET_RESEARCH tech=Navigation
    ADJUST_ATTITUDE target=civ1
    >>> Egyptians discovered: Astronomy
    SET_RESEARCH tech=Navigation

══════════════════════════════════════════════════════════════════════
  TURN 46 — 3100 B.C. (10ms)
══════════════════════════════════════════════════════════════════════
  [Civ 1] Romans (despotism): 1 cities, 1 units, 73g, 15 techs, researching Monarchy (5/36)
    Rome: size=4, prod=Archers (13sh), bldgs=Palace, City Walls
    Units: 1x Warriors
  [Civ 2] Babylonians (despotism): 2 cities, 7 units, 86g, 16 techs, researching Navigation (0/76)
    Babylon: size=2, prod=Explorer (19sh), bldgs=Palace
    Sumer: size=2, prod=Trireme (18sh)
    Units: 2x Warriors, 1x Archers, 1x Horsemen, 1x Chariot, 1x Catapult, 1x Legion
  [Civ 3] Germans (despotism): 3 cities, 8 units, 48g, 15 techs, researching Horseback Riding (7/36)
    Berlin: size=3, prod=building:8 (16sh), bldgs=Palace
    Hamburg: size=2, prod=Legion (31sh)
    Munich: size=1, prod=Legion (5sh)
    Units: 2x Warriors, 1x Archers, 2x Legion, 1x Catapult, 1x Horsemen, 1x Explorer
  [Civ 4] Egyptians (despotism): 2 cities, 5 units, 60g, 16 techs, researching Navigation (0/76)
    Thebes: size=2, prod=Catapult (4sh), bldgs=Palace, City Walls
    Memphis: size=3, prod=Trireme (30sh)
    Units: 2x Warriors, 1x Settlers, 2x Archers
  [Civ 1] Romans turn: 1 actions — ADJUST_ATTITUDE(1)
    ADJUST_ATTITUDE target=civ3
    COMBAT: Legion vs Archers → defWin (atkHp=undefined, defHp=undefined)
    1 actions REJECTED (of 10)
    ADJUST_ATTITUDE target=civ1
    COMBAT: Catapult vs Archers → atkWin (atkHp=undefined, defHp=undefined)

══════════════════════════════════════════════════════════════════════
  TURN 47 — 3080 B.C. (11ms)
══════════════════════════════════════════════════════════════════════
  [Civ 1] Romans (despotism): 1 cities, 1 units, 75g, 15 techs, researching Monarchy (10/36)
    Rome: size=4, prod=Archers (18sh), bldgs=Palace, City Walls
    Units: 1x Warriors
  [Civ 2] Babylonians (despotism): 2 cities, 6 units, 86g, 16 techs, researching Navigation (5/76)
    Babylon: size=2, prod=Explorer (22sh), bldgs=Palace
    Sumer: size=2, prod=Trireme (22sh)
    Units: 2x Warriors, 1x Archers, 1x Horsemen, 1x Chariot, 1x Catapult
  [Civ 3] Germans (despotism): 3 cities, 8 units, 152g, 15 techs, researching Horseback Riding (14/36)
    Berlin: size=3, prod=building:8 (20sh), bldgs=Palace
    Hamburg: size=2, prod=Legion (34sh)
    Munich: size=1, prod=Legion (7sh)
    Units: 2x Warriors, 1x Archers, 2x Legion, 1x Catapult, 1x Horsemen, 1x Explorer
  [Civ 4] Egyptians (despotism): 2 cities, 5 units, 62g, 16 techs, researching Navigation (6/76)
    Thebes: size=2, prod=Catapult (8sh), bldgs=Palace, City Walls
    Memphis: size=3, prod=Trireme (32sh)
    Units: 2x Warriors, 1x Settlers, 2x Archers
  [Civ 1] Romans turn: 1 actions — ADJUST_ATTITUDE(1)
    ADJUST_ATTITUDE target=civ3
    ADJUST_ATTITUDE target=civ1
    RUSH_BUY city=6
    COMBAT: Catapult vs Archers → atkWin (atkHp=undefined, defHp=undefined)

══════════════════════════════════════════════════════════════════════
  TURN 48 — 3060 B.C. (8ms)
══════════════════════════════════════════════════════════════════════
  [Civ 1] Romans (despotism): 1 cities, 1 units, 77g, 15 techs, researching Monarchy (15/36)
    Rome: size=4, prod=Archers (23sh), bldgs=Palace, City Walls
    Units: 1x Warriors
  [Civ 2] Babylonians (despotism): 2 cities, 6 units, 86g, 16 techs, researching Navigation (10/76)
    Babylon: size=2, prod=Explorer (25sh), bldgs=Palace
    Sumer: size=2, prod=Trireme (26sh)
    Units: 2x Warriors, 1x Archers, 1x Horsemen, 1x Chariot, 1x Catapult
  [Civ 3] Germans (despotism): 3 cities, 8 units, 250g, 15 techs, researching Horseback Riding (21/36)
    Berlin: size=3, prod=building:8 (24sh), bldgs=Palace
    Hamburg: size=2, prod=Legion (40sh)
    Munich: size=1, prod=Legion (9sh)
    Units: 2x Warriors, 1x Archers, 2x Legion, 1x Catapult, 1x Horsemen, 1x Explorer
  [Civ 4] Egyptians (despotism): 2 cities, 5 units, 64g, 16 techs, researching Navigation (12/76)
    Thebes: size=2, prod=Catapult (12sh), bldgs=Palace, City Walls
    Memphis: size=3, prod=Trireme (34sh)
    Units: 2x Warriors, 1x Settlers, 2x Archers
  [Civ 1] Romans turn: 3 actions — ADJUST_ATTITUDE(2), PROPOSE_TREATY(1)
    ADJUST_ATTITUDE target=civ3
    PROPOSE_TREATY treaty=ceasefire target=civ3
    ADJUST_ATTITUDE target=civ3
    >>> Sumer grew to size 3
    >>> Hamburg built Legion
    ADJUST_ATTITUDE target=civ1
    ADJUST_ATTITUDE target=civ1
    ADJUST_ATTITUDE target=civ1
    CHANGE_PRODUCTION city=6
    CHANGE_PRODUCTION city=7
    COMBAT: Catapult vs Archers → atkWin (atkHp=undefined, defHp=undefined)

══════════════════════════════════════════════════════════════════════
  TURN 49 — 3040 B.C. (9ms)
══════════════════════════════════════════════════════════════════════
  [Civ 1] Romans (despotism): 1 cities, 1 units, 79g, 15 techs, researching Monarchy (20/36)
    Rome: size=4, prod=Archers (28sh), bldgs=Palace, City Walls
    Units: 1x Warriors
  [Civ 2] Babylonians (despotism): 2 cities, 6 units, 86g, 16 techs, researching Navigation (16/76)
    Babylon: size=2, prod=Explorer (28sh), bldgs=Palace
    Sumer: size=3, prod=Trireme (30sh)
    Units: 2x Warriors, 1x Archers, 1x Horsemen, 1x Chariot, 1x Catapult
  [Civ 3] Germans (despotism): 3 cities, 9 units, 354g, 15 techs, researching Horseback Riding (28/36)
    Berlin: size=3, prod=building:8 (28sh), bldgs=Palace
    Hamburg: size=2, prod=building:8 (0sh)
    Munich: size=1, prod=Archers (5sh)
    Units: 2x Warriors, 1x Archers, 3x Legion, 1x Catapult, 1x Horsemen, 1x Explorer
  [Civ 4] Egyptians (despotism): 2 cities, 5 units, 66g, 16 techs, researching Navigation (18/76)
    Thebes: size=2, prod=Catapult (16sh), bldgs=Palace, City Walls
    Memphis: size=3, prod=Trireme (36sh)
    Units: 2x Warriors, 1x Settlers, 2x Archers
  [Civ 1] Romans turn: 1 actions — ADJUST_ATTITUDE(1)
    ADJUST_ATTITUDE target=civ3
    >>> Babylon built Explorer
    CHANGE_PRODUCTION city=1
    ADJUST_ATTITUDE target=civ1
    RUSH_BUY city=7
    >>> Rome built Archers

══════════════════════════════════════════════════════════════════════
  FINAL SUMMARY
══════════════════════════════════════════════════════════════════════
Game ended at turn 50 (3020 B.C.)

── Civ 1: Romans (despotism) ALIVE ──
  Cities: 1 (peak 1, founded 1)
  Units:  2 (peak 4)
  Treasury: 81g
  Techs discovered: 5 — Map Making, Mysticism, Seafaring, Currency, Astronomy
  Actions: 217 total, 0 idle turns
  Breakdown: UNIT_ORDER(83), MOVE_UNIT(81), ADJUST_ATTITUDE(35), SET_RESEARCH(7), PROPOSE_TREATY(5), CHANGE_PRODUCTION(4), CHANGE_RATES(1), BUILD_CITY(1)
  Army: 1x Warriors, 1x Archers
  Rome: size=4, shields=3

── Civ 2: Babylonians (despotism) ALIVE ──
  Cities: 2 (peak 2, founded 3)
  Units:  7 (peak 7)
  Treasury: 86g
  Techs discovered: 4 — Alphabet, Code of Laws, Mathematics, Astronomy
  Actions: 275 total, 0 idle turns
  Breakdown: UNIT_ORDER(126), MOVE_UNIT(123), CHANGE_PRODUCTION(14), SET_RESEARCH(5), BUILD_CITY(3), ADJUST_ATTITUDE(3), CHANGE_RATES(1)
  Army: 2x Warriors, 1x Archers, 1x Horsemen, 1x Chariot, 1x Catapult, 1x Explorer
  Babylon: size=2, shields=0
  Sumer: size=3, shields=35

── Civ 3: Germans (despotism) ALIVE ──
  Cities: 3 (peak 3, founded 3)
  Units:  9 (peak 9)
  Treasury: 286g
  Techs discovered: 4 — Code of Laws, Mathematics, Astronomy, Navigation
  Actions: 383 total, 0 idle turns
  Breakdown: UNIT_ORDER(159), MOVE_UNIT(154), ADJUST_ATTITUDE(39), SET_RESEARCH(10), CHANGE_PRODUCTION(9), RESPOND_TREATY(5), BUILD_CITY(3), RUSH_BUY(2), CHANGE_RATES(1), DECLARE_WAR(1)
  Army: 2x Warriors, 1x Archers, 3x Legion, 1x Catapult, 1x Horsemen, 1x Explorer
  Berlin: size=3, shields=32
  Hamburg: size=2, shields=3
  Munich: size=1, shields=30

── Civ 4: Egyptians (despotism) ALIVE ──
  Cities: 2 (peak 2, founded 3)
  Units:  5 (peak 6)
  Treasury: 68g
  Techs discovered: 5 — Iron Working, Mysticism, Currency, Bridge Building, Astronomy
  Actions: 270 total, 0 idle turns
  Breakdown: UNIT_ORDER(126), MOVE_UNIT(119), SET_RESEARCH(9), CHANGE_PRODUCTION(8), BUILD_CITY(3), ADJUST_ATTITUDE(3), CHANGE_RATES(1), WORKER_ORDER(1)
  Army: 2x Warriors, 1x Settlers, 2x Archers
  Thebes: size=2, shields=20
  Memphis: size=3, shields=38


══════════════════════════════════════════════════════════════════════
  AI BEHAVIOR ANALYSIS
══════════════════════════════════════════════════════════════════════
[Civ 1] Romans:
  WARNING: Only 1 city after 30+ turns

[Civ 2] Babylonians:
  OK — no obvious issues detected

[Civ 3] Germans:
  OK — no obvious issues detected

[Civ 4] Egyptians:
  WARNING: 1 units stuck (busy orders outside city)

