Charlization AI Headless Simulation
Date: 2026-03-16T23:49:06.365Z
Settings: 50 turns, 4 AI players, 50x80 map, difficulty=prince
Map seed: 5674
Map generated in 97ms
Game initialized: 4 civs, 8 starting units
  Civ 1 (Romans): starts at (22,8) on Grassland
  Civ 2 (Babylonians): starts at (31,71) on Plains
  Civ 3 (Germans): starts at (38,42) on Plains
  Civ 4 (Egyptians): starts at (6,68) on Grassland
    SET_RESEARCH tech=Bronze Working
    CHANGE_RATES sci=6 tax=4 lux=undefined
    BUILD_CITY unit=0 name="Rome"
    1 actions REJECTED (of 6)
    SET_RESEARCH tech=Ceremonial Burial
    CHANGE_RATES sci=6 tax=4 lux=undefined
    BUILD_CITY unit=2 name="Babylon"
    1 actions REJECTED (of 6)
    SET_RESEARCH tech=Alphabet
    CHANGE_RATES sci=6 tax=4 lux=undefined
    BUILD_CITY unit=4 name="Berlin"
    1 actions REJECTED (of 6)
    SET_RESEARCH tech=Bronze Working
    CHANGE_RATES sci=6 tax=4 lux=undefined
    BUILD_CITY unit=6 name="Thebes"
    1 actions REJECTED (of 6)

══════════════════════════════════════════════════════════════════════
  TURN 1 — 4000 B.C. (35ms)
══════════════════════════════════════════════════════════════════════
  [Civ 1] Romans (despotism): 1 cities, 1 units, 1g, 3 techs, researching Bronze Working (3/28)
    Rome: size=1, prod=Warriors (2sh), bldgs=Palace
    Units: 1x Warriors
  [Civ 2] Babylonians (despotism): 1 cities, 1 units, 0g, 3 techs, researching Ceremonial Burial (0/28)
    Babylon: size=1, prod=Warriors (0sh), bldgs=Palace
    Units: 1x Warriors
  [Civ 3] Germans (despotism): 1 cities, 0 units, 0g, 3 techs, researching Alphabet (0/28)
    Berlin: size=1, prod=Warriors (0sh), bldgs=Palace
    Units: none
  [Civ 4] Egyptians (despotism): 1 cities, 1 units, 0g, 3 techs, researching Bronze Working (0/28)
    Thebes: size=1, prod=Warriors (0sh), bldgs=Palace
    Units: 1x Warriors
  [Civ 1] Romans turn: 3 actions — CHANGE_PRODUCTION(1), MOVE_UNIT(1), UNIT_ORDER(1)
    CHANGE_PRODUCTION city=0
    CHANGE_PRODUCTION city=1
    CHANGE_PRODUCTION city=2
    CHANGE_PRODUCTION city=3

══════════════════════════════════════════════════════════════════════
  TURN 2 — 3980 B.C. (13ms)
══════════════════════════════════════════════════════════════════════
  [Civ 1] Romans (despotism): 1 cities, 1 units, 2g, 4 techs, researching Bronze Working (6/33)
    Rome: size=1, prod=Horsemen (3sh), bldgs=Palace
    Units: 1x Warriors
  [Civ 2] Babylonians (despotism): 1 cities, 1 units, 1g, 4 techs, researching Ceremonial Burial (3/33)
    Babylon: size=1, prod=building:3 (0sh), bldgs=Palace
    Units: 1x Warriors
  [Civ 3] Germans (despotism): 1 cities, 0 units, 1g, 4 techs, researching Alphabet (3/33)
    Berlin: size=1, prod=building:3 (0sh), bldgs=Palace
    Units: none
  [Civ 4] Egyptians (despotism): 1 cities, 1 units, 1g, 5 techs, researching Bronze Working (3/36)
    Thebes: size=1, prod=building:3 (0sh), bldgs=Palace
    Units: 1x Warriors
  [Civ 1] Romans turn: 3 actions — CHANGE_PRODUCTION(1), MOVE_UNIT(1), UNIT_ORDER(1)
    CHANGE_PRODUCTION city=0

══════════════════════════════════════════════════════════════════════
  TURN 3 — 3960 B.C. (7ms)
══════════════════════════════════════════════════════════════════════
  [Civ 1] Romans (despotism): 1 cities, 1 units, 3g, 4 techs, researching Bronze Working (9/33)
    Rome: size=1, prod=Archers (3sh), bldgs=Palace
    Units: 1x Warriors
  [Civ 2] Babylonians (despotism): 1 cities, 1 units, 2g, 4 techs, researching Ceremonial Burial (6/33)
    Babylon: size=1, prod=building:3 (3sh), bldgs=Palace
    Units: 1x Warriors
  [Civ 3] Germans (despotism): 1 cities, 0 units, 2g, 4 techs, researching Alphabet (6/33)
    Berlin: size=1, prod=building:3 (2sh), bldgs=Palace
    Units: none
  [Civ 4] Egyptians (despotism): 1 cities, 1 units, 2g, 5 techs, researching Bronze Working (6/36)
    Thebes: size=1, prod=building:3 (2sh), bldgs=Palace
    Units: 1x Warriors
  [Civ 1] Romans turn: 2 actions — MOVE_UNIT(1), UNIT_ORDER(1)

══════════════════════════════════════════════════════════════════════
  TURN 4 — 3940 B.C. (5ms)
══════════════════════════════════════════════════════════════════════
  [Civ 1] Romans (despotism): 1 cities, 1 units, 4g, 4 techs, researching Bronze Working (12/33)
    Rome: size=1, prod=Archers (5sh), bldgs=Palace
    Units: 1x Warriors
  [Civ 2] Babylonians (despotism): 1 cities, 1 units, 3g, 4 techs, researching Ceremonial Burial (9/33)
    Babylon: size=1, prod=building:3 (6sh), bldgs=Palace
    Units: 1x Warriors
  [Civ 3] Germans (despotism): 1 cities, 0 units, 3g, 4 techs, researching Alphabet (9/33)
    Berlin: size=1, prod=building:3 (4sh), bldgs=Palace
    Units: none
  [Civ 4] Egyptians (despotism): 1 cities, 1 units, 3g, 5 techs, researching Bronze Working (9/36)
    Thebes: size=1, prod=building:3 (4sh), bldgs=Palace
    Units: 1x Warriors
  [Civ 1] Romans turn: 2 actions — MOVE_UNIT(1), UNIT_ORDER(1)

══════════════════════════════════════════════════════════════════════
  TURN 5 — 3920 B.C. (5ms)
══════════════════════════════════════════════════════════════════════
  [Civ 1] Romans (despotism): 1 cities, 1 units, 5g, 4 techs, researching Bronze Working (15/33)
    Rome: size=1, prod=Archers (7sh), bldgs=Palace
    Units: 1x Warriors
  [Civ 2] Babylonians (despotism): 1 cities, 1 units, 4g, 4 techs, researching Ceremonial Burial (12/33)
    Babylon: size=1, prod=building:3 (9sh), bldgs=Palace
    Units: 1x Warriors
  [Civ 3] Germans (despotism): 1 cities, 0 units, 4g, 4 techs, researching Alphabet (12/33)
    Berlin: size=1, prod=building:3 (6sh), bldgs=Palace
    Units: none
  [Civ 4] Egyptians (despotism): 1 cities, 1 units, 4g, 5 techs, researching Bronze Working (12/36)
    Thebes: size=1, prod=building:3 (6sh), bldgs=Palace
    Units: 1x Warriors
  [Civ 1] Romans turn: 2 actions — MOVE_UNIT(1), UNIT_ORDER(1)

══════════════════════════════════════════════════════════════════════
  TURN 6 — 3900 B.C. (4ms)
══════════════════════════════════════════════════════════════════════
  [Civ 1] Romans (despotism): 1 cities, 1 units, 6g, 4 techs, researching Bronze Working (18/33)
    Rome: size=1, prod=Archers (9sh), bldgs=Palace
    Units: 1x Warriors
  [Civ 2] Babylonians (despotism): 1 cities, 1 units, 5g, 4 techs, researching Ceremonial Burial (15/33)
    Babylon: size=1, prod=building:3 (12sh), bldgs=Palace
    Units: 1x Warriors
  [Civ 3] Germans (despotism): 1 cities, 0 units, 5g, 4 techs, researching Alphabet (15/33)
    Berlin: size=1, prod=building:3 (8sh), bldgs=Palace
    Units: none
  [Civ 4] Egyptians (despotism): 1 cities, 1 units, 5g, 5 techs, researching Bronze Working (15/36)
    Thebes: size=1, prod=building:3 (8sh), bldgs=Palace
    Units: 1x Warriors
  [Civ 1] Romans turn: 2 actions — MOVE_UNIT(1), UNIT_ORDER(1)

══════════════════════════════════════════════════════════════════════
  TURN 7 — 3880 B.C. (5ms)
══════════════════════════════════════════════════════════════════════
  [Civ 1] Romans (despotism): 1 cities, 1 units, 7g, 4 techs, researching Bronze Working (21/33)
    Rome: size=1, prod=Archers (11sh), bldgs=Palace
    Units: 1x Warriors
  [Civ 2] Babylonians (despotism): 1 cities, 1 units, 6g, 4 techs, researching Ceremonial Burial (18/33)
    Babylon: size=1, prod=building:3 (15sh), bldgs=Palace
    Units: 1x Warriors
  [Civ 3] Germans (despotism): 1 cities, 0 units, 6g, 4 techs, researching Alphabet (18/33)
    Berlin: size=1, prod=building:3 (10sh), bldgs=Palace
    Units: none
  [Civ 4] Egyptians (despotism): 1 cities, 1 units, 6g, 5 techs, researching Bronze Working (18/36)
    Thebes: size=1, prod=building:3 (10sh), bldgs=Palace
    Units: 1x Warriors
  [Civ 1] Romans turn: 2 actions — MOVE_UNIT(1), UNIT_ORDER(1)

══════════════════════════════════════════════════════════════════════
  TURN 8 — 3860 B.C. (4ms)
══════════════════════════════════════════════════════════════════════
  [Civ 1] Romans (despotism): 1 cities, 1 units, 52g, 4 techs, researching Bronze Working (24/33)
    Rome: size=1, prod=Archers (13sh), bldgs=Palace
    Units: 1x Warriors
  [Civ 2] Babylonians (despotism): 1 cities, 1 units, 7g, 4 techs, researching Ceremonial Burial (21/33)
    Babylon: size=1, prod=building:3 (18sh), bldgs=Palace
    Units: 1x Warriors
  [Civ 3] Germans (despotism): 1 cities, 0 units, 7g, 4 techs, researching Alphabet (21/33)
    Berlin: size=1, prod=building:3 (12sh), bldgs=Palace
    Units: none
  [Civ 4] Egyptians (despotism): 1 cities, 1 units, 7g, 5 techs, researching Bronze Working (21/36)
    Thebes: size=1, prod=building:3 (12sh), bldgs=Palace
    Units: 1x Warriors
  [Civ 1] Romans turn: 2 actions — MOVE_UNIT(1), UNIT_ORDER(1)

══════════════════════════════════════════════════════════════════════
  TURN 9 — 3840 B.C. (5ms)
══════════════════════════════════════════════════════════════════════
  [Civ 1] Romans (despotism): 1 cities, 1 units, 53g, 4 techs, researching Bronze Working (27/33)
    Rome: size=1, prod=Archers (15sh), bldgs=Palace
    Units: 1x Warriors
  [Civ 2] Babylonians (despotism): 1 cities, 1 units, 8g, 4 techs, researching Ceremonial Burial (24/33)
    Babylon: size=1, prod=building:3 (21sh), bldgs=Palace
    Units: 1x Warriors
  [Civ 3] Germans (despotism): 1 cities, 0 units, 8g, 4 techs, researching Alphabet (24/33)
    Berlin: size=1, prod=building:3 (14sh), bldgs=Palace
    Units: none
  [Civ 4] Egyptians (despotism): 1 cities, 1 units, 8g, 5 techs, researching Bronze Working (24/36)
    Thebes: size=1, prod=building:3 (14sh), bldgs=Palace
    Units: 1x Warriors
  [Civ 1] Romans turn: 2 actions — MOVE_UNIT(1), UNIT_ORDER(1)
    >>> Rome grew to size 2

══════════════════════════════════════════════════════════════════════
  TURN 10 — 3820 B.C. (4ms)
══════════════════════════════════════════════════════════════════════
  [Civ 1] Romans (despotism): 1 cities, 1 units, 55g, 4 techs, researching Bronze Working (30/33)
    Rome: size=2, prod=Archers (17sh), bldgs=Palace
    Units: 1x Warriors
  [Civ 2] Babylonians (despotism): 1 cities, 1 units, 9g, 4 techs, researching Ceremonial Burial (27/33)
    Babylon: size=1, prod=building:3 (24sh), bldgs=Palace
    Units: 1x Warriors
  [Civ 3] Germans (despotism): 1 cities, 0 units, 9g, 4 techs, researching Alphabet (27/33)
    Berlin: size=1, prod=building:3 (16sh), bldgs=Palace
    Units: none
  [Civ 4] Egyptians (despotism): 1 cities, 1 units, 9g, 5 techs, researching Bronze Working (27/36)
    Thebes: size=1, prod=building:3 (16sh), bldgs=Palace
    Units: 1x Warriors
  [Civ 1] Romans turn: 2 actions — MOVE_UNIT(1), UNIT_ORDER(1)
    >>> Berlin grew to size 2
    >>> Thebes grew to size 2
    >>> Romans discovered: Bronze Working

══════════════════════════════════════════════════════════════════════
  TURN 11 — 3800 B.C. (7ms)
══════════════════════════════════════════════════════════════════════
  [Civ 1] Romans (despotism): 1 cities, 1 units, 55g, 5 techs, researching none (0/36)
    Rome: size=2, prod=Archers (20sh), bldgs=Palace
    Units: 1x Warriors
  [Civ 2] Babylonians (despotism): 1 cities, 1 units, 10g, 4 techs, researching Ceremonial Burial (30/33)
    Babylon: size=1, prod=building:3 (27sh), bldgs=Palace
    Units: 1x Warriors
  [Civ 3] Germans (despotism): 1 cities, 0 units, 11g, 4 techs, researching Alphabet (30/33)
    Berlin: size=2, prod=building:3 (18sh), bldgs=Palace
    Units: none
  [Civ 4] Egyptians (despotism): 1 cities, 1 units, 11g, 5 techs, researching Bronze Working (30/36)
    Thebes: size=2, prod=building:3 (18sh), bldgs=Palace
    Units: 1x Warriors
  [Civ 1] Romans turn: 3 actions — SET_RESEARCH(1), MOVE_UNIT(1), UNIT_ORDER(1)
    SET_RESEARCH tech=Iron Working
    >>> Babylonians discovered: Ceremonial Burial
    SET_RESEARCH tech=Alphabet
    >>> Germans discovered: Alphabet
    SET_RESEARCH tech=Map Making

══════════════════════════════════════════════════════════════════════
  TURN 12 — 3780 B.C. (6ms)
══════════════════════════════════════════════════════════════════════
  [Civ 1] Romans (despotism): 1 cities, 1 units, 57g, 5 techs, researching Iron Working (3/36)
    Rome: size=2, prod=Archers (23sh), bldgs=Palace
    Units: 1x Warriors
  [Civ 2] Babylonians (despotism): 1 cities, 1 units, 10g, 5 techs, researching Alphabet (0/36)
    Babylon: size=1, prod=building:3 (30sh), bldgs=Palace
    Units: 1x Warriors
  [Civ 3] Germans (despotism): 1 cities, 0 units, 11g, 5 techs, researching Map Making (0/36)
    Berlin: size=2, prod=building:3 (21sh), bldgs=Palace
    Units: none
  [Civ 4] Egyptians (despotism): 1 cities, 1 units, 13g, 5 techs, researching Bronze Working (33/36)
    Thebes: size=2, prod=building:3 (21sh), bldgs=Palace
    Units: 1x Warriors
  [Civ 1] Romans turn: 2 actions — MOVE_UNIT(1), UNIT_ORDER(1)
    >>> Egyptians discovered: Bronze Working
    SET_RESEARCH tech=Map Making

══════════════════════════════════════════════════════════════════════
  TURN 13 — 3760 B.C. (5ms)
══════════════════════════════════════════════════════════════════════
  [Civ 1] Romans (despotism): 1 cities, 1 units, 59g, 6 techs, researching Iron Working (6/36)
    Rome: size=2, prod=Archers (26sh), bldgs=Palace
    Units: 1x Warriors
  [Civ 2] Babylonians (despotism): 1 cities, 1 units, 11g, 5 techs, researching Alphabet (3/36)
    Babylon: size=1, prod=building:3 (33sh), bldgs=Palace
    Units: 1x Warriors
  [Civ 3] Germans (despotism): 1 cities, 0 units, 13g, 5 techs, researching Map Making (3/36)
    Berlin: size=2, prod=building:3 (24sh), bldgs=Palace
    Units: none
  [Civ 4] Egyptians (despotism): 1 cities, 1 units, 13g, 6 techs, researching Map Making (0/36)
    Thebes: size=2, prod=building:3 (24sh), bldgs=Palace
    Units: 1x Warriors
  [Civ 1] Romans turn: 2 actions — MOVE_UNIT(1), UNIT_ORDER(1)
    SET_RESEARCH tech=Code of Laws

══════════════════════════════════════════════════════════════════════
  TURN 14 — 3740 B.C. (5ms)
══════════════════════════════════════════════════════════════════════
  [Civ 1] Romans (despotism): 1 cities, 1 units, 61g, 6 techs, researching Iron Working (9/36)
    Rome: size=2, prod=Archers (29sh), bldgs=Palace
    Units: 1x Warriors
  [Civ 2] Babylonians (despotism): 1 cities, 1 units, 12g, 6 techs, researching Code of Laws (6/36)
    Babylon: size=1, prod=building:3 (36sh), bldgs=Palace
    Units: 1x Warriors
  [Civ 3] Germans (despotism): 1 cities, 0 units, 15g, 5 techs, researching Map Making (6/36)
    Berlin: size=2, prod=building:3 (27sh), bldgs=Palace
    Units: none
  [Civ 4] Egyptians (despotism): 1 cities, 1 units, 15g, 6 techs, researching Map Making (3/36)
    Thebes: size=2, prod=building:3 (27sh), bldgs=Palace
    Units: 1x Warriors
  [Civ 1] Romans turn: 2 actions — MOVE_UNIT(1), UNIT_ORDER(1)
    >>> Rome built Archers

══════════════════════════════════════════════════════════════════════
  TURN 15 — 3720 B.C. (6ms)
══════════════════════════════════════════════════════════════════════
  [Civ 1] Romans (despotism): 1 cities, 2 units, 63g, 6 techs, researching Iron Working (12/36)
    Rome: size=2, prod=Archers (2sh), bldgs=Palace
    Units: 1x Warriors, 1x Archers
  [Civ 2] Babylonians (despotism): 1 cities, 1 units, 13g, 7 techs, researching Code of Laws (9/33)
    Babylon: size=1, prod=building:3 (39sh), bldgs=Palace
    Units: 1x Warriors
  [Civ 3] Germans (despotism): 1 cities, 0 units, 17g, 6 techs, researching Map Making (9/36)
    Berlin: size=2, prod=building:3 (30sh), bldgs=Palace
    Units: none
  [Civ 4] Egyptians (despotism): 1 cities, 1 units, 17g, 6 techs, researching Map Making (6/36)
    Thebes: size=2, prod=building:3 (30sh), bldgs=Palace
    Units: 1x Warriors
  [Civ 1] Romans turn: 3 actions — CHANGE_PRODUCTION(1), MOVE_UNIT(1), UNIT_ORDER(1)
    CHANGE_PRODUCTION city=0

══════════════════════════════════════════════════════════════════════
  TURN 16 — 3700 B.C. (8ms)
══════════════════════════════════════════════════════════════════════
  [Civ 1] Romans (despotism): 1 cities, 2 units, 65g, 6 techs, researching Iron Working (15/36)
    Rome: size=2, prod=Wonder39 (3sh), bldgs=Palace
    Units: 1x Warriors, 1x Archers
  [Civ 2] Babylonians (despotism): 1 cities, 1 units, 14g, 7 techs, researching Code of Laws (12/33)
    Babylon: size=1, prod=building:3 (42sh), bldgs=Palace
    Units: 1x Warriors
  [Civ 3] Germans (despotism): 1 cities, 0 units, 19g, 6 techs, researching Map Making (12/36)
    Berlin: size=2, prod=building:3 (33sh), bldgs=Palace
    Units: none
  [Civ 4] Egyptians (despotism): 1 cities, 1 units, 19g, 6 techs, researching Map Making (9/36)
    Thebes: size=2, prod=building:3 (33sh), bldgs=Palace
    Units: 1x Warriors
  [Civ 1] Romans turn: 4 actions — MOVE_UNIT(1), UNIT_ORDER(3)

══════════════════════════════════════════════════════════════════════
  TURN 17 — 3680 B.C. (7ms)
══════════════════════════════════════════════════════════════════════
  [Civ 1] Romans (despotism): 1 cities, 2 units, 67g, 6 techs, researching Iron Working (18/36)
    Rome: size=2, prod=Wonder39 (6sh), bldgs=Palace
    Units: 1x Warriors, 1x Archers
  [Civ 2] Babylonians (despotism): 1 cities, 1 units, 15g, 7 techs, researching Code of Laws (15/33)
    Babylon: size=1, prod=building:3 (45sh), bldgs=Palace
    Units: 1x Warriors
  [Civ 3] Germans (despotism): 1 cities, 0 units, 21g, 6 techs, researching Map Making (15/36)
    Berlin: size=2, prod=building:3 (36sh), bldgs=Palace
    Units: none
  [Civ 4] Egyptians (despotism): 1 cities, 1 units, 21g, 6 techs, researching Map Making (12/36)
    Thebes: size=2, prod=building:3 (36sh), bldgs=Palace
    Units: 1x Warriors
  [Civ 1] Romans turn: 2 actions — MOVE_UNIT(1), UNIT_ORDER(1)

══════════════════════════════════════════════════════════════════════
  TURN 18 — 3660 B.C. (4ms)
══════════════════════════════════════════════════════════════════════
  [Civ 1] Romans (despotism): 1 cities, 2 units, 69g, 6 techs, researching Iron Working (21/36)
    Rome: size=2, prod=Wonder39 (9sh), bldgs=Palace
    Units: 1x Warriors, 1x Archers
  [Civ 2] Babylonians (despotism): 1 cities, 1 units, 16g, 7 techs, researching Code of Laws (18/33)
    Babylon: size=1, prod=building:3 (48sh), bldgs=Palace
    Units: 1x Warriors
  [Civ 3] Germans (despotism): 1 cities, 0 units, 23g, 6 techs, researching Map Making (18/36)
    Berlin: size=2, prod=building:3 (39sh), bldgs=Palace
    Units: none
  [Civ 4] Egyptians (despotism): 1 cities, 1 units, 23g, 6 techs, researching Map Making (15/36)
    Thebes: size=2, prod=building:3 (39sh), bldgs=Palace
    Units: 1x Warriors
  [Civ 1] Romans turn: 2 actions — MOVE_UNIT(1), UNIT_ORDER(1)

══════════════════════════════════════════════════════════════════════
  TURN 19 — 3640 B.C. (4ms)
══════════════════════════════════════════════════════════════════════
  [Civ 1] Romans (despotism): 1 cities, 2 units, 71g, 6 techs, researching Iron Working (24/36)
    Rome: size=2, prod=Wonder39 (12sh), bldgs=Palace
    Units: 1x Warriors, 1x Archers
  [Civ 2] Babylonians (despotism): 1 cities, 1 units, 17g, 7 techs, researching Code of Laws (21/33)
    Babylon: size=1, prod=building:3 (51sh), bldgs=Palace
    Units: 1x Warriors
  [Civ 3] Germans (despotism): 1 cities, 0 units, 25g, 6 techs, researching Map Making (21/36)
    Berlin: size=2, prod=building:3 (42sh), bldgs=Palace
    Units: none
  [Civ 4] Egyptians (despotism): 1 cities, 1 units, 25g, 6 techs, researching Map Making (18/36)
    Thebes: size=2, prod=building:3 (42sh), bldgs=Palace
    Units: 1x Warriors
  [Civ 1] Romans turn: 2 actions — MOVE_UNIT(1), UNIT_ORDER(1)
    ADJUST_ATTITUDE target=civ2
    ADJUST_ATTITUDE target=civ2

══════════════════════════════════════════════════════════════════════
  TURN 20 — 3620 B.C. (5ms)
══════════════════════════════════════════════════════════════════════
  [Civ 1] Romans (despotism): 1 cities, 2 units, 73g, 6 techs, researching Iron Working (27/36)
    Rome: size=2, prod=Wonder39 (15sh), bldgs=Palace
    Units: 1x Warriors, 1x Archers
  [Civ 2] Babylonians (despotism): 1 cities, 1 units, 18g, 7 techs, researching Code of Laws (24/33)
    Babylon: size=1, prod=building:3 (54sh), bldgs=Palace
    Units: 1x Warriors
  [Civ 3] Germans (despotism): 1 cities, 0 units, 27g, 6 techs, researching Map Making (24/36)
    Berlin: size=2, prod=building:3 (45sh), bldgs=Palace
    Units: none
  [Civ 4] Egyptians (despotism): 1 cities, 1 units, 27g, 6 techs, researching Map Making (21/36)
    Thebes: size=2, prod=building:3 (45sh), bldgs=Palace
    Units: 1x Warriors
  [Civ 1] Romans turn: 2 actions — MOVE_UNIT(1), UNIT_ORDER(1)
    >>> Babylon grew to size 2

══════════════════════════════════════════════════════════════════════
  TURN 21 — 3600 B.C. (4ms)
══════════════════════════════════════════════════════════════════════
  [Civ 1] Romans (despotism): 1 cities, 2 units, 75g, 6 techs, researching Iron Working (30/36)
    Rome: size=2, prod=Wonder39 (18sh), bldgs=Palace
    Units: 1x Warriors, 1x Archers
  [Civ 2] Babylonians (despotism): 1 cities, 1 units, 20g, 7 techs, researching Code of Laws (28/33)
    Babylon: size=2, prod=building:3 (57sh), bldgs=Palace
    Units: 1x Warriors
  [Civ 3] Germans (despotism): 1 cities, 0 units, 29g, 6 techs, researching Map Making (27/36)
    Berlin: size=2, prod=building:3 (48sh), bldgs=Palace
    Units: none
  [Civ 4] Egyptians (despotism): 1 cities, 1 units, 29g, 6 techs, researching Map Making (24/36)
    Thebes: size=2, prod=building:3 (48sh), bldgs=Palace
    Units: 1x Warriors
  [Civ 1] Romans turn: 2 actions — MOVE_UNIT(1), UNIT_ORDER(1)
    >>> Babylon built building:3
    CHANGE_PRODUCTION city=1
    ADJUST_ATTITUDE target=civ2
    ADJUST_ATTITUDE target=civ2

══════════════════════════════════════════════════════════════════════
  TURN 22 — 3580 B.C. (5ms)
══════════════════════════════════════════════════════════════════════
  [Civ 1] Romans (despotism): 1 cities, 2 units, 77g, 6 techs, researching Iron Working (33/36)
    Rome: size=2, prod=Wonder39 (21sh), bldgs=Palace
    Units: 1x Warriors, 1x Archers
  [Civ 2] Babylonians (despotism): 1 cities, 1 units, 21g, 7 techs, researching Code of Laws (32/33)
    Babylon: size=2, prod=Settlers (0sh), bldgs=Palace, Granary
    Units: 1x Warriors
  [Civ 3] Germans (despotism): 1 cities, 0 units, 31g, 6 techs, researching Map Making (30/36)
    Berlin: size=2, prod=building:3 (51sh), bldgs=Palace
    Units: none
  [Civ 4] Egyptians (despotism): 1 cities, 1 units, 31g, 6 techs, researching Map Making (27/36)
    Thebes: size=2, prod=building:3 (51sh), bldgs=Palace
    Units: 1x Warriors
  [Civ 1] Romans turn: 2 actions — MOVE_UNIT(1), UNIT_ORDER(1)
    >>> Babylonians discovered: Code of Laws
    SET_RESEARCH tech=Mathematics
    >>> Romans discovered: Iron Working

══════════════════════════════════════════════════════════════════════
  TURN 23 — 3560 B.C. (7ms)
══════════════════════════════════════════════════════════════════════
  [Civ 1] Romans (despotism): 1 cities, 2 units, 77g, 7 techs, researching none (0/33)
    Rome: size=2, prod=Wonder39 (24sh), bldgs=Palace
    Units: 1x Warriors, 1x Archers
  [Civ 2] Babylonians (despotism): 1 cities, 1 units, 21g, 8 techs, researching Mathematics (0/28)
    Babylon: size=2, prod=Settlers (4sh), bldgs=Palace, Granary
    Units: 1x Warriors
  [Civ 3] Germans (despotism): 1 cities, 0 units, 33g, 6 techs, researching Map Making (33/36)
    Berlin: size=2, prod=building:3 (54sh), bldgs=Palace
    Units: none
  [Civ 4] Egyptians (despotism): 1 cities, 1 units, 33g, 6 techs, researching Map Making (30/36)
    Thebes: size=2, prod=building:3 (54sh), bldgs=Palace
    Units: 1x Warriors
  [Civ 1] Romans turn: 3 actions — SET_RESEARCH(1), MOVE_UNIT(1), UNIT_ORDER(1)
    SET_RESEARCH tech=Map Making
    END_TURN REJECTED: 1 units still need orders
      #15 Settlers(Settle) @(26,20) mv=3 ord=none hp=full
    >>> Germans discovered: Map Making
    SET_RESEARCH tech=Currency

══════════════════════════════════════════════════════════════════════
  TURN 24 — 3540 B.C. (8ms)
══════════════════════════════════════════════════════════════════════
  [Civ 1] Romans (despotism): 1 cities, 3 units, 79g, 7 techs, researching Map Making (3/33)
    Rome: size=2, prod=Wonder39 (27sh), bldgs=Palace
    Units: 1x Warriors, 1x Archers, 1x Settlers
  [Civ 2] Babylonians (despotism): 1 cities, 1 units, 22g, 8 techs, researching Mathematics (4/28)
    Babylon: size=2, prod=Settlers (8sh), bldgs=Palace, Granary
    Units: 1x Warriors
  [Civ 3] Germans (despotism): 1 cities, 0 units, 33g, 7 techs, researching Currency (0/33)
    Berlin: size=2, prod=building:3 (57sh), bldgs=Palace
    Units: none
  [Civ 4] Egyptians (despotism): 1 cities, 1 units, 35g, 6 techs, researching Map Making (33/36)
    Thebes: size=2, prod=building:3 (57sh), bldgs=Palace
    Units: 1x Warriors
  [Civ 1] Romans turn: 4 actions — BUILD_CITY(1), MOVE_UNIT(1), UNIT_ORDER(2)
    BUILD_CITY unit=15 name="Caesarea"
    1 actions REJECTED (of 4)
    >>> Berlin built building:3
    CHANGE_PRODUCTION city=2
    >>> Egyptians discovered: Map Making
    >>> Thebes built building:3
    SET_RESEARCH tech=Seafaring
    CHANGE_PRODUCTION city=3
    >>> Rome grew to size 3

══════════════════════════════════════════════════════════════════════
  TURN 25 — 3520 B.C. (7ms)
══════════════════════════════════════════════════════════════════════
  [Civ 1] Romans (despotism): 2 cities, 2 units, 81g, 7 techs, researching Map Making (8/33)
    Rome: size=3, prod=Wonder39 (30sh), bldgs=Palace
    Caesarea: size=1, prod=Warriors (2sh)
    Units: 1x Warriors, 1x Archers
  [Civ 2] Babylonians (despotism): 1 cities, 1 units, 23g, 8 techs, researching Mathematics (8/28)
    Babylon: size=2, prod=Settlers (12sh), bldgs=Palace, Granary
    Units: 1x Warriors
  [Civ 3] Germans (despotism): 1 cities, 0 units, 34g, 7 techs, researching Currency (3/33)
    Berlin: size=2, prod=Settlers (0sh), bldgs=Palace, Granary
    Units: none
  [Civ 4] Egyptians (despotism): 1 cities, 1 units, 35g, 7 techs, researching Seafaring (0/33)
    Thebes: size=2, prod=Wonder40 (0sh), bldgs=Palace, Granary
    Units: 1x Warriors
  [Civ 1] Romans turn: 3 actions — CHANGE_PRODUCTION(1), MOVE_UNIT(1), UNIT_ORDER(1)
    CHANGE_PRODUCTION city=4
    >>> Berlin grew to size 3
    >>> Thebes grew to size 3

══════════════════════════════════════════════════════════════════════
  TURN 26 — 3500 B.C. (8ms)
══════════════════════════════════════════════════════════════════════
  [Civ 1] Romans (despotism): 2 cities, 2 units, 83g, 8 techs, researching Map Making (13/28)
    Rome: size=3, prod=Wonder39 (34sh), bldgs=Palace
    Caesarea: size=1, prod=building:3 (2sh)
    Units: 1x Warriors, 1x Archers
  [Civ 2] Babylonians (despotism): 1 cities, 1 units, 24g, 8 techs, researching Mathematics (12/28)
    Babylon: size=2, prod=Settlers (16sh), bldgs=Palace, Granary
    Units: 1x Warriors
  [Civ 3] Germans (despotism): 1 cities, 0 units, 35g, 7 techs, researching Currency (6/33)
    Berlin: size=3, prod=Settlers (3sh), bldgs=Palace, Granary
    Units: none
  [Civ 4] Egyptians (despotism): 1 cities, 1 units, 36g, 7 techs, researching Seafaring (4/33)
    Thebes: size=3, prod=Wonder40 (3sh), bldgs=Palace, Granary
    Units: 1x Warriors
  [Civ 1] Romans turn: 3 actions — SET_RESEARCH(1), MOVE_UNIT(1), UNIT_ORDER(1)
    SET_RESEARCH tech=The Wheel

══════════════════════════════════════════════════════════════════════
  TURN 27 — 3480 B.C. (4ms)
══════════════════════════════════════════════════════════════════════
  [Civ 1] Romans (despotism): 2 cities, 2 units, 85g, 8 techs, researching The Wheel (18/28)
    Rome: size=3, prod=Wonder39 (38sh), bldgs=Palace
    Caesarea: size=1, prod=building:3 (4sh)
    Units: 1x Warriors, 1x Archers
  [Civ 2] Babylonians (despotism): 1 cities, 1 units, 25g, 9 techs, researching Mathematics (16/32)
    Babylon: size=2, prod=Settlers (20sh), bldgs=Palace, Granary
    Units: 1x Warriors
  [Civ 3] Germans (despotism): 1 cities, 0 units, 36g, 7 techs, researching Currency (9/33)
    Berlin: size=3, prod=Settlers (7sh), bldgs=Palace, Granary
    Units: none
  [Civ 4] Egyptians (despotism): 1 cities, 1 units, 37g, 7 techs, researching Seafaring (8/33)
    Thebes: size=3, prod=Wonder40 (7sh), bldgs=Palace, Granary
    Units: 1x Warriors
  [Civ 1] Romans turn: 2 actions — MOVE_UNIT(1), UNIT_ORDER(1)

══════════════════════════════════════════════════════════════════════
  TURN 28 — 3460 B.C. (6ms)
══════════════════════════════════════════════════════════════════════
  [Civ 1] Romans (despotism): 2 cities, 2 units, 87g, 8 techs, researching The Wheel (23/28)
    Rome: size=3, prod=Wonder39 (42sh), bldgs=Palace
    Caesarea: size=1, prod=building:3 (6sh)
    Units: 1x Warriors, 1x Archers
  [Civ 2] Babylonians (despotism): 1 cities, 1 units, 26g, 9 techs, researching Mathematics (20/32)
    Babylon: size=2, prod=Settlers (24sh), bldgs=Palace, Granary
    Units: 1x Warriors
  [Civ 3] Germans (despotism): 1 cities, 0 units, 37g, 7 techs, researching Currency (12/33)
    Berlin: size=3, prod=Settlers (11sh), bldgs=Palace, Granary
    Units: none
  [Civ 4] Egyptians (despotism): 1 cities, 1 units, 38g, 7 techs, researching Seafaring (12/33)
    Thebes: size=3, prod=Wonder40 (11sh), bldgs=Palace, Granary
    Units: 1x Warriors
  [Civ 1] Romans turn: 2 actions — MOVE_UNIT(1), UNIT_ORDER(1)
    >>> Romans discovered: The Wheel

══════════════════════════════════════════════════════════════════════
  TURN 29 — 3440 B.C. (5ms)
══════════════════════════════════════════════════════════════════════
  [Civ 1] Romans (despotism): 2 cities, 2 units, 87g, 9 techs, researching none (0/32)
    Rome: size=3, prod=Wonder39 (46sh), bldgs=Palace
    Caesarea: size=1, prod=building:3 (8sh)
    Units: 1x Warriors, 1x Archers
  [Civ 2] Babylonians (despotism): 1 cities, 1 units, 27g, 9 techs, researching Mathematics (24/32)
    Babylon: size=2, prod=Settlers (28sh), bldgs=Palace, Granary
    Units: 1x Warriors
  [Civ 3] Germans (despotism): 1 cities, 0 units, 38g, 7 techs, researching Currency (15/33)
    Berlin: size=3, prod=Settlers (15sh), bldgs=Palace, Granary
    Units: none
  [Civ 4] Egyptians (despotism): 1 cities, 1 units, 39g, 7 techs, researching Seafaring (16/33)
    Thebes: size=3, prod=Wonder40 (15sh), bldgs=Palace, Granary
    Units: 1x Warriors
  [Civ 1] Romans turn: 3 actions — SET_RESEARCH(1), MOVE_UNIT(1), UNIT_ORDER(1)
    SET_RESEARCH tech=Currency

══════════════════════════════════════════════════════════════════════
  TURN 30 — 3420 B.C. (5ms)
══════════════════════════════════════════════════════════════════════
  [Civ 1] Romans (despotism): 2 cities, 2 units, 89g, 9 techs, researching Currency (5/32)
    Rome: size=3, prod=Wonder39 (50sh), bldgs=Palace
    Caesarea: size=1, prod=building:3 (10sh)
    Units: 1x Warriors, 1x Archers
  [Civ 2] Babylonians (despotism): 1 cities, 1 units, 28g, 9 techs, researching Mathematics (28/32)
    Babylon: size=2, prod=Settlers (32sh), bldgs=Palace, Granary
    Units: 1x Warriors
  [Civ 3] Germans (despotism): 1 cities, 0 units, 39g, 7 techs, researching Currency (18/33)
    Berlin: size=3, prod=Settlers (19sh), bldgs=Palace, Granary
    Units: none
  [Civ 4] Egyptians (despotism): 1 cities, 1 units, 40g, 7 techs, researching Seafaring (20/33)
    Thebes: size=3, prod=Wonder40 (19sh), bldgs=Palace, Granary
    Units: 1x Warriors
  [Civ 1] Romans turn: 2 actions — MOVE_UNIT(1), UNIT_ORDER(1)
    >>> Babylonians discovered: Mathematics
    SET_RESEARCH tech=Currency
    ADJUST_ATTITUDE target=civ2
    ADJUST_ATTITUDE target=civ2

══════════════════════════════════════════════════════════════════════
  TURN 31 — 3400 B.C. (8ms)
══════════════════════════════════════════════════════════════════════
  [Civ 1] Romans (despotism): 2 cities, 2 units, 91g, 9 techs, researching Currency (10/21)
    Rome: size=3, prod=Wonder39 (54sh), bldgs=Palace
    Caesarea: size=1, prod=building:3 (12sh)
    Units: 1x Warriors, 1x Archers
  [Civ 2] Babylonians (despotism): 1 cities, 1 units, 28g, 10 techs, researching Currency (0/48)
    Babylon: size=2, prod=Settlers (36sh), bldgs=Palace, Granary
    Units: 1x Warriors
  [Civ 3] Germans (despotism): 1 cities, 0 units, 40g, 7 techs, researching Currency (21/33)
    Berlin: size=3, prod=Settlers (23sh), bldgs=Palace, Granary
    Units: none
  [Civ 4] Egyptians (despotism): 1 cities, 1 units, 41g, 7 techs, researching Seafaring (24/33)
    Thebes: size=3, prod=Wonder40 (23sh), bldgs=Palace, Granary
    Units: 1x Warriors
  [Civ 1] Romans turn: 2 actions — MOVE_UNIT(1), UNIT_ORDER(1)
    >>> Babylon built Settlers
    CHANGE_PRODUCTION city=1

══════════════════════════════════════════════════════════════════════
  TURN 32 — 3380 B.C. (4ms)
══════════════════════════════════════════════════════════════════════
  [Civ 1] Romans (despotism): 2 cities, 2 units, 93g, 9 techs, researching Currency (15/21)
    Rome: size=3, prod=Wonder39 (58sh), bldgs=Palace
    Caesarea: size=1, prod=building:3 (14sh)
    Units: 1x Warriors, 1x Archers
  [Civ 2] Babylonians (despotism): 1 cities, 2 units, 28g, 10 techs, researching Currency (2/48)
    Babylon: size=1, prod=building:7 (0sh), bldgs=Palace, Granary
    Units: 1x Warriors, 1x Settlers
  [Civ 3] Germans (despotism): 1 cities, 0 units, 41g, 7 techs, researching Currency (24/33)
    Berlin: size=3, prod=Settlers (27sh), bldgs=Palace, Granary
    Units: none
  [Civ 4] Egyptians (despotism): 1 cities, 1 units, 42g, 7 techs, researching Seafaring (28/33)
    Thebes: size=3, prod=Wonder40 (27sh), bldgs=Palace, Granary
    Units: 1x Warriors
  [Civ 1] Romans turn: 5 actions — ADJUST_ATTITUDE(3), MOVE_UNIT(1), UNIT_ORDER(1)
    ADJUST_ATTITUDE target=civ2
    ADJUST_ATTITUDE target=civ3
    ADJUST_ATTITUDE target=civ4
    ADJUST_ATTITUDE target=civ1
    ADJUST_ATTITUDE target=civ3
    ADJUST_ATTITUDE target=civ4
    ADJUST_ATTITUDE target=civ1
    ADJUST_ATTITUDE target=civ2
    ADJUST_ATTITUDE target=civ4
    ADJUST_ATTITUDE target=civ1
    ADJUST_ATTITUDE target=civ2
    ADJUST_ATTITUDE target=civ3

══════════════════════════════════════════════════════════════════════
  TURN 33 — 3360 B.C. (11ms)
══════════════════════════════════════════════════════════════════════
  [Civ 1] Romans (despotism): 2 cities, 2 units, 95g, 9 techs, researching Currency (20/21)
    Rome: size=3, prod=Wonder39 (62sh), bldgs=Palace
    Caesarea: size=1, prod=building:3 (16sh)
    Units: 1x Warriors, 1x Archers
  [Civ 2] Babylonians (despotism): 1 cities, 2 units, 28g, 10 techs, researching Currency (4/48)
    Babylon: size=1, prod=building:7 (2sh), bldgs=Palace, Granary
    Units: 1x Warriors, 1x Settlers
  [Civ 3] Germans (despotism): 1 cities, 0 units, 42g, 7 techs, researching Currency (27/33)
    Berlin: size=3, prod=Settlers (31sh), bldgs=Palace, Granary
    Units: none
  [Civ 4] Egyptians (despotism): 1 cities, 1 units, 43g, 7 techs, researching Seafaring (32/33)
    Thebes: size=3, prod=Wonder40 (31sh), bldgs=Palace, Granary
    Units: 1x Warriors
  [Civ 1] Romans turn: 2 actions — MOVE_UNIT(1), UNIT_ORDER(1)
    >>> Egyptians discovered: Seafaring
    SET_RESEARCH tech=Mathematics
    >>> Romans discovered: Currency
    >>> Caesarea grew to size 2

══════════════════════════════════════════════════════════════════════
  TURN 34 — 3340 B.C. (6ms)
══════════════════════════════════════════════════════════════════════
  [Civ 1] Romans (despotism): 2 cities, 2 units, 95g, 10 techs, researching none (0/48)
    Rome: size=3, prod=Wonder39 (66sh), bldgs=Palace
    Caesarea: size=2, prod=building:3 (18sh)
    Units: 1x Warriors, 1x Archers
  [Civ 2] Babylonians (despotism): 1 cities, 2 units, 28g, 10 techs, researching Currency (6/48)
    Babylon: size=1, prod=building:7 (4sh), bldgs=Palace, Granary
    Units: 1x Warriors, 1x Settlers
  [Civ 3] Germans (despotism): 1 cities, 0 units, 43g, 7 techs, researching Currency (30/33)
    Berlin: size=3, prod=Settlers (35sh), bldgs=Palace, Granary
    Units: none
  [Civ 4] Egyptians (despotism): 1 cities, 1 units, 43g, 8 techs, researching Mathematics (0/28)
    Thebes: size=3, prod=Wonder40 (35sh), bldgs=Palace, Granary
    Units: 1x Warriors
  [Civ 1] Romans turn: 3 actions — SET_RESEARCH(1), MOVE_UNIT(1), UNIT_ORDER(1)
    SET_RESEARCH tech=Ceremonial Burial
    >>> Germans discovered: Currency
    SET_RESEARCH tech=Writing

══════════════════════════════════════════════════════════════════════
  TURN 35 — 3320 B.C. (7ms)
══════════════════════════════════════════════════════════════════════
  [Civ 1] Romans (despotism): 2 cities, 2 units, 97g, 10 techs, researching Ceremonial Burial (5/48)
    Rome: size=3, prod=Wonder39 (70sh), bldgs=Palace
    Caesarea: size=2, prod=building:3 (21sh)
    Units: 1x Warriors, 1x Archers
  [Civ 2] Babylonians (despotism): 1 cities, 2 units, 28g, 10 techs, researching Currency (8/48)
    Babylon: size=1, prod=building:7 (6sh), bldgs=Palace, Granary
    Units: 1x Warriors, 1x Settlers
  [Civ 3] Germans (despotism): 1 cities, 0 units, 43g, 8 techs, researching Writing (0/28)
    Berlin: size=3, prod=Settlers (39sh), bldgs=Palace, Granary
    Units: none
  [Civ 4] Egyptians (despotism): 1 cities, 1 units, 44g, 8 techs, researching Mathematics (4/28)
    Thebes: size=3, prod=Wonder40 (39sh), bldgs=Palace, Granary
    Units: 1x Warriors
  [Civ 1] Romans turn: 2 actions — MOVE_UNIT(1), UNIT_ORDER(1)
    >>> Berlin built Settlers
    CHANGE_PRODUCTION city=2

══════════════════════════════════════════════════════════════════════
  TURN 36 — 3300 B.C. (7ms)
══════════════════════════════════════════════════════════════════════
  [Civ 1] Romans (despotism): 2 cities, 2 units, 99g, 10 techs, researching Ceremonial Burial (10/48)
    Rome: size=3, prod=Wonder39 (74sh), bldgs=Palace
    Caesarea: size=2, prod=building:3 (24sh)
    Units: 1x Warriors, 1x Archers
  [Civ 2] Babylonians (despotism): 1 cities, 2 units, 28g, 10 techs, researching Currency (10/48)
    Babylon: size=1, prod=building:7 (8sh), bldgs=Palace, Granary
    Units: 1x Warriors, 1x Settlers
  [Civ 3] Germans (despotism): 1 cities, 1 units, 44g, 8 techs, researching Writing (3/28)
    Berlin: size=2, prod=Warriors (1sh), bldgs=Palace, Granary
    Units: 1x Settlers
  [Civ 4] Egyptians (despotism): 1 cities, 1 units, 45g, 9 techs, researching Mathematics (8/21)
    Thebes: size=3, prod=Wonder40 (43sh), bldgs=Palace, Granary
    Units: 1x Warriors
  [Civ 1] Romans turn: 2 actions — MOVE_UNIT(1), UNIT_ORDER(1)
    SET_RESEARCH tech=Construction
    >>> Berlin grew to size 3
    ADJUST_ATTITUDE target=civ2
    ADJUST_ATTITUDE target=civ2

══════════════════════════════════════════════════════════════════════
  TURN 37 — 3280 B.C. (8ms)
══════════════════════════════════════════════════════════════════════
  [Civ 1] Romans (despotism): 2 cities, 1 units, 101g, 10 techs, researching Ceremonial Burial (15/24)
    Rome: size=3, prod=Wonder39 (78sh), bldgs=Palace
    Caesarea: size=2, prod=building:3 (27sh)
    Units: 1x Archers
  [Civ 2] Babylonians (despotism): 1 cities, 2 units, 28g, 11 techs, researching Construction (12/52)
    Babylon: size=1, prod=building:7 (10sh), bldgs=Palace, Granary
    Units: 1x Warriors, 1x Settlers
  [Civ 3] Germans (despotism): 1 cities, 1 units, 45g, 8 techs, researching Writing (6/28)
    Berlin: size=3, prod=Warriors (4sh), bldgs=Palace, Granary
    Units: 1x Settlers
  [Civ 4] Egyptians (despotism): 1 cities, 1 units, 46g, 9 techs, researching Mathematics (12/21)
    Thebes: size=3, prod=Wonder40 (47sh), bldgs=Palace, Granary
    Units: 1x Warriors
  [Civ 1] Romans turn: 0 actions — idle
    COMBAT: Warriors vs Settlers → defWin (atkHp=undefined, defHp=undefined)
    1 actions REJECTED (of 2)
    ADJUST_ATTITUDE target=civ2

══════════════════════════════════════════════════════════════════════
  TURN 38 — 3260 B.C. (9ms)
══════════════════════════════════════════════════════════════════════
  [Civ 1] Romans (despotism): 2 cities, 1 units, 103g, 10 techs, researching Ceremonial Burial (20/24)
    Rome: size=3, prod=Wonder39 (82sh), bldgs=Palace
    Caesarea: size=2, prod=building:3 (30sh)
    Units: 1x Archers
  [Civ 2] Babylonians (despotism): 1 cities, 1 units, 28g, 11 techs, researching Construction (14/52)
    Babylon: size=1, prod=building:7 (12sh), bldgs=Palace, Granary
    Units: 1x Settlers
  [Civ 3] Germans (despotism): 1 cities, 1 units, 46g, 8 techs, researching Writing (9/28)
    Berlin: size=3, prod=Warriors (8sh), bldgs=Palace, Granary
    Units: 1x Settlers
  [Civ 4] Egyptians (despotism): 1 cities, 1 units, 47g, 9 techs, researching Mathematics (16/21)
    Thebes: size=3, prod=Wonder40 (51sh), bldgs=Palace, Granary
    Units: 1x Warriors
  [Civ 1] Romans turn: 0 actions — idle
    >>> Berlin built Warriors
    ADJUST_ATTITUDE target=civ2
    CHANGE_PRODUCTION city=2
    >>> Thebes grew to size 4
    >>> Romans discovered: Ceremonial Burial

══════════════════════════════════════════════════════════════════════
  TURN 39 — 3240 B.C. (5ms)
══════════════════════════════════════════════════════════════════════
  [Civ 1] Romans (despotism): 2 cities, 1 units, 103g, 11 techs, researching none (0/52)
    Rome: size=3, prod=Wonder39 (86sh), bldgs=Palace
    Caesarea: size=2, prod=building:3 (33sh)
    Units: 1x Archers
  [Civ 2] Babylonians (despotism): 1 cities, 1 units, 28g, 11 techs, researching Construction (16/52)
    Babylon: size=1, prod=building:7 (14sh), bldgs=Palace, Granary
    Units: 1x Settlers
  [Civ 3] Germans (despotism): 1 cities, 2 units, 47g, 8 techs, researching Writing (12/28)
    Berlin: size=3, prod=Archers (1sh), bldgs=Palace, Granary
    Units: 1x Settlers, 1x Warriors
  [Civ 4] Egyptians (despotism): 1 cities, 1 units, 48g, 9 techs, researching Mathematics (20/21)
    Thebes: size=4, prod=Wonder40 (55sh), bldgs=Palace, Granary
    Units: 1x Warriors
  [Civ 1] Romans turn: 1 actions — SET_RESEARCH(1)
    SET_RESEARCH tech=Mysticism
    ADJUST_ATTITUDE target=civ3
    ADJUST_ATTITUDE target=civ3
    PROPOSE_TREATY treaty=ceasefire target=civ3
    ADJUST_ATTITUDE target=civ3
    ADJUST_ATTITUDE target=civ2
    ADJUST_ATTITUDE target=civ2
    ADJUST_ATTITUDE target=civ2
    >>> Egyptians discovered: Mathematics
    SET_RESEARCH tech=Writing

══════════════════════════════════════════════════════════════════════
  TURN 40 — 3220 B.C. (6ms)
══════════════════════════════════════════════════════════════════════
  [Civ 1] Romans (despotism): 2 cities, 1 units, 105g, 11 techs, researching Mysticism (5/52)
    Rome: size=3, prod=Wonder39 (90sh), bldgs=Palace
    Caesarea: size=2, prod=building:3 (36sh)
    Units: 1x Archers
  [Civ 2] Babylonians (despotism): 1 cities, 1 units, 28g, 11 techs, researching Construction (18/52)
    Babylon: size=1, prod=building:7 (16sh), bldgs=Palace, Granary
    Units: 1x Settlers
  [Civ 3] Germans (despotism): 1 cities, 2 units, 48g, 8 techs, researching Writing (15/28)
    Berlin: size=3, prod=Archers (5sh), bldgs=Palace, Granary
    Units: 1x Settlers, 1x Warriors
  [Civ 4] Egyptians (despotism): 1 cities, 1 units, 48g, 10 techs, researching Writing (0/24)
    Thebes: size=4, prod=Wonder40 (60sh), bldgs=Palace, Granary
    Units: 1x Warriors
  [Civ 1] Romans turn: 0 actions — idle
    >>> Babylon grew to size 2
    ADJUST_ATTITUDE target=civ3
    ADJUST_ATTITUDE target=civ2

══════════════════════════════════════════════════════════════════════
  TURN 41 — 3200 B.C. (7ms)
══════════════════════════════════════════════════════════════════════
  [Civ 1] Romans (despotism): 2 cities, 1 units, 107g, 12 techs, researching Mysticism (10/57)
    Rome: size=3, prod=Wonder39 (94sh), bldgs=Palace
    Caesarea: size=2, prod=building:3 (39sh)
    Units: 1x Archers
  [Civ 2] Babylonians (despotism): 1 cities, 1 units, 29g, 11 techs, researching Construction (22/26)
    Babylon: size=2, prod=building:7 (18sh), bldgs=Palace, Granary
    Units: 1x Settlers
  [Civ 3] Germans (despotism): 1 cities, 2 units, 49g, 9 techs, researching Writing (18/21)
    Berlin: size=3, prod=Archers (9sh), bldgs=Palace, Granary
    Units: 1x Settlers, 1x Warriors
  [Civ 4] Egyptians (despotism): 1 cities, 1 units, 49g, 11 techs, researching Writing (4/26)
    Thebes: size=4, prod=Wonder40 (65sh), bldgs=Palace, Granary
    Units: 1x Warriors
  [Civ 1] Romans turn: 0 actions — idle
    >>> Babylonians discovered: Construction
    SET_RESEARCH tech=Mysticism
    ADJUST_ATTITUDE target=civ3
    >>> Germans discovered: Writing
    SET_RESEARCH tech=Code of Laws
    ADJUST_ATTITUDE target=civ2

══════════════════════════════════════════════════════════════════════
  TURN 42 — 3180 B.C. (8ms)
══════════════════════════════════════════════════════════════════════
  [Civ 1] Romans (despotism): 2 cities, 1 units, 109g, 12 techs, researching Mysticism (15/57)
    Rome: size=3, prod=Wonder39 (98sh), bldgs=Palace
    Caesarea: size=2, prod=building:3 (42sh)
    Units: 1x Archers
  [Civ 2] Babylonians (despotism): 1 cities, 1 units, 29g, 12 techs, researching Mysticism (0/57)
    Babylon: size=2, prod=building:7 (22sh), bldgs=Palace, Granary
    Units: 1x Settlers
  [Civ 3] Germans (despotism): 1 cities, 2 units, 49g, 11 techs, researching Code of Laws (0/26)
    Berlin: size=3, prod=Archers (13sh), bldgs=Palace, Granary
    Units: 1x Settlers, 1x Warriors
  [Civ 4] Egyptians (despotism): 1 cities, 1 units, 50g, 11 techs, researching Writing (8/26)
    Thebes: size=4, prod=Wonder40 (70sh), bldgs=Palace, Granary
    Units: 1x Warriors
  [Civ 1] Romans turn: 0 actions — idle
    ADJUST_ATTITUDE target=civ3
    ADJUST_ATTITUDE target=civ3
    ADJUST_ATTITUDE target=civ2
    ADJUST_ATTITUDE target=civ2

══════════════════════════════════════════════════════════════════════
  TURN 43 — 3160 B.C. (7ms)
══════════════════════════════════════════════════════════════════════
  [Civ 1] Romans (despotism): 2 cities, 1 units, 111g, 12 techs, researching Mysticism (20/57)
    Rome: size=3, prod=Wonder39 (102sh), bldgs=Palace
    Caesarea: size=2, prod=building:3 (45sh)
    Units: 1x Archers
  [Civ 2] Babylonians (despotism): 1 cities, 1 units, 30g, 12 techs, researching Mysticism (4/57)
    Babylon: size=2, prod=building:7 (26sh), bldgs=Palace, Granary
    Units: 1x Settlers
  [Civ 3] Germans (despotism): 1 cities, 2 units, 50g, 11 techs, researching Code of Laws (3/26)
    Berlin: size=3, prod=Archers (17sh), bldgs=Palace, Granary
    Units: 1x Settlers, 1x Warriors
  [Civ 4] Egyptians (despotism): 1 cities, 1 units, 51g, 11 techs, researching Writing (12/26)
    Thebes: size=4, prod=Wonder40 (75sh), bldgs=Palace, Granary
    Units: 1x Warriors
  [Civ 1] Romans turn: 0 actions — idle
    ADJUST_ATTITUDE target=civ3
    PROPOSE_TREATY treaty=ceasefire target=civ3
    ADJUST_ATTITUDE target=civ3
    ADJUST_ATTITUDE target=civ2
    ADJUST_ATTITUDE target=civ2

══════════════════════════════════════════════════════════════════════
  TURN 44 — 3140 B.C. (4ms)
══════════════════════════════════════════════════════════════════════
  [Civ 1] Romans (despotism): 2 cities, 1 units, 113g, 12 techs, researching Mysticism (25/57)
    Rome: size=3, prod=Wonder39 (106sh), bldgs=Palace
    Caesarea: size=2, prod=building:3 (48sh)
    Units: 1x Archers
  [Civ 2] Babylonians (despotism): 1 cities, 1 units, 31g, 12 techs, researching Mysticism (8/57)
    Babylon: size=2, prod=building:7 (30sh), bldgs=Palace, Granary
    Units: 1x Settlers
  [Civ 3] Germans (despotism): 1 cities, 2 units, 51g, 11 techs, researching Code of Laws (6/26)
    Berlin: size=3, prod=Archers (21sh), bldgs=Palace, Granary
    Units: 1x Settlers, 1x Warriors
  [Civ 4] Egyptians (despotism): 1 cities, 1 units, 52g, 11 techs, researching Writing (16/26)
    Thebes: size=4, prod=Wonder40 (80sh), bldgs=Palace, Granary
    Units: 1x Warriors
  [Civ 1] Romans turn: 1 actions — RUSH_BUY(1)
    RUSH_BUY city=4
    ADJUST_ATTITUDE target=civ3
    ADJUST_ATTITUDE target=civ2
    >>> Rome grew to size 4
    >>> Caesarea built building:3

══════════════════════════════════════════════════════════════════════
  TURN 45 — 3120 B.C. (7ms)
══════════════════════════════════════════════════════════════════════
  [Civ 1] Romans (despotism): 2 cities, 1 units, 90g, 12 techs, researching Mysticism (31/57)
    Rome: size=4, prod=Wonder39 (110sh), bldgs=Palace
    Caesarea: size=2, prod=building:3 (3sh), bldgs=Granary
    Units: 1x Archers
  [Civ 2] Babylonians (despotism): 1 cities, 1 units, 32g, 12 techs, researching Mysticism (12/57)
    Babylon: size=2, prod=building:7 (34sh), bldgs=Palace, Granary
    Units: 1x Settlers
  [Civ 3] Germans (despotism): 1 cities, 2 units, 52g, 11 techs, researching Code of Laws (9/26)
    Berlin: size=3, prod=Archers (25sh), bldgs=Palace, Granary
    Units: 1x Settlers, 1x Warriors
  [Civ 4] Egyptians (despotism): 1 cities, 1 units, 53g, 11 techs, researching Writing (20/26)
    Thebes: size=4, prod=Wonder40 (85sh), bldgs=Palace, Granary
    Units: 1x Warriors
  [Civ 1] Romans turn: 1 actions — CHANGE_PRODUCTION(1)
    CHANGE_PRODUCTION city=4
    ADJUST_ATTITUDE target=civ3
    ADJUST_ATTITUDE target=civ3
    ADJUST_ATTITUDE target=civ2
    ADJUST_ATTITUDE target=civ2

══════════════════════════════════════════════════════════════════════
  TURN 46 — 3100 B.C. (6ms)
══════════════════════════════════════════════════════════════════════
  [Civ 1] Romans (despotism): 2 cities, 1 units, 91g, 12 techs, researching Mysticism (37/57)
    Rome: size=4, prod=Wonder39 (115sh), bldgs=Palace
    Caesarea: size=2, prod=building:5 (4sh), bldgs=Granary
    Units: 1x Archers
  [Civ 2] Babylonians (despotism): 1 cities, 1 units, 33g, 12 techs, researching Mysticism (16/57)
    Babylon: size=2, prod=building:7 (38sh), bldgs=Palace, Granary
    Units: 1x Settlers
  [Civ 3] Germans (despotism): 1 cities, 2 units, 53g, 11 techs, researching Code of Laws (12/26)
    Berlin: size=3, prod=Archers (29sh), bldgs=Palace, Granary
    Units: 1x Settlers, 1x Warriors
  [Civ 4] Egyptians (despotism): 1 cities, 1 units, 54g, 11 techs, researching Writing (24/26)
    Thebes: size=4, prod=Wonder40 (90sh), bldgs=Palace, Granary
    Units: 1x Warriors
  [Civ 1] Romans turn: 0 actions — idle
    ADJUST_ATTITUDE target=civ3
    >>> Berlin built Archers
    ADJUST_ATTITUDE target=civ2
    CHANGE_PRODUCTION city=2
    >>> Egyptians discovered: Writing
    SET_RESEARCH tech=Construction

══════════════════════════════════════════════════════════════════════
  TURN 47 — 3080 B.C. (5ms)
══════════════════════════════════════════════════════════════════════
  [Civ 1] Romans (despotism): 2 cities, 1 units, 92g, 12 techs, researching Mysticism (43/57)
    Rome: size=4, prod=Wonder39 (120sh), bldgs=Palace
    Caesarea: size=2, prod=building:5 (7sh), bldgs=Granary
    Units: 1x Archers
  [Civ 2] Babylonians (despotism): 1 cities, 1 units, 34g, 12 techs, researching Mysticism (20/57)
    Babylon: size=2, prod=building:7 (42sh), bldgs=Palace, Granary
    Units: 1x Settlers
  [Civ 3] Germans (despotism): 1 cities, 3 units, 54g, 11 techs, researching Code of Laws (15/26)
    Berlin: size=3, prod=Horsemen (1sh), bldgs=Palace, Granary
    Units: 1x Settlers, 1x Warriors, 1x Archers
  [Civ 4] Egyptians (despotism): 1 cities, 1 units, 54g, 12 techs, researching Construction (0/57)
    Thebes: size=4, prod=Wonder40 (95sh), bldgs=Palace, Granary
    Units: 1x Warriors
  [Civ 1] Romans turn: 0 actions — idle
    ADJUST_ATTITUDE target=civ3
    PROPOSE_TREATY treaty=ceasefire target=civ3
    ADJUST_ATTITUDE target=civ3
    ADJUST_ATTITUDE target=civ2
    ADJUST_ATTITUDE target=civ2

══════════════════════════════════════════════════════════════════════
  TURN 48 — 3060 B.C. (6ms)
══════════════════════════════════════════════════════════════════════
  [Civ 1] Romans (despotism): 2 cities, 1 units, 93g, 13 techs, researching Mysticism (49/62)
    Rome: size=4, prod=Wonder39 (125sh), bldgs=Palace
    Caesarea: size=2, prod=building:5 (10sh), bldgs=Granary
    Units: 1x Archers
  [Civ 2] Babylonians (despotism): 1 cities, 1 units, 35g, 12 techs, researching Mysticism (24/28)
    Babylon: size=2, prod=building:7 (46sh), bldgs=Palace, Granary
    Units: 1x Settlers
  [Civ 3] Germans (despotism): 1 cities, 3 units, 55g, 11 techs, researching Code of Laws (18/26)
    Berlin: size=3, prod=Horsemen (5sh), bldgs=Palace, Granary
    Units: 1x Settlers, 1x Warriors, 1x Archers
  [Civ 4] Egyptians (despotism): 1 cities, 1 units, 55g, 12 techs, researching Construction (4/28)
    Thebes: size=4, prod=Wonder40 (100sh), bldgs=Palace, Granary
    Units: 1x Warriors
  [Civ 1] Romans turn: 0 actions — idle
    >>> Babylonians discovered: Mysticism
    SET_RESEARCH tech=Astronomy
    ADJUST_ATTITUDE target=civ3
    ADJUST_ATTITUDE target=civ3
    ADJUST_ATTITUDE target=civ2
    ADJUST_ATTITUDE target=civ2
    >>> Romans discovered: Mysticism
    >>> Caesarea grew to size 3

══════════════════════════════════════════════════════════════════════
  TURN 49 — 3040 B.C. (5ms)
══════════════════════════════════════════════════════════════════════
  [Civ 1] Romans (despotism): 2 cities, 1 units, 93g, 14 techs, researching none (0/67)
    Rome: size=4, prod=Wonder39 (130sh), bldgs=Palace
    Caesarea: size=3, prod=building:5 (13sh), bldgs=Granary
    Units: 1x Archers
  [Civ 2] Babylonians (despotism): 1 cities, 1 units, 35g, 14 techs, researching Astronomy (0/67)
    Babylon: size=2, prod=building:7 (50sh), bldgs=Palace, Granary
    Units: 1x Settlers
  [Civ 3] Germans (despotism): 1 cities, 3 units, 56g, 12 techs, researching Code of Laws (21/28)
    Berlin: size=3, prod=Horsemen (9sh), bldgs=Palace, Granary
    Units: 1x Settlers, 1x Warriors, 1x Archers
  [Civ 4] Egyptians (despotism): 1 cities, 1 units, 56g, 12 techs, researching Construction (8/28)
    Thebes: size=4, prod=Wonder40 (105sh), bldgs=Palace, Granary
    Units: 1x Warriors
  [Civ 1] Romans turn: 1 actions — SET_RESEARCH(1)
    SET_RESEARCH tech=Astronomy
    ADJUST_ATTITUDE target=civ3
    ADJUST_ATTITUDE target=civ2
    SET_RESEARCH tech=Polytheism

══════════════════════════════════════════════════════════════════════
  FINAL SUMMARY
══════════════════════════════════════════════════════════════════════
Game ended at turn 50 (3020 B.C.)

── Civ 1: Romans (despotism) ALIVE ──
  Cities: 2 (peak 2, founded 2)
  Units:  1 (peak 3)
  Treasury: 94g
  Techs discovered: 6 — Bronze Working, Iron Working, The Wheel, Currency, Ceremonial Burial, Mysticism
  Actions: 98 total, 9 idle turns
  Breakdown: UNIT_ORDER(41), MOVE_UNIT(37), SET_RESEARCH(8), CHANGE_PRODUCTION(5), ADJUST_ATTITUDE(3), BUILD_CITY(2), CHANGE_RATES(1), RUSH_BUY(1)
  Army: 1x Archers
  Rome: size=4, shields=135
  Caesarea: size=3, shields=17

── Civ 2: Babylonians (despotism) ALIVE ──
  Cities: 1 (peak 1, founded 1)
  Units:  1 (peak 2)
  Treasury: 36g
  Techs discovered: 5 — Ceremonial Burial, Code of Laws, Mathematics, Construction, Mysticism
  Actions: 116 total, 1 idle turns
  Breakdown: UNIT_ORDER(40), MOVE_UNIT(39), ADJUST_ATTITUDE(21), SET_RESEARCH(8), CHANGE_PRODUCTION(3), PROPOSE_TREATY(3), CHANGE_RATES(1), BUILD_CITY(1)
  Army: 1x Settlers
  Babylon: size=2, shields=54

── Civ 3: Germans (despotism) ALIVE ──
  Cities: 1 (peak 1, founded 1)
  Units:  3 (peak 3)
  Treasury: 57g
  Techs discovered: 4 — Alphabet, Map Making, Currency, Writing
  Actions: 77 total, 25 idle turns
  Breakdown: ADJUST_ATTITUDE(31), MOVE_UNIT(15), UNIT_ORDER(15), SET_RESEARCH(5), CHANGE_PRODUCTION(5), RESPOND_TREATY(3), CHANGE_RATES(1), BUILD_CITY(1), WORKER_ORDER(1)
  Army: 1x Settlers, 1x Warriors, 1x Archers
  Berlin: size=3, shields=13

── Civ 4: Egyptians (despotism) ALIVE ──
  Cities: 1 (peak 1, founded 1)
  Units:  1 (peak 1)
  Treasury: 57g
  Techs discovered: 5 — Bronze Working, Map Making, Seafaring, Mathematics, Writing
  Actions: 115 total, 0 idle turns
  Breakdown: UNIT_ORDER(51), MOVE_UNIT(50), SET_RESEARCH(7), ADJUST_ATTITUDE(3), CHANGE_PRODUCTION(2), CHANGE_RATES(1), BUILD_CITY(1)
  Army: 1x Warriors
  Thebes: size=4, shields=110


══════════════════════════════════════════════════════════════════════
  AI BEHAVIOR ANALYSIS
══════════════════════════════════════════════════════════════════════
[Civ 1] Romans:
  OK — no obvious issues detected

[Civ 2] Babylonians:
  WARNING: Only 1 city after 30+ turns
  WARNING: 1 units stuck (busy orders outside city)

[Civ 3] Germans:
  WARNING: Only 1 city after 30+ turns

[Civ 4] Egyptians:
  WARNING: Only 1 city after 30+ turns

