Charlization AI Headless Simulation
Date: 2026-03-21T18:05:03.055Z
Settings: 50 turns, 4 AI players, 50x80 map, difficulty=prince
Map seed: 47661
Map generated in 85ms
Game initialized: 4 civs, 10 starting units
  Civ 1 (Romans): starts at (28,30) on Grassland
  Civ 2 (Babylonians): starts at (25,71) on Forest
  Civ 3 (Germans): starts at (5,9) on Plains
  Civ 4 (Egyptians): starts at (32,8) on Hills
    SET_RESEARCH tech=Alphabet
    CHANGE_RATES sci=6 tax=4 lux=undefined
    BUILD_CITY unit=0 name="Rome"
    1 actions REJECTED (of 6)
    SET_RESEARCH tech=Alphabet
    CHANGE_RATES sci=6 tax=4 lux=undefined
    BUILD_CITY unit=2 name="Babylon"
    BUILD_CITY unit=8 name="Babylon"
    2 actions REJECTED (of 8)
    SET_RESEARCH tech=Alphabet
    CHANGE_RATES sci=6 tax=4 lux=undefined
    BUILD_CITY unit=4 name="Berlin"
    BUILD_CITY unit=9 name="Berlin"
    2 actions REJECTED (of 8)
    SET_RESEARCH tech=Iron Working
    CHANGE_RATES sci=6 tax=4 lux=undefined
    BUILD_CITY unit=6 name="Thebes"
    1 actions REJECTED (of 6)

══════════════════════════════════════════════════════════════════════
  TURN 1 — 4000 B.C. (42ms)
══════════════════════════════════════════════════════════════════════
  [Civ 1] Romans (despotism): 1 cities, 1 units, 1g, 3 techs, researching Alphabet (3/36)
    Rome: size=1, prod=Warriors (2sh), bldgs=Palace
    Units: 1x Warriors
  [Civ 2] Babylonians (despotism): 1 cities, 2 units, 0g, 3 techs, researching Alphabet (0/36)
    Babylon: size=1, prod=Warriors (0sh), bldgs=Palace
    Units: 1x Warriors, 1x Settlers
  [Civ 3] Germans (despotism): 1 cities, 2 units, 0g, 5 techs, researching Alphabet (0/70)
    Berlin: size=1, prod=Warriors (0sh), bldgs=Palace
    Units: 1x Warriors, 1x Settlers
  [Civ 4] Egyptians (despotism): 1 cities, 1 units, 0g, 3 techs, researching Iron Working (0/36)
    Thebes: size=1, prod=Warriors (0sh), bldgs=Palace
    Units: 1x Warriors
  [Civ 1] Romans turn: 2 actions — MOVE_UNIT(1), UNIT_ORDER(1)
    CHANGE_PRODUCTION city=1
    CHANGE_PRODUCTION city=2

══════════════════════════════════════════════════════════════════════
  TURN 2 — 3980 B.C. (16ms)
══════════════════════════════════════════════════════════════════════
  [Civ 1] Romans (despotism): 1 cities, 1 units, 2g, 3 techs, researching Alphabet (6/36)
    Rome: size=1, prod=Warriors (4sh), bldgs=Palace
    Units: 1x Warriors
  [Civ 2] Babylonians (despotism): 1 cities, 2 units, 0g, 3 techs, researching Alphabet (2/36)
    Babylon: size=1, prod=Archers (3sh), bldgs=Palace
    Units: 1x Warriors, 1x Settlers
  [Civ 3] Germans (despotism): 1 cities, 2 units, 0g, 5 techs, researching Alphabet (2/70)
    Berlin: size=1, prod=Archers (2sh), bldgs=Palace
    Units: 1x Warriors, 1x Settlers
  [Civ 4] Egyptians (despotism): 1 cities, 1 units, 0g, 3 techs, researching Iron Working (2/36)
    Thebes: size=1, prod=Warriors (2sh), bldgs=Palace
    Units: 1x Warriors
  [Civ 1] Romans turn: 2 actions — MOVE_UNIT(1), UNIT_ORDER(1)

══════════════════════════════════════════════════════════════════════
  TURN 3 — 3960 B.C. (6ms)
══════════════════════════════════════════════════════════════════════
  [Civ 1] Romans (despotism): 1 cities, 1 units, 3g, 3 techs, researching Alphabet (9/36)
    Rome: size=1, prod=Warriors (6sh), bldgs=Palace
    Units: 1x Warriors
  [Civ 2] Babylonians (despotism): 1 cities, 2 units, 0g, 3 techs, researching Alphabet (4/36)
    Babylon: size=1, prod=Archers (6sh), bldgs=Palace
    Units: 1x Warriors, 1x Settlers
  [Civ 3] Germans (despotism): 1 cities, 2 units, 0g, 5 techs, researching Alphabet (4/70)
    Berlin: size=1, prod=Archers (4sh), bldgs=Palace
    Units: 1x Warriors, 1x Settlers
  [Civ 4] Egyptians (despotism): 1 cities, 1 units, 0g, 3 techs, researching Iron Working (4/36)
    Thebes: size=1, prod=Warriors (4sh), bldgs=Palace
    Units: 1x Warriors
  [Civ 1] Romans turn: 2 actions — MOVE_UNIT(1), UNIT_ORDER(1)

══════════════════════════════════════════════════════════════════════
  TURN 4 — 3940 B.C. (5ms)
══════════════════════════════════════════════════════════════════════
  [Civ 1] Romans (despotism): 1 cities, 1 units, 4g, 3 techs, researching Alphabet (12/36)
    Rome: size=1, prod=Warriors (8sh), bldgs=Palace
    Units: 1x Warriors
  [Civ 2] Babylonians (despotism): 1 cities, 2 units, 0g, 3 techs, researching Alphabet (6/36)
    Babylon: size=1, prod=Archers (9sh), bldgs=Palace
    Units: 1x Warriors, 1x Settlers
  [Civ 3] Germans (despotism): 1 cities, 2 units, 0g, 5 techs, researching Alphabet (6/70)
    Berlin: size=1, prod=Archers (6sh), bldgs=Palace
    Units: 1x Warriors, 1x Settlers
  [Civ 4] Egyptians (despotism): 1 cities, 1 units, 0g, 3 techs, researching Iron Working (6/36)
    Thebes: size=1, prod=Warriors (6sh), bldgs=Palace
    Units: 1x Warriors
  [Civ 1] Romans turn: 2 actions — MOVE_UNIT(1), UNIT_ORDER(1)
    >>> Rome built Warriors

══════════════════════════════════════════════════════════════════════
  TURN 5 — 3920 B.C. (6ms)
══════════════════════════════════════════════════════════════════════
  [Civ 1] Romans (despotism): 1 cities, 2 units, 5g, 3 techs, researching Alphabet (15/36)
    Rome: size=1, prod=Warriors (0sh), bldgs=Palace
    Units: 2x Warriors
  [Civ 2] Babylonians (despotism): 1 cities, 2 units, 0g, 3 techs, researching Alphabet (8/36)
    Babylon: size=1, prod=Archers (12sh), bldgs=Palace
    Units: 1x Warriors, 1x Settlers
  [Civ 3] Germans (despotism): 1 cities, 2 units, 0g, 5 techs, researching Alphabet (8/70)
    Berlin: size=1, prod=Archers (8sh), bldgs=Palace
    Units: 1x Warriors, 1x Settlers
  [Civ 4] Egyptians (despotism): 1 cities, 1 units, 0g, 3 techs, researching Iron Working (8/36)
    Thebes: size=1, prod=Warriors (8sh), bldgs=Palace
    Units: 1x Warriors
  [Civ 1] Romans turn: 5 actions — CHANGE_PRODUCTION(1), MOVE_UNIT(1), UNIT_ORDER(3)
    CHANGE_PRODUCTION city=0
    >>> Thebes built Warriors
    CHANGE_PRODUCTION city=3

══════════════════════════════════════════════════════════════════════
  TURN 6 — 3900 B.C. (5ms)
══════════════════════════════════════════════════════════════════════
  [Civ 1] Romans (despotism): 1 cities, 2 units, 6g, 3 techs, researching Alphabet (18/36)
    Rome: size=1, prod=Horsemen (2sh), bldgs=Palace
    Units: 2x Warriors
  [Civ 2] Babylonians (despotism): 1 cities, 2 units, 0g, 3 techs, researching Alphabet (10/36)
    Babylon: size=1, prod=Archers (15sh), bldgs=Palace
    Units: 1x Warriors, 1x Settlers
  [Civ 3] Germans (despotism): 1 cities, 2 units, 0g, 5 techs, researching Alphabet (10/70)
    Berlin: size=1, prod=Archers (10sh), bldgs=Palace
    Units: 1x Warriors, 1x Settlers
  [Civ 4] Egyptians (despotism): 1 cities, 2 units, 0g, 3 techs, researching Iron Working (10/36)
    Thebes: size=1, prod=Archers (0sh), bldgs=Palace
    Units: 2x Warriors
  [Civ 1] Romans turn: 2 actions — MOVE_UNIT(1), UNIT_ORDER(1)

══════════════════════════════════════════════════════════════════════
  TURN 7 — 3880 B.C. (4ms)
══════════════════════════════════════════════════════════════════════
  [Civ 1] Romans (despotism): 1 cities, 2 units, 7g, 3 techs, researching Alphabet (21/36)
    Rome: size=1, prod=Horsemen (4sh), bldgs=Palace
    Units: 2x Warriors
  [Civ 2] Babylonians (despotism): 1 cities, 2 units, 0g, 3 techs, researching Alphabet (12/36)
    Babylon: size=1, prod=Archers (18sh), bldgs=Palace
    Units: 1x Warriors, 1x Settlers
  [Civ 3] Germans (despotism): 1 cities, 2 units, 0g, 5 techs, researching Alphabet (12/70)
    Berlin: size=1, prod=Archers (12sh), bldgs=Palace
    Units: 1x Warriors, 1x Settlers
  [Civ 4] Egyptians (despotism): 1 cities, 2 units, 0g, 3 techs, researching Iron Working (12/36)
    Thebes: size=1, prod=Archers (2sh), bldgs=Palace
    Units: 2x Warriors
  [Civ 1] Romans turn: 2 actions — MOVE_UNIT(1), UNIT_ORDER(1)

══════════════════════════════════════════════════════════════════════
  TURN 8 — 3860 B.C. (5ms)
══════════════════════════════════════════════════════════════════════
  [Civ 1] Romans (despotism): 1 cities, 2 units, 8g, 3 techs, researching Alphabet (24/36)
    Rome: size=1, prod=Horsemen (6sh), bldgs=Palace
    Units: 2x Warriors
  [Civ 2] Babylonians (despotism): 1 cities, 2 units, 0g, 3 techs, researching Alphabet (14/36)
    Babylon: size=1, prod=Archers (21sh), bldgs=Palace
    Units: 1x Warriors, 1x Settlers
  [Civ 3] Germans (despotism): 1 cities, 2 units, 0g, 5 techs, researching Alphabet (14/70)
    Berlin: size=1, prod=Archers (14sh), bldgs=Palace
    Units: 1x Warriors, 1x Settlers
  [Civ 4] Egyptians (despotism): 1 cities, 2 units, 0g, 3 techs, researching Iron Working (14/36)
    Thebes: size=1, prod=Archers (4sh), bldgs=Palace
    Units: 2x Warriors
  [Civ 1] Romans turn: 2 actions — MOVE_UNIT(1), UNIT_ORDER(1)

══════════════════════════════════════════════════════════════════════
  TURN 9 — 3840 B.C. (3ms)
══════════════════════════════════════════════════════════════════════
  [Civ 1] Romans (despotism): 1 cities, 2 units, 9g, 3 techs, researching Alphabet (27/36)
    Rome: size=1, prod=Horsemen (8sh), bldgs=Palace
    Units: 2x Warriors
  [Civ 2] Babylonians (despotism): 1 cities, 2 units, 0g, 3 techs, researching Alphabet (16/36)
    Babylon: size=1, prod=Archers (24sh), bldgs=Palace
    Units: 1x Warriors, 1x Settlers
  [Civ 3] Germans (despotism): 1 cities, 2 units, 0g, 5 techs, researching Alphabet (16/70)
    Berlin: size=1, prod=Archers (16sh), bldgs=Palace
    Units: 1x Warriors, 1x Settlers
  [Civ 4] Egyptians (despotism): 1 cities, 2 units, 0g, 3 techs, researching Iron Working (16/36)
    Thebes: size=1, prod=Archers (6sh), bldgs=Palace
    Units: 2x Warriors
  [Civ 1] Romans turn: 2 actions — MOVE_UNIT(1), UNIT_ORDER(1)
    >>> Rome grew to size 2

══════════════════════════════════════════════════════════════════════
  TURN 10 — 3820 B.C. (6ms)
══════════════════════════════════════════════════════════════════════
  [Civ 1] Romans (despotism): 1 cities, 2 units, 11g, 3 techs, researching Alphabet (30/36)
    Rome: size=2, prod=Horsemen (11sh), bldgs=Palace
    Units: 2x Warriors
  [Civ 2] Babylonians (despotism): 1 cities, 2 units, 0g, 3 techs, researching Alphabet (18/36)
    Babylon: size=1, prod=Archers (27sh), bldgs=Palace
    Units: 1x Warriors, 1x Settlers
  [Civ 3] Germans (despotism): 1 cities, 2 units, 0g, 5 techs, researching Alphabet (18/70)
    Berlin: size=1, prod=Archers (18sh), bldgs=Palace
    Units: 1x Warriors, 1x Settlers
  [Civ 4] Egyptians (despotism): 1 cities, 2 units, 0g, 3 techs, researching Iron Working (18/36)
    Thebes: size=1, prod=Archers (8sh), bldgs=Palace
    Units: 2x Warriors
  [Civ 1] Romans turn: 2 actions — MOVE_UNIT(1), UNIT_ORDER(1)
    >>> Babylon built Archers
    CHANGE_PRODUCTION city=1
    >>> Berlin grew to size 2
    >>> Thebes grew to size 2

══════════════════════════════════════════════════════════════════════
  TURN 11 — 3800 B.C. (9ms)
══════════════════════════════════════════════════════════════════════
  [Civ 1] Romans (despotism): 1 cities, 2 units, 13g, 3 techs, researching Alphabet (33/36)
    Rome: size=2, prod=Horsemen (14sh), bldgs=Palace
    Units: 2x Warriors
  [Civ 2] Babylonians (despotism): 1 cities, 3 units, 0g, 3 techs, researching Alphabet (20/36)
    Babylon: size=1, prod=Horsemen (0sh), bldgs=Palace
    Units: 1x Warriors, 1x Settlers, 1x Archers
  [Civ 3] Germans (despotism): 1 cities, 2 units, 1g, 5 techs, researching Alphabet (22/70)
    Berlin: size=2, prod=Archers (22sh), bldgs=Palace
    Units: 1x Warriors, 1x Settlers
  [Civ 4] Egyptians (despotism): 1 cities, 2 units, 1g, 3 techs, researching Iron Working (20/36)
    Thebes: size=2, prod=Archers (11sh), bldgs=Palace
    Units: 2x Warriors
  [Civ 1] Romans turn: 2 actions — MOVE_UNIT(1), UNIT_ORDER(1)
    >>> Romans discovered: Alphabet

══════════════════════════════════════════════════════════════════════
  TURN 12 — 3780 B.C. (5ms)
══════════════════════════════════════════════════════════════════════
  [Civ 1] Romans (despotism): 1 cities, 2 units, 13g, 4 techs, researching none (0/48)
    Rome: size=2, prod=Horsemen (17sh), bldgs=Palace
    Units: 2x Warriors
  [Civ 2] Babylonians (despotism): 1 cities, 3 units, 0g, 3 techs, researching Alphabet (22/36)
    Babylon: size=1, prod=Horsemen (3sh), bldgs=Palace
    Units: 1x Warriors, 1x Settlers, 1x Archers
  [Civ 3] Germans (despotism): 1 cities, 2 units, 2g, 5 techs, researching Alphabet (26/70)
    Berlin: size=2, prod=Archers (26sh), bldgs=Palace
    Units: 1x Warriors, 1x Settlers
  [Civ 4] Egyptians (despotism): 1 cities, 2 units, 2g, 3 techs, researching Iron Working (22/36)
    Thebes: size=2, prod=Archers (14sh), bldgs=Palace
    Units: 2x Warriors
  [Civ 1] Romans turn: 3 actions — SET_RESEARCH(1), MOVE_UNIT(1), UNIT_ORDER(1)
    SET_RESEARCH tech=Map Making
    >>> Berlin built Archers
    CHANGE_PRODUCTION city=2
    >>> Rome built Horsemen

══════════════════════════════════════════════════════════════════════
  TURN 13 — 3760 B.C. (5ms)
══════════════════════════════════════════════════════════════════════
  [Civ 1] Romans (despotism): 1 cities, 3 units, 15g, 4 techs, researching Map Making (3/48)
    Rome: size=2, prod=Horsemen (0sh), bldgs=Palace
    Units: 2x Warriors, 1x Horsemen
  [Civ 2] Babylonians (despotism): 1 cities, 3 units, 0g, 3 techs, researching Alphabet (24/36)
    Babylon: size=1, prod=Horsemen (6sh), bldgs=Palace
    Units: 1x Warriors, 1x Settlers, 1x Archers
  [Civ 3] Germans (despotism): 1 cities, 3 units, 3g, 5 techs, researching Alphabet (30/70)
    Berlin: size=2, prod=Horsemen (0sh), bldgs=Palace
    Units: 1x Warriors, 1x Settlers, 1x Archers
  [Civ 4] Egyptians (despotism): 1 cities, 2 units, 3g, 3 techs, researching Iron Working (24/36)
    Thebes: size=2, prod=Archers (17sh), bldgs=Palace
    Units: 2x Warriors
  [Civ 1] Romans turn: 5 actions — CHANGE_PRODUCTION(1), MOVE_UNIT(2), UNIT_ORDER(2)
    CHANGE_PRODUCTION city=0

══════════════════════════════════════════════════════════════════════
  TURN 14 — 3740 B.C. (5ms)
══════════════════════════════════════════════════════════════════════
  [Civ 1] Romans (despotism): 1 cities, 3 units, 17g, 4 techs, researching Map Making (6/48)
    Rome: size=2, prod=building:8 (3sh), bldgs=Palace
    Units: 2x Warriors, 1x Horsemen
  [Civ 2] Babylonians (despotism): 1 cities, 3 units, 0g, 3 techs, researching Alphabet (26/36)
    Babylon: size=1, prod=Horsemen (9sh), bldgs=Palace
    Units: 1x Warriors, 1x Settlers, 1x Archers
  [Civ 3] Germans (despotism): 1 cities, 3 units, 4g, 5 techs, researching Alphabet (34/70)
    Berlin: size=2, prod=Horsemen (4sh), bldgs=Palace
    Units: 1x Warriors, 1x Settlers, 1x Archers
  [Civ 4] Egyptians (despotism): 1 cities, 2 units, 4g, 3 techs, researching Iron Working (26/36)
    Thebes: size=2, prod=Archers (20sh), bldgs=Palace
    Units: 2x Warriors
  [Civ 1] Romans turn: 3 actions — MOVE_UNIT(2), UNIT_ORDER(1)
    END_TURN REJECTED: 1 units still need orders
      #14 Horsemen(Atk) @(30,30) mv=3 ord=none hp=full

══════════════════════════════════════════════════════════════════════
  TURN 15 — 3720 B.C. (7ms)
══════════════════════════════════════════════════════════════════════
  [Civ 1] Romans (despotism): 1 cities, 3 units, 19g, 4 techs, researching Map Making (9/48)
    Rome: size=2, prod=building:8 (6sh), bldgs=Palace
    Units: 2x Warriors, 1x Horsemen
  [Civ 2] Babylonians (despotism): 1 cities, 3 units, 0g, 3 techs, researching Alphabet (28/36)
    Babylon: size=1, prod=Horsemen (12sh), bldgs=Palace
    Units: 1x Warriors, 1x Settlers, 1x Archers
  [Civ 3] Germans (despotism): 1 cities, 2 units, 5g, 5 techs, researching Alphabet (38/70)
    Berlin: size=2, prod=Horsemen (8sh), bldgs=Palace
    Units: 1x Settlers, 1x Archers
  [Civ 4] Egyptians (despotism): 1 cities, 2 units, 5g, 3 techs, researching Iron Working (28/36)
    Thebes: size=2, prod=Archers (23sh), bldgs=Palace
    Units: 2x Warriors
  [Civ 1] Romans turn: 4 actions — MOVE_UNIT(2), UNIT_ORDER(2)

══════════════════════════════════════════════════════════════════════
  TURN 16 — 3700 B.C. (6ms)
══════════════════════════════════════════════════════════════════════
  [Civ 1] Romans (despotism): 1 cities, 3 units, 21g, 4 techs, researching Map Making (12/48)
    Rome: size=2, prod=building:8 (9sh), bldgs=Palace
    Units: 2x Warriors, 1x Horsemen
  [Civ 2] Babylonians (despotism): 1 cities, 3 units, 0g, 3 techs, researching Alphabet (30/36)
    Babylon: size=1, prod=Horsemen (15sh), bldgs=Palace
    Units: 1x Warriors, 1x Settlers, 1x Archers
  [Civ 3] Germans (despotism): 1 cities, 2 units, 6g, 5 techs, researching Alphabet (42/70)
    Berlin: size=2, prod=Horsemen (12sh), bldgs=Palace
    Units: 1x Settlers, 1x Archers
  [Civ 4] Egyptians (despotism): 1 cities, 2 units, 6g, 3 techs, researching Iron Working (30/36)
    Thebes: size=2, prod=Archers (26sh), bldgs=Palace
    Units: 2x Warriors
  [Civ 1] Romans turn: 4 actions — MOVE_UNIT(2), UNIT_ORDER(2)
    COMBAT: Archers vs Warriors → atkWin (atkHp=undefined, defHp=undefined)

══════════════════════════════════════════════════════════════════════
  TURN 17 — 3680 B.C. (7ms)
══════════════════════════════════════════════════════════════════════
  [Civ 1] Romans (despotism): 1 cities, 3 units, 23g, 4 techs, researching Map Making (15/48)
    Rome: size=2, prod=building:8 (12sh), bldgs=Palace
    Units: 2x Warriors, 1x Horsemen
  [Civ 2] Babylonians (despotism): 1 cities, 3 units, 0g, 3 techs, researching Alphabet (32/36)
    Babylon: size=1, prod=Horsemen (18sh), bldgs=Palace
    Units: 1x Warriors, 1x Settlers, 1x Archers
  [Civ 3] Germans (despotism): 1 cities, 2 units, 7g, 5 techs, researching Alphabet (46/70)
    Berlin: size=2, prod=Horsemen (16sh), bldgs=Palace
    Units: 1x Settlers, 1x Archers
  [Civ 4] Egyptians (despotism): 1 cities, 2 units, 7g, 3 techs, researching Iron Working (32/36)
    Thebes: size=2, prod=Archers (29sh), bldgs=Palace
    Units: 2x Warriors
  [Civ 1] Romans turn: 4 actions — MOVE_UNIT(2), UNIT_ORDER(2)
    >>> Babylon built Horsemen
    CHANGE_PRODUCTION city=1
    >>> Berlin built Horsemen
    CHANGE_PRODUCTION city=2
    >>> Thebes built Archers
    CHANGE_PRODUCTION city=3

══════════════════════════════════════════════════════════════════════
  TURN 18 — 3660 B.C. (6ms)
══════════════════════════════════════════════════════════════════════
  [Civ 1] Romans (despotism): 1 cities, 3 units, 25g, 4 techs, researching Map Making (18/48)
    Rome: size=2, prod=building:8 (15sh), bldgs=Palace
    Units: 2x Warriors, 1x Horsemen
  [Civ 2] Babylonians (despotism): 1 cities, 4 units, 0g, 3 techs, researching Alphabet (34/36)
    Babylon: size=1, prod=building:2 (1sh), bldgs=Palace
    Units: 1x Warriors, 1x Settlers, 1x Archers, 1x Horsemen
  [Civ 3] Germans (despotism): 1 cities, 3 units, 8g, 5 techs, researching Alphabet (50/70)
    Berlin: size=2, prod=Warriors (0sh), bldgs=Palace
    Units: 1x Settlers, 1x Archers, 1x Horsemen
  [Civ 4] Egyptians (despotism): 1 cities, 3 units, 8g, 3 techs, researching Iron Working (34/36)
    Thebes: size=2, prod=Settlers (2sh), bldgs=Palace
    Units: 2x Warriors, 1x Archers
  [Civ 1] Romans turn: 4 actions — MOVE_UNIT(2), UNIT_ORDER(2)
    >>> Babylonians discovered: Alphabet
    SET_RESEARCH tech=Code of Laws
    COMBAT: Archers vs Warriors → defWin (atkHp=undefined, defHp=undefined)
    1 actions REJECTED (of 3)
    END_TURN REJECTED: 1 units still need orders
      #25 Horsemen(Atk) @(5,9) mv=3 ord=none hp=full
    SET_RESEARCH tech=Masonry

══════════════════════════════════════════════════════════════════════
  TURN 19 — 3640 B.C. (9ms)
══════════════════════════════════════════════════════════════════════
  [Civ 1] Romans (despotism): 1 cities, 3 units, 27g, 4 techs, researching Map Making (21/48)
    Rome: size=2, prod=building:8 (18sh), bldgs=Palace
    Units: 2x Warriors, 1x Horsemen
  [Civ 2] Babylonians (despotism): 1 cities, 4 units, 0g, 4 techs, researching Code of Laws (0/48)
    Babylon: size=1, prod=building:2 (3sh), bldgs=Palace
    Units: 1x Warriors, 1x Settlers, 1x Archers, 1x Horsemen
  [Civ 3] Germans (despotism): 1 cities, 2 units, 9g, 5 techs, researching Alphabet (54/70)
    Berlin: size=2, prod=Warriors (4sh), bldgs=Palace
    Units: 1x Settlers, 1x Horsemen
  [Civ 4] Egyptians (despotism): 1 cities, 3 units, 8g, 4 techs, researching Masonry (0/48)
    Thebes: size=2, prod=Settlers (5sh), bldgs=Palace
    Units: 2x Warriors, 1x Archers
  [Civ 1] Romans turn: 4 actions — MOVE_UNIT(2), UNIT_ORDER(2)

══════════════════════════════════════════════════════════════════════
  TURN 20 — 3620 B.C. (12ms)
══════════════════════════════════════════════════════════════════════
  [Civ 1] Romans (despotism): 1 cities, 3 units, 29g, 4 techs, researching Map Making (24/48)
    Rome: size=2, prod=building:8 (21sh), bldgs=Palace
    Units: 2x Warriors, 1x Horsemen
  [Civ 2] Babylonians (despotism): 1 cities, 4 units, 0g, 4 techs, researching Code of Laws (2/48)
    Babylon: size=1, prod=building:2 (5sh), bldgs=Palace
    Units: 1x Warriors, 1x Settlers, 1x Archers, 1x Horsemen
  [Civ 3] Germans (despotism): 1 cities, 2 units, 10g, 5 techs, researching Alphabet (58/70)
    Berlin: size=2, prod=Warriors (8sh), bldgs=Palace
    Units: 1x Settlers, 1x Horsemen
  [Civ 4] Egyptians (despotism): 1 cities, 3 units, 9g, 4 techs, researching Masonry (2/48)
    Thebes: size=2, prod=Settlers (8sh), bldgs=Palace
    Units: 2x Warriors, 1x Archers
  [Civ 1] Romans turn: 4 actions — MOVE_UNIT(2), UNIT_ORDER(2)
    >>> Babylon grew to size 2
    >>> Berlin built Warriors
    CHANGE_PRODUCTION city=2
    END_TURN REJECTED: 1 units still need orders
      #25 Horsemen(Atk) @(4,8) mv=3 ord=none hp=full

══════════════════════════════════════════════════════════════════════
  TURN 21 — 3600 B.C. (12ms)
══════════════════════════════════════════════════════════════════════
  [Civ 1] Romans (despotism): 1 cities, 3 units, 31g, 4 techs, researching Map Making (27/48)
    Rome: size=2, prod=building:8 (24sh), bldgs=Palace
    Units: 2x Warriors, 1x Horsemen
  [Civ 2] Babylonians (despotism): 1 cities, 4 units, 1g, 4 techs, researching Code of Laws (5/48)
    Babylon: size=2, prod=building:2 (9sh), bldgs=Palace
    Units: 1x Warriors, 1x Settlers, 1x Archers, 1x Horsemen
  [Civ 3] Germans (despotism): 1 cities, 3 units, 11g, 5 techs, researching Alphabet (62/70)
    Berlin: size=2, prod=Archers (2sh), bldgs=Palace
    Units: 1x Settlers, 1x Horsemen, 1x Warriors
  [Civ 4] Egyptians (despotism): 1 cities, 3 units, 10g, 4 techs, researching Masonry (4/48)
    Thebes: size=2, prod=Settlers (11sh), bldgs=Palace
    Units: 2x Warriors, 1x Archers
  [Civ 1] Romans turn: 4 actions — MOVE_UNIT(2), UNIT_ORDER(2)

══════════════════════════════════════════════════════════════════════
  TURN 22 — 3580 B.C. (8ms)
══════════════════════════════════════════════════════════════════════
  [Civ 1] Romans (despotism): 1 cities, 3 units, 33g, 4 techs, researching Map Making (30/48)
    Rome: size=2, prod=building:8 (27sh), bldgs=Palace
    Units: 2x Warriors, 1x Horsemen
  [Civ 2] Babylonians (despotism): 1 cities, 4 units, 2g, 4 techs, researching Code of Laws (8/48)
    Babylon: size=2, prod=building:2 (13sh), bldgs=Palace
    Units: 1x Warriors, 1x Settlers, 1x Archers, 1x Horsemen
  [Civ 3] Germans (despotism): 1 cities, 3 units, 12g, 5 techs, researching Alphabet (66/70)
    Berlin: size=2, prod=Archers (6sh), bldgs=Palace
    Units: 1x Settlers, 1x Horsemen, 1x Warriors
  [Civ 4] Egyptians (despotism): 1 cities, 3 units, 11g, 4 techs, researching Masonry (6/48)
    Thebes: size=2, prod=Settlers (14sh), bldgs=Palace
    Units: 2x Warriors, 1x Archers
  [Civ 1] Romans turn: 4 actions — MOVE_UNIT(2), UNIT_ORDER(2)
    END_TURN REJECTED: 1 units still need orders
      #32 Horsemen(Atk) @(29,73) mv=6 ord=none hp=full
    SET_RESEARCH tech=Map Making

══════════════════════════════════════════════════════════════════════
  TURN 23 — 3560 B.C. (12ms)
══════════════════════════════════════════════════════════════════════
  [Civ 1] Romans (despotism): 1 cities, 3 units, 35g, 4 techs, researching Map Making (33/48)
    Rome: size=2, prod=building:8 (30sh), bldgs=Palace
    Units: 2x Warriors, 1x Horsemen
  [Civ 2] Babylonians (despotism): 1 cities, 5 units, 3g, 4 techs, researching Code of Laws (11/48)
    Babylon: size=2, prod=building:2 (17sh), bldgs=Palace
    Units: 1x Warriors, 1x Settlers, 1x Archers, 2x Horsemen
  [Civ 3] Germans (despotism): 1 cities, 3 units, 12g, 6 techs, researching Map Making (0/84)
    Berlin: size=2, prod=Archers (10sh), bldgs=Palace
    Units: 1x Settlers, 1x Horsemen, 1x Warriors
  [Civ 4] Egyptians (despotism): 1 cities, 3 units, 12g, 4 techs, researching Masonry (8/48)
    Thebes: size=2, prod=Settlers (17sh), bldgs=Palace
    Units: 2x Warriors, 1x Archers
  [Civ 1] Romans turn: 4 actions — MOVE_UNIT(2), UNIT_ORDER(2)

══════════════════════════════════════════════════════════════════════
  TURN 24 — 3540 B.C. (6ms)
══════════════════════════════════════════════════════════════════════
  [Civ 1] Romans (despotism): 1 cities, 3 units, 37g, 4 techs, researching Map Making (36/48)
    Rome: size=2, prod=building:8 (33sh), bldgs=Palace
    Units: 2x Warriors, 1x Horsemen
  [Civ 2] Babylonians (despotism): 1 cities, 5 units, 4g, 4 techs, researching Code of Laws (14/48)
    Babylon: size=2, prod=building:2 (21sh), bldgs=Palace
    Units: 1x Warriors, 1x Settlers, 1x Archers, 2x Horsemen
  [Civ 3] Germans (despotism): 1 cities, 3 units, 13g, 6 techs, researching Map Making (4/84)
    Berlin: size=2, prod=Archers (14sh), bldgs=Palace
    Units: 1x Settlers, 1x Horsemen, 1x Warriors
  [Civ 4] Egyptians (despotism): 1 cities, 3 units, 13g, 4 techs, researching Masonry (10/48)
    Thebes: size=2, prod=Settlers (20sh), bldgs=Palace
    Units: 2x Warriors, 1x Archers
  [Civ 1] Romans turn: 4 actions — MOVE_UNIT(2), UNIT_ORDER(2)
    END_TURN REJECTED: 1 units still need orders
      #33 Legion(Atk) @(4,4) mv=3 ord=none hp=full
    >>> Rome grew to size 3

══════════════════════════════════════════════════════════════════════
  TURN 25 — 3520 B.C. (7ms)
══════════════════════════════════════════════════════════════════════
  [Civ 1] Romans (despotism): 1 cities, 3 units, 39g, 4 techs, researching Map Making (40/48)
    Rome: size=3, prod=building:8 (37sh), bldgs=Palace
    Units: 2x Warriors, 1x Horsemen
  [Civ 2] Babylonians (despotism): 1 cities, 5 units, 5g, 4 techs, researching Code of Laws (17/48)
    Babylon: size=2, prod=building:2 (25sh), bldgs=Palace
    Units: 1x Warriors, 1x Settlers, 1x Archers, 2x Horsemen
  [Civ 3] Germans (despotism): 1 cities, 4 units, 14g, 6 techs, researching Map Making (8/84)
    Berlin: size=2, prod=Archers (18sh), bldgs=Palace
    Units: 1x Settlers, 1x Horsemen, 1x Warriors, 1x Legion
  [Civ 4] Egyptians (despotism): 1 cities, 3 units, 14g, 4 techs, researching Masonry (12/48)
    Thebes: size=2, prod=Settlers (23sh), bldgs=Palace
    Units: 2x Warriors, 1x Archers
  [Civ 1] Romans turn: 4 actions — MOVE_UNIT(2), UNIT_ORDER(2)
    >>> Thebes grew to size 3

══════════════════════════════════════════════════════════════════════
  TURN 26 — 3500 B.C. (10ms)
══════════════════════════════════════════════════════════════════════
  [Civ 1] Romans (despotism): 1 cities, 3 units, 41g, 4 techs, researching Map Making (44/48)
    Rome: size=3, prod=building:8 (41sh), bldgs=Palace
    Units: 2x Warriors, 1x Horsemen
  [Civ 2] Babylonians (despotism): 1 cities, 5 units, 6g, 4 techs, researching Code of Laws (20/48)
    Babylon: size=2, prod=building:2 (29sh), bldgs=Palace
    Units: 1x Warriors, 1x Settlers, 1x Archers, 2x Horsemen
  [Civ 3] Germans (despotism): 1 cities, 4 units, 15g, 6 techs, researching Map Making (12/84)
    Berlin: size=2, prod=Archers (22sh), bldgs=Palace
    Units: 1x Settlers, 1x Horsemen, 1x Warriors, 1x Legion
  [Civ 4] Egyptians (despotism): 1 cities, 3 units, 15g, 4 techs, researching Masonry (14/48)
    Thebes: size=3, prod=Settlers (26sh), bldgs=Palace
    Units: 2x Warriors, 1x Archers
  [Civ 1] Romans turn: 4 actions — MOVE_UNIT(2), UNIT_ORDER(2)
    >>> Romans discovered: Map Making

══════════════════════════════════════════════════════════════════════
  TURN 27 — 3480 B.C. (9ms)
══════════════════════════════════════════════════════════════════════
  [Civ 1] Romans (despotism): 1 cities, 3 units, 41g, 5 techs, researching none (0/65)
    Rome: size=3, prod=building:8 (45sh), bldgs=Palace
    Units: 2x Warriors, 1x Horsemen
  [Civ 2] Babylonians (despotism): 1 cities, 5 units, 7g, 4 techs, researching Code of Laws (23/48)
    Babylon: size=2, prod=building:2 (33sh), bldgs=Palace
    Units: 1x Warriors, 1x Settlers, 1x Archers, 2x Horsemen
  [Civ 3] Germans (despotism): 1 cities, 4 units, 16g, 6 techs, researching Map Making (16/84)
    Berlin: size=2, prod=Archers (26sh), bldgs=Palace
    Units: 1x Settlers, 1x Horsemen, 1x Warriors, 1x Legion
  [Civ 4] Egyptians (despotism): 1 cities, 3 units, 16g, 4 techs, researching Masonry (16/48)
    Thebes: size=3, prod=Settlers (29sh), bldgs=Palace
    Units: 2x Warriors, 1x Archers
  [Civ 1] Romans turn: 5 actions — SET_RESEARCH(1), MOVE_UNIT(2), UNIT_ORDER(2)
    SET_RESEARCH tech=Mathematics
    >>> Berlin built Archers
    CHANGE_PRODUCTION city=2

══════════════════════════════════════════════════════════════════════
  TURN 28 — 3460 B.C. (9ms)
══════════════════════════════════════════════════════════════════════
  [Civ 1] Romans (despotism): 1 cities, 3 units, 43g, 5 techs, researching Mathematics (4/65)
    Rome: size=3, prod=building:8 (49sh), bldgs=Palace
    Units: 2x Warriors, 1x Horsemen
  [Civ 2] Babylonians (despotism): 1 cities, 5 units, 8g, 4 techs, researching Code of Laws (26/48)
    Babylon: size=2, prod=building:2 (37sh), bldgs=Palace
    Units: 1x Warriors, 1x Settlers, 1x Archers, 2x Horsemen
  [Civ 3] Germans (despotism): 1 cities, 5 units, 17g, 6 techs, researching Map Making (19/84)
    Berlin: size=2, prod=building:8 (0sh), bldgs=Palace
    Units: 1x Settlers, 1x Horsemen, 1x Warriors, 1x Legion, 1x Archers
  [Civ 4] Egyptians (despotism): 1 cities, 3 units, 17g, 4 techs, researching Masonry (18/48)
    Thebes: size=3, prod=Settlers (32sh), bldgs=Palace
    Units: 2x Warriors, 1x Archers
  [Civ 1] Romans turn: 4 actions — MOVE_UNIT(2), UNIT_ORDER(2)
    >>> Babylon built building:2
    CHANGE_PRODUCTION city=1

══════════════════════════════════════════════════════════════════════
  TURN 29 — 3440 B.C. (6ms)
══════════════════════════════════════════════════════════════════════
  [Civ 1] Romans (despotism): 1 cities, 3 units, 45g, 5 techs, researching Mathematics (8/65)
    Rome: size=3, prod=building:8 (53sh), bldgs=Palace
    Units: 2x Warriors, 1x Horsemen
  [Civ 2] Babylonians (despotism): 1 cities, 5 units, 8g, 4 techs, researching Code of Laws (29/48)
    Babylon: size=2, prod=Warriors (1sh), bldgs=Palace, Barracks
    Units: 1x Warriors, 1x Settlers, 1x Archers, 2x Horsemen
  [Civ 3] Germans (despotism): 1 cities, 5 units, 18g, 6 techs, researching Map Making (22/84)
    Berlin: size=2, prod=building:8 (3sh), bldgs=Palace
    Units: 1x Settlers, 1x Horsemen, 1x Warriors, 1x Legion, 1x Archers
  [Civ 4] Egyptians (despotism): 1 cities, 3 units, 18g, 4 techs, researching Masonry (20/48)
    Thebes: size=3, prod=Settlers (35sh), bldgs=Palace
    Units: 2x Warriors, 1x Archers
  [Civ 1] Romans turn: 4 actions — MOVE_UNIT(2), UNIT_ORDER(2)
    CHANGE_PRODUCTION city=1

══════════════════════════════════════════════════════════════════════
  TURN 30 — 3420 B.C. (8ms)
══════════════════════════════════════════════════════════════════════
  [Civ 1] Romans (despotism): 1 cities, 3 units, 47g, 5 techs, researching Mathematics (12/65)
    Rome: size=3, prod=building:8 (57sh), bldgs=Palace
    Units: 2x Warriors, 1x Horsemen
  [Civ 2] Babylonians (despotism): 1 cities, 5 units, 8g, 4 techs, researching Code of Laws (32/48)
    Babylon: size=2, prod=Archers (5sh), bldgs=Palace, Barracks
    Units: 1x Warriors, 1x Settlers, 1x Archers, 2x Horsemen
  [Civ 3] Germans (despotism): 1 cities, 5 units, 19g, 6 techs, researching Map Making (25/84)
    Berlin: size=2, prod=building:8 (6sh), bldgs=Palace
    Units: 1x Settlers, 1x Horsemen, 1x Warriors, 1x Legion, 1x Archers
  [Civ 4] Egyptians (despotism): 1 cities, 3 units, 19g, 4 techs, researching Masonry (22/48)
    Thebes: size=3, prod=Settlers (38sh), bldgs=Palace
    Units: 2x Warriors, 1x Archers
  [Civ 1] Romans turn: 4 actions — MOVE_UNIT(2), UNIT_ORDER(2)
    >>> Thebes built Settlers

══════════════════════════════════════════════════════════════════════
  TURN 31 — 3400 B.C. (20ms)
══════════════════════════════════════════════════════════════════════
  [Civ 1] Romans (despotism): 1 cities, 3 units, 49g, 5 techs, researching Mathematics (16/65)
    Rome: size=3, prod=building:8 (61sh), bldgs=Palace
    Units: 2x Warriors, 1x Horsemen
  [Civ 2] Babylonians (despotism): 1 cities, 5 units, 8g, 4 techs, researching Code of Laws (35/48)
    Babylon: size=2, prod=Archers (9sh), bldgs=Palace, Barracks
    Units: 1x Warriors, 1x Settlers, 1x Archers, 2x Horsemen
  [Civ 3] Germans (despotism): 1 cities, 5 units, 20g, 6 techs, researching Map Making (28/84)
    Berlin: size=2, prod=building:8 (9sh), bldgs=Palace
    Units: 1x Settlers, 1x Horsemen, 1x Warriors, 1x Legion, 1x Archers
  [Civ 4] Egyptians (despotism): 1 cities, 4 units, 20g, 4 techs, researching Masonry (23/48)
    Thebes: size=2, prod=Settlers (1sh), bldgs=Palace
    Units: 2x Warriors, 1x Archers, 1x Settlers
  [Civ 1] Romans turn: 4 actions — MOVE_UNIT(2), UNIT_ORDER(2)

══════════════════════════════════════════════════════════════════════
  TURN 32 — 3380 B.C. (8ms)
══════════════════════════════════════════════════════════════════════
  [Civ 1] Romans (despotism): 1 cities, 3 units, 51g, 5 techs, researching Mathematics (20/65)
    Rome: size=3, prod=building:8 (65sh), bldgs=Palace
    Units: 2x Warriors, 1x Horsemen
  [Civ 2] Babylonians (despotism): 1 cities, 5 units, 8g, 4 techs, researching Code of Laws (38/48)
    Babylon: size=2, prod=Archers (13sh), bldgs=Palace, Barracks
    Units: 1x Warriors, 1x Settlers, 1x Archers, 2x Horsemen
  [Civ 3] Germans (despotism): 1 cities, 5 units, 21g, 6 techs, researching Map Making (31/84)
    Berlin: size=2, prod=building:8 (12sh), bldgs=Palace
    Units: 1x Settlers, 1x Horsemen, 1x Warriors, 1x Legion, 1x Archers
  [Civ 4] Egyptians (despotism): 1 cities, 4 units, 21g, 4 techs, researching Masonry (24/48)
    Thebes: size=2, prod=Settlers (3sh), bldgs=Palace
    Units: 2x Warriors, 1x Archers, 1x Settlers
  [Civ 1] Romans turn: 7 actions — ADJUST_ATTITUDE(3), MOVE_UNIT(2), UNIT_ORDER(2)
    ADJUST_ATTITUDE target=civ2
    ADJUST_ATTITUDE target=civ3
    ADJUST_ATTITUDE target=civ4
    ADJUST_ATTITUDE target=civ1
    ADJUST_ATTITUDE target=civ3
    ADJUST_ATTITUDE target=civ4
    ADJUST_ATTITUDE target=civ1
    ADJUST_ATTITUDE target=civ2
    ADJUST_ATTITUDE target=civ4
    ADJUST_ATTITUDE target=civ1
    ADJUST_ATTITUDE target=civ2
    ADJUST_ATTITUDE target=civ3

══════════════════════════════════════════════════════════════════════
  TURN 33 — 3360 B.C. (7ms)
══════════════════════════════════════════════════════════════════════
  [Civ 1] Romans (despotism): 1 cities, 3 units, 53g, 5 techs, researching Mathematics (24/65)
    Rome: size=3, prod=building:8 (69sh), bldgs=Palace
    Units: 2x Warriors, 1x Horsemen
  [Civ 2] Babylonians (despotism): 1 cities, 5 units, 8g, 4 techs, researching Code of Laws (41/48)
    Babylon: size=2, prod=Archers (17sh), bldgs=Palace, Barracks
    Units: 1x Warriors, 1x Settlers, 1x Archers, 2x Horsemen
  [Civ 3] Germans (despotism): 1 cities, 5 units, 22g, 6 techs, researching Map Making (34/84)
    Berlin: size=2, prod=building:8 (15sh), bldgs=Palace
    Units: 1x Settlers, 1x Horsemen, 1x Warriors, 1x Legion, 1x Archers
  [Civ 4] Egyptians (despotism): 1 cities, 4 units, 22g, 4 techs, researching Masonry (25/48)
    Thebes: size=2, prod=Settlers (5sh), bldgs=Palace
    Units: 2x Warriors, 1x Archers, 1x Settlers
  [Civ 1] Romans turn: 4 actions — MOVE_UNIT(2), UNIT_ORDER(2)

══════════════════════════════════════════════════════════════════════
  TURN 34 — 3340 B.C. (9ms)
══════════════════════════════════════════════════════════════════════
  [Civ 1] Romans (despotism): 1 cities, 3 units, 55g, 5 techs, researching Mathematics (28/65)
    Rome: size=3, prod=building:8 (73sh), bldgs=Palace
    Units: 2x Warriors, 1x Horsemen
  [Civ 2] Babylonians (despotism): 1 cities, 5 units, 8g, 4 techs, researching Code of Laws (44/48)
    Babylon: size=2, prod=Archers (21sh), bldgs=Palace, Barracks
    Units: 1x Warriors, 1x Settlers, 1x Archers, 2x Horsemen
  [Civ 3] Germans (despotism): 1 cities, 5 units, 71g, 6 techs, researching Map Making (37/84)
    Berlin: size=2, prod=building:8 (18sh), bldgs=Palace
    Units: 1x Settlers, 1x Horsemen, 1x Warriors, 1x Legion, 1x Archers
  [Civ 4] Egyptians (despotism): 1 cities, 4 units, 23g, 4 techs, researching Masonry (26/48)
    Thebes: size=2, prod=Settlers (7sh), bldgs=Palace
    Units: 2x Warriors, 1x Archers, 1x Settlers
  [Civ 1] Romans turn: 4 actions — MOVE_UNIT(2), UNIT_ORDER(2)

══════════════════════════════════════════════════════════════════════
  TURN 35 — 3320 B.C. (9ms)
══════════════════════════════════════════════════════════════════════
  [Civ 1] Romans (despotism): 1 cities, 3 units, 57g, 5 techs, researching Mathematics (32/65)
    Rome: size=3, prod=building:8 (77sh), bldgs=Palace
    Units: 2x Warriors, 1x Horsemen
  [Civ 2] Babylonians (despotism): 1 cities, 5 units, 8g, 4 techs, researching Code of Laws (47/48)
    Babylon: size=2, prod=Archers (25sh), bldgs=Palace, Barracks
    Units: 1x Warriors, 1x Settlers, 1x Archers, 2x Horsemen
  [Civ 3] Germans (despotism): 1 cities, 5 units, 72g, 6 techs, researching Map Making (40/84)
    Berlin: size=2, prod=building:8 (21sh), bldgs=Palace
    Units: 1x Settlers, 1x Horsemen, 1x Warriors, 1x Legion, 1x Archers
  [Civ 4] Egyptians (despotism): 1 cities, 4 units, 24g, 4 techs, researching Masonry (27/48)
    Thebes: size=2, prod=Settlers (9sh), bldgs=Palace
    Units: 2x Warriors, 1x Archers, 1x Settlers
  [Civ 1] Romans turn: 4 actions — MOVE_UNIT(2), UNIT_ORDER(2)
    >>> Babylonians discovered: Code of Laws
    SET_RESEARCH tech=Bronze Working
    >>> Rome built building:8

══════════════════════════════════════════════════════════════════════
  TURN 36 — 3300 B.C. (11ms)
══════════════════════════════════════════════════════════════════════
  [Civ 1] Romans (despotism): 1 cities, 3 units, 59g, 5 techs, researching Mathematics (36/65)
    Rome: size=3, prod=building:8 (1sh), bldgs=Palace, City Walls
    Units: 2x Warriors, 1x Horsemen
  [Civ 2] Babylonians (despotism): 1 cities, 5 units, 8g, 5 techs, researching Bronze Working (0/65)
    Babylon: size=2, prod=Archers (29sh), bldgs=Palace, Barracks
    Units: 1x Warriors, 1x Settlers, 1x Archers, 2x Horsemen
  [Civ 3] Germans (despotism): 1 cities, 3 units, 73g, 6 techs, researching Map Making (43/84)
    Berlin: size=2, prod=building:8 (24sh), bldgs=Palace
    Units: 1x Settlers, 1x Warriors, 1x Archers
  [Civ 4] Egyptians (despotism): 1 cities, 4 units, 25g, 4 techs, researching Masonry (28/48)
    Thebes: size=2, prod=Settlers (11sh), bldgs=Palace
    Units: 2x Warriors, 1x Archers, 1x Settlers
  [Civ 1] Romans turn: 5 actions — CHANGE_PRODUCTION(1), MOVE_UNIT(2), UNIT_ORDER(2)
    CHANGE_PRODUCTION city=0
    >>> Babylon built Archers
    CHANGE_PRODUCTION city=1

══════════════════════════════════════════════════════════════════════
  TURN 37 — 3280 B.C. (12ms)
══════════════════════════════════════════════════════════════════════
  [Civ 1] Romans (despotism): 1 cities, 3 units, 61g, 5 techs, researching Mathematics (40/65)
    Rome: size=3, prod=building:2 (5sh), bldgs=Palace, City Walls
    Units: 2x Warriors, 1x Horsemen
  [Civ 2] Babylonians (despotism): 1 cities, 6 units, 8g, 5 techs, researching Bronze Working (2/65)
    Babylon: size=2, prod=Warriors (3sh), bldgs=Palace, Barracks
    Units: 1x Warriors, 1x Settlers, 2x Archers, 2x Horsemen
  [Civ 3] Germans (despotism): 1 cities, 3 units, 74g, 6 techs, researching Map Making (47/84)
    Berlin: size=2, prod=building:8 (28sh), bldgs=Palace
    Units: 1x Settlers, 1x Warriors, 1x Archers
  [Civ 4] Egyptians (despotism): 1 cities, 4 units, 26g, 4 techs, researching Masonry (29/48)
    Thebes: size=2, prod=Settlers (13sh), bldgs=Palace
    Units: 2x Warriors, 1x Archers, 1x Settlers
  [Civ 1] Romans turn: 4 actions — MOVE_UNIT(2), UNIT_ORDER(2)
    CHANGE_PRODUCTION city=1

══════════════════════════════════════════════════════════════════════
  TURN 38 — 3260 B.C. (9ms)
══════════════════════════════════════════════════════════════════════
  [Civ 1] Romans (despotism): 1 cities, 3 units, 63g, 5 techs, researching Mathematics (44/65)
    Rome: size=3, prod=building:2 (9sh), bldgs=Palace, City Walls
    Units: 2x Warriors, 1x Horsemen
  [Civ 2] Babylonians (despotism): 1 cities, 6 units, 8g, 5 techs, researching Bronze Working (4/65)
    Babylon: size=2, prod=Horsemen (6sh), bldgs=Palace, Barracks
    Units: 1x Warriors, 1x Settlers, 2x Archers, 2x Horsemen
  [Civ 3] Germans (despotism): 1 cities, 3 units, 75g, 6 techs, researching Map Making (51/84)
    Berlin: size=2, prod=building:8 (32sh), bldgs=Palace
    Units: 1x Settlers, 1x Warriors, 1x Archers
  [Civ 4] Egyptians (despotism): 1 cities, 4 units, 27g, 4 techs, researching Masonry (30/48)
    Thebes: size=2, prod=Settlers (15sh), bldgs=Palace
    Units: 2x Warriors, 1x Archers, 1x Settlers
  [Civ 1] Romans turn: 4 actions — MOVE_UNIT(2), UNIT_ORDER(2)
    CHANGE_PRODUCTION city=1

══════════════════════════════════════════════════════════════════════
  TURN 39 — 3240 B.C. (9ms)
══════════════════════════════════════════════════════════════════════
  [Civ 1] Romans (despotism): 1 cities, 3 units, 65g, 5 techs, researching Mathematics (48/65)
    Rome: size=3, prod=building:2 (13sh), bldgs=Palace, City Walls
    Units: 2x Warriors, 1x Horsemen
  [Civ 2] Babylonians (despotism): 1 cities, 6 units, 8g, 5 techs, researching Bronze Working (6/65)
    Babylon: size=2, prod=Warriors (9sh), bldgs=Palace, Barracks
    Units: 1x Warriors, 1x Settlers, 2x Archers, 2x Horsemen
  [Civ 3] Germans (despotism): 1 cities, 3 units, 76g, 6 techs, researching Map Making (55/84)
    Berlin: size=2, prod=building:8 (36sh), bldgs=Palace
    Units: 1x Settlers, 1x Warriors, 1x Archers
  [Civ 4] Egyptians (despotism): 1 cities, 4 units, 28g, 4 techs, researching Masonry (31/48)
    Thebes: size=2, prod=Settlers (17sh), bldgs=Palace
    Units: 2x Warriors, 1x Archers, 1x Settlers
  [Civ 1] Romans turn: 4 actions — MOVE_UNIT(2), UNIT_ORDER(2)
    >>> Babylon built Warriors
    CHANGE_PRODUCTION city=1

══════════════════════════════════════════════════════════════════════
  TURN 40 — 3220 B.C. (10ms)
══════════════════════════════════════════════════════════════════════
  [Civ 1] Romans (despotism): 1 cities, 3 units, 67g, 5 techs, researching Mathematics (52/65)
    Rome: size=3, prod=building:2 (17sh), bldgs=Palace, City Walls
    Units: 2x Warriors, 1x Horsemen
  [Civ 2] Babylonians (despotism): 1 cities, 7 units, 8g, 5 techs, researching Bronze Working (7/65)
    Babylon: size=2, prod=Archers (2sh), bldgs=Palace, Barracks
    Units: 2x Warriors, 1x Settlers, 2x Archers, 2x Horsemen
  [Civ 3] Germans (despotism): 1 cities, 3 units, 77g, 6 techs, researching Map Making (59/84)
    Berlin: size=2, prod=building:8 (40sh), bldgs=Palace
    Units: 1x Settlers, 1x Warriors, 1x Archers
  [Civ 4] Egyptians (despotism): 1 cities, 4 units, 29g, 4 techs, researching Masonry (32/48)
    Thebes: size=2, prod=Settlers (19sh), bldgs=Palace
    Units: 2x Warriors, 1x Archers, 1x Settlers
  [Civ 1] Romans turn: 4 actions — MOVE_UNIT(2), UNIT_ORDER(2)
    >>> Berlin grew to size 3

══════════════════════════════════════════════════════════════════════
  TURN 41 — 3200 B.C. (5ms)
══════════════════════════════════════════════════════════════════════
  [Civ 1] Romans (despotism): 1 cities, 3 units, 69g, 5 techs, researching Mathematics (56/65)
    Rome: size=3, prod=building:2 (21sh), bldgs=Palace, City Walls
    Units: 2x Warriors, 1x Horsemen
  [Civ 2] Babylonians (despotism): 1 cities, 7 units, 8g, 5 techs, researching Bronze Working (8/65)
    Babylon: size=2, prod=Archers (4sh), bldgs=Palace, Barracks
    Units: 2x Warriors, 1x Settlers, 2x Archers, 2x Horsemen
  [Civ 3] Germans (despotism): 1 cities, 3 units, 78g, 6 techs, researching Map Making (63/84)
    Berlin: size=3, prod=building:8 (45sh), bldgs=Palace
    Units: 1x Settlers, 1x Warriors, 1x Archers
  [Civ 4] Egyptians (despotism): 1 cities, 4 units, 30g, 4 techs, researching Masonry (33/48)
    Thebes: size=2, prod=Settlers (21sh), bldgs=Palace
    Units: 2x Warriors, 1x Archers, 1x Settlers
  [Civ 1] Romans turn: 4 actions — MOVE_UNIT(2), UNIT_ORDER(2)
    CHANGE_PRODUCTION city=1

══════════════════════════════════════════════════════════════════════
  TURN 42 — 3180 B.C. (7ms)
══════════════════════════════════════════════════════════════════════
  [Civ 1] Romans (despotism): 1 cities, 3 units, 71g, 5 techs, researching Mathematics (60/65)
    Rome: size=3, prod=building:2 (25sh), bldgs=Palace, City Walls
    Units: 2x Warriors, 1x Horsemen
  [Civ 2] Babylonians (despotism): 1 cities, 7 units, 8g, 5 techs, researching Bronze Working (9/65)
    Babylon: size=2, prod=Horsemen (6sh), bldgs=Palace, Barracks
    Units: 2x Warriors, 1x Settlers, 2x Archers, 2x Horsemen
  [Civ 3] Germans (despotism): 1 cities, 3 units, 79g, 6 techs, researching Map Making (67/84)
    Berlin: size=3, prod=building:8 (50sh), bldgs=Palace
    Units: 1x Settlers, 1x Warriors, 1x Archers
  [Civ 4] Egyptians (despotism): 1 cities, 4 units, 31g, 4 techs, researching Masonry (34/48)
    Thebes: size=2, prod=Settlers (23sh), bldgs=Palace
    Units: 2x Warriors, 1x Archers, 1x Settlers
  [Civ 1] Romans turn: 4 actions — MOVE_UNIT(2), UNIT_ORDER(2)
    CHANGE_PRODUCTION city=1

══════════════════════════════════════════════════════════════════════
  TURN 43 — 3160 B.C. (6ms)
══════════════════════════════════════════════════════════════════════
  [Civ 1] Romans (despotism): 1 cities, 3 units, 73g, 5 techs, researching Mathematics (64/65)
    Rome: size=3, prod=building:2 (29sh), bldgs=Palace, City Walls
    Units: 2x Warriors, 1x Horsemen
  [Civ 2] Babylonians (despotism): 1 cities, 7 units, 8g, 5 techs, researching Bronze Working (10/65)
    Babylon: size=2, prod=Archers (8sh), bldgs=Palace, Barracks
    Units: 2x Warriors, 1x Settlers, 2x Archers, 2x Horsemen
  [Civ 3] Germans (despotism): 1 cities, 3 units, 80g, 6 techs, researching Map Making (71/84)
    Berlin: size=3, prod=building:8 (55sh), bldgs=Palace
    Units: 1x Settlers, 1x Warriors, 1x Archers
  [Civ 4] Egyptians (despotism): 1 cities, 4 units, 32g, 4 techs, researching Masonry (35/48)
    Thebes: size=2, prod=Settlers (25sh), bldgs=Palace
    Units: 2x Warriors, 1x Archers, 1x Settlers
  [Civ 1] Romans turn: 4 actions — MOVE_UNIT(2), UNIT_ORDER(2)
    >>> Romans discovered: Mathematics

══════════════════════════════════════════════════════════════════════
  TURN 44 — 3140 B.C. (7ms)
══════════════════════════════════════════════════════════════════════
  [Civ 1] Romans (despotism): 1 cities, 3 units, 73g, 6 techs, researching none (0/84)
    Rome: size=3, prod=building:2 (33sh), bldgs=Palace, City Walls
    Units: 2x Warriors, 1x Horsemen
  [Civ 2] Babylonians (despotism): 1 cities, 7 units, 8g, 5 techs, researching Bronze Working (11/65)
    Babylon: size=2, prod=Archers (10sh), bldgs=Palace, Barracks
    Units: 2x Warriors, 1x Settlers, 2x Archers, 2x Horsemen
  [Civ 3] Germans (despotism): 1 cities, 3 units, 81g, 6 techs, researching Map Making (75/84)
    Berlin: size=3, prod=building:8 (60sh), bldgs=Palace
    Units: 1x Settlers, 1x Warriors, 1x Archers
  [Civ 4] Egyptians (despotism): 1 cities, 4 units, 33g, 4 techs, researching Masonry (36/48)
    Thebes: size=2, prod=Settlers (27sh), bldgs=Palace
    Units: 2x Warriors, 1x Archers, 1x Settlers
  [Civ 1] Romans turn: 5 actions — SET_RESEARCH(1), MOVE_UNIT(2), UNIT_ORDER(2)
    SET_RESEARCH tech=Currency
    >>> Rome grew to size 4

══════════════════════════════════════════════════════════════════════
  TURN 45 — 3120 B.C. (10ms)
══════════════════════════════════════════════════════════════════════
  [Civ 1] Romans (despotism): 1 cities, 3 units, 75g, 6 techs, researching Currency (5/84)
    Rome: size=4, prod=building:2 (38sh), bldgs=Palace, City Walls
    Units: 2x Warriors, 1x Horsemen
  [Civ 2] Babylonians (despotism): 1 cities, 7 units, 8g, 5 techs, researching Bronze Working (12/65)
    Babylon: size=2, prod=Archers (12sh), bldgs=Palace, Barracks
    Units: 2x Warriors, 1x Settlers, 2x Archers, 2x Horsemen
  [Civ 3] Germans (despotism): 1 cities, 3 units, 129g, 6 techs, researching Map Making (79/84)
    Berlin: size=3, prod=building:8 (65sh), bldgs=Palace
    Units: 1x Settlers, 1x Warriors, 1x Archers
  [Civ 4] Egyptians (despotism): 1 cities, 4 units, 34g, 4 techs, researching Masonry (37/48)
    Thebes: size=2, prod=Settlers (29sh), bldgs=Palace
    Units: 2x Warriors, 1x Archers, 1x Settlers
  [Civ 1] Romans turn: 4 actions — MOVE_UNIT(2), UNIT_ORDER(2)
    >>> Rome built building:2

══════════════════════════════════════════════════════════════════════
  TURN 46 — 3100 B.C. (8ms)
══════════════════════════════════════════════════════════════════════
  [Civ 1] Romans (despotism): 1 cities, 3 units, 76g, 6 techs, researching Currency (10/84)
    Rome: size=4, prod=building:2 (3sh), bldgs=Palace, City Walls, Barracks
    Units: 2x Warriors, 1x Horsemen
  [Civ 2] Babylonians (despotism): 1 cities, 7 units, 8g, 5 techs, researching Bronze Working (13/65)
    Babylon: size=2, prod=Archers (14sh), bldgs=Palace, Barracks
    Units: 2x Warriors, 1x Settlers, 2x Archers, 2x Horsemen
  [Civ 3] Germans (despotism): 1 cities, 3 units, 130g, 6 techs, researching Map Making (83/84)
    Berlin: size=3, prod=building:8 (70sh), bldgs=Palace
    Units: 1x Settlers, 1x Warriors, 1x Archers
  [Civ 4] Egyptians (despotism): 1 cities, 4 units, 35g, 4 techs, researching Masonry (38/48)
    Thebes: size=2, prod=Settlers (31sh), bldgs=Palace
    Units: 2x Warriors, 1x Archers, 1x Settlers
  [Civ 1] Romans turn: 5 actions — CHANGE_PRODUCTION(1), MOVE_UNIT(2), UNIT_ORDER(2)
    CHANGE_PRODUCTION city=0
    >>> Germans discovered: Map Making
    SET_RESEARCH tech=Currency

══════════════════════════════════════════════════════════════════════
  TURN 47 — 3080 B.C. (8ms)
══════════════════════════════════════════════════════════════════════
  [Civ 1] Romans (despotism): 1 cities, 3 units, 77g, 6 techs, researching Currency (15/78)
    Rome: size=4, prod=Catapult (8sh), bldgs=Palace, City Walls, Barracks
    Units: 2x Warriors, 1x Horsemen
  [Civ 2] Babylonians (despotism): 1 cities, 7 units, 8g, 5 techs, researching Bronze Working (14/65)
    Babylon: size=2, prod=Archers (16sh), bldgs=Palace, Barracks
    Units: 2x Warriors, 1x Settlers, 2x Archers, 2x Horsemen
  [Civ 3] Germans (despotism): 1 cities, 3 units, 130g, 7 techs, researching Currency (0/105)
    Berlin: size=3, prod=building:8 (75sh), bldgs=Palace
    Units: 1x Settlers, 1x Warriors, 1x Archers
  [Civ 4] Egyptians (despotism): 1 cities, 4 units, 36g, 4 techs, researching Masonry (39/48)
    Thebes: size=2, prod=Settlers (33sh), bldgs=Palace
    Units: 2x Warriors, 1x Archers, 1x Settlers
  [Civ 1] Romans turn: 4 actions — MOVE_UNIT(2), UNIT_ORDER(2)
    >>> Berlin built building:8
    CHANGE_PRODUCTION city=2

══════════════════════════════════════════════════════════════════════
  TURN 48 — 3060 B.C. (8ms)
══════════════════════════════════════════════════════════════════════
  [Civ 1] Romans (despotism): 1 cities, 3 units, 78g, 6 techs, researching Currency (20/78)
    Rome: size=4, prod=Catapult (13sh), bldgs=Palace, City Walls, Barracks
    Units: 2x Warriors, 1x Horsemen
  [Civ 2] Babylonians (despotism): 1 cities, 7 units, 8g, 5 techs, researching Bronze Working (15/65)
    Babylon: size=2, prod=Archers (18sh), bldgs=Palace, Barracks
    Units: 2x Warriors, 1x Settlers, 2x Archers, 2x Horsemen
  [Civ 3] Germans (despotism): 1 cities, 3 units, 131g, 7 techs, researching Currency (4/105)
    Berlin: size=3, prod=Horsemen (0sh), bldgs=Palace, City Walls
    Units: 1x Settlers, 1x Warriors, 1x Archers
  [Civ 4] Egyptians (despotism): 1 cities, 4 units, 37g, 4 techs, researching Masonry (40/48)
    Thebes: size=2, prod=Settlers (35sh), bldgs=Palace
    Units: 2x Warriors, 1x Archers, 1x Settlers
  [Civ 1] Romans turn: 4 actions — MOVE_UNIT(2), UNIT_ORDER(2)

══════════════════════════════════════════════════════════════════════
  TURN 49 — 3040 B.C. (5ms)
══════════════════════════════════════════════════════════════════════
  [Civ 1] Romans (despotism): 1 cities, 3 units, 79g, 6 techs, researching Currency (25/78)
    Rome: size=4, prod=Catapult (18sh), bldgs=Palace, City Walls, Barracks
    Units: 2x Warriors, 1x Horsemen
  [Civ 2] Babylonians (despotism): 1 cities, 7 units, 8g, 5 techs, researching Bronze Working (16/65)
    Babylon: size=2, prod=Archers (20sh), bldgs=Palace, Barracks
    Units: 2x Warriors, 1x Settlers, 2x Archers, 2x Horsemen
  [Civ 3] Germans (despotism): 1 cities, 3 units, 132g, 7 techs, researching Currency (8/105)
    Berlin: size=3, prod=Horsemen (5sh), bldgs=Palace, City Walls
    Units: 1x Settlers, 1x Warriors, 1x Archers
  [Civ 4] Egyptians (despotism): 1 cities, 4 units, 38g, 4 techs, researching Masonry (41/48)
    Thebes: size=2, prod=Settlers (37sh), bldgs=Palace
    Units: 2x Warriors, 1x Archers, 1x Settlers
  [Civ 1] Romans turn: 4 actions — MOVE_UNIT(2), UNIT_ORDER(2)

══════════════════════════════════════════════════════════════════════
  FINAL SUMMARY
══════════════════════════════════════════════════════════════════════
Game ended at turn 50 (3020 B.C.)

── Civ 1: Romans (despotism) ALIVE ──
  Cities: 1 (peak 1, founded 1)
  Units:  3 (peak 3)
  Treasury: 80g
  Techs discovered: 3 — Alphabet, Map Making, Mathematics
  Actions: 189 total, 0 idle turns
  Breakdown: UNIT_ORDER(89), MOVE_UNIT(87), SET_RESEARCH(4), CHANGE_PRODUCTION(4), ADJUST_ATTITUDE(3), CHANGE_RATES(1), BUILD_CITY(1)
  Army: 2x Warriors, 1x Horsemen
  Rome: size=4, shields=23

── Civ 2: Babylonians (despotism) ALIVE ──
  Cities: 1 (peak 1, founded 2)
  Units:  7 (peak 7)
  Treasury: 8g
  Techs discovered: 2 — Alphabet, Code of Laws
  Actions: 293 total, 0 idle turns
  Breakdown: UNIT_ORDER(137), MOVE_UNIT(136), CHANGE_PRODUCTION(11), SET_RESEARCH(3), ADJUST_ATTITUDE(3), BUILD_CITY(2), CHANGE_RATES(1)
  Army: 2x Warriors, 1x Settlers, 2x Archers, 2x Horsemen
  Babylon: size=2, shields=22

── Civ 3: Germans (despotism) ALIVE ──
  Cities: 1 (peak 1, founded 2)
  Units:  3 (peak 5)
  Treasury: 133g
  Techs discovered: 1 — Map Making
  Actions: 224 total, 0 idle turns
  Breakdown: MOVE_UNIT(105), UNIT_ORDER(103), CHANGE_PRODUCTION(6), SET_RESEARCH(3), ADJUST_ATTITUDE(3), BUILD_CITY(2), CHANGE_RATES(1), WORKER_ORDER(1)
  Army: 1x Settlers, 1x Warriors, 1x Archers
  Berlin: size=3, shields=10

── Civ 4: Egyptians (despotism) ALIVE ──
  Cities: 1 (peak 1, founded 1)
  Units:  4 (peak 4)
  Treasury: 39g
  Techs discovered: 0 — none
  Actions: 179 total, 0 idle turns
  Breakdown: UNIT_ORDER(86), MOVE_UNIT(84), ADJUST_ATTITUDE(3), SET_RESEARCH(2), CHANGE_PRODUCTION(2), CHANGE_RATES(1), BUILD_CITY(1)
  Army: 2x Warriors, 1x Archers, 1x Settlers
  Thebes: size=2, shields=39


══════════════════════════════════════════════════════════════════════
  AI BEHAVIOR ANALYSIS
══════════════════════════════════════════════════════════════════════
[Civ 1] Romans:
  WARNING: Only 1 city after 30+ turns

[Civ 2] Babylonians:
  WARNING: 1 units stuck (busy orders outside city)

[Civ 3] Germans:
  OK — no obvious issues detected

[Civ 4] Egyptians:
  WARNING: Never discovered a tech
  WARNING: Only 1 city after 30+ turns
  WARNING: 1 units stuck (busy orders outside city)

