Charlization AI Headless Simulation
Date: 2026-03-16T23:35:13.527Z
Settings: 50 turns, 4 AI players, 50x80 map, difficulty=prince
Map seed: 48067
Map generated in 89ms
Game initialized: 4 civs, 8 starting units
  Civ 1 (Romans): starts at (6,46) on Grassland
  Civ 2 (Babylonians): starts at (28,8) on Grassland
  Civ 3 (Germans): starts at (5,71) on Grassland
  Civ 4 (Egyptians): starts at (30,54) on Grassland
    SET_RESEARCH tech=Bronze Working
    CHANGE_RATES sci=6 tax=4 lux=undefined
    BUILD_CITY unit=0 name="Rome"
    1 actions REJECTED (of 6)
    SET_RESEARCH tech=Alphabet
    CHANGE_RATES sci=6 tax=4 lux=undefined
    BUILD_CITY unit=2 name="Babylon"
    1 actions REJECTED (of 6)
    SET_RESEARCH tech=Code of Laws
    CHANGE_RATES sci=6 tax=4 lux=undefined
    BUILD_CITY unit=4 name="Berlin"
    1 actions REJECTED (of 6)
    SET_RESEARCH tech=Masonry
    CHANGE_RATES sci=6 tax=4 lux=undefined
    BUILD_CITY unit=6 name="Thebes"
    1 actions REJECTED (of 6)

══════════════════════════════════════════════════════════════════════
  TURN 1 — 4000 B.C. (34ms)
══════════════════════════════════════════════════════════════════════
  [Civ 1] Romans (despotism): 1 cities, 1 units, 1g, 3 techs, researching Bronze Working (3/28)
    Rome: size=1, prod=Warriors (2sh), bldgs=Palace
    Units: 1x Warriors
  [Civ 2] Babylonians (despotism): 1 cities, 1 units, 0g, 3 techs, researching Alphabet (0/28)
    Babylon: size=1, prod=Warriors (0sh), bldgs=Palace
    Units: 1x Warriors
  [Civ 3] Germans (despotism): 1 cities, 1 units, 0g, 3 techs, researching Code of Laws (0/28)
    Berlin: size=1, prod=Warriors (0sh), bldgs=Palace
    Units: 1x Warriors
  [Civ 4] Egyptians (despotism): 1 cities, 1 units, 0g, 3 techs, researching Masonry (0/28)
    Thebes: size=1, prod=Warriors (0sh), bldgs=Palace
    Units: 1x Warriors
  [Civ 1] Romans turn: 3 actions — CHANGE_PRODUCTION(1), MOVE_UNIT(1), UNIT_ORDER(1)
    CHANGE_PRODUCTION city=0
    CHANGE_PRODUCTION city=1
    CHANGE_PRODUCTION city=2
    CHANGE_PRODUCTION city=3

══════════════════════════════════════════════════════════════════════
  TURN 2 — 3980 B.C. (14ms)
══════════════════════════════════════════════════════════════════════
  [Civ 1] Romans (despotism): 1 cities, 1 units, 2g, 4 techs, researching Bronze Working (6/33)
    Rome: size=1, prod=Wonder40 (2sh), bldgs=Palace
    Units: 1x Warriors
  [Civ 2] Babylonians (despotism): 1 cities, 1 units, 1g, 3 techs, researching Alphabet (3/28)
    Babylon: size=1, prod=building:3 (0sh), bldgs=Palace
    Units: 1x Warriors
  [Civ 3] Germans (despotism): 1 cities, 1 units, 1g, 5 techs, researching Code of Laws (2/36)
    Berlin: size=1, prod=building:3 (0sh), bldgs=Palace
    Units: 1x Warriors
  [Civ 4] Egyptians (despotism): 1 cities, 1 units, 1g, 4 techs, researching Masonry (3/33)
    Thebes: size=1, prod=building:3 (0sh), bldgs=Palace
    Units: 1x Warriors
  [Civ 1] Romans turn: 3 actions — SET_RESEARCH(1), MOVE_UNIT(1), UNIT_ORDER(1)
    SET_RESEARCH tech=Masonry

══════════════════════════════════════════════════════════════════════
  TURN 3 — 3960 B.C. (7ms)
══════════════════════════════════════════════════════════════════════
  [Civ 1] Romans (despotism): 1 cities, 1 units, 3g, 4 techs, researching Masonry (9/33)
    Rome: size=1, prod=Wonder40 (4sh), bldgs=Palace
    Units: 1x Warriors
  [Civ 2] Babylonians (despotism): 1 cities, 1 units, 2g, 3 techs, researching Alphabet (6/28)
    Babylon: size=1, prod=building:3 (2sh), bldgs=Palace
    Units: 1x Warriors
  [Civ 3] Germans (despotism): 1 cities, 1 units, 2g, 5 techs, researching Code of Laws (4/36)
    Berlin: size=1, prod=building:3 (2sh), bldgs=Palace
    Units: 1x Warriors
  [Civ 4] Egyptians (despotism): 1 cities, 1 units, 2g, 4 techs, researching Masonry (6/33)
    Thebes: size=1, prod=building:3 (2sh), bldgs=Palace
    Units: 1x Warriors
  [Civ 1] Romans turn: 2 actions — MOVE_UNIT(1), UNIT_ORDER(1)

══════════════════════════════════════════════════════════════════════
  TURN 4 — 3940 B.C. (7ms)
══════════════════════════════════════════════════════════════════════
  [Civ 1] Romans (despotism): 1 cities, 1 units, 4g, 4 techs, researching Masonry (12/33)
    Rome: size=1, prod=Wonder40 (6sh), bldgs=Palace
    Units: 1x Warriors
  [Civ 2] Babylonians (despotism): 1 cities, 1 units, 3g, 3 techs, researching Alphabet (9/28)
    Babylon: size=1, prod=building:3 (4sh), bldgs=Palace
    Units: 1x Warriors
  [Civ 3] Germans (despotism): 1 cities, 1 units, 3g, 5 techs, researching Code of Laws (6/36)
    Berlin: size=1, prod=building:3 (4sh), bldgs=Palace
    Units: 1x Warriors
  [Civ 4] Egyptians (despotism): 1 cities, 1 units, 3g, 4 techs, researching Masonry (9/33)
    Thebes: size=1, prod=building:3 (4sh), bldgs=Palace
    Units: 1x Warriors
  [Civ 1] Romans turn: 2 actions — MOVE_UNIT(1), UNIT_ORDER(1)
    END_TURN REJECTED: 1 units still need orders
      #8 Archers(Atk) @(31,4) mv=3 ord=none hp=full

══════════════════════════════════════════════════════════════════════
  TURN 5 — 3920 B.C. (8ms)
══════════════════════════════════════════════════════════════════════
  [Civ 1] Romans (despotism): 1 cities, 1 units, 5g, 4 techs, researching Masonry (15/33)
    Rome: size=1, prod=Wonder40 (8sh), bldgs=Palace
    Units: 1x Warriors
  [Civ 2] Babylonians (despotism): 1 cities, 2 units, 4g, 3 techs, researching Alphabet (12/28)
    Babylon: size=1, prod=building:3 (6sh), bldgs=Palace
    Units: 1x Warriors, 1x Archers
  [Civ 3] Germans (despotism): 1 cities, 1 units, 4g, 5 techs, researching Code of Laws (8/36)
    Berlin: size=1, prod=building:3 (6sh), bldgs=Palace
    Units: 1x Warriors
  [Civ 4] Egyptians (despotism): 1 cities, 1 units, 4g, 4 techs, researching Masonry (12/33)
    Thebes: size=1, prod=building:3 (6sh), bldgs=Palace
    Units: 1x Warriors
  [Civ 1] Romans turn: 2 actions — MOVE_UNIT(1), UNIT_ORDER(1)

══════════════════════════════════════════════════════════════════════
  TURN 6 — 3900 B.C. (5ms)
══════════════════════════════════════════════════════════════════════
  [Civ 1] Romans (despotism): 1 cities, 1 units, 6g, 4 techs, researching Masonry (18/33)
    Rome: size=1, prod=Wonder40 (10sh), bldgs=Palace
    Units: 1x Warriors
  [Civ 2] Babylonians (despotism): 1 cities, 2 units, 5g, 3 techs, researching Alphabet (15/28)
    Babylon: size=1, prod=building:3 (8sh), bldgs=Palace
    Units: 1x Warriors, 1x Archers
  [Civ 3] Germans (despotism): 1 cities, 1 units, 5g, 5 techs, researching Code of Laws (10/36)
    Berlin: size=1, prod=building:3 (8sh), bldgs=Palace
    Units: 1x Warriors
  [Civ 4] Egyptians (despotism): 1 cities, 1 units, 5g, 4 techs, researching Masonry (15/33)
    Thebes: size=1, prod=building:3 (8sh), bldgs=Palace
    Units: 1x Warriors
  [Civ 1] Romans turn: 2 actions — MOVE_UNIT(1), UNIT_ORDER(1)

══════════════════════════════════════════════════════════════════════
  TURN 7 — 3880 B.C. (5ms)
══════════════════════════════════════════════════════════════════════
  [Civ 1] Romans (despotism): 1 cities, 1 units, 7g, 4 techs, researching Masonry (21/33)
    Rome: size=1, prod=Wonder40 (12sh), bldgs=Palace
    Units: 1x Warriors
  [Civ 2] Babylonians (despotism): 1 cities, 2 units, 6g, 3 techs, researching Alphabet (18/28)
    Babylon: size=1, prod=building:3 (10sh), bldgs=Palace
    Units: 1x Warriors, 1x Archers
  [Civ 3] Germans (despotism): 1 cities, 1 units, 6g, 5 techs, researching Code of Laws (12/36)
    Berlin: size=1, prod=building:3 (10sh), bldgs=Palace
    Units: 1x Warriors
  [Civ 4] Egyptians (despotism): 1 cities, 1 units, 6g, 4 techs, researching Masonry (18/33)
    Thebes: size=1, prod=building:3 (10sh), bldgs=Palace
    Units: 1x Warriors
  [Civ 1] Romans turn: 2 actions — MOVE_UNIT(1), UNIT_ORDER(1)

══════════════════════════════════════════════════════════════════════
  TURN 8 — 3860 B.C. (4ms)
══════════════════════════════════════════════════════════════════════
  [Civ 1] Romans (despotism): 1 cities, 1 units, 8g, 4 techs, researching Masonry (24/33)
    Rome: size=1, prod=Wonder40 (14sh), bldgs=Palace
    Units: 1x Warriors
  [Civ 2] Babylonians (despotism): 1 cities, 2 units, 7g, 3 techs, researching Alphabet (21/28)
    Babylon: size=1, prod=building:3 (12sh), bldgs=Palace
    Units: 1x Warriors, 1x Archers
  [Civ 3] Germans (despotism): 1 cities, 1 units, 7g, 5 techs, researching Code of Laws (14/36)
    Berlin: size=1, prod=building:3 (12sh), bldgs=Palace
    Units: 1x Warriors
  [Civ 4] Egyptians (despotism): 1 cities, 1 units, 7g, 4 techs, researching Masonry (21/33)
    Thebes: size=1, prod=building:3 (12sh), bldgs=Palace
    Units: 1x Warriors
  [Civ 1] Romans turn: 2 actions — MOVE_UNIT(1), UNIT_ORDER(1)

══════════════════════════════════════════════════════════════════════
  TURN 9 — 3840 B.C. (5ms)
══════════════════════════════════════════════════════════════════════
  [Civ 1] Romans (despotism): 1 cities, 1 units, 9g, 4 techs, researching Masonry (27/33)
    Rome: size=1, prod=Wonder40 (16sh), bldgs=Palace
    Units: 1x Warriors
  [Civ 2] Babylonians (despotism): 1 cities, 2 units, 8g, 3 techs, researching Alphabet (24/28)
    Babylon: size=1, prod=building:3 (14sh), bldgs=Palace
    Units: 1x Warriors, 1x Archers
  [Civ 3] Germans (despotism): 1 cities, 1 units, 8g, 5 techs, researching Code of Laws (16/36)
    Berlin: size=1, prod=building:3 (14sh), bldgs=Palace
    Units: 1x Warriors
  [Civ 4] Egyptians (despotism): 1 cities, 1 units, 8g, 4 techs, researching Masonry (24/33)
    Thebes: size=1, prod=building:3 (14sh), bldgs=Palace
    Units: 1x Warriors
  [Civ 1] Romans turn: 2 actions — MOVE_UNIT(1), UNIT_ORDER(1)
    >>> Rome grew to size 2

══════════════════════════════════════════════════════════════════════
  TURN 10 — 3820 B.C. (4ms)
══════════════════════════════════════════════════════════════════════
  [Civ 1] Romans (despotism): 1 cities, 1 units, 11g, 4 techs, researching Masonry (30/33)
    Rome: size=2, prod=Wonder40 (18sh), bldgs=Palace
    Units: 1x Warriors
  [Civ 2] Babylonians (despotism): 1 cities, 2 units, 9g, 3 techs, researching Alphabet (27/28)
    Babylon: size=1, prod=building:3 (16sh), bldgs=Palace
    Units: 1x Warriors, 1x Archers
  [Civ 3] Germans (despotism): 1 cities, 1 units, 9g, 5 techs, researching Code of Laws (18/36)
    Berlin: size=1, prod=building:3 (16sh), bldgs=Palace
    Units: 1x Warriors
  [Civ 4] Egyptians (despotism): 1 cities, 1 units, 9g, 4 techs, researching Masonry (27/33)
    Thebes: size=1, prod=building:3 (16sh), bldgs=Palace
    Units: 1x Warriors
  [Civ 1] Romans turn: 2 actions — MOVE_UNIT(1), UNIT_ORDER(1)
    >>> Babylonians discovered: Alphabet
    >>> Babylon grew to size 2
    SET_RESEARCH tech=Code of Laws
    >>> Berlin grew to size 2
    >>> Thebes grew to size 2
    >>> Romans discovered: Masonry

══════════════════════════════════════════════════════════════════════
  TURN 11 — 3800 B.C. (9ms)
══════════════════════════════════════════════════════════════════════
  [Civ 1] Romans (despotism): 1 cities, 1 units, 11g, 5 techs, researching none (0/36)
    Rome: size=2, prod=Wonder40 (21sh), bldgs=Palace
    Units: 1x Warriors
  [Civ 2] Babylonians (despotism): 1 cities, 2 units, 9g, 4 techs, researching Code of Laws (0/33)
    Babylon: size=2, prod=building:3 (18sh), bldgs=Palace
    Units: 1x Warriors, 1x Archers
  [Civ 3] Germans (despotism): 1 cities, 1 units, 10g, 5 techs, researching Code of Laws (21/36)
    Berlin: size=2, prod=building:3 (18sh), bldgs=Palace
    Units: 1x Warriors
  [Civ 4] Egyptians (despotism): 1 cities, 1 units, 11g, 4 techs, researching Masonry (30/33)
    Thebes: size=2, prod=building:3 (18sh), bldgs=Palace
    Units: 1x Warriors
  [Civ 1] Romans turn: 3 actions — SET_RESEARCH(1), MOVE_UNIT(1), UNIT_ORDER(1)
    SET_RESEARCH tech=Mysticism
    >>> Egyptians discovered: Masonry
    SET_RESEARCH tech=Code of Laws

══════════════════════════════════════════════════════════════════════
  TURN 12 — 3780 B.C. (6ms)
══════════════════════════════════════════════════════════════════════
  [Civ 1] Romans (despotism): 1 cities, 1 units, 13g, 6 techs, researching Mysticism (3/36)
    Rome: size=2, prod=Wonder40 (24sh), bldgs=Palace
    Units: 1x Warriors
  [Civ 2] Babylonians (despotism): 1 cities, 2 units, 11g, 4 techs, researching Code of Laws (3/33)
    Babylon: size=2, prod=building:3 (21sh), bldgs=Palace
    Units: 1x Warriors, 1x Archers
  [Civ 3] Germans (despotism): 1 cities, 1 units, 11g, 5 techs, researching Code of Laws (24/36)
    Berlin: size=2, prod=building:3 (21sh), bldgs=Palace
    Units: 1x Warriors
  [Civ 4] Egyptians (despotism): 1 cities, 1 units, 11g, 6 techs, researching Code of Laws (0/36)
    Thebes: size=2, prod=building:3 (21sh), bldgs=Palace
    Units: 1x Warriors
  [Civ 1] Romans turn: 2 actions — MOVE_UNIT(1), UNIT_ORDER(1)

══════════════════════════════════════════════════════════════════════
  TURN 13 — 3760 B.C. (4ms)
══════════════════════════════════════════════════════════════════════
  [Civ 1] Romans (despotism): 1 cities, 1 units, 15g, 6 techs, researching Mysticism (6/36)
    Rome: size=2, prod=Wonder40 (27sh), bldgs=Palace
    Units: 1x Warriors
  [Civ 2] Babylonians (despotism): 1 cities, 2 units, 13g, 5 techs, researching Code of Laws (6/36)
    Babylon: size=2, prod=building:3 (24sh), bldgs=Palace
    Units: 1x Warriors, 1x Archers
  [Civ 3] Germans (despotism): 1 cities, 1 units, 12g, 5 techs, researching Code of Laws (27/36)
    Berlin: size=2, prod=building:3 (24sh), bldgs=Palace
    Units: 1x Warriors
  [Civ 4] Egyptians (despotism): 1 cities, 1 units, 13g, 6 techs, researching Code of Laws (3/36)
    Thebes: size=2, prod=building:3 (24sh), bldgs=Palace
    Units: 1x Warriors
  [Civ 1] Romans turn: 2 actions — MOVE_UNIT(1), UNIT_ORDER(1)

══════════════════════════════════════════════════════════════════════
  TURN 14 — 3740 B.C. (4ms)
══════════════════════════════════════════════════════════════════════
  [Civ 1] Romans (despotism): 1 cities, 1 units, 17g, 6 techs, researching Mysticism (9/36)
    Rome: size=2, prod=Wonder40 (30sh), bldgs=Palace
    Units: 1x Warriors
  [Civ 2] Babylonians (despotism): 1 cities, 2 units, 15g, 5 techs, researching Code of Laws (9/36)
    Babylon: size=2, prod=building:3 (27sh), bldgs=Palace
    Units: 1x Warriors, 1x Archers
  [Civ 3] Germans (despotism): 1 cities, 1 units, 13g, 5 techs, researching Code of Laws (30/36)
    Berlin: size=2, prod=building:3 (27sh), bldgs=Palace
    Units: 1x Warriors
  [Civ 4] Egyptians (despotism): 1 cities, 1 units, 15g, 6 techs, researching Code of Laws (6/36)
    Thebes: size=2, prod=building:3 (27sh), bldgs=Palace
    Units: 1x Warriors
  [Civ 1] Romans turn: 2 actions — MOVE_UNIT(1), UNIT_ORDER(1)

══════════════════════════════════════════════════════════════════════
  TURN 15 — 3720 B.C. (5ms)
══════════════════════════════════════════════════════════════════════
  [Civ 1] Romans (despotism): 1 cities, 1 units, 19g, 6 techs, researching Mysticism (12/36)
    Rome: size=2, prod=Wonder40 (33sh), bldgs=Palace
    Units: 1x Warriors
  [Civ 2] Babylonians (despotism): 1 cities, 2 units, 17g, 5 techs, researching Code of Laws (12/36)
    Babylon: size=2, prod=building:3 (30sh), bldgs=Palace
    Units: 1x Warriors, 1x Archers
  [Civ 3] Germans (despotism): 1 cities, 1 units, 14g, 5 techs, researching Code of Laws (33/36)
    Berlin: size=2, prod=building:3 (30sh), bldgs=Palace
    Units: 1x Warriors
  [Civ 4] Egyptians (despotism): 1 cities, 1 units, 17g, 6 techs, researching Code of Laws (9/36)
    Thebes: size=2, prod=building:3 (30sh), bldgs=Palace
    Units: 1x Warriors
  [Civ 1] Romans turn: 2 actions — MOVE_UNIT(1), UNIT_ORDER(1)
    >>> Germans discovered: Code of Laws
    SET_RESEARCH tech=Currency

══════════════════════════════════════════════════════════════════════
  TURN 16 — 3700 B.C. (4ms)
══════════════════════════════════════════════════════════════════════
  [Civ 1] Romans (despotism): 1 cities, 1 units, 21g, 6 techs, researching Mysticism (15/36)
    Rome: size=2, prod=Wonder40 (36sh), bldgs=Palace
    Units: 1x Warriors
  [Civ 2] Babylonians (despotism): 1 cities, 2 units, 19g, 5 techs, researching Code of Laws (15/36)
    Babylon: size=2, prod=building:3 (33sh), bldgs=Palace
    Units: 1x Warriors, 1x Archers
  [Civ 3] Germans (despotism): 1 cities, 1 units, 14g, 6 techs, researching Currency (0/36)
    Berlin: size=2, prod=building:3 (33sh), bldgs=Palace
    Units: 1x Warriors
  [Civ 4] Egyptians (despotism): 1 cities, 1 units, 19g, 6 techs, researching Code of Laws (12/36)
    Thebes: size=2, prod=building:3 (33sh), bldgs=Palace
    Units: 1x Warriors
  [Civ 1] Romans turn: 2 actions — MOVE_UNIT(1), UNIT_ORDER(1)

══════════════════════════════════════════════════════════════════════
  TURN 17 — 3680 B.C. (4ms)
══════════════════════════════════════════════════════════════════════
  [Civ 1] Romans (despotism): 1 cities, 1 units, 23g, 6 techs, researching Mysticism (18/36)
    Rome: size=2, prod=Wonder40 (39sh), bldgs=Palace
    Units: 1x Warriors
  [Civ 2] Babylonians (despotism): 1 cities, 2 units, 21g, 5 techs, researching Code of Laws (18/36)
    Babylon: size=2, prod=building:3 (36sh), bldgs=Palace
    Units: 1x Warriors, 1x Archers
  [Civ 3] Germans (despotism): 1 cities, 1 units, 15g, 6 techs, researching Currency (3/36)
    Berlin: size=2, prod=building:3 (36sh), bldgs=Palace
    Units: 1x Warriors
  [Civ 4] Egyptians (despotism): 1 cities, 1 units, 21g, 6 techs, researching Code of Laws (15/36)
    Thebes: size=2, prod=building:3 (36sh), bldgs=Palace
    Units: 1x Warriors
  [Civ 1] Romans turn: 2 actions — MOVE_UNIT(1), UNIT_ORDER(1)

══════════════════════════════════════════════════════════════════════
  TURN 18 — 3660 B.C. (4ms)
══════════════════════════════════════════════════════════════════════
  [Civ 1] Romans (despotism): 1 cities, 1 units, 25g, 6 techs, researching Mysticism (21/36)
    Rome: size=2, prod=Wonder40 (42sh), bldgs=Palace
    Units: 1x Warriors
  [Civ 2] Babylonians (despotism): 1 cities, 2 units, 23g, 5 techs, researching Code of Laws (21/36)
    Babylon: size=2, prod=building:3 (39sh), bldgs=Palace
    Units: 1x Warriors, 1x Archers
  [Civ 3] Germans (despotism): 1 cities, 1 units, 16g, 6 techs, researching Currency (6/36)
    Berlin: size=2, prod=building:3 (39sh), bldgs=Palace
    Units: 1x Warriors
  [Civ 4] Egyptians (despotism): 1 cities, 1 units, 23g, 6 techs, researching Code of Laws (18/36)
    Thebes: size=2, prod=building:3 (39sh), bldgs=Palace
    Units: 1x Warriors
  [Civ 1] Romans turn: 2 actions — MOVE_UNIT(1), UNIT_ORDER(1)

══════════════════════════════════════════════════════════════════════
  TURN 19 — 3640 B.C. (4ms)
══════════════════════════════════════════════════════════════════════
  [Civ 1] Romans (despotism): 1 cities, 1 units, 27g, 6 techs, researching Mysticism (24/36)
    Rome: size=2, prod=Wonder40 (45sh), bldgs=Palace
    Units: 1x Warriors
  [Civ 2] Babylonians (despotism): 1 cities, 2 units, 25g, 5 techs, researching Code of Laws (24/36)
    Babylon: size=2, prod=building:3 (42sh), bldgs=Palace
    Units: 1x Warriors, 1x Archers
  [Civ 3] Germans (despotism): 1 cities, 1 units, 17g, 6 techs, researching Currency (9/36)
    Berlin: size=2, prod=building:3 (42sh), bldgs=Palace
    Units: 1x Warriors
  [Civ 4] Egyptians (despotism): 1 cities, 1 units, 25g, 6 techs, researching Code of Laws (21/36)
    Thebes: size=2, prod=building:3 (42sh), bldgs=Palace
    Units: 1x Warriors
  [Civ 1] Romans turn: 2 actions — MOVE_UNIT(1), UNIT_ORDER(1)

══════════════════════════════════════════════════════════════════════
  TURN 20 — 3620 B.C. (4ms)
══════════════════════════════════════════════════════════════════════
  [Civ 1] Romans (despotism): 1 cities, 1 units, 29g, 6 techs, researching Mysticism (27/36)
    Rome: size=2, prod=Wonder40 (48sh), bldgs=Palace
    Units: 1x Warriors
  [Civ 2] Babylonians (despotism): 1 cities, 2 units, 27g, 5 techs, researching Code of Laws (27/36)
    Babylon: size=2, prod=building:3 (45sh), bldgs=Palace
    Units: 1x Warriors, 1x Archers
  [Civ 3] Germans (despotism): 1 cities, 1 units, 18g, 6 techs, researching Currency (12/36)
    Berlin: size=2, prod=building:3 (45sh), bldgs=Palace
    Units: 1x Warriors
  [Civ 4] Egyptians (despotism): 1 cities, 1 units, 27g, 6 techs, researching Code of Laws (24/36)
    Thebes: size=2, prod=building:3 (45sh), bldgs=Palace
    Units: 1x Warriors
  [Civ 1] Romans turn: 2 actions — MOVE_UNIT(1), UNIT_ORDER(1)

══════════════════════════════════════════════════════════════════════
  TURN 21 — 3600 B.C. (4ms)
══════════════════════════════════════════════════════════════════════
  [Civ 1] Romans (despotism): 1 cities, 1 units, 31g, 6 techs, researching Mysticism (30/36)
    Rome: size=2, prod=Wonder40 (51sh), bldgs=Palace
    Units: 1x Warriors
  [Civ 2] Babylonians (despotism): 1 cities, 2 units, 29g, 5 techs, researching Code of Laws (30/36)
    Babylon: size=2, prod=building:3 (48sh), bldgs=Palace
    Units: 1x Warriors, 1x Archers
  [Civ 3] Germans (despotism): 1 cities, 1 units, 19g, 6 techs, researching Currency (15/36)
    Berlin: size=2, prod=building:3 (48sh), bldgs=Palace
    Units: 1x Warriors
  [Civ 4] Egyptians (despotism): 1 cities, 1 units, 29g, 6 techs, researching Code of Laws (27/36)
    Thebes: size=2, prod=building:3 (48sh), bldgs=Palace
    Units: 1x Warriors
  [Civ 1] Romans turn: 2 actions — MOVE_UNIT(1), UNIT_ORDER(1)

══════════════════════════════════════════════════════════════════════
  TURN 22 — 3580 B.C. (3ms)
══════════════════════════════════════════════════════════════════════
  [Civ 1] Romans (despotism): 1 cities, 1 units, 33g, 6 techs, researching Mysticism (33/36)
    Rome: size=2, prod=Wonder40 (54sh), bldgs=Palace
    Units: 1x Warriors
  [Civ 2] Babylonians (despotism): 1 cities, 2 units, 31g, 5 techs, researching Code of Laws (33/36)
    Babylon: size=2, prod=building:3 (51sh), bldgs=Palace
    Units: 1x Warriors, 1x Archers
  [Civ 3] Germans (despotism): 1 cities, 1 units, 20g, 6 techs, researching Currency (18/36)
    Berlin: size=2, prod=building:3 (51sh), bldgs=Palace
    Units: 1x Warriors
  [Civ 4] Egyptians (despotism): 1 cities, 1 units, 31g, 6 techs, researching Code of Laws (30/36)
    Thebes: size=2, prod=building:3 (51sh), bldgs=Palace
    Units: 1x Warriors
  [Civ 1] Romans turn: 2 actions — MOVE_UNIT(1), UNIT_ORDER(1)
    >>> Babylonians discovered: Code of Laws
    SET_RESEARCH tech=Map Making
    >>> Romans discovered: Mysticism

══════════════════════════════════════════════════════════════════════
  TURN 23 — 3560 B.C. (5ms)
══════════════════════════════════════════════════════════════════════
  [Civ 1] Romans (despotism): 1 cities, 1 units, 33g, 7 techs, researching none (0/33)
    Rome: size=2, prod=Wonder40 (57sh), bldgs=Palace
    Units: 1x Warriors
  [Civ 2] Babylonians (despotism): 1 cities, 2 units, 31g, 6 techs, researching Map Making (0/36)
    Babylon: size=2, prod=building:3 (54sh), bldgs=Palace
    Units: 1x Warriors, 1x Archers
  [Civ 3] Germans (despotism): 1 cities, 1 units, 21g, 6 techs, researching Currency (21/36)
    Berlin: size=2, prod=building:3 (54sh), bldgs=Palace
    Units: 1x Warriors
  [Civ 4] Egyptians (despotism): 1 cities, 1 units, 33g, 6 techs, researching Code of Laws (33/36)
    Thebes: size=2, prod=building:3 (54sh), bldgs=Palace
    Units: 1x Warriors
  [Civ 1] Romans turn: 3 actions — SET_RESEARCH(1), MOVE_UNIT(1), UNIT_ORDER(1)
    SET_RESEARCH tech=Map Making
    >>> Egyptians discovered: Code of Laws
    SET_RESEARCH tech=Map Making

══════════════════════════════════════════════════════════════════════
  TURN 24 — 3540 B.C. (4ms)
══════════════════════════════════════════════════════════════════════
  [Civ 1] Romans (despotism): 1 cities, 1 units, 35g, 8 techs, researching Map Making (3/28)
    Rome: size=2, prod=Wonder40 (60sh), bldgs=Palace
    Units: 1x Warriors
  [Civ 2] Babylonians (despotism): 1 cities, 2 units, 33g, 6 techs, researching Map Making (3/36)
    Babylon: size=2, prod=building:3 (57sh), bldgs=Palace
    Units: 1x Warriors, 1x Archers
  [Civ 3] Germans (despotism): 1 cities, 1 units, 22g, 6 techs, researching Currency (24/36)
    Berlin: size=2, prod=building:3 (57sh), bldgs=Palace
    Units: 1x Warriors
  [Civ 4] Egyptians (despotism): 1 cities, 1 units, 33g, 7 techs, researching Map Making (0/33)
    Thebes: size=2, prod=building:3 (57sh), bldgs=Palace
    Units: 1x Warriors
  [Civ 1] Romans turn: 2 actions — MOVE_UNIT(1), UNIT_ORDER(1)
    >>> Babylon built building:3
    CHANGE_PRODUCTION city=1
    >>> Berlin built building:3
    CHANGE_PRODUCTION city=2
    >>> Thebes built building:3
    CHANGE_PRODUCTION city=3
    >>> Rome grew to size 3

══════════════════════════════════════════════════════════════════════
  TURN 25 — 3520 B.C. (4ms)
══════════════════════════════════════════════════════════════════════
  [Civ 1] Romans (despotism): 1 cities, 1 units, 37g, 8 techs, researching Map Making (7/28)
    Rome: size=3, prod=Wonder40 (63sh), bldgs=Palace
    Units: 1x Warriors
  [Civ 2] Babylonians (despotism): 1 cities, 2 units, 34g, 6 techs, researching Map Making (6/36)
    Babylon: size=2, prod=building:7 (0sh), bldgs=Palace, Granary
    Units: 1x Warriors, 1x Archers
  [Civ 3] Germans (despotism): 1 cities, 1 units, 22g, 6 techs, researching Currency (27/36)
    Berlin: size=2, prod=building:7 (0sh), bldgs=Palace, Granary
    Units: 1x Warriors
  [Civ 4] Egyptians (despotism): 1 cities, 1 units, 34g, 7 techs, researching Map Making (3/33)
    Thebes: size=2, prod=building:7 (0sh), bldgs=Palace, Granary
    Units: 1x Warriors
  [Civ 1] Romans turn: 2 actions — MOVE_UNIT(1), UNIT_ORDER(1)
    >>> Babylon grew to size 3
    >>> Berlin grew to size 3
    >>> Thebes grew to size 3

══════════════════════════════════════════════════════════════════════
  TURN 26 — 3500 B.C. (3ms)
══════════════════════════════════════════════════════════════════════
  [Civ 1] Romans (despotism): 1 cities, 1 units, 39g, 8 techs, researching Map Making (11/28)
    Rome: size=3, prod=Wonder40 (67sh), bldgs=Palace
    Units: 1x Warriors
  [Civ 2] Babylonians (despotism): 1 cities, 2 units, 35g, 6 techs, researching Map Making (10/36)
    Babylon: size=3, prod=building:7 (3sh), bldgs=Palace, Granary
    Units: 1x Warriors, 1x Archers
  [Civ 3] Germans (despotism): 1 cities, 1 units, 23g, 6 techs, researching Currency (30/36)
    Berlin: size=3, prod=building:7 (3sh), bldgs=Palace, Granary
    Units: 1x Warriors
  [Civ 4] Egyptians (despotism): 1 cities, 1 units, 35g, 7 techs, researching Map Making (6/33)
    Thebes: size=3, prod=building:7 (3sh), bldgs=Palace, Granary
    Units: 1x Warriors
  [Civ 1] Romans turn: 2 actions — MOVE_UNIT(1), UNIT_ORDER(1)

══════════════════════════════════════════════════════════════════════
  TURN 27 — 3480 B.C. (4ms)
══════════════════════════════════════════════════════════════════════
  [Civ 1] Romans (despotism): 1 cities, 1 units, 41g, 8 techs, researching Map Making (15/28)
    Rome: size=3, prod=Wonder40 (71sh), bldgs=Palace
    Units: 1x Warriors
  [Civ 2] Babylonians (despotism): 1 cities, 2 units, 36g, 6 techs, researching Map Making (14/36)
    Babylon: size=3, prod=building:7 (7sh), bldgs=Palace, Granary
    Units: 1x Warriors, 1x Archers
  [Civ 3] Germans (despotism): 1 cities, 1 units, 24g, 6 techs, researching Currency (33/36)
    Berlin: size=3, prod=building:7 (7sh), bldgs=Palace, Granary
    Units: 1x Warriors
  [Civ 4] Egyptians (despotism): 1 cities, 1 units, 36g, 7 techs, researching Map Making (9/33)
    Thebes: size=3, prod=building:7 (6sh), bldgs=Palace, Granary
    Units: 1x Warriors
  [Civ 1] Romans turn: 2 actions — MOVE_UNIT(1), UNIT_ORDER(1)
    >>> Germans discovered: Currency
    SET_RESEARCH tech=Map Making

══════════════════════════════════════════════════════════════════════
  TURN 28 — 3460 B.C. (4ms)
══════════════════════════════════════════════════════════════════════
  [Civ 1] Romans (despotism): 1 cities, 1 units, 43g, 8 techs, researching Map Making (19/28)
    Rome: size=3, prod=Wonder40 (75sh), bldgs=Palace
    Units: 1x Warriors
  [Civ 2] Babylonians (despotism): 1 cities, 2 units, 37g, 6 techs, researching Map Making (18/36)
    Babylon: size=3, prod=building:7 (11sh), bldgs=Palace, Granary
    Units: 1x Warriors, 1x Archers
  [Civ 3] Germans (despotism): 1 cities, 1 units, 24g, 7 techs, researching Map Making (0/33)
    Berlin: size=3, prod=building:7 (11sh), bldgs=Palace, Granary
    Units: 1x Warriors
  [Civ 4] Egyptians (despotism): 1 cities, 1 units, 37g, 7 techs, researching Map Making (12/33)
    Thebes: size=3, prod=building:7 (9sh), bldgs=Palace, Granary
    Units: 1x Warriors
  [Civ 1] Romans turn: 2 actions — MOVE_UNIT(1), UNIT_ORDER(1)

══════════════════════════════════════════════════════════════════════
  TURN 29 — 3440 B.C. (3ms)
══════════════════════════════════════════════════════════════════════
  [Civ 1] Romans (despotism): 1 cities, 1 units, 45g, 8 techs, researching Map Making (23/28)
    Rome: size=3, prod=Wonder40 (79sh), bldgs=Palace
    Units: 1x Warriors
  [Civ 2] Babylonians (despotism): 1 cities, 2 units, 38g, 6 techs, researching Map Making (22/36)
    Babylon: size=3, prod=building:7 (15sh), bldgs=Palace, Granary
    Units: 1x Warriors, 1x Archers
  [Civ 3] Germans (despotism): 1 cities, 1 units, 25g, 7 techs, researching Map Making (3/33)
    Berlin: size=3, prod=building:7 (15sh), bldgs=Palace, Granary
    Units: 1x Warriors
  [Civ 4] Egyptians (despotism): 1 cities, 1 units, 38g, 7 techs, researching Map Making (15/33)
    Thebes: size=3, prod=building:7 (12sh), bldgs=Palace, Granary
    Units: 1x Warriors
  [Civ 1] Romans turn: 2 actions — MOVE_UNIT(1), UNIT_ORDER(1)

══════════════════════════════════════════════════════════════════════
  TURN 30 — 3420 B.C. (5ms)
══════════════════════════════════════════════════════════════════════
  [Civ 1] Romans (despotism): 1 cities, 1 units, 47g, 8 techs, researching Map Making (27/28)
    Rome: size=3, prod=Wonder40 (83sh), bldgs=Palace
    Units: 1x Warriors
  [Civ 2] Babylonians (despotism): 1 cities, 1 units, 39g, 6 techs, researching Map Making (26/36)
    Babylon: size=3, prod=building:7 (19sh), bldgs=Palace, Granary
    Units: 1x Warriors
  [Civ 3] Germans (despotism): 1 cities, 1 units, 26g, 7 techs, researching Map Making (6/33)
    Berlin: size=3, prod=building:7 (19sh), bldgs=Palace, Granary
    Units: 1x Warriors
  [Civ 4] Egyptians (despotism): 1 cities, 1 units, 39g, 7 techs, researching Map Making (18/33)
    Thebes: size=3, prod=building:7 (15sh), bldgs=Palace, Granary
    Units: 1x Warriors
  [Civ 1] Romans turn: 2 actions — MOVE_UNIT(1), UNIT_ORDER(1)
    END_TURN REJECTED: 1 units still need orders
      #14 Settlers(Settle) @(44,24) mv=3 ord=none hp=full

══════════════════════════════════════════════════════════════════════
  TURN 31 — 3400 B.C. (5ms)
══════════════════════════════════════════════════════════════════════
  [Civ 1] Romans (despotism): 1 cities, 1 units, 47g, 9 techs, researching none (0/32)
    Rome: size=3, prod=Wonder40 (87sh), bldgs=Palace
    Units: 1x Warriors
  [Civ 2] Babylonians (despotism): 1 cities, 1 units, 40g, 6 techs, researching Map Making (30/36)
    Babylon: size=3, prod=building:7 (23sh), bldgs=Palace, Granary
    Units: 1x Warriors
  [Civ 3] Germans (despotism): 1 cities, 1 units, 27g, 7 techs, researching Map Making (9/33)
    Berlin: size=3, prod=building:7 (23sh), bldgs=Palace, Granary
    Units: 1x Warriors
  [Civ 4] Egyptians (despotism): 1 cities, 2 units, 40g, 7 techs, researching Map Making (21/33)
    Thebes: size=3, prod=building:7 (18sh), bldgs=Palace, Granary
    Units: 1x Warriors, 1x Settlers
  [Civ 1] Romans turn: 3 actions — SET_RESEARCH(1), MOVE_UNIT(1), UNIT_ORDER(1)
    SET_RESEARCH tech=Warrior Code
    CHANGE_PRODUCTION city=3

══════════════════════════════════════════════════════════════════════
  TURN 32 — 3380 B.C. (6ms)
══════════════════════════════════════════════════════════════════════
  [Civ 1] Romans (despotism): 1 cities, 1 units, 49g, 9 techs, researching Warrior Code (4/32)
    Rome: size=3, prod=Wonder40 (91sh), bldgs=Palace
    Units: 1x Warriors
  [Civ 2] Babylonians (despotism): 1 cities, 1 units, 41g, 6 techs, researching Map Making (34/36)
    Babylon: size=3, prod=building:7 (27sh), bldgs=Palace, Granary
    Units: 1x Warriors
  [Civ 3] Germans (despotism): 1 cities, 1 units, 28g, 7 techs, researching Map Making (12/33)
    Berlin: size=3, prod=building:7 (27sh), bldgs=Palace, Granary
    Units: 1x Warriors
  [Civ 4] Egyptians (despotism): 1 cities, 2 units, 41g, 7 techs, researching Map Making (24/33)
    Thebes: size=3, prod=Wonder39 (0sh), bldgs=Palace, Granary
    Units: 1x Warriors, 1x Settlers
  [Civ 1] Romans turn: 5 actions — ADJUST_ATTITUDE(3), MOVE_UNIT(1), UNIT_ORDER(1)
    ADJUST_ATTITUDE target=civ2
    ADJUST_ATTITUDE target=civ3
    ADJUST_ATTITUDE target=civ4
    >>> Babylonians discovered: Map Making
    SET_RESEARCH tech=Currency
    ADJUST_ATTITUDE target=civ1
    ADJUST_ATTITUDE target=civ3
    ADJUST_ATTITUDE target=civ4
    ADJUST_ATTITUDE target=civ1
    ADJUST_ATTITUDE target=civ2
    ADJUST_ATTITUDE target=civ4
    ADJUST_ATTITUDE target=civ1
    ADJUST_ATTITUDE target=civ2
    ADJUST_ATTITUDE target=civ3

══════════════════════════════════════════════════════════════════════
  TURN 33 — 3360 B.C. (5ms)
══════════════════════════════════════════════════════════════════════
  [Civ 1] Romans (despotism): 1 cities, 1 units, 51g, 9 techs, researching Warrior Code (8/32)
    Rome: size=3, prod=Wonder40 (95sh), bldgs=Palace
    Units: 1x Warriors
  [Civ 2] Babylonians (despotism): 1 cities, 1 units, 41g, 7 techs, researching Currency (0/33)
    Babylon: size=3, prod=building:7 (31sh), bldgs=Palace, Granary
    Units: 1x Warriors
  [Civ 3] Germans (despotism): 1 cities, 1 units, 29g, 7 techs, researching Map Making (15/33)
    Berlin: size=3, prod=building:7 (31sh), bldgs=Palace, Granary
    Units: 1x Warriors
  [Civ 4] Egyptians (despotism): 1 cities, 2 units, 80g, 7 techs, researching Map Making (27/33)
    Thebes: size=3, prod=Wonder39 (3sh), bldgs=Palace, Granary
    Units: 1x Warriors, 1x Settlers
  [Civ 1] Romans turn: 2 actions — MOVE_UNIT(1), UNIT_ORDER(1)
    SET_RESEARCH tech=Construction
    SET_RESEARCH tech=Writing

══════════════════════════════════════════════════════════════════════
  TURN 34 — 3340 B.C. (4ms)
══════════════════════════════════════════════════════════════════════
  [Civ 1] Romans (despotism): 1 cities, 1 units, 53g, 9 techs, researching Warrior Code (12/32)
    Rome: size=3, prod=Wonder40 (99sh), bldgs=Palace
    Units: 1x Warriors
  [Civ 2] Babylonians (despotism): 1 cities, 1 units, 42g, 7 techs, researching Currency (4/33)
    Babylon: size=3, prod=building:7 (35sh), bldgs=Palace, Granary
    Units: 1x Warriors
  [Civ 3] Germans (despotism): 1 cities, 1 units, 30g, 8 techs, researching Construction (18/28)
    Berlin: size=3, prod=building:7 (35sh), bldgs=Palace, Granary
    Units: 1x Warriors
  [Civ 4] Egyptians (despotism): 1 cities, 2 units, 81g, 8 techs, researching Writing (30/28)
    Thebes: size=3, prod=Wonder39 (6sh), bldgs=Palace, Granary
    Units: 1x Warriors, 1x Settlers
  [Civ 1] Romans turn: 2 actions — MOVE_UNIT(1), UNIT_ORDER(1)
    >>> Egyptians discovered: Writing
    SET_RESEARCH tech=Literacy

══════════════════════════════════════════════════════════════════════
  TURN 35 — 3320 B.C. (6ms)
══════════════════════════════════════════════════════════════════════
  [Civ 1] Romans (despotism): 1 cities, 1 units, 55g, 9 techs, researching Warrior Code (16/32)
    Rome: size=3, prod=Wonder40 (103sh), bldgs=Palace
    Units: 1x Warriors
  [Civ 2] Babylonians (despotism): 1 cities, 1 units, 43g, 7 techs, researching Currency (8/33)
    Babylon: size=3, prod=building:7 (39sh), bldgs=Palace, Granary
    Units: 1x Warriors
  [Civ 3] Germans (despotism): 1 cities, 1 units, 31g, 8 techs, researching Construction (21/28)
    Berlin: size=3, prod=building:7 (39sh), bldgs=Palace, Granary
    Units: 1x Warriors
  [Civ 4] Egyptians (despotism): 1 cities, 2 units, 81g, 9 techs, researching Literacy (0/32)
    Thebes: size=3, prod=Wonder39 (9sh), bldgs=Palace, Granary
    Units: 1x Warriors, 1x Settlers
  [Civ 1] Romans turn: 2 actions — MOVE_UNIT(1), UNIT_ORDER(1)

══════════════════════════════════════════════════════════════════════
  TURN 36 — 3300 B.C. (5ms)
══════════════════════════════════════════════════════════════════════
  [Civ 1] Romans (despotism): 1 cities, 1 units, 57g, 9 techs, researching Warrior Code (20/32)
    Rome: size=3, prod=Wonder40 (107sh), bldgs=Palace
    Units: 1x Warriors
  [Civ 2] Babylonians (despotism): 1 cities, 1 units, 44g, 7 techs, researching Currency (12/33)
    Babylon: size=3, prod=building:7 (43sh), bldgs=Palace, Granary
    Units: 1x Warriors
  [Civ 3] Germans (despotism): 1 cities, 1 units, 32g, 8 techs, researching Construction (24/28)
    Berlin: size=3, prod=building:7 (43sh), bldgs=Palace, Granary
    Units: 1x Warriors
  [Civ 4] Egyptians (despotism): 1 cities, 2 units, 82g, 9 techs, researching Literacy (3/32)
    Thebes: size=3, prod=Wonder39 (12sh), bldgs=Palace, Granary
    Units: 1x Warriors, 1x Settlers
  [Civ 1] Romans turn: 2 actions — MOVE_UNIT(1), UNIT_ORDER(1)

══════════════════════════════════════════════════════════════════════
  TURN 37 — 3280 B.C. (5ms)
══════════════════════════════════════════════════════════════════════
  [Civ 1] Romans (despotism): 1 cities, 1 units, 59g, 9 techs, researching Warrior Code (24/32)
    Rome: size=3, prod=Wonder40 (111sh), bldgs=Palace
    Units: 1x Warriors
  [Civ 2] Babylonians (despotism): 1 cities, 1 units, 45g, 7 techs, researching Currency (16/33)
    Babylon: size=3, prod=building:7 (47sh), bldgs=Palace, Granary
    Units: 1x Warriors
  [Civ 3] Germans (despotism): 1 cities, 1 units, 33g, 8 techs, researching Construction (27/28)
    Berlin: size=3, prod=building:7 (47sh), bldgs=Palace, Granary
    Units: 1x Warriors
  [Civ 4] Egyptians (despotism): 1 cities, 2 units, 83g, 9 techs, researching Literacy (6/32)
    Thebes: size=3, prod=Wonder39 (15sh), bldgs=Palace, Granary
    Units: 1x Warriors, 1x Settlers
  [Civ 1] Romans turn: 2 actions — MOVE_UNIT(1), UNIT_ORDER(1)
    >>> Germans discovered: Construction
    SET_RESEARCH tech=Mathematics

══════════════════════════════════════════════════════════════════════
  TURN 38 — 3260 B.C. (5ms)
══════════════════════════════════════════════════════════════════════
  [Civ 1] Romans (despotism): 1 cities, 1 units, 61g, 9 techs, researching Warrior Code (28/32)
    Rome: size=3, prod=Wonder40 (115sh), bldgs=Palace
    Units: 1x Warriors
  [Civ 2] Babylonians (despotism): 1 cities, 1 units, 46g, 7 techs, researching Currency (20/33)
    Babylon: size=3, prod=building:7 (51sh), bldgs=Palace, Granary
    Units: 1x Warriors
  [Civ 3] Germans (despotism): 1 cities, 1 units, 33g, 9 techs, researching Mathematics (0/32)
    Berlin: size=3, prod=building:7 (51sh), bldgs=Palace, Granary
    Units: 1x Warriors
  [Civ 4] Egyptians (despotism): 1 cities, 2 units, 84g, 9 techs, researching Literacy (9/32)
    Thebes: size=3, prod=Wonder39 (18sh), bldgs=Palace, Granary
    Units: 1x Warriors, 1x Settlers
  [Civ 1] Romans turn: 2 actions — MOVE_UNIT(1), UNIT_ORDER(1)
    >>> Babylon grew to size 4
    >>> Berlin grew to size 4
    >>> Thebes grew to size 4
    >>> Romans discovered: Warrior Code

══════════════════════════════════════════════════════════════════════
  TURN 39 — 3240 B.C. (4ms)
══════════════════════════════════════════════════════════════════════
  [Civ 1] Romans (despotism): 1 cities, 1 units, 61g, 10 techs, researching none (0/48)
    Rome: size=3, prod=Wonder40 (119sh), bldgs=Palace
    Units: 1x Warriors
  [Civ 2] Babylonians (despotism): 1 cities, 1 units, 47g, 7 techs, researching Currency (24/33)
    Babylon: size=4, prod=building:7 (55sh), bldgs=Palace, Granary
    Units: 1x Warriors
  [Civ 3] Germans (despotism): 1 cities, 1 units, 34g, 9 techs, researching Mathematics (4/21)
    Berlin: size=4, prod=building:7 (55sh), bldgs=Palace, Granary
    Units: 1x Warriors
  [Civ 4] Egyptians (despotism): 1 cities, 2 units, 85g, 9 techs, researching Literacy (13/21)
    Thebes: size=4, prod=Wonder39 (21sh), bldgs=Palace, Granary
    Units: 1x Warriors, 1x Settlers
  [Civ 1] Romans turn: 3 actions — SET_RESEARCH(1), MOVE_UNIT(1), UNIT_ORDER(1)
    SET_RESEARCH tech=Iron Working

══════════════════════════════════════════════════════════════════════
  TURN 40 — 3220 B.C. (4ms)
══════════════════════════════════════════════════════════════════════
  [Civ 1] Romans (despotism): 1 cities, 1 units, 63g, 10 techs, researching Iron Working (4/48)
    Rome: size=3, prod=Wonder40 (123sh), bldgs=Palace
    Units: 1x Warriors
  [Civ 2] Babylonians (despotism): 1 cities, 1 units, 48g, 7 techs, researching Currency (28/33)
    Babylon: size=4, prod=building:7 (59sh), bldgs=Palace, Granary
    Units: 1x Warriors
  [Civ 3] Germans (despotism): 1 cities, 1 units, 35g, 9 techs, researching Mathematics (8/21)
    Berlin: size=4, prod=building:7 (60sh), bldgs=Palace, Granary
    Units: 1x Warriors
  [Civ 4] Egyptians (despotism): 1 cities, 2 units, 86g, 9 techs, researching Literacy (17/21)
    Thebes: size=4, prod=Wonder39 (26sh), bldgs=Palace, Granary
    Units: 1x Warriors, 1x Settlers
  [Civ 1] Romans turn: 2 actions — MOVE_UNIT(1), UNIT_ORDER(1)
    >>> Egyptians discovered: Literacy
    SET_RESEARCH tech=Iron Working

══════════════════════════════════════════════════════════════════════
  TURN 41 — 3200 B.C. (7ms)
══════════════════════════════════════════════════════════════════════
  [Civ 1] Romans (despotism): 1 cities, 1 units, 65g, 10 techs, researching Iron Working (8/48)
    Rome: size=3, prod=Wonder40 (127sh), bldgs=Palace
    Units: 1x Warriors
  [Civ 2] Babylonians (despotism): 1 cities, 1 units, 49g, 8 techs, researching Currency (32/28)
    Babylon: size=4, prod=building:7 (63sh), bldgs=Palace, Granary
    Units: 1x Warriors
  [Civ 3] Germans (despotism): 1 cities, 1 units, 36g, 10 techs, researching Mathematics (12/48)
    Berlin: size=4, prod=building:7 (65sh), bldgs=Palace, Granary
    Units: 1x Warriors
  [Civ 4] Egyptians (despotism): 1 cities, 2 units, 86g, 10 techs, researching Iron Working (0/48)
    Thebes: size=4, prod=Wonder39 (31sh), bldgs=Palace, Granary
    Units: 1x Warriors, 1x Settlers
  [Civ 1] Romans turn: 2 actions — MOVE_UNIT(1), UNIT_ORDER(1)
    >>> Babylonians discovered: Currency
    SET_RESEARCH tech=Iron Working

══════════════════════════════════════════════════════════════════════
  TURN 42 — 3180 B.C. (4ms)
══════════════════════════════════════════════════════════════════════
  [Civ 1] Romans (despotism): 1 cities, 1 units, 67g, 10 techs, researching Iron Working (12/48)
    Rome: size=3, prod=Wonder40 (131sh), bldgs=Palace
    Units: 1x Warriors
  [Civ 2] Babylonians (despotism): 1 cities, 0 units, 49g, 9 techs, researching Iron Working (0/21)
    Babylon: size=4, prod=building:7 (67sh), bldgs=Palace, Granary
    Units: none
  [Civ 3] Germans (despotism): 1 cities, 1 units, 37g, 10 techs, researching Mathematics (16/48)
    Berlin: size=4, prod=building:7 (70sh), bldgs=Palace, Granary
    Units: 1x Warriors
  [Civ 4] Egyptians (despotism): 1 cities, 2 units, 87g, 10 techs, researching Iron Working (4/48)
    Thebes: size=4, prod=Wonder39 (36sh), bldgs=Palace, Granary
    Units: 1x Warriors, 1x Settlers
  [Civ 1] Romans turn: 2 actions — MOVE_UNIT(1), UNIT_ORDER(1)

══════════════════════════════════════════════════════════════════════
  TURN 43 — 3160 B.C. (4ms)
══════════════════════════════════════════════════════════════════════
  [Civ 1] Romans (despotism): 1 cities, 1 units, 69g, 11 techs, researching Iron Working (16/52)
    Rome: size=3, prod=Wonder40 (135sh), bldgs=Palace
    Units: 1x Warriors
  [Civ 2] Babylonians (despotism): 1 cities, 0 units, 50g, 9 techs, researching Iron Working (4/21)
    Babylon: size=4, prod=building:7 (71sh), bldgs=Palace, Granary
    Units: none
  [Civ 3] Germans (despotism): 1 cities, 1 units, 38g, 10 techs, researching Mathematics (20/24)
    Berlin: size=4, prod=building:7 (75sh), bldgs=Palace, Granary
    Units: 1x Warriors
  [Civ 4] Egyptians (despotism): 1 cities, 2 units, 88g, 11 techs, researching Iron Working (8/52)
    Thebes: size=4, prod=Wonder39 (41sh), bldgs=Palace, Granary
    Units: 1x Warriors, 1x Settlers
  [Civ 1] Romans turn: 2 actions — MOVE_UNIT(1), UNIT_ORDER(1)
    >>> Germans discovered: Mathematics
    >>> Berlin built building:7
    SET_RESEARCH tech=Seafaring
    CHANGE_PRODUCTION city=2

══════════════════════════════════════════════════════════════════════
  TURN 44 — 3140 B.C. (4ms)
══════════════════════════════════════════════════════════════════════
  [Civ 1] Romans (despotism): 1 cities, 1 units, 71g, 11 techs, researching Iron Working (20/52)
    Rome: size=3, prod=Wonder40 (139sh), bldgs=Palace
    Units: 1x Warriors
  [Civ 2] Babylonians (despotism): 1 cities, 0 units, 51g, 9 techs, researching Iron Working (8/21)
    Babylon: size=4, prod=building:7 (75sh), bldgs=Palace, Granary
    Units: none
  [Civ 3] Germans (despotism): 1 cities, 1 units, 38g, 11 techs, researching Seafaring (0/52)
    Berlin: size=4, prod=building:5 (0sh), bldgs=Palace, Granary, Courthouse
    Units: 1x Warriors
  [Civ 4] Egyptians (despotism): 1 cities, 2 units, 89g, 11 techs, researching Iron Working (12/52)
    Thebes: size=4, prod=Wonder39 (46sh), bldgs=Palace, Granary
    Units: 1x Warriors, 1x Settlers
  [Civ 1] Romans turn: 2 actions — MOVE_UNIT(1), UNIT_ORDER(1)
    >>> Rome grew to size 4

══════════════════════════════════════════════════════════════════════
  TURN 45 — 3120 B.C. (5ms)
══════════════════════════════════════════════════════════════════════
  [Civ 1] Romans (despotism): 1 cities, 1 units, 73g, 11 techs, researching Iron Working (25/52)
    Rome: size=4, prod=Wonder40 (143sh), bldgs=Palace
    Units: 1x Warriors
  [Civ 2] Babylonians (despotism): 1 cities, 0 units, 52g, 9 techs, researching Iron Working (12/21)
    Babylon: size=4, prod=building:7 (79sh), bldgs=Palace, Granary
    Units: none
  [Civ 3] Germans (despotism): 1 cities, 1 units, 38g, 11 techs, researching Seafaring (4/52)
    Berlin: size=4, prod=building:5 (5sh), bldgs=Palace, Granary, Courthouse
    Units: 1x Warriors
  [Civ 4] Egyptians (despotism): 1 cities, 2 units, 90g, 11 techs, researching Iron Working (16/52)
    Thebes: size=4, prod=Wonder39 (51sh), bldgs=Palace, Granary
    Units: 1x Warriors, 1x Settlers
  [Civ 1] Romans turn: 2 actions — MOVE_UNIT(1), UNIT_ORDER(1)
    >>> Babylon built building:7
    CHANGE_PRODUCTION city=1

══════════════════════════════════════════════════════════════════════
  TURN 46 — 3100 B.C. (4ms)
══════════════════════════════════════════════════════════════════════
  [Civ 1] Romans (despotism): 1 cities, 1 units, 75g, 11 techs, researching Iron Working (30/52)
    Rome: size=4, prod=Wonder40 (148sh), bldgs=Palace
    Units: 1x Warriors
  [Civ 2] Babylonians (despotism): 1 cities, 0 units, 52g, 9 techs, researching Iron Working (16/21)
    Babylon: size=4, prod=building:5 (1sh), bldgs=Palace, Granary, Courthouse
    Units: none
  [Civ 3] Germans (despotism): 1 cities, 1 units, 38g, 11 techs, researching Seafaring (8/52)
    Berlin: size=4, prod=building:5 (10sh), bldgs=Palace, Granary, Courthouse
    Units: 1x Warriors
  [Civ 4] Egyptians (despotism): 1 cities, 2 units, 91g, 11 techs, researching Iron Working (20/52)
    Thebes: size=4, prod=Wonder39 (56sh), bldgs=Palace, Granary
    Units: 1x Warriors, 1x Settlers
  [Civ 1] Romans turn: 2 actions — MOVE_UNIT(1), UNIT_ORDER(1)

══════════════════════════════════════════════════════════════════════
  TURN 47 — 3080 B.C. (3ms)
══════════════════════════════════════════════════════════════════════
  [Civ 1] Romans (despotism): 1 cities, 1 units, 77g, 11 techs, researching Iron Working (35/52)
    Rome: size=4, prod=Wonder40 (153sh), bldgs=Palace
    Units: 1x Warriors
  [Civ 2] Babylonians (despotism): 1 cities, 0 units, 52g, 9 techs, researching Iron Working (20/21)
    Babylon: size=4, prod=building:5 (5sh), bldgs=Palace, Granary, Courthouse
    Units: none
  [Civ 3] Germans (despotism): 1 cities, 1 units, 38g, 11 techs, researching Seafaring (12/52)
    Berlin: size=4, prod=building:5 (15sh), bldgs=Palace, Granary, Courthouse
    Units: 1x Warriors
  [Civ 4] Egyptians (despotism): 1 cities, 2 units, 92g, 11 techs, researching Iron Working (24/52)
    Thebes: size=4, prod=Wonder39 (61sh), bldgs=Palace, Granary
    Units: 1x Warriors, 1x Settlers
  [Civ 1] Romans turn: 2 actions — MOVE_UNIT(1), UNIT_ORDER(1)
    >>> Babylonians discovered: Iron Working
    SET_RESEARCH tech=Construction

══════════════════════════════════════════════════════════════════════
  TURN 48 — 3060 B.C. (4ms)
══════════════════════════════════════════════════════════════════════
  [Civ 1] Romans (despotism): 1 cities, 1 units, 79g, 11 techs, researching Iron Working (40/52)
    Rome: size=4, prod=Wonder40 (158sh), bldgs=Palace
    Units: 1x Warriors
  [Civ 2] Babylonians (despotism): 1 cities, 0 units, 52g, 10 techs, researching Construction (0/24)
    Babylon: size=4, prod=building:5 (9sh), bldgs=Palace, Granary, Courthouse
    Units: none
  [Civ 3] Germans (despotism): 1 cities, 1 units, 38g, 11 techs, researching Seafaring (16/52)
    Berlin: size=4, prod=building:5 (20sh), bldgs=Palace, Granary, Courthouse
    Units: 1x Warriors
  [Civ 4] Egyptians (despotism): 1 cities, 2 units, 93g, 11 techs, researching Iron Working (28/52)
    Thebes: size=4, prod=Wonder39 (66sh), bldgs=Palace, Granary
    Units: 1x Warriors, 1x Settlers
  [Civ 1] Romans turn: 2 actions — MOVE_UNIT(1), UNIT_ORDER(1)

══════════════════════════════════════════════════════════════════════
  TURN 49 — 3040 B.C. (4ms)
══════════════════════════════════════════════════════════════════════
  [Civ 1] Romans (despotism): 1 cities, 1 units, 81g, 11 techs, researching Iron Working (45/52)
    Rome: size=4, prod=Wonder40 (163sh), bldgs=Palace
    Units: 1x Warriors
  [Civ 2] Babylonians (despotism): 1 cities, 0 units, 52g, 10 techs, researching Construction (4/24)
    Babylon: size=4, prod=building:5 (13sh), bldgs=Palace, Granary, Courthouse
    Units: none
  [Civ 3] Germans (despotism): 1 cities, 1 units, 38g, 11 techs, researching Seafaring (20/52)
    Berlin: size=4, prod=building:5 (25sh), bldgs=Palace, Granary, Courthouse
    Units: 1x Warriors
  [Civ 4] Egyptians (despotism): 1 cities, 2 units, 94g, 11 techs, researching Iron Working (32/52)
    Thebes: size=4, prod=Wonder39 (71sh), bldgs=Palace, Granary
    Units: 1x Warriors, 1x Settlers
  [Civ 1] Romans turn: 2 actions — MOVE_UNIT(1), UNIT_ORDER(1)

══════════════════════════════════════════════════════════════════════
  FINAL SUMMARY
══════════════════════════════════════════════════════════════════════
Game ended at turn 50 (3020 B.C.)

── Civ 1: Romans (despotism) ALIVE ──
  Cities: 1 (peak 1, founded 1)
  Units:  1 (peak 1)
  Treasury: 83g
  Techs discovered: 3 — Masonry, Mysticism, Warrior Code
  Actions: 113 total, 0 idle turns
  Breakdown: UNIT_ORDER(51), MOVE_UNIT(50), SET_RESEARCH(6), ADJUST_ATTITUDE(3), CHANGE_RATES(1), BUILD_CITY(1), CHANGE_PRODUCTION(1)
  Army: 1x Warriors
  Rome: size=4, shields=168

── Civ 2: Babylonians (despotism) ALIVE ──
  Cities: 1 (peak 1, founded 1)
  Units:  0 (peak 2)
  Treasury: 52g
  Techs discovered: 5 — Alphabet, Code of Laws, Map Making, Currency, Iron Working
  Actions: 149 total, 6 idle turns
  Breakdown: UNIT_ORDER(68), MOVE_UNIT(67), SET_RESEARCH(6), CHANGE_PRODUCTION(3), ADJUST_ATTITUDE(3), CHANGE_RATES(1), BUILD_CITY(1)
  Army: none
  Babylon: size=4, shields=17

── Civ 3: Germans (despotism) ALIVE ──
  Cities: 1 (peak 1, founded 1)
  Units:  1 (peak 1)
  Treasury: 38g
  Techs discovered: 4 — Code of Laws, Currency, Construction, Mathematics
  Actions: 115 total, 0 idle turns
  Breakdown: UNIT_ORDER(51), MOVE_UNIT(50), SET_RESEARCH(6), CHANGE_PRODUCTION(3), ADJUST_ATTITUDE(3), CHANGE_RATES(1), BUILD_CITY(1)
  Army: 1x Warriors
  Berlin: size=4, shields=30

── Civ 4: Egyptians (despotism) ALIVE ──
  Cities: 1 (peak 1, founded 1)
  Units:  2 (peak 2)
  Treasury: 95g
  Techs discovered: 4 — Masonry, Code of Laws, Writing, Literacy
  Actions: 129 total, 0 idle turns
  Breakdown: UNIT_ORDER(58), MOVE_UNIT(52), SET_RESEARCH(6), WORKER_ORDER(5), CHANGE_PRODUCTION(3), ADJUST_ATTITUDE(3), CHANGE_RATES(1), BUILD_CITY(1)
  Army: 1x Warriors, 1x Settlers
  Thebes: size=4, shields=76


══════════════════════════════════════════════════════════════════════
  AI BEHAVIOR ANALYSIS
══════════════════════════════════════════════════════════════════════
[Civ 1] Romans:
  WARNING: Only 1 city after 30+ turns

[Civ 2] Babylonians:
  WARNING: Only 1 city after 30+ turns

[Civ 3] Germans:
  WARNING: Only 1 city after 30+ turns

[Civ 4] Egyptians:
  WARNING: Only 1 city after 30+ turns
  WARNING: 1 units stuck (busy orders outside city)

