Charlization AI Headless Simulation
Date: 2026-03-19T02:30:46.813Z
Settings: 50 turns, 4 AI players, 50x80 map, difficulty=prince
Map seed: 5680
Map generated in 78ms
Game initialized: 4 civs, 10 starting units
  Civ 1 (Romans): starts at (10,42) on Grassland
  Civ 2 (Babylonians): starts at (10,8) on Hills
  Civ 3 (Germans): starts at (17,71) on Grassland
  Civ 4 (Egyptians): starts at (33,13) on Hills
    SET_RESEARCH tech=Map Making
    CHANGE_RATES sci=6 tax=4 lux=undefined
    BUILD_CITY unit=0 name="Rome"
    1 actions REJECTED (of 6)
    SET_RESEARCH tech=Ceremonial Burial
    CHANGE_RATES sci=6 tax=4 lux=undefined
    BUILD_CITY unit=2 name="Babylon"
    1 actions REJECTED (of 6)
    SET_RESEARCH tech=Alphabet
    CHANGE_RATES sci=6 tax=4 lux=undefined
    BUILD_CITY unit=4 name="Berlin"
    BUILD_CITY unit=8 name="Berlin"
    2 actions REJECTED (of 8)
    SET_RESEARCH tech=Alphabet
    CHANGE_RATES sci=6 tax=4 lux=undefined
    BUILD_CITY unit=6 name="Thebes"
    BUILD_CITY unit=9 name="Thebes"
    2 actions REJECTED (of 8)

══════════════════════════════════════════════════════════════════════
  TURN 1 — 4000 B.C. (37ms)
══════════════════════════════════════════════════════════════════════
  [Civ 1] Romans (despotism): 1 cities, 1 units, 1g, 3 techs, researching Map Making (3/28)
    Rome: size=1, prod=Warriors (2sh), bldgs=Palace
    Units: 1x Warriors
  [Civ 2] Babylonians (despotism): 1 cities, 1 units, 0g, 3 techs, researching Ceremonial Burial (0/28)
    Babylon: size=1, prod=Warriors (0sh), bldgs=Palace
    Units: 1x Warriors
  [Civ 3] Germans (despotism): 1 cities, 2 units, 0g, 3 techs, researching Alphabet (0/28)
    Berlin: size=1, prod=Warriors (0sh), bldgs=Palace
    Units: 1x Warriors, 1x Settlers
  [Civ 4] Egyptians (despotism): 1 cities, 2 units, 0g, 3 techs, researching Alphabet (0/28)
    Thebes: size=1, prod=Warriors (0sh), bldgs=Palace
    Units: 1x Warriors, 1x Settlers
  [Civ 1] Romans turn: 2 actions — MOVE_UNIT(1), UNIT_ORDER(1)
    SET_RESEARCH tech=Ceremonial Burial
    CHANGE_PRODUCTION city=2
    SET_RESEARCH tech=Iron Working
    CHANGE_PRODUCTION city=3

══════════════════════════════════════════════════════════════════════
  TURN 2 — 3980 B.C. (15ms)
══════════════════════════════════════════════════════════════════════
  [Civ 1] Romans (despotism): 1 cities, 1 units, 2g, 4 techs, researching Map Making (6/33)
    Rome: size=1, prod=Warriors (4sh), bldgs=Palace
    Units: 1x Warriors
  [Civ 2] Babylonians (despotism): 1 cities, 1 units, 0g, 4 techs, researching Ceremonial Burial (2/33)
    Babylon: size=1, prod=Warriors (2sh), bldgs=Palace
    Units: 1x Warriors
  [Civ 3] Germans (despotism): 1 cities, 2 units, 0g, 4 techs, researching Ceremonial Burial (2/33)
    Berlin: size=1, prod=Archers (1sh), bldgs=Palace
    Units: 1x Warriors, 1x Settlers
  [Civ 4] Egyptians (despotism): 1 cities, 2 units, 2g, 5 techs, researching Iron Working (3/36)
    Thebes: size=1, prod=Archers (1sh), bldgs=Palace
    Units: 1x Warriors, 1x Settlers
  [Civ 1] Romans turn: 2 actions — MOVE_UNIT(1), UNIT_ORDER(1)

══════════════════════════════════════════════════════════════════════
  TURN 3 — 3960 B.C. (8ms)
══════════════════════════════════════════════════════════════════════
  [Civ 1] Romans (despotism): 1 cities, 1 units, 3g, 4 techs, researching Map Making (9/33)
    Rome: size=1, prod=Warriors (6sh), bldgs=Palace
    Units: 1x Warriors
  [Civ 2] Babylonians (despotism): 1 cities, 1 units, 0g, 4 techs, researching Ceremonial Burial (4/33)
    Babylon: size=1, prod=Warriors (4sh), bldgs=Palace
    Units: 1x Warriors
  [Civ 3] Germans (despotism): 1 cities, 2 units, 0g, 4 techs, researching Ceremonial Burial (4/33)
    Berlin: size=1, prod=Archers (3sh), bldgs=Palace
    Units: 1x Warriors, 1x Settlers
  [Civ 4] Egyptians (despotism): 1 cities, 2 units, 4g, 5 techs, researching Iron Working (6/36)
    Thebes: size=1, prod=Archers (4sh), bldgs=Palace
    Units: 1x Warriors, 1x Settlers
  [Civ 1] Romans turn: 2 actions — MOVE_UNIT(1), UNIT_ORDER(1)

══════════════════════════════════════════════════════════════════════
  TURN 4 — 3940 B.C. (5ms)
══════════════════════════════════════════════════════════════════════
  [Civ 1] Romans (despotism): 1 cities, 1 units, 4g, 4 techs, researching Map Making (12/33)
    Rome: size=1, prod=Warriors (8sh), bldgs=Palace
    Units: 1x Warriors
  [Civ 2] Babylonians (despotism): 1 cities, 1 units, 0g, 4 techs, researching Ceremonial Burial (6/33)
    Babylon: size=1, prod=Warriors (6sh), bldgs=Palace
    Units: 1x Warriors
  [Civ 3] Germans (despotism): 1 cities, 2 units, 0g, 4 techs, researching Ceremonial Burial (6/33)
    Berlin: size=1, prod=Archers (5sh), bldgs=Palace
    Units: 1x Warriors, 1x Settlers
  [Civ 4] Egyptians (despotism): 1 cities, 2 units, 6g, 5 techs, researching Iron Working (9/36)
    Thebes: size=1, prod=Archers (7sh), bldgs=Palace
    Units: 1x Warriors, 1x Settlers
  [Civ 1] Romans turn: 2 actions — MOVE_UNIT(1), UNIT_ORDER(1)
    >>> Rome built Warriors

══════════════════════════════════════════════════════════════════════
  TURN 5 — 3920 B.C. (5ms)
══════════════════════════════════════════════════════════════════════
  [Civ 1] Romans (despotism): 1 cities, 2 units, 5g, 4 techs, researching Map Making (15/33)
    Rome: size=1, prod=Warriors (0sh), bldgs=Palace
    Units: 2x Warriors
  [Civ 2] Babylonians (despotism): 1 cities, 1 units, 0g, 4 techs, researching Ceremonial Burial (8/33)
    Babylon: size=1, prod=Warriors (8sh), bldgs=Palace
    Units: 1x Warriors
  [Civ 3] Germans (despotism): 1 cities, 2 units, 0g, 4 techs, researching Ceremonial Burial (8/33)
    Berlin: size=1, prod=Archers (7sh), bldgs=Palace
    Units: 1x Warriors, 1x Settlers
  [Civ 4] Egyptians (despotism): 1 cities, 2 units, 8g, 5 techs, researching Iron Working (12/36)
    Thebes: size=1, prod=Archers (10sh), bldgs=Palace
    Units: 1x Warriors, 1x Settlers
  [Civ 1] Romans turn: 3 actions — CHANGE_PRODUCTION(1), MOVE_UNIT(1), UNIT_ORDER(1)
    CHANGE_PRODUCTION city=0
    >>> Babylon built Warriors
    CHANGE_PRODUCTION city=1

══════════════════════════════════════════════════════════════════════
  TURN 6 — 3900 B.C. (5ms)
══════════════════════════════════════════════════════════════════════
  [Civ 1] Romans (despotism): 1 cities, 2 units, 6g, 4 techs, researching Map Making (18/33)
    Rome: size=1, prod=Archers (2sh), bldgs=Palace
    Units: 2x Warriors
  [Civ 2] Babylonians (despotism): 1 cities, 2 units, 0g, 4 techs, researching Ceremonial Burial (10/33)
    Babylon: size=1, prod=Archers (0sh), bldgs=Palace
    Units: 2x Warriors
  [Civ 3] Germans (despotism): 1 cities, 2 units, 43g, 4 techs, researching Ceremonial Burial (10/33)
    Berlin: size=1, prod=Archers (9sh), bldgs=Palace
    Units: 1x Warriors, 1x Settlers
  [Civ 4] Egyptians (despotism): 1 cities, 2 units, 10g, 5 techs, researching Iron Working (15/36)
    Thebes: size=1, prod=Archers (13sh), bldgs=Palace
    Units: 1x Warriors, 1x Settlers
  [Civ 1] Romans turn: 4 actions — MOVE_UNIT(1), UNIT_ORDER(3)

══════════════════════════════════════════════════════════════════════
  TURN 7 — 3880 B.C. (5ms)
══════════════════════════════════════════════════════════════════════
  [Civ 1] Romans (despotism): 1 cities, 2 units, 7g, 4 techs, researching Map Making (21/33)
    Rome: size=1, prod=Archers (4sh), bldgs=Palace
    Units: 2x Warriors
  [Civ 2] Babylonians (despotism): 1 cities, 2 units, 0g, 4 techs, researching Ceremonial Burial (12/33)
    Babylon: size=1, prod=Archers (2sh), bldgs=Palace
    Units: 2x Warriors
  [Civ 3] Germans (despotism): 1 cities, 2 units, 43g, 4 techs, researching Ceremonial Burial (12/33)
    Berlin: size=1, prod=Archers (11sh), bldgs=Palace
    Units: 1x Warriors, 1x Settlers
  [Civ 4] Egyptians (despotism): 1 cities, 2 units, 12g, 5 techs, researching Iron Working (18/36)
    Thebes: size=1, prod=Archers (16sh), bldgs=Palace
    Units: 1x Warriors, 1x Settlers
  [Civ 1] Romans turn: 2 actions — MOVE_UNIT(1), UNIT_ORDER(1)

══════════════════════════════════════════════════════════════════════
  TURN 8 — 3860 B.C. (4ms)
══════════════════════════════════════════════════════════════════════
  [Civ 1] Romans (despotism): 1 cities, 2 units, 8g, 4 techs, researching Map Making (24/33)
    Rome: size=1, prod=Archers (6sh), bldgs=Palace
    Units: 2x Warriors
  [Civ 2] Babylonians (despotism): 1 cities, 2 units, 0g, 4 techs, researching Ceremonial Burial (14/33)
    Babylon: size=1, prod=Archers (4sh), bldgs=Palace
    Units: 2x Warriors
  [Civ 3] Germans (despotism): 1 cities, 2 units, 43g, 4 techs, researching Ceremonial Burial (14/33)
    Berlin: size=1, prod=Archers (13sh), bldgs=Palace
    Units: 1x Warriors, 1x Settlers
  [Civ 4] Egyptians (despotism): 1 cities, 2 units, 14g, 5 techs, researching Iron Working (21/36)
    Thebes: size=1, prod=Archers (19sh), bldgs=Palace
    Units: 1x Warriors, 1x Settlers
  [Civ 1] Romans turn: 2 actions — MOVE_UNIT(1), UNIT_ORDER(1)

══════════════════════════════════════════════════════════════════════
  TURN 9 — 3840 B.C. (5ms)
══════════════════════════════════════════════════════════════════════
  [Civ 1] Romans (despotism): 1 cities, 2 units, 9g, 4 techs, researching Map Making (27/33)
    Rome: size=1, prod=Archers (8sh), bldgs=Palace
    Units: 2x Warriors
  [Civ 2] Babylonians (despotism): 1 cities, 2 units, 0g, 4 techs, researching Ceremonial Burial (16/33)
    Babylon: size=1, prod=Archers (6sh), bldgs=Palace
    Units: 2x Warriors
  [Civ 3] Germans (despotism): 1 cities, 2 units, 43g, 4 techs, researching Ceremonial Burial (16/33)
    Berlin: size=1, prod=Archers (15sh), bldgs=Palace
    Units: 1x Warriors, 1x Settlers
  [Civ 4] Egyptians (despotism): 1 cities, 2 units, 16g, 5 techs, researching Iron Working (24/36)
    Thebes: size=1, prod=Archers (22sh), bldgs=Palace
    Units: 1x Warriors, 1x Settlers
  [Civ 1] Romans turn: 2 actions — MOVE_UNIT(1), UNIT_ORDER(1)
    ADJUST_ATTITUDE target=civ1
    >>> Rome grew to size 2

══════════════════════════════════════════════════════════════════════
  TURN 10 — 3820 B.C. (8ms)
══════════════════════════════════════════════════════════════════════
  [Civ 1] Romans (despotism): 1 cities, 2 units, 11g, 4 techs, researching Map Making (30/33)
    Rome: size=2, prod=Archers (10sh), bldgs=Palace
    Units: 2x Warriors
  [Civ 2] Babylonians (despotism): 1 cities, 2 units, 0g, 4 techs, researching Ceremonial Burial (18/33)
    Babylon: size=1, prod=Archers (8sh), bldgs=Palace
    Units: 2x Warriors
  [Civ 3] Germans (despotism): 1 cities, 2 units, 43g, 4 techs, researching Ceremonial Burial (18/33)
    Berlin: size=1, prod=Archers (17sh), bldgs=Palace
    Units: 1x Warriors, 1x Settlers
  [Civ 4] Egyptians (despotism): 1 cities, 2 units, 18g, 5 techs, researching Iron Working (27/36)
    Thebes: size=1, prod=Archers (25sh), bldgs=Palace
    Units: 1x Warriors, 1x Settlers
  [Civ 1] Romans turn: 3 actions — ADJUST_ATTITUDE(1), MOVE_UNIT(1), UNIT_ORDER(1)
    ADJUST_ATTITUDE target=civ2
    >>> Babylon grew to size 2
    ADJUST_ATTITUDE target=civ1
    >>> Berlin grew to size 2
    >>> Romans discovered: Map Making

══════════════════════════════════════════════════════════════════════
  TURN 11 — 3800 B.C. (12ms)
══════════════════════════════════════════════════════════════════════
  [Civ 1] Romans (despotism): 1 cities, 2 units, 11g, 5 techs, researching none (0/36)
    Rome: size=2, prod=Archers (13sh), bldgs=Palace
    Units: 2x Warriors
  [Civ 2] Babylonians (despotism): 1 cities, 2 units, 1g, 4 techs, researching Ceremonial Burial (20/33)
    Babylon: size=2, prod=Archers (10sh), bldgs=Palace
    Units: 2x Warriors
  [Civ 3] Germans (despotism): 1 cities, 2 units, 43g, 4 techs, researching Ceremonial Burial (20/33)
    Berlin: size=2, prod=Archers (19sh), bldgs=Palace
    Units: 1x Warriors, 1x Settlers
  [Civ 4] Egyptians (despotism): 1 cities, 2 units, 20g, 5 techs, researching Iron Working (30/36)
    Thebes: size=1, prod=Archers (28sh), bldgs=Palace
    Units: 1x Warriors, 1x Settlers
  [Civ 1] Romans turn: 4 actions — SET_RESEARCH(1), ADJUST_ATTITUDE(1), MOVE_UNIT(1), UNIT_ORDER(1)
    SET_RESEARCH tech=Code of Laws
    ADJUST_ATTITUDE target=civ2
    ADJUST_ATTITUDE target=civ1
    END_TURN REJECTED: 1 units still need orders
      #12 Settlers(Settle) @(24,65) mv=3 ord=none hp=full
    CHANGE_PRODUCTION city=3

══════════════════════════════════════════════════════════════════════
  TURN 12 — 3780 B.C. (6ms)
══════════════════════════════════════════════════════════════════════
  [Civ 1] Romans (despotism): 1 cities, 2 units, 13g, 5 techs, researching Code of Laws (3/36)
    Rome: size=2, prod=Archers (16sh), bldgs=Palace
    Units: 2x Warriors
  [Civ 2] Babylonians (despotism): 1 cities, 2 units, 2g, 4 techs, researching Ceremonial Burial (22/33)
    Babylon: size=2, prod=Archers (13sh), bldgs=Palace
    Units: 2x Warriors
  [Civ 3] Germans (despotism): 1 cities, 3 units, 43g, 4 techs, researching Ceremonial Burial (22/33)
    Berlin: size=2, prod=Archers (22sh), bldgs=Palace
    Units: 1x Warriors, 2x Settlers
  [Civ 4] Egyptians (despotism): 1 cities, 3 units, 22g, 5 techs, researching Iron Working (33/36)
    Thebes: size=1, prod=building:8 (0sh), bldgs=Palace
    Units: 1x Warriors, 1x Settlers, 1x Archers
  [Civ 1] Romans turn: 3 actions — ADJUST_ATTITUDE(1), MOVE_UNIT(1), UNIT_ORDER(1)
    ADJUST_ATTITUDE target=civ2
    ADJUST_ATTITUDE target=civ1
    BUILD_CITY unit=12 name="Hamburg"
    1 actions REJECTED (of 4)
    >>> Egyptians discovered: Iron Working
    SET_RESEARCH tech=Map Making
    CHANGE_PRODUCTION city=3

══════════════════════════════════════════════════════════════════════
  TURN 13 — 3760 B.C. (7ms)
══════════════════════════════════════════════════════════════════════
  [Civ 1] Romans (despotism): 1 cities, 2 units, 15g, 5 techs, researching Code of Laws (6/36)
    Rome: size=2, prod=Archers (19sh), bldgs=Palace
    Units: 2x Warriors
  [Civ 2] Babylonians (despotism): 1 cities, 2 units, 3g, 4 techs, researching Ceremonial Burial (24/33)
    Babylon: size=2, prod=Archers (16sh), bldgs=Palace
    Units: 2x Warriors
  [Civ 3] Germans (despotism): 2 cities, 2 units, 43g, 4 techs, researching Ceremonial Burial (24/33)
    Berlin: size=2, prod=Archers (25sh), bldgs=Palace
    Hamburg: size=1, prod=Warriors (0sh)
    Units: 1x Warriors, 1x Settlers
  [Civ 4] Egyptians (despotism): 1 cities, 3 units, 22g, 6 techs, researching Map Making (0/36)
    Thebes: size=1, prod=Legion (0sh), bldgs=Palace
    Units: 1x Warriors, 1x Settlers, 1x Archers
  [Civ 1] Romans turn: 3 actions — ADJUST_ATTITUDE(1), MOVE_UNIT(1), UNIT_ORDER(1)
    ADJUST_ATTITUDE target=civ2
    ADJUST_ATTITUDE target=civ1
    COMBAT: Archers vs Horsemen → atkWin (atkHp=undefined, defHp=undefined)
    END_TURN REJECTED: 1 units still need orders
      #9 Settlers(Settle) @(33,13) mv=3 ord=none hp=full

══════════════════════════════════════════════════════════════════════
  TURN 14 — 3740 B.C. (8ms)
══════════════════════════════════════════════════════════════════════
  [Civ 1] Romans (despotism): 1 cities, 2 units, 17g, 5 techs, researching Code of Laws (9/36)
    Rome: size=2, prod=Archers (22sh), bldgs=Palace
    Units: 2x Warriors
  [Civ 2] Babylonians (despotism): 1 cities, 2 units, 4g, 4 techs, researching Ceremonial Burial (26/33)
    Babylon: size=2, prod=Archers (19sh), bldgs=Palace
    Units: 2x Warriors
  [Civ 3] Germans (despotism): 2 cities, 2 units, 44g, 4 techs, researching Ceremonial Burial (28/33)
    Berlin: size=2, prod=Archers (28sh), bldgs=Palace
    Hamburg: size=1, prod=Warriors (3sh)
    Units: 1x Warriors, 1x Settlers
  [Civ 4] Egyptians (despotism): 1 cities, 1 units, 124g, 6 techs, researching Map Making (3/36)
    Thebes: size=1, prod=Legion (3sh), bldgs=Palace
    Units: 1x Settlers
  [Civ 1] Romans turn: 3 actions — ADJUST_ATTITUDE(1), MOVE_UNIT(1), UNIT_ORDER(1)
    ADJUST_ATTITUDE target=civ2
    ADJUST_ATTITUDE target=civ1
    >>> Berlin built Archers
    CHANGE_PRODUCTION city=2

══════════════════════════════════════════════════════════════════════
  TURN 15 — 3720 B.C. (6ms)
══════════════════════════════════════════════════════════════════════
  [Civ 1] Romans (despotism): 1 cities, 2 units, 19g, 5 techs, researching Code of Laws (12/36)
    Rome: size=2, prod=Archers (25sh), bldgs=Palace
    Units: 2x Warriors
  [Civ 2] Babylonians (despotism): 1 cities, 2 units, 5g, 4 techs, researching Ceremonial Burial (28/33)
    Babylon: size=2, prod=Archers (22sh), bldgs=Palace
    Units: 2x Warriors
  [Civ 3] Germans (despotism): 2 cities, 3 units, 45g, 4 techs, researching Ceremonial Burial (32/33)
    Berlin: size=2, prod=building:8 (0sh), bldgs=Palace
    Hamburg: size=1, prod=Warriors (6sh)
    Units: 1x Warriors, 1x Settlers, 1x Archers
  [Civ 4] Egyptians (despotism): 1 cities, 1 units, 126g, 6 techs, researching Map Making (6/36)
    Thebes: size=1, prod=Legion (6sh), bldgs=Palace
    Units: 1x Settlers
  [Civ 1] Romans turn: 3 actions — ADJUST_ATTITUDE(1), MOVE_UNIT(1), UNIT_ORDER(1)
    ADJUST_ATTITUDE target=civ2
    ADJUST_ATTITUDE target=civ1
    >>> Germans discovered: Ceremonial Burial
    SET_RESEARCH tech=Map Making

══════════════════════════════════════════════════════════════════════
  TURN 16 — 3700 B.C. (7ms)
══════════════════════════════════════════════════════════════════════
  [Civ 1] Romans (despotism): 1 cities, 2 units, 21g, 5 techs, researching Code of Laws (15/36)
    Rome: size=2, prod=Archers (28sh), bldgs=Palace
    Units: 2x Warriors
  [Civ 2] Babylonians (despotism): 1 cities, 2 units, 6g, 4 techs, researching Ceremonial Burial (30/33)
    Babylon: size=2, prod=Archers (25sh), bldgs=Palace
    Units: 2x Warriors
  [Civ 3] Germans (despotism): 2 cities, 3 units, 45g, 5 techs, researching Map Making (0/36)
    Berlin: size=2, prod=building:8 (3sh), bldgs=Palace
    Hamburg: size=1, prod=Warriors (9sh)
    Units: 1x Warriors, 1x Settlers, 1x Archers
  [Civ 4] Egyptians (despotism): 1 cities, 1 units, 128g, 6 techs, researching Map Making (9/36)
    Thebes: size=1, prod=Legion (9sh), bldgs=Palace
    Units: 1x Settlers
  [Civ 1] Romans turn: 2 actions — MOVE_UNIT(1), UNIT_ORDER(1)
    >>> Hamburg built Warriors
    CHANGE_PRODUCTION city=4
    >>> Rome built Archers

══════════════════════════════════════════════════════════════════════
  TURN 17 — 3680 B.C. (6ms)
══════════════════════════════════════════════════════════════════════
  [Civ 1] Romans (despotism): 1 cities, 3 units, 23g, 5 techs, researching Code of Laws (18/36)
    Rome: size=2, prod=Archers (1sh), bldgs=Palace
    Units: 2x Warriors, 1x Archers
  [Civ 2] Babylonians (despotism): 1 cities, 2 units, 7g, 4 techs, researching Ceremonial Burial (32/33)
    Babylon: size=2, prod=Archers (28sh), bldgs=Palace
    Units: 2x Warriors
  [Civ 3] Germans (despotism): 2 cities, 4 units, 46g, 5 techs, researching Map Making (4/36)
    Berlin: size=2, prod=building:8 (6sh), bldgs=Palace
    Hamburg: size=1, prod=building:2 (0sh)
    Units: 2x Warriors, 1x Settlers, 1x Archers
  [Civ 4] Egyptians (despotism): 1 cities, 1 units, 130g, 6 techs, researching Map Making (12/36)
    Thebes: size=1, prod=Legion (12sh), bldgs=Palace
    Units: 1x Settlers
  [Civ 1] Romans turn: 3 actions — CHANGE_PRODUCTION(1), MOVE_UNIT(1), UNIT_ORDER(1)
    CHANGE_PRODUCTION city=0
    >>> Babylonians discovered: Ceremonial Burial
    >>> Babylon built Archers
    SET_RESEARCH tech=Code of Laws
    CHANGE_PRODUCTION city=1

══════════════════════════════════════════════════════════════════════
  TURN 18 — 3660 B.C. (5ms)
══════════════════════════════════════════════════════════════════════
  [Civ 1] Romans (despotism): 1 cities, 3 units, 25g, 5 techs, researching Code of Laws (21/36)
    Rome: size=2, prod=building:8 (3sh), bldgs=Palace
    Units: 2x Warriors, 1x Archers
  [Civ 2] Babylonians (despotism): 1 cities, 3 units, 7g, 5 techs, researching Code of Laws (0/36)
    Babylon: size=2, prod=Settlers (0sh), bldgs=Palace
    Units: 2x Warriors, 1x Archers
  [Civ 3] Germans (despotism): 2 cities, 4 units, 47g, 5 techs, researching Map Making (8/36)
    Berlin: size=2, prod=building:8 (9sh), bldgs=Palace
    Hamburg: size=1, prod=building:2 (3sh)
    Units: 2x Warriors, 1x Settlers, 1x Archers
  [Civ 4] Egyptians (despotism): 1 cities, 1 units, 132g, 6 techs, researching Map Making (15/36)
    Thebes: size=1, prod=Legion (15sh), bldgs=Palace
    Units: 1x Settlers
  [Civ 1] Romans turn: 4 actions — MOVE_UNIT(2), UNIT_ORDER(2)

══════════════════════════════════════════════════════════════════════
  TURN 19 — 3640 B.C. (6ms)
══════════════════════════════════════════════════════════════════════
  [Civ 1] Romans (despotism): 1 cities, 3 units, 27g, 6 techs, researching Code of Laws (24/36)
    Rome: size=2, prod=building:8 (6sh), bldgs=Palace
    Units: 2x Warriors, 1x Archers
  [Civ 2] Babylonians (despotism): 1 cities, 3 units, 8g, 5 techs, researching Code of Laws (2/36)
    Babylon: size=2, prod=Settlers (3sh), bldgs=Palace
    Units: 2x Warriors, 1x Archers
  [Civ 3] Germans (despotism): 2 cities, 4 units, 48g, 5 techs, researching Map Making (12/36)
    Berlin: size=2, prod=building:8 (12sh), bldgs=Palace
    Hamburg: size=1, prod=building:2 (6sh)
    Units: 2x Warriors, 1x Settlers, 1x Archers
  [Civ 4] Egyptians (despotism): 1 cities, 1 units, 134g, 7 techs, researching Map Making (18/33)
    Thebes: size=1, prod=Legion (18sh), bldgs=Palace
    Units: 1x Settlers
  [Civ 1] Romans turn: 3 actions — MOVE_UNIT(2), UNIT_ORDER(1)

══════════════════════════════════════════════════════════════════════
  TURN 20 — 3620 B.C. (6ms)
══════════════════════════════════════════════════════════════════════
  [Civ 1] Romans (despotism): 1 cities, 3 units, 29g, 6 techs, researching Code of Laws (27/36)
    Rome: size=2, prod=building:8 (9sh), bldgs=Palace
    Units: 2x Warriors, 1x Archers
  [Civ 2] Babylonians (despotism): 1 cities, 3 units, 9g, 5 techs, researching Code of Laws (4/36)
    Babylon: size=2, prod=Settlers (6sh), bldgs=Palace
    Units: 2x Warriors, 1x Archers
  [Civ 3] Germans (despotism): 2 cities, 4 units, 49g, 5 techs, researching Map Making (16/36)
    Berlin: size=2, prod=building:8 (15sh), bldgs=Palace
    Hamburg: size=1, prod=building:2 (9sh)
    Units: 2x Warriors, 1x Settlers, 1x Archers
  [Civ 4] Egyptians (despotism): 1 cities, 1 units, 136g, 7 techs, researching Map Making (21/33)
    Thebes: size=1, prod=Legion (21sh), bldgs=Palace
    Units: 1x Settlers
  [Civ 1] Romans turn: 4 actions — MOVE_UNIT(2), UNIT_ORDER(2)
    >>> Thebes grew to size 2

══════════════════════════════════════════════════════════════════════
  TURN 21 — 3600 B.C. (9ms)
══════════════════════════════════════════════════════════════════════
  [Civ 1] Romans (despotism): 1 cities, 3 units, 31g, 6 techs, researching Code of Laws (30/36)
    Rome: size=2, prod=building:8 (12sh), bldgs=Palace
    Units: 2x Warriors, 1x Archers
  [Civ 2] Babylonians (despotism): 1 cities, 3 units, 10g, 5 techs, researching Code of Laws (6/36)
    Babylon: size=2, prod=Settlers (9sh), bldgs=Palace
    Units: 2x Warriors, 1x Archers
  [Civ 3] Germans (despotism): 2 cities, 4 units, 50g, 5 techs, researching Map Making (20/36)
    Berlin: size=2, prod=building:8 (18sh), bldgs=Palace
    Hamburg: size=1, prod=building:2 (12sh)
    Units: 2x Warriors, 1x Settlers, 1x Archers
  [Civ 4] Egyptians (despotism): 1 cities, 1 units, 138g, 7 techs, researching Map Making (25/33)
    Thebes: size=2, prod=Legion (24sh), bldgs=Palace
    Units: 1x Settlers
  [Civ 1] Romans turn: 3 actions — MOVE_UNIT(2), UNIT_ORDER(1)

══════════════════════════════════════════════════════════════════════
  TURN 22 — 3580 B.C. (6ms)
══════════════════════════════════════════════════════════════════════
  [Civ 1] Romans (despotism): 1 cities, 3 units, 33g, 6 techs, researching Code of Laws (33/36)
    Rome: size=2, prod=building:8 (15sh), bldgs=Palace
    Units: 2x Warriors, 1x Archers
  [Civ 2] Babylonians (despotism): 1 cities, 3 units, 11g, 5 techs, researching Code of Laws (8/36)
    Babylon: size=2, prod=Settlers (12sh), bldgs=Palace
    Units: 2x Warriors, 1x Archers
  [Civ 3] Germans (despotism): 2 cities, 4 units, 51g, 5 techs, researching Map Making (24/36)
    Berlin: size=2, prod=building:8 (21sh), bldgs=Palace
    Hamburg: size=1, prod=building:2 (15sh)
    Units: 2x Warriors, 1x Settlers, 1x Archers
  [Civ 4] Egyptians (despotism): 1 cities, 1 units, 140g, 7 techs, researching Map Making (29/33)
    Thebes: size=2, prod=Legion (29sh), bldgs=Palace
    Units: 1x Settlers
  [Civ 1] Romans turn: 4 actions — MOVE_UNIT(2), UNIT_ORDER(2)
    ADJUST_ATTITUDE target=civ1
    ADJUST_ATTITUDE target=civ1
    ADJUST_ATTITUDE target=civ1
    ADJUST_ATTITUDE target=civ1
    >>> Egyptians discovered: Map Making
    SET_RESEARCH tech=Horseback Riding
    >>> Romans discovered: Code of Laws

══════════════════════════════════════════════════════════════════════
  TURN 23 — 3560 B.C. (6ms)
══════════════════════════════════════════════════════════════════════
  [Civ 1] Romans (despotism): 1 cities, 3 units, 33g, 7 techs, researching none (0/33)
    Rome: size=2, prod=building:8 (18sh), bldgs=Palace
    Units: 2x Warriors, 1x Archers
  [Civ 2] Babylonians (despotism): 1 cities, 3 units, 12g, 5 techs, researching Code of Laws (10/36)
    Babylon: size=2, prod=Settlers (15sh), bldgs=Palace
    Units: 2x Warriors, 1x Archers
  [Civ 3] Germans (despotism): 2 cities, 4 units, 52g, 5 techs, researching Map Making (28/36)
    Berlin: size=2, prod=building:8 (24sh), bldgs=Palace
    Hamburg: size=1, prod=building:2 (18sh)
    Units: 2x Warriors, 1x Settlers, 1x Archers
  [Civ 4] Egyptians (despotism): 1 cities, 1 units, 140g, 8 techs, researching Horseback Riding (0/28)
    Thebes: size=2, prod=Legion (34sh), bldgs=Palace
    Units: 1x Settlers
  [Civ 1] Romans turn: 5 actions — SET_RESEARCH(1), MOVE_UNIT(2), UNIT_ORDER(2)
    SET_RESEARCH tech=Mathematics

══════════════════════════════════════════════════════════════════════
  TURN 24 — 3540 B.C. (5ms)
══════════════════════════════════════════════════════════════════════
  [Civ 1] Romans (despotism): 1 cities, 3 units, 35g, 7 techs, researching Mathematics (3/33)
    Rome: size=2, prod=building:8 (21sh), bldgs=Palace
    Units: 2x Warriors, 1x Archers
  [Civ 2] Babylonians (despotism): 1 cities, 3 units, 13g, 5 techs, researching Code of Laws (12/36)
    Babylon: size=2, prod=Settlers (18sh), bldgs=Palace
    Units: 2x Warriors, 1x Archers
  [Civ 3] Germans (despotism): 2 cities, 4 units, 53g, 6 techs, researching Map Making (32/36)
    Berlin: size=2, prod=building:8 (27sh), bldgs=Palace
    Hamburg: size=1, prod=building:2 (21sh)
    Units: 2x Warriors, 1x Settlers, 1x Archers
  [Civ 4] Egyptians (despotism): 1 cities, 1 units, 142g, 8 techs, researching Horseback Riding (4/28)
    Thebes: size=2, prod=Legion (39sh), bldgs=Palace
    Units: 1x Settlers
  [Civ 1] Romans turn: 4 actions — MOVE_UNIT(2), UNIT_ORDER(2)
    ADJUST_ATTITUDE target=civ1
    ADJUST_ATTITUDE target=civ1
    ADJUST_ATTITUDE target=civ1
    >>> Germans discovered: Map Making
    SET_RESEARCH tech=Currency
    >>> Thebes built Legion
    CHANGE_PRODUCTION city=3
    >>> Rome grew to size 3

══════════════════════════════════════════════════════════════════════
  TURN 25 — 3520 B.C. (7ms)
══════════════════════════════════════════════════════════════════════
  [Civ 1] Romans (despotism): 1 cities, 3 units, 37g, 7 techs, researching Mathematics (7/33)
    Rome: size=3, prod=building:8 (24sh), bldgs=Palace
    Units: 2x Warriors, 1x Archers
  [Civ 2] Babylonians (despotism): 1 cities, 3 units, 14g, 6 techs, researching Code of Laws (14/36)
    Babylon: size=2, prod=Settlers (21sh), bldgs=Palace
    Units: 2x Warriors, 1x Archers
  [Civ 3] Germans (despotism): 2 cities, 4 units, 53g, 7 techs, researching Currency (0/33)
    Berlin: size=2, prod=building:8 (30sh), bldgs=Palace
    Hamburg: size=1, prod=building:2 (24sh)
    Units: 2x Warriors, 1x Settlers, 1x Archers
  [Civ 4] Egyptians (despotism): 1 cities, 2 units, 144g, 8 techs, researching Horseback Riding (8/28)
    Thebes: size=2, prod=Warriors (2sh), bldgs=Palace
    Units: 1x Settlers, 1x Legion
  [Civ 1] Romans turn: 4 actions — MOVE_UNIT(2), UNIT_ORDER(2)
    >>> Babylon grew to size 3
    >>> Berlin grew to size 3

══════════════════════════════════════════════════════════════════════
  TURN 26 — 3500 B.C. (6ms)
══════════════════════════════════════════════════════════════════════
  [Civ 1] Romans (despotism): 1 cities, 3 units, 39g, 7 techs, researching Mathematics (11/33)
    Rome: size=3, prod=building:8 (28sh), bldgs=Palace
    Units: 2x Warriors, 1x Archers
  [Civ 2] Babylonians (despotism): 1 cities, 3 units, 15g, 6 techs, researching Code of Laws (17/36)
    Babylon: size=3, prod=Settlers (24sh), bldgs=Palace
    Units: 2x Warriors, 1x Archers
  [Civ 3] Germans (despotism): 2 cities, 4 units, 93g, 7 techs, researching Currency (4/33)
    Berlin: size=3, prod=building:8 (33sh), bldgs=Palace
    Hamburg: size=1, prod=building:2 (27sh)
    Units: 2x Warriors, 1x Settlers, 1x Archers
  [Civ 4] Egyptians (despotism): 1 cities, 2 units, 146g, 8 techs, researching Horseback Riding (12/28)
    Thebes: size=2, prod=Warriors (7sh), bldgs=Palace
    Units: 1x Settlers, 1x Legion
  [Civ 1] Romans turn: 4 actions — MOVE_UNIT(2), UNIT_ORDER(2)
    ADJUST_ATTITUDE target=civ1
    ADJUST_ATTITUDE target=civ1
    ADJUST_ATTITUDE target=civ1
    ADJUST_ATTITUDE target=civ1
    END_TURN REJECTED: 1 units still need orders
      #26 Settlers(Settle) @(7,29) mv=3 ord=none hp=full
    >>> Thebes built Warriors
    CHANGE_PRODUCTION city=3

══════════════════════════════════════════════════════════════════════
  TURN 27 — 3480 B.C. (6ms)
══════════════════════════════════════════════════════════════════════
  [Civ 1] Romans (despotism): 1 cities, 3 units, 41g, 7 techs, researching Mathematics (15/33)
    Rome: size=3, prod=building:8 (32sh), bldgs=Palace
    Units: 2x Warriors, 1x Archers
  [Civ 2] Babylonians (despotism): 1 cities, 4 units, 16g, 6 techs, researching Code of Laws (20/36)
    Babylon: size=3, prod=Settlers (28sh), bldgs=Palace
    Units: 2x Warriors, 1x Archers, 1x Settlers
  [Civ 3] Germans (despotism): 2 cities, 4 units, 94g, 7 techs, researching Currency (8/33)
    Berlin: size=3, prod=building:8 (37sh), bldgs=Palace
    Hamburg: size=1, prod=building:2 (30sh)
    Units: 2x Warriors, 1x Settlers, 1x Archers
  [Civ 4] Egyptians (despotism): 1 cities, 3 units, 148g, 8 techs, researching Horseback Riding (16/28)
    Thebes: size=2, prod=Archers (1sh), bldgs=Palace
    Units: 1x Settlers, 1x Legion, 1x Warriors
  [Civ 1] Romans turn: 4 actions — MOVE_UNIT(2), UNIT_ORDER(2)
    CHANGE_PRODUCTION city=1
    BUILD_CITY unit=26 name="Sumer"
    1 actions REJECTED (of 7)

══════════════════════════════════════════════════════════════════════
  TURN 28 — 3460 B.C. (7ms)
══════════════════════════════════════════════════════════════════════
  [Civ 1] Romans (despotism): 1 cities, 3 units, 43g, 7 techs, researching Mathematics (19/33)
    Rome: size=3, prod=building:8 (36sh), bldgs=Palace
    Units: 2x Warriors, 1x Archers
  [Civ 2] Babylonians (despotism): 2 cities, 3 units, 17g, 7 techs, researching Code of Laws (23/33)
    Babylon: size=3, prod=building:8 (0sh), bldgs=Palace
    Sumer: size=1, prod=Warriors (0sh)
    Units: 2x Warriors, 1x Archers
  [Civ 3] Germans (despotism): 2 cities, 3 units, 95g, 7 techs, researching Currency (12/33)
    Berlin: size=3, prod=building:8 (41sh), bldgs=Palace
    Hamburg: size=1, prod=building:2 (33sh)
    Units: 1x Settlers, 1x Archers, 1x Warriors
  [Civ 4] Egyptians (despotism): 1 cities, 3 units, 150g, 8 techs, researching Horseback Riding (20/28)
    Thebes: size=2, prod=Archers (6sh), bldgs=Palace
    Units: 1x Settlers, 1x Legion, 1x Warriors
  [Civ 1] Romans turn: 4 actions — MOVE_UNIT(2), UNIT_ORDER(2)
    ADJUST_ATTITUDE target=civ1
    ADJUST_ATTITUDE target=civ1
    ADJUST_ATTITUDE target=civ1
    CHANGE_PRODUCTION city=1

══════════════════════════════════════════════════════════════════════
  TURN 29 — 3440 B.C. (7ms)
══════════════════════════════════════════════════════════════════════
  [Civ 1] Romans (despotism): 1 cities, 3 units, 45g, 8 techs, researching Mathematics (23/28)
    Rome: size=3, prod=building:8 (40sh), bldgs=Palace
    Units: 2x Warriors, 1x Archers
  [Civ 2] Babylonians (despotism): 2 cities, 3 units, 18g, 7 techs, researching Code of Laws (28/33)
    Babylon: size=3, prod=Archers (0sh), bldgs=Palace
    Sumer: size=1, prod=Warriors (2sh)
    Units: 2x Warriors, 1x Archers
  [Civ 3] Germans (despotism): 2 cities, 3 units, 96g, 8 techs, researching Currency (16/28)
    Berlin: size=3, prod=building:8 (45sh), bldgs=Palace
    Hamburg: size=1, prod=building:2 (36sh)
    Units: 1x Settlers, 1x Archers, 1x Warriors
  [Civ 4] Egyptians (despotism): 1 cities, 3 units, 152g, 8 techs, researching Horseback Riding (24/28)
    Thebes: size=2, prod=Archers (11sh), bldgs=Palace
    Units: 1x Settlers, 1x Legion, 1x Warriors
  [Civ 1] Romans turn: 4 actions — MOVE_UNIT(2), UNIT_ORDER(2)
    END_TURN REJECTED: 1 units still need orders
      #33 Legion(Atk) @(10,4) mv=3 ord=none hp=full
    SET_RESEARCH tech=Mathematics
    CHANGE_PRODUCTION city=1
    END_TURN REJECTED: 1 units still need orders
      #34 Horsemen(Atk) @(5,7) mv=6 ord=none hp=full
    >>> Egyptians discovered: Horseback Riding
    SET_RESEARCH tech=Mysticism

══════════════════════════════════════════════════════════════════════
  TURN 30 — 3420 B.C. (9ms)
══════════════════════════════════════════════════════════════════════
  [Civ 1] Romans (despotism): 1 cities, 4 units, 47g, 8 techs, researching Mathematics (27/28)
    Rome: size=3, prod=building:8 (44sh), bldgs=Palace
    Units: 2x Warriors, 1x Archers, 1x Legion
  [Civ 2] Babylonians (despotism): 2 cities, 4 units, 18g, 8 techs, researching Mathematics (0/28)
    Babylon: size=3, prod=building:8 (0sh), bldgs=Palace
    Sumer: size=1, prod=Warriors (4sh)
    Units: 2x Warriors, 1x Archers, 1x Horsemen
  [Civ 3] Germans (despotism): 2 cities, 3 units, 97g, 8 techs, researching Currency (20/28)
    Berlin: size=3, prod=building:8 (49sh), bldgs=Palace
    Hamburg: size=1, prod=building:2 (39sh)
    Units: 1x Settlers, 1x Archers, 1x Warriors
  [Civ 4] Egyptians (despotism): 1 cities, 3 units, 152g, 9 techs, researching Mysticism (0/32)
    Thebes: size=2, prod=Archers (16sh), bldgs=Palace
    Units: 1x Settlers, 1x Legion, 1x Warriors
  [Civ 1] Romans turn: 6 actions — MOVE_UNIT(3), UNIT_ORDER(3)
    >>> Hamburg built building:2
    CHANGE_PRODUCTION city=4
    >>> Romans discovered: Mathematics

══════════════════════════════════════════════════════════════════════
  TURN 31 — 3400 B.C. (10ms)
══════════════════════════════════════════════════════════════════════
  [Civ 1] Romans (despotism): 1 cities, 4 units, 47g, 9 techs, researching none (0/21)
    Rome: size=3, prod=building:8 (48sh), bldgs=Palace
    Units: 2x Warriors, 1x Archers, 1x Legion
  [Civ 2] Babylonians (despotism): 2 cities, 4 units, 19g, 8 techs, researching Mathematics (5/28)
    Babylon: size=3, prod=building:8 (4sh), bldgs=Palace
    Sumer: size=1, prod=Warriors (6sh)
    Units: 2x Warriors, 1x Archers, 1x Horsemen
  [Civ 3] Germans (despotism): 2 cities, 3 units, 97g, 9 techs, researching Currency (24/21)
    Berlin: size=3, prod=building:8 (53sh), bldgs=Palace
    Hamburg: size=1, prod=Trireme (0sh), bldgs=Barracks
    Units: 1x Settlers, 1x Archers, 1x Warriors
  [Civ 4] Egyptians (despotism): 1 cities, 3 units, 154g, 10 techs, researching Mysticism (4/48)
    Thebes: size=2, prod=Archers (21sh), bldgs=Palace
    Units: 1x Settlers, 1x Legion, 1x Warriors
  [Civ 1] Romans turn: 7 actions — SET_RESEARCH(1), MOVE_UNIT(3), UNIT_ORDER(3)
    SET_RESEARCH tech=Monarchy
    ADJUST_ATTITUDE target=civ1
    ADJUST_ATTITUDE target=civ1
    ADJUST_ATTITUDE target=civ1
    >>> Germans discovered: Currency
    SET_RESEARCH tech=Literacy

══════════════════════════════════════════════════════════════════════
  TURN 32 — 3380 B.C. (8ms)
══════════════════════════════════════════════════════════════════════
  [Civ 1] Romans (despotism): 1 cities, 4 units, 49g, 9 techs, researching Monarchy (4/21)
    Rome: size=3, prod=building:8 (52sh), bldgs=Palace
    Units: 2x Warriors, 1x Archers, 1x Legion
  [Civ 2] Babylonians (despotism): 2 cities, 4 units, 20g, 8 techs, researching Mathematics (10/28)
    Babylon: size=3, prod=building:8 (8sh), bldgs=Palace
    Sumer: size=1, prod=Warriors (8sh)
    Units: 2x Warriors, 1x Archers, 1x Horsemen
  [Civ 3] Germans (despotism): 2 cities, 3 units, 97g, 10 techs, researching Literacy (0/48)
    Berlin: size=3, prod=building:8 (57sh), bldgs=Palace
    Hamburg: size=1, prod=Trireme (3sh), bldgs=Barracks
    Units: 1x Settlers, 1x Archers, 1x Warriors
  [Civ 4] Egyptians (despotism): 1 cities, 3 units, 156g, 10 techs, researching Mysticism (8/48)
    Thebes: size=2, prod=Archers (26sh), bldgs=Palace
    Units: 1x Settlers, 1x Legion, 1x Warriors
  [Civ 1] Romans turn: 9 actions — ADJUST_ATTITUDE(3), MOVE_UNIT(3), UNIT_ORDER(3)
    ADJUST_ATTITUDE target=civ2
    ADJUST_ATTITUDE target=civ3
    ADJUST_ATTITUDE target=civ4
    COMBAT: ? vs ? → capture (atkHp=undefined, defHp=undefined)
    ADJUST_ATTITUDE target=civ1
    ADJUST_ATTITUDE target=civ3
    ADJUST_ATTITUDE target=civ4
    >>> Hamburg grew to size 2
    ADJUST_ATTITUDE target=civ1
    ADJUST_ATTITUDE target=civ2
    ADJUST_ATTITUDE target=civ4
    >>> Thebes built Archers
    ADJUST_ATTITUDE target=civ1
    ADJUST_ATTITUDE target=civ2
    ADJUST_ATTITUDE target=civ3
    CHANGE_PRODUCTION city=3

══════════════════════════════════════════════════════════════════════
  TURN 33 — 3360 B.C. (11ms)
══════════════════════════════════════════════════════════════════════
  [Civ 1] Romans (despotism): 2 cities, 4 units, 55g, 9 techs, researching Monarchy (10/21)
    Rome: size=3, prod=building:8 (56sh), bldgs=Palace
    Sumer: size=1, prod=Warriors (2sh)
    Units: 2x Warriors, 1x Archers, 1x Legion
  [Civ 2] Babylonians (despotism): 1 cities, 4 units, 17g, 8 techs, researching Mathematics (13/28)
    Babylon: size=3, prod=building:8 (12sh), bldgs=Palace
    Units: 2x Warriors, 1x Archers, 1x Horsemen
  [Civ 3] Germans (despotism): 2 cities, 3 units, 97g, 10 techs, researching Literacy (5/48)
    Berlin: size=3, prod=building:8 (61sh), bldgs=Palace
    Hamburg: size=2, prod=Trireme (6sh), bldgs=Barracks
    Units: 1x Settlers, 1x Archers, 1x Warriors
  [Civ 4] Egyptians (despotism): 1 cities, 4 units, 158g, 10 techs, researching Mysticism (12/48)
    Thebes: size=2, prod=Horsemen (0sh), bldgs=Palace
    Units: 1x Settlers, 1x Legion, 1x Warriors, 1x Archers
  [Civ 1] Romans turn: 7 actions — CHANGE_PRODUCTION(1), MOVE_UNIT(2), UNIT_ORDER(4)
    CHANGE_PRODUCTION city=5
    END_TURN REJECTED: 1 units still need orders
      #36 Chariot(Atk) @(4,8) mv=6 ord=none hp=full

══════════════════════════════════════════════════════════════════════
  TURN 34 — 3340 B.C. (10ms)
══════════════════════════════════════════════════════════════════════
  [Civ 1] Romans (despotism): 2 cities, 4 units, 57g, 9 techs, researching Monarchy (16/21)
    Rome: size=3, prod=building:8 (60sh), bldgs=Palace
    Sumer: size=1, prod=Catapult (3sh)
    Units: 2x Warriors, 1x Archers, 1x Legion
  [Civ 2] Babylonians (despotism): 1 cities, 5 units, 18g, 8 techs, researching Mathematics (16/28)
    Babylon: size=3, prod=building:8 (16sh), bldgs=Palace
    Units: 2x Warriors, 1x Archers, 1x Horsemen, 1x Chariot
  [Civ 3] Germans (despotism): 2 cities, 3 units, 97g, 10 techs, researching Literacy (10/48)
    Berlin: size=3, prod=building:8 (65sh), bldgs=Palace
    Hamburg: size=2, prod=Trireme (10sh), bldgs=Barracks
    Units: 1x Settlers, 1x Archers, 1x Warriors
  [Civ 4] Egyptians (despotism): 1 cities, 4 units, 160g, 10 techs, researching Mysticism (16/48)
    Thebes: size=2, prod=Horsemen (4sh), bldgs=Palace
    Units: 1x Settlers, 1x Legion, 1x Warriors, 1x Archers
  [Civ 1] Romans turn: 4 actions — MOVE_UNIT(2), UNIT_ORDER(2)
    ADJUST_ATTITUDE target=civ1
    ADJUST_ATTITUDE target=civ1
    ADJUST_ATTITUDE target=civ1
    ADJUST_ATTITUDE target=civ1
    >>> Romans discovered: Monarchy

══════════════════════════════════════════════════════════════════════
  TURN 35 — 3320 B.C. (10ms)
══════════════════════════════════════════════════════════════════════
  [Civ 1] Romans (despotism): 2 cities, 4 units, 57g, 10 techs, researching none (0/48)
    Rome: size=3, prod=building:8 (64sh), bldgs=Palace
    Sumer: size=1, prod=Catapult (5sh)
    Units: 2x Warriors, 1x Archers, 1x Legion
  [Civ 2] Babylonians (despotism): 1 cities, 5 units, 19g, 8 techs, researching Mathematics (19/28)
    Babylon: size=3, prod=building:8 (20sh), bldgs=Palace
    Units: 2x Warriors, 1x Archers, 1x Horsemen, 1x Chariot
  [Civ 3] Germans (despotism): 2 cities, 3 units, 97g, 10 techs, researching Literacy (15/48)
    Berlin: size=3, prod=building:8 (69sh), bldgs=Palace
    Hamburg: size=2, prod=Trireme (14sh), bldgs=Barracks
    Units: 1x Settlers, 1x Archers, 1x Warriors
  [Civ 4] Egyptians (despotism): 1 cities, 4 units, 162g, 10 techs, researching Mysticism (20/48)
    Thebes: size=2, prod=Horsemen (8sh), bldgs=Palace
    Units: 1x Settlers, 1x Legion, 1x Warriors, 1x Archers
  [Civ 1] Romans turn: 6 actions — SET_RESEARCH(1), REVOLUTION(1), MOVE_UNIT(2), UNIT_ORDER(2)
    SET_RESEARCH tech=Iron Working
    REVOLUTION

══════════════════════════════════════════════════════════════════════
  TURN 36 — 3300 B.C. (9ms)
══════════════════════════════════════════════════════════════════════
  [Civ 1] Romans (anarchy): 2 cities, 4 units, 59g, 10 techs, researching Iron Working (6/48)
    Rome: size=3, prod=building:8 (68sh), bldgs=Palace
    Sumer: size=1, prod=Catapult (7sh)
    Units: 2x Warriors, 1x Archers, 1x Legion
  [Civ 2] Babylonians (despotism): 1 cities, 5 units, 20g, 9 techs, researching Mathematics (22/21)
    Babylon: size=3, prod=building:8 (24sh), bldgs=Palace
    Units: 2x Warriors, 1x Archers, 1x Horsemen, 1x Chariot
  [Civ 3] Germans (despotism): 2 cities, 3 units, 97g, 10 techs, researching Literacy (20/48)
    Berlin: size=3, prod=building:8 (73sh), bldgs=Palace
    Hamburg: size=2, prod=Trireme (18sh), bldgs=Barracks
    Units: 1x Settlers, 1x Archers, 1x Warriors
  [Civ 4] Egyptians (despotism): 1 cities, 4 units, 164g, 10 techs, researching Mysticism (24/48)
    Thebes: size=2, prod=Horsemen (12sh), bldgs=Palace
    Units: 1x Settlers, 1x Legion, 1x Warriors, 1x Archers
  [Civ 1] Romans turn: 4 actions — MOVE_UNIT(2), UNIT_ORDER(2)
    >>> Babylonians discovered: Mathematics
    SET_RESEARCH tech=Seafaring
    ADJUST_ATTITUDE target=civ1
    ADJUST_ATTITUDE target=civ1
    ADJUST_ATTITUDE target=civ1
    >>> Egyptians discovered: Mysticism
    SET_RESEARCH tech=Astronomy

══════════════════════════════════════════════════════════════════════
  TURN 37 — 3280 B.C. (8ms)
══════════════════════════════════════════════════════════════════════
  [Civ 1] Romans (anarchy): 2 cities, 4 units, 61g, 10 techs, researching Iron Working (12/24)
    Rome: size=3, prod=building:8 (72sh), bldgs=Palace
    Sumer: size=1, prod=Catapult (9sh)
    Units: 2x Warriors, 1x Archers, 1x Legion
  [Civ 2] Babylonians (despotism): 1 cities, 5 units, 20g, 9 techs, researching Seafaring (0/21)
    Babylon: size=3, prod=building:8 (28sh), bldgs=Palace
    Units: 2x Warriors, 1x Archers, 1x Horsemen, 1x Chariot
  [Civ 3] Germans (despotism): 2 cities, 3 units, 97g, 11 techs, researching Literacy (25/26)
    Berlin: size=3, prod=building:8 (77sh), bldgs=Palace
    Hamburg: size=2, prod=Trireme (22sh), bldgs=Barracks
    Units: 1x Settlers, 1x Archers, 1x Warriors
  [Civ 4] Egyptians (despotism): 1 cities, 4 units, 164g, 12 techs, researching Astronomy (0/57)
    Thebes: size=2, prod=Horsemen (16sh), bldgs=Palace
    Units: 1x Settlers, 1x Legion, 1x Warriors, 1x Archers
  [Civ 1] Romans turn: 4 actions — MOVE_UNIT(2), UNIT_ORDER(2)
    >>> Germans discovered: Literacy
    >>> Berlin built building:8
    SET_RESEARCH tech=Construction
    CHANGE_PRODUCTION city=2
    >>> Thebes built Horsemen
    CHANGE_PRODUCTION city=3
    END_TURN REJECTED: 1 units still need orders
      #38 Legion(Atk) @(29,15) mv=3 ord=none hp=full

══════════════════════════════════════════════════════════════════════
  TURN 38 — 3260 B.C. (8ms)
══════════════════════════════════════════════════════════════════════
  [Civ 1] Romans (anarchy): 2 cities, 4 units, 63g, 10 techs, researching Iron Working (18/24)
    Rome: size=3, prod=building:8 (76sh), bldgs=Palace
    Sumer: size=1, prod=Catapult (11sh)
    Units: 2x Warriors, 1x Archers, 1x Legion
  [Civ 2] Babylonians (despotism): 1 cities, 5 units, 21g, 9 techs, researching Seafaring (3/21)
    Babylon: size=3, prod=building:8 (32sh), bldgs=Palace
    Units: 2x Warriors, 1x Archers, 1x Horsemen, 1x Chariot
  [Civ 3] Germans (despotism): 2 cities, 3 units, 97g, 12 techs, researching Construction (0/57)
    Berlin: size=3, prod=Catapult (0sh), bldgs=Palace, City Walls
    Hamburg: size=2, prod=Trireme (26sh), bldgs=Barracks
    Units: 1x Settlers, 1x Archers, 1x Warriors
  [Civ 4] Egyptians (despotism): 1 cities, 6 units, 166g, 12 techs, researching Astronomy (3/57)
    Thebes: size=2, prod=Catapult (0sh), bldgs=Palace
    Units: 1x Settlers, 2x Legion, 1x Warriors, 1x Archers, 1x Horsemen
  [Civ 1] Romans turn: 4 actions — MOVE_UNIT(2), UNIT_ORDER(2)
    ADJUST_ATTITUDE target=civ1
    ADJUST_ATTITUDE target=civ1
    ADJUST_ATTITUDE target=civ1
    ADJUST_ATTITUDE target=civ1
    >>> Romans discovered: Iron Working
    >>> Rome built building:8

══════════════════════════════════════════════════════════════════════
  TURN 39 — 3240 B.C. (8ms)
══════════════════════════════════════════════════════════════════════
  [Civ 1] Romans (anarchy): 2 cities, 4 units, 63g, 11 techs, researching none (0/26)
    Rome: size=3, prod=building:8 (0sh), bldgs=Palace, City Walls
    Sumer: size=1, prod=Catapult (13sh)
    Units: 2x Warriors, 1x Archers, 1x Legion
  [Civ 2] Babylonians (despotism): 1 cities, 5 units, 22g, 9 techs, researching Seafaring (6/21)
    Babylon: size=3, prod=building:8 (36sh), bldgs=Palace
    Units: 2x Warriors, 1x Archers, 1x Horsemen, 1x Chariot
  [Civ 3] Germans (despotism): 2 cities, 3 units, 97g, 12 techs, researching Construction (5/57)
    Berlin: size=3, prod=Catapult (4sh), bldgs=Palace, City Walls
    Hamburg: size=2, prod=Trireme (30sh), bldgs=Barracks
    Units: 1x Settlers, 1x Archers, 1x Warriors
  [Civ 4] Egyptians (despotism): 1 cities, 6 units, 168g, 12 techs, researching Astronomy (6/57)
    Thebes: size=2, prod=Catapult (3sh), bldgs=Palace
    Units: 1x Settlers, 2x Legion, 1x Warriors, 1x Archers, 1x Horsemen
  [Civ 1] Romans turn: 6 actions — SET_RESEARCH(1), CHANGE_PRODUCTION(1), MOVE_UNIT(2), UNIT_ORDER(2)
    SET_RESEARCH tech=Seafaring
    CHANGE_PRODUCTION city=0

══════════════════════════════════════════════════════════════════════
  TURN 40 — 3220 B.C. (10ms)
══════════════════════════════════════════════════════════════════════
  [Civ 1] Romans (anarchy): 2 cities, 4 units, 65g, 11 techs, researching Seafaring (6/26)
    Rome: size=3, prod=Catapult (4sh), bldgs=Palace, City Walls
    Sumer: size=1, prod=Catapult (15sh)
    Units: 2x Warriors, 1x Archers, 1x Legion
  [Civ 2] Babylonians (despotism): 1 cities, 5 units, 23g, 9 techs, researching Seafaring (9/21)
    Babylon: size=3, prod=building:8 (40sh), bldgs=Palace
    Units: 2x Warriors, 1x Archers, 1x Horsemen, 1x Chariot
  [Civ 3] Germans (despotism): 2 cities, 3 units, 97g, 12 techs, researching Construction (10/57)
    Berlin: size=3, prod=Catapult (8sh), bldgs=Palace, City Walls
    Hamburg: size=2, prod=Trireme (34sh), bldgs=Barracks
    Units: 1x Settlers, 1x Archers, 1x Warriors
  [Civ 4] Egyptians (despotism): 1 cities, 6 units, 170g, 12 techs, researching Astronomy (9/57)
    Thebes: size=2, prod=Catapult (6sh), bldgs=Palace
    Units: 1x Settlers, 2x Legion, 1x Warriors, 1x Archers, 1x Horsemen
  [Civ 1] Romans turn: 4 actions — MOVE_UNIT(2), UNIT_ORDER(2)

══════════════════════════════════════════════════════════════════════
  TURN 41 — 3200 B.C. (10ms)
══════════════════════════════════════════════════════════════════════
  [Civ 1] Romans (anarchy): 2 cities, 4 units, 67g, 11 techs, researching Seafaring (12/26)
    Rome: size=3, prod=Catapult (8sh), bldgs=Palace, City Walls
    Sumer: size=1, prod=Catapult (17sh)
    Units: 2x Warriors, 1x Archers, 1x Legion
  [Civ 2] Babylonians (despotism): 1 cities, 5 units, 24g, 10 techs, researching Seafaring (12/24)
    Babylon: size=3, prod=building:8 (44sh), bldgs=Palace
    Units: 2x Warriors, 1x Archers, 1x Horsemen, 1x Chariot
  [Civ 3] Germans (despotism): 2 cities, 3 units, 97g, 13 techs, researching Construction (15/62)
    Berlin: size=3, prod=Catapult (12sh), bldgs=Palace, City Walls
    Hamburg: size=2, prod=Trireme (38sh), bldgs=Barracks
    Units: 1x Settlers, 1x Archers, 1x Warriors
  [Civ 4] Egyptians (despotism): 1 cities, 6 units, 172g, 12 techs, researching Astronomy (12/28)
    Thebes: size=2, prod=Catapult (9sh), bldgs=Palace
    Units: 1x Settlers, 2x Legion, 1x Warriors, 1x Archers, 1x Horsemen
  [Civ 1] Romans turn: 4 actions — MOVE_UNIT(2), UNIT_ORDER(2)
    >>> Hamburg built Trireme
    CHANGE_PRODUCTION city=4
    >>> Rome grew to size 4

══════════════════════════════════════════════════════════════════════
  TURN 42 — 3180 B.C. (7ms)
══════════════════════════════════════════════════════════════════════
  [Civ 1] Romans (anarchy): 2 cities, 4 units, 70g, 11 techs, researching Seafaring (21/26)
    Rome: size=4, prod=Catapult (12sh), bldgs=Palace, City Walls
    Sumer: size=1, prod=Catapult (19sh)
    Units: 2x Warriors, 1x Archers, 1x Legion
  [Civ 2] Babylonians (despotism): 1 cities, 5 units, 25g, 10 techs, researching Seafaring (15/24)
    Babylon: size=3, prod=building:8 (48sh), bldgs=Palace
    Units: 2x Warriors, 1x Archers, 1x Horsemen, 1x Chariot
  [Civ 3] Germans (despotism): 2 cities, 4 units, 97g, 13 techs, researching Construction (20/62)
    Berlin: size=3, prod=Catapult (16sh), bldgs=Palace, City Walls
    Hamburg: size=2, prod=Legion (1sh), bldgs=Barracks
    Units: 1x Settlers, 1x Archers, 1x Warriors, 1x Trireme
  [Civ 4] Egyptians (despotism): 1 cities, 6 units, 174g, 12 techs, researching Astronomy (15/28)
    Thebes: size=2, prod=Catapult (12sh), bldgs=Palace
    Units: 1x Settlers, 2x Legion, 1x Warriors, 1x Archers, 1x Horsemen
  [Civ 1] Romans turn: 4 actions — MOVE_UNIT(2), UNIT_ORDER(2)
    ADJUST_ATTITUDE target=civ1
    ADJUST_ATTITUDE target=civ1
    ADJUST_ATTITUDE target=civ1
    ADJUST_ATTITUDE target=civ1
    DECLARE_WAR target=civ1
    ADJUST_ATTITUDE target=civ1
    END_TURN REJECTED: 1 units still need orders
      #11 Warriors(Atk) @(10,8) mv=3 ord=none hp=full
    >>> Romans discovered: Seafaring

══════════════════════════════════════════════════════════════════════
  TURN 43 — 3160 B.C. (9ms)
══════════════════════════════════════════════════════════════════════
  [Civ 1] Romans (anarchy): 2 cities, 4 units, 70g, 12 techs, researching none (0/28)
    Rome: size=4, prod=Catapult (18sh), bldgs=Palace, City Walls
    Sumer: size=1, prod=Catapult (21sh)
    Units: 2x Warriors, 1x Archers, 1x Legion
  [Civ 2] Babylonians (despotism): 1 cities, 5 units, 26g, 10 techs, researching Seafaring (18/24)
    Babylon: size=3, prod=building:8 (52sh), bldgs=Palace
    Units: 2x Warriors, 1x Archers, 1x Horsemen, 1x Chariot
  [Civ 3] Germans (despotism): 2 cities, 4 units, 97g, 13 techs, researching Construction (25/62)
    Berlin: size=3, prod=Catapult (20sh), bldgs=Palace, City Walls
    Hamburg: size=2, prod=Legion (5sh), bldgs=Barracks
    Units: 1x Settlers, 1x Archers, 1x Warriors, 1x Trireme
  [Civ 4] Egyptians (despotism): 1 cities, 6 units, 176g, 12 techs, researching Astronomy (18/28)
    Thebes: size=2, prod=Catapult (15sh), bldgs=Palace
    Units: 1x Settlers, 2x Legion, 1x Warriors, 1x Archers, 1x Horsemen
  [Civ 1] Romans turn: 8 actions — SET_RESEARCH(1), ADJUST_ATTITUDE(1), MOVE_UNIT(2), UNIT_ORDER(4)
    SET_RESEARCH tech=Feudalism
    ADJUST_ATTITUDE target=civ2

══════════════════════════════════════════════════════════════════════
  TURN 44 — 3140 B.C. (11ms)
══════════════════════════════════════════════════════════════════════
  [Civ 1] Romans (anarchy): 2 cities, 4 units, 73g, 12 techs, researching Feudalism (9/28)
    Rome: size=4, prod=Catapult (24sh), bldgs=Palace, City Walls
    Sumer: size=1, prod=Catapult (23sh)
    Units: 2x Warriors, 1x Archers, 1x Legion
  [Civ 2] Babylonians (despotism): 1 cities, 5 units, 27g, 10 techs, researching Seafaring (21/24)
    Babylon: size=3, prod=building:8 (56sh), bldgs=Palace
    Units: 2x Warriors, 1x Archers, 1x Horsemen, 1x Chariot
  [Civ 3] Germans (despotism): 2 cities, 4 units, 97g, 13 techs, researching Construction (30/62)
    Berlin: size=3, prod=Catapult (24sh), bldgs=Palace, City Walls
    Hamburg: size=2, prod=Legion (9sh), bldgs=Barracks
    Units: 1x Settlers, 1x Archers, 1x Warriors, 1x Trireme
  [Civ 4] Egyptians (despotism): 1 cities, 6 units, 178g, 12 techs, researching Astronomy (21/28)
    Thebes: size=2, prod=Catapult (18sh), bldgs=Palace
    Units: 1x Settlers, 2x Legion, 1x Warriors, 1x Archers, 1x Horsemen
  [Civ 1] Romans turn: 5 actions — ADJUST_ATTITUDE(1), MOVE_UNIT(2), UNIT_ORDER(2)
    ADJUST_ATTITUDE target=civ2
    COMBAT: Legion vs Warriors → defWin (atkHp=undefined, defHp=undefined)
    1 actions REJECTED (of 5)
    >>> Babylonians discovered: Seafaring
    SET_RESEARCH tech=Horseback Riding
    ADJUST_ATTITUDE target=civ1

══════════════════════════════════════════════════════════════════════
  TURN 45 — 3120 B.C. (7ms)
══════════════════════════════════════════════════════════════════════
  [Civ 1] Romans (anarchy): 2 cities, 3 units, 76g, 12 techs, researching Feudalism (18/28)
    Rome: size=4, prod=Catapult (30sh), bldgs=Palace, City Walls
    Sumer: size=1, prod=Catapult (25sh)
    Units: 2x Warriors, 1x Archers
  [Civ 2] Babylonians (despotism): 1 cities, 5 units, 27g, 11 techs, researching Horseback Riding (0/26)
    Babylon: size=3, prod=building:8 (60sh), bldgs=Palace
    Units: 2x Warriors, 1x Archers, 1x Horsemen, 1x Chariot
  [Civ 3] Germans (despotism): 2 cities, 4 units, 97g, 13 techs, researching Construction (35/62)
    Berlin: size=3, prod=Catapult (28sh), bldgs=Palace, City Walls
    Hamburg: size=2, prod=Legion (13sh), bldgs=Barracks
    Units: 1x Settlers, 1x Archers, 1x Warriors, 1x Trireme
  [Civ 4] Egyptians (despotism): 1 cities, 6 units, 180g, 12 techs, researching Astronomy (24/28)
    Thebes: size=2, prod=Catapult (21sh), bldgs=Palace
    Units: 1x Settlers, 2x Legion, 1x Warriors, 1x Archers, 1x Horsemen
  [Civ 1] Romans turn: 6 actions — ADJUST_ATTITUDE(3), PROPOSE_TREATY(1), MOVE_UNIT(1), UNIT_ORDER(1)
    ADJUST_ATTITUDE target=civ2
    ADJUST_ATTITUDE target=civ2
    PROPOSE_TREATY treaty=peace target=civ2
    ADJUST_ATTITUDE target=civ2
    >>> Babylon grew to size 4
    ADJUST_ATTITUDE target=civ1
    ADJUST_ATTITUDE target=civ1
    PROPOSE_TREATY treaty=peace target=civ1
    ADJUST_ATTITUDE target=civ1
    >>> Berlin grew to size 4

══════════════════════════════════════════════════════════════════════
  TURN 46 — 3100 B.C. (9ms)
══════════════════════════════════════════════════════════════════════
  [Civ 1] Romans (anarchy): 2 cities, 3 units, 79g, 12 techs, researching Feudalism (27/28)
    Rome: size=4, prod=Catapult (36sh), bldgs=Palace, City Walls
    Sumer: size=1, prod=Catapult (27sh)
    Units: 2x Warriors, 1x Archers
  [Civ 2] Babylonians (despotism): 1 cities, 5 units, 29g, 11 techs, researching Horseback Riding (3/26)
    Babylon: size=4, prod=building:8 (64sh), bldgs=Palace
    Units: 2x Warriors, 1x Archers, 1x Horsemen, 1x Chariot
  [Civ 3] Germans (despotism): 2 cities, 4 units, 99g, 14 techs, researching Construction (43/67)
    Berlin: size=4, prod=Catapult (32sh), bldgs=Palace, City Walls
    Hamburg: size=2, prod=Legion (17sh), bldgs=Barracks
    Units: 1x Settlers, 1x Archers, 1x Warriors, 1x Trireme
  [Civ 4] Egyptians (despotism): 1 cities, 6 units, 182g, 13 techs, researching Astronomy (27/31)
    Thebes: size=2, prod=Catapult (24sh), bldgs=Palace
    Units: 1x Settlers, 2x Legion, 1x Warriors, 1x Archers, 1x Horsemen
  [Civ 1] Romans turn: 5 actions — ADJUST_ATTITUDE(2), RESPOND_TREATY(1), MOVE_UNIT(1), UNIT_ORDER(1)
    ADJUST_ATTITUDE target=civ2
    ADJUST_ATTITUDE target=civ2
    ADJUST_ATTITUDE target=civ1
    >>> Romans discovered: Feudalism
    >>> Rome built Catapult

══════════════════════════════════════════════════════════════════════
  TURN 47 — 3080 B.C. (8ms)
══════════════════════════════════════════════════════════════════════
  [Civ 1] Romans (anarchy): 2 cities, 4 units, 79g, 13 techs, researching none (0/31)
    Rome: size=4, prod=Catapult (2sh), bldgs=Palace, City Walls
    Sumer: size=1, prod=Catapult (29sh)
    Units: 2x Warriors, 1x Archers, 1x Catapult
  [Civ 2] Babylonians (despotism): 1 cities, 5 units, 31g, 11 techs, researching Horseback Riding (6/26)
    Babylon: size=4, prod=building:8 (69sh), bldgs=Palace
    Units: 2x Warriors, 1x Archers, 1x Horsemen, 1x Chariot
  [Civ 3] Germans (despotism): 2 cities, 4 units, 101g, 14 techs, researching Construction (51/67)
    Berlin: size=4, prod=Catapult (37sh), bldgs=Palace, City Walls
    Hamburg: size=2, prod=Legion (21sh), bldgs=Barracks
    Units: 1x Settlers, 1x Archers, 1x Warriors, 1x Trireme
  [Civ 4] Egyptians (despotism): 1 cities, 6 units, 184g, 13 techs, researching Astronomy (30/31)
    Thebes: size=2, prod=Catapult (27sh), bldgs=Palace
    Units: 1x Settlers, 2x Legion, 1x Warriors, 1x Archers, 1x Horsemen
  [Civ 1] Romans turn: 6 actions — SET_RESEARCH(1), ADJUST_ATTITUDE(1), CHANGE_PRODUCTION(2), MOVE_UNIT(1), UNIT_ORDER(1)
    SET_RESEARCH tech=Writing
    ADJUST_ATTITUDE target=civ2
    CHANGE_PRODUCTION city=0
    CHANGE_PRODUCTION city=5
    ADJUST_ATTITUDE target=civ1
    >>> Berlin built Catapult
    CHANGE_PRODUCTION city=2
    END_TURN REJECTED: 1 units still need orders
      #42 Legion(Atk) @(3,55) mv=3 ord=none hp=full
    SET_RESEARCH tech=Currency

══════════════════════════════════════════════════════════════════════
  TURN 48 — 3060 B.C. (9ms)
══════════════════════════════════════════════════════════════════════
  [Civ 1] Romans (anarchy): 2 cities, 4 units, 82g, 13 techs, researching Writing (9/31)
    Rome: size=4, prod=Legion (7sh), bldgs=Palace, City Walls
    Sumer: size=1, prod=Legion (16sh)
    Units: 2x Warriors, 1x Archers, 1x Catapult
  [Civ 2] Babylonians (despotism): 1 cities, 5 units, 33g, 11 techs, researching Horseback Riding (9/26)
    Babylon: size=4, prod=building:8 (74sh), bldgs=Palace
    Units: 2x Warriors, 1x Archers, 1x Horsemen, 1x Chariot
  [Civ 3] Germans (despotism): 2 cities, 6 units, 103g, 14 techs, researching Construction (59/67)
    Berlin: size=4, prod=Legion (1sh), bldgs=Palace, City Walls
    Hamburg: size=2, prod=Legion (25sh), bldgs=Barracks
    Units: 1x Settlers, 1x Archers, 1x Warriors, 1x Trireme, 1x Catapult, 1x Legion
  [Civ 4] Egyptians (despotism): 1 cities, 6 units, 184g, 14 techs, researching Currency (0/67)
    Thebes: size=2, prod=Catapult (30sh), bldgs=Palace
    Units: 1x Settlers, 2x Legion, 1x Warriors, 1x Archers, 1x Horsemen
  [Civ 1] Romans turn: 5 actions — ADJUST_ATTITUDE(1), MOVE_UNIT(2), UNIT_ORDER(2)
    ADJUST_ATTITUDE target=civ2
    ADJUST_ATTITUDE target=civ1
    >>> Germans discovered: Construction
    SET_RESEARCH tech=Trade
    CHANGE_PRODUCTION city=2

══════════════════════════════════════════════════════════════════════
  TURN 49 — 3040 B.C. (9ms)
══════════════════════════════════════════════════════════════════════
  [Civ 1] Romans (anarchy): 2 cities, 4 units, 85g, 13 techs, researching Writing (18/31)
    Rome: size=4, prod=Legion (13sh), bldgs=Palace, City Walls
    Sumer: size=1, prod=Legion (18sh)
    Units: 2x Warriors, 1x Archers, 1x Catapult
  [Civ 2] Babylonians (despotism): 1 cities, 5 units, 35g, 11 techs, researching Horseback Riding (12/26)
    Babylon: size=4, prod=building:8 (79sh), bldgs=Palace
    Units: 2x Warriors, 1x Archers, 1x Horsemen, 1x Chariot
  [Civ 3] Germans (despotism): 2 cities, 6 units, 103g, 15 techs, researching Trade (0/72)
    Berlin: size=4, prod=Explorer (3sh), bldgs=Palace, City Walls
    Hamburg: size=2, prod=Legion (29sh), bldgs=Barracks
    Units: 1x Settlers, 1x Archers, 1x Warriors, 1x Trireme, 1x Catapult, 1x Legion
  [Civ 4] Egyptians (despotism): 1 cities, 6 units, 186g, 14 techs, researching Currency (3/33)
    Thebes: size=2, prod=Catapult (33sh), bldgs=Palace
    Units: 1x Settlers, 2x Legion, 1x Warriors, 1x Archers, 1x Horsemen
  [Civ 1] Romans turn: 4 actions — ADJUST_ATTITUDE(1), MOVE_UNIT(2), UNIT_ORDER(1)
    ADJUST_ATTITUDE target=civ2
    >>> Babylon built building:8
    ADJUST_ATTITUDE target=civ1
    CHANGE_PRODUCTION city=1
    CHANGE_PRODUCTION city=4

══════════════════════════════════════════════════════════════════════
  FINAL SUMMARY
══════════════════════════════════════════════════════════════════════
Game ended at turn 50 (3020 B.C.)

── Civ 1: Romans (anarchy) ALIVE ──
  Cities: 2 (peak 2, founded 1)
  Units:  4 (peak 4)
  Treasury: 88g
  Techs discovered: 7 — Map Making, Code of Laws, Mathematics, Monarchy, Iron Working, Seafaring, Feudalism
  Actions: 206 total, 0 idle turns
  Breakdown: UNIT_ORDER(86), MOVE_UNIT(82), ADJUST_ATTITUDE(19), SET_RESEARCH(8), CHANGE_PRODUCTION(6), CHANGE_RATES(1), BUILD_CITY(1), REVOLUTION(1), PROPOSE_TREATY(1), RESPOND_TREATY(1)
  Army: 2x Warriors, 1x Archers, 1x Catapult
  Rome: size=4, shields=19
  Sumer: size=1, shields=20

── Civ 2: Babylonians (despotism) ALIVE ──
  Cities: 1 (peak 2, founded 2)
  Units:  5 (peak 5)
  Treasury: 37g
  Techs discovered: 3 — Ceremonial Burial, Mathematics, Seafaring
  Actions: 309 total, 0 idle turns
  Breakdown: UNIT_ORDER(123), MOVE_UNIT(118), ADJUST_ATTITUDE(51), CHANGE_PRODUCTION(6), SET_RESEARCH(5), BUILD_CITY(2), CHANGE_RATES(1), DECLARE_WAR(1), RESPOND_TREATY(1), PROPOSE_TREATY(1)
  Army: 2x Warriors, 1x Archers, 1x Horsemen, 1x Chariot
  Babylon: size=4, shields=0

── Civ 3: Germans (despotism) ALIVE ──
  Cities: 2 (peak 2, founded 3)
  Units:  6 (peak 6)
  Treasury: 105g
  Techs discovered: 5 — Ceremonial Burial, Map Making, Currency, Literacy, Construction
  Actions: 170 total, 0 idle turns
  Breakdown: UNIT_ORDER(79), MOVE_UNIT(67), CHANGE_PRODUCTION(9), SET_RESEARCH(7), BUILD_CITY(3), ADJUST_ATTITUDE(3), CHANGE_RATES(1), WORKER_ORDER(1)
  Army: 1x Settlers, 1x Archers, 1x Warriors, 1x Trireme, 1x Catapult, 1x Legion
  Berlin: size=4, shields=8
  Hamburg: size=2, shields=16

── Civ 4: Egyptians (despotism) ALIVE ──
  Cities: 1 (peak 1, founded 2)
  Units:  6 (peak 6)
  Treasury: 188g
  Techs discovered: 4 — Iron Working, Map Making, Horseback Riding, Mysticism
  Actions: 231 total, 8 idle turns
  Breakdown: MOVE_UNIT(105), UNIT_ORDER(104), SET_RESEARCH(7), CHANGE_PRODUCTION(7), ADJUST_ATTITUDE(3), BUILD_CITY(2), WORKER_ORDER(2), CHANGE_RATES(1)
  Army: 1x Settlers, 2x Legion, 1x Warriors, 1x Archers, 1x Horsemen
  Thebes: size=2, shields=36


══════════════════════════════════════════════════════════════════════
  AI BEHAVIOR ANALYSIS
══════════════════════════════════════════════════════════════════════
[Civ 1] Romans:
  WARNING: Only 1 city after 30+ turns

[Civ 2] Babylonians:
  OK — no obvious issues detected

[Civ 3] Germans:
  OK — no obvious issues detected

[Civ 4] Egyptians:
  OK — no obvious issues detected

