Charlization AI Headless Simulation
Date: 2026-03-18T23:24:21.568Z
Settings: 50 turns, 4 AI players, 50x80 map, difficulty=prince
Map seed: 22655
Map generated in 90ms
Game initialized: 4 civs, 8 starting units
  Civ 1 (Romans): starts at (17,51) on Grassland
  Civ 2 (Babylonians): starts at (34,10) on Forest
  Civ 3 (Germans): starts at (42,58) on Grassland
  Civ 4 (Egyptians): starts at (13,71) on Grassland
    SET_RESEARCH tech=Bronze Working
    CHANGE_RATES sci=6 tax=4 lux=undefined
    BUILD_CITY unit=0 name="Rome"
    1 actions REJECTED (of 6)
    SET_RESEARCH tech=Code of Laws
    CHANGE_RATES sci=6 tax=4 lux=undefined
    BUILD_CITY unit=2 name="Babylon"
    1 actions REJECTED (of 6)
    SET_RESEARCH tech=Alphabet
    CHANGE_RATES sci=6 tax=4 lux=undefined
    BUILD_CITY unit=4 name="Berlin"
    1 actions REJECTED (of 6)
    SET_RESEARCH tech=Bronze Working
    CHANGE_RATES sci=6 tax=4 lux=undefined
    BUILD_CITY unit=6 name="Thebes"
    1 actions REJECTED (of 6)

══════════════════════════════════════════════════════════════════════
  TURN 1 — 4000 B.C. (33ms)
══════════════════════════════════════════════════════════════════════
  [Civ 1] Romans (despotism): 1 cities, 1 units, 1g, 3 techs, researching Bronze Working (3/28)
    Rome: size=1, prod=Warriors (2sh), bldgs=Palace
    Units: 1x Warriors
  [Civ 2] Babylonians (despotism): 1 cities, 1 units, 0g, 3 techs, researching Code of Laws (0/28)
    Babylon: size=1, prod=Warriors (0sh), bldgs=Palace
    Units: 1x Warriors
  [Civ 3] Germans (despotism): 1 cities, 1 units, 0g, 3 techs, researching Alphabet (0/28)
    Berlin: size=1, prod=Warriors (0sh), bldgs=Palace
    Units: 1x Warriors
  [Civ 4] Egyptians (despotism): 1 cities, 1 units, 0g, 3 techs, researching Bronze Working (0/28)
    Thebes: size=1, prod=Warriors (0sh), bldgs=Palace
    Units: 1x Warriors
  [Civ 1] Romans turn: 3 actions — CHANGE_PRODUCTION(1), MOVE_UNIT(1), UNIT_ORDER(1)
    CHANGE_PRODUCTION city=0
    CHANGE_PRODUCTION city=1
    CHANGE_PRODUCTION city=2
    CHANGE_PRODUCTION city=3

══════════════════════════════════════════════════════════════════════
  TURN 2 — 3980 B.C. (15ms)
══════════════════════════════════════════════════════════════════════
  [Civ 1] Romans (despotism): 1 cities, 1 units, 2g, 5 techs, researching Bronze Working (6/36)
    Rome: size=1, prod=Wonder39 (2sh), bldgs=Palace
    Units: 1x Warriors
  [Civ 2] Babylonians (despotism): 1 cities, 1 units, 1g, 5 techs, researching Code of Laws (2/36)
    Babylon: size=1, prod=building:3 (0sh), bldgs=Palace
    Units: 1x Warriors
  [Civ 3] Germans (despotism): 1 cities, 0 units, 1g, 4 techs, researching Alphabet (3/33)
    Berlin: size=1, prod=Wonder40 (0sh), bldgs=Palace
    Units: none
  [Civ 4] Egyptians (despotism): 1 cities, 1 units, 1g, 4 techs, researching Bronze Working (3/33)
    Thebes: size=1, prod=building:3 (0sh), bldgs=Palace
    Units: 1x Warriors
  [Civ 1] Romans turn: 2 actions — MOVE_UNIT(1), UNIT_ORDER(1)

══════════════════════════════════════════════════════════════════════
  TURN 3 — 3960 B.C. (5ms)
══════════════════════════════════════════════════════════════════════
  [Civ 1] Romans (despotism): 1 cities, 1 units, 3g, 5 techs, researching Bronze Working (9/36)
    Rome: size=1, prod=Wonder39 (4sh), bldgs=Palace
    Units: 1x Warriors
  [Civ 2] Babylonians (despotism): 1 cities, 1 units, 2g, 5 techs, researching Code of Laws (4/36)
    Babylon: size=1, prod=building:3 (4sh), bldgs=Palace
    Units: 1x Warriors
  [Civ 3] Germans (despotism): 1 cities, 0 units, 2g, 4 techs, researching Alphabet (6/33)
    Berlin: size=1, prod=Wonder40 (2sh), bldgs=Palace
    Units: none
  [Civ 4] Egyptians (despotism): 1 cities, 1 units, 2g, 4 techs, researching Bronze Working (6/33)
    Thebes: size=1, prod=building:3 (2sh), bldgs=Palace
    Units: 1x Warriors
  [Civ 1] Romans turn: 2 actions — MOVE_UNIT(1), UNIT_ORDER(1)

══════════════════════════════════════════════════════════════════════
  TURN 4 — 3940 B.C. (6ms)
══════════════════════════════════════════════════════════════════════
  [Civ 1] Romans (despotism): 1 cities, 1 units, 4g, 5 techs, researching Bronze Working (12/36)
    Rome: size=1, prod=Wonder39 (6sh), bldgs=Palace
    Units: 1x Warriors
  [Civ 2] Babylonians (despotism): 1 cities, 1 units, 3g, 5 techs, researching Code of Laws (6/36)
    Babylon: size=1, prod=building:3 (8sh), bldgs=Palace
    Units: 1x Warriors
  [Civ 3] Germans (despotism): 1 cities, 0 units, 3g, 4 techs, researching Alphabet (9/33)
    Berlin: size=1, prod=Wonder40 (4sh), bldgs=Palace
    Units: none
  [Civ 4] Egyptians (despotism): 1 cities, 1 units, 3g, 4 techs, researching Bronze Working (9/33)
    Thebes: size=1, prod=building:3 (4sh), bldgs=Palace
    Units: 1x Warriors
  [Civ 1] Romans turn: 2 actions — MOVE_UNIT(1), UNIT_ORDER(1)

══════════════════════════════════════════════════════════════════════
  TURN 5 — 3920 B.C. (5ms)
══════════════════════════════════════════════════════════════════════
  [Civ 1] Romans (despotism): 1 cities, 1 units, 5g, 5 techs, researching Bronze Working (15/36)
    Rome: size=1, prod=Wonder39 (8sh), bldgs=Palace
    Units: 1x Warriors
  [Civ 2] Babylonians (despotism): 1 cities, 1 units, 4g, 5 techs, researching Code of Laws (8/36)
    Babylon: size=1, prod=building:3 (12sh), bldgs=Palace
    Units: 1x Warriors
  [Civ 3] Germans (despotism): 1 cities, 0 units, 4g, 4 techs, researching Alphabet (12/33)
    Berlin: size=1, prod=Wonder40 (6sh), bldgs=Palace
    Units: none
  [Civ 4] Egyptians (despotism): 1 cities, 1 units, 4g, 4 techs, researching Bronze Working (12/33)
    Thebes: size=1, prod=building:3 (6sh), bldgs=Palace
    Units: 1x Warriors
  [Civ 1] Romans turn: 2 actions — MOVE_UNIT(1), UNIT_ORDER(1)

══════════════════════════════════════════════════════════════════════
  TURN 6 — 3900 B.C. (4ms)
══════════════════════════════════════════════════════════════════════
  [Civ 1] Romans (despotism): 1 cities, 1 units, 6g, 5 techs, researching Bronze Working (18/36)
    Rome: size=1, prod=Wonder39 (10sh), bldgs=Palace
    Units: 1x Warriors
  [Civ 2] Babylonians (despotism): 1 cities, 1 units, 5g, 5 techs, researching Code of Laws (10/36)
    Babylon: size=1, prod=building:3 (16sh), bldgs=Palace
    Units: 1x Warriors
  [Civ 3] Germans (despotism): 1 cities, 0 units, 5g, 4 techs, researching Alphabet (15/33)
    Berlin: size=1, prod=Wonder40 (8sh), bldgs=Palace
    Units: none
  [Civ 4] Egyptians (despotism): 1 cities, 1 units, 5g, 4 techs, researching Bronze Working (15/33)
    Thebes: size=1, prod=building:3 (8sh), bldgs=Palace
    Units: 1x Warriors
  [Civ 1] Romans turn: 2 actions — MOVE_UNIT(1), UNIT_ORDER(1)

══════════════════════════════════════════════════════════════════════
  TURN 7 — 3880 B.C. (4ms)
══════════════════════════════════════════════════════════════════════
  [Civ 1] Romans (despotism): 1 cities, 1 units, 7g, 5 techs, researching Bronze Working (21/36)
    Rome: size=1, prod=Wonder39 (12sh), bldgs=Palace
    Units: 1x Warriors
  [Civ 2] Babylonians (despotism): 1 cities, 1 units, 6g, 5 techs, researching Code of Laws (12/36)
    Babylon: size=1, prod=building:3 (20sh), bldgs=Palace
    Units: 1x Warriors
  [Civ 3] Germans (despotism): 1 cities, 0 units, 6g, 4 techs, researching Alphabet (18/33)
    Berlin: size=1, prod=Wonder40 (10sh), bldgs=Palace
    Units: none
  [Civ 4] Egyptians (despotism): 1 cities, 1 units, 6g, 4 techs, researching Bronze Working (18/33)
    Thebes: size=1, prod=building:3 (10sh), bldgs=Palace
    Units: 1x Warriors
  [Civ 1] Romans turn: 2 actions — MOVE_UNIT(1), UNIT_ORDER(1)

══════════════════════════════════════════════════════════════════════
  TURN 8 — 3860 B.C. (5ms)
══════════════════════════════════════════════════════════════════════
  [Civ 1] Romans (despotism): 1 cities, 1 units, 8g, 5 techs, researching Bronze Working (24/36)
    Rome: size=1, prod=Wonder39 (14sh), bldgs=Palace
    Units: 1x Warriors
  [Civ 2] Babylonians (despotism): 1 cities, 1 units, 7g, 5 techs, researching Code of Laws (14/36)
    Babylon: size=1, prod=building:3 (24sh), bldgs=Palace
    Units: 1x Warriors
  [Civ 3] Germans (despotism): 1 cities, 0 units, 7g, 4 techs, researching Alphabet (21/33)
    Berlin: size=1, prod=Wonder40 (12sh), bldgs=Palace
    Units: none
  [Civ 4] Egyptians (despotism): 1 cities, 1 units, 7g, 4 techs, researching Bronze Working (21/33)
    Thebes: size=1, prod=building:3 (12sh), bldgs=Palace
    Units: 1x Warriors
  [Civ 1] Romans turn: 2 actions — MOVE_UNIT(1), UNIT_ORDER(1)

══════════════════════════════════════════════════════════════════════
  TURN 9 — 3840 B.C. (4ms)
══════════════════════════════════════════════════════════════════════
  [Civ 1] Romans (despotism): 1 cities, 1 units, 9g, 5 techs, researching Bronze Working (27/36)
    Rome: size=1, prod=Wonder39 (16sh), bldgs=Palace
    Units: 1x Warriors
  [Civ 2] Babylonians (despotism): 1 cities, 1 units, 8g, 5 techs, researching Code of Laws (16/36)
    Babylon: size=1, prod=building:3 (28sh), bldgs=Palace
    Units: 1x Warriors
  [Civ 3] Germans (despotism): 1 cities, 0 units, 8g, 4 techs, researching Alphabet (24/33)
    Berlin: size=1, prod=Wonder40 (14sh), bldgs=Palace
    Units: none
  [Civ 4] Egyptians (despotism): 1 cities, 1 units, 8g, 4 techs, researching Bronze Working (24/33)
    Thebes: size=1, prod=building:3 (14sh), bldgs=Palace
    Units: 1x Warriors
  [Civ 1] Romans turn: 2 actions — MOVE_UNIT(1), UNIT_ORDER(1)
    >>> Rome grew to size 2

══════════════════════════════════════════════════════════════════════
  TURN 10 — 3820 B.C. (4ms)
══════════════════════════════════════════════════════════════════════
  [Civ 1] Romans (despotism): 1 cities, 1 units, 11g, 5 techs, researching Bronze Working (30/36)
    Rome: size=2, prod=Wonder39 (18sh), bldgs=Palace
    Units: 1x Warriors
  [Civ 2] Babylonians (despotism): 1 cities, 1 units, 9g, 5 techs, researching Code of Laws (18/36)
    Babylon: size=1, prod=building:3 (32sh), bldgs=Palace
    Units: 1x Warriors
  [Civ 3] Germans (despotism): 1 cities, 0 units, 9g, 4 techs, researching Alphabet (27/33)
    Berlin: size=1, prod=Wonder40 (16sh), bldgs=Palace
    Units: none
  [Civ 4] Egyptians (despotism): 1 cities, 1 units, 9g, 4 techs, researching Bronze Working (27/33)
    Thebes: size=1, prod=building:3 (16sh), bldgs=Palace
    Units: 1x Warriors
  [Civ 1] Romans turn: 2 actions — MOVE_UNIT(1), UNIT_ORDER(1)
    >>> Berlin grew to size 2
    CHANGE_PRODUCTION city=2
    >>> Thebes grew to size 2

══════════════════════════════════════════════════════════════════════
  TURN 11 — 3800 B.C. (5ms)
══════════════════════════════════════════════════════════════════════
  [Civ 1] Romans (despotism): 1 cities, 1 units, 13g, 5 techs, researching Bronze Working (33/36)
    Rome: size=2, prod=Wonder39 (21sh), bldgs=Palace
    Units: 1x Warriors
  [Civ 2] Babylonians (despotism): 1 cities, 1 units, 10g, 5 techs, researching Code of Laws (20/36)
    Babylon: size=1, prod=building:3 (36sh), bldgs=Palace
    Units: 1x Warriors
  [Civ 3] Germans (despotism): 1 cities, 0 units, 11g, 4 techs, researching Alphabet (30/33)
    Berlin: size=2, prod=Settlers (0sh), bldgs=Palace
    Units: none
  [Civ 4] Egyptians (despotism): 1 cities, 1 units, 11g, 4 techs, researching Bronze Working (30/33)
    Thebes: size=2, prod=building:3 (18sh), bldgs=Palace
    Units: 1x Warriors
  [Civ 1] Romans turn: 2 actions — MOVE_UNIT(1), UNIT_ORDER(1)
    >>> Germans discovered: Alphabet
    SET_RESEARCH tech=Map Making
    >>> Egyptians discovered: Bronze Working
    SET_RESEARCH tech=Masonry
    >>> Romans discovered: Bronze Working

══════════════════════════════════════════════════════════════════════
  TURN 12 — 3780 B.C. (9ms)
══════════════════════════════════════════════════════════════════════
  [Civ 1] Romans (despotism): 1 cities, 1 units, 13g, 6 techs, researching none (0/36)
    Rome: size=2, prod=Wonder39 (24sh), bldgs=Palace
    Units: 1x Warriors
  [Civ 2] Babylonians (despotism): 1 cities, 1 units, 11g, 6 techs, researching Code of Laws (22/36)
    Babylon: size=1, prod=building:3 (40sh), bldgs=Palace
    Units: 1x Warriors
  [Civ 3] Germans (despotism): 1 cities, 0 units, 11g, 5 techs, researching Map Making (0/36)
    Berlin: size=2, prod=Settlers (3sh), bldgs=Palace
    Units: none
  [Civ 4] Egyptians (despotism): 1 cities, 1 units, 11g, 5 techs, researching Masonry (0/36)
    Thebes: size=2, prod=building:3 (21sh), bldgs=Palace
    Units: 1x Warriors
  [Civ 1] Romans turn: 3 actions — SET_RESEARCH(1), MOVE_UNIT(1), UNIT_ORDER(1)
    SET_RESEARCH tech=Iron Working

══════════════════════════════════════════════════════════════════════
  TURN 13 — 3760 B.C. (5ms)
══════════════════════════════════════════════════════════════════════
  [Civ 1] Romans (despotism): 1 cities, 1 units, 15g, 7 techs, researching Iron Working (3/33)
    Rome: size=2, prod=Wonder39 (27sh), bldgs=Palace
    Units: 1x Warriors
  [Civ 2] Babylonians (despotism): 1 cities, 1 units, 12g, 6 techs, researching Code of Laws (24/36)
    Babylon: size=1, prod=building:3 (44sh), bldgs=Palace
    Units: 1x Warriors
  [Civ 3] Germans (despotism): 1 cities, 0 units, 13g, 5 techs, researching Map Making (3/36)
    Berlin: size=2, prod=Settlers (6sh), bldgs=Palace
    Units: none
  [Civ 4] Egyptians (despotism): 1 cities, 1 units, 13g, 6 techs, researching Masonry (3/36)
    Thebes: size=2, prod=building:3 (24sh), bldgs=Palace
    Units: 1x Warriors
  [Civ 1] Romans turn: 2 actions — MOVE_UNIT(1), UNIT_ORDER(1)
    ADJUST_ATTITUDE target=civ1
    ADJUST_ATTITUDE target=civ1

══════════════════════════════════════════════════════════════════════
  TURN 14 — 3740 B.C. (6ms)
══════════════════════════════════════════════════════════════════════
  [Civ 1] Romans (despotism): 1 cities, 1 units, 17g, 7 techs, researching Iron Working (6/33)
    Rome: size=2, prod=Wonder39 (30sh), bldgs=Palace
    Units: 1x Warriors
  [Civ 2] Babylonians (despotism): 1 cities, 1 units, 13g, 7 techs, researching Code of Laws (26/33)
    Babylon: size=1, prod=building:3 (48sh), bldgs=Palace
    Units: 1x Warriors
  [Civ 3] Germans (despotism): 1 cities, 0 units, 15g, 6 techs, researching Map Making (6/36)
    Berlin: size=2, prod=Settlers (9sh), bldgs=Palace
    Units: none
  [Civ 4] Egyptians (despotism): 1 cities, 1 units, 15g, 6 techs, researching Masonry (6/36)
    Thebes: size=2, prod=building:3 (27sh), bldgs=Palace
    Units: 1x Warriors
  [Civ 1] Romans turn: 3 actions — ADJUST_ATTITUDE(1), MOVE_UNIT(1), UNIT_ORDER(1)
    ADJUST_ATTITUDE target=civ4
    SET_RESEARCH tech=Map Making
    ADJUST_ATTITUDE target=civ1
    ADJUST_ATTITUDE target=civ1

══════════════════════════════════════════════════════════════════════
  TURN 15 — 3720 B.C. (7ms)
══════════════════════════════════════════════════════════════════════
  [Civ 1] Romans (despotism): 1 cities, 1 units, 19g, 7 techs, researching Iron Working (9/33)
    Rome: size=2, prod=Wonder39 (33sh), bldgs=Palace
    Units: 1x Warriors
  [Civ 2] Babylonians (despotism): 1 cities, 1 units, 14g, 7 techs, researching Code of Laws (28/33)
    Babylon: size=1, prod=building:3 (52sh), bldgs=Palace
    Units: 1x Warriors
  [Civ 3] Germans (despotism): 1 cities, 0 units, 17g, 7 techs, researching Map Making (9/33)
    Berlin: size=2, prod=Settlers (12sh), bldgs=Palace
    Units: none
  [Civ 4] Egyptians (despotism): 1 cities, 1 units, 17g, 7 techs, researching Map Making (9/33)
    Thebes: size=2, prod=building:3 (30sh), bldgs=Palace
    Units: 1x Warriors
  [Civ 1] Romans turn: 3 actions — ADJUST_ATTITUDE(1), MOVE_UNIT(1), UNIT_ORDER(1)
    ADJUST_ATTITUDE target=civ4

══════════════════════════════════════════════════════════════════════
  TURN 16 — 3700 B.C. (6ms)
══════════════════════════════════════════════════════════════════════
  [Civ 1] Romans (despotism): 1 cities, 1 units, 21g, 7 techs, researching Iron Working (12/33)
    Rome: size=2, prod=Wonder39 (36sh), bldgs=Palace
    Units: 1x Warriors
  [Civ 2] Babylonians (despotism): 1 cities, 1 units, 15g, 7 techs, researching Code of Laws (30/33)
    Babylon: size=1, prod=building:3 (56sh), bldgs=Palace
    Units: 1x Warriors
  [Civ 3] Germans (despotism): 1 cities, 0 units, 19g, 7 techs, researching Map Making (12/33)
    Berlin: size=2, prod=Settlers (15sh), bldgs=Palace
    Units: none
  [Civ 4] Egyptians (despotism): 1 cities, 1 units, 19g, 7 techs, researching Map Making (12/33)
    Thebes: size=2, prod=building:3 (33sh), bldgs=Palace
    Units: 1x Warriors
  [Civ 1] Romans turn: 2 actions — MOVE_UNIT(1), UNIT_ORDER(1)
    >>> Babylon built building:3
    CHANGE_PRODUCTION city=1
    ADJUST_ATTITUDE target=civ1
    ADJUST_ATTITUDE target=civ1
    ADJUST_ATTITUDE target=civ1
    ADJUST_ATTITUDE target=civ1

══════════════════════════════════════════════════════════════════════
  TURN 17 — 3680 B.C. (5ms)
══════════════════════════════════════════════════════════════════════
  [Civ 1] Romans (despotism): 1 cities, 1 units, 23g, 7 techs, researching Iron Working (15/33)
    Rome: size=2, prod=Wonder39 (39sh), bldgs=Palace
    Units: 1x Warriors
  [Civ 2] Babylonians (despotism): 1 cities, 1 units, 47g, 7 techs, researching Code of Laws (32/33)
    Babylon: size=1, prod=Wonder45 (0sh), bldgs=Palace, Granary
    Units: 1x Warriors
  [Civ 3] Germans (despotism): 1 cities, 0 units, 21g, 7 techs, researching Map Making (15/33)
    Berlin: size=2, prod=Settlers (18sh), bldgs=Palace
    Units: none
  [Civ 4] Egyptians (despotism): 1 cities, 1 units, 21g, 8 techs, researching Map Making (15/28)
    Thebes: size=2, prod=building:3 (36sh), bldgs=Palace
    Units: 1x Warriors
  [Civ 1] Romans turn: 2 actions — MOVE_UNIT(1), UNIT_ORDER(1)
    COMBAT: ? vs ? → capture (atkHp=undefined, defHp=undefined)
    >>> Babylonians discovered: Code of Laws
    SET_RESEARCH tech=Map Making
    CHANGE_PRODUCTION city=1

══════════════════════════════════════════════════════════════════════
  TURN 18 — 3660 B.C. (7ms)
══════════════════════════════════════════════════════════════════════
  [Civ 1] Romans (despotism): 2 cities, 1 units, 40g, 7 techs, researching Iron Working (20/33)
    Rome: size=2, prod=Wonder39 (42sh), bldgs=Palace
    Thebes: size=1, prod=Warriors (2sh)
    Units: 1x Warriors
  [Civ 2] Babylonians (despotism): 1 cities, 1 units, 47g, 8 techs, researching Map Making (0/28)
    Babylon: size=1, prod=building:7 (0sh), bldgs=Palace, Granary
    Units: 1x Warriors
  [Civ 3] Germans (despotism): 1 cities, 0 units, 23g, 7 techs, researching Map Making (18/33)
    Berlin: size=2, prod=Settlers (21sh), bldgs=Palace
    Units: none
  [Civ 4] Egyptians (despotism): 0 cities, 1 units, 7g, 8 techs, researching Map Making (15/28)
    Units: 1x Warriors
  [Civ 1] Romans turn: 4 actions — CHANGE_PRODUCTION(2), UNIT_ORDER(2)
    CHANGE_PRODUCTION city=0
    CHANGE_PRODUCTION city=3
    END_TURN REJECTED: 1 units still need orders
      #14 Settlers(Settle) @(19,70) mv=3 ord=none hp=full

══════════════════════════════════════════════════════════════════════
  TURN 19 — 3640 B.C. (5ms)
══════════════════════════════════════════════════════════════════════
  [Civ 1] Romans (despotism): 2 cities, 1 units, 43g, 7 techs, researching Iron Working (25/33)
    Rome: size=2, prod=building:3 (3sh), bldgs=Palace
    Thebes: size=1, prod=Archers (3sh)
    Units: 1x Warriors
  [Civ 2] Babylonians (despotism): 1 cities, 1 units, 47g, 8 techs, researching Map Making (2/28)
    Babylon: size=1, prod=building:7 (4sh), bldgs=Palace, Granary
    Units: 1x Warriors
  [Civ 3] Germans (despotism): 1 cities, 0 units, 25g, 7 techs, researching Map Making (21/33)
    Berlin: size=2, prod=Settlers (24sh), bldgs=Palace
    Units: none
  [Civ 4] Egyptians (despotism): 0 cities, 2 units, 7g, 8 techs, researching Map Making (15/28)
    Units: 1x Warriors, 1x Settlers
  [Civ 1] Romans turn: 0 actions — idle
    BUILD_CITY unit=14 name="Thebes"
    1 actions REJECTED (of 4)

══════════════════════════════════════════════════════════════════════
  TURN 20 — 3620 B.C. (5ms)
══════════════════════════════════════════════════════════════════════
  [Civ 1] Romans (despotism): 2 cities, 1 units, 46g, 7 techs, researching Iron Working (30/33)
    Rome: size=2, prod=building:3 (6sh), bldgs=Palace
    Thebes: size=1, prod=Archers (5sh)
    Units: 1x Warriors
  [Civ 2] Babylonians (despotism): 1 cities, 1 units, 47g, 8 techs, researching Map Making (4/28)
    Babylon: size=1, prod=building:7 (8sh), bldgs=Palace, Granary
    Units: 1x Warriors
  [Civ 3] Germans (despotism): 1 cities, 0 units, 27g, 7 techs, researching Map Making (24/33)
    Berlin: size=2, prod=Settlers (27sh), bldgs=Palace
    Units: none
  [Civ 4] Egyptians (despotism): 1 cities, 1 units, 7g, 8 techs, researching Map Making (15/28)
    Thebes: size=1, prod=Warriors (0sh), bldgs=Palace
    Units: 1x Warriors
  [Civ 1] Romans turn: 0 actions — idle
    CHANGE_PRODUCTION city=4
    >>> Romans discovered: Iron Working

══════════════════════════════════════════════════════════════════════
  TURN 21 — 3600 B.C. (5ms)
══════════════════════════════════════════════════════════════════════
  [Civ 1] Romans (despotism): 2 cities, 1 units, 46g, 8 techs, researching none (0/28)
    Rome: size=2, prod=building:3 (9sh), bldgs=Palace
    Thebes: size=1, prod=Archers (7sh)
    Units: 1x Warriors
  [Civ 2] Babylonians (despotism): 1 cities, 1 units, 47g, 8 techs, researching Map Making (6/28)
    Babylon: size=1, prod=building:7 (12sh), bldgs=Palace, Granary
    Units: 1x Warriors
  [Civ 3] Germans (despotism): 1 cities, 0 units, 29g, 7 techs, researching Map Making (27/33)
    Berlin: size=2, prod=Settlers (30sh), bldgs=Palace
    Units: none
  [Civ 4] Egyptians (despotism): 1 cities, 1 units, 7g, 8 techs, researching Map Making (16/28)
    Thebes: size=1, prod=building:3 (0sh), bldgs=Palace
    Units: 1x Warriors
  [Civ 1] Romans turn: 1 actions — SET_RESEARCH(1)
    SET_RESEARCH tech=Map Making

══════════════════════════════════════════════════════════════════════
  TURN 22 — 3580 B.C. (5ms)
══════════════════════════════════════════════════════════════════════
  [Civ 1] Romans (despotism): 2 cities, 1 units, 49g, 8 techs, researching Map Making (5/28)
    Rome: size=2, prod=building:3 (12sh), bldgs=Palace
    Thebes: size=1, prod=Archers (9sh)
    Units: 1x Warriors
  [Civ 2] Babylonians (despotism): 1 cities, 1 units, 47g, 8 techs, researching Map Making (8/28)
    Babylon: size=1, prod=building:7 (16sh), bldgs=Palace, Granary
    Units: 1x Warriors
  [Civ 3] Germans (despotism): 1 cities, 0 units, 31g, 7 techs, researching Map Making (30/33)
    Berlin: size=2, prod=Settlers (33sh), bldgs=Palace
    Units: none
  [Civ 4] Egyptians (despotism): 1 cities, 1 units, 7g, 8 techs, researching Map Making (17/28)
    Thebes: size=1, prod=building:3 (2sh), bldgs=Palace
    Units: 1x Warriors
  [Civ 1] Romans turn: 0 actions — idle
    >>> Germans discovered: Map Making
    SET_RESEARCH tech=Seafaring

══════════════════════════════════════════════════════════════════════
  TURN 23 — 3560 B.C. (5ms)
══════════════════════════════════════════════════════════════════════
  [Civ 1] Romans (despotism): 2 cities, 1 units, 52g, 8 techs, researching Map Making (10/28)
    Rome: size=2, prod=building:3 (15sh), bldgs=Palace
    Thebes: size=1, prod=Archers (11sh)
    Units: 1x Warriors
  [Civ 2] Babylonians (despotism): 1 cities, 1 units, 47g, 8 techs, researching Map Making (10/28)
    Babylon: size=1, prod=building:7 (20sh), bldgs=Palace, Granary
    Units: 1x Warriors
  [Civ 3] Germans (despotism): 1 cities, 0 units, 31g, 8 techs, researching Seafaring (0/28)
    Berlin: size=2, prod=Settlers (36sh), bldgs=Palace
    Units: none
  [Civ 4] Egyptians (despotism): 1 cities, 1 units, 7g, 8 techs, researching Map Making (18/28)
    Thebes: size=1, prod=building:3 (4sh), bldgs=Palace
    Units: 1x Warriors
  [Civ 1] Romans turn: 0 actions — idle

══════════════════════════════════════════════════════════════════════
  TURN 24 — 3540 B.C. (4ms)
══════════════════════════════════════════════════════════════════════
  [Civ 1] Romans (despotism): 2 cities, 1 units, 55g, 8 techs, researching Map Making (15/28)
    Rome: size=2, prod=building:3 (18sh), bldgs=Palace
    Thebes: size=1, prod=Archers (13sh)
    Units: 1x Warriors
  [Civ 2] Babylonians (despotism): 1 cities, 1 units, 47g, 8 techs, researching Map Making (12/28)
    Babylon: size=1, prod=building:7 (24sh), bldgs=Palace, Granary
    Units: 1x Warriors
  [Civ 3] Germans (despotism): 1 cities, 0 units, 33g, 8 techs, researching Seafaring (3/28)
    Berlin: size=2, prod=Settlers (39sh), bldgs=Palace
    Units: none
  [Civ 4] Egyptians (despotism): 1 cities, 1 units, 7g, 8 techs, researching Map Making (19/28)
    Thebes: size=1, prod=building:3 (6sh), bldgs=Palace
    Units: 1x Warriors
  [Civ 1] Romans turn: 0 actions — idle
    >>> Berlin built Settlers
    CHANGE_PRODUCTION city=2
    >>> Rome grew to size 3

══════════════════════════════════════════════════════════════════════
  TURN 25 — 3520 B.C. (12ms)
══════════════════════════════════════════════════════════════════════
  [Civ 1] Romans (despotism): 2 cities, 1 units, 58g, 8 techs, researching Map Making (21/28)
    Rome: size=3, prod=building:3 (21sh), bldgs=Palace
    Thebes: size=1, prod=Archers (15sh)
    Units: 1x Warriors
  [Civ 2] Babylonians (despotism): 1 cities, 1 units, 47g, 8 techs, researching Map Making (14/28)
    Babylon: size=1, prod=building:7 (28sh), bldgs=Palace, Granary
    Units: 1x Warriors
  [Civ 3] Germans (despotism): 1 cities, 1 units, 34g, 8 techs, researching Seafaring (6/28)
    Berlin: size=1, prod=Wonder45 (0sh), bldgs=Palace
    Units: 1x Settlers
  [Civ 4] Egyptians (despotism): 1 cities, 1 units, 7g, 8 techs, researching Map Making (20/28)
    Thebes: size=1, prod=building:3 (8sh), bldgs=Palace
    Units: 1x Warriors
  [Civ 1] Romans turn: 0 actions — idle
    >>> Berlin grew to size 2

══════════════════════════════════════════════════════════════════════
  TURN 26 — 3500 B.C. (5ms)
══════════════════════════════════════════════════════════════════════
  [Civ 1] Romans (despotism): 2 cities, 1 units, 61g, 8 techs, researching Map Making (27/28)
    Rome: size=3, prod=building:3 (25sh), bldgs=Palace
    Thebes: size=1, prod=Archers (17sh)
    Units: 1x Warriors
  [Civ 2] Babylonians (despotism): 1 cities, 1 units, 47g, 8 techs, researching Map Making (16/28)
    Babylon: size=1, prod=building:7 (32sh), bldgs=Palace, Granary
    Units: 1x Warriors
  [Civ 3] Germans (despotism): 1 cities, 1 units, 36g, 8 techs, researching Seafaring (9/28)
    Berlin: size=2, prod=Wonder45 (2sh), bldgs=Palace
    Units: 1x Settlers
  [Civ 4] Egyptians (despotism): 1 cities, 1 units, 7g, 8 techs, researching Map Making (21/28)
    Thebes: size=1, prod=building:3 (10sh), bldgs=Palace
    Units: 1x Warriors
  [Civ 1] Romans turn: 0 actions — idle
    >>> Romans discovered: Map Making
    >>> Thebes grew to size 2

══════════════════════════════════════════════════════════════════════
  TURN 27 — 3480 B.C. (5ms)
══════════════════════════════════════════════════════════════════════
  [Civ 1] Romans (despotism): 2 cities, 1 units, 61g, 9 techs, researching none (0/32)
    Rome: size=3, prod=building:3 (29sh), bldgs=Palace
    Thebes: size=2, prod=Archers (19sh)
    Units: 1x Warriors
  [Civ 2] Babylonians (despotism): 1 cities, 1 units, 47g, 8 techs, researching Map Making (18/28)
    Babylon: size=1, prod=building:7 (36sh), bldgs=Palace, Granary
    Units: 1x Warriors
  [Civ 3] Germans (despotism): 1 cities, 1 units, 38g, 8 techs, researching Seafaring (12/28)
    Berlin: size=2, prod=Wonder45 (5sh), bldgs=Palace
    Units: 1x Settlers
  [Civ 4] Egyptians (despotism): 1 cities, 1 units, 7g, 8 techs, researching Map Making (22/28)
    Thebes: size=1, prod=building:3 (12sh), bldgs=Palace
    Units: 1x Warriors
  [Civ 1] Romans turn: 1 actions — SET_RESEARCH(1)
    SET_RESEARCH tech=Mathematics

══════════════════════════════════════════════════════════════════════
  TURN 28 — 3460 B.C. (4ms)
══════════════════════════════════════════════════════════════════════
  [Civ 1] Romans (despotism): 2 cities, 1 units, 64g, 9 techs, researching Mathematics (6/32)
    Rome: size=3, prod=building:3 (33sh), bldgs=Palace
    Thebes: size=2, prod=Archers (21sh)
    Units: 1x Warriors
  [Civ 2] Babylonians (despotism): 1 cities, 1 units, 47g, 8 techs, researching Map Making (20/28)
    Babylon: size=1, prod=building:7 (40sh), bldgs=Palace, Granary
    Units: 1x Warriors
  [Civ 3] Germans (despotism): 1 cities, 1 units, 40g, 8 techs, researching Seafaring (15/28)
    Berlin: size=2, prod=Wonder45 (8sh), bldgs=Palace
    Units: 1x Settlers
  [Civ 4] Egyptians (despotism): 1 cities, 1 units, 7g, 8 techs, researching Map Making (23/28)
    Thebes: size=1, prod=building:3 (14sh), bldgs=Palace
    Units: 1x Warriors
  [Civ 1] Romans turn: 0 actions — idle
    SET_RESEARCH tech=Mysticism
    SET_RESEARCH tech=Mathematics

══════════════════════════════════════════════════════════════════════
  TURN 29 — 3440 B.C. (6ms)
══════════════════════════════════════════════════════════════════════
  [Civ 1] Romans (despotism): 2 cities, 1 units, 67g, 9 techs, researching Mathematics (12/32)
    Rome: size=3, prod=building:3 (37sh), bldgs=Palace
    Thebes: size=2, prod=Archers (23sh)
    Units: 1x Warriors
  [Civ 2] Babylonians (despotism): 1 cities, 1 units, 47g, 9 techs, researching Mysticism (22/32)
    Babylon: size=1, prod=building:7 (44sh), bldgs=Palace, Granary
    Units: 1x Warriors
  [Civ 3] Germans (despotism): 1 cities, 1 units, 42g, 8 techs, researching Seafaring (18/28)
    Berlin: size=2, prod=Wonder45 (11sh), bldgs=Palace
    Units: 1x Settlers
  [Civ 4] Egyptians (despotism): 1 cities, 1 units, 7g, 9 techs, researching Mathematics (24/32)
    Thebes: size=1, prod=building:3 (16sh), bldgs=Palace
    Units: 1x Warriors
  [Civ 1] Romans turn: 0 actions — idle
    >>> Thebes grew to size 2

══════════════════════════════════════════════════════════════════════
  TURN 30 — 3420 B.C. (4ms)
══════════════════════════════════════════════════════════════════════
  [Civ 1] Romans (despotism): 2 cities, 1 units, 70g, 9 techs, researching Mathematics (18/32)
    Rome: size=3, prod=building:3 (41sh), bldgs=Palace
    Thebes: size=2, prod=Archers (25sh)
    Units: 1x Warriors
  [Civ 2] Babylonians (despotism): 1 cities, 1 units, 47g, 9 techs, researching Mysticism (24/32)
    Babylon: size=1, prod=building:7 (48sh), bldgs=Palace, Granary
    Units: 1x Warriors
  [Civ 3] Germans (despotism): 1 cities, 1 units, 44g, 8 techs, researching Seafaring (21/28)
    Berlin: size=2, prod=Wonder45 (14sh), bldgs=Palace
    Units: 1x Settlers
  [Civ 4] Egyptians (despotism): 1 cities, 1 units, 7g, 9 techs, researching Mathematics (25/32)
    Thebes: size=2, prod=building:3 (18sh), bldgs=Palace
    Units: 1x Warriors
  [Civ 1] Romans turn: 0 actions — idle

══════════════════════════════════════════════════════════════════════
  TURN 31 — 3400 B.C. (5ms)
══════════════════════════════════════════════════════════════════════
  [Civ 1] Romans (despotism): 2 cities, 1 units, 73g, 9 techs, researching Mathematics (24/32)
    Rome: size=3, prod=building:3 (45sh), bldgs=Palace
    Thebes: size=2, prod=Archers (27sh)
    Units: 1x Warriors
  [Civ 2] Babylonians (despotism): 1 cities, 1 units, 47g, 9 techs, researching Mysticism (26/32)
    Babylon: size=1, prod=building:7 (52sh), bldgs=Palace, Granary
    Units: 1x Warriors
  [Civ 3] Germans (despotism): 1 cities, 1 units, 46g, 8 techs, researching Seafaring (24/28)
    Berlin: size=2, prod=Wonder45 (17sh), bldgs=Palace
    Units: 1x Settlers
  [Civ 4] Egyptians (despotism): 1 cities, 1 units, 7g, 9 techs, researching Mathematics (26/32)
    Thebes: size=2, prod=building:3 (21sh), bldgs=Palace
    Units: 1x Warriors
  [Civ 1] Romans turn: 0 actions — idle

══════════════════════════════════════════════════════════════════════
  TURN 32 — 3380 B.C. (3ms)
══════════════════════════════════════════════════════════════════════
  [Civ 1] Romans (despotism): 2 cities, 1 units, 76g, 9 techs, researching Mathematics (30/32)
    Rome: size=3, prod=building:3 (49sh), bldgs=Palace
    Thebes: size=2, prod=Archers (29sh)
    Units: 1x Warriors
  [Civ 2] Babylonians (despotism): 1 cities, 1 units, 47g, 9 techs, researching Mysticism (28/32)
    Babylon: size=1, prod=building:7 (56sh), bldgs=Palace, Granary
    Units: 1x Warriors
  [Civ 3] Germans (despotism): 1 cities, 1 units, 48g, 8 techs, researching Seafaring (27/28)
    Berlin: size=2, prod=Wonder45 (20sh), bldgs=Palace
    Units: 1x Settlers
  [Civ 4] Egyptians (despotism): 1 cities, 1 units, 7g, 9 techs, researching Mathematics (27/32)
    Thebes: size=2, prod=building:3 (24sh), bldgs=Palace
    Units: 1x Warriors
  [Civ 1] Romans turn: 3 actions — ADJUST_ATTITUDE(3)
    ADJUST_ATTITUDE target=civ2
    ADJUST_ATTITUDE target=civ3
    ADJUST_ATTITUDE target=civ4
    ADJUST_ATTITUDE target=civ1
    ADJUST_ATTITUDE target=civ3
    ADJUST_ATTITUDE target=civ4
    >>> Germans discovered: Seafaring
    SET_RESEARCH tech=Mathematics
    ADJUST_ATTITUDE target=civ1
    ADJUST_ATTITUDE target=civ2
    ADJUST_ATTITUDE target=civ4
    ADJUST_ATTITUDE target=civ1
    ADJUST_ATTITUDE target=civ2
    ADJUST_ATTITUDE target=civ3
    >>> Romans discovered: Mathematics
    >>> Thebes built Archers

══════════════════════════════════════════════════════════════════════
  TURN 33 — 3360 B.C. (8ms)
══════════════════════════════════════════════════════════════════════
  [Civ 1] Romans (despotism): 2 cities, 2 units, 76g, 10 techs, researching none (0/48)
    Rome: size=3, prod=building:3 (53sh), bldgs=Palace
    Thebes: size=2, prod=Archers (1sh)
    Units: 1x Warriors, 1x Archers
  [Civ 2] Babylonians (despotism): 1 cities, 1 units, 47g, 9 techs, researching Mysticism (30/21)
    Babylon: size=1, prod=building:7 (60sh), bldgs=Palace, Granary
    Units: 1x Warriors
  [Civ 3] Germans (despotism): 1 cities, 1 units, 48g, 9 techs, researching Mathematics (0/21)
    Berlin: size=2, prod=Wonder45 (23sh), bldgs=Palace
    Units: 1x Settlers
  [Civ 4] Egyptians (despotism): 1 cities, 1 units, 7g, 9 techs, researching Mathematics (28/21)
    Thebes: size=2, prod=building:3 (27sh), bldgs=Palace
    Units: 1x Warriors
  [Civ 1] Romans turn: 2 actions — SET_RESEARCH(1), CHANGE_PRODUCTION(1)
    SET_RESEARCH tech=The Wheel
    CHANGE_PRODUCTION city=3
    >>> Babylonians discovered: Mysticism
    SET_RESEARCH tech=Currency
    >>> Egyptians discovered: Mathematics
    SET_RESEARCH tech=Writing

══════════════════════════════════════════════════════════════════════
  TURN 34 — 3340 B.C. (9ms)
══════════════════════════════════════════════════════════════════════
  [Civ 1] Romans (despotism): 2 cities, 2 units, 79g, 10 techs, researching The Wheel (6/48)
    Rome: size=3, prod=building:3 (57sh), bldgs=Palace
    Thebes: size=2, prod=building:3 (2sh)
    Units: 1x Warriors, 1x Archers
  [Civ 2] Babylonians (despotism): 1 cities, 1 units, 47g, 10 techs, researching Currency (0/48)
    Babylon: size=1, prod=building:7 (64sh), bldgs=Palace, Granary
    Units: 1x Warriors
  [Civ 3] Germans (despotism): 1 cities, 1 units, 50g, 9 techs, researching Mathematics (3/21)
    Berlin: size=2, prod=Wonder45 (26sh), bldgs=Palace
    Units: 1x Settlers
  [Civ 4] Egyptians (despotism): 1 cities, 1 units, 7g, 10 techs, researching Writing (0/48)
    Thebes: size=2, prod=building:3 (30sh), bldgs=Palace
    Units: 1x Warriors
  [Civ 1] Romans turn: 2 actions — MOVE_UNIT(1), UNIT_ORDER(1)
    >>> Rome built building:3

══════════════════════════════════════════════════════════════════════
  TURN 35 — 3320 B.C. (6ms)
══════════════════════════════════════════════════════════════════════
  [Civ 1] Romans (despotism): 2 cities, 2 units, 81g, 10 techs, researching The Wheel (12/48)
    Rome: size=3, prod=building:3 (1sh), bldgs=Palace, Granary
    Thebes: size=2, prod=building:3 (4sh)
    Units: 1x Warriors, 1x Archers
  [Civ 2] Babylonians (despotism): 1 cities, 1 units, 47g, 10 techs, researching Currency (2/48)
    Babylon: size=1, prod=building:7 (68sh), bldgs=Palace, Granary
    Units: 1x Warriors
  [Civ 3] Germans (despotism): 1 cities, 1 units, 52g, 9 techs, researching Mathematics (6/21)
    Berlin: size=2, prod=Wonder45 (29sh), bldgs=Palace
    Units: 1x Settlers
  [Civ 4] Egyptians (despotism): 1 cities, 1 units, 7g, 10 techs, researching Writing (1/48)
    Thebes: size=2, prod=building:3 (33sh), bldgs=Palace
    Units: 1x Warriors
  [Civ 1] Romans turn: 2 actions — CHANGE_PRODUCTION(1), MOVE_UNIT(1)
    CHANGE_PRODUCTION city=0
    SET_RESEARCH tech=Code of Laws

══════════════════════════════════════════════════════════════════════
  TURN 36 — 3300 B.C. (8ms)
══════════════════════════════════════════════════════════════════════
  [Civ 1] Romans (despotism): 2 cities, 2 units, 83g, 10 techs, researching The Wheel (18/24)
    Rome: size=3, prod=Settlers (4sh), bldgs=Palace, Granary
    Thebes: size=2, prod=building:3 (6sh)
    Units: 1x Warriors, 1x Archers
  [Civ 2] Babylonians (despotism): 1 cities, 1 units, 47g, 11 techs, researching Currency (4/52)
    Babylon: size=1, prod=building:7 (72sh), bldgs=Palace, Granary
    Units: 1x Warriors
  [Civ 3] Germans (despotism): 1 cities, 1 units, 54g, 10 techs, researching Code of Laws (9/24)
    Berlin: size=2, prod=Wonder45 (32sh), bldgs=Palace
    Units: 1x Settlers
  [Civ 4] Egyptians (despotism): 1 cities, 1 units, 7g, 10 techs, researching Writing (2/24)
    Thebes: size=2, prod=building:3 (36sh), bldgs=Palace
    Units: 1x Warriors
  [Civ 1] Romans turn: 2 actions — MOVE_UNIT(1), UNIT_ORDER(1)
    >>> Romans discovered: The Wheel

══════════════════════════════════════════════════════════════════════
  TURN 37 — 3280 B.C. (4ms)
══════════════════════════════════════════════════════════════════════
  [Civ 1] Romans (despotism): 2 cities, 2 units, 83g, 11 techs, researching none (0/52)
    Rome: size=3, prod=Settlers (8sh), bldgs=Palace, Granary
    Thebes: size=2, prod=building:3 (8sh)
    Units: 1x Warriors, 1x Archers
  [Civ 2] Babylonians (despotism): 1 cities, 1 units, 47g, 11 techs, researching Currency (6/52)
    Babylon: size=1, prod=building:7 (76sh), bldgs=Palace, Granary
    Units: 1x Warriors
  [Civ 3] Germans (despotism): 1 cities, 1 units, 56g, 10 techs, researching Code of Laws (12/24)
    Berlin: size=2, prod=Wonder45 (35sh), bldgs=Palace
    Units: 1x Settlers
  [Civ 4] Egyptians (despotism): 1 cities, 1 units, 7g, 10 techs, researching Writing (3/24)
    Thebes: size=2, prod=building:3 (39sh), bldgs=Palace
    Units: 1x Warriors
  [Civ 1] Romans turn: 3 actions — SET_RESEARCH(1), MOVE_UNIT(1), UNIT_ORDER(1)
    SET_RESEARCH tech=Mysticism
    >>> Babylon built building:7
    CHANGE_PRODUCTION city=1

══════════════════════════════════════════════════════════════════════
  TURN 38 — 3260 B.C. (4ms)
══════════════════════════════════════════════════════════════════════
  [Civ 1] Romans (despotism): 2 cities, 2 units, 85g, 11 techs, researching Mysticism (6/52)
    Rome: size=3, prod=Settlers (12sh), bldgs=Palace, Granary
    Thebes: size=2, prod=building:3 (10sh)
    Units: 1x Warriors, 1x Archers
  [Civ 2] Babylonians (despotism): 1 cities, 1 units, 46g, 11 techs, researching Currency (8/52)
    Babylon: size=1, prod=Wonder40 (0sh), bldgs=Palace, Granary, Courthouse
    Units: 1x Warriors
  [Civ 3] Germans (despotism): 1 cities, 1 units, 58g, 10 techs, researching Code of Laws (15/24)
    Berlin: size=2, prod=Wonder45 (38sh), bldgs=Palace
    Units: 1x Settlers
  [Civ 4] Egyptians (despotism): 1 cities, 1 units, 7g, 10 techs, researching Writing (4/24)
    Thebes: size=2, prod=building:3 (42sh), bldgs=Palace
    Units: 1x Warriors
  [Civ 1] Romans turn: 2 actions — MOVE_UNIT(1), UNIT_ORDER(1)
    ADJUST_ATTITUDE target=civ1
    ADJUST_ATTITUDE target=civ1
    ADJUST_ATTITUDE target=civ1

══════════════════════════════════════════════════════════════════════
  TURN 39 — 3240 B.C. (6ms)
══════════════════════════════════════════════════════════════════════
  [Civ 1] Romans (despotism): 2 cities, 2 units, 87g, 11 techs, researching Mysticism (12/52)
    Rome: size=3, prod=Settlers (16sh), bldgs=Palace, Granary
    Thebes: size=2, prod=building:3 (12sh)
    Units: 1x Warriors, 1x Archers
  [Civ 2] Babylonians (despotism): 1 cities, 1 units, 45g, 11 techs, researching Currency (10/52)
    Babylon: size=1, prod=Wonder40 (4sh), bldgs=Palace, Granary, Courthouse
    Units: 1x Warriors
  [Civ 3] Germans (despotism): 1 cities, 1 units, 60g, 10 techs, researching Code of Laws (18/24)
    Berlin: size=2, prod=Wonder45 (41sh), bldgs=Palace
    Units: 1x Settlers
  [Civ 4] Egyptians (despotism): 1 cities, 1 units, 7g, 10 techs, researching Writing (5/24)
    Thebes: size=2, prod=building:3 (45sh), bldgs=Palace
    Units: 1x Warriors
  [Civ 1] Romans turn: 2 actions — MOVE_UNIT(1), UNIT_ORDER(1)
    COMBAT: ? vs ? → capture (atkHp=undefined, defHp=undefined)

══════════════════════════════════════════════════════════════════════
  TURN 40 — 3220 B.C. (5ms)
══════════════════════════════════════════════════════════════════════
  [Civ 1] Romans (despotism): 3 cities, 2 units, 93g, 12 techs, researching Mysticism (19/57)
    Rome: size=3, prod=Settlers (20sh), bldgs=Palace, Granary
    Thebes: size=2, prod=building:3 (14sh)
    Thebes: size=1, prod=Warriors (2sh)
    Units: 1x Warriors, 1x Archers
  [Civ 2] Babylonians (despotism): 1 cities, 1 units, 44g, 11 techs, researching Currency (12/26)
    Babylon: size=1, prod=Wonder40 (8sh), bldgs=Palace, Granary, Courthouse
    Units: 1x Warriors
  [Civ 3] Germans (despotism): 1 cities, 1 units, 62g, 10 techs, researching Code of Laws (21/24)
    Berlin: size=2, prod=Wonder45 (44sh), bldgs=Palace
    Units: 1x Settlers
  [Civ 4] Egyptians (despotism): 0 cities, 1 units, 3g, 10 techs, researching Writing (5/24)
    Units: 1x Warriors
  [Civ 1] Romans turn: 4 actions — CHANGE_PRODUCTION(2), UNIT_ORDER(2)
    CHANGE_PRODUCTION city=3
    CHANGE_PRODUCTION city=4
    SET_RESEARCH tech=Astronomy
    >>> Germans discovered: Code of Laws
    SET_RESEARCH tech=Monarchy

══════════════════════════════════════════════════════════════════════
  TURN 41 — 3200 B.C. (6ms)
══════════════════════════════════════════════════════════════════════
  [Civ 1] Romans (despotism): 3 cities, 2 units, 95g, 12 techs, researching Mysticism (26/57)
    Rome: size=3, prod=Settlers (24sh), bldgs=Palace, Granary
    Thebes: size=2, prod=Legion (2sh)
    Thebes: size=1, prod=Legion (3sh)
    Units: 1x Warriors, 1x Archers
  [Civ 2] Babylonians (despotism): 1 cities, 1 units, 43g, 12 techs, researching Astronomy (14/57)
    Babylon: size=1, prod=Wonder40 (12sh), bldgs=Palace, Granary, Courthouse
    Units: 1x Warriors
  [Civ 3] Germans (despotism): 1 cities, 1 units, 62g, 12 techs, researching Monarchy (0/57)
    Berlin: size=2, prod=Wonder45 (47sh), bldgs=Palace
    Units: 1x Settlers
  [Civ 4] Egyptians (despotism): 0 cities, 1 units, 3g, 10 techs, researching Writing (5/24)
    Units: 1x Warriors
  [Civ 1] Romans turn: 0 actions — idle
    >>> Thebes grew to size 3

══════════════════════════════════════════════════════════════════════
  TURN 42 — 3180 B.C. (5ms)
══════════════════════════════════════════════════════════════════════
  [Civ 1] Romans (despotism): 3 cities, 2 units, 97g, 13 techs, researching Mysticism (34/62)
    Rome: size=3, prod=Settlers (28sh), bldgs=Palace, Granary
    Thebes: size=3, prod=Legion (4sh)
    Thebes: size=1, prod=Legion (5sh)
    Units: 1x Warriors, 1x Archers
  [Civ 2] Babylonians (despotism): 1 cities, 1 units, 42g, 12 techs, researching Astronomy (16/28)
    Babylon: size=1, prod=Wonder40 (16sh), bldgs=Palace, Granary, Courthouse
    Units: 1x Warriors
  [Civ 3] Germans (despotism): 1 cities, 1 units, 64g, 12 techs, researching Monarchy (3/28)
    Berlin: size=2, prod=Wonder45 (50sh), bldgs=Palace
    Units: 1x Settlers
  [Civ 4] Egyptians (despotism): 0 cities, 1 units, 3g, 11 techs, researching Writing (5/26)
    Units: 1x Warriors
  [Civ 1] Romans turn: 0 actions — idle

══════════════════════════════════════════════════════════════════════
  TURN 43 — 3160 B.C. (7ms)
══════════════════════════════════════════════════════════════════════
  [Civ 1] Romans (despotism): 3 cities, 2 units, 99g, 13 techs, researching Mysticism (42/62)
    Rome: size=3, prod=Settlers (32sh), bldgs=Palace, Granary
    Thebes: size=3, prod=Legion (7sh)
    Thebes: size=1, prod=Legion (7sh)
    Units: 1x Warriors, 1x Archers
  [Civ 2] Babylonians (despotism): 1 cities, 1 units, 41g, 12 techs, researching Astronomy (18/28)
    Babylon: size=1, prod=Wonder40 (20sh), bldgs=Palace, Granary, Courthouse
    Units: 1x Warriors
  [Civ 3] Germans (despotism): 1 cities, 1 units, 66g, 12 techs, researching Monarchy (6/28)
    Berlin: size=2, prod=Wonder45 (53sh), bldgs=Palace
    Units: 1x Settlers
  [Civ 4] Egyptians (despotism): 0 cities, 1 units, 3g, 11 techs, researching Writing (5/26)
    Units: 1x Warriors
  [Civ 1] Romans turn: 0 actions — idle

══════════════════════════════════════════════════════════════════════
  TURN 44 — 3140 B.C. (6ms)
══════════════════════════════════════════════════════════════════════
  [Civ 1] Romans (despotism): 3 cities, 2 units, 101g, 13 techs, researching Mysticism (50/62)
    Rome: size=3, prod=Settlers (36sh), bldgs=Palace, Granary
    Thebes: size=3, prod=Legion (10sh)
    Thebes: size=1, prod=Legion (9sh)
    Units: 1x Warriors, 1x Archers
  [Civ 2] Babylonians (despotism): 1 cities, 1 units, 40g, 12 techs, researching Astronomy (20/28)
    Babylon: size=1, prod=Wonder40 (24sh), bldgs=Palace, Granary, Courthouse
    Units: 1x Warriors
  [Civ 3] Germans (despotism): 1 cities, 1 units, 68g, 12 techs, researching Monarchy (9/28)
    Berlin: size=2, prod=Wonder45 (56sh), bldgs=Palace
    Units: 1x Settlers
  [Civ 4] Egyptians (despotism): 0 cities, 1 units, 3g, 11 techs, researching Writing (5/26)
    Units: 1x Warriors
  [Civ 1] Romans turn: 1 actions — RUSH_BUY(1)
    RUSH_BUY city=0
    >>> Rome grew to size 4
    >>> Rome built Settlers

══════════════════════════════════════════════════════════════════════
  TURN 45 — 3120 B.C. (8ms)
══════════════════════════════════════════════════════════════════════
  [Civ 1] Romans (despotism): 3 cities, 3 units, 95g, 13 techs, researching Mysticism (57/62)
    Rome: size=2, prod=Settlers (4sh), bldgs=Palace, Granary
    Thebes: size=3, prod=Legion (13sh)
    Thebes: size=1, prod=Legion (11sh)
    Units: 1x Warriors, 1x Archers, 1x Settlers
  [Civ 2] Babylonians (despotism): 1 cities, 1 units, 39g, 12 techs, researching Astronomy (22/28)
    Babylon: size=1, prod=Wonder40 (28sh), bldgs=Palace, Granary, Courthouse
    Units: 1x Warriors
  [Civ 3] Germans (despotism): 1 cities, 1 units, 70g, 12 techs, researching Monarchy (12/28)
    Berlin: size=2, prod=Wonder45 (59sh), bldgs=Palace
    Units: 1x Settlers
  [Civ 4] Egyptians (despotism): 0 cities, 1 units, 3g, 11 techs, researching Writing (5/26)
    Units: 1x Warriors
  [Civ 1] Romans turn: 0 actions — idle
    >>> Romans discovered: Mysticism

══════════════════════════════════════════════════════════════════════
  TURN 46 — 3100 B.C. (4ms)
══════════════════════════════════════════════════════════════════════
  [Civ 1] Romans (despotism): 3 cities, 3 units, 95g, 14 techs, researching none (0/67)
    Rome: size=2, prod=Settlers (7sh), bldgs=Palace, Granary
    Thebes: size=3, prod=Legion (16sh)
    Thebes: size=1, prod=Legion (13sh)
    Units: 1x Warriors, 1x Archers, 1x Settlers
  [Civ 2] Babylonians (despotism): 1 cities, 1 units, 38g, 12 techs, researching Astronomy (24/28)
    Babylon: size=1, prod=Wonder40 (32sh), bldgs=Palace, Granary, Courthouse
    Units: 1x Warriors
  [Civ 3] Germans (despotism): 1 cities, 1 units, 72g, 12 techs, researching Monarchy (15/28)
    Berlin: size=2, prod=Wonder45 (62sh), bldgs=Palace
    Units: 1x Settlers
  [Civ 4] Egyptians (despotism): 0 cities, 1 units, 3g, 11 techs, researching Writing (5/26)
    Units: 1x Warriors
  [Civ 1] Romans turn: 3 actions — SET_RESEARCH(1), WORKER_ORDER(1), UNIT_ORDER(1)
    SET_RESEARCH tech=Astronomy

══════════════════════════════════════════════════════════════════════
  TURN 47 — 3080 B.C. (5ms)
══════════════════════════════════════════════════════════════════════
  [Civ 1] Romans (despotism): 3 cities, 3 units, 97g, 14 techs, researching Astronomy (7/67)
    Rome: size=2, prod=Settlers (10sh), bldgs=Palace, Granary
    Thebes: size=3, prod=Legion (19sh)
    Thebes: size=1, prod=Legion (15sh)
    Units: 1x Warriors, 1x Archers, 1x Settlers
  [Civ 2] Babylonians (despotism): 1 cities, 1 units, 37g, 12 techs, researching Astronomy (26/28)
    Babylon: size=1, prod=Wonder40 (36sh), bldgs=Palace, Granary, Courthouse
    Units: 1x Warriors
  [Civ 3] Germans (despotism): 1 cities, 1 units, 74g, 12 techs, researching Monarchy (18/28)
    Berlin: size=2, prod=Wonder45 (65sh), bldgs=Palace
    Units: 1x Settlers
  [Civ 4] Egyptians (despotism): 0 cities, 1 units, 3g, 11 techs, researching Writing (5/26)
    Units: 1x Warriors
  [Civ 1] Romans turn: 0 actions — idle
    >>> Babylonians discovered: Astronomy
    SET_RESEARCH tech=Construction

══════════════════════════════════════════════════════════════════════
  TURN 48 — 3060 B.C. (6ms)
══════════════════════════════════════════════════════════════════════
  [Civ 1] Romans (despotism): 3 cities, 3 units, 99g, 14 techs, researching Astronomy (14/67)
    Rome: size=2, prod=Settlers (13sh), bldgs=Palace, Granary
    Thebes: size=3, prod=Legion (22sh)
    Thebes: size=1, prod=Legion (17sh)
    Units: 1x Warriors, 1x Archers, 1x Settlers
  [Civ 2] Babylonians (despotism): 1 cities, 1 units, 37g, 13 techs, researching Construction (0/31)
    Babylon: size=1, prod=Wonder40 (40sh), bldgs=Palace, Granary, Courthouse
    Units: 1x Warriors
  [Civ 3] Germans (despotism): 1 cities, 1 units, 76g, 13 techs, researching Monarchy (21/31)
    Berlin: size=2, prod=Wonder45 (68sh), bldgs=Palace
    Units: 1x Settlers
  [Civ 4] Egyptians (despotism): 0 cities, 1 units, 3g, 12 techs, researching Writing (5/28)
    Units: 1x Warriors
  [Civ 1] Romans turn: 0 actions — idle
    >>> Thebes grew to size 2

══════════════════════════════════════════════════════════════════════
  TURN 49 — 3040 B.C. (4ms)
══════════════════════════════════════════════════════════════════════
  [Civ 1] Romans (despotism): 3 cities, 3 units, 101g, 14 techs, researching Astronomy (21/67)
    Rome: size=2, prod=Settlers (16sh), bldgs=Palace, Granary
    Thebes: size=3, prod=Legion (25sh)
    Thebes: size=2, prod=Legion (19sh)
    Units: 1x Warriors, 1x Archers, 1x Settlers
  [Civ 2] Babylonians (despotism): 1 cities, 1 units, 36g, 13 techs, researching Construction (2/31)
    Babylon: size=1, prod=Wonder40 (44sh), bldgs=Palace, Granary, Courthouse
    Units: 1x Warriors
  [Civ 3] Germans (despotism): 1 cities, 1 units, 78g, 13 techs, researching Monarchy (24/31)
    Berlin: size=2, prod=Wonder45 (71sh), bldgs=Palace
    Units: 1x Settlers
  [Civ 4] Egyptians (despotism): 0 cities, 1 units, 3g, 12 techs, researching Writing (5/28)
    Units: 1x Warriors
  [Civ 1] Romans turn: 0 actions — idle

══════════════════════════════════════════════════════════════════════
  FINAL SUMMARY
══════════════════════════════════════════════════════════════════════
Game ended at turn 50 (3020 B.C.)

── Civ 1: Romans (despotism) ALIVE ──
  Cities: 3 (peak 3, founded 1)
  Units:  3 (peak 3)
  Treasury: 103g
  Techs discovered: 6 — Bronze Working, Iron Working, Map Making, Mathematics, The Wheel, Mysticism
  Actions: 76 total, 18 idle turns
  Breakdown: UNIT_ORDER(29), MOVE_UNIT(24), SET_RESEARCH(7), CHANGE_PRODUCTION(7), ADJUST_ATTITUDE(5), CHANGE_RATES(1), BUILD_CITY(1), RUSH_BUY(1), WORKER_ORDER(1)
  Army: 1x Warriors, 1x Archers, 1x Settlers
  Rome: size=2, shields=19
  Thebes: size=3, shields=28
  Thebes: size=2, shields=21

── Civ 2: Babylonians (despotism) ALIVE ──
  Cities: 1 (peak 1, founded 1)
  Units:  1 (peak 1)
  Treasury: 35g
  Techs discovered: 3 — Code of Laws, Mysticism, Astronomy
  Actions: 116 total, 0 idle turns
  Breakdown: UNIT_ORDER(51), MOVE_UNIT(50), SET_RESEARCH(6), CHANGE_PRODUCTION(4), ADJUST_ATTITUDE(3), CHANGE_RATES(1), BUILD_CITY(1)
  Army: 1x Warriors
  Babylon: size=1, shields=48

── Civ 3: Germans (despotism) ALIVE ──
  Cities: 1 (peak 1, founded 1)
  Units:  1 (peak 1)
  Treasury: 80g
  Techs discovered: 4 — Alphabet, Map Making, Seafaring, Code of Laws
  Actions: 21 total, 40 idle turns
  Breakdown: SET_RESEARCH(6), UNIT_ORDER(4), CHANGE_PRODUCTION(3), ADJUST_ATTITUDE(3), MOVE_UNIT(2), CHANGE_RATES(1), BUILD_CITY(1), WORKER_ORDER(1)
  Army: 1x Settlers
  Berlin: size=2, shields=74

── Civ 4: Egyptians (despotism) ALIVE ──
  Cities: 0 (peak 1, founded 2)
  Units:  1 (peak 2)
  Treasury: 3g
  Techs discovered: 2 — Bronze Working, Mathematics
  Actions: 126 total, 0 idle turns
  Breakdown: UNIT_ORDER(52), MOVE_UNIT(50), ADJUST_ATTITUDE(14), SET_RESEARCH(5), BUILD_CITY(2), CHANGE_PRODUCTION(2), CHANGE_RATES(1)
  Army: 1x Warriors


══════════════════════════════════════════════════════════════════════
  AI BEHAVIOR ANALYSIS
══════════════════════════════════════════════════════════════════════
[Civ 1] Romans:
  WARNING: Only 1 city after 30+ turns

[Civ 2] Babylonians:
  WARNING: Only 1 city after 30+ turns

[Civ 3] Germans:
  WARNING: Idle 40/50 turns (>50%)
  WARNING: Only 1 city after 30+ turns

[Civ 4] Egyptians:
  OK — no obvious issues detected

