Charlization AI Headless Simulation
Date: 2026-03-19T02:55:18.568Z
Settings: 50 turns, 4 AI players, 50x80 map, difficulty=prince
Map seed: 595
Map generated in 102ms
Game initialized: 4 civs, 11 starting units
  Civ 1 (Romans): starts at (15,61) on Grassland
  Civ 2 (Babylonians): starts at (44,8) on Plains
  Civ 3 (Germans): starts at (21,35) on Jungle
  Civ 4 (Egyptians): starts at (18,8) on Forest
    SET_RESEARCH tech=Bronze Working
    CHANGE_RATES sci=6 tax=4 lux=undefined
    BUILD_CITY unit=0 name="Rome"
    1 actions REJECTED (of 6)
    SET_RESEARCH tech=Alphabet
    CHANGE_RATES sci=6 tax=4 lux=undefined
    BUILD_CITY unit=2 name="Babylon"
    BUILD_CITY unit=8 name="Babylon"
    2 actions REJECTED (of 8)
    SET_RESEARCH tech=Alphabet
    CHANGE_RATES sci=6 tax=4 lux=undefined
    BUILD_CITY unit=4 name="Berlin"
    BUILD_CITY unit=9 name="Berlin"
    2 actions REJECTED (of 8)
    SET_RESEARCH tech=Code of Laws
    CHANGE_RATES sci=6 tax=4 lux=undefined
    BUILD_CITY unit=6 name="Thebes"
    BUILD_CITY unit=10 name="Thebes"
    2 actions REJECTED (of 8)

══════════════════════════════════════════════════════════════════════
  TURN 1 — 4000 B.C. (38ms)
══════════════════════════════════════════════════════════════════════
  [Civ 1] Romans (despotism): 1 cities, 1 units, 1g, 3 techs, researching Bronze Working (3/28)
    Rome: size=1, prod=Warriors (2sh), bldgs=Palace
    Units: 1x Warriors
  [Civ 2] Babylonians (despotism): 1 cities, 2 units, 0g, 3 techs, researching Alphabet (0/28)
    Babylon: size=1, prod=Warriors (0sh), bldgs=Palace
    Units: 1x Warriors, 1x Settlers
  [Civ 3] Germans (despotism): 1 cities, 2 units, 0g, 3 techs, researching Alphabet (0/28)
    Berlin: size=1, prod=Warriors (0sh), bldgs=Palace
    Units: 1x Warriors, 1x Settlers
  [Civ 4] Egyptians (despotism): 1 cities, 2 units, 0g, 3 techs, researching Code of Laws (0/28)
    Thebes: size=1, prod=Warriors (0sh), bldgs=Palace
    Units: 1x Warriors, 1x Settlers
  [Civ 1] Romans turn: 2 actions — MOVE_UNIT(1), UNIT_ORDER(1)
    CHANGE_PRODUCTION city=1
    CHANGE_PRODUCTION city=2
    CHANGE_PRODUCTION city=3

══════════════════════════════════════════════════════════════════════
  TURN 2 — 3980 B.C. (16ms)
══════════════════════════════════════════════════════════════════════
  [Civ 1] Romans (despotism): 1 cities, 1 units, 2g, 4 techs, researching Bronze Working (6/33)
    Rome: size=1, prod=Warriors (4sh), bldgs=Palace
    Units: 1x Warriors
  [Civ 2] Babylonians (despotism): 1 cities, 2 units, 1g, 4 techs, researching Alphabet (2/33)
    Babylon: size=1, prod=Archers (0sh), bldgs=Palace
    Units: 1x Warriors, 1x Settlers
  [Civ 3] Germans (despotism): 1 cities, 2 units, 2g, 5 techs, researching Alphabet (5/36)
    Berlin: size=1, prod=Archers (1sh), bldgs=Palace
    Units: 1x Warriors, 1x Settlers
  [Civ 4] Egyptians (despotism): 1 cities, 2 units, 0g, 6 techs, researching Code of Laws (1/36)
    Thebes: size=1, prod=Archers (2sh), bldgs=Palace
    Units: 1x Warriors, 1x Settlers
  [Civ 1] Romans turn: 2 actions — MOVE_UNIT(1), UNIT_ORDER(1)

══════════════════════════════════════════════════════════════════════
  TURN 3 — 3960 B.C. (7ms)
══════════════════════════════════════════════════════════════════════
  [Civ 1] Romans (despotism): 1 cities, 1 units, 3g, 4 techs, researching Bronze Working (9/33)
    Rome: size=1, prod=Warriors (6sh), bldgs=Palace
    Units: 1x Warriors
  [Civ 2] Babylonians (despotism): 1 cities, 2 units, 2g, 4 techs, researching Alphabet (4/33)
    Babylon: size=1, prod=Archers (1sh), bldgs=Palace
    Units: 1x Warriors, 1x Settlers
  [Civ 3] Germans (despotism): 1 cities, 2 units, 4g, 5 techs, researching Alphabet (10/36)
    Berlin: size=1, prod=Archers (3sh), bldgs=Palace
    Units: 1x Warriors, 1x Settlers
  [Civ 4] Egyptians (despotism): 1 cities, 2 units, 0g, 6 techs, researching Code of Laws (2/36)
    Thebes: size=1, prod=Archers (6sh), bldgs=Palace
    Units: 1x Warriors, 1x Settlers
  [Civ 1] Romans turn: 2 actions — MOVE_UNIT(1), UNIT_ORDER(1)

══════════════════════════════════════════════════════════════════════
  TURN 4 — 3940 B.C. (6ms)
══════════════════════════════════════════════════════════════════════
  [Civ 1] Romans (despotism): 1 cities, 1 units, 4g, 4 techs, researching Bronze Working (12/33)
    Rome: size=1, prod=Warriors (8sh), bldgs=Palace
    Units: 1x Warriors
  [Civ 2] Babylonians (despotism): 1 cities, 2 units, 3g, 4 techs, researching Alphabet (6/33)
    Babylon: size=1, prod=Archers (2sh), bldgs=Palace
    Units: 1x Warriors, 1x Settlers
  [Civ 3] Germans (despotism): 1 cities, 2 units, 6g, 5 techs, researching Alphabet (15/36)
    Berlin: size=1, prod=Archers (5sh), bldgs=Palace
    Units: 1x Warriors, 1x Settlers
  [Civ 4] Egyptians (despotism): 1 cities, 2 units, 0g, 6 techs, researching Code of Laws (3/36)
    Thebes: size=1, prod=Archers (10sh), bldgs=Palace
    Units: 1x Warriors, 1x Settlers
  [Civ 1] Romans turn: 2 actions — MOVE_UNIT(1), UNIT_ORDER(1)
    >>> Rome built Warriors

══════════════════════════════════════════════════════════════════════
  TURN 5 — 3920 B.C. (5ms)
══════════════════════════════════════════════════════════════════════
  [Civ 1] Romans (despotism): 1 cities, 2 units, 5g, 4 techs, researching Bronze Working (15/33)
    Rome: size=1, prod=Warriors (0sh), bldgs=Palace
    Units: 2x Warriors
  [Civ 2] Babylonians (despotism): 1 cities, 2 units, 4g, 4 techs, researching Alphabet (8/33)
    Babylon: size=1, prod=Archers (3sh), bldgs=Palace
    Units: 1x Warriors, 1x Settlers
  [Civ 3] Germans (despotism): 1 cities, 2 units, 8g, 5 techs, researching Alphabet (20/36)
    Berlin: size=1, prod=Archers (7sh), bldgs=Palace
    Units: 1x Warriors, 1x Settlers
  [Civ 4] Egyptians (despotism): 1 cities, 2 units, 0g, 6 techs, researching Code of Laws (4/36)
    Thebes: size=1, prod=Archers (14sh), bldgs=Palace
    Units: 1x Warriors, 1x Settlers
  [Civ 1] Romans turn: 3 actions — CHANGE_PRODUCTION(1), MOVE_UNIT(1), UNIT_ORDER(1)
    CHANGE_PRODUCTION city=0

══════════════════════════════════════════════════════════════════════
  TURN 6 — 3900 B.C. (5ms)
══════════════════════════════════════════════════════════════════════
  [Civ 1] Romans (despotism): 1 cities, 2 units, 6g, 4 techs, researching Bronze Working (18/33)
    Rome: size=1, prod=Archers (2sh), bldgs=Palace
    Units: 2x Warriors
  [Civ 2] Babylonians (despotism): 1 cities, 2 units, 5g, 4 techs, researching Alphabet (10/33)
    Babylon: size=1, prod=Archers (4sh), bldgs=Palace
    Units: 1x Warriors, 1x Settlers
  [Civ 3] Germans (despotism): 1 cities, 2 units, 10g, 5 techs, researching Alphabet (25/36)
    Berlin: size=1, prod=Archers (9sh), bldgs=Palace
    Units: 1x Warriors, 1x Settlers
  [Civ 4] Egyptians (despotism): 1 cities, 2 units, 0g, 6 techs, researching Code of Laws (5/36)
    Thebes: size=1, prod=Archers (18sh), bldgs=Palace
    Units: 1x Warriors, 1x Settlers
  [Civ 1] Romans turn: 4 actions — MOVE_UNIT(1), UNIT_ORDER(3)

══════════════════════════════════════════════════════════════════════
  TURN 7 — 3880 B.C. (5ms)
══════════════════════════════════════════════════════════════════════
  [Civ 1] Romans (despotism): 1 cities, 2 units, 7g, 4 techs, researching Bronze Working (21/33)
    Rome: size=1, prod=Archers (4sh), bldgs=Palace
    Units: 2x Warriors
  [Civ 2] Babylonians (despotism): 1 cities, 2 units, 6g, 4 techs, researching Alphabet (12/33)
    Babylon: size=1, prod=Archers (5sh), bldgs=Palace
    Units: 1x Warriors, 1x Settlers
  [Civ 3] Germans (despotism): 1 cities, 2 units, 12g, 5 techs, researching Alphabet (30/36)
    Berlin: size=1, prod=Archers (11sh), bldgs=Palace
    Units: 1x Warriors, 1x Settlers
  [Civ 4] Egyptians (despotism): 1 cities, 2 units, 0g, 6 techs, researching Code of Laws (6/36)
    Thebes: size=1, prod=Archers (22sh), bldgs=Palace
    Units: 1x Warriors, 1x Settlers
  [Civ 1] Romans turn: 2 actions — MOVE_UNIT(1), UNIT_ORDER(1)

══════════════════════════════════════════════════════════════════════
  TURN 8 — 3860 B.C. (5ms)
══════════════════════════════════════════════════════════════════════
  [Civ 1] Romans (despotism): 1 cities, 2 units, 8g, 4 techs, researching Bronze Working (24/33)
    Rome: size=1, prod=Archers (6sh), bldgs=Palace
    Units: 2x Warriors
  [Civ 2] Babylonians (despotism): 1 cities, 2 units, 7g, 4 techs, researching Alphabet (14/33)
    Babylon: size=1, prod=Archers (6sh), bldgs=Palace
    Units: 1x Warriors, 1x Settlers
  [Civ 3] Germans (despotism): 1 cities, 2 units, 14g, 5 techs, researching Alphabet (35/36)
    Berlin: size=1, prod=Archers (13sh), bldgs=Palace
    Units: 1x Warriors, 1x Settlers
  [Civ 4] Egyptians (despotism): 1 cities, 2 units, 0g, 6 techs, researching Code of Laws (7/36)
    Thebes: size=1, prod=Archers (26sh), bldgs=Palace
    Units: 1x Warriors, 1x Settlers
  [Civ 1] Romans turn: 2 actions — MOVE_UNIT(1), UNIT_ORDER(1)
    >>> Germans discovered: Alphabet
    SET_RESEARCH tech=Map Making
    >>> Thebes built Archers
    CHANGE_PRODUCTION city=3

══════════════════════════════════════════════════════════════════════
  TURN 9 — 3840 B.C. (9ms)
══════════════════════════════════════════════════════════════════════
  [Civ 1] Romans (despotism): 1 cities, 2 units, 9g, 4 techs, researching Bronze Working (27/33)
    Rome: size=1, prod=Archers (8sh), bldgs=Palace
    Units: 2x Warriors
  [Civ 2] Babylonians (despotism): 1 cities, 2 units, 8g, 4 techs, researching Alphabet (16/33)
    Babylon: size=1, prod=Archers (7sh), bldgs=Palace
    Units: 1x Warriors, 1x Settlers
  [Civ 3] Germans (despotism): 1 cities, 2 units, 14g, 6 techs, researching Map Making (0/36)
    Berlin: size=1, prod=Archers (15sh), bldgs=Palace
    Units: 1x Warriors, 1x Settlers
  [Civ 4] Egyptians (despotism): 1 cities, 3 units, 0g, 6 techs, researching Code of Laws (8/36)
    Thebes: size=1, prod=Horsemen (0sh), bldgs=Palace
    Units: 1x Warriors, 1x Settlers, 1x Archers
  [Civ 1] Romans turn: 2 actions — MOVE_UNIT(1), UNIT_ORDER(1)
    >>> Rome grew to size 2

══════════════════════════════════════════════════════════════════════
  TURN 10 — 3820 B.C. (6ms)
══════════════════════════════════════════════════════════════════════
  [Civ 1] Romans (despotism): 1 cities, 2 units, 11g, 5 techs, researching Bronze Working (30/36)
    Rome: size=2, prod=Archers (10sh), bldgs=Palace
    Units: 2x Warriors
  [Civ 2] Babylonians (despotism): 1 cities, 2 units, 38g, 4 techs, researching Alphabet (18/33)
    Babylon: size=1, prod=Archers (8sh), bldgs=Palace
    Units: 1x Warriors, 1x Settlers
  [Civ 3] Germans (despotism): 1 cities, 2 units, 16g, 6 techs, researching Map Making (5/36)
    Berlin: size=1, prod=Archers (17sh), bldgs=Palace
    Units: 1x Warriors, 1x Settlers
  [Civ 4] Egyptians (despotism): 1 cities, 3 units, 0g, 6 techs, researching Code of Laws (9/36)
    Thebes: size=1, prod=Horsemen (4sh), bldgs=Palace
    Units: 1x Warriors, 1x Settlers, 1x Archers
  [Civ 1] Romans turn: 2 actions — MOVE_UNIT(1), UNIT_ORDER(1)
    >>> Babylon grew to size 2
    SET_RESEARCH tech=Code of Laws
    END_TURN REJECTED: 1 units still need orders
      #13 Settlers(Settle) @(46,16) mv=3 ord=none hp=full

══════════════════════════════════════════════════════════════════════
  TURN 11 — 3800 B.C. (7ms)
══════════════════════════════════════════════════════════════════════
  [Civ 1] Romans (despotism): 1 cities, 2 units, 13g, 5 techs, researching Bronze Working (33/36)
    Rome: size=2, prod=Archers (13sh), bldgs=Palace
    Units: 2x Warriors
  [Civ 2] Babylonians (despotism): 1 cities, 3 units, 39g, 5 techs, researching Code of Laws (20/36)
    Babylon: size=2, prod=Archers (9sh), bldgs=Palace
    Units: 1x Warriors, 2x Settlers
  [Civ 3] Germans (despotism): 1 cities, 2 units, 18g, 6 techs, researching Map Making (10/36)
    Berlin: size=1, prod=Archers (19sh), bldgs=Palace
    Units: 1x Warriors, 1x Settlers
  [Civ 4] Egyptians (despotism): 1 cities, 3 units, 0g, 6 techs, researching Code of Laws (10/36)
    Thebes: size=1, prod=Horsemen (8sh), bldgs=Palace
    Units: 1x Warriors, 1x Settlers, 1x Archers
  [Civ 1] Romans turn: 2 actions — MOVE_UNIT(1), UNIT_ORDER(1)
    BUILD_CITY unit=13 name="Sumer"
    1 actions REJECTED (of 4)
    END_TURN REJECTED: 1 units still need orders
      #14 Settlers(Settle) @(18,24) mv=3 ord=none hp=full
    >>> Romans discovered: Bronze Working

══════════════════════════════════════════════════════════════════════
  TURN 12 — 3780 B.C. (7ms)
══════════════════════════════════════════════════════════════════════
  [Civ 1] Romans (despotism): 1 cities, 2 units, 13g, 6 techs, researching none (0/36)
    Rome: size=2, prod=Archers (16sh), bldgs=Palace
    Units: 2x Warriors
  [Civ 2] Babylonians (despotism): 2 cities, 2 units, 40g, 5 techs, researching Code of Laws (22/36)
    Babylon: size=2, prod=Archers (11sh), bldgs=Palace
    Sumer: size=1, prod=Warriors (0sh)
    Units: 1x Warriors, 1x Settlers
  [Civ 3] Germans (despotism): 1 cities, 3 units, 20g, 6 techs, researching Map Making (15/36)
    Berlin: size=1, prod=Archers (21sh), bldgs=Palace
    Units: 1x Warriors, 2x Settlers
  [Civ 4] Egyptians (despotism): 1 cities, 3 units, 0g, 6 techs, researching Code of Laws (11/36)
    Thebes: size=1, prod=Horsemen (12sh), bldgs=Palace
    Units: 1x Warriors, 1x Settlers, 1x Archers
  [Civ 1] Romans turn: 3 actions — SET_RESEARCH(1), MOVE_UNIT(1), UNIT_ORDER(1)
    SET_RESEARCH tech=Iron Working
    BUILD_CITY unit=14 name="Hamburg"
    1 actions REJECTED (of 4)

══════════════════════════════════════════════════════════════════════
  TURN 13 — 3760 B.C. (7ms)
══════════════════════════════════════════════════════════════════════
  [Civ 1] Romans (despotism): 1 cities, 2 units, 15g, 6 techs, researching Iron Working (3/36)
    Rome: size=2, prod=Archers (19sh), bldgs=Palace
    Units: 2x Warriors
  [Civ 2] Babylonians (despotism): 2 cities, 2 units, 41g, 5 techs, researching Code of Laws (26/36)
    Babylon: size=2, prod=Archers (13sh), bldgs=Palace
    Sumer: size=1, prod=Warriors (2sh)
    Units: 1x Warriors, 1x Settlers
  [Civ 3] Germans (despotism): 2 cities, 2 units, 22g, 6 techs, researching Map Making (20/36)
    Berlin: size=1, prod=Archers (23sh), bldgs=Palace
    Hamburg: size=1, prod=Warriors (0sh)
    Units: 1x Warriors, 1x Settlers
  [Civ 4] Egyptians (despotism): 1 cities, 3 units, 0g, 6 techs, researching Code of Laws (12/36)
    Thebes: size=1, prod=Horsemen (16sh), bldgs=Palace
    Units: 1x Warriors, 1x Settlers, 1x Archers
  [Civ 1] Romans turn: 2 actions — MOVE_UNIT(1), UNIT_ORDER(1)
    >>> Thebes built Horsemen
    CHANGE_PRODUCTION city=3

══════════════════════════════════════════════════════════════════════
  TURN 14 — 3740 B.C. (8ms)
══════════════════════════════════════════════════════════════════════
  [Civ 1] Romans (despotism): 1 cities, 2 units, 17g, 6 techs, researching Iron Working (6/36)
    Rome: size=2, prod=Archers (22sh), bldgs=Palace
    Units: 2x Warriors
  [Civ 2] Babylonians (despotism): 2 cities, 2 units, 42g, 6 techs, researching Code of Laws (30/36)
    Babylon: size=2, prod=Archers (15sh), bldgs=Palace
    Sumer: size=1, prod=Warriors (4sh)
    Units: 1x Warriors, 1x Settlers
  [Civ 3] Germans (despotism): 2 cities, 2 units, 25g, 6 techs, researching Map Making (26/36)
    Berlin: size=1, prod=Archers (25sh), bldgs=Palace
    Hamburg: size=1, prod=Warriors (1sh)
    Units: 1x Warriors, 1x Settlers
  [Civ 4] Egyptians (despotism): 1 cities, 4 units, 0g, 7 techs, researching Code of Laws (13/33)
    Thebes: size=1, prod=building:8 (0sh), bldgs=Palace
    Units: 1x Warriors, 1x Settlers, 1x Archers, 1x Horsemen
  [Civ 1] Romans turn: 2 actions — MOVE_UNIT(1), UNIT_ORDER(1)

══════════════════════════════════════════════════════════════════════
  TURN 15 — 3720 B.C. (7ms)
══════════════════════════════════════════════════════════════════════
  [Civ 1] Romans (despotism): 1 cities, 2 units, 19g, 6 techs, researching Iron Working (9/36)
    Rome: size=2, prod=Archers (25sh), bldgs=Palace
    Units: 2x Warriors
  [Civ 2] Babylonians (despotism): 2 cities, 2 units, 43g, 6 techs, researching Code of Laws (34/36)
    Babylon: size=2, prod=Archers (17sh), bldgs=Palace
    Sumer: size=1, prod=Warriors (6sh)
    Units: 1x Warriors, 1x Settlers
  [Civ 3] Germans (despotism): 2 cities, 2 units, 28g, 6 techs, researching Map Making (32/36)
    Berlin: size=1, prod=Archers (27sh), bldgs=Palace
    Hamburg: size=1, prod=Warriors (2sh)
    Units: 1x Warriors, 1x Settlers
  [Civ 4] Egyptians (despotism): 1 cities, 4 units, 0g, 7 techs, researching Code of Laws (14/33)
    Thebes: size=1, prod=building:8 (3sh), bldgs=Palace
    Units: 1x Warriors, 1x Settlers, 1x Archers, 1x Horsemen
  [Civ 1] Romans turn: 2 actions — MOVE_UNIT(1), UNIT_ORDER(1)
    >>> Babylonians discovered: Code of Laws
    SET_RESEARCH tech=Map Making
    >>> Germans discovered: Map Making
    SET_RESEARCH tech=Mathematics

══════════════════════════════════════════════════════════════════════
  TURN 16 — 3700 B.C. (7ms)
══════════════════════════════════════════════════════════════════════
  [Civ 1] Romans (despotism): 1 cities, 2 units, 21g, 6 techs, researching Iron Working (12/36)
    Rome: size=2, prod=Archers (28sh), bldgs=Palace
    Units: 2x Warriors
  [Civ 2] Babylonians (despotism): 2 cities, 2 units, 43g, 7 techs, researching Map Making (0/33)
    Babylon: size=2, prod=Archers (19sh), bldgs=Palace
    Sumer: size=1, prod=Warriors (8sh)
    Units: 1x Warriors, 1x Settlers
  [Civ 3] Germans (despotism): 2 cities, 2 units, 28g, 7 techs, researching Mathematics (0/33)
    Berlin: size=1, prod=Archers (29sh), bldgs=Palace
    Hamburg: size=1, prod=Warriors (3sh)
    Units: 1x Warriors, 1x Settlers
  [Civ 4] Egyptians (despotism): 1 cities, 4 units, 0g, 7 techs, researching Code of Laws (15/33)
    Thebes: size=1, prod=building:8 (6sh), bldgs=Palace
    Units: 1x Warriors, 1x Settlers, 1x Archers, 1x Horsemen
  [Civ 1] Romans turn: 2 actions — MOVE_UNIT(1), UNIT_ORDER(1)
    >>> Sumer built Warriors
    CHANGE_PRODUCTION city=4
    >>> Berlin built Archers
    CHANGE_PRODUCTION city=2
    >>> Rome built Archers

══════════════════════════════════════════════════════════════════════
  TURN 17 — 3680 B.C. (5ms)
══════════════════════════════════════════════════════════════════════
  [Civ 1] Romans (despotism): 1 cities, 3 units, 23g, 6 techs, researching Iron Working (15/36)
    Rome: size=2, prod=Archers (1sh), bldgs=Palace
    Units: 2x Warriors, 1x Archers
  [Civ 2] Babylonians (despotism): 2 cities, 3 units, 44g, 7 techs, researching Map Making (4/33)
    Babylon: size=2, prod=Archers (21sh), bldgs=Palace
    Sumer: size=1, prod=Archers (0sh)
    Units: 2x Warriors, 1x Settlers
  [Civ 3] Germans (despotism): 2 cities, 3 units, 31g, 7 techs, researching Mathematics (6/33)
    Berlin: size=1, prod=Horsemen (0sh), bldgs=Palace
    Hamburg: size=1, prod=Warriors (4sh)
    Units: 1x Warriors, 1x Settlers, 1x Archers
  [Civ 4] Egyptians (despotism): 1 cities, 4 units, 0g, 7 techs, researching Code of Laws (16/33)
    Thebes: size=1, prod=building:8 (9sh), bldgs=Palace
    Units: 1x Warriors, 1x Settlers, 1x Archers, 1x Horsemen
  [Civ 1] Romans turn: 3 actions — CHANGE_PRODUCTION(1), MOVE_UNIT(1), UNIT_ORDER(1)
    CHANGE_PRODUCTION city=0

══════════════════════════════════════════════════════════════════════
  TURN 18 — 3660 B.C. (7ms)
══════════════════════════════════════════════════════════════════════
  [Civ 1] Romans (despotism): 1 cities, 3 units, 25g, 6 techs, researching Iron Working (18/36)
    Rome: size=2, prod=Horsemen (3sh), bldgs=Palace
    Units: 2x Warriors, 1x Archers
  [Civ 2] Babylonians (despotism): 2 cities, 3 units, 45g, 7 techs, researching Map Making (8/33)
    Babylon: size=2, prod=Archers (23sh), bldgs=Palace
    Sumer: size=1, prod=Archers (2sh)
    Units: 2x Warriors, 1x Settlers
  [Civ 3] Germans (despotism): 2 cities, 3 units, 34g, 7 techs, researching Mathematics (12/33)
    Berlin: size=1, prod=Horsemen (2sh), bldgs=Palace
    Hamburg: size=1, prod=Warriors (5sh)
    Units: 1x Warriors, 1x Settlers, 1x Archers
  [Civ 4] Egyptians (despotism): 1 cities, 4 units, 0g, 7 techs, researching Code of Laws (17/33)
    Thebes: size=1, prod=building:8 (12sh), bldgs=Palace
    Units: 1x Warriors, 1x Settlers, 1x Archers, 1x Horsemen
  [Civ 1] Romans turn: 4 actions — MOVE_UNIT(2), UNIT_ORDER(2)
    ADJUST_ATTITUDE target=civ1
    ADJUST_ATTITUDE target=civ1
    ADJUST_ATTITUDE target=civ1

══════════════════════════════════════════════════════════════════════
  TURN 19 — 3640 B.C. (9ms)
══════════════════════════════════════════════════════════════════════
  [Civ 1] Romans (despotism): 1 cities, 3 units, 27g, 6 techs, researching Iron Working (21/36)
    Rome: size=2, prod=Horsemen (6sh), bldgs=Palace
    Units: 2x Warriors, 1x Archers
  [Civ 2] Babylonians (despotism): 2 cities, 3 units, 46g, 7 techs, researching Map Making (12/33)
    Babylon: size=2, prod=Archers (25sh), bldgs=Palace
    Sumer: size=1, prod=Archers (4sh)
    Units: 2x Warriors, 1x Settlers
  [Civ 3] Germans (despotism): 2 cities, 3 units, 37g, 7 techs, researching Mathematics (18/33)
    Berlin: size=1, prod=Horsemen (4sh), bldgs=Palace
    Hamburg: size=1, prod=Warriors (6sh)
    Units: 1x Warriors, 1x Settlers, 1x Archers
  [Civ 4] Egyptians (despotism): 1 cities, 4 units, 0g, 7 techs, researching Code of Laws (18/33)
    Thebes: size=1, prod=building:8 (15sh), bldgs=Palace
    Units: 1x Warriors, 1x Settlers, 1x Archers, 1x Horsemen
  [Civ 1] Romans turn: 3 actions — MOVE_UNIT(2), UNIT_ORDER(1)
    COMBAT: ? vs ? → capture (atkHp=undefined, defHp=undefined)

══════════════════════════════════════════════════════════════════════
  TURN 20 — 3620 B.C. (11ms)
══════════════════════════════════════════════════════════════════════
  [Civ 1] Romans (despotism): 1 cities, 3 units, 29g, 6 techs, researching Iron Working (24/36)
    Rome: size=2, prod=Horsemen (9sh), bldgs=Palace
    Units: 2x Warriors, 1x Archers
  [Civ 2] Babylonians (despotism): 2 cities, 3 units, 47g, 7 techs, researching Map Making (16/33)
    Babylon: size=2, prod=Archers (27sh), bldgs=Palace
    Sumer: size=1, prod=Archers (6sh)
    Units: 2x Warriors, 1x Settlers
  [Civ 3] Germans (despotism): 1 cities, 3 units, 27g, 7 techs, researching Mathematics (24/33)
    Berlin: size=1, prod=Horsemen (6sh), bldgs=Palace
    Units: 1x Warriors, 1x Settlers, 1x Archers
  [Civ 4] Egyptians (despotism): 2 cities, 4 units, 13g, 7 techs, researching Code of Laws (19/33)
    Thebes: size=1, prod=building:8 (18sh), bldgs=Palace
    Hamburg: size=1, prod=Warriors (0sh)
    Units: 1x Warriors, 1x Settlers, 1x Archers, 1x Horsemen
  [Civ 1] Romans turn: 4 actions — MOVE_UNIT(2), UNIT_ORDER(2)
    END_TURN REJECTED: 1 units still need orders
      #19 Archers(Atk) @(19,36) mv=3 ord=none hp=full
    >>> Berlin grew to size 2
    >>> Thebes grew to size 2
    CHANGE_PRODUCTION city=5

══════════════════════════════════════════════════════════════════════
  TURN 21 — 3600 B.C. (13ms)
══════════════════════════════════════════════════════════════════════
  [Civ 1] Romans (despotism): 1 cities, 4 units, 31g, 6 techs, researching Iron Working (27/36)
    Rome: size=2, prod=Horsemen (12sh), bldgs=Palace
    Units: 2x Warriors, 2x Archers
  [Civ 2] Babylonians (despotism): 2 cities, 3 units, 48g, 7 techs, researching Map Making (20/33)
    Babylon: size=2, prod=Archers (29sh), bldgs=Palace
    Sumer: size=1, prod=Archers (8sh)
    Units: 2x Warriors, 1x Settlers
  [Civ 3] Germans (despotism): 1 cities, 3 units, 29g, 7 techs, researching Mathematics (30/33)
    Berlin: size=2, prod=Horsemen (8sh), bldgs=Palace
    Units: 1x Warriors, 1x Settlers, 1x Archers
  [Civ 4] Egyptians (despotism): 2 cities, 4 units, 14g, 7 techs, researching Code of Laws (22/33)
    Thebes: size=2, prod=building:8 (21sh), bldgs=Palace
    Hamburg: size=1, prod=building:8 (0sh)
    Units: 1x Warriors, 1x Settlers, 1x Archers, 1x Horsemen
  [Civ 1] Romans turn: 6 actions — MOVE_UNIT(3), UNIT_ORDER(3)
    >>> Babylon built Archers
    >>> Sumer grew to size 2
    CHANGE_PRODUCTION city=1
    CHANGE_PRODUCTION city=4
    >>> Germans discovered: Mathematics
    SET_RESEARCH tech=Currency

══════════════════════════════════════════════════════════════════════
  TURN 22 — 3580 B.C. (8ms)
══════════════════════════════════════════════════════════════════════
  [Civ 1] Romans (despotism): 1 cities, 4 units, 33g, 6 techs, researching Iron Working (30/36)
    Rome: size=2, prod=Horsemen (15sh), bldgs=Palace
    Units: 2x Warriors, 2x Archers
  [Civ 2] Babylonians (despotism): 2 cities, 4 units, 49g, 7 techs, researching Map Making (24/33)
    Babylon: size=2, prod=Horsemen (0sh), bldgs=Palace
    Sumer: size=2, prod=Horsemen (5sh)
    Units: 2x Warriors, 1x Settlers, 1x Archers
  [Civ 3] Germans (despotism): 1 cities, 3 units, 29g, 8 techs, researching Currency (0/28)
    Berlin: size=2, prod=Horsemen (12sh), bldgs=Palace
    Units: 1x Warriors, 1x Settlers, 1x Archers
  [Civ 4] Egyptians (despotism): 2 cities, 4 units, 15g, 7 techs, researching Code of Laws (25/33)
    Thebes: size=2, prod=building:8 (26sh), bldgs=Palace
    Hamburg: size=1, prod=building:8 (1sh)
    Units: 1x Warriors, 1x Settlers, 1x Archers, 1x Horsemen
  [Civ 1] Romans turn: 6 actions — MOVE_UNIT(3), UNIT_ORDER(3)
    ADJUST_ATTITUDE target=civ1
    ADJUST_ATTITUDE target=civ1
    ADJUST_ATTITUDE target=civ1
    ADJUST_ATTITUDE target=civ3
    ADJUST_ATTITUDE target=civ3

══════════════════════════════════════════════════════════════════════
  TURN 23 — 3560 B.C. (8ms)
══════════════════════════════════════════════════════════════════════
  [Civ 1] Romans (despotism): 1 cities, 4 units, 35g, 6 techs, researching Iron Working (33/36)
    Rome: size=2, prod=Horsemen (18sh), bldgs=Palace
    Units: 2x Warriors, 2x Archers
  [Civ 2] Babylonians (despotism): 2 cities, 4 units, 50g, 7 techs, researching Map Making (28/33)
    Babylon: size=2, prod=Horsemen (2sh), bldgs=Palace
    Sumer: size=2, prod=Horsemen (8sh)
    Units: 2x Warriors, 1x Settlers, 1x Archers
  [Civ 3] Germans (despotism): 1 cities, 3 units, 31g, 8 techs, researching Currency (6/28)
    Berlin: size=2, prod=Horsemen (16sh), bldgs=Palace
    Units: 1x Warriors, 1x Settlers, 1x Archers
  [Civ 4] Egyptians (despotism): 2 cities, 3 units, 16g, 7 techs, researching Code of Laws (28/33)
    Thebes: size=2, prod=building:8 (31sh), bldgs=Palace
    Hamburg: size=1, prod=building:8 (2sh)
    Units: 1x Warriors, 1x Settlers, 1x Archers
  [Civ 1] Romans turn: 6 actions — MOVE_UNIT(3), UNIT_ORDER(3)
    >>> Berlin built Horsemen
    ADJUST_ATTITUDE target=civ1
    ADJUST_ATTITUDE target=civ1
    ADJUST_ATTITUDE target=civ1
    CHANGE_PRODUCTION city=2
    CHANGE_PRODUCTION city=5
    >>> Rome built Horsemen

══════════════════════════════════════════════════════════════════════
  TURN 24 — 3540 B.C. (9ms)
══════════════════════════════════════════════════════════════════════
  [Civ 1] Romans (despotism): 1 cities, 5 units, 37g, 6 techs, researching Iron Working (35/36)
    Rome: size=2, prod=Horsemen (1sh), bldgs=Palace
    Units: 2x Warriors, 2x Archers, 1x Horsemen
  [Civ 2] Babylonians (despotism): 2 cities, 4 units, 51g, 8 techs, researching Map Making (32/28)
    Babylon: size=2, prod=Horsemen (4sh), bldgs=Palace
    Sumer: size=2, prod=Horsemen (11sh)
    Units: 2x Warriors, 1x Settlers, 1x Archers
  [Civ 3] Germans (despotism): 1 cities, 4 units, 33g, 8 techs, researching Currency (12/28)
    Berlin: size=2, prod=Catapult (0sh), bldgs=Palace
    Units: 1x Warriors, 1x Settlers, 1x Archers, 1x Horsemen
  [Civ 4] Egyptians (despotism): 2 cities, 3 units, 17g, 7 techs, researching Code of Laws (31/33)
    Thebes: size=2, prod=building:8 (36sh), bldgs=Palace
    Hamburg: size=1, prod=Horsemen (0sh)
    Units: 1x Warriors, 1x Settlers, 1x Archers
  [Civ 1] Romans turn: 7 actions — CHANGE_PRODUCTION(1), MOVE_UNIT(3), UNIT_ORDER(3)
    CHANGE_PRODUCTION city=0
    COMBAT: Warriors vs Settlers → defWin (atkHp=undefined, defHp=undefined)
    1 actions REJECTED (of 7)
    >>> Babylonians discovered: Map Making
    SET_RESEARCH tech=Literacy
    ADJUST_ATTITUDE target=civ1
    ADJUST_ATTITUDE target=civ1
    PROPOSE_TREATY treaty=peace target=civ1
    ADJUST_ATTITUDE target=civ1
    >>> Egyptians discovered: Code of Laws
    SET_RESEARCH tech=Map Making
    ADJUST_ATTITUDE target=civ3
    ADJUST_ATTITUDE target=civ3
    ADJUST_ATTITUDE target=civ3
    >>> Romans discovered: Iron Working
    >>> Rome grew to size 3

══════════════════════════════════════════════════════════════════════
  TURN 25 — 3520 B.C. (25ms)
══════════════════════════════════════════════════════════════════════
  [Civ 1] Romans (despotism): 1 cities, 4 units, 37g, 7 techs, researching none (0/33)
    Rome: size=3, prod=building:8 (2sh), bldgs=Palace
    Units: 1x Warriors, 2x Archers, 1x Horsemen
  [Civ 2] Babylonians (despotism): 2 cities, 4 units, 51g, 9 techs, researching Literacy (0/32)
    Babylon: size=2, prod=Horsemen (6sh), bldgs=Palace
    Sumer: size=2, prod=Horsemen (14sh)
    Units: 2x Warriors, 1x Settlers, 1x Archers
  [Civ 3] Germans (despotism): 1 cities, 4 units, 35g, 8 techs, researching Currency (18/28)
    Berlin: size=2, prod=Catapult (4sh), bldgs=Palace
    Units: 1x Warriors, 1x Settlers, 1x Archers, 1x Horsemen
  [Civ 4] Egyptians (despotism): 2 cities, 3 units, 17g, 8 techs, researching Map Making (0/28)
    Thebes: size=2, prod=building:8 (41sh), bldgs=Palace
    Hamburg: size=1, prod=Horsemen (1sh)
    Units: 1x Warriors, 1x Settlers, 1x Archers
  [Civ 1] Romans turn: 11 actions — SET_RESEARCH(1), ADJUST_ATTITUDE(2), RESPOND_TREATY(1), CHANGE_PRODUCTION(1), MOVE_UNIT(3), UNIT_ORDER(3)
    SET_RESEARCH tech=Map Making
    ADJUST_ATTITUDE target=civ3
    ADJUST_ATTITUDE target=civ3
    CHANGE_PRODUCTION city=0
    COMBAT: ? vs ? → capture (atkHp=undefined, defHp=undefined)
    >>> Babylon grew to size 3
    ADJUST_ATTITUDE target=civ1
    BUILD_CITY unit=9 name="Berlin"
    COMBAT: Archers vs Archers → defWin (atkHp=undefined, defHp=undefined)
    COMBAT: Horsemen vs Archers → defWin (atkHp=undefined, defHp=undefined)
    1 actions REJECTED (of 7)
    SET_RESEARCH tech=Mysticism

══════════════════════════════════════════════════════════════════════
  TURN 26 — 3500 B.C. (12ms)
══════════════════════════════════════════════════════════════════════
  [Civ 1] Romans (despotism): 2 cities, 4 units, 63g, 9 techs, researching Map Making (7/32)
    Rome: size=3, prod=Legion (4sh), bldgs=Palace
    Berlin: size=1, prod=Warriors (2sh)
    Units: 1x Warriors, 2x Archers, 1x Horsemen
  [Civ 2] Babylonians (despotism): 2 cities, 4 units, 52g, 9 techs, researching Literacy (5/32)
    Babylon: size=3, prod=Horsemen (8sh), bldgs=Palace
    Sumer: size=2, prod=Horsemen (17sh)
    Units: 2x Warriors, 1x Settlers, 1x Archers
  [Civ 3] Germans (despotism): 1 cities, 1 units, 12g, 8 techs, researching Currency (18/28)
    Berlin: size=1, prod=Warriors (0sh), bldgs=Palace
    Units: 1x Warriors
  [Civ 4] Egyptians (despotism): 2 cities, 3 units, 18g, 9 techs, researching Mysticism (3/32)
    Thebes: size=2, prod=building:8 (46sh), bldgs=Palace
    Hamburg: size=1, prod=Horsemen (2sh)
    Units: 1x Warriors, 1x Settlers, 1x Archers
  [Civ 1] Romans turn: 8 actions — SET_RESEARCH(1), ADJUST_ATTITUDE(1), CHANGE_PRODUCTION(1), MOVE_UNIT(2), UNIT_ORDER(3)
    SET_RESEARCH tech=Currency
    ADJUST_ATTITUDE target=civ3
    CHANGE_PRODUCTION city=2
    END_TURN REJECTED: 1 units still need orders
      #31 Horsemen(Atk) @(16,64) mv=5 ord=none hp=full
    CHANGE_PRODUCTION city=1
    CHANGE_PRODUCTION city=4
    ADJUST_ATTITUDE target=civ1
    ADJUST_ATTITUDE target=civ3
    ADJUST_ATTITUDE target=civ3
    ADJUST_ATTITUDE target=civ3

══════════════════════════════════════════════════════════════════════
  TURN 27 — 3480 B.C. (12ms)
══════════════════════════════════════════════════════════════════════
  [Civ 1] Romans (despotism): 2 cities, 4 units, 66g, 9 techs, researching Currency (14/32)
    Rome: size=3, prod=Legion (8sh), bldgs=Palace
    Berlin: size=1, prod=Legion (3sh)
    Units: 1x Warriors, 2x Archers, 1x Horsemen
  [Civ 2] Babylonians (despotism): 2 cities, 5 units, 53g, 9 techs, researching Literacy (10/32)
    Babylon: size=3, prod=Trireme (6sh), bldgs=Palace
    Sumer: size=2, prod=Trireme (0sh)
    Units: 2x Warriors, 1x Settlers, 1x Archers, 1x Horsemen
  [Civ 3] Germans (despotism): 1 cities, 1 units, 13g, 9 techs, researching Currency (20/32)
    Berlin: size=1, prod=Warriors (1sh), bldgs=Palace
    Units: 1x Warriors
  [Civ 4] Egyptians (despotism): 2 cities, 3 units, 19g, 9 techs, researching Mysticism (6/32)
    Thebes: size=2, prod=building:8 (51sh), bldgs=Palace
    Hamburg: size=1, prod=Horsemen (3sh)
    Units: 1x Warriors, 1x Settlers, 1x Archers
  [Civ 1] Romans turn: 5 actions — ADJUST_ATTITUDE(1), MOVE_UNIT(2), UNIT_ORDER(2)
    ADJUST_ATTITUDE target=civ3
    ADJUST_ATTITUDE target=civ1
    ADJUST_ATTITUDE target=civ1

══════════════════════════════════════════════════════════════════════
  TURN 28 — 3460 B.C. (10ms)
══════════════════════════════════════════════════════════════════════
  [Civ 1] Romans (despotism): 2 cities, 4 units, 69g, 9 techs, researching Currency (21/32)
    Rome: size=3, prod=Legion (12sh), bldgs=Palace
    Berlin: size=1, prod=Legion (5sh)
    Units: 1x Warriors, 2x Archers, 1x Horsemen
  [Civ 2] Babylonians (despotism): 2 cities, 5 units, 54g, 9 techs, researching Literacy (15/32)
    Babylon: size=3, prod=Trireme (10sh), bldgs=Palace
    Sumer: size=2, prod=Trireme (3sh)
    Units: 2x Warriors, 1x Settlers, 1x Archers, 1x Horsemen
  [Civ 3] Germans (despotism): 1 cities, 1 units, 14g, 9 techs, researching Currency (22/32)
    Berlin: size=1, prod=Warriors (2sh), bldgs=Palace
    Units: 1x Warriors
  [Civ 4] Egyptians (despotism): 2 cities, 3 units, 20g, 9 techs, researching Mysticism (9/32)
    Thebes: size=2, prod=building:8 (56sh), bldgs=Palace
    Hamburg: size=1, prod=Horsemen (4sh)
    Units: 1x Warriors, 1x Settlers, 1x Archers
  [Civ 1] Romans turn: 5 actions — ADJUST_ATTITUDE(1), MOVE_UNIT(2), UNIT_ORDER(2)
    ADJUST_ATTITUDE target=civ3
    ADJUST_ATTITUDE target=civ1
    PROPOSE_TREATY treaty=ceasefire target=civ1
    ADJUST_ATTITUDE target=civ1
    ADJUST_ATTITUDE target=civ3
    ADJUST_ATTITUDE target=civ3
    ADJUST_ATTITUDE target=civ3
    ADJUST_ATTITUDE target=civ3
    DECLARE_WAR target=civ3
    ADJUST_ATTITUDE target=civ3
    DECLARE_WAR target=civ3
    ADJUST_ATTITUDE target=civ3
    ADJUST_ATTITUDE target=civ4
    1 actions REJECTED (of 9)
    END_TURN REJECTED: 2 units still need orders
      #10 Settlers(Settle) @(18,7) mv=3 ord=none hp=full
      #12 Archers(Atk) @(18,8) mv=3 ord=none hp=full

══════════════════════════════════════════════════════════════════════
  TURN 29 — 3440 B.C. (14ms)
══════════════════════════════════════════════════════════════════════
  [Civ 1] Romans (despotism): 2 cities, 4 units, 72g, 9 techs, researching Currency (28/32)
    Rome: size=3, prod=Legion (16sh), bldgs=Palace
    Berlin: size=1, prod=Legion (7sh)
    Units: 1x Warriors, 2x Archers, 1x Horsemen
  [Civ 2] Babylonians (despotism): 2 cities, 5 units, 55g, 9 techs, researching Literacy (20/32)
    Babylon: size=3, prod=Trireme (14sh), bldgs=Palace
    Sumer: size=2, prod=Trireme (6sh)
    Units: 2x Warriors, 1x Settlers, 1x Archers, 1x Horsemen
  [Civ 3] Germans (despotism): 1 cities, 1 units, 15g, 9 techs, researching Currency (24/32)
    Berlin: size=1, prod=Warriors (3sh), bldgs=Palace
    Units: 1x Warriors
  [Civ 4] Egyptians (despotism): 2 cities, 3 units, 21g, 9 techs, researching Mysticism (12/32)
    Thebes: size=2, prod=building:8 (61sh), bldgs=Palace
    Hamburg: size=1, prod=Horsemen (5sh)
    Units: 1x Warriors, 1x Settlers, 1x Archers
  [Civ 1] Romans turn: 7 actions — ADJUST_ATTITUDE(2), RESPOND_TREATY(1), MOVE_UNIT(2), UNIT_ORDER(2)
    ADJUST_ATTITUDE target=civ3
    ADJUST_ATTITUDE target=civ3
    ADJUST_ATTITUDE target=civ1
    ADJUST_ATTITUDE target=civ4
    PROPOSE_TREATY treaty=ceasefire target=civ4
    ADJUST_ATTITUDE target=civ4
    >>> Hamburg grew to size 2
    ADJUST_ATTITUDE target=civ3
    >>> Romans discovered: Currency

══════════════════════════════════════════════════════════════════════
  TURN 30 — 3420 B.C. (12ms)
══════════════════════════════════════════════════════════════════════
  [Civ 1] Romans (despotism): 2 cities, 4 units, 72g, 10 techs, researching none (0/48)
    Rome: size=3, prod=Legion (20sh), bldgs=Palace
    Berlin: size=1, prod=Legion (9sh)
    Units: 1x Warriors, 2x Archers, 1x Horsemen
  [Civ 2] Babylonians (despotism): 2 cities, 5 units, 56g, 9 techs, researching Literacy (25/21)
    Babylon: size=3, prod=Trireme (18sh), bldgs=Palace
    Sumer: size=2, prod=Trireme (9sh)
    Units: 2x Warriors, 1x Settlers, 1x Archers, 1x Horsemen
  [Civ 3] Germans (despotism): 1 cities, 1 units, 16g, 9 techs, researching Currency (26/21)
    Berlin: size=1, prod=Warriors (4sh), bldgs=Palace
    Units: 1x Warriors
  [Civ 4] Egyptians (despotism): 2 cities, 3 units, 22g, 9 techs, researching Mysticism (16/21)
    Thebes: size=2, prod=building:8 (66sh), bldgs=Palace
    Hamburg: size=2, prod=Horsemen (6sh)
    Units: 1x Warriors, 1x Settlers, 1x Archers
  [Civ 1] Romans turn: 6 actions — SET_RESEARCH(1), ADJUST_ATTITUDE(1), MOVE_UNIT(2), UNIT_ORDER(2)
    SET_RESEARCH tech=The Wheel
    ADJUST_ATTITUDE target=civ3
    >>> Babylonians discovered: Literacy
    SET_RESEARCH tech=Seafaring
    >>> Germans discovered: Currency
    SET_RESEARCH tech=Trade
    ADJUST_ATTITUDE target=civ1
    ADJUST_ATTITUDE target=civ4
    ADJUST_ATTITUDE target=civ1
    ADJUST_ATTITUDE target=civ4
    ADJUST_ATTITUDE target=civ3

══════════════════════════════════════════════════════════════════════
  TURN 31 — 3400 B.C. (18ms)
══════════════════════════════════════════════════════════════════════
  [Civ 1] Romans (despotism): 2 cities, 4 units, 109g, 10 techs, researching The Wheel (7/48)
    Rome: size=3, prod=Legion (24sh), bldgs=Palace
    Berlin: size=1, prod=Legion (11sh)
    Units: 1x Warriors, 2x Archers, 1x Horsemen
  [Civ 2] Babylonians (despotism): 2 cities, 5 units, 56g, 10 techs, researching Seafaring (0/48)
    Babylon: size=3, prod=Trireme (22sh), bldgs=Palace
    Sumer: size=2, prod=Trireme (12sh)
    Units: 2x Warriors, 1x Settlers, 1x Archers, 1x Horsemen
  [Civ 3] Germans (despotism): 1 cities, 1 units, 16g, 10 techs, researching Trade (0/48)
    Berlin: size=1, prod=Warriors (5sh), bldgs=Palace
    Units: 1x Warriors
  [Civ 4] Egyptians (despotism): 2 cities, 3 units, 23g, 9 techs, researching Mysticism (20/21)
    Thebes: size=2, prod=building:8 (71sh), bldgs=Palace
    Hamburg: size=2, prod=Horsemen (8sh)
    Units: 1x Warriors, 1x Settlers, 1x Archers
  [Civ 1] Romans turn: 5 actions — ADJUST_ATTITUDE(1), MOVE_UNIT(2), UNIT_ORDER(2)
    ADJUST_ATTITUDE target=civ3
    ADJUST_ATTITUDE target=civ1
    ADJUST_ATTITUDE target=civ4
    >>> Egyptians discovered: Mysticism
    SET_RESEARCH tech=Construction

══════════════════════════════════════════════════════════════════════
  TURN 32 — 3380 B.C. (12ms)
══════════════════════════════════════════════════════════════════════
  [Civ 1] Romans (despotism): 2 cities, 3 units, 112g, 10 techs, researching The Wheel (14/24)
    Rome: size=3, prod=Legion (28sh), bldgs=Palace
    Berlin: size=1, prod=Legion (13sh)
    Units: 1x Warriors, 2x Archers
  [Civ 2] Babylonians (despotism): 2 cities, 5 units, 57g, 10 techs, researching Seafaring (5/24)
    Babylon: size=3, prod=Trireme (26sh), bldgs=Palace
    Sumer: size=2, prod=Trireme (15sh)
    Units: 2x Warriors, 1x Settlers, 1x Archers, 1x Horsemen
  [Civ 3] Germans (despotism): 1 cities, 1 units, 17g, 10 techs, researching Trade (2/24)
    Berlin: size=1, prod=Warriors (6sh), bldgs=Palace
    Units: 1x Warriors
  [Civ 4] Egyptians (despotism): 2 cities, 3 units, 23g, 11 techs, researching Construction (0/52)
    Thebes: size=2, prod=building:8 (76sh), bldgs=Palace
    Hamburg: size=2, prod=Horsemen (10sh)
    Units: 1x Warriors, 1x Settlers, 1x Archers
  [Civ 1] Romans turn: 6 actions — ADJUST_ATTITUDE(4), MOVE_UNIT(1), UNIT_ORDER(1)
    ADJUST_ATTITUDE target=civ2
    ADJUST_ATTITUDE target=civ3
    ADJUST_ATTITUDE target=civ4
    ADJUST_ATTITUDE target=civ3
    ADJUST_ATTITUDE target=civ1
    ADJUST_ATTITUDE target=civ3
    ADJUST_ATTITUDE target=civ4
    >>> Berlin grew to size 2
    ADJUST_ATTITUDE target=civ1
    ADJUST_ATTITUDE target=civ2
    ADJUST_ATTITUDE target=civ4
    ADJUST_ATTITUDE target=civ1
    ADJUST_ATTITUDE target=civ4
    PROPOSE_TREATY treaty=ceasefire target=civ1
    ADJUST_ATTITUDE target=civ1
    >>> Thebes built building:8
    ADJUST_ATTITUDE target=civ1
    ADJUST_ATTITUDE target=civ2
    ADJUST_ATTITUDE target=civ3
    ADJUST_ATTITUDE target=civ3
    CHANGE_PRODUCTION city=3

══════════════════════════════════════════════════════════════════════
  TURN 33 — 3360 B.C. (11ms)
══════════════════════════════════════════════════════════════════════
  [Civ 1] Romans (despotism): 2 cities, 3 units, 115g, 10 techs, researching The Wheel (21/24)
    Rome: size=3, prod=Legion (32sh), bldgs=Palace
    Berlin: size=1, prod=Legion (15sh)
    Units: 1x Warriors, 2x Archers
  [Civ 2] Babylonians (despotism): 2 cities, 5 units, 58g, 11 techs, researching Seafaring (10/52)
    Babylon: size=3, prod=Trireme (30sh), bldgs=Palace
    Sumer: size=2, prod=Trireme (18sh)
    Units: 2x Warriors, 1x Settlers, 1x Archers, 1x Horsemen
  [Civ 3] Germans (despotism): 1 cities, 1 units, 19g, 10 techs, researching Trade (4/24)
    Berlin: size=2, prod=Warriors (7sh), bldgs=Palace
    Units: 1x Warriors
  [Civ 4] Egyptians (despotism): 2 cities, 3 units, 24g, 11 techs, researching Construction (4/52)
    Thebes: size=2, prod=Archers (0sh), bldgs=Palace, City Walls
    Hamburg: size=2, prod=Horsemen (12sh)
    Units: 1x Warriors, 1x Settlers, 1x Archers
  [Civ 1] Romans turn: 5 actions — ADJUST_ATTITUDE(2), RESPOND_TREATY(1), MOVE_UNIT(1), UNIT_ORDER(1)
    ADJUST_ATTITUDE target=civ3
    ADJUST_ATTITUDE target=civ3
    ADJUST_ATTITUDE target=civ1
    ADJUST_ATTITUDE target=civ4
    ADJUST_ATTITUDE target=civ1
    ADJUST_ATTITUDE target=civ4
    PROPOSE_TREATY treaty=ceasefire target=civ4
    ADJUST_ATTITUDE target=civ4
    ADJUST_ATTITUDE target=civ3
    >>> Romans discovered: The Wheel

══════════════════════════════════════════════════════════════════════
  TURN 34 — 3340 B.C. (7ms)
══════════════════════════════════════════════════════════════════════
  [Civ 1] Romans (despotism): 2 cities, 3 units, 115g, 11 techs, researching none (0/52)
    Rome: size=3, prod=Legion (36sh), bldgs=Palace
    Berlin: size=1, prod=Legion (17sh)
    Units: 1x Warriors, 2x Archers
  [Civ 2] Babylonians (despotism): 2 cities, 5 units, 59g, 11 techs, researching Seafaring (15/52)
    Babylon: size=3, prod=Trireme (34sh), bldgs=Palace
    Sumer: size=2, prod=Trireme (21sh)
    Units: 2x Warriors, 1x Settlers, 1x Archers, 1x Horsemen
  [Civ 3] Germans (despotism): 1 cities, 1 units, 21g, 10 techs, researching Trade (6/24)
    Berlin: size=2, prod=Warriors (9sh), bldgs=Palace
    Units: 1x Warriors
  [Civ 4] Egyptians (despotism): 2 cities, 3 units, 25g, 11 techs, researching Construction (8/52)
    Thebes: size=2, prod=Archers (5sh), bldgs=Palace, City Walls
    Hamburg: size=2, prod=Horsemen (14sh)
    Units: 1x Warriors, 1x Settlers, 1x Archers
  [Civ 1] Romans turn: 4 actions — SET_RESEARCH(1), ADJUST_ATTITUDE(1), MOVE_UNIT(1), UNIT_ORDER(1)
    SET_RESEARCH tech=Trade
    ADJUST_ATTITUDE target=civ3
    >>> Berlin built Warriors
    ADJUST_ATTITUDE target=civ1
    ADJUST_ATTITUDE target=civ4
    CHANGE_PRODUCTION city=6
    >>> Rome built Legion

══════════════════════════════════════════════════════════════════════
  TURN 35 — 3320 B.C. (13ms)
══════════════════════════════════════════════════════════════════════
  [Civ 1] Romans (despotism): 2 cities, 4 units, 118g, 11 techs, researching Trade (7/52)
    Rome: size=3, prod=Legion (0sh), bldgs=Palace
    Berlin: size=1, prod=Legion (19sh)
    Units: 1x Warriors, 2x Archers, 1x Legion
  [Civ 2] Babylonians (despotism): 2 cities, 5 units, 60g, 11 techs, researching Seafaring (20/52)
    Babylon: size=3, prod=Trireme (38sh), bldgs=Palace
    Sumer: size=2, prod=Trireme (24sh)
    Units: 2x Warriors, 1x Settlers, 1x Archers, 1x Horsemen
  [Civ 3] Germans (despotism): 1 cities, 2 units, 23g, 10 techs, researching Trade (8/24)
    Berlin: size=2, prod=Archers (0sh), bldgs=Palace
    Units: 2x Warriors
  [Civ 4] Egyptians (despotism): 2 cities, 3 units, 26g, 11 techs, researching Construction (12/52)
    Thebes: size=2, prod=Archers (10sh), bldgs=Palace, City Walls
    Hamburg: size=2, prod=Horsemen (16sh)
    Units: 1x Warriors, 1x Settlers, 1x Archers
  [Civ 1] Romans turn: 4 actions — ADJUST_ATTITUDE(1), CHANGE_PRODUCTION(1), MOVE_UNIT(1), UNIT_ORDER(1)
    ADJUST_ATTITUDE target=civ3
    CHANGE_PRODUCTION city=0
    >>> Babylon built Trireme
    CHANGE_PRODUCTION city=1
    CHANGE_PRODUCTION city=4
    ADJUST_ATTITUDE target=civ1
    ADJUST_ATTITUDE target=civ4

══════════════════════════════════════════════════════════════════════
  TURN 36 — 3300 B.C. (10ms)
══════════════════════════════════════════════════════════════════════
  [Civ 1] Romans (despotism): 2 cities, 4 units, 121g, 11 techs, researching Trade (14/52)
    Rome: size=3, prod=Horsemen (4sh), bldgs=Palace
    Berlin: size=1, prod=Legion (21sh)
    Units: 1x Warriors, 2x Archers, 1x Legion
  [Civ 2] Babylonians (despotism): 2 cities, 6 units, 61g, 11 techs, researching Seafaring (25/52)
    Babylon: size=3, prod=building:8 (0sh), bldgs=Palace
    Sumer: size=2, prod=building:8 (0sh)
    Units: 2x Warriors, 1x Settlers, 1x Archers, 1x Horsemen, 1x Trireme
  [Civ 3] Germans (despotism): 1 cities, 2 units, 25g, 10 techs, researching Trade (10/24)
    Berlin: size=2, prod=Archers (2sh), bldgs=Palace
    Units: 2x Warriors
  [Civ 4] Egyptians (despotism): 2 cities, 3 units, 27g, 11 techs, researching Construction (16/52)
    Thebes: size=2, prod=Archers (15sh), bldgs=Palace, City Walls
    Hamburg: size=2, prod=Horsemen (18sh)
    Units: 1x Warriors, 1x Settlers, 1x Archers
  [Civ 1] Romans turn: 5 actions — ADJUST_ATTITUDE(1), MOVE_UNIT(2), UNIT_ORDER(2)
    ADJUST_ATTITUDE target=civ3
    >>> Sumer grew to size 3
    ADJUST_ATTITUDE target=civ1
    ADJUST_ATTITUDE target=civ4
    ADJUST_ATTITUDE target=civ1
    ADJUST_ATTITUDE target=civ4
    PROPOSE_TREATY treaty=ceasefire target=civ1
    ADJUST_ATTITUDE target=civ1
    >>> Hamburg built Horsemen
    ADJUST_ATTITUDE target=civ3
    CHANGE_PRODUCTION city=5

══════════════════════════════════════════════════════════════════════
  TURN 37 — 3280 B.C. (15ms)
══════════════════════════════════════════════════════════════════════
  [Civ 1] Romans (despotism): 2 cities, 4 units, 124g, 11 techs, researching Trade (21/52)
    Rome: size=3, prod=Horsemen (8sh), bldgs=Palace
    Berlin: size=1, prod=Legion (23sh)
    Units: 1x Warriors, 2x Archers, 1x Legion
  [Civ 2] Babylonians (despotism): 2 cities, 6 units, 62g, 11 techs, researching Seafaring (31/52)
    Babylon: size=3, prod=building:8 (4sh), bldgs=Palace
    Sumer: size=3, prod=building:8 (3sh)
    Units: 2x Warriors, 1x Settlers, 1x Archers, 1x Horsemen, 1x Trireme
  [Civ 3] Germans (despotism): 1 cities, 2 units, 27g, 10 techs, researching Trade (12/24)
    Berlin: size=2, prod=Archers (4sh), bldgs=Palace
    Units: 2x Warriors
  [Civ 4] Egyptians (despotism): 2 cities, 4 units, 28g, 11 techs, researching Construction (20/52)
    Thebes: size=2, prod=Archers (20sh), bldgs=Palace, City Walls
    Hamburg: size=2, prod=Trireme (0sh)
    Units: 1x Warriors, 1x Settlers, 1x Archers, 1x Horsemen
  [Civ 1] Romans turn: 6 actions — ADJUST_ATTITUDE(2), RESPOND_TREATY(1), MOVE_UNIT(2), UNIT_ORDER(1)
    ADJUST_ATTITUDE target=civ3
    ADJUST_ATTITUDE target=civ3
    ADJUST_ATTITUDE target=civ1
    ADJUST_ATTITUDE target=civ4
    PROPOSE_TREATY treaty=ceasefire target=civ4
    ADJUST_ATTITUDE target=civ4
    ADJUST_ATTITUDE target=civ3

══════════════════════════════════════════════════════════════════════
  TURN 38 — 3260 B.C. (8ms)
══════════════════════════════════════════════════════════════════════
  [Civ 1] Romans (despotism): 2 cities, 4 units, 127g, 11 techs, researching Trade (28/52)
    Rome: size=3, prod=Horsemen (12sh), bldgs=Palace
    Berlin: size=1, prod=Legion (25sh)
    Units: 1x Warriors, 2x Archers, 1x Legion
  [Civ 2] Babylonians (despotism): 2 cities, 6 units, 63g, 11 techs, researching Seafaring (37/52)
    Babylon: size=3, prod=building:8 (8sh), bldgs=Palace
    Sumer: size=3, prod=building:8 (7sh)
    Units: 2x Warriors, 1x Settlers, 1x Archers, 1x Horsemen, 1x Trireme
  [Civ 3] Germans (despotism): 1 cities, 2 units, 29g, 10 techs, researching Trade (14/24)
    Berlin: size=2, prod=Archers (6sh), bldgs=Palace
    Units: 2x Warriors
  [Civ 4] Egyptians (despotism): 2 cities, 4 units, 29g, 11 techs, researching Construction (24/52)
    Thebes: size=2, prod=Archers (25sh), bldgs=Palace, City Walls
    Hamburg: size=2, prod=Trireme (2sh)
    Units: 1x Warriors, 1x Settlers, 1x Archers, 1x Horsemen
  [Civ 1] Romans turn: 5 actions — ADJUST_ATTITUDE(1), MOVE_UNIT(2), UNIT_ORDER(2)
    ADJUST_ATTITUDE target=civ3
    ADJUST_ATTITUDE target=civ1
    ADJUST_ATTITUDE target=civ4
    >>> Thebes built Archers
    CHANGE_PRODUCTION city=3

══════════════════════════════════════════════════════════════════════
  TURN 39 — 3240 B.C. (11ms)
══════════════════════════════════════════════════════════════════════
  [Civ 1] Romans (despotism): 2 cities, 4 units, 130g, 11 techs, researching Trade (35/52)
    Rome: size=3, prod=Horsemen (16sh), bldgs=Palace
    Berlin: size=1, prod=Legion (27sh)
    Units: 1x Warriors, 2x Archers, 1x Legion
  [Civ 2] Babylonians (despotism): 2 cities, 6 units, 64g, 11 techs, researching Seafaring (43/52)
    Babylon: size=3, prod=building:8 (12sh), bldgs=Palace
    Sumer: size=3, prod=building:8 (11sh)
    Units: 2x Warriors, 1x Settlers, 1x Archers, 1x Horsemen, 1x Trireme
  [Civ 3] Germans (despotism): 1 cities, 2 units, 31g, 10 techs, researching Trade (16/24)
    Berlin: size=2, prod=Archers (8sh), bldgs=Palace
    Units: 2x Warriors
  [Civ 4] Egyptians (despotism): 2 cities, 5 units, 30g, 11 techs, researching Construction (28/52)
    Thebes: size=2, prod=Trireme (0sh), bldgs=Palace, City Walls
    Hamburg: size=2, prod=Trireme (4sh)
    Units: 1x Warriors, 1x Settlers, 2x Archers, 1x Horsemen
  [Civ 1] Romans turn: 5 actions — ADJUST_ATTITUDE(1), MOVE_UNIT(2), UNIT_ORDER(2)
    ADJUST_ATTITUDE target=civ3
    ADJUST_ATTITUDE target=civ1
    ADJUST_ATTITUDE target=civ4
    ADJUST_ATTITUDE target=civ1
    ADJUST_ATTITUDE target=civ4
    >>> Rome built Horsemen

══════════════════════════════════════════════════════════════════════
  TURN 40 — 3220 B.C. (8ms)
══════════════════════════════════════════════════════════════════════
  [Civ 1] Romans (despotism): 2 cities, 5 units, 133g, 11 techs, researching Trade (41/52)
    Rome: size=3, prod=Horsemen (0sh), bldgs=Palace
    Berlin: size=1, prod=Legion (29sh)
    Units: 1x Warriors, 2x Archers, 1x Legion, 1x Horsemen
  [Civ 2] Babylonians (despotism): 2 cities, 6 units, 65g, 11 techs, researching Seafaring (49/52)
    Babylon: size=3, prod=building:8 (16sh), bldgs=Palace
    Sumer: size=3, prod=building:8 (15sh)
    Units: 2x Warriors, 1x Settlers, 1x Archers, 1x Horsemen, 1x Trireme
  [Civ 3] Germans (despotism): 1 cities, 2 units, 33g, 10 techs, researching Trade (18/24)
    Berlin: size=2, prod=Archers (10sh), bldgs=Palace
    Units: 2x Warriors
  [Civ 4] Egyptians (despotism): 2 cities, 5 units, 31g, 11 techs, researching Construction (32/52)
    Thebes: size=2, prod=Trireme (5sh), bldgs=Palace, City Walls
    Hamburg: size=2, prod=Trireme (6sh)
    Units: 1x Warriors, 1x Settlers, 2x Archers, 1x Horsemen
  [Civ 1] Romans turn: 7 actions — ADJUST_ATTITUDE(1), CHANGE_PRODUCTION(2), MOVE_UNIT(2), UNIT_ORDER(2)
    ADJUST_ATTITUDE target=civ3
    CHANGE_PRODUCTION city=0
    CHANGE_PRODUCTION city=2
    >>> Babylonians discovered: Seafaring
    SET_RESEARCH tech=Construction
    ADJUST_ATTITUDE target=civ1
    ADJUST_ATTITUDE target=civ4
    PROPOSE_TREATY treaty=ceasefire target=civ1
    ADJUST_ATTITUDE target=civ1
    >>> Egyptians discovered: Construction
    SET_RESEARCH tech=Iron Working
    ADJUST_ATTITUDE target=civ3
    >>> Romans discovered: Trade

══════════════════════════════════════════════════════════════════════
  TURN 41 — 3200 B.C. (14ms)
══════════════════════════════════════════════════════════════════════
  [Civ 1] Romans (despotism): 2 cities, 5 units, 133g, 12 techs, researching none (0/57)
    Rome: size=3, prod=Chariot (3sh), bldgs=Palace
    Berlin: size=1, prod=Chariot (16sh)
    Units: 1x Warriors, 2x Archers, 1x Legion, 1x Horsemen
  [Civ 2] Babylonians (despotism): 2 cities, 6 units, 65g, 12 techs, researching Construction (0/57)
    Babylon: size=3, prod=building:8 (20sh), bldgs=Palace
    Sumer: size=3, prod=building:8 (19sh)
    Units: 2x Warriors, 1x Settlers, 1x Archers, 1x Horsemen, 1x Trireme
  [Civ 3] Germans (despotism): 1 cities, 2 units, 35g, 10 techs, researching Trade (20/24)
    Berlin: size=2, prod=Archers (12sh), bldgs=Palace
    Units: 2x Warriors
  [Civ 4] Egyptians (despotism): 2 cities, 5 units, 31g, 12 techs, researching Iron Working (0/57)
    Thebes: size=2, prod=Trireme (10sh), bldgs=Palace, City Walls
    Hamburg: size=2, prod=Trireme (8sh)
    Units: 1x Warriors, 1x Settlers, 2x Archers, 1x Horsemen
  [Civ 1] Romans turn: 10 actions — SET_RESEARCH(1), ADJUST_ATTITUDE(2), RESPOND_TREATY(1), MOVE_UNIT(3), UNIT_ORDER(3)
    SET_RESEARCH tech=Construction
    ADJUST_ATTITUDE target=civ3
    ADJUST_ATTITUDE target=civ3
    ADJUST_ATTITUDE target=civ1
    ADJUST_ATTITUDE target=civ4
    PROPOSE_TREATY treaty=ceasefire target=civ4
    ADJUST_ATTITUDE target=civ4
    ADJUST_ATTITUDE target=civ3

══════════════════════════════════════════════════════════════════════
  TURN 42 — 3180 B.C. (9ms)
══════════════════════════════════════════════════════════════════════
  [Civ 1] Romans (despotism): 2 cities, 5 units, 136g, 12 techs, researching Construction (6/28)
    Rome: size=3, prod=Chariot (6sh), bldgs=Palace
    Berlin: size=1, prod=Chariot (18sh)
    Units: 1x Warriors, 2x Archers, 1x Legion, 1x Horsemen
  [Civ 2] Babylonians (despotism): 2 cities, 6 units, 66g, 13 techs, researching Construction (6/62)
    Babylon: size=3, prod=building:8 (24sh), bldgs=Palace
    Sumer: size=3, prod=building:8 (23sh)
    Units: 2x Warriors, 1x Settlers, 1x Archers, 1x Horsemen, 1x Trireme
  [Civ 3] Germans (despotism): 1 cities, 2 units, 37g, 10 techs, researching Trade (22/24)
    Berlin: size=2, prod=Archers (14sh), bldgs=Palace
    Units: 2x Warriors
  [Civ 4] Egyptians (despotism): 2 cities, 5 units, 32g, 12 techs, researching Iron Working (4/28)
    Thebes: size=2, prod=Trireme (15sh), bldgs=Palace, City Walls
    Hamburg: size=2, prod=Trireme (10sh)
    Units: 1x Warriors, 1x Settlers, 2x Archers, 1x Horsemen
  [Civ 1] Romans turn: 6 actions — ADJUST_ATTITUDE(1), MOVE_UNIT(3), UNIT_ORDER(2)
    ADJUST_ATTITUDE target=civ3
    END_TURN REJECTED: 1 units still need orders
      #52 Legion(Atk) @(36,28) mv=3 ord=none hp=full
    SET_RESEARCH tech=Ceremonial Burial
    ADJUST_ATTITUDE target=civ1
    ADJUST_ATTITUDE target=civ4
    ADJUST_ATTITUDE target=civ1
    ADJUST_ATTITUDE target=civ4
    SET_RESEARCH tech=Bridge Building

══════════════════════════════════════════════════════════════════════
  TURN 43 — 3160 B.C. (11ms)
══════════════════════════════════════════════════════════════════════
  [Civ 1] Romans (despotism): 2 cities, 5 units, 139g, 12 techs, researching Construction (12/28)
    Rome: size=3, prod=Chariot (9sh), bldgs=Palace
    Berlin: size=1, prod=Chariot (20sh)
    Units: 1x Warriors, 2x Archers, 1x Legion, 1x Horsemen
  [Civ 2] Babylonians (despotism): 2 cities, 7 units, 67g, 13 techs, researching Construction (12/62)
    Babylon: size=3, prod=building:8 (28sh), bldgs=Palace
    Sumer: size=3, prod=building:8 (27sh)
    Units: 2x Warriors, 1x Settlers, 1x Archers, 1x Horsemen, 1x Trireme, 1x Legion
  [Civ 3] Germans (despotism): 1 cities, 2 units, 37g, 12 techs, researching Ceremonial Burial (0/28)
    Berlin: size=3, prod=Archers (16sh), bldgs=Palace
    Units: 2x Warriors
  [Civ 4] Egyptians (despotism): 2 cities, 5 units, 33g, 13 techs, researching Bridge Building (8/62)
    Thebes: size=2, prod=Trireme (20sh), bldgs=Palace, City Walls
    Hamburg: size=2, prod=Trireme (12sh)
    Units: 1x Warriors, 1x Settlers, 2x Archers, 1x Horsemen
  [Civ 1] Romans turn: 7 actions — ADJUST_ATTITUDE(1), MOVE_UNIT(3), UNIT_ORDER(3)
    ADJUST_ATTITUDE target=civ3
    ADJUST_ATTITUDE target=civ1
    ADJUST_ATTITUDE target=civ4

══════════════════════════════════════════════════════════════════════
  TURN 44 — 3140 B.C. (12ms)
══════════════════════════════════════════════════════════════════════
  [Civ 1] Romans (despotism): 2 cities, 5 units, 142g, 12 techs, researching Construction (18/28)
    Rome: size=3, prod=Chariot (12sh), bldgs=Palace
    Berlin: size=1, prod=Chariot (22sh)
    Units: 1x Warriors, 2x Archers, 1x Legion, 1x Horsemen
  [Civ 2] Babylonians (despotism): 2 cities, 7 units, 68g, 13 techs, researching Construction (18/31)
    Babylon: size=3, prod=building:8 (32sh), bldgs=Palace
    Sumer: size=3, prod=building:8 (31sh)
    Units: 2x Warriors, 1x Settlers, 1x Archers, 1x Horsemen, 1x Trireme, 1x Legion
  [Civ 3] Germans (despotism): 1 cities, 2 units, 41g, 12 techs, researching Ceremonial Burial (5/28)
    Berlin: size=3, prod=Archers (18sh), bldgs=Palace
    Units: 2x Warriors
  [Civ 4] Egyptians (despotism): 2 cities, 5 units, 34g, 14 techs, researching Bridge Building (12/67)
    Thebes: size=2, prod=Trireme (25sh), bldgs=Palace, City Walls
    Hamburg: size=2, prod=Trireme (14sh)
    Units: 1x Warriors, 1x Settlers, 2x Archers, 1x Horsemen
  [Civ 1] Romans turn: 7 actions — ADJUST_ATTITUDE(1), MOVE_UNIT(3), UNIT_ORDER(3)
    ADJUST_ATTITUDE target=civ3
    ADJUST_ATTITUDE target=civ1
    ADJUST_ATTITUDE target=civ4
    PROPOSE_TREATY treaty=ceasefire target=civ1
    ADJUST_ATTITUDE target=civ1
    ADJUST_ATTITUDE target=civ3
    >>> Rome grew to size 4
    >>> Berlin grew to size 2

══════════════════════════════════════════════════════════════════════
  TURN 45 — 3120 B.C. (9ms)
══════════════════════════════════════════════════════════════════════
  [Civ 1] Romans (despotism): 2 cities, 5 units, 145g, 12 techs, researching Construction (25/28)
    Rome: size=4, prod=Chariot (15sh), bldgs=Palace
    Berlin: size=2, prod=Chariot (24sh)
    Units: 1x Warriors, 2x Archers, 1x Legion, 1x Horsemen
  [Civ 2] Babylonians (despotism): 2 cities, 7 units, 69g, 14 techs, researching Construction (24/67)
    Babylon: size=3, prod=building:8 (36sh), bldgs=Palace
    Sumer: size=3, prod=building:8 (35sh)
    Units: 2x Warriors, 1x Settlers, 1x Archers, 1x Horsemen, 1x Trireme, 1x Legion
  [Civ 3] Germans (despotism): 1 cities, 2 units, 45g, 12 techs, researching Ceremonial Burial (10/28)
    Berlin: size=3, prod=Archers (20sh), bldgs=Palace
    Units: 2x Warriors
  [Civ 4] Egyptians (despotism): 2 cities, 5 units, 35g, 14 techs, researching Bridge Building (16/67)
    Thebes: size=2, prod=Trireme (30sh), bldgs=Palace, City Walls
    Hamburg: size=2, prod=Trireme (16sh)
    Units: 1x Warriors, 1x Settlers, 2x Archers, 1x Horsemen
  [Civ 1] Romans turn: 9 actions — ADJUST_ATTITUDE(2), RESPOND_TREATY(1), MOVE_UNIT(3), UNIT_ORDER(3)
    ADJUST_ATTITUDE target=civ3
    ADJUST_ATTITUDE target=civ3
    ADJUST_ATTITUDE target=civ1
    ADJUST_ATTITUDE target=civ4
    ADJUST_ATTITUDE target=civ1
    ADJUST_ATTITUDE target=civ4
    PROPOSE_TREATY treaty=ceasefire target=civ4
    ADJUST_ATTITUDE target=civ4
    ADJUST_ATTITUDE target=civ3
    >>> Romans discovered: Construction

══════════════════════════════════════════════════════════════════════
  TURN 46 — 3100 B.C. (9ms)
══════════════════════════════════════════════════════════════════════
  [Civ 1] Romans (despotism): 2 cities, 5 units, 145g, 13 techs, researching none (0/31)
    Rome: size=4, prod=Chariot (20sh), bldgs=Palace
    Berlin: size=2, prod=Chariot (26sh)
    Units: 1x Warriors, 2x Archers, 1x Legion, 1x Horsemen
  [Civ 2] Babylonians (despotism): 2 cities, 7 units, 70g, 14 techs, researching Construction (30/67)
    Babylon: size=3, prod=building:8 (40sh), bldgs=Palace
    Sumer: size=3, prod=building:8 (39sh)
    Units: 2x Warriors, 1x Settlers, 1x Archers, 1x Horsemen, 1x Trireme, 1x Legion
  [Civ 3] Germans (despotism): 1 cities, 2 units, 49g, 12 techs, researching Ceremonial Burial (15/28)
    Berlin: size=3, prod=Archers (22sh), bldgs=Palace
    Units: 2x Warriors
  [Civ 4] Egyptians (despotism): 2 cities, 5 units, 36g, 14 techs, researching Bridge Building (20/67)
    Thebes: size=2, prod=Trireme (35sh), bldgs=Palace, City Walls
    Hamburg: size=2, prod=Trireme (18sh)
    Units: 1x Warriors, 1x Settlers, 2x Archers, 1x Horsemen
  [Civ 1] Romans turn: 8 actions — SET_RESEARCH(1), ADJUST_ATTITUDE(1), MOVE_UNIT(3), UNIT_ORDER(3)
    SET_RESEARCH tech=Bridge Building
    ADJUST_ATTITUDE target=civ3
    ADJUST_ATTITUDE target=civ1
    ADJUST_ATTITUDE target=civ4
    >>> Thebes built Trireme
    CHANGE_PRODUCTION city=3
    CHANGE_PRODUCTION city=5

══════════════════════════════════════════════════════════════════════
  TURN 47 — 3080 B.C. (7ms)
══════════════════════════════════════════════════════════════════════
  [Civ 1] Romans (despotism): 2 cities, 5 units, 148g, 13 techs, researching Bridge Building (7/31)
    Rome: size=4, prod=Chariot (25sh), bldgs=Palace
    Berlin: size=2, prod=Chariot (28sh)
    Units: 1x Warriors, 2x Archers, 1x Legion, 1x Horsemen
  [Civ 2] Babylonians (despotism): 2 cities, 7 units, 71g, 14 techs, researching Construction (36/67)
    Babylon: size=3, prod=building:8 (44sh), bldgs=Palace
    Sumer: size=3, prod=building:8 (43sh)
    Units: 2x Warriors, 1x Settlers, 1x Archers, 1x Horsemen, 1x Trireme, 1x Legion
  [Civ 3] Germans (despotism): 1 cities, 2 units, 53g, 12 techs, researching Ceremonial Burial (20/28)
    Berlin: size=3, prod=Archers (24sh), bldgs=Palace
    Units: 2x Warriors
  [Civ 4] Egyptians (despotism): 2 cities, 6 units, 37g, 14 techs, researching Bridge Building (24/67)
    Thebes: size=2, prod=Legion (0sh), bldgs=Palace, City Walls
    Hamburg: size=2, prod=Legion (10sh)
    Units: 1x Warriors, 1x Settlers, 2x Archers, 1x Horsemen, 1x Trireme
  [Civ 1] Romans turn: 7 actions — ADJUST_ATTITUDE(1), MOVE_UNIT(3), UNIT_ORDER(3)
    ADJUST_ATTITUDE target=civ3
    SET_RESEARCH tech=Bridge Building
    ADJUST_ATTITUDE target=civ1
    ADJUST_ATTITUDE target=civ4
    >>> Rome built Chariot
    >>> Berlin built Chariot

══════════════════════════════════════════════════════════════════════
  TURN 48 — 3060 B.C. (14ms)
══════════════════════════════════════════════════════════════════════
  [Civ 1] Romans (despotism): 2 cities, 7 units, 151g, 13 techs, researching Bridge Building (13/31)
    Rome: size=4, prod=Chariot (0sh), bldgs=Palace
    Berlin: size=2, prod=Chariot (0sh)
    Units: 1x Warriors, 2x Archers, 1x Legion, 1x Horsemen, 2x Chariot
  [Civ 2] Babylonians (despotism): 2 cities, 7 units, 107g, 15 techs, researching Bridge Building (42/72)
    Babylon: size=3, prod=building:8 (48sh), bldgs=Palace
    Sumer: size=3, prod=building:8 (47sh)
    Units: 2x Warriors, 1x Settlers, 1x Archers, 1x Horsemen, 1x Trireme, 1x Legion
  [Civ 3] Germans (despotism): 1 cities, 2 units, 57g, 13 techs, researching Ceremonial Burial (25/31)
    Berlin: size=3, prod=Archers (26sh), bldgs=Palace
    Units: 2x Warriors
  [Civ 4] Egyptians (despotism): 2 cities, 6 units, 38g, 14 techs, researching Bridge Building (28/33)
    Thebes: size=2, prod=Legion (4sh), bldgs=Palace, City Walls
    Hamburg: size=2, prod=Legion (12sh)
    Units: 1x Warriors, 1x Settlers, 2x Archers, 1x Horsemen, 1x Trireme
  [Civ 1] Romans turn: 9 actions — ADJUST_ATTITUDE(1), CHANGE_PRODUCTION(2), MOVE_UNIT(3), UNIT_ORDER(3)
    ADJUST_ATTITUDE target=civ3
    CHANGE_PRODUCTION city=0
    CHANGE_PRODUCTION city=2
    ADJUST_ATTITUDE target=civ1
    ADJUST_ATTITUDE target=civ4
    ADJUST_ATTITUDE target=civ1
    ADJUST_ATTITUDE target=civ4
    PROPOSE_TREATY treaty=ceasefire target=civ1
    ADJUST_ATTITUDE target=civ1
    ADJUST_ATTITUDE target=civ3

══════════════════════════════════════════════════════════════════════
  TURN 49 — 3040 B.C. (11ms)
══════════════════════════════════════════════════════════════════════
  [Civ 1] Romans (despotism): 2 cities, 7 units, 154g, 13 techs, researching Bridge Building (19/31)
    Rome: size=4, prod=building:8 (4sh), bldgs=Palace
    Berlin: size=2, prod=Trireme (2sh)
    Units: 1x Warriors, 2x Archers, 1x Legion, 1x Horsemen, 2x Chariot
  [Civ 2] Babylonians (despotism): 2 cities, 7 units, 108g, 15 techs, researching Bridge Building (48/72)
    Babylon: size=3, prod=building:8 (52sh), bldgs=Palace
    Sumer: size=3, prod=building:8 (51sh)
    Units: 2x Warriors, 1x Settlers, 1x Archers, 1x Horsemen, 1x Trireme, 1x Legion
  [Civ 3] Germans (despotism): 1 cities, 2 units, 61g, 13 techs, researching Ceremonial Burial (30/31)
    Berlin: size=3, prod=Archers (28sh), bldgs=Palace
    Units: 2x Warriors
  [Civ 4] Egyptians (despotism): 2 cities, 6 units, 39g, 14 techs, researching Bridge Building (32/33)
    Thebes: size=2, prod=Legion (8sh), bldgs=Palace, City Walls
    Hamburg: size=2, prod=Legion (14sh)
    Units: 1x Warriors, 1x Settlers, 2x Archers, 1x Horsemen, 1x Trireme
  [Civ 1] Romans turn: 13 actions — ADJUST_ATTITUDE(2), RESPOND_TREATY(1), MOVE_UNIT(5), UNIT_ORDER(5)
    ADJUST_ATTITUDE target=civ3
    ADJUST_ATTITUDE target=civ3
    COMBAT: Chariot vs Horsemen → atkWin (atkHp=undefined, defHp=undefined)
    END_TURN REJECTED: 1 units still need orders
      #19 Archers(Atk) @(21,35) mv=3 ord=none hp=full
    >>> Germans discovered: Ceremonial Burial
    >>> Berlin built Archers
    SET_RESEARCH tech=Mysticism
    ADJUST_ATTITUDE target=civ1
    ADJUST_ATTITUDE target=civ4
    PROPOSE_TREATY treaty=peace target=civ4
    ADJUST_ATTITUDE target=civ4
    CHANGE_PRODUCTION city=6
    COMBAT: Warriors vs Settlers → defWin (atkHp=undefined, defHp=undefined)
    1 actions REJECTED (of 8)
    >>> Egyptians discovered: Bridge Building
    SET_RESEARCH tech=Mathematics
    ADJUST_ATTITUDE target=civ1
    ADJUST_ATTITUDE target=civ3
    ADJUST_ATTITUDE target=civ3
    PROPOSE_TREATY treaty=peace target=civ3
    ADJUST_ATTITUDE target=civ3

══════════════════════════════════════════════════════════════════════
  FINAL SUMMARY
══════════════════════════════════════════════════════════════════════
Game ended at turn 50 (3020 B.C.)

── Civ 1: Romans (despotism) ALIVE ──
  Cities: 2 (peak 2, founded 1)
  Units:  7 (peak 7)
  Treasury: 157g
  Techs discovered: 6 — Bronze Working, Iron Working, Currency, The Wheel, Trade, Construction
  Actions: 251 total, 0 idle turns
  Breakdown: UNIT_ORDER(95), MOVE_UNIT(94), ADJUST_ATTITUDE(35), CHANGE_PRODUCTION(10), SET_RESEARCH(8), RESPOND_TREATY(7), CHANGE_RATES(1), BUILD_CITY(1)
  Army: 1x Warriors, 2x Archers, 1x Legion, 1x Horsemen, 2x Chariot
  Rome: size=4, shields=8
  Berlin: size=2, shields=4

── Civ 2: Babylonians (despotism) ALIVE ──
  Cities: 2 (peak 2, founded 3)
  Units:  7 (peak 7)
  Treasury: 109g
  Techs discovered: 4 — Code of Laws, Map Making, Literacy, Seafaring
  Actions: 257 total, 0 idle turns
  Breakdown: UNIT_ORDER(126), MOVE_UNIT(108), CHANGE_PRODUCTION(8), SET_RESEARCH(7), BUILD_CITY(3), ADJUST_ATTITUDE(3), CHANGE_RATES(1), WORKER_ORDER(1)
  Army: 2x Warriors, 1x Settlers, 1x Archers, 1x Horsemen, 1x Trireme, 1x Legion
  Babylon: size=3, shields=56
  Sumer: size=3, shields=55

── Civ 3: Germans (despotism) ALIVE ──
  Cities: 1 (peak 2, founded 4)
  Units:  2 (peak 4)
  Treasury: 61g
  Techs discovered: 5 — Alphabet, Map Making, Mathematics, Currency, Ceremonial Burial
  Actions: 236 total, 0 idle turns
  Breakdown: ADJUST_ATTITUDE(88), UNIT_ORDER(62), MOVE_UNIT(56), PROPOSE_TREATY(13), SET_RESEARCH(7), CHANGE_PRODUCTION(5), BUILD_CITY(4), CHANGE_RATES(1)
  Army: 1x Warriors, 1x Archers
  Berlin: size=3, shields=0

── Civ 4: Egyptians (despotism) ALIVE ──
  Cities: 2 (peak 2, founded 2)
  Units:  5 (peak 6)
  Treasury: 39g
  Techs discovered: 4 — Code of Laws, Mysticism, Construction, Bridge Building
  Actions: 182 total, 3 idle turns
  Breakdown: UNIT_ORDER(64), MOVE_UNIT(53), ADJUST_ATTITUDE(33), CHANGE_PRODUCTION(10), SET_RESEARCH(7), RESPOND_TREATY(6), WORKER_ORDER(3), BUILD_CITY(2), DECLARE_WAR(2), CHANGE_RATES(1), PROPOSE_TREATY(1)
  Army: 1x Warriors, 1x Settlers, 2x Archers, 1x Trireme
  Thebes: size=2, shields=12
  Hamburg: size=2, shields=16


══════════════════════════════════════════════════════════════════════
  AI BEHAVIOR ANALYSIS
══════════════════════════════════════════════════════════════════════
[Civ 1] Romans:
  WARNING: Only 1 city after 30+ turns
  WARNING: 2 units stuck (busy orders outside city)

[Civ 2] Babylonians:
  OK — no obvious issues detected

[Civ 3] Germans:
  OK — no obvious issues detected

[Civ 4] Egyptians:
  WARNING: 1 units stuck (busy orders outside city)

