Charlization AI Headless Simulation
Date: 2026-03-19T00:54:28.259Z
Settings: 50 turns, 4 AI players, 50x80 map, difficulty=prince
Map seed: 25695
Map generated in 76ms
Game initialized: 4 civs, 8 starting units
  Civ 1 (Romans): starts at (9,71) on Grassland
  Civ 2 (Babylonians): starts at (8,8) on Grassland
  Civ 3 (Germans): starts at (10,42) on Hills
  Civ 4 (Egyptians): starts at (34,30) on Forest
    SET_RESEARCH tech=Alphabet
    CHANGE_RATES sci=6 tax=4 lux=undefined
    BUILD_CITY unit=0 name="Rome"
    1 actions REJECTED (of 6)
    SET_RESEARCH tech=Code of Laws
    CHANGE_RATES sci=6 tax=4 lux=undefined
    BUILD_CITY unit=2 name="Babylon"
    1 actions REJECTED (of 6)
    SET_RESEARCH tech=Alphabet
    CHANGE_RATES sci=6 tax=4 lux=undefined
    BUILD_CITY unit=4 name="Berlin"
    1 actions REJECTED (of 6)
    SET_RESEARCH tech=Pottery
    CHANGE_RATES sci=6 tax=4 lux=undefined
    BUILD_CITY unit=6 name="Thebes"
    1 actions REJECTED (of 6)

══════════════════════════════════════════════════════════════════════
  TURN 1 — 4000 B.C. (39ms)
══════════════════════════════════════════════════════════════════════
  [Civ 1] Romans (despotism): 1 cities, 1 units, 1g, 3 techs, researching Alphabet (2/28)
    Rome: size=1, prod=Warriors (2sh), bldgs=Palace
    Units: 1x Warriors
  [Civ 2] Babylonians (despotism): 1 cities, 1 units, 0g, 3 techs, researching Code of Laws (0/28)
    Babylon: size=1, prod=Warriors (0sh), bldgs=Palace
    Units: 1x Warriors
  [Civ 3] Germans (despotism): 1 cities, 1 units, 0g, 3 techs, researching Alphabet (0/28)
    Berlin: size=1, prod=Warriors (0sh), bldgs=Palace
    Units: 1x Warriors
  [Civ 4] Egyptians (despotism): 1 cities, 1 units, 0g, 3 techs, researching Pottery (0/28)
    Thebes: size=1, prod=Warriors (0sh), bldgs=Palace
    Units: 1x Warriors
  [Civ 1] Romans turn: 2 actions — MOVE_UNIT(1), UNIT_ORDER(1)

══════════════════════════════════════════════════════════════════════
  TURN 2 — 3980 B.C. (18ms)
══════════════════════════════════════════════════════════════════════
  [Civ 1] Romans (despotism): 1 cities, 1 units, 2g, 4 techs, researching Alphabet (4/33)
    Rome: size=1, prod=Warriors (4sh), bldgs=Palace
    Units: 1x Warriors
  [Civ 2] Babylonians (despotism): 1 cities, 1 units, 0g, 5 techs, researching Code of Laws (2/36)
    Babylon: size=1, prod=Warriors (2sh), bldgs=Palace
    Units: 1x Warriors
  [Civ 3] Germans (despotism): 1 cities, 1 units, 1g, 3 techs, researching Alphabet (2/28)
    Berlin: size=1, prod=Warriors (3sh), bldgs=Palace
    Units: 1x Warriors
  [Civ 4] Egyptians (despotism): 1 cities, 1 units, 2g, 4 techs, researching Pottery (3/33)
    Thebes: size=1, prod=Warriors (4sh), bldgs=Palace
    Units: 1x Warriors
  [Civ 1] Romans turn: 2 actions — MOVE_UNIT(1), UNIT_ORDER(1)

══════════════════════════════════════════════════════════════════════
  TURN 3 — 3960 B.C. (10ms)
══════════════════════════════════════════════════════════════════════
  [Civ 1] Romans (despotism): 1 cities, 1 units, 3g, 4 techs, researching Alphabet (6/33)
    Rome: size=1, prod=Warriors (6sh), bldgs=Palace
    Units: 1x Warriors
  [Civ 2] Babylonians (despotism): 1 cities, 1 units, 0g, 5 techs, researching Code of Laws (4/36)
    Babylon: size=1, prod=Warriors (4sh), bldgs=Palace
    Units: 1x Warriors
  [Civ 3] Germans (despotism): 1 cities, 1 units, 2g, 3 techs, researching Alphabet (4/28)
    Berlin: size=1, prod=Warriors (6sh), bldgs=Palace
    Units: 1x Warriors
  [Civ 4] Egyptians (despotism): 1 cities, 1 units, 4g, 4 techs, researching Pottery (6/33)
    Thebes: size=1, prod=Warriors (8sh), bldgs=Palace
    Units: 1x Warriors
  [Civ 1] Romans turn: 2 actions — MOVE_UNIT(1), UNIT_ORDER(1)
    >>> Thebes built Warriors
    CHANGE_PRODUCTION city=3

══════════════════════════════════════════════════════════════════════
  TURN 4 — 3940 B.C. (13ms)
══════════════════════════════════════════════════════════════════════
  [Civ 1] Romans (despotism): 1 cities, 1 units, 4g, 4 techs, researching Alphabet (8/33)
    Rome: size=1, prod=Warriors (8sh), bldgs=Palace
    Units: 1x Warriors
  [Civ 2] Babylonians (despotism): 1 cities, 1 units, 0g, 5 techs, researching Code of Laws (6/36)
    Babylon: size=1, prod=Warriors (6sh), bldgs=Palace
    Units: 1x Warriors
  [Civ 3] Germans (despotism): 1 cities, 1 units, 3g, 3 techs, researching Alphabet (6/28)
    Berlin: size=1, prod=Warriors (9sh), bldgs=Palace
    Units: 1x Warriors
  [Civ 4] Egyptians (despotism): 1 cities, 2 units, 6g, 4 techs, researching Pottery (9/33)
    Thebes: size=1, prod=Archers (1sh), bldgs=Palace
    Units: 2x Warriors
  [Civ 1] Romans turn: 2 actions — MOVE_UNIT(1), UNIT_ORDER(1)
    >>> Berlin built Warriors
    CHANGE_PRODUCTION city=2
    >>> Rome built Warriors

══════════════════════════════════════════════════════════════════════
  TURN 5 — 3920 B.C. (7ms)
══════════════════════════════════════════════════════════════════════
  [Civ 1] Romans (despotism): 1 cities, 2 units, 5g, 4 techs, researching Alphabet (10/33)
    Rome: size=1, prod=Warriors (0sh), bldgs=Palace
    Units: 2x Warriors
  [Civ 2] Babylonians (despotism): 1 cities, 1 units, 0g, 5 techs, researching Code of Laws (8/36)
    Babylon: size=1, prod=Warriors (8sh), bldgs=Palace
    Units: 1x Warriors
  [Civ 3] Germans (despotism): 1 cities, 2 units, 4g, 3 techs, researching Alphabet (8/28)
    Berlin: size=1, prod=Wonder45 (0sh), bldgs=Palace
    Units: 2x Warriors
  [Civ 4] Egyptians (despotism): 1 cities, 2 units, 8g, 4 techs, researching Pottery (12/33)
    Thebes: size=1, prod=Archers (5sh), bldgs=Palace
    Units: 2x Warriors
  [Civ 1] Romans turn: 3 actions — CHANGE_PRODUCTION(1), MOVE_UNIT(1), UNIT_ORDER(1)
    CHANGE_PRODUCTION city=0
    >>> Babylon built Warriors
    CHANGE_PRODUCTION city=1

══════════════════════════════════════════════════════════════════════
  TURN 6 — 3900 B.C. (6ms)
══════════════════════════════════════════════════════════════════════
  [Civ 1] Romans (despotism): 1 cities, 2 units, 6g, 4 techs, researching Alphabet (12/33)
    Rome: size=1, prod=Wonder39 (2sh), bldgs=Palace
    Units: 2x Warriors
  [Civ 2] Babylonians (despotism): 1 cities, 2 units, 0g, 5 techs, researching Code of Laws (10/36)
    Babylon: size=1, prod=building:8 (0sh), bldgs=Palace
    Units: 2x Warriors
  [Civ 3] Germans (despotism): 1 cities, 2 units, 5g, 3 techs, researching Alphabet (10/28)
    Berlin: size=1, prod=Wonder45 (3sh), bldgs=Palace
    Units: 2x Warriors
  [Civ 4] Egyptians (despotism): 1 cities, 2 units, 10g, 4 techs, researching Pottery (15/33)
    Thebes: size=1, prod=Archers (9sh), bldgs=Palace
    Units: 2x Warriors
  [Civ 1] Romans turn: 4 actions — MOVE_UNIT(1), UNIT_ORDER(3)

══════════════════════════════════════════════════════════════════════
  TURN 7 — 3880 B.C. (5ms)
══════════════════════════════════════════════════════════════════════
  [Civ 1] Romans (despotism): 1 cities, 2 units, 7g, 4 techs, researching Alphabet (14/33)
    Rome: size=1, prod=Wonder39 (4sh), bldgs=Palace
    Units: 2x Warriors
  [Civ 2] Babylonians (despotism): 1 cities, 2 units, 0g, 5 techs, researching Code of Laws (12/36)
    Babylon: size=1, prod=building:8 (2sh), bldgs=Palace
    Units: 2x Warriors
  [Civ 3] Germans (despotism): 1 cities, 2 units, 6g, 3 techs, researching Alphabet (12/28)
    Berlin: size=1, prod=Wonder45 (6sh), bldgs=Palace
    Units: 2x Warriors
  [Civ 4] Egyptians (despotism): 1 cities, 2 units, 54g, 4 techs, researching Pottery (18/33)
    Thebes: size=1, prod=Archers (13sh), bldgs=Palace
    Units: 2x Warriors
  [Civ 1] Romans turn: 2 actions — MOVE_UNIT(1), UNIT_ORDER(1)

══════════════════════════════════════════════════════════════════════
  TURN 8 — 3860 B.C. (8ms)
══════════════════════════════════════════════════════════════════════
  [Civ 1] Romans (despotism): 1 cities, 2 units, 8g, 4 techs, researching Alphabet (16/33)
    Rome: size=1, prod=Wonder39 (6sh), bldgs=Palace
    Units: 2x Warriors
  [Civ 2] Babylonians (despotism): 1 cities, 2 units, 0g, 5 techs, researching Code of Laws (14/36)
    Babylon: size=1, prod=building:8 (4sh), bldgs=Palace
    Units: 2x Warriors
  [Civ 3] Germans (despotism): 1 cities, 2 units, 7g, 3 techs, researching Alphabet (14/28)
    Berlin: size=1, prod=Wonder45 (9sh), bldgs=Palace
    Units: 2x Warriors
  [Civ 4] Egyptians (despotism): 1 cities, 2 units, 56g, 4 techs, researching Pottery (21/33)
    Thebes: size=1, prod=Archers (17sh), bldgs=Palace
    Units: 2x Warriors
  [Civ 1] Romans turn: 2 actions — MOVE_UNIT(1), UNIT_ORDER(1)

══════════════════════════════════════════════════════════════════════
  TURN 9 — 3840 B.C. (7ms)
══════════════════════════════════════════════════════════════════════
  [Civ 1] Romans (despotism): 1 cities, 2 units, 9g, 4 techs, researching Alphabet (18/33)
    Rome: size=1, prod=Wonder39 (8sh), bldgs=Palace
    Units: 2x Warriors
  [Civ 2] Babylonians (despotism): 1 cities, 2 units, 0g, 5 techs, researching Code of Laws (16/36)
    Babylon: size=1, prod=building:8 (6sh), bldgs=Palace
    Units: 2x Warriors
  [Civ 3] Germans (despotism): 1 cities, 2 units, 8g, 3 techs, researching Alphabet (16/28)
    Berlin: size=1, prod=Wonder45 (12sh), bldgs=Palace
    Units: 2x Warriors
  [Civ 4] Egyptians (despotism): 1 cities, 2 units, 58g, 4 techs, researching Pottery (24/33)
    Thebes: size=1, prod=Archers (21sh), bldgs=Palace
    Units: 2x Warriors
  [Civ 1] Romans turn: 2 actions — MOVE_UNIT(1), UNIT_ORDER(1)
    >>> Rome grew to size 2

══════════════════════════════════════════════════════════════════════
  TURN 10 — 3820 B.C. (7ms)
══════════════════════════════════════════════════════════════════════
  [Civ 1] Romans (despotism): 1 cities, 2 units, 10g, 4 techs, researching Alphabet (21/33)
    Rome: size=2, prod=Wonder39 (10sh), bldgs=Palace
    Units: 2x Warriors
  [Civ 2] Babylonians (despotism): 1 cities, 2 units, 0g, 5 techs, researching Code of Laws (18/36)
    Babylon: size=1, prod=building:8 (8sh), bldgs=Palace
    Units: 2x Warriors
  [Civ 3] Germans (despotism): 1 cities, 2 units, 9g, 3 techs, researching Alphabet (18/28)
    Berlin: size=1, prod=Wonder45 (15sh), bldgs=Palace
    Units: 2x Warriors
  [Civ 4] Egyptians (despotism): 1 cities, 2 units, 60g, 4 techs, researching Pottery (27/33)
    Thebes: size=1, prod=Archers (25sh), bldgs=Palace
    Units: 2x Warriors
  [Civ 1] Romans turn: 2 actions — MOVE_UNIT(1), UNIT_ORDER(1)
    >>> Babylon grew to size 2
    >>> Berlin grew to size 2

══════════════════════════════════════════════════════════════════════
  TURN 11 — 3800 B.C. (7ms)
══════════════════════════════════════════════════════════════════════
  [Civ 1] Romans (despotism): 1 cities, 2 units, 11g, 4 techs, researching Alphabet (24/33)
    Rome: size=2, prod=Wonder39 (13sh), bldgs=Palace
    Units: 2x Warriors
  [Civ 2] Babylonians (despotism): 1 cities, 2 units, 0g, 5 techs, researching Code of Laws (20/36)
    Babylon: size=2, prod=building:8 (10sh), bldgs=Palace
    Units: 2x Warriors
  [Civ 3] Germans (despotism): 1 cities, 2 units, 10g, 3 techs, researching Alphabet (22/28)
    Berlin: size=2, prod=Wonder45 (18sh), bldgs=Palace
    Units: 2x Warriors
  [Civ 4] Egyptians (despotism): 1 cities, 2 units, 62g, 4 techs, researching Pottery (30/33)
    Thebes: size=1, prod=Archers (29sh), bldgs=Palace
    Units: 2x Warriors
  [Civ 1] Romans turn: 2 actions — MOVE_UNIT(1), UNIT_ORDER(1)
    >>> Egyptians discovered: Pottery
    >>> Thebes built Archers
    SET_RESEARCH tech=Alphabet
    CHANGE_PRODUCTION city=3

══════════════════════════════════════════════════════════════════════
  TURN 12 — 3780 B.C. (12ms)
══════════════════════════════════════════════════════════════════════
  [Civ 1] Romans (despotism): 1 cities, 2 units, 12g, 4 techs, researching Alphabet (27/33)
    Rome: size=2, prod=Wonder39 (16sh), bldgs=Palace
    Units: 2x Warriors
  [Civ 2] Babylonians (despotism): 1 cities, 2 units, 0g, 5 techs, researching Code of Laws (22/36)
    Babylon: size=2, prod=building:8 (13sh), bldgs=Palace
    Units: 2x Warriors
  [Civ 3] Germans (despotism): 1 cities, 2 units, 11g, 3 techs, researching Alphabet (26/28)
    Berlin: size=2, prod=Wonder45 (22sh), bldgs=Palace
    Units: 2x Warriors
  [Civ 4] Egyptians (despotism): 1 cities, 3 units, 62g, 5 techs, researching Alphabet (0/36)
    Thebes: size=1, prod=Wonder40 (0sh), bldgs=Palace
    Units: 2x Warriors, 1x Archers
  [Civ 1] Romans turn: 2 actions — MOVE_UNIT(1), UNIT_ORDER(1)
    >>> Germans discovered: Alphabet
    SET_RESEARCH tech=Map Making

══════════════════════════════════════════════════════════════════════
  TURN 13 — 3760 B.C. (5ms)
══════════════════════════════════════════════════════════════════════
  [Civ 1] Romans (despotism): 1 cities, 2 units, 13g, 5 techs, researching Alphabet (30/36)
    Rome: size=2, prod=Wonder39 (19sh), bldgs=Palace
    Units: 2x Warriors
  [Civ 2] Babylonians (despotism): 1 cities, 2 units, 0g, 5 techs, researching Code of Laws (24/36)
    Babylon: size=2, prod=building:8 (16sh), bldgs=Palace
    Units: 2x Warriors
  [Civ 3] Germans (despotism): 1 cities, 2 units, 11g, 4 techs, researching Map Making (0/33)
    Berlin: size=2, prod=Wonder45 (26sh), bldgs=Palace
    Units: 2x Warriors
  [Civ 4] Egyptians (despotism): 1 cities, 3 units, 64g, 5 techs, researching Alphabet (3/36)
    Thebes: size=1, prod=Wonder40 (3sh), bldgs=Palace
    Units: 2x Warriors, 1x Archers
  [Civ 1] Romans turn: 2 actions — MOVE_UNIT(1), UNIT_ORDER(1)
    SET_RESEARCH tech=Map Making

══════════════════════════════════════════════════════════════════════
  TURN 14 — 3740 B.C. (9ms)
══════════════════════════════════════════════════════════════════════
  [Civ 1] Romans (despotism): 1 cities, 2 units, 14g, 6 techs, researching Alphabet (33/36)
    Rome: size=2, prod=Wonder39 (22sh), bldgs=Palace
    Units: 2x Warriors
  [Civ 2] Babylonians (despotism): 1 cities, 2 units, 0g, 5 techs, researching Code of Laws (26/36)
    Babylon: size=2, prod=building:8 (19sh), bldgs=Palace
    Units: 2x Warriors
  [Civ 3] Germans (despotism): 1 cities, 2 units, 12g, 5 techs, researching Map Making (4/36)
    Berlin: size=2, prod=Wonder45 (30sh), bldgs=Palace
    Units: 2x Warriors
  [Civ 4] Egyptians (despotism): 1 cities, 3 units, 66g, 6 techs, researching Map Making (6/36)
    Thebes: size=1, prod=Wonder40 (6sh), bldgs=Palace
    Units: 2x Warriors, 1x Archers
  [Civ 1] Romans turn: 3 actions — SET_RESEARCH(1), MOVE_UNIT(1), UNIT_ORDER(1)
    SET_RESEARCH tech=Warrior Code
    >>> Romans discovered: Warrior Code

══════════════════════════════════════════════════════════════════════
  TURN 15 — 3720 B.C. (14ms)
══════════════════════════════════════════════════════════════════════
  [Civ 1] Romans (despotism): 1 cities, 2 units, 14g, 7 techs, researching none (0/33)
    Rome: size=2, prod=Wonder39 (25sh), bldgs=Palace
    Units: 2x Warriors
  [Civ 2] Babylonians (despotism): 1 cities, 2 units, 0g, 5 techs, researching Code of Laws (28/36)
    Babylon: size=2, prod=building:8 (22sh), bldgs=Palace
    Units: 2x Warriors
  [Civ 3] Germans (despotism): 1 cities, 2 units, 13g, 5 techs, researching Map Making (8/36)
    Berlin: size=2, prod=Wonder45 (34sh), bldgs=Palace
    Units: 2x Warriors
  [Civ 4] Egyptians (despotism): 1 cities, 3 units, 68g, 6 techs, researching Map Making (9/36)
    Thebes: size=1, prod=Wonder40 (9sh), bldgs=Palace
    Units: 2x Warriors, 1x Archers
  [Civ 1] Romans turn: 3 actions — SET_RESEARCH(1), MOVE_UNIT(1), UNIT_ORDER(1)
    SET_RESEARCH tech=Map Making

══════════════════════════════════════════════════════════════════════
  TURN 16 — 3700 B.C. (5ms)
══════════════════════════════════════════════════════════════════════
  [Civ 1] Romans (despotism): 1 cities, 2 units, 15g, 7 techs, researching Map Making (3/33)
    Rome: size=2, prod=Wonder39 (28sh), bldgs=Palace
    Units: 2x Warriors
  [Civ 2] Babylonians (despotism): 1 cities, 2 units, 0g, 5 techs, researching Code of Laws (30/36)
    Babylon: size=2, prod=building:8 (25sh), bldgs=Palace
    Units: 2x Warriors
  [Civ 3] Germans (despotism): 1 cities, 2 units, 14g, 5 techs, researching Map Making (12/36)
    Berlin: size=2, prod=Wonder45 (38sh), bldgs=Palace
    Units: 2x Warriors
  [Civ 4] Egyptians (despotism): 1 cities, 3 units, 70g, 6 techs, researching Map Making (12/36)
    Thebes: size=1, prod=Wonder40 (12sh), bldgs=Palace
    Units: 2x Warriors, 1x Archers
  [Civ 1] Romans turn: 2 actions — MOVE_UNIT(1), UNIT_ORDER(1)
    END_TURN REJECTED: 1 units still need orders
      #13 Archers(Atk) @(30,25) mv=3 ord=none hp=full

══════════════════════════════════════════════════════════════════════
  TURN 17 — 3680 B.C. (5ms)
══════════════════════════════════════════════════════════════════════
  [Civ 1] Romans (despotism): 1 cities, 2 units, 16g, 7 techs, researching Map Making (6/33)
    Rome: size=2, prod=Wonder39 (31sh), bldgs=Palace
    Units: 2x Warriors
  [Civ 2] Babylonians (despotism): 1 cities, 2 units, 0g, 6 techs, researching Code of Laws (32/36)
    Babylon: size=2, prod=building:8 (28sh), bldgs=Palace
    Units: 2x Warriors
  [Civ 3] Germans (despotism): 1 cities, 2 units, 15g, 6 techs, researching Map Making (16/36)
    Berlin: size=2, prod=Wonder45 (42sh), bldgs=Palace
    Units: 2x Warriors
  [Civ 4] Egyptians (despotism): 1 cities, 4 units, 72g, 6 techs, researching Map Making (15/36)
    Thebes: size=1, prod=Wonder40 (15sh), bldgs=Palace
    Units: 2x Warriors, 2x Archers
  [Civ 1] Romans turn: 2 actions — MOVE_UNIT(1), UNIT_ORDER(1)

══════════════════════════════════════════════════════════════════════
  TURN 18 — 3660 B.C. (7ms)
══════════════════════════════════════════════════════════════════════
  [Civ 1] Romans (despotism): 1 cities, 2 units, 17g, 7 techs, researching Map Making (9/33)
    Rome: size=2, prod=Wonder39 (34sh), bldgs=Palace
    Units: 2x Warriors
  [Civ 2] Babylonians (despotism): 1 cities, 2 units, 0g, 6 techs, researching Code of Laws (34/36)
    Babylon: size=2, prod=building:8 (31sh), bldgs=Palace
    Units: 2x Warriors
  [Civ 3] Germans (despotism): 1 cities, 2 units, 16g, 6 techs, researching Map Making (20/36)
    Berlin: size=2, prod=Wonder45 (46sh), bldgs=Palace
    Units: 2x Warriors
  [Civ 4] Egyptians (despotism): 1 cities, 4 units, 74g, 6 techs, researching Map Making (18/36)
    Thebes: size=1, prod=Wonder40 (18sh), bldgs=Palace
    Units: 2x Warriors, 2x Archers
  [Civ 1] Romans turn: 2 actions — MOVE_UNIT(1), UNIT_ORDER(1)
    >>> Babylonians discovered: Code of Laws
    SET_RESEARCH tech=Map Making

══════════════════════════════════════════════════════════════════════
  TURN 19 — 3640 B.C. (6ms)
══════════════════════════════════════════════════════════════════════
  [Civ 1] Romans (despotism): 1 cities, 2 units, 18g, 7 techs, researching Map Making (12/33)
    Rome: size=2, prod=Wonder39 (37sh), bldgs=Palace
    Units: 2x Warriors
  [Civ 2] Babylonians (despotism): 1 cities, 2 units, 0g, 7 techs, researching Map Making (0/33)
    Babylon: size=2, prod=building:8 (34sh), bldgs=Palace
    Units: 2x Warriors
  [Civ 3] Germans (despotism): 1 cities, 2 units, 17g, 6 techs, researching Map Making (24/36)
    Berlin: size=2, prod=Wonder45 (50sh), bldgs=Palace
    Units: 2x Warriors
  [Civ 4] Egyptians (despotism): 1 cities, 4 units, 76g, 6 techs, researching Map Making (21/36)
    Thebes: size=1, prod=Wonder40 (21sh), bldgs=Palace
    Units: 2x Warriors, 2x Archers
  [Civ 1] Romans turn: 2 actions — MOVE_UNIT(1), UNIT_ORDER(1)

══════════════════════════════════════════════════════════════════════
  TURN 20 — 3620 B.C. (6ms)
══════════════════════════════════════════════════════════════════════
  [Civ 1] Romans (despotism): 1 cities, 2 units, 19g, 7 techs, researching Map Making (15/33)
    Rome: size=2, prod=Wonder39 (40sh), bldgs=Palace
    Units: 2x Warriors
  [Civ 2] Babylonians (despotism): 1 cities, 2 units, 0g, 7 techs, researching Map Making (2/33)
    Babylon: size=2, prod=building:8 (37sh), bldgs=Palace
    Units: 2x Warriors
  [Civ 3] Germans (despotism): 1 cities, 2 units, 18g, 6 techs, researching Map Making (28/36)
    Berlin: size=2, prod=Wonder45 (54sh), bldgs=Palace
    Units: 2x Warriors
  [Civ 4] Egyptians (despotism): 1 cities, 4 units, 112g, 6 techs, researching Map Making (24/36)
    Thebes: size=1, prod=Wonder40 (24sh), bldgs=Palace
    Units: 2x Warriors, 2x Archers
  [Civ 1] Romans turn: 2 actions — MOVE_UNIT(1), UNIT_ORDER(1)

══════════════════════════════════════════════════════════════════════
  TURN 21 — 3600 B.C. (6ms)
══════════════════════════════════════════════════════════════════════
  [Civ 1] Romans (despotism): 1 cities, 2 units, 20g, 7 techs, researching Map Making (18/33)
    Rome: size=2, prod=Wonder39 (43sh), bldgs=Palace
    Units: 2x Warriors
  [Civ 2] Babylonians (despotism): 1 cities, 2 units, 0g, 7 techs, researching Map Making (4/33)
    Babylon: size=2, prod=building:8 (40sh), bldgs=Palace
    Units: 2x Warriors
  [Civ 3] Germans (despotism): 1 cities, 2 units, 19g, 6 techs, researching Map Making (32/36)
    Berlin: size=2, prod=Wonder45 (58sh), bldgs=Palace
    Units: 2x Warriors
  [Civ 4] Egyptians (despotism): 1 cities, 4 units, 114g, 6 techs, researching Map Making (27/36)
    Thebes: size=1, prod=Wonder40 (27sh), bldgs=Palace
    Units: 2x Warriors, 2x Archers
  [Civ 1] Romans turn: 2 actions — MOVE_UNIT(1), UNIT_ORDER(1)
    >>> Germans discovered: Map Making
    SET_RESEARCH tech=Currency

══════════════════════════════════════════════════════════════════════
  TURN 22 — 3580 B.C. (8ms)
══════════════════════════════════════════════════════════════════════
  [Civ 1] Romans (despotism): 1 cities, 2 units, 21g, 7 techs, researching Map Making (21/33)
    Rome: size=2, prod=Wonder39 (46sh), bldgs=Palace
    Units: 2x Warriors
  [Civ 2] Babylonians (despotism): 1 cities, 2 units, 0g, 7 techs, researching Map Making (6/33)
    Babylon: size=2, prod=building:8 (43sh), bldgs=Palace
    Units: 2x Warriors
  [Civ 3] Germans (despotism): 1 cities, 2 units, 19g, 7 techs, researching Currency (0/33)
    Berlin: size=2, prod=Wonder45 (62sh), bldgs=Palace
    Units: 2x Warriors
  [Civ 4] Egyptians (despotism): 1 cities, 4 units, 116g, 6 techs, researching Map Making (30/36)
    Thebes: size=1, prod=Wonder40 (30sh), bldgs=Palace
    Units: 2x Warriors, 2x Archers
  [Civ 1] Romans turn: 2 actions — MOVE_UNIT(1), UNIT_ORDER(1)

══════════════════════════════════════════════════════════════════════
  TURN 23 — 3560 B.C. (7ms)
══════════════════════════════════════════════════════════════════════
  [Civ 1] Romans (despotism): 1 cities, 2 units, 22g, 7 techs, researching Map Making (24/33)
    Rome: size=2, prod=Wonder39 (49sh), bldgs=Palace
    Units: 2x Warriors
  [Civ 2] Babylonians (despotism): 1 cities, 2 units, 0g, 7 techs, researching Map Making (8/33)
    Babylon: size=2, prod=building:8 (46sh), bldgs=Palace
    Units: 2x Warriors
  [Civ 3] Germans (despotism): 1 cities, 2 units, 20g, 7 techs, researching Currency (4/33)
    Berlin: size=2, prod=Wonder45 (66sh), bldgs=Palace
    Units: 2x Warriors
  [Civ 4] Egyptians (despotism): 1 cities, 4 units, 118g, 6 techs, researching Map Making (33/36)
    Thebes: size=1, prod=Wonder40 (33sh), bldgs=Palace
    Units: 2x Warriors, 2x Archers
  [Civ 1] Romans turn: 2 actions — MOVE_UNIT(1), UNIT_ORDER(1)
    >>> Egyptians discovered: Map Making
    SET_RESEARCH tech=Iron Working

══════════════════════════════════════════════════════════════════════
  TURN 24 — 3540 B.C. (6ms)
══════════════════════════════════════════════════════════════════════
  [Civ 1] Romans (despotism): 1 cities, 2 units, 23g, 7 techs, researching Map Making (27/33)
    Rome: size=2, prod=Wonder39 (52sh), bldgs=Palace
    Units: 2x Warriors
  [Civ 2] Babylonians (despotism): 1 cities, 2 units, 0g, 7 techs, researching Map Making (10/33)
    Babylon: size=2, prod=building:8 (49sh), bldgs=Palace
    Units: 2x Warriors
  [Civ 3] Germans (despotism): 1 cities, 2 units, 21g, 7 techs, researching Currency (8/33)
    Berlin: size=2, prod=Wonder45 (70sh), bldgs=Palace
    Units: 2x Warriors
  [Civ 4] Egyptians (despotism): 1 cities, 4 units, 118g, 7 techs, researching Iron Working (0/33)
    Thebes: size=1, prod=Wonder40 (36sh), bldgs=Palace
    Units: 2x Warriors, 2x Archers
  [Civ 1] Romans turn: 2 actions — MOVE_UNIT(1), UNIT_ORDER(1)
    >>> Rome grew to size 3

══════════════════════════════════════════════════════════════════════
  TURN 25 — 3520 B.C. (5ms)
══════════════════════════════════════════════════════════════════════
  [Civ 1] Romans (despotism): 1 cities, 2 units, 25g, 8 techs, researching Map Making (30/28)
    Rome: size=3, prod=Wonder39 (55sh), bldgs=Palace
    Units: 2x Warriors
  [Civ 2] Babylonians (despotism): 1 cities, 2 units, 0g, 7 techs, researching Map Making (12/33)
    Babylon: size=2, prod=building:8 (52sh), bldgs=Palace
    Units: 2x Warriors
  [Civ 3] Germans (despotism): 1 cities, 2 units, 22g, 7 techs, researching Currency (12/33)
    Berlin: size=2, prod=Wonder45 (74sh), bldgs=Palace
    Units: 2x Warriors
  [Civ 4] Egyptians (despotism): 1 cities, 4 units, 120g, 7 techs, researching Iron Working (3/33)
    Thebes: size=1, prod=Wonder40 (39sh), bldgs=Palace
    Units: 2x Warriors, 2x Archers
  [Civ 1] Romans turn: 3 actions — SET_RESEARCH(1), MOVE_UNIT(1), UNIT_ORDER(1)
    SET_RESEARCH tech=Iron Working
    >>> Babylon grew to size 3
    SET_RESEARCH tech=Currency
    >>> Berlin grew to size 3
    >>> Romans discovered: Iron Working

══════════════════════════════════════════════════════════════════════
  TURN 26 — 3500 B.C. (6ms)
══════════════════════════════════════════════════════════════════════
  [Civ 1] Romans (despotism): 1 cities, 2 units, 25g, 9 techs, researching none (0/32)
    Rome: size=3, prod=Wonder39 (59sh), bldgs=Palace
    Units: 2x Warriors
  [Civ 2] Babylonians (despotism): 1 cities, 2 units, 0g, 8 techs, researching Currency (14/28)
    Babylon: size=3, prod=building:8 (55sh), bldgs=Palace
    Units: 2x Warriors
  [Civ 3] Germans (despotism): 1 cities, 2 units, 24g, 7 techs, researching Currency (16/33)
    Berlin: size=3, prod=Wonder45 (78sh), bldgs=Palace
    Units: 2x Warriors
  [Civ 4] Egyptians (despotism): 1 cities, 4 units, 122g, 7 techs, researching Iron Working (6/33)
    Thebes: size=1, prod=Wonder40 (42sh), bldgs=Palace
    Units: 2x Warriors, 2x Archers
  [Civ 1] Romans turn: 3 actions — SET_RESEARCH(1), MOVE_UNIT(1), UNIT_ORDER(1)
    SET_RESEARCH tech=Mathematics

══════════════════════════════════════════════════════════════════════
  TURN 27 — 3480 B.C. (6ms)
══════════════════════════════════════════════════════════════════════
  [Civ 1] Romans (despotism): 1 cities, 2 units, 27g, 9 techs, researching Mathematics (3/32)
    Rome: size=3, prod=Wonder39 (63sh), bldgs=Palace
    Units: 2x Warriors
  [Civ 2] Babylonians (despotism): 1 cities, 2 units, 0g, 8 techs, researching Currency (16/28)
    Babylon: size=3, prod=building:8 (59sh), bldgs=Palace
    Units: 2x Warriors
  [Civ 3] Germans (despotism): 1 cities, 2 units, 26g, 7 techs, researching Currency (20/33)
    Berlin: size=3, prod=Wonder45 (83sh), bldgs=Palace
    Units: 2x Warriors
  [Civ 4] Egyptians (despotism): 1 cities, 4 units, 124g, 7 techs, researching Iron Working (9/33)
    Thebes: size=1, prod=Wonder40 (45sh), bldgs=Palace
    Units: 2x Warriors, 2x Archers
  [Civ 1] Romans turn: 2 actions — MOVE_UNIT(1), UNIT_ORDER(1)

══════════════════════════════════════════════════════════════════════
  TURN 28 — 3460 B.C. (5ms)
══════════════════════════════════════════════════════════════════════
  [Civ 1] Romans (despotism): 1 cities, 2 units, 29g, 9 techs, researching Mathematics (6/32)
    Rome: size=3, prod=Wonder39 (67sh), bldgs=Palace
    Units: 2x Warriors
  [Civ 2] Babylonians (despotism): 1 cities, 2 units, 0g, 8 techs, researching Currency (18/28)
    Babylon: size=3, prod=building:8 (63sh), bldgs=Palace
    Units: 2x Warriors
  [Civ 3] Germans (despotism): 1 cities, 2 units, 28g, 7 techs, researching Currency (24/33)
    Berlin: size=3, prod=Wonder45 (88sh), bldgs=Palace
    Units: 2x Warriors
  [Civ 4] Egyptians (despotism): 1 cities, 4 units, 126g, 7 techs, researching Iron Working (12/33)
    Thebes: size=1, prod=Wonder40 (48sh), bldgs=Palace
    Units: 2x Warriors, 2x Archers
  [Civ 1] Romans turn: 2 actions — MOVE_UNIT(1), UNIT_ORDER(1)

══════════════════════════════════════════════════════════════════════
  TURN 29 — 3440 B.C. (8ms)
══════════════════════════════════════════════════════════════════════
  [Civ 1] Romans (despotism): 1 cities, 2 units, 31g, 9 techs, researching Mathematics (9/32)
    Rome: size=3, prod=Wonder39 (71sh), bldgs=Palace
    Units: 2x Warriors
  [Civ 2] Babylonians (despotism): 1 cities, 2 units, 0g, 8 techs, researching Currency (20/28)
    Babylon: size=3, prod=building:8 (67sh), bldgs=Palace
    Units: 2x Warriors
  [Civ 3] Germans (despotism): 1 cities, 2 units, 30g, 7 techs, researching Currency (28/33)
    Berlin: size=3, prod=Wonder45 (93sh), bldgs=Palace
    Units: 2x Warriors
  [Civ 4] Egyptians (despotism): 1 cities, 4 units, 128g, 7 techs, researching Iron Working (15/33)
    Thebes: size=1, prod=Wonder40 (51sh), bldgs=Palace
    Units: 2x Warriors, 2x Archers
  [Civ 1] Romans turn: 2 actions — MOVE_UNIT(1), UNIT_ORDER(1)

══════════════════════════════════════════════════════════════════════
  TURN 30 — 3420 B.C. (5ms)
══════════════════════════════════════════════════════════════════════
  [Civ 1] Romans (despotism): 1 cities, 2 units, 33g, 9 techs, researching Mathematics (12/32)
    Rome: size=3, prod=Wonder39 (75sh), bldgs=Palace
    Units: 2x Warriors
  [Civ 2] Babylonians (despotism): 1 cities, 2 units, 0g, 8 techs, researching Currency (22/28)
    Babylon: size=3, prod=building:8 (71sh), bldgs=Palace
    Units: 2x Warriors
  [Civ 3] Germans (despotism): 1 cities, 2 units, 32g, 7 techs, researching Currency (32/33)
    Berlin: size=3, prod=Wonder45 (98sh), bldgs=Palace
    Units: 2x Warriors
  [Civ 4] Egyptians (despotism): 1 cities, 4 units, 130g, 7 techs, researching Iron Working (18/33)
    Thebes: size=1, prod=Wonder40 (54sh), bldgs=Palace
    Units: 2x Warriors, 2x Archers
  [Civ 1] Romans turn: 2 actions — MOVE_UNIT(1), UNIT_ORDER(1)
    >>> Germans discovered: Currency
    SET_RESEARCH tech=Construction

══════════════════════════════════════════════════════════════════════
  TURN 31 — 3400 B.C. (8ms)
══════════════════════════════════════════════════════════════════════
  [Civ 1] Romans (despotism): 1 cities, 2 units, 35g, 9 techs, researching Mathematics (15/32)
    Rome: size=3, prod=Wonder39 (79sh), bldgs=Palace
    Units: 2x Warriors
  [Civ 2] Babylonians (despotism): 1 cities, 2 units, 0g, 8 techs, researching Currency (24/28)
    Babylon: size=3, prod=building:8 (75sh), bldgs=Palace
    Units: 2x Warriors
  [Civ 3] Germans (despotism): 1 cities, 2 units, 32g, 8 techs, researching Construction (0/28)
    Berlin: size=3, prod=Wonder45 (103sh), bldgs=Palace
    Units: 2x Warriors
  [Civ 4] Egyptians (despotism): 1 cities, 4 units, 132g, 7 techs, researching Iron Working (21/33)
    Thebes: size=1, prod=Wonder40 (57sh), bldgs=Palace
    Units: 2x Warriors, 2x Archers
  [Civ 1] Romans turn: 2 actions — MOVE_UNIT(1), UNIT_ORDER(1)

══════════════════════════════════════════════════════════════════════
  TURN 32 — 3380 B.C. (5ms)
══════════════════════════════════════════════════════════════════════
  [Civ 1] Romans (despotism): 1 cities, 2 units, 37g, 9 techs, researching Mathematics (18/32)
    Rome: size=3, prod=Wonder39 (83sh), bldgs=Palace
    Units: 2x Warriors
  [Civ 2] Babylonians (despotism): 1 cities, 2 units, 0g, 8 techs, researching Currency (26/28)
    Babylon: size=3, prod=building:8 (79sh), bldgs=Palace
    Units: 2x Warriors
  [Civ 3] Germans (despotism): 1 cities, 2 units, 34g, 8 techs, researching Construction (4/28)
    Berlin: size=3, prod=Wonder45 (108sh), bldgs=Palace
    Units: 2x Warriors
  [Civ 4] Egyptians (despotism): 1 cities, 4 units, 134g, 7 techs, researching Iron Working (24/33)
    Thebes: size=1, prod=Wonder40 (60sh), bldgs=Palace
    Units: 2x Warriors, 2x Archers
  [Civ 1] Romans turn: 5 actions — ADJUST_ATTITUDE(3), MOVE_UNIT(1), UNIT_ORDER(1)
    ADJUST_ATTITUDE target=civ2
    ADJUST_ATTITUDE target=civ3
    ADJUST_ATTITUDE target=civ4
    >>> Babylonians discovered: Currency
    >>> Babylon built building:8
    SET_RESEARCH tech=Mathematics
    ADJUST_ATTITUDE target=civ1
    ADJUST_ATTITUDE target=civ3
    ADJUST_ATTITUDE target=civ4
    CHANGE_PRODUCTION city=1
    ADJUST_ATTITUDE target=civ1
    ADJUST_ATTITUDE target=civ2
    ADJUST_ATTITUDE target=civ4
    ADJUST_ATTITUDE target=civ1
    ADJUST_ATTITUDE target=civ2
    ADJUST_ATTITUDE target=civ3

══════════════════════════════════════════════════════════════════════
  TURN 33 — 3360 B.C. (6ms)
══════════════════════════════════════════════════════════════════════
  [Civ 1] Romans (despotism): 1 cities, 2 units, 39g, 9 techs, researching Mathematics (21/32)
    Rome: size=3, prod=Wonder39 (87sh), bldgs=Palace
    Units: 2x Warriors
  [Civ 2] Babylonians (despotism): 1 cities, 2 units, 0g, 9 techs, researching Mathematics (0/32)
    Babylon: size=3, prod=Archers (0sh), bldgs=Palace, City Walls
    Units: 2x Warriors
  [Civ 3] Germans (despotism): 1 cities, 2 units, 36g, 8 techs, researching Construction (8/28)
    Berlin: size=3, prod=Wonder45 (113sh), bldgs=Palace
    Units: 2x Warriors
  [Civ 4] Egyptians (despotism): 1 cities, 4 units, 136g, 7 techs, researching Iron Working (27/33)
    Thebes: size=1, prod=Wonder40 (63sh), bldgs=Palace
    Units: 2x Warriors, 2x Archers
  [Civ 1] Romans turn: 2 actions — MOVE_UNIT(1), UNIT_ORDER(1)

══════════════════════════════════════════════════════════════════════
  TURN 34 — 3340 B.C. (4ms)
══════════════════════════════════════════════════════════════════════
  [Civ 1] Romans (despotism): 1 cities, 2 units, 41g, 10 techs, researching Mathematics (24/48)
    Rome: size=3, prod=Wonder39 (91sh), bldgs=Palace
    Units: 2x Warriors
  [Civ 2] Babylonians (despotism): 1 cities, 2 units, 0g, 9 techs, researching Mathematics (2/21)
    Babylon: size=3, prod=Archers (4sh), bldgs=Palace, City Walls
    Units: 2x Warriors
  [Civ 3] Germans (despotism): 1 cities, 2 units, 38g, 8 techs, researching Construction (12/28)
    Berlin: size=3, prod=Wonder45 (118sh), bldgs=Palace
    Units: 2x Warriors
  [Civ 4] Egyptians (despotism): 1 cities, 4 units, 138g, 8 techs, researching Iron Working (30/28)
    Thebes: size=1, prod=Wonder40 (66sh), bldgs=Palace
    Units: 2x Warriors, 2x Archers
  [Civ 1] Romans turn: 2 actions — MOVE_UNIT(1), UNIT_ORDER(1)
    COMBAT: Warriors vs Archers → atkWin (atkHp=undefined, defHp=undefined)
    >>> Egyptians discovered: Iron Working
    SET_RESEARCH tech=Construction

══════════════════════════════════════════════════════════════════════
  TURN 35 — 3320 B.C. (12ms)
══════════════════════════════════════════════════════════════════════
  [Civ 1] Romans (despotism): 1 cities, 2 units, 43g, 10 techs, researching Mathematics (27/48)
    Rome: size=3, prod=Wonder39 (95sh), bldgs=Palace
    Units: 2x Warriors
  [Civ 2] Babylonians (despotism): 1 cities, 2 units, 0g, 9 techs, researching Mathematics (4/21)
    Babylon: size=3, prod=Archers (8sh), bldgs=Palace, City Walls
    Units: 2x Warriors
  [Civ 3] Germans (despotism): 1 cities, 2 units, 40g, 8 techs, researching Construction (16/28)
    Berlin: size=3, prod=Wonder45 (123sh), bldgs=Palace
    Units: 2x Warriors
  [Civ 4] Egyptians (despotism): 1 cities, 3 units, 138g, 9 techs, researching Construction (0/21)
    Thebes: size=1, prod=Wonder40 (69sh), bldgs=Palace
    Units: 2x Warriors, 1x Archers
  [Civ 1] Romans turn: 2 actions — MOVE_UNIT(1), UNIT_ORDER(1)
    ADJUST_ATTITUDE target=civ4

══════════════════════════════════════════════════════════════════════
  TURN 36 — 3300 B.C. (10ms)
══════════════════════════════════════════════════════════════════════
  [Civ 1] Romans (despotism): 1 cities, 2 units, 45g, 10 techs, researching Mathematics (30/48)
    Rome: size=3, prod=Wonder39 (99sh), bldgs=Palace
    Units: 2x Warriors
  [Civ 2] Babylonians (despotism): 1 cities, 2 units, 0g, 9 techs, researching Mathematics (6/21)
    Babylon: size=3, prod=Archers (12sh), bldgs=Palace, City Walls
    Units: 2x Warriors
  [Civ 3] Germans (despotism): 1 cities, 2 units, 42g, 8 techs, researching Construction (20/28)
    Berlin: size=3, prod=Wonder45 (128sh), bldgs=Palace
    Units: 2x Warriors
  [Civ 4] Egyptians (despotism): 1 cities, 3 units, 140g, 9 techs, researching Construction (3/21)
    Thebes: size=1, prod=Wonder40 (72sh), bldgs=Palace
    Units: 2x Warriors, 1x Archers
  [Civ 1] Romans turn: 2 actions — MOVE_UNIT(1), UNIT_ORDER(1)
    ADJUST_ATTITUDE target=civ4
    ADJUST_ATTITUDE target=civ4
    ADJUST_ATTITUDE target=civ2
    ADJUST_ATTITUDE target=civ2

══════════════════════════════════════════════════════════════════════
  TURN 37 — 3280 B.C. (12ms)
══════════════════════════════════════════════════════════════════════
  [Civ 1] Romans (despotism): 1 cities, 2 units, 47g, 10 techs, researching Mathematics (33/48)
    Rome: size=3, prod=Wonder39 (103sh), bldgs=Palace
    Units: 2x Warriors
  [Civ 2] Babylonians (despotism): 1 cities, 2 units, 0g, 10 techs, researching Mathematics (8/48)
    Babylon: size=3, prod=Archers (16sh), bldgs=Palace, City Walls
    Units: 2x Warriors
  [Civ 3] Germans (despotism): 1 cities, 2 units, 44g, 9 techs, researching Construction (24/21)
    Berlin: size=3, prod=Wonder45 (133sh), bldgs=Palace
    Units: 2x Warriors
  [Civ 4] Egyptians (despotism): 1 cities, 3 units, 142g, 9 techs, researching Construction (6/21)
    Thebes: size=1, prod=Wonder40 (75sh), bldgs=Palace
    Units: 2x Warriors, 1x Archers
  [Civ 1] Romans turn: 2 actions — MOVE_UNIT(1), UNIT_ORDER(1)
    ADJUST_ATTITUDE target=civ4
    >>> Germans discovered: Construction
    SET_RESEARCH tech=Bridge Building

══════════════════════════════════════════════════════════════════════
  TURN 38 — 3260 B.C. (12ms)
══════════════════════════════════════════════════════════════════════
  [Civ 1] Romans (despotism): 1 cities, 2 units, 49g, 10 techs, researching Mathematics (36/48)
    Rome: size=3, prod=Wonder39 (107sh), bldgs=Palace
    Units: 2x Warriors
  [Civ 2] Babylonians (despotism): 1 cities, 2 units, 0g, 10 techs, researching Mathematics (10/48)
    Babylon: size=3, prod=Archers (20sh), bldgs=Palace, City Walls
    Units: 2x Warriors
  [Civ 3] Germans (despotism): 1 cities, 2 units, 44g, 10 techs, researching Bridge Building (0/48)
    Berlin: size=3, prod=Wonder45 (138sh), bldgs=Palace
    Units: 2x Warriors
  [Civ 4] Egyptians (despotism): 1 cities, 3 units, 144g, 9 techs, researching Construction (9/21)
    Thebes: size=1, prod=Wonder40 (78sh), bldgs=Palace
    Units: 2x Warriors, 1x Archers
  [Civ 1] Romans turn: 2 actions — MOVE_UNIT(1), UNIT_ORDER(1)
    ADJUST_ATTITUDE target=civ4
    PROPOSE_TREATY treaty=ceasefire target=civ4
    ADJUST_ATTITUDE target=civ4
    ADJUST_ATTITUDE target=civ2

══════════════════════════════════════════════════════════════════════
  TURN 39 — 3240 B.C. (13ms)
══════════════════════════════════════════════════════════════════════
  [Civ 1] Romans (despotism): 1 cities, 2 units, 51g, 10 techs, researching Mathematics (39/48)
    Rome: size=3, prod=Wonder39 (111sh), bldgs=Palace
    Units: 2x Warriors
  [Civ 2] Babylonians (despotism): 1 cities, 2 units, 0g, 10 techs, researching Mathematics (12/48)
    Babylon: size=3, prod=Archers (24sh), bldgs=Palace, City Walls
    Units: 2x Warriors
  [Civ 3] Germans (despotism): 1 cities, 2 units, 46g, 10 techs, researching Bridge Building (4/48)
    Berlin: size=3, prod=Wonder45 (143sh), bldgs=Palace
    Units: 2x Warriors
  [Civ 4] Egyptians (despotism): 1 cities, 3 units, 146g, 9 techs, researching Construction (12/21)
    Thebes: size=1, prod=Wonder40 (81sh), bldgs=Palace
    Units: 2x Warriors, 1x Archers
  [Civ 1] Romans turn: 2 actions — MOVE_UNIT(1), UNIT_ORDER(1)
    ADJUST_ATTITUDE target=civ4

══════════════════════════════════════════════════════════════════════
  TURN 40 — 3220 B.C. (10ms)
══════════════════════════════════════════════════════════════════════
  [Civ 1] Romans (despotism): 1 cities, 2 units, 53g, 10 techs, researching Mathematics (42/48)
    Rome: size=3, prod=Wonder39 (115sh), bldgs=Palace
    Units: 2x Warriors
  [Civ 2] Babylonians (despotism): 1 cities, 2 units, 0g, 10 techs, researching Mathematics (14/48)
    Babylon: size=3, prod=Archers (28sh), bldgs=Palace, City Walls
    Units: 2x Warriors
  [Civ 3] Germans (despotism): 1 cities, 2 units, 48g, 10 techs, researching Bridge Building (8/48)
    Berlin: size=3, prod=Wonder45 (148sh), bldgs=Palace
    Units: 2x Warriors
  [Civ 4] Egyptians (despotism): 1 cities, 3 units, 148g, 9 techs, researching Construction (15/21)
    Thebes: size=1, prod=Wonder40 (84sh), bldgs=Palace
    Units: 2x Warriors, 1x Archers
  [Civ 1] Romans turn: 2 actions — MOVE_UNIT(1), UNIT_ORDER(1)
    >>> Babylon built Archers
    ADJUST_ATTITUDE target=civ4
    CHANGE_PRODUCTION city=1
    ADJUST_ATTITUDE target=civ2

══════════════════════════════════════════════════════════════════════
  TURN 41 — 3200 B.C. (9ms)
══════════════════════════════════════════════════════════════════════
  [Civ 1] Romans (despotism): 1 cities, 2 units, 55g, 10 techs, researching Mathematics (45/48)
    Rome: size=3, prod=Wonder39 (119sh), bldgs=Palace
    Units: 2x Warriors
  [Civ 2] Babylonians (despotism): 1 cities, 3 units, 0g, 10 techs, researching Mathematics (16/48)
    Babylon: size=3, prod=Legion (1sh), bldgs=Palace, City Walls
    Units: 2x Warriors, 1x Archers
  [Civ 3] Germans (despotism): 1 cities, 2 units, 50g, 10 techs, researching Bridge Building (12/48)
    Berlin: size=3, prod=Wonder45 (153sh), bldgs=Palace
    Units: 2x Warriors
  [Civ 4] Egyptians (despotism): 1 cities, 3 units, 150g, 9 techs, researching Construction (18/21)
    Thebes: size=1, prod=Wonder40 (87sh), bldgs=Palace
    Units: 2x Warriors, 1x Archers
  [Civ 1] Romans turn: 2 actions — MOVE_UNIT(1), UNIT_ORDER(1)
    ADJUST_ATTITUDE target=civ4
    >>> Egyptians discovered: Construction
    SET_RESEARCH tech=Bridge Building
    >>> Romans discovered: Mathematics

══════════════════════════════════════════════════════════════════════
  TURN 42 — 3180 B.C. (9ms)
══════════════════════════════════════════════════════════════════════
  [Civ 1] Romans (despotism): 1 cities, 2 units, 55g, 11 techs, researching none (0/52)
    Rome: size=3, prod=Wonder39 (123sh), bldgs=Palace
    Units: 2x Warriors
  [Civ 2] Babylonians (despotism): 1 cities, 3 units, 0g, 10 techs, researching Mathematics (18/24)
    Babylon: size=3, prod=Legion (5sh), bldgs=Palace, City Walls
    Units: 2x Warriors, 1x Archers
  [Civ 3] Germans (despotism): 1 cities, 2 units, 52g, 10 techs, researching Bridge Building (16/24)
    Berlin: size=3, prod=Wonder45 (158sh), bldgs=Palace
    Units: 2x Warriors
  [Civ 4] Egyptians (despotism): 1 cities, 3 units, 150g, 10 techs, researching Bridge Building (0/24)
    Thebes: size=1, prod=Wonder40 (90sh), bldgs=Palace
    Units: 2x Warriors, 1x Archers
  [Civ 1] Romans turn: 3 actions — SET_RESEARCH(1), MOVE_UNIT(1), UNIT_ORDER(1)
    SET_RESEARCH tech=Mysticism
    ADJUST_ATTITUDE target=civ4

══════════════════════════════════════════════════════════════════════
  TURN 43 — 3160 B.C. (10ms)
══════════════════════════════════════════════════════════════════════
  [Civ 1] Romans (despotism): 1 cities, 2 units, 57g, 12 techs, researching Mysticism (3/57)
    Rome: size=3, prod=Wonder39 (127sh), bldgs=Palace
    Units: 2x Warriors
  [Civ 2] Babylonians (despotism): 1 cities, 3 units, 0g, 10 techs, researching Mathematics (20/24)
    Babylon: size=3, prod=Legion (9sh), bldgs=Palace, City Walls
    Units: 2x Warriors, 1x Archers
  [Civ 3] Germans (despotism): 1 cities, 2 units, 54g, 10 techs, researching Bridge Building (20/24)
    Berlin: size=3, prod=Wonder45 (163sh), bldgs=Palace
    Units: 2x Warriors
  [Civ 4] Egyptians (despotism): 1 cities, 3 units, 152g, 10 techs, researching Bridge Building (3/24)
    Thebes: size=1, prod=Wonder40 (93sh), bldgs=Palace
    Units: 2x Warriors, 1x Archers
  [Civ 1] Romans turn: 2 actions — MOVE_UNIT(1), UNIT_ORDER(1)
    ADJUST_ATTITUDE target=civ4
    >>> Germans discovered: Bridge Building
    SET_RESEARCH tech=Mysticism

══════════════════════════════════════════════════════════════════════
  TURN 44 — 3140 B.C. (6ms)
══════════════════════════════════════════════════════════════════════
  [Civ 1] Romans (despotism): 1 cities, 2 units, 59g, 12 techs, researching Mysticism (6/57)
    Rome: size=3, prod=Wonder39 (131sh), bldgs=Palace
    Units: 2x Warriors
  [Civ 2] Babylonians (despotism): 1 cities, 3 units, 0g, 11 techs, researching Mathematics (22/26)
    Babylon: size=3, prod=Legion (13sh), bldgs=Palace, City Walls
    Units: 2x Warriors, 1x Archers
  [Civ 3] Germans (despotism): 1 cities, 2 units, 54g, 11 techs, researching Mysticism (0/26)
    Berlin: size=3, prod=Wonder45 (168sh), bldgs=Palace
    Units: 2x Warriors
  [Civ 4] Egyptians (despotism): 1 cities, 3 units, 154g, 10 techs, researching Bridge Building (6/24)
    Thebes: size=1, prod=Wonder40 (96sh), bldgs=Palace
    Units: 2x Warriors, 1x Archers
  [Civ 1] Romans turn: 2 actions — MOVE_UNIT(1), UNIT_ORDER(1)
    ADJUST_ATTITUDE target=civ4
    >>> Rome grew to size 4

══════════════════════════════════════════════════════════════════════
  TURN 45 — 3120 B.C. (11ms)
══════════════════════════════════════════════════════════════════════
  [Civ 1] Romans (despotism): 1 cities, 2 units, 61g, 12 techs, researching Mysticism (10/57)
    Rome: size=4, prod=Wonder39 (135sh), bldgs=Palace
    Units: 2x Warriors
  [Civ 2] Babylonians (despotism): 1 cities, 3 units, 0g, 11 techs, researching Mathematics (24/26)
    Babylon: size=3, prod=Legion (17sh), bldgs=Palace, City Walls
    Units: 2x Warriors, 1x Archers
  [Civ 3] Germans (despotism): 1 cities, 2 units, 56g, 11 techs, researching Mysticism (4/26)
    Berlin: size=3, prod=Wonder45 (173sh), bldgs=Palace
    Units: 2x Warriors
  [Civ 4] Egyptians (despotism): 1 cities, 3 units, 156g, 10 techs, researching Bridge Building (9/24)
    Thebes: size=1, prod=Wonder40 (99sh), bldgs=Palace
    Units: 2x Warriors, 1x Archers
  [Civ 1] Romans turn: 2 actions — MOVE_UNIT(1), UNIT_ORDER(1)
    >>> Babylonians discovered: Mathematics
    >>> Babylon grew to size 4
    SET_RESEARCH tech=Seafaring
    ADJUST_ATTITUDE target=civ4
    >>> Berlin grew to size 4

══════════════════════════════════════════════════════════════════════
  TURN 46 — 3100 B.C. (11ms)
══════════════════════════════════════════════════════════════════════
  [Civ 1] Romans (despotism): 1 cities, 2 units, 63g, 12 techs, researching Mysticism (14/57)
    Rome: size=4, prod=Wonder39 (140sh), bldgs=Palace
    Units: 2x Warriors
  [Civ 2] Babylonians (despotism): 1 cities, 3 units, 0g, 12 techs, researching Seafaring (0/57)
    Babylon: size=4, prod=Legion (21sh), bldgs=Palace, City Walls
    Units: 2x Warriors, 1x Archers
  [Civ 3] Germans (despotism): 1 cities, 2 units, 58g, 11 techs, researching Mysticism (8/26)
    Berlin: size=4, prod=Wonder45 (178sh), bldgs=Palace
    Units: 2x Warriors
  [Civ 4] Egyptians (despotism): 1 cities, 3 units, 158g, 10 techs, researching Bridge Building (12/24)
    Thebes: size=1, prod=Wonder40 (102sh), bldgs=Palace
    Units: 2x Warriors, 1x Archers
  [Civ 1] Romans turn: 2 actions — MOVE_UNIT(1), UNIT_ORDER(1)
    ADJUST_ATTITUDE target=civ4

══════════════════════════════════════════════════════════════════════
  TURN 47 — 3080 B.C. (7ms)
══════════════════════════════════════════════════════════════════════
  [Civ 1] Romans (despotism): 1 cities, 2 units, 65g, 12 techs, researching Mysticism (18/57)
    Rome: size=4, prod=Wonder39 (145sh), bldgs=Palace
    Units: 2x Warriors
  [Civ 2] Babylonians (despotism): 1 cities, 3 units, 0g, 12 techs, researching Seafaring (2/57)
    Babylon: size=4, prod=Legion (26sh), bldgs=Palace, City Walls
    Units: 2x Warriors, 1x Archers
  [Civ 3] Germans (despotism): 1 cities, 2 units, 60g, 12 techs, researching Mysticism (12/57)
    Berlin: size=4, prod=Wonder45 (184sh), bldgs=Palace
    Units: 2x Warriors
  [Civ 4] Egyptians (despotism): 1 cities, 3 units, 160g, 11 techs, researching Bridge Building (15/26)
    Thebes: size=1, prod=Wonder40 (105sh), bldgs=Palace
    Units: 2x Warriors, 1x Archers
  [Civ 1] Romans turn: 2 actions — MOVE_UNIT(1), UNIT_ORDER(1)
    ADJUST_ATTITUDE target=civ4

══════════════════════════════════════════════════════════════════════
  TURN 48 — 3060 B.C. (6ms)
══════════════════════════════════════════════════════════════════════
  [Civ 1] Romans (despotism): 1 cities, 2 units, 67g, 12 techs, researching Mysticism (22/57)
    Rome: size=4, prod=Wonder39 (150sh), bldgs=Palace
    Units: 2x Warriors
  [Civ 2] Babylonians (despotism): 1 cities, 3 units, 0g, 12 techs, researching Seafaring (4/57)
    Babylon: size=4, prod=Legion (31sh), bldgs=Palace, City Walls
    Units: 2x Warriors, 1x Archers
  [Civ 3] Germans (despotism): 1 cities, 2 units, 62g, 12 techs, researching Mysticism (16/57)
    Berlin: size=4, prod=Wonder45 (190sh), bldgs=Palace
    Units: 2x Warriors
  [Civ 4] Egyptians (despotism): 1 cities, 3 units, 162g, 11 techs, researching Bridge Building (18/26)
    Thebes: size=1, prod=Wonder40 (108sh), bldgs=Palace
    Units: 2x Warriors, 1x Archers
  [Civ 1] Romans turn: 2 actions — MOVE_UNIT(1), UNIT_ORDER(1)
    ADJUST_ATTITUDE target=civ4

══════════════════════════════════════════════════════════════════════
  TURN 49 — 3040 B.C. (7ms)
══════════════════════════════════════════════════════════════════════
  [Civ 1] Romans (despotism): 1 cities, 2 units, 69g, 12 techs, researching Mysticism (26/57)
    Rome: size=4, prod=Wonder39 (155sh), bldgs=Palace
    Units: 2x Warriors
  [Civ 2] Babylonians (despotism): 1 cities, 3 units, 0g, 12 techs, researching Seafaring (6/57)
    Babylon: size=4, prod=Legion (36sh), bldgs=Palace, City Walls
    Units: 2x Warriors, 1x Archers
  [Civ 3] Germans (despotism): 1 cities, 2 units, 64g, 12 techs, researching Mysticism (20/57)
    Berlin: size=4, prod=Wonder45 (196sh), bldgs=Palace
    Units: 2x Warriors
  [Civ 4] Egyptians (despotism): 1 cities, 3 units, 164g, 11 techs, researching Bridge Building (21/26)
    Thebes: size=1, prod=Wonder40 (111sh), bldgs=Palace
    Units: 2x Warriors, 1x Archers
  [Civ 1] Romans turn: 2 actions — MOVE_UNIT(1), UNIT_ORDER(1)
    >>> Babylon built Legion
    ADJUST_ATTITUDE target=civ4
    CHANGE_PRODUCTION city=1

══════════════════════════════════════════════════════════════════════
  FINAL SUMMARY
══════════════════════════════════════════════════════════════════════
Game ended at turn 50 (3020 B.C.)

── Civ 1: Romans (despotism) ALIVE ──
  Cities: 1 (peak 1, founded 1)
  Units:  2 (peak 2)
  Treasury: 71g
  Techs discovered: 3 — Warrior Code, Iron Working, Mathematics
  Actions: 115 total, 0 idle turns
  Breakdown: UNIT_ORDER(53), MOVE_UNIT(50), SET_RESEARCH(6), ADJUST_ATTITUDE(3), CHANGE_RATES(1), BUILD_CITY(1), CHANGE_PRODUCTION(1)
  Army: 2x Warriors
  Rome: size=4, shields=160

── Civ 2: Babylonians (despotism) ALIVE ──
  Cities: 1 (peak 1, founded 1)
  Units:  4 (peak 3)
  Treasury: 0g
  Techs discovered: 3 — Code of Laws, Currency, Mathematics
  Actions: 152 total, 0 idle turns
  Breakdown: UNIT_ORDER(61), MOVE_UNIT(59), ADJUST_ATTITUDE(20), SET_RESEARCH(5), CHANGE_PRODUCTION(4), CHANGE_RATES(1), BUILD_CITY(1), PROPOSE_TREATY(1)
  Army: 2x Warriors, 1x Archers, 1x Legion
  Babylon: size=4, shields=0

── Civ 3: Germans (despotism) ALIVE ──
  Cities: 1 (peak 1, founded 1)
  Units:  2 (peak 2)
  Treasury: 66g
  Techs discovered: 5 — Alphabet, Map Making, Currency, Construction, Bridge Building
  Actions: 115 total, 0 idle turns
  Breakdown: UNIT_ORDER(53), MOVE_UNIT(50), SET_RESEARCH(6), ADJUST_ATTITUDE(3), CHANGE_RATES(1), BUILD_CITY(1), CHANGE_PRODUCTION(1)
  Army: 2x Warriors
  Berlin: size=4, shields=202

── Civ 4: Egyptians (despotism) ALIVE ──
  Cities: 1 (peak 1, founded 1)
  Units:  3 (peak 4)
  Treasury: 166g
  Techs discovered: 4 — Pottery, Map Making, Iron Working, Construction
  Actions: 230 total, 0 idle turns
  Breakdown: UNIT_ORDER(107), MOVE_UNIT(105), ADJUST_ATTITUDE(7), SET_RESEARCH(6), CHANGE_PRODUCTION(2), CHANGE_RATES(1), BUILD_CITY(1), RESPOND_TREATY(1)
  Army: 2x Warriors, 1x Archers
  Thebes: size=1, shields=114


══════════════════════════════════════════════════════════════════════
  AI BEHAVIOR ANALYSIS
══════════════════════════════════════════════════════════════════════
[Civ 1] Romans:
  WARNING: Only 1 city after 30+ turns

[Civ 2] Babylonians:
  WARNING: Only 1 city after 30+ turns

[Civ 3] Germans:
  WARNING: Only 1 city after 30+ turns

[Civ 4] Egyptians:
  WARNING: Only 1 city after 30+ turns

