Charlization AI Headless Simulation
Date: 2026-03-17T04:16:03.394Z
Settings: 50 turns, 4 AI players, 50x80 map, difficulty=prince
Map seed: 49305
Map generated in 70ms
Game initialized: 4 civs, 8 starting units
  Civ 1 (Romans): starts at (6,70) on Forest
  Civ 2 (Babylonians): starts at (14,8) on Forest
  Civ 3 (Germans): starts at (7,39) on Grassland
  Civ 4 (Egyptians): starts at (39,11) on Grassland
    SET_RESEARCH tech=Alphabet
    CHANGE_RATES sci=6 tax=4 lux=undefined
    BUILD_CITY unit=0 name="Rome"
    1 actions REJECTED (of 6)
    SET_RESEARCH tech=Code of Laws
    CHANGE_RATES sci=6 tax=4 lux=undefined
    BUILD_CITY unit=2 name="Babylon"
    1 actions REJECTED (of 6)
    SET_RESEARCH tech=Map Making
    CHANGE_RATES sci=6 tax=4 lux=undefined
    BUILD_CITY unit=4 name="Berlin"
    1 actions REJECTED (of 6)
    SET_RESEARCH tech=Map Making
    CHANGE_RATES sci=6 tax=4 lux=undefined
    BUILD_CITY unit=6 name="Thebes"
    1 actions REJECTED (of 6)

══════════════════════════════════════════════════════════════════════
  TURN 1 — 4000 B.C. (38ms)
══════════════════════════════════════════════════════════════════════
  [Civ 1] Romans (despotism): 1 cities, 1 units, 1g, 4 techs, researching Alphabet (3/33)
    Rome: size=1, prod=Warriors (3sh), bldgs=Palace
    Units: 1x Warriors
  [Civ 2] Babylonians (despotism): 1 cities, 1 units, 0g, 3 techs, researching Code of Laws (0/28)
    Babylon: size=1, prod=Warriors (0sh), bldgs=Palace
    Units: 1x Warriors
  [Civ 3] Germans (despotism): 1 cities, 1 units, 0g, 3 techs, researching Map Making (0/28)
    Berlin: size=1, prod=Warriors (0sh), bldgs=Palace
    Units: 1x Warriors
  [Civ 4] Egyptians (despotism): 1 cities, 1 units, 0g, 3 techs, researching Map Making (0/28)
    Thebes: size=1, prod=Warriors (0sh), bldgs=Palace
    Units: 1x Warriors
  [Civ 1] Romans turn: 3 actions — CHANGE_PRODUCTION(1), MOVE_UNIT(1), UNIT_ORDER(1)
    CHANGE_PRODUCTION city=0
    CHANGE_PRODUCTION city=1
    CHANGE_PRODUCTION city=2
    CHANGE_PRODUCTION city=3

══════════════════════════════════════════════════════════════════════
  TURN 2 — 3980 B.C. (18ms)
══════════════════════════════════════════════════════════════════════
  [Civ 1] Romans (despotism): 1 cities, 1 units, 2g, 6 techs, researching Alphabet (6/36)
    Rome: size=1, prod=Wonder39 (3sh), bldgs=Palace
    Units: 1x Warriors
  [Civ 2] Babylonians (despotism): 1 cities, 1 units, 1g, 3 techs, researching Code of Laws (2/28)
    Babylon: size=1, prod=Wonder45 (0sh), bldgs=Palace
    Units: 1x Warriors
  [Civ 3] Germans (despotism): 1 cities, 1 units, 1g, 4 techs, researching Map Making (3/33)
    Berlin: size=1, prod=Wonder45 (0sh), bldgs=Palace
    Units: 1x Warriors
  [Civ 4] Egyptians (despotism): 1 cities, 1 units, 1g, 3 techs, researching Map Making (3/28)
    Thebes: size=1, prod=Wonder39 (0sh), bldgs=Palace
    Units: 1x Warriors
  [Civ 1] Romans turn: 3 actions — SET_RESEARCH(1), MOVE_UNIT(1), UNIT_ORDER(1)
    SET_RESEARCH tech=Warrior Code

══════════════════════════════════════════════════════════════════════
  TURN 3 — 3960 B.C. (10ms)
══════════════════════════════════════════════════════════════════════
  [Civ 1] Romans (despotism): 1 cities, 1 units, 3g, 6 techs, researching Warrior Code (9/36)
    Rome: size=1, prod=Wonder39 (6sh), bldgs=Palace
    Units: 1x Warriors
  [Civ 2] Babylonians (despotism): 1 cities, 1 units, 2g, 3 techs, researching Code of Laws (4/28)
    Babylon: size=1, prod=Wonder45 (4sh), bldgs=Palace
    Units: 1x Warriors
  [Civ 3] Germans (despotism): 1 cities, 1 units, 2g, 4 techs, researching Map Making (6/33)
    Berlin: size=1, prod=Wonder45 (2sh), bldgs=Palace
    Units: 1x Warriors
  [Civ 4] Egyptians (despotism): 1 cities, 1 units, 2g, 3 techs, researching Map Making (6/28)
    Thebes: size=1, prod=Wonder39 (2sh), bldgs=Palace
    Units: 1x Warriors
  [Civ 1] Romans turn: 2 actions — MOVE_UNIT(1), UNIT_ORDER(1)

══════════════════════════════════════════════════════════════════════
  TURN 4 — 3940 B.C. (7ms)
══════════════════════════════════════════════════════════════════════
  [Civ 1] Romans (despotism): 1 cities, 1 units, 4g, 6 techs, researching Warrior Code (12/36)
    Rome: size=1, prod=Wonder39 (9sh), bldgs=Palace
    Units: 1x Warriors
  [Civ 2] Babylonians (despotism): 1 cities, 1 units, 3g, 3 techs, researching Code of Laws (6/28)
    Babylon: size=1, prod=Wonder45 (8sh), bldgs=Palace
    Units: 1x Warriors
  [Civ 3] Germans (despotism): 1 cities, 1 units, 3g, 4 techs, researching Map Making (9/33)
    Berlin: size=1, prod=Wonder45 (4sh), bldgs=Palace
    Units: 1x Warriors
  [Civ 4] Egyptians (despotism): 1 cities, 1 units, 3g, 3 techs, researching Map Making (9/28)
    Thebes: size=1, prod=Wonder39 (4sh), bldgs=Palace
    Units: 1x Warriors
  [Civ 1] Romans turn: 2 actions — MOVE_UNIT(1), UNIT_ORDER(1)

══════════════════════════════════════════════════════════════════════
  TURN 5 — 3920 B.C. (6ms)
══════════════════════════════════════════════════════════════════════
  [Civ 1] Romans (despotism): 1 cities, 1 units, 5g, 6 techs, researching Warrior Code (15/36)
    Rome: size=1, prod=Wonder39 (12sh), bldgs=Palace
    Units: 1x Warriors
  [Civ 2] Babylonians (despotism): 1 cities, 1 units, 4g, 3 techs, researching Code of Laws (8/28)
    Babylon: size=1, prod=Wonder45 (12sh), bldgs=Palace
    Units: 1x Warriors
  [Civ 3] Germans (despotism): 1 cities, 1 units, 4g, 4 techs, researching Map Making (12/33)
    Berlin: size=1, prod=Wonder45 (6sh), bldgs=Palace
    Units: 1x Warriors
  [Civ 4] Egyptians (despotism): 1 cities, 1 units, 4g, 3 techs, researching Map Making (12/28)
    Thebes: size=1, prod=Wonder39 (6sh), bldgs=Palace
    Units: 1x Warriors
  [Civ 1] Romans turn: 2 actions — MOVE_UNIT(1), UNIT_ORDER(1)

══════════════════════════════════════════════════════════════════════
  TURN 6 — 3900 B.C. (5ms)
══════════════════════════════════════════════════════════════════════
  [Civ 1] Romans (despotism): 1 cities, 1 units, 6g, 6 techs, researching Warrior Code (18/36)
    Rome: size=1, prod=Wonder39 (15sh), bldgs=Palace
    Units: 1x Warriors
  [Civ 2] Babylonians (despotism): 1 cities, 1 units, 5g, 3 techs, researching Code of Laws (10/28)
    Babylon: size=1, prod=Wonder45 (16sh), bldgs=Palace
    Units: 1x Warriors
  [Civ 3] Germans (despotism): 1 cities, 1 units, 5g, 4 techs, researching Map Making (15/33)
    Berlin: size=1, prod=Wonder45 (8sh), bldgs=Palace
    Units: 1x Warriors
  [Civ 4] Egyptians (despotism): 1 cities, 1 units, 5g, 3 techs, researching Map Making (15/28)
    Thebes: size=1, prod=Wonder39 (8sh), bldgs=Palace
    Units: 1x Warriors
  [Civ 1] Romans turn: 2 actions — MOVE_UNIT(1), UNIT_ORDER(1)

══════════════════════════════════════════════════════════════════════
  TURN 7 — 3880 B.C. (7ms)
══════════════════════════════════════════════════════════════════════
  [Civ 1] Romans (despotism): 1 cities, 1 units, 7g, 6 techs, researching Warrior Code (21/36)
    Rome: size=1, prod=Wonder39 (18sh), bldgs=Palace
    Units: 1x Warriors
  [Civ 2] Babylonians (despotism): 1 cities, 1 units, 6g, 3 techs, researching Code of Laws (12/28)
    Babylon: size=1, prod=Wonder45 (20sh), bldgs=Palace
    Units: 1x Warriors
  [Civ 3] Germans (despotism): 1 cities, 1 units, 6g, 4 techs, researching Map Making (18/33)
    Berlin: size=1, prod=Wonder45 (10sh), bldgs=Palace
    Units: 1x Warriors
  [Civ 4] Egyptians (despotism): 1 cities, 1 units, 6g, 3 techs, researching Map Making (18/28)
    Thebes: size=1, prod=Wonder39 (10sh), bldgs=Palace
    Units: 1x Warriors
  [Civ 1] Romans turn: 2 actions — MOVE_UNIT(1), UNIT_ORDER(1)

══════════════════════════════════════════════════════════════════════
  TURN 8 — 3860 B.C. (6ms)
══════════════════════════════════════════════════════════════════════
  [Civ 1] Romans (despotism): 1 cities, 1 units, 8g, 6 techs, researching Warrior Code (24/36)
    Rome: size=1, prod=Wonder39 (21sh), bldgs=Palace
    Units: 1x Warriors
  [Civ 2] Babylonians (despotism): 1 cities, 1 units, 7g, 3 techs, researching Code of Laws (14/28)
    Babylon: size=1, prod=Wonder45 (24sh), bldgs=Palace
    Units: 1x Warriors
  [Civ 3] Germans (despotism): 1 cities, 1 units, 7g, 4 techs, researching Map Making (21/33)
    Berlin: size=1, prod=Wonder45 (12sh), bldgs=Palace
    Units: 1x Warriors
  [Civ 4] Egyptians (despotism): 1 cities, 1 units, 7g, 3 techs, researching Map Making (21/28)
    Thebes: size=1, prod=Wonder39 (12sh), bldgs=Palace
    Units: 1x Warriors
  [Civ 1] Romans turn: 2 actions — MOVE_UNIT(1), UNIT_ORDER(1)

══════════════════════════════════════════════════════════════════════
  TURN 9 — 3840 B.C. (5ms)
══════════════════════════════════════════════════════════════════════
  [Civ 1] Romans (despotism): 1 cities, 1 units, 9g, 6 techs, researching Warrior Code (27/36)
    Rome: size=1, prod=Wonder39 (24sh), bldgs=Palace
    Units: 1x Warriors
  [Civ 2] Babylonians (despotism): 1 cities, 1 units, 8g, 3 techs, researching Code of Laws (16/28)
    Babylon: size=1, prod=Wonder45 (28sh), bldgs=Palace
    Units: 1x Warriors
  [Civ 3] Germans (despotism): 1 cities, 1 units, 8g, 4 techs, researching Map Making (24/33)
    Berlin: size=1, prod=Wonder45 (14sh), bldgs=Palace
    Units: 1x Warriors
  [Civ 4] Egyptians (despotism): 1 cities, 1 units, 8g, 3 techs, researching Map Making (24/28)
    Thebes: size=1, prod=Wonder39 (14sh), bldgs=Palace
    Units: 1x Warriors
  [Civ 1] Romans turn: 2 actions — MOVE_UNIT(1), UNIT_ORDER(1)

══════════════════════════════════════════════════════════════════════
  TURN 10 — 3820 B.C. (5ms)
══════════════════════════════════════════════════════════════════════
  [Civ 1] Romans (despotism): 1 cities, 1 units, 10g, 6 techs, researching Warrior Code (30/36)
    Rome: size=1, prod=Wonder39 (27sh), bldgs=Palace
    Units: 1x Warriors
  [Civ 2] Babylonians (despotism): 1 cities, 1 units, 9g, 3 techs, researching Code of Laws (18/28)
    Babylon: size=1, prod=Wonder45 (32sh), bldgs=Palace
    Units: 1x Warriors
  [Civ 3] Germans (despotism): 1 cities, 1 units, 9g, 4 techs, researching Map Making (27/33)
    Berlin: size=1, prod=Wonder45 (16sh), bldgs=Palace
    Units: 1x Warriors
  [Civ 4] Egyptians (despotism): 1 cities, 1 units, 9g, 3 techs, researching Map Making (27/28)
    Thebes: size=1, prod=Wonder39 (16sh), bldgs=Palace
    Units: 1x Warriors
  [Civ 1] Romans turn: 2 actions — MOVE_UNIT(1), UNIT_ORDER(1)
    >>> Berlin grew to size 2
    >>> Egyptians discovered: Map Making
    >>> Thebes grew to size 2
    SET_RESEARCH tech=Mysticism

══════════════════════════════════════════════════════════════════════
  TURN 11 — 3800 B.C. (10ms)
══════════════════════════════════════════════════════════════════════
  [Civ 1] Romans (despotism): 1 cities, 1 units, 11g, 6 techs, researching Warrior Code (33/36)
    Rome: size=1, prod=Wonder39 (30sh), bldgs=Palace
    Units: 1x Warriors
  [Civ 2] Babylonians (despotism): 1 cities, 1 units, 10g, 3 techs, researching Code of Laws (20/28)
    Babylon: size=1, prod=Wonder45 (36sh), bldgs=Palace
    Units: 1x Warriors
  [Civ 3] Germans (despotism): 1 cities, 1 units, 11g, 4 techs, researching Map Making (30/33)
    Berlin: size=2, prod=Wonder45 (18sh), bldgs=Palace
    Units: 1x Warriors
  [Civ 4] Egyptians (despotism): 1 cities, 1 units, 9g, 4 techs, researching Mysticism (0/33)
    Thebes: size=2, prod=Wonder39 (18sh), bldgs=Palace
    Units: 1x Warriors
  [Civ 1] Romans turn: 2 actions — MOVE_UNIT(1), UNIT_ORDER(1)
    >>> Germans discovered: Map Making
    SET_RESEARCH tech=Code of Laws
    >>> Romans discovered: Warrior Code

══════════════════════════════════════════════════════════════════════
  TURN 12 — 3780 B.C. (7ms)
══════════════════════════════════════════════════════════════════════
  [Civ 1] Romans (despotism): 1 cities, 1 units, 11g, 7 techs, researching none (0/33)
    Rome: size=1, prod=Wonder39 (33sh), bldgs=Palace
    Units: 1x Warriors
  [Civ 2] Babylonians (despotism): 1 cities, 1 units, 11g, 3 techs, researching Code of Laws (22/28)
    Babylon: size=1, prod=Wonder45 (40sh), bldgs=Palace
    Units: 1x Warriors
  [Civ 3] Germans (despotism): 1 cities, 1 units, 11g, 5 techs, researching Code of Laws (0/36)
    Berlin: size=2, prod=Wonder45 (21sh), bldgs=Palace
    Units: 1x Warriors
  [Civ 4] Egyptians (despotism): 1 cities, 1 units, 11g, 4 techs, researching Mysticism (3/33)
    Thebes: size=2, prod=Wonder39 (21sh), bldgs=Palace
    Units: 1x Warriors
  [Civ 1] Romans turn: 3 actions — SET_RESEARCH(1), MOVE_UNIT(1), UNIT_ORDER(1)
    SET_RESEARCH tech=Iron Working

══════════════════════════════════════════════════════════════════════
  TURN 13 — 3760 B.C. (9ms)
══════════════════════════════════════════════════════════════════════
  [Civ 1] Romans (despotism): 1 cities, 1 units, 12g, 8 techs, researching Iron Working (3/28)
    Rome: size=1, prod=Wonder39 (36sh), bldgs=Palace
    Units: 1x Warriors
  [Civ 2] Babylonians (despotism): 1 cities, 1 units, 12g, 3 techs, researching Code of Laws (24/28)
    Babylon: size=1, prod=Wonder45 (44sh), bldgs=Palace
    Units: 1x Warriors
  [Civ 3] Germans (despotism): 1 cities, 1 units, 13g, 5 techs, researching Code of Laws (3/36)
    Berlin: size=2, prod=Wonder45 (24sh), bldgs=Palace
    Units: 1x Warriors
  [Civ 4] Egyptians (despotism): 1 cities, 1 units, 13g, 4 techs, researching Mysticism (6/33)
    Thebes: size=2, prod=Wonder39 (24sh), bldgs=Palace
    Units: 1x Warriors
  [Civ 1] Romans turn: 2 actions — MOVE_UNIT(1), UNIT_ORDER(1)

══════════════════════════════════════════════════════════════════════
  TURN 14 — 3740 B.C. (6ms)
══════════════════════════════════════════════════════════════════════
  [Civ 1] Romans (despotism): 1 cities, 1 units, 13g, 9 techs, researching Iron Working (6/32)
    Rome: size=1, prod=Wonder39 (39sh), bldgs=Palace
    Units: 1x Warriors
  [Civ 2] Babylonians (despotism): 1 cities, 1 units, 13g, 5 techs, researching Code of Laws (26/36)
    Babylon: size=1, prod=Wonder45 (48sh), bldgs=Palace
    Units: 1x Warriors
  [Civ 3] Germans (despotism): 1 cities, 1 units, 15g, 5 techs, researching Code of Laws (6/36)
    Berlin: size=2, prod=Wonder45 (27sh), bldgs=Palace
    Units: 1x Warriors
  [Civ 4] Egyptians (despotism): 1 cities, 1 units, 15g, 5 techs, researching Mysticism (9/36)
    Thebes: size=2, prod=Wonder39 (27sh), bldgs=Palace
    Units: 1x Warriors
  [Civ 1] Romans turn: 2 actions — MOVE_UNIT(1), UNIT_ORDER(1)
    ADJUST_ATTITUDE target=civ1

══════════════════════════════════════════════════════════════════════
  TURN 15 — 3720 B.C. (7ms)
══════════════════════════════════════════════════════════════════════
  [Civ 1] Romans (despotism): 1 cities, 1 units, 14g, 9 techs, researching Iron Working (9/32)
    Rome: size=1, prod=Wonder39 (42sh), bldgs=Palace
    Units: 1x Warriors
  [Civ 2] Babylonians (despotism): 1 cities, 1 units, 14g, 5 techs, researching Code of Laws (28/36)
    Babylon: size=1, prod=Wonder45 (52sh), bldgs=Palace
    Units: 1x Warriors
  [Civ 3] Germans (despotism): 1 cities, 1 units, 17g, 5 techs, researching Code of Laws (9/36)
    Berlin: size=2, prod=Wonder45 (30sh), bldgs=Palace
    Units: 1x Warriors
  [Civ 4] Egyptians (despotism): 1 cities, 1 units, 17g, 5 techs, researching Mysticism (12/36)
    Thebes: size=2, prod=Wonder39 (30sh), bldgs=Palace
    Units: 1x Warriors
  [Civ 1] Romans turn: 3 actions — ADJUST_ATTITUDE(1), MOVE_UNIT(1), UNIT_ORDER(1)
    ADJUST_ATTITUDE target=civ3
    ADJUST_ATTITUDE target=civ1

══════════════════════════════════════════════════════════════════════
  TURN 16 — 3700 B.C. (7ms)
══════════════════════════════════════════════════════════════════════
  [Civ 1] Romans (despotism): 1 cities, 1 units, 15g, 9 techs, researching Iron Working (12/32)
    Rome: size=1, prod=Wonder39 (45sh), bldgs=Palace
    Units: 1x Warriors
  [Civ 2] Babylonians (despotism): 1 cities, 1 units, 15g, 5 techs, researching Code of Laws (30/36)
    Babylon: size=1, prod=Wonder45 (56sh), bldgs=Palace
    Units: 1x Warriors
  [Civ 3] Germans (despotism): 1 cities, 1 units, 19g, 5 techs, researching Code of Laws (12/36)
    Berlin: size=2, prod=Wonder45 (33sh), bldgs=Palace
    Units: 1x Warriors
  [Civ 4] Egyptians (despotism): 1 cities, 1 units, 19g, 5 techs, researching Mysticism (15/36)
    Thebes: size=2, prod=Wonder39 (33sh), bldgs=Palace
    Units: 1x Warriors
  [Civ 1] Romans turn: 2 actions — MOVE_UNIT(1), UNIT_ORDER(1)
    ADJUST_ATTITUDE target=civ1
    ADJUST_ATTITUDE target=civ1
    ADJUST_ATTITUDE target=civ1

══════════════════════════════════════════════════════════════════════
  TURN 17 — 3680 B.C. (7ms)
══════════════════════════════════════════════════════════════════════
  [Civ 1] Romans (despotism): 1 cities, 1 units, 16g, 9 techs, researching Iron Working (15/32)
    Rome: size=1, prod=Wonder39 (48sh), bldgs=Palace
    Units: 1x Warriors
  [Civ 2] Babylonians (despotism): 1 cities, 1 units, 16g, 5 techs, researching Code of Laws (32/36)
    Babylon: size=1, prod=Wonder45 (60sh), bldgs=Palace
    Units: 1x Warriors
  [Civ 3] Germans (despotism): 1 cities, 0 units, 21g, 5 techs, researching Code of Laws (15/36)
    Berlin: size=2, prod=Wonder45 (36sh), bldgs=Palace
    Units: none
  [Civ 4] Egyptians (despotism): 1 cities, 1 units, 21g, 5 techs, researching Mysticism (18/36)
    Thebes: size=2, prod=Wonder39 (36sh), bldgs=Palace
    Units: 1x Warriors
  [Civ 1] Romans turn: 2 actions — MOVE_UNIT(1), UNIT_ORDER(1)
    COMBAT: ? vs ? → capture (atkHp=undefined, defHp=undefined)

══════════════════════════════════════════════════════════════════════
  TURN 18 — 3660 B.C. (7ms)
══════════════════════════════════════════════════════════════════════
  [Civ 1] Romans (despotism): 2 cities, 1 units, 31g, 9 techs, researching Iron Working (20/32)
    Rome: size=1, prod=Wonder39 (51sh), bldgs=Palace
    Berlin: size=1, prod=Warriors (2sh)
    Units: 1x Warriors
  [Civ 2] Babylonians (despotism): 1 cities, 1 units, 66g, 5 techs, researching Code of Laws (34/36)
    Babylon: size=1, prod=Wonder45 (64sh), bldgs=Palace
    Units: 1x Warriors
  [Civ 3] Germans: ELIMINATED
  [Civ 4] Egyptians (despotism): 1 cities, 1 units, 23g, 5 techs, researching Mysticism (21/36)
    Thebes: size=2, prod=Wonder39 (39sh), bldgs=Palace
    Units: 1x Warriors
  [Civ 1] Romans turn: 4 actions — CHANGE_PRODUCTION(2), UNIT_ORDER(2)
    CHANGE_PRODUCTION city=0
    CHANGE_PRODUCTION city=2
    >>> Babylonians discovered: Code of Laws
    SET_RESEARCH tech=Writing

══════════════════════════════════════════════════════════════════════
  TURN 19 — 3640 B.C. (5ms)
══════════════════════════════════════════════════════════════════════
  [Civ 1] Romans (despotism): 2 cities, 1 units, 32g, 9 techs, researching Iron Working (25/32)
    Rome: size=1, prod=Archers (3sh), bldgs=Palace
    Berlin: size=1, prod=building:3 (2sh)
    Units: 1x Warriors
  [Civ 2] Babylonians (despotism): 1 cities, 1 units, 66g, 6 techs, researching Writing (0/36)
    Babylon: size=1, prod=Wonder45 (68sh), bldgs=Palace
    Units: 1x Warriors
  [Civ 3] Germans: ELIMINATED
  [Civ 4] Egyptians (despotism): 1 cities, 1 units, 25g, 5 techs, researching Mysticism (24/36)
    Thebes: size=2, prod=Wonder39 (42sh), bldgs=Palace
    Units: 1x Warriors
  [Civ 1] Romans turn: 0 actions — idle
    >>> Rome grew to size 2

══════════════════════════════════════════════════════════════════════
  TURN 20 — 3620 B.C. (5ms)
══════════════════════════════════════════════════════════════════════
  [Civ 1] Romans (despotism): 2 cities, 1 units, 34g, 9 techs, researching Iron Working (31/32)
    Rome: size=2, prod=Archers (6sh), bldgs=Palace
    Berlin: size=1, prod=building:3 (4sh)
    Units: 1x Warriors
  [Civ 2] Babylonians (despotism): 1 cities, 1 units, 67g, 6 techs, researching Writing (2/36)
    Babylon: size=1, prod=Wonder45 (72sh), bldgs=Palace
    Units: 1x Warriors
  [Civ 3] Germans: ELIMINATED
  [Civ 4] Egyptians (despotism): 1 cities, 1 units, 27g, 5 techs, researching Mysticism (27/36)
    Thebes: size=2, prod=Wonder39 (45sh), bldgs=Palace
    Units: 1x Warriors
  [Civ 1] Romans turn: 0 actions — idle
    >>> Romans discovered: Iron Working

══════════════════════════════════════════════════════════════════════
  TURN 21 — 3600 B.C. (4ms)
══════════════════════════════════════════════════════════════════════
  [Civ 1] Romans (despotism): 2 cities, 1 units, 34g, 10 techs, researching none (0/48)
    Rome: size=2, prod=Archers (10sh), bldgs=Palace
    Berlin: size=1, prod=building:3 (6sh)
    Units: 1x Warriors
  [Civ 2] Babylonians (despotism): 1 cities, 1 units, 68g, 6 techs, researching Writing (4/36)
    Babylon: size=1, prod=Wonder45 (76sh), bldgs=Palace
    Units: 1x Warriors
  [Civ 3] Germans: ELIMINATED
  [Civ 4] Egyptians (despotism): 1 cities, 1 units, 29g, 5 techs, researching Mysticism (30/36)
    Thebes: size=2, prod=Wonder39 (48sh), bldgs=Palace
    Units: 1x Warriors
  [Civ 1] Romans turn: 2 actions — SET_RESEARCH(1), CHANGE_PRODUCTION(1)
    SET_RESEARCH tech=Currency
    CHANGE_PRODUCTION city=0

══════════════════════════════════════════════════════════════════════
  TURN 22 — 3580 B.C. (4ms)
══════════════════════════════════════════════════════════════════════
  [Civ 1] Romans (despotism): 2 cities, 1 units, 36g, 10 techs, researching Currency (6/48)
    Rome: size=2, prod=Legion (9sh), bldgs=Palace
    Berlin: size=1, prod=building:3 (8sh)
    Units: 1x Warriors
  [Civ 2] Babylonians (despotism): 1 cities, 1 units, 69g, 6 techs, researching Writing (6/36)
    Babylon: size=1, prod=Wonder45 (80sh), bldgs=Palace
    Units: 1x Warriors
  [Civ 3] Germans: ELIMINATED
  [Civ 4] Egyptians (despotism): 1 cities, 1 units, 31g, 5 techs, researching Mysticism (33/36)
    Thebes: size=2, prod=Wonder39 (51sh), bldgs=Palace
    Units: 1x Warriors
  [Civ 1] Romans turn: 0 actions — idle
    >>> Egyptians discovered: Mysticism
    SET_RESEARCH tech=Horseback Riding

══════════════════════════════════════════════════════════════════════
  TURN 23 — 3560 B.C. (5ms)
══════════════════════════════════════════════════════════════════════
  [Civ 1] Romans (despotism): 2 cities, 1 units, 38g, 10 techs, researching Currency (12/48)
    Rome: size=2, prod=Legion (13sh), bldgs=Palace
    Berlin: size=1, prod=building:3 (10sh)
    Units: 1x Warriors
  [Civ 2] Babylonians (despotism): 1 cities, 1 units, 70g, 6 techs, researching Writing (8/36)
    Babylon: size=1, prod=Wonder45 (84sh), bldgs=Palace
    Units: 1x Warriors
  [Civ 3] Germans: ELIMINATED
  [Civ 4] Egyptians (despotism): 1 cities, 1 units, 31g, 6 techs, researching Horseback Riding (0/36)
    Thebes: size=2, prod=Wonder39 (54sh), bldgs=Palace
    Units: 1x Warriors
  [Civ 1] Romans turn: 0 actions — idle

══════════════════════════════════════════════════════════════════════
  TURN 24 — 3540 B.C. (7ms)
══════════════════════════════════════════════════════════════════════
  [Civ 1] Romans (despotism): 2 cities, 1 units, 40g, 10 techs, researching Currency (18/48)
    Rome: size=2, prod=Legion (17sh), bldgs=Palace
    Berlin: size=1, prod=building:3 (12sh)
    Units: 1x Warriors
  [Civ 2] Babylonians (despotism): 1 cities, 1 units, 71g, 6 techs, researching Writing (10/36)
    Babylon: size=1, prod=Wonder45 (88sh), bldgs=Palace
    Units: 1x Warriors
  [Civ 3] Germans: ELIMINATED
  [Civ 4] Egyptians (despotism): 1 cities, 1 units, 33g, 6 techs, researching Horseback Riding (3/36)
    Thebes: size=2, prod=Wonder39 (57sh), bldgs=Palace
    Units: 1x Warriors
  [Civ 1] Romans turn: 0 actions — idle

══════════════════════════════════════════════════════════════════════
  TURN 25 — 3520 B.C. (4ms)
══════════════════════════════════════════════════════════════════════
  [Civ 1] Romans (despotism): 2 cities, 1 units, 42g, 10 techs, researching Currency (24/48)
    Rome: size=2, prod=Legion (21sh), bldgs=Palace
    Berlin: size=1, prod=building:3 (14sh)
    Units: 1x Warriors
  [Civ 2] Babylonians (despotism): 1 cities, 1 units, 72g, 7 techs, researching Writing (12/33)
    Babylon: size=1, prod=Wonder45 (92sh), bldgs=Palace
    Units: 1x Warriors
  [Civ 3] Germans: ELIMINATED
  [Civ 4] Egyptians (despotism): 1 cities, 1 units, 35g, 6 techs, researching Horseback Riding (6/36)
    Thebes: size=2, prod=Wonder39 (60sh), bldgs=Palace
    Units: 1x Warriors
  [Civ 1] Romans turn: 0 actions — idle
    >>> Thebes grew to size 3

══════════════════════════════════════════════════════════════════════
  TURN 26 — 3500 B.C. (5ms)
══════════════════════════════════════════════════════════════════════
  [Civ 1] Romans (despotism): 2 cities, 1 units, 44g, 10 techs, researching Currency (30/48)
    Rome: size=2, prod=Legion (25sh), bldgs=Palace
    Berlin: size=1, prod=building:3 (16sh)
    Units: 1x Warriors
  [Civ 2] Babylonians (despotism): 1 cities, 1 units, 73g, 7 techs, researching Writing (14/33)
    Babylon: size=1, prod=Wonder45 (96sh), bldgs=Palace
    Units: 1x Warriors
  [Civ 3] Germans: ELIMINATED
  [Civ 4] Egyptians (despotism): 1 cities, 1 units, 37g, 6 techs, researching Horseback Riding (10/36)
    Thebes: size=3, prod=Wonder39 (63sh), bldgs=Palace
    Units: 1x Warriors
  [Civ 1] Romans turn: 0 actions — idle
    >>> Berlin grew to size 2

══════════════════════════════════════════════════════════════════════
  TURN 27 — 3480 B.C. (3ms)
══════════════════════════════════════════════════════════════════════
  [Civ 1] Romans (despotism): 2 cities, 1 units, 47g, 10 techs, researching Currency (36/48)
    Rome: size=2, prod=Legion (29sh), bldgs=Palace
    Berlin: size=2, prod=building:3 (18sh)
    Units: 1x Warriors
  [Civ 2] Babylonians (despotism): 1 cities, 1 units, 74g, 7 techs, researching Writing (16/33)
    Babylon: size=1, prod=Wonder45 (100sh), bldgs=Palace
    Units: 1x Warriors
  [Civ 3] Germans: ELIMINATED
  [Civ 4] Egyptians (despotism): 1 cities, 1 units, 39g, 6 techs, researching Horseback Riding (14/36)
    Thebes: size=3, prod=Wonder39 (67sh), bldgs=Palace
    Units: 1x Warriors
  [Civ 1] Romans turn: 0 actions — idle

══════════════════════════════════════════════════════════════════════
  TURN 28 — 3460 B.C. (4ms)
══════════════════════════════════════════════════════════════════════
  [Civ 1] Romans (despotism): 2 cities, 1 units, 50g, 10 techs, researching Currency (42/48)
    Rome: size=2, prod=Legion (33sh), bldgs=Palace
    Berlin: size=2, prod=building:3 (20sh)
    Units: 1x Warriors
  [Civ 2] Babylonians (despotism): 1 cities, 1 units, 75g, 7 techs, researching Writing (18/33)
    Babylon: size=1, prod=Wonder45 (104sh), bldgs=Palace
    Units: 1x Warriors
  [Civ 3] Germans: ELIMINATED
  [Civ 4] Egyptians (despotism): 1 cities, 1 units, 41g, 6 techs, researching Horseback Riding (18/36)
    Thebes: size=3, prod=Wonder39 (71sh), bldgs=Palace
    Units: 1x Warriors
  [Civ 1] Romans turn: 0 actions — idle
    ADJUST_ATTITUDE target=civ2
    ADJUST_ATTITUDE target=civ2
    ADJUST_ATTITUDE target=civ2
    ADJUST_ATTITUDE target=civ2
    >>> Romans discovered: Currency

══════════════════════════════════════════════════════════════════════
  TURN 29 — 3440 B.C. (5ms)
══════════════════════════════════════════════════════════════════════
  [Civ 1] Romans (despotism): 2 cities, 1 units, 50g, 11 techs, researching none (0/52)
    Rome: size=2, prod=Legion (37sh), bldgs=Palace
    Berlin: size=2, prod=building:3 (22sh)
    Units: 1x Warriors
  [Civ 2] Babylonians (despotism): 1 cities, 1 units, 76g, 7 techs, researching Writing (20/33)
    Babylon: size=1, prod=Wonder45 (108sh), bldgs=Palace
    Units: 1x Warriors
  [Civ 3] Germans: ELIMINATED
  [Civ 4] Egyptians (despotism): 1 cities, 1 units, 43g, 6 techs, researching Horseback Riding (22/36)
    Thebes: size=3, prod=Wonder39 (75sh), bldgs=Palace
    Units: 1x Warriors
  [Civ 1] Romans turn: 1 actions — SET_RESEARCH(1)
    SET_RESEARCH tech=Seafaring
    COMBAT: ? vs ? → capture (atkHp=undefined, defHp=undefined)
    >>> Rome built Legion

══════════════════════════════════════════════════════════════════════
  TURN 30 — 3420 B.C. (5ms)
══════════════════════════════════════════════════════════════════════
  [Civ 1] Romans (despotism): 2 cities, 2 units, 53g, 11 techs, researching Seafaring (6/52)
    Rome: size=2, prod=Legion (1sh), bldgs=Palace
    Berlin: size=2, prod=building:3 (24sh)
    Units: 1x Warriors, 1x Legion
  [Civ 2] Babylonians (despotism): 2 cities, 1 units, 109g, 7 techs, researching Writing (22/33)
    Babylon: size=1, prod=Wonder45 (112sh), bldgs=Palace
    Thebes: size=2, prod=Warriors (0sh)
    Units: 1x Warriors
  [Civ 3] Germans: ELIMINATED
  [Civ 4] Egyptians (despotism): 0 cities, 1 units, 11g, 6 techs, researching Horseback Riding (22/36)
    Units: 1x Warriors
  [Civ 1] Romans turn: 0 actions — idle
    CHANGE_PRODUCTION city=1
    CHANGE_PRODUCTION city=3

══════════════════════════════════════════════════════════════════════
  TURN 31 — 3400 B.C. (4ms)
══════════════════════════════════════════════════════════════════════
  [Civ 1] Romans (despotism): 2 cities, 2 units, 56g, 11 techs, researching Seafaring (12/52)
    Rome: size=2, prod=Legion (5sh), bldgs=Palace
    Berlin: size=2, prod=building:3 (26sh)
    Units: 1x Warriors, 1x Legion
  [Civ 2] Babylonians (despotism): 2 cities, 1 units, 110g, 7 techs, researching Writing (25/33)
    Babylon: size=1, prod=building:7 (0sh), bldgs=Palace
    Thebes: size=2, prod=building:7 (0sh)
    Units: 1x Warriors
  [Civ 3] Germans: ELIMINATED
  [Civ 4] Egyptians (despotism): 0 cities, 1 units, 11g, 6 techs, researching Horseback Riding (22/36)
    Units: 1x Warriors
  [Civ 1] Romans turn: 2 actions — UNIT_ORDER(2)

══════════════════════════════════════════════════════════════════════
  TURN 32 — 3380 B.C. (4ms)
══════════════════════════════════════════════════════════════════════
  [Civ 1] Romans (despotism): 2 cities, 2 units, 59g, 11 techs, researching Seafaring (18/52)
    Rome: size=2, prod=Legion (9sh), bldgs=Palace
    Berlin: size=2, prod=building:3 (28sh)
    Units: 1x Warriors, 1x Legion
  [Civ 2] Babylonians (despotism): 2 cities, 1 units, 111g, 7 techs, researching Writing (28/33)
    Babylon: size=1, prod=building:7 (4sh), bldgs=Palace
    Thebes: size=2, prod=building:7 (2sh)
    Units: 1x Warriors
  [Civ 3] Germans: ELIMINATED
  [Civ 4] Egyptians (despotism): 0 cities, 1 units, 11g, 6 techs, researching Horseback Riding (22/36)
    Units: 1x Warriors
  [Civ 1] Romans turn: 2 actions — ADJUST_ATTITUDE(2)
    ADJUST_ATTITUDE target=civ2
    ADJUST_ATTITUDE target=civ4
    ADJUST_ATTITUDE target=civ1
    ADJUST_ATTITUDE target=civ4
    ADJUST_ATTITUDE target=civ1
    ADJUST_ATTITUDE target=civ2

══════════════════════════════════════════════════════════════════════
  TURN 33 — 3360 B.C. (3ms)
══════════════════════════════════════════════════════════════════════
  [Civ 1] Romans (despotism): 2 cities, 2 units, 62g, 11 techs, researching Seafaring (24/52)
    Rome: size=2, prod=Legion (13sh), bldgs=Palace
    Berlin: size=2, prod=building:3 (30sh)
    Units: 1x Warriors, 1x Legion
  [Civ 2] Babylonians (despotism): 2 cities, 1 units, 112g, 7 techs, researching Writing (31/33)
    Babylon: size=1, prod=building:7 (8sh), bldgs=Palace
    Thebes: size=2, prod=building:7 (4sh)
    Units: 1x Warriors
  [Civ 3] Germans: ELIMINATED
  [Civ 4] Egyptians (despotism): 0 cities, 1 units, 11g, 6 techs, researching Horseback Riding (22/36)
    Units: 1x Warriors
  [Civ 1] Romans turn: 0 actions — idle
    >>> Babylonians discovered: Writing
    SET_RESEARCH tech=Literacy

══════════════════════════════════════════════════════════════════════
  TURN 34 — 3340 B.C. (4ms)
══════════════════════════════════════════════════════════════════════
  [Civ 1] Romans (despotism): 2 cities, 2 units, 65g, 11 techs, researching Seafaring (30/52)
    Rome: size=2, prod=Legion (17sh), bldgs=Palace
    Berlin: size=2, prod=building:3 (32sh)
    Units: 1x Warriors, 1x Legion
  [Civ 2] Babylonians (despotism): 2 cities, 1 units, 112g, 8 techs, researching Literacy (0/28)
    Babylon: size=1, prod=building:7 (12sh), bldgs=Palace
    Thebes: size=2, prod=building:7 (6sh)
    Units: 1x Warriors
  [Civ 3] Germans: ELIMINATED
  [Civ 4] Egyptians (despotism): 0 cities, 1 units, 11g, 6 techs, researching Horseback Riding (22/36)
    Units: 1x Warriors
  [Civ 1] Romans turn: 0 actions — idle

══════════════════════════════════════════════════════════════════════
  TURN 35 — 3320 B.C. (4ms)
══════════════════════════════════════════════════════════════════════
  [Civ 1] Romans (despotism): 2 cities, 2 units, 68g, 11 techs, researching Seafaring (36/52)
    Rome: size=2, prod=Legion (21sh), bldgs=Palace
    Berlin: size=2, prod=building:3 (34sh)
    Units: 1x Warriors, 1x Legion
  [Civ 2] Babylonians (despotism): 2 cities, 1 units, 113g, 8 techs, researching Literacy (3/28)
    Babylon: size=1, prod=building:7 (16sh), bldgs=Palace
    Thebes: size=2, prod=building:7 (8sh)
    Units: 1x Warriors
  [Civ 3] Germans: ELIMINATED
  [Civ 4] Egyptians (despotism): 0 cities, 1 units, 11g, 6 techs, researching Horseback Riding (22/36)
    Units: 1x Warriors
  [Civ 1] Romans turn: 0 actions — idle

══════════════════════════════════════════════════════════════════════
  TURN 36 — 3300 B.C. (4ms)
══════════════════════════════════════════════════════════════════════
  [Civ 1] Romans (despotism): 2 cities, 2 units, 71g, 11 techs, researching Seafaring (42/52)
    Rome: size=2, prod=Legion (25sh), bldgs=Palace
    Berlin: size=2, prod=building:3 (36sh)
    Units: 1x Warriors, 1x Legion
  [Civ 2] Babylonians (despotism): 2 cities, 1 units, 114g, 8 techs, researching Literacy (6/28)
    Babylon: size=1, prod=building:7 (20sh), bldgs=Palace
    Thebes: size=2, prod=building:7 (10sh)
    Units: 1x Warriors
  [Civ 3] Germans: ELIMINATED
  [Civ 4] Egyptians (despotism): 0 cities, 1 units, 11g, 6 techs, researching Horseback Riding (22/36)
    Units: 1x Warriors
  [Civ 1] Romans turn: 0 actions — idle

══════════════════════════════════════════════════════════════════════
  TURN 37 — 3280 B.C. (5ms)
══════════════════════════════════════════════════════════════════════
  [Civ 1] Romans (despotism): 2 cities, 2 units, 74g, 11 techs, researching Seafaring (48/52)
    Rome: size=2, prod=Legion (29sh), bldgs=Palace
    Berlin: size=2, prod=building:3 (38sh)
    Units: 1x Warriors, 1x Legion
  [Civ 2] Babylonians (despotism): 2 cities, 1 units, 115g, 8 techs, researching Literacy (9/28)
    Babylon: size=1, prod=building:7 (24sh), bldgs=Palace
    Thebes: size=2, prod=building:7 (12sh)
    Units: 1x Warriors
  [Civ 3] Germans: ELIMINATED
  [Civ 4] Egyptians (despotism): 0 cities, 1 units, 11g, 6 techs, researching Horseback Riding (22/36)
    Units: 1x Warriors
  [Civ 1] Romans turn: 0 actions — idle
    >>> Romans discovered: Seafaring

══════════════════════════════════════════════════════════════════════
  TURN 38 — 3260 B.C. (7ms)
══════════════════════════════════════════════════════════════════════
  [Civ 1] Romans (despotism): 2 cities, 2 units, 74g, 12 techs, researching none (0/57)
    Rome: size=2, prod=Legion (33sh), bldgs=Palace
    Berlin: size=2, prod=building:3 (40sh)
    Units: 1x Warriors, 1x Legion
  [Civ 2] Babylonians (despotism): 2 cities, 1 units, 116g, 8 techs, researching Literacy (12/28)
    Babylon: size=1, prod=building:7 (28sh), bldgs=Palace
    Thebes: size=2, prod=building:7 (14sh)
    Units: 1x Warriors
  [Civ 3] Germans: ELIMINATED
  [Civ 4] Egyptians (despotism): 0 cities, 1 units, 11g, 6 techs, researching Horseback Riding (22/36)
    Units: 1x Warriors
  [Civ 1] Romans turn: 1 actions — SET_RESEARCH(1)
    SET_RESEARCH tech=The Wheel

══════════════════════════════════════════════════════════════════════
  TURN 39 — 3240 B.C. (5ms)
══════════════════════════════════════════════════════════════════════
  [Civ 1] Romans (despotism): 2 cities, 2 units, 77g, 12 techs, researching The Wheel (6/57)
    Rome: size=2, prod=Legion (37sh), bldgs=Palace
    Berlin: size=2, prod=building:3 (42sh)
    Units: 1x Warriors, 1x Legion
  [Civ 2] Babylonians (despotism): 2 cities, 1 units, 117g, 8 techs, researching Literacy (15/28)
    Babylon: size=1, prod=building:7 (32sh), bldgs=Palace
    Thebes: size=2, prod=building:7 (16sh)
    Units: 1x Warriors
  [Civ 3] Germans: ELIMINATED
  [Civ 4] Egyptians (despotism): 0 cities, 1 units, 11g, 6 techs, researching Horseback Riding (22/36)
    Units: 1x Warriors
  [Civ 1] Romans turn: 0 actions — idle
    >>> Rome built Legion

══════════════════════════════════════════════════════════════════════
  TURN 40 — 3220 B.C. (6ms)
══════════════════════════════════════════════════════════════════════
  [Civ 1] Romans (despotism): 2 cities, 3 units, 80g, 12 techs, researching The Wheel (12/57)
    Rome: size=2, prod=Legion (1sh), bldgs=Palace
    Berlin: size=2, prod=building:3 (44sh)
    Units: 1x Warriors, 2x Legion
  [Civ 2] Babylonians (despotism): 2 cities, 1 units, 118g, 8 techs, researching Literacy (18/28)
    Babylon: size=1, prod=building:7 (36sh), bldgs=Palace
    Thebes: size=2, prod=building:7 (18sh)
    Units: 1x Warriors
  [Civ 3] Germans: ELIMINATED
  [Civ 4] Egyptians (despotism): 0 cities, 1 units, 11g, 6 techs, researching Horseback Riding (22/36)
    Units: 1x Warriors
  [Civ 1] Romans turn: 1 actions — CHANGE_PRODUCTION(1)
    CHANGE_PRODUCTION city=0

══════════════════════════════════════════════════════════════════════
  TURN 41 — 3200 B.C. (5ms)
══════════════════════════════════════════════════════════════════════
  [Civ 1] Romans (despotism): 2 cities, 3 units, 83g, 12 techs, researching The Wheel (18/57)
    Rome: size=2, prod=Archers (4sh), bldgs=Palace
    Berlin: size=2, prod=building:3 (46sh)
    Units: 1x Warriors, 2x Legion
  [Civ 2] Babylonians (despotism): 2 cities, 1 units, 119g, 8 techs, researching Literacy (21/28)
    Babylon: size=1, prod=building:7 (40sh), bldgs=Palace
    Thebes: size=2, prod=building:7 (20sh)
    Units: 1x Warriors
  [Civ 3] Germans: ELIMINATED
  [Civ 4] Egyptians (despotism): 0 cities, 1 units, 11g, 6 techs, researching Horseback Riding (22/36)
    Units: 1x Warriors
  [Civ 1] Romans turn: 2 actions — MOVE_UNIT(1), UNIT_ORDER(1)
    >>> Berlin grew to size 3

══════════════════════════════════════════════════════════════════════
  TURN 42 — 3180 B.C. (5ms)
══════════════════════════════════════════════════════════════════════
  [Civ 1] Romans (despotism): 2 cities, 3 units, 86g, 12 techs, researching The Wheel (24/57)
    Rome: size=2, prod=Archers (8sh), bldgs=Palace
    Berlin: size=3, prod=building:3 (48sh)
    Units: 1x Warriors, 2x Legion
  [Civ 2] Babylonians (despotism): 2 cities, 1 units, 120g, 8 techs, researching Literacy (24/28)
    Babylon: size=1, prod=building:7 (44sh), bldgs=Palace
    Thebes: size=2, prod=building:7 (22sh)
    Units: 1x Warriors
  [Civ 3] Germans: ELIMINATED
  [Civ 4] Egyptians (despotism): 0 cities, 1 units, 11g, 6 techs, researching Horseback Riding (22/36)
    Units: 1x Warriors
  [Civ 1] Romans turn: 1 actions — MOVE_UNIT(1)

══════════════════════════════════════════════════════════════════════
  TURN 43 — 3160 B.C. (5ms)
══════════════════════════════════════════════════════════════════════
  [Civ 1] Romans (despotism): 2 cities, 3 units, 89g, 12 techs, researching The Wheel (30/57)
    Rome: size=2, prod=Archers (12sh), bldgs=Palace
    Berlin: size=3, prod=building:3 (51sh)
    Units: 1x Warriors, 2x Legion
  [Civ 2] Babylonians (despotism): 2 cities, 1 units, 121g, 8 techs, researching Literacy (27/28)
    Babylon: size=1, prod=building:7 (48sh), bldgs=Palace
    Thebes: size=2, prod=building:7 (24sh)
    Units: 1x Warriors
  [Civ 3] Germans: ELIMINATED
  [Civ 4] Egyptians (despotism): 0 cities, 1 units, 11g, 6 techs, researching Horseback Riding (22/36)
    Units: 1x Warriors
  [Civ 1] Romans turn: 2 actions — MOVE_UNIT(1), UNIT_ORDER(1)
    >>> Babylonians discovered: Literacy
    SET_RESEARCH tech=Philosophy

══════════════════════════════════════════════════════════════════════
  TURN 44 — 3140 B.C. (4ms)
══════════════════════════════════════════════════════════════════════
  [Civ 1] Romans (despotism): 2 cities, 3 units, 92g, 12 techs, researching The Wheel (36/57)
    Rome: size=2, prod=Archers (16sh), bldgs=Palace
    Berlin: size=3, prod=building:3 (54sh)
    Units: 1x Warriors, 2x Legion
  [Civ 2] Babylonians (despotism): 2 cities, 1 units, 121g, 9 techs, researching Philosophy (0/21)
    Babylon: size=1, prod=building:7 (52sh), bldgs=Palace
    Thebes: size=2, prod=building:7 (26sh)
    Units: 1x Warriors
  [Civ 3] Germans: ELIMINATED
  [Civ 4] Egyptians (despotism): 0 cities, 1 units, 11g, 6 techs, researching Horseback Riding (22/36)
    Units: 1x Warriors
  [Civ 1] Romans turn: 2 actions — MOVE_UNIT(1), UNIT_ORDER(1)
    >>> Thebes grew to size 3

══════════════════════════════════════════════════════════════════════
  TURN 45 — 3120 B.C. (3ms)
══════════════════════════════════════════════════════════════════════
  [Civ 1] Romans (despotism): 2 cities, 3 units, 95g, 12 techs, researching The Wheel (42/57)
    Rome: size=2, prod=Archers (20sh), bldgs=Palace
    Berlin: size=3, prod=building:3 (57sh)
    Units: 1x Warriors, 2x Legion
  [Civ 2] Babylonians (despotism): 2 cities, 1 units, 122g, 9 techs, researching Philosophy (3/21)
    Babylon: size=1, prod=building:7 (56sh), bldgs=Palace
    Thebes: size=3, prod=building:7 (28sh)
    Units: 1x Warriors
  [Civ 3] Germans: ELIMINATED
  [Civ 4] Egyptians (despotism): 0 cities, 1 units, 11g, 6 techs, researching Horseback Riding (22/36)
    Units: 1x Warriors
  [Civ 1] Romans turn: 2 actions — MOVE_UNIT(1), UNIT_ORDER(1)
    >>> Berlin built building:3

══════════════════════════════════════════════════════════════════════
  TURN 46 — 3100 B.C. (5ms)
══════════════════════════════════════════════════════════════════════
  [Civ 1] Romans (despotism): 2 cities, 3 units, 97g, 12 techs, researching The Wheel (48/57)
    Rome: size=2, prod=Archers (24sh), bldgs=Palace
    Berlin: size=3, prod=building:3 (0sh), bldgs=Granary
    Units: 1x Warriors, 2x Legion
  [Civ 2] Babylonians (despotism): 2 cities, 1 units, 123g, 9 techs, researching Philosophy (6/21)
    Babylon: size=1, prod=building:7 (60sh), bldgs=Palace
    Thebes: size=3, prod=building:7 (31sh)
    Units: 1x Warriors
  [Civ 3] Germans: ELIMINATED
  [Civ 4] Egyptians (despotism): 0 cities, 1 units, 11g, 6 techs, researching Horseback Riding (22/36)
    Units: 1x Warriors
  [Civ 1] Romans turn: 3 actions — CHANGE_PRODUCTION(1), MOVE_UNIT(1), UNIT_ORDER(1)
    CHANGE_PRODUCTION city=2

══════════════════════════════════════════════════════════════════════
  TURN 47 — 3080 B.C. (3ms)
══════════════════════════════════════════════════════════════════════
  [Civ 1] Romans (despotism): 2 cities, 3 units, 99g, 12 techs, researching The Wheel (54/57)
    Rome: size=2, prod=Archers (28sh), bldgs=Palace
    Berlin: size=3, prod=Wonder39 (3sh), bldgs=Granary
    Units: 1x Warriors, 2x Legion
  [Civ 2] Babylonians (despotism): 2 cities, 1 units, 124g, 9 techs, researching Philosophy (9/21)
    Babylon: size=1, prod=building:7 (64sh), bldgs=Palace
    Thebes: size=3, prod=building:7 (34sh)
    Units: 1x Warriors
  [Civ 3] Germans: ELIMINATED
  [Civ 4] Egyptians (despotism): 0 cities, 1 units, 11g, 6 techs, researching Horseback Riding (22/36)
    Units: 1x Warriors
  [Civ 1] Romans turn: 2 actions — MOVE_UNIT(1), UNIT_ORDER(1)
    >>> Romans discovered: The Wheel
    >>> Rome built Archers

══════════════════════════════════════════════════════════════════════
  TURN 48 — 3060 B.C. (6ms)
══════════════════════════════════════════════════════════════════════
  [Civ 1] Romans (despotism): 2 cities, 4 units, 99g, 13 techs, researching none (0/62)
    Rome: size=2, prod=Archers (2sh), bldgs=Palace
    Berlin: size=3, prod=Wonder39 (6sh), bldgs=Granary
    Units: 1x Warriors, 2x Legion, 1x Archers
  [Civ 2] Babylonians (despotism): 2 cities, 1 units, 125g, 9 techs, researching Philosophy (12/21)
    Babylon: size=1, prod=building:7 (68sh), bldgs=Palace
    Thebes: size=3, prod=building:7 (37sh)
    Units: 1x Warriors
  [Civ 3] Germans: ELIMINATED
  [Civ 4] Egyptians (despotism): 0 cities, 1 units, 11g, 6 techs, researching Horseback Riding (22/36)
    Units: 1x Warriors
  [Civ 1] Romans turn: 3 actions — SET_RESEARCH(1), MOVE_UNIT(1), UNIT_ORDER(1)
    SET_RESEARCH tech=Construction

══════════════════════════════════════════════════════════════════════
  TURN 49 — 3040 B.C. (4ms)
══════════════════════════════════════════════════════════════════════
  [Civ 1] Romans (despotism): 2 cities, 4 units, 101g, 13 techs, researching Construction (5/62)
    Rome: size=2, prod=Archers (5sh), bldgs=Palace
    Berlin: size=3, prod=Wonder39 (9sh), bldgs=Granary
    Units: 1x Warriors, 2x Legion, 1x Archers
  [Civ 2] Babylonians (despotism): 2 cities, 1 units, 126g, 9 techs, researching Philosophy (15/21)
    Babylon: size=1, prod=building:7 (72sh), bldgs=Palace
    Thebes: size=3, prod=building:7 (40sh)
    Units: 1x Warriors
  [Civ 3] Germans: ELIMINATED
  [Civ 4] Egyptians (despotism): 0 cities, 1 units, 11g, 6 techs, researching Horseback Riding (22/36)
    Units: 1x Warriors
  [Civ 1] Romans turn: 4 actions — MOVE_UNIT(2), UNIT_ORDER(2)
    >>> Rome grew to size 3

══════════════════════════════════════════════════════════════════════
  TURN 50 — 3020 B.C. (4ms)
══════════════════════════════════════════════════════════════════════
  [Civ 1] Romans (despotism): 2 cities, 4 units, 137g, 13 techs, researching Construction (13/62)
    Rome: size=3, prod=Archers (8sh), bldgs=Palace
    Berlin: size=3, prod=Wonder39 (12sh), bldgs=Granary
    Units: 1x Warriors, 2x Legion, 1x Archers
  [Civ 2] Babylonians (despotism): 2 cities, 1 units, 127g, 9 techs, researching Philosophy (18/21)
    Babylon: size=1, prod=building:7 (76sh), bldgs=Palace
    Thebes: size=3, prod=building:7 (43sh)
    Units: 1x Warriors
  [Civ 3] Germans: ELIMINATED
  [Civ 4] Egyptians (despotism): 0 cities, 1 units, 11g, 6 techs, researching Horseback Riding (22/36)
    Units: 1x Warriors
  [Civ 1] Romans turn: 4 actions — CHANGE_PRODUCTION(1), MOVE_UNIT(2), UNIT_ORDER(1)
    CHANGE_PRODUCTION city=0
    >>> Babylonians discovered: Philosophy
    >>> Babylon built building:7
    SET_RESEARCH tech=Bronze Working
    CHANGE_RATES sci=6 tax=3 lux=undefined
    CHANGE_PRODUCTION city=1

══════════════════════════════════════════════════════════════════════
  TURN 51 — 3000 B.C. (5ms)
══════════════════════════════════════════════════════════════════════
  [Civ 1] Romans (despotism): 2 cities, 4 units, 139g, 13 techs, researching Construction (21/62)
    Rome: size=3, prod=Wonder41 (6sh), bldgs=Palace
    Berlin: size=3, prod=Wonder39 (15sh), bldgs=Granary
    Units: 1x Warriors, 2x Legion, 1x Archers
  [Civ 2] Babylonians (despotism): 2 cities, 1 units, 127g, 10 techs, researching Bronze Working (0/24)
    Babylon: size=1, prod=building:6 (0sh), bldgs=Palace, Courthouse
    Thebes: size=3, prod=building:7 (46sh)
    Units: 1x Warriors
  [Civ 3] Germans: ELIMINATED
  [Civ 4] Egyptians (despotism): 0 cities, 1 units, 11g, 6 techs, researching Horseback Riding (22/36)
    Units: 1x Warriors
  [Civ 1] Romans turn: 4 actions — MOVE_UNIT(2), UNIT_ORDER(2)
    CHANGE_RATES sci=6 tax=4 lux=undefined

══════════════════════════════════════════════════════════════════════
  TURN 52 — 2980 B.C. (4ms)
══════════════════════════════════════════════════════════════════════
  [Civ 1] Romans (despotism): 2 cities, 4 units, 141g, 13 techs, researching Construction (29/62)
    Rome: size=3, prod=Wonder41 (12sh), bldgs=Palace
    Berlin: size=3, prod=Wonder39 (18sh), bldgs=Granary
    Units: 1x Warriors, 2x Legion, 1x Archers
  [Civ 2] Babylonians (despotism): 2 cities, 1 units, 127g, 10 techs, researching Bronze Working (3/24)
    Babylon: size=1, prod=building:6 (4sh), bldgs=Palace, Courthouse
    Thebes: size=3, prod=building:7 (49sh)
    Units: 1x Warriors
  [Civ 3] Germans: ELIMINATED
  [Civ 4] Egyptians (despotism): 0 cities, 1 units, 11g, 6 techs, researching Horseback Riding (22/36)
    Units: 1x Warriors
  [Civ 1] Romans turn: 4 actions — MOVE_UNIT(2), UNIT_ORDER(2)

══════════════════════════════════════════════════════════════════════
  TURN 53 — 2960 B.C. (3ms)
══════════════════════════════════════════════════════════════════════
  [Civ 1] Romans (despotism): 2 cities, 4 units, 143g, 13 techs, researching Construction (37/62)
    Rome: size=3, prod=Wonder41 (18sh), bldgs=Palace
    Berlin: size=3, prod=Wonder39 (21sh), bldgs=Granary
    Units: 1x Warriors, 2x Legion, 1x Archers
  [Civ 2] Babylonians (despotism): 2 cities, 1 units, 127g, 10 techs, researching Bronze Working (6/24)
    Babylon: size=1, prod=building:6 (8sh), bldgs=Palace, Courthouse
    Thebes: size=3, prod=building:7 (52sh)
    Units: 1x Warriors
  [Civ 3] Germans: ELIMINATED
  [Civ 4] Egyptians (despotism): 0 cities, 1 units, 11g, 6 techs, researching Horseback Riding (22/36)
    Units: 1x Warriors
  [Civ 1] Romans turn: 4 actions — MOVE_UNIT(2), UNIT_ORDER(2)

══════════════════════════════════════════════════════════════════════
  TURN 54 — 2940 B.C. (4ms)
══════════════════════════════════════════════════════════════════════
  [Civ 1] Romans (despotism): 2 cities, 4 units, 145g, 13 techs, researching Construction (45/62)
    Rome: size=3, prod=Wonder41 (24sh), bldgs=Palace
    Berlin: size=3, prod=Wonder39 (24sh), bldgs=Granary
    Units: 1x Warriors, 2x Legion, 1x Archers
  [Civ 2] Babylonians (despotism): 2 cities, 1 units, 127g, 10 techs, researching Bronze Working (9/24)
    Babylon: size=1, prod=building:6 (12sh), bldgs=Palace, Courthouse
    Thebes: size=3, prod=building:7 (55sh)
    Units: 1x Warriors
  [Civ 3] Germans: ELIMINATED
  [Civ 4] Egyptians (despotism): 0 cities, 1 units, 11g, 6 techs, researching Horseback Riding (22/36)
    Units: 1x Warriors
  [Civ 1] Romans turn: 4 actions — MOVE_UNIT(2), UNIT_ORDER(2)

══════════════════════════════════════════════════════════════════════
  TURN 55 — 2920 B.C. (6ms)
══════════════════════════════════════════════════════════════════════
  [Civ 1] Romans (despotism): 2 cities, 4 units, 147g, 13 techs, researching Construction (53/62)
    Rome: size=3, prod=Wonder41 (30sh), bldgs=Palace
    Berlin: size=3, prod=Wonder39 (27sh), bldgs=Granary
    Units: 1x Warriors, 2x Legion, 1x Archers
  [Civ 2] Babylonians (despotism): 2 cities, 1 units, 127g, 10 techs, researching Bronze Working (12/24)
    Babylon: size=1, prod=building:6 (16sh), bldgs=Palace, Courthouse
    Thebes: size=3, prod=building:7 (58sh)
    Units: 1x Warriors
  [Civ 3] Germans: ELIMINATED
  [Civ 4] Egyptians (despotism): 0 cities, 1 units, 11g, 6 techs, researching Horseback Riding (22/36)
    Units: 1x Warriors
  [Civ 1] Romans turn: 4 actions — MOVE_UNIT(2), UNIT_ORDER(2)

══════════════════════════════════════════════════════════════════════
  TURN 56 — 2900 B.C. (8ms)
══════════════════════════════════════════════════════════════════════
  [Civ 1] Romans (despotism): 2 cities, 4 units, 149g, 13 techs, researching Construction (61/62)
    Rome: size=3, prod=Wonder41 (36sh), bldgs=Palace
    Berlin: size=3, prod=Wonder39 (30sh), bldgs=Granary
    Units: 1x Warriors, 2x Legion, 1x Archers
  [Civ 2] Babylonians (despotism): 2 cities, 1 units, 127g, 10 techs, researching Bronze Working (15/24)
    Babylon: size=1, prod=building:6 (20sh), bldgs=Palace, Courthouse
    Thebes: size=3, prod=building:7 (61sh)
    Units: 1x Warriors
  [Civ 3] Germans: ELIMINATED
  [Civ 4] Egyptians (despotism): 0 cities, 1 units, 11g, 6 techs, researching Horseback Riding (22/36)
    Units: 1x Warriors
  [Civ 1] Romans turn: 4 actions — MOVE_UNIT(2), UNIT_ORDER(2)
    END_TURN REJECTED: 1 units still need orders
      #21 Legion(Atk) @(3,73) mv=3 ord=none hp=full
    >>> Romans discovered: Construction

══════════════════════════════════════════════════════════════════════
  TURN 57 — 2880 B.C. (9ms)
══════════════════════════════════════════════════════════════════════
  [Civ 1] Romans (despotism): 2 cities, 5 units, 149g, 14 techs, researching none (0/67)
    Rome: size=3, prod=Wonder41 (42sh), bldgs=Palace
    Berlin: size=3, prod=Wonder39 (33sh), bldgs=Granary
    Units: 1x Warriors, 3x Legion, 1x Archers
  [Civ 2] Babylonians (despotism): 2 cities, 1 units, 127g, 10 techs, researching Bronze Working (18/24)
    Babylon: size=1, prod=building:6 (24sh), bldgs=Palace, Courthouse
    Thebes: size=3, prod=building:7 (64sh)
    Units: 1x Warriors
  [Civ 3] Germans: ELIMINATED
  [Civ 4] Egyptians (despotism): 0 cities, 1 units, 11g, 6 techs, researching Horseback Riding (22/36)
    Units: 1x Warriors
  [Civ 1] Romans turn: 7 actions — SET_RESEARCH(1), MOVE_UNIT(3), UNIT_ORDER(3)
    SET_RESEARCH tech=Bridge Building

══════════════════════════════════════════════════════════════════════
  TURN 58 — 2860 B.C. (8ms)
══════════════════════════════════════════════════════════════════════
  [Civ 1] Romans (despotism): 2 cities, 5 units, 151g, 14 techs, researching Bridge Building (8/67)
    Rome: size=3, prod=Wonder41 (48sh), bldgs=Palace
    Berlin: size=3, prod=Wonder39 (36sh), bldgs=Granary
    Units: 1x Warriors, 3x Legion, 1x Archers
  [Civ 2] Babylonians (despotism): 2 cities, 1 units, 127g, 10 techs, researching Bronze Working (21/24)
    Babylon: size=1, prod=building:6 (28sh), bldgs=Palace, Courthouse
    Thebes: size=3, prod=building:7 (67sh)
    Units: 1x Warriors
  [Civ 3] Germans: ELIMINATED
  [Civ 4] Egyptians (despotism): 0 cities, 1 units, 11g, 6 techs, researching Horseback Riding (22/36)
    Units: 1x Warriors
  [Civ 1] Romans turn: 6 actions — MOVE_UNIT(3), UNIT_ORDER(3)
    >>> Babylonians discovered: Bronze Working
    SET_RESEARCH tech=Currency

══════════════════════════════════════════════════════════════════════
  TURN 59 — 2840 B.C. (6ms)
══════════════════════════════════════════════════════════════════════
  [Civ 1] Romans (despotism): 2 cities, 5 units, 153g, 14 techs, researching Bridge Building (16/67)
    Rome: size=3, prod=Wonder41 (54sh), bldgs=Palace
    Berlin: size=3, prod=Wonder39 (39sh), bldgs=Granary
    Units: 1x Warriors, 3x Legion, 1x Archers
  [Civ 2] Babylonians (despotism): 2 cities, 1 units, 127g, 11 techs, researching Currency (0/26)
    Babylon: size=1, prod=building:6 (32sh), bldgs=Palace, Courthouse
    Thebes: size=3, prod=building:7 (70sh)
    Units: 1x Warriors
  [Civ 3] Germans: ELIMINATED
  [Civ 4] Egyptians (despotism): 0 cities, 1 units, 11g, 6 techs, researching Horseback Riding (22/36)
    Units: 1x Warriors
  [Civ 1] Romans turn: 6 actions — MOVE_UNIT(3), UNIT_ORDER(3)

══════════════════════════════════════════════════════════════════════
  TURN 60 — 2820 B.C. (9ms)
══════════════════════════════════════════════════════════════════════
  [Civ 1] Romans (despotism): 2 cities, 5 units, 155g, 14 techs, researching Bridge Building (24/67)
    Rome: size=3, prod=Wonder41 (60sh), bldgs=Palace
    Berlin: size=3, prod=Wonder39 (42sh), bldgs=Granary
    Units: 1x Warriors, 3x Legion, 1x Archers
  [Civ 2] Babylonians (despotism): 2 cities, 1 units, 127g, 11 techs, researching Currency (3/26)
    Babylon: size=1, prod=building:6 (36sh), bldgs=Palace, Courthouse
    Thebes: size=3, prod=building:7 (73sh)
    Units: 1x Warriors
  [Civ 3] Germans: ELIMINATED
  [Civ 4] Egyptians (despotism): 0 cities, 1 units, 11g, 7 techs, researching Horseback Riding (22/33)
    Units: 1x Warriors
  [Civ 1] Romans turn: 6 actions — MOVE_UNIT(3), UNIT_ORDER(3)

══════════════════════════════════════════════════════════════════════
  FINAL SUMMARY
══════════════════════════════════════════════════════════════════════
Game ended at turn 61 (2800 B.C.)

── Civ 1: Romans (despotism) ALIVE ──
  Cities: 2 (peak 2, founded 1)
  Units:  5 (peak 5)
  Treasury: 157g
  Techs discovered: 6 — Warrior Code, Iron Working, Currency, Seafaring, The Wheel, Construction
  Actions: 131 total, 17 idle turns
  Breakdown: UNIT_ORDER(57), MOVE_UNIT(54), SET_RESEARCH(8), CHANGE_PRODUCTION(7), ADJUST_ATTITUDE(3), CHANGE_RATES(1), BUILD_CITY(1)
  Army: 1x Warriors, 3x Legion, 1x Archers
  Rome: size=3, shields=66
  Berlin: size=3, shields=45

── Civ 2: Babylonians (despotism) ALIVE ──
  Cities: 2 (peak 2, founded 1)
  Units:  1 (peak 1)
  Treasury: 127g
  Techs discovered: 5 — Code of Laws, Writing, Literacy, Philosophy, Bronze Working
  Actions: 79 total, 24 idle turns
  Breakdown: UNIT_ORDER(33), MOVE_UNIT(30), SET_RESEARCH(6), CHANGE_PRODUCTION(4), CHANGE_RATES(3), ADJUST_ATTITUDE(2), BUILD_CITY(1)
  Army: 1x Warriors
  Babylon: size=1, shields=40
  Thebes: size=3, shields=76

── Civ 3: Germans (dead) ELIMINATED ──
  Cities: 0 (peak 1, founded 1)
  Units:  0 (peak 1)
  Treasury: 7g
  Techs discovered: 1 — Map Making
  Actions: 45 total, 0 idle turns
  Breakdown: UNIT_ORDER(18), MOVE_UNIT(17), ADJUST_ATTITUDE(5), SET_RESEARCH(2), CHANGE_RATES(1), BUILD_CITY(1), CHANGE_PRODUCTION(1)
  Army: none

── Civ 4: Egyptians (despotism) ALIVE ──
  Cities: 0 (peak 1, founded 1)
  Units:  1 (peak 1)
  Treasury: 11g
  Techs discovered: 2 — Map Making, Mysticism
  Actions: 135 total, 0 idle turns
  Breakdown: UNIT_ORDER(62), MOVE_UNIT(61), ADJUST_ATTITUDE(6), SET_RESEARCH(3), CHANGE_RATES(1), BUILD_CITY(1), CHANGE_PRODUCTION(1)
  Army: 1x Warriors


══════════════════════════════════════════════════════════════════════
  AI BEHAVIOR ANALYSIS
══════════════════════════════════════════════════════════════════════
[Civ 1] Romans:
  WARNING: Only 1 city after 30+ turns

[Civ 2] Babylonians:
  WARNING: Only 1 city after 30+ turns

[Civ 3] Germans:
  WARNING: Only 1 city after 30+ turns

[Civ 4] Egyptians:
  WARNING: Only 1 city after 30+ turns

