Charlization AI Headless Simulation
Date: 2026-03-19T01:09:58.119Z
Settings: 50 turns, 4 AI players, 50x80 map, difficulty=prince
Map seed: 44288
Map generated in 123ms
Game initialized: 4 civs, 8 starting units
  Civ 1 (Romans): starts at (6,26) on Grassland
  Civ 2 (Babylonians): starts at (11,71) on Plains
  Civ 3 (Germans): starts at (31,25) on Grassland
  Civ 4 (Egyptians): starts at (36,62) on Grassland
    SET_RESEARCH tech=Warrior Code
    CHANGE_RATES sci=6 tax=4 lux=undefined
    BUILD_CITY unit=0 name="Rome"
    1 actions REJECTED (of 6)
    SET_RESEARCH tech=Alphabet
    CHANGE_RATES sci=6 tax=4 lux=undefined
    BUILD_CITY unit=2 name="Babylon"
    1 actions REJECTED (of 6)
    SET_RESEARCH tech=Code of Laws
    CHANGE_RATES sci=6 tax=4 lux=undefined
    BUILD_CITY unit=4 name="Berlin"
    1 actions REJECTED (of 6)
    SET_RESEARCH tech=Map Making
    CHANGE_RATES sci=6 tax=4 lux=undefined
    BUILD_CITY unit=6 name="Thebes"
    1 actions REJECTED (of 6)

══════════════════════════════════════════════════════════════════════
  TURN 1 — 4000 B.C. (37ms)
══════════════════════════════════════════════════════════════════════
  [Civ 1] Romans (despotism): 1 cities, 1 units, 1g, 3 techs, researching Warrior Code (2/28)
    Rome: size=1, prod=Warriors (1sh), bldgs=Palace
    Units: 1x Warriors
  [Civ 2] Babylonians (despotism): 1 cities, 1 units, 0g, 3 techs, researching Alphabet (0/28)
    Babylon: size=1, prod=Warriors (0sh), bldgs=Palace
    Units: 1x Warriors
  [Civ 3] Germans (despotism): 1 cities, 1 units, 0g, 3 techs, researching Code of Laws (0/28)
    Berlin: size=1, prod=Warriors (0sh), bldgs=Palace
    Units: 1x Warriors
  [Civ 4] Egyptians (despotism): 1 cities, 1 units, 0g, 3 techs, researching Map Making (0/28)
    Thebes: size=1, prod=Warriors (0sh), bldgs=Palace
    Units: 1x Warriors
  [Civ 1] Romans turn: 2 actions — MOVE_UNIT(1), UNIT_ORDER(1)
    SET_RESEARCH tech=Iron Working

══════════════════════════════════════════════════════════════════════
  TURN 2 — 3980 B.C. (17ms)
══════════════════════════════════════════════════════════════════════
  [Civ 1] Romans (despotism): 1 cities, 1 units, 2g, 4 techs, researching Warrior Code (4/33)
    Rome: size=1, prod=Warriors (2sh), bldgs=Palace
    Units: 1x Warriors
  [Civ 2] Babylonians (despotism): 1 cities, 1 units, 1g, 4 techs, researching Iron Working (3/33)
    Babylon: size=1, prod=Warriors (2sh), bldgs=Palace
    Units: 1x Warriors
  [Civ 3] Germans (despotism): 1 cities, 1 units, 1g, 4 techs, researching Code of Laws (3/33)
    Berlin: size=1, prod=Warriors (2sh), bldgs=Palace
    Units: 1x Warriors
  [Civ 4] Egyptians (despotism): 1 cities, 1 units, 1g, 4 techs, researching Map Making (3/33)
    Thebes: size=1, prod=Warriors (2sh), bldgs=Palace
    Units: 1x Warriors
  [Civ 1] Romans turn: 2 actions — MOVE_UNIT(1), UNIT_ORDER(1)

══════════════════════════════════════════════════════════════════════
  TURN 3 — 3960 B.C. (9ms)
══════════════════════════════════════════════════════════════════════
  [Civ 1] Romans (despotism): 1 cities, 1 units, 3g, 4 techs, researching Warrior Code (6/33)
    Rome: size=1, prod=Warriors (3sh), bldgs=Palace
    Units: 1x Warriors
  [Civ 2] Babylonians (despotism): 1 cities, 1 units, 2g, 4 techs, researching Iron Working (6/33)
    Babylon: size=1, prod=Warriors (4sh), bldgs=Palace
    Units: 1x Warriors
  [Civ 3] Germans (despotism): 1 cities, 1 units, 2g, 4 techs, researching Code of Laws (6/33)
    Berlin: size=1, prod=Warriors (4sh), bldgs=Palace
    Units: 1x Warriors
  [Civ 4] Egyptians (despotism): 1 cities, 1 units, 2g, 4 techs, researching Map Making (6/33)
    Thebes: size=1, prod=Warriors (4sh), bldgs=Palace
    Units: 1x Warriors
  [Civ 1] Romans turn: 2 actions — MOVE_UNIT(1), UNIT_ORDER(1)

══════════════════════════════════════════════════════════════════════
  TURN 4 — 3940 B.C. (6ms)
══════════════════════════════════════════════════════════════════════
  [Civ 1] Romans (despotism): 1 cities, 1 units, 4g, 4 techs, researching Warrior Code (8/33)
    Rome: size=1, prod=Warriors (4sh), bldgs=Palace
    Units: 1x Warriors
  [Civ 2] Babylonians (despotism): 1 cities, 1 units, 3g, 4 techs, researching Iron Working (9/33)
    Babylon: size=1, prod=Warriors (6sh), bldgs=Palace
    Units: 1x Warriors
  [Civ 3] Germans (despotism): 1 cities, 1 units, 3g, 4 techs, researching Code of Laws (9/33)
    Berlin: size=1, prod=Warriors (6sh), bldgs=Palace
    Units: 1x Warriors
  [Civ 4] Egyptians (despotism): 1 cities, 1 units, 3g, 4 techs, researching Map Making (9/33)
    Thebes: size=1, prod=Warriors (6sh), bldgs=Palace
    Units: 1x Warriors
  [Civ 1] Romans turn: 2 actions — MOVE_UNIT(1), UNIT_ORDER(1)

══════════════════════════════════════════════════════════════════════
  TURN 5 — 3920 B.C. (7ms)
══════════════════════════════════════════════════════════════════════
  [Civ 1] Romans (despotism): 1 cities, 1 units, 5g, 4 techs, researching Warrior Code (10/33)
    Rome: size=1, prod=Warriors (5sh), bldgs=Palace
    Units: 1x Warriors
  [Civ 2] Babylonians (despotism): 1 cities, 1 units, 4g, 4 techs, researching Iron Working (12/33)
    Babylon: size=1, prod=Warriors (8sh), bldgs=Palace
    Units: 1x Warriors
  [Civ 3] Germans (despotism): 1 cities, 1 units, 4g, 4 techs, researching Code of Laws (12/33)
    Berlin: size=1, prod=Warriors (8sh), bldgs=Palace
    Units: 1x Warriors
  [Civ 4] Egyptians (despotism): 1 cities, 1 units, 4g, 4 techs, researching Map Making (12/33)
    Thebes: size=1, prod=Warriors (8sh), bldgs=Palace
    Units: 1x Warriors
  [Civ 1] Romans turn: 2 actions — MOVE_UNIT(1), UNIT_ORDER(1)
    >>> Babylon built Warriors
    CHANGE_PRODUCTION city=1
    >>> Berlin built Warriors
    CHANGE_PRODUCTION city=2
    >>> Thebes built Warriors
    CHANGE_PRODUCTION city=3

══════════════════════════════════════════════════════════════════════
  TURN 6 — 3900 B.C. (6ms)
══════════════════════════════════════════════════════════════════════
  [Civ 1] Romans (despotism): 1 cities, 1 units, 6g, 4 techs, researching Warrior Code (12/33)
    Rome: size=1, prod=Warriors (6sh), bldgs=Palace
    Units: 1x Warriors
  [Civ 2] Babylonians (despotism): 1 cities, 2 units, 5g, 4 techs, researching Iron Working (15/33)
    Babylon: size=1, prod=Archers (0sh), bldgs=Palace
    Units: 2x Warriors
  [Civ 3] Germans (despotism): 1 cities, 2 units, 5g, 4 techs, researching Code of Laws (15/33)
    Berlin: size=1, prod=Wonder45 (0sh), bldgs=Palace
    Units: 2x Warriors
  [Civ 4] Egyptians (despotism): 1 cities, 2 units, 5g, 4 techs, researching Map Making (15/33)
    Thebes: size=1, prod=Horsemen (0sh), bldgs=Palace
    Units: 2x Warriors
  [Civ 1] Romans turn: 2 actions — MOVE_UNIT(1), UNIT_ORDER(1)
    >>> Rome grew to size 2

══════════════════════════════════════════════════════════════════════
  TURN 7 — 3880 B.C. (5ms)
══════════════════════════════════════════════════════════════════════
  [Civ 1] Romans (despotism): 1 cities, 1 units, 8g, 4 techs, researching Warrior Code (14/33)
    Rome: size=2, prod=Warriors (7sh), bldgs=Palace
    Units: 1x Warriors
  [Civ 2] Babylonians (despotism): 1 cities, 2 units, 6g, 4 techs, researching Iron Working (18/33)
    Babylon: size=1, prod=Archers (2sh), bldgs=Palace
    Units: 2x Warriors
  [Civ 3] Germans (despotism): 1 cities, 2 units, 6g, 4 techs, researching Code of Laws (18/33)
    Berlin: size=1, prod=Wonder45 (2sh), bldgs=Palace
    Units: 2x Warriors
  [Civ 4] Egyptians (despotism): 1 cities, 2 units, 6g, 4 techs, researching Map Making (18/33)
    Thebes: size=1, prod=Horsemen (2sh), bldgs=Palace
    Units: 2x Warriors
  [Civ 1] Romans turn: 2 actions — MOVE_UNIT(1), UNIT_ORDER(1)
    END_TURN REJECTED: 1 units still need orders
      #11 Settlers(Settle) @(14,61) mv=3 ord=none hp=full

══════════════════════════════════════════════════════════════════════
  TURN 8 — 3860 B.C. (8ms)
══════════════════════════════════════════════════════════════════════
  [Civ 1] Romans (despotism): 1 cities, 1 units, 10g, 4 techs, researching Warrior Code (16/33)
    Rome: size=2, prod=Warriors (9sh), bldgs=Palace
    Units: 1x Warriors
  [Civ 2] Babylonians (despotism): 1 cities, 3 units, 7g, 4 techs, researching Iron Working (21/33)
    Babylon: size=1, prod=Archers (4sh), bldgs=Palace
    Units: 2x Warriors, 1x Settlers
  [Civ 3] Germans (despotism): 1 cities, 2 units, 7g, 4 techs, researching Code of Laws (21/33)
    Berlin: size=1, prod=Wonder45 (4sh), bldgs=Palace
    Units: 2x Warriors
  [Civ 4] Egyptians (despotism): 1 cities, 2 units, 7g, 4 techs, researching Map Making (21/33)
    Thebes: size=1, prod=Horsemen (4sh), bldgs=Palace
    Units: 2x Warriors
  [Civ 1] Romans turn: 2 actions — MOVE_UNIT(1), UNIT_ORDER(1)
    BUILD_CITY unit=11 name="Sumer"
    1 actions REJECTED (of 4)
    >>> Rome built Warriors

══════════════════════════════════════════════════════════════════════
  TURN 9 — 3840 B.C. (9ms)
══════════════════════════════════════════════════════════════════════
  [Civ 1] Romans (despotism): 1 cities, 2 units, 12g, 4 techs, researching Warrior Code (18/33)
    Rome: size=2, prod=Warriors (1sh), bldgs=Palace
    Units: 2x Warriors
  [Civ 2] Babylonians (despotism): 2 cities, 2 units, 8g, 4 techs, researching Iron Working (24/33)
    Babylon: size=1, prod=Archers (6sh), bldgs=Palace
    Sumer: size=1, prod=Warriors (0sh)
    Units: 2x Warriors
  [Civ 3] Germans (despotism): 1 cities, 2 units, 8g, 4 techs, researching Code of Laws (24/33)
    Berlin: size=1, prod=Wonder45 (6sh), bldgs=Palace
    Units: 2x Warriors
  [Civ 4] Egyptians (despotism): 1 cities, 2 units, 8g, 4 techs, researching Map Making (24/33)
    Thebes: size=1, prod=Horsemen (6sh), bldgs=Palace
    Units: 2x Warriors
  [Civ 1] Romans turn: 3 actions — CHANGE_PRODUCTION(1), MOVE_UNIT(1), UNIT_ORDER(1)
    CHANGE_PRODUCTION city=0
    CHANGE_PRODUCTION city=4

══════════════════════════════════════════════════════════════════════
  TURN 10 — 3820 B.C. (10ms)
══════════════════════════════════════════════════════════════════════
  [Civ 1] Romans (despotism): 1 cities, 2 units, 14g, 4 techs, researching Warrior Code (20/33)
    Rome: size=2, prod=Wonder39 (2sh), bldgs=Palace
    Units: 2x Warriors
  [Civ 2] Babylonians (despotism): 2 cities, 2 units, 10g, 4 techs, researching Iron Working (30/33)
    Babylon: size=1, prod=Archers (8sh), bldgs=Palace
    Sumer: size=1, prod=Archers (1sh)
    Units: 2x Warriors
  [Civ 3] Germans (despotism): 1 cities, 2 units, 9g, 4 techs, researching Code of Laws (27/33)
    Berlin: size=1, prod=Wonder45 (8sh), bldgs=Palace
    Units: 2x Warriors
  [Civ 4] Egyptians (despotism): 1 cities, 2 units, 9g, 4 techs, researching Map Making (27/33)
    Thebes: size=1, prod=Horsemen (8sh), bldgs=Palace
    Units: 2x Warriors
  [Civ 1] Romans turn: 4 actions — MOVE_UNIT(1), UNIT_ORDER(3)
    >>> Babylonians discovered: Iron Working
    >>> Babylon grew to size 2
    SET_RESEARCH tech=Code of Laws
    >>> Berlin grew to size 2
    >>> Thebes grew to size 2

══════════════════════════════════════════════════════════════════════
  TURN 11 — 3800 B.C. (12ms)
══════════════════════════════════════════════════════════════════════
  [Civ 1] Romans (despotism): 1 cities, 2 units, 16g, 4 techs, researching Warrior Code (22/33)
    Rome: size=2, prod=Wonder39 (4sh), bldgs=Palace
    Units: 2x Warriors
  [Civ 2] Babylonians (despotism): 2 cities, 2 units, 10g, 5 techs, researching Code of Laws (0/36)
    Babylon: size=2, prod=Archers (10sh), bldgs=Palace
    Sumer: size=1, prod=Archers (4sh)
    Units: 2x Warriors
  [Civ 3] Germans (despotism): 1 cities, 2 units, 11g, 4 techs, researching Code of Laws (30/33)
    Berlin: size=2, prod=Wonder45 (10sh), bldgs=Palace
    Units: 2x Warriors
  [Civ 4] Egyptians (despotism): 1 cities, 2 units, 11g, 4 techs, researching Map Making (30/33)
    Thebes: size=2, prod=Horsemen (10sh), bldgs=Palace
    Units: 2x Warriors
  [Civ 1] Romans turn: 2 actions — MOVE_UNIT(1), UNIT_ORDER(1)
    >>> Germans discovered: Code of Laws
    SET_RESEARCH tech=Map Making
    >>> Egyptians discovered: Map Making
    SET_RESEARCH tech=Ceremonial Burial

══════════════════════════════════════════════════════════════════════
  TURN 12 — 3780 B.C. (8ms)
══════════════════════════════════════════════════════════════════════
  [Civ 1] Romans (despotism): 1 cities, 2 units, 18g, 4 techs, researching Warrior Code (24/33)
    Rome: size=2, prod=Wonder39 (6sh), bldgs=Palace
    Units: 2x Warriors
  [Civ 2] Babylonians (despotism): 2 cities, 2 units, 13g, 5 techs, researching Code of Laws (6/36)
    Babylon: size=2, prod=Archers (13sh), bldgs=Palace
    Sumer: size=1, prod=Archers (7sh)
    Units: 2x Warriors
  [Civ 3] Germans (despotism): 1 cities, 2 units, 11g, 5 techs, researching Map Making (0/36)
    Berlin: size=2, prod=Wonder45 (13sh), bldgs=Palace
    Units: 2x Warriors
  [Civ 4] Egyptians (despotism): 1 cities, 2 units, 11g, 5 techs, researching Ceremonial Burial (0/36)
    Thebes: size=2, prod=Horsemen (13sh), bldgs=Palace
    Units: 2x Warriors
  [Civ 1] Romans turn: 2 actions — MOVE_UNIT(1), UNIT_ORDER(1)

══════════════════════════════════════════════════════════════════════
  TURN 13 — 3760 B.C. (7ms)
══════════════════════════════════════════════════════════════════════
  [Civ 1] Romans (despotism): 1 cities, 2 units, 20g, 4 techs, researching Warrior Code (26/33)
    Rome: size=2, prod=Wonder39 (8sh), bldgs=Palace
    Units: 2x Warriors
  [Civ 2] Babylonians (despotism): 2 cities, 2 units, 16g, 5 techs, researching Code of Laws (12/36)
    Babylon: size=2, prod=Archers (16sh), bldgs=Palace
    Sumer: size=1, prod=Archers (10sh)
    Units: 2x Warriors
  [Civ 3] Germans (despotism): 1 cities, 2 units, 13g, 5 techs, researching Map Making (3/36)
    Berlin: size=2, prod=Wonder45 (16sh), bldgs=Palace
    Units: 2x Warriors
  [Civ 4] Egyptians (despotism): 1 cities, 2 units, 13g, 5 techs, researching Ceremonial Burial (3/36)
    Thebes: size=2, prod=Horsemen (16sh), bldgs=Palace
    Units: 2x Warriors
  [Civ 1] Romans turn: 2 actions — MOVE_UNIT(1), UNIT_ORDER(1)

══════════════════════════════════════════════════════════════════════
  TURN 14 — 3740 B.C. (10ms)
══════════════════════════════════════════════════════════════════════
  [Civ 1] Romans (despotism): 1 cities, 2 units, 22g, 4 techs, researching Warrior Code (28/33)
    Rome: size=2, prod=Wonder39 (10sh), bldgs=Palace
    Units: 2x Warriors
  [Civ 2] Babylonians (despotism): 2 cities, 2 units, 19g, 5 techs, researching Code of Laws (18/36)
    Babylon: size=2, prod=Archers (19sh), bldgs=Palace
    Sumer: size=1, prod=Archers (13sh)
    Units: 2x Warriors
  [Civ 3] Germans (despotism): 1 cities, 2 units, 15g, 5 techs, researching Map Making (6/36)
    Berlin: size=2, prod=Wonder45 (19sh), bldgs=Palace
    Units: 2x Warriors
  [Civ 4] Egyptians (despotism): 1 cities, 2 units, 15g, 5 techs, researching Ceremonial Burial (6/36)
    Thebes: size=2, prod=Horsemen (19sh), bldgs=Palace
    Units: 2x Warriors
  [Civ 1] Romans turn: 2 actions — MOVE_UNIT(1), UNIT_ORDER(1)
    >>> Thebes built Horsemen
    CHANGE_PRODUCTION city=3

══════════════════════════════════════════════════════════════════════
  TURN 15 — 3720 B.C. (12ms)
══════════════════════════════════════════════════════════════════════
  [Civ 1] Romans (despotism): 1 cities, 2 units, 24g, 4 techs, researching Warrior Code (30/33)
    Rome: size=2, prod=Wonder39 (12sh), bldgs=Palace
    Units: 2x Warriors
  [Civ 2] Babylonians (despotism): 2 cities, 1 units, 22g, 5 techs, researching Code of Laws (24/36)
    Babylon: size=2, prod=Archers (22sh), bldgs=Palace
    Sumer: size=1, prod=Archers (16sh)
    Units: 1x Warriors
  [Civ 3] Germans (despotism): 1 cities, 2 units, 17g, 5 techs, researching Map Making (9/36)
    Berlin: size=2, prod=Wonder45 (22sh), bldgs=Palace
    Units: 2x Warriors
  [Civ 4] Egyptians (despotism): 1 cities, 3 units, 17g, 5 techs, researching Ceremonial Burial (9/36)
    Thebes: size=2, prod=Wonder41 (0sh), bldgs=Palace
    Units: 2x Warriors, 1x Horsemen
  [Civ 1] Romans turn: 2 actions — MOVE_UNIT(1), UNIT_ORDER(1)

══════════════════════════════════════════════════════════════════════
  TURN 16 — 3700 B.C. (5ms)
══════════════════════════════════════════════════════════════════════
  [Civ 1] Romans (despotism): 1 cities, 2 units, 26g, 4 techs, researching Warrior Code (32/33)
    Rome: size=2, prod=Wonder39 (14sh), bldgs=Palace
    Units: 2x Warriors
  [Civ 2] Babylonians (despotism): 2 cities, 1 units, 25g, 5 techs, researching Code of Laws (30/36)
    Babylon: size=2, prod=Archers (25sh), bldgs=Palace
    Sumer: size=1, prod=Archers (19sh)
    Units: 1x Warriors
  [Civ 3] Germans (despotism): 1 cities, 2 units, 19g, 5 techs, researching Map Making (12/36)
    Berlin: size=2, prod=Wonder45 (25sh), bldgs=Palace
    Units: 2x Warriors
  [Civ 4] Egyptians (despotism): 1 cities, 3 units, 19g, 5 techs, researching Ceremonial Burial (12/36)
    Thebes: size=2, prod=Wonder41 (3sh), bldgs=Palace
    Units: 2x Warriors, 1x Horsemen
  [Civ 1] Romans turn: 2 actions — MOVE_UNIT(1), UNIT_ORDER(1)
    >>> Babylonians discovered: Code of Laws
    SET_RESEARCH tech=Writing
    END_TURN REJECTED: 1 units still need orders
      #18 Horsemen(Atk) @(37,64) mv=3 ord=none hp=full

══════════════════════════════════════════════════════════════════════
  TURN 17 — 3680 B.C. (8ms)
══════════════════════════════════════════════════════════════════════
  [Civ 1] Romans (despotism): 1 cities, 2 units, 26g, 5 techs, researching none (0/36)
    Rome: size=3, prod=Wonder39 (16sh), bldgs=Palace
    Units: 2x Warriors
  [Civ 2] Babylonians (despotism): 2 cities, 1 units, 25g, 6 techs, researching Writing (0/36)
    Babylon: size=2, prod=Archers (28sh), bldgs=Palace
    Sumer: size=1, prod=Archers (22sh)
    Units: 1x Warriors
  [Civ 3] Germans (despotism): 1 cities, 2 units, 21g, 5 techs, researching Map Making (15/36)
    Berlin: size=2, prod=Wonder45 (28sh), bldgs=Palace
    Units: 2x Warriors
  [Civ 4] Egyptians (despotism): 1 cities, 3 units, 21g, 5 techs, researching Ceremonial Burial (15/36)
    Thebes: size=2, prod=Wonder41 (6sh), bldgs=Palace
    Units: 2x Warriors, 1x Horsemen
  [Civ 1] Romans turn: 3 actions — SET_RESEARCH(1), MOVE_UNIT(1), UNIT_ORDER(1)
    SET_RESEARCH tech=Iron Working
    >>> Babylon built Archers
    CHANGE_PRODUCTION city=1

══════════════════════════════════════════════════════════════════════
  TURN 18 — 3660 B.C. (7ms)
══════════════════════════════════════════════════════════════════════
  [Civ 1] Romans (despotism): 1 cities, 2 units, 28g, 6 techs, researching Iron Working (3/36)
    Rome: size=3, prod=Wonder39 (19sh), bldgs=Palace
    Units: 2x Warriors
  [Civ 2] Babylonians (despotism): 2 cities, 2 units, 28g, 6 techs, researching Writing (6/36)
    Babylon: size=2, prod=Legion (0sh), bldgs=Palace
    Sumer: size=1, prod=Archers (25sh)
    Units: 1x Warriors, 1x Archers
  [Civ 3] Germans (despotism): 1 cities, 2 units, 23g, 5 techs, researching Map Making (18/36)
    Berlin: size=2, prod=Wonder45 (31sh), bldgs=Palace
    Units: 2x Warriors
  [Civ 4] Egyptians (despotism): 1 cities, 3 units, 23g, 6 techs, researching Ceremonial Burial (18/36)
    Thebes: size=2, prod=Wonder41 (9sh), bldgs=Palace
    Units: 2x Warriors, 1x Horsemen
  [Civ 1] Romans turn: 2 actions — MOVE_UNIT(1), UNIT_ORDER(1)
    >>> Sumer grew to size 2

══════════════════════════════════════════════════════════════════════
  TURN 19 — 3640 B.C. (9ms)
══════════════════════════════════════════════════════════════════════
  [Civ 1] Romans (despotism): 1 cities, 2 units, 30g, 6 techs, researching Iron Working (6/36)
    Rome: size=3, prod=Wonder39 (22sh), bldgs=Palace
    Units: 2x Warriors
  [Civ 2] Babylonians (despotism): 2 cities, 2 units, 32g, 6 techs, researching Writing (13/36)
    Babylon: size=2, prod=Legion (3sh), bldgs=Palace
    Sumer: size=2, prod=Archers (28sh)
    Units: 1x Warriors, 1x Archers
  [Civ 3] Germans (despotism): 1 cities, 2 units, 25g, 6 techs, researching Map Making (21/36)
    Berlin: size=2, prod=Wonder45 (34sh), bldgs=Palace
    Units: 2x Warriors
  [Civ 4] Egyptians (despotism): 1 cities, 3 units, 25g, 7 techs, researching Ceremonial Burial (21/33)
    Thebes: size=2, prod=Wonder41 (12sh), bldgs=Palace
    Units: 2x Warriors, 1x Horsemen
  [Civ 1] Romans turn: 2 actions — MOVE_UNIT(1), UNIT_ORDER(1)
    >>> Sumer built Archers
    CHANGE_PRODUCTION city=4
    END_TURN REJECTED: 1 units still need orders
      #21 Legion(Atk) @(44,42) mv=3 ord=none hp=full

══════════════════════════════════════════════════════════════════════
  TURN 20 — 3620 B.C. (16ms)
══════════════════════════════════════════════════════════════════════
  [Civ 1] Romans (despotism): 1 cities, 2 units, 32g, 6 techs, researching Iron Working (9/36)
    Rome: size=3, prod=Wonder39 (25sh), bldgs=Palace
    Units: 2x Warriors
  [Civ 2] Babylonians (despotism): 2 cities, 2 units, 36g, 6 techs, researching Writing (20/36)
    Babylon: size=2, prod=Legion (6sh), bldgs=Palace
    Sumer: size=2, prod=Legion (1sh)
    Units: 1x Warriors, 1x Archers
  [Civ 3] Germans (despotism): 1 cities, 2 units, 27g, 6 techs, researching Map Making (24/36)
    Berlin: size=2, prod=Wonder45 (37sh), bldgs=Palace
    Units: 2x Warriors
  [Civ 4] Egyptians (despotism): 1 cities, 4 units, 27g, 7 techs, researching Ceremonial Burial (24/33)
    Thebes: size=2, prod=Wonder41 (15sh), bldgs=Palace
    Units: 2x Warriors, 1x Horsemen, 1x Legion
  [Civ 1] Romans turn: 2 actions — MOVE_UNIT(1), UNIT_ORDER(1)

══════════════════════════════════════════════════════════════════════
  TURN 21 — 3600 B.C. (13ms)
══════════════════════════════════════════════════════════════════════
  [Civ 1] Romans (despotism): 1 cities, 2 units, 34g, 6 techs, researching Iron Working (12/36)
    Rome: size=3, prod=Wonder39 (28sh), bldgs=Palace
    Units: 2x Warriors
  [Civ 2] Babylonians (despotism): 2 cities, 2 units, 40g, 6 techs, researching Writing (27/36)
    Babylon: size=2, prod=Legion (9sh), bldgs=Palace
    Sumer: size=2, prod=Legion (5sh)
    Units: 1x Warriors, 1x Archers
  [Civ 3] Germans (despotism): 1 cities, 2 units, 29g, 6 techs, researching Map Making (27/36)
    Berlin: size=2, prod=Wonder45 (40sh), bldgs=Palace
    Units: 2x Warriors
  [Civ 4] Egyptians (despotism): 1 cities, 4 units, 29g, 7 techs, researching Ceremonial Burial (27/33)
    Thebes: size=2, prod=Wonder41 (18sh), bldgs=Palace
    Units: 2x Warriors, 1x Horsemen, 1x Legion
  [Civ 1] Romans turn: 2 actions — MOVE_UNIT(1), UNIT_ORDER(1)

══════════════════════════════════════════════════════════════════════
  TURN 22 — 3580 B.C. (10ms)
══════════════════════════════════════════════════════════════════════
  [Civ 1] Romans (despotism): 1 cities, 2 units, 36g, 6 techs, researching Iron Working (15/36)
    Rome: size=3, prod=Wonder39 (31sh), bldgs=Palace
    Units: 2x Warriors
  [Civ 2] Babylonians (despotism): 2 cities, 2 units, 44g, 6 techs, researching Writing (34/36)
    Babylon: size=2, prod=Legion (12sh), bldgs=Palace
    Sumer: size=2, prod=Legion (9sh)
    Units: 1x Warriors, 1x Archers
  [Civ 3] Germans (despotism): 1 cities, 2 units, 31g, 6 techs, researching Map Making (30/36)
    Berlin: size=2, prod=Wonder45 (43sh), bldgs=Palace
    Units: 2x Warriors
  [Civ 4] Egyptians (despotism): 1 cities, 4 units, 31g, 7 techs, researching Ceremonial Burial (30/33)
    Thebes: size=2, prod=Wonder41 (21sh), bldgs=Palace
    Units: 2x Warriors, 1x Horsemen, 1x Legion
  [Civ 1] Romans turn: 2 actions — MOVE_UNIT(1), UNIT_ORDER(1)
    >>> Babylonians discovered: Writing
    SET_RESEARCH tech=Mathematics
    >>> Egyptians discovered: Ceremonial Burial
    SET_RESEARCH tech=Currency

══════════════════════════════════════════════════════════════════════
  TURN 23 — 3560 B.C. (8ms)
══════════════════════════════════════════════════════════════════════
  [Civ 1] Romans (despotism): 1 cities, 2 units, 38g, 6 techs, researching Iron Working (18/36)
    Rome: size=3, prod=Wonder39 (34sh), bldgs=Palace
    Units: 2x Warriors
  [Civ 2] Babylonians (despotism): 2 cities, 2 units, 44g, 7 techs, researching Mathematics (0/33)
    Babylon: size=2, prod=Legion (15sh), bldgs=Palace
    Sumer: size=2, prod=Legion (13sh)
    Units: 1x Warriors, 1x Archers
  [Civ 3] Germans (despotism): 1 cities, 2 units, 33g, 6 techs, researching Map Making (33/36)
    Berlin: size=2, prod=Wonder45 (46sh), bldgs=Palace
    Units: 2x Warriors
  [Civ 4] Egyptians (despotism): 1 cities, 4 units, 31g, 8 techs, researching Currency (0/28)
    Thebes: size=2, prod=Wonder41 (24sh), bldgs=Palace
    Units: 2x Warriors, 1x Horsemen, 1x Legion
  [Civ 1] Romans turn: 2 actions — MOVE_UNIT(1), UNIT_ORDER(1)
    >>> Germans discovered: Map Making
    SET_RESEARCH tech=Currency

══════════════════════════════════════════════════════════════════════
  TURN 24 — 3540 B.C. (7ms)
══════════════════════════════════════════════════════════════════════
  [Civ 1] Romans (despotism): 1 cities, 2 units, 40g, 6 techs, researching Iron Working (21/36)
    Rome: size=3, prod=Wonder39 (37sh), bldgs=Palace
    Units: 2x Warriors
  [Civ 2] Babylonians (despotism): 2 cities, 2 units, 48g, 7 techs, researching Mathematics (7/33)
    Babylon: size=2, prod=Legion (18sh), bldgs=Palace
    Sumer: size=2, prod=Legion (17sh)
    Units: 1x Warriors, 1x Archers
  [Civ 3] Germans (despotism): 1 cities, 2 units, 33g, 7 techs, researching Currency (0/33)
    Berlin: size=2, prod=Wonder45 (49sh), bldgs=Palace
    Units: 2x Warriors
  [Civ 4] Egyptians (despotism): 1 cities, 4 units, 78g, 8 techs, researching Currency (3/28)
    Thebes: size=2, prod=Wonder41 (27sh), bldgs=Palace
    Units: 2x Warriors, 1x Horsemen, 1x Legion
  [Civ 1] Romans turn: 2 actions — MOVE_UNIT(1), UNIT_ORDER(1)

══════════════════════════════════════════════════════════════════════
  TURN 25 — 3520 B.C. (8ms)
══════════════════════════════════════════════════════════════════════
  [Civ 1] Romans (despotism): 1 cities, 2 units, 42g, 7 techs, researching Iron Working (24/33)
    Rome: size=3, prod=Wonder39 (40sh), bldgs=Palace
    Units: 2x Warriors
  [Civ 2] Babylonians (despotism): 2 cities, 2 units, 52g, 8 techs, researching Mathematics (14/28)
    Babylon: size=2, prod=Legion (21sh), bldgs=Palace
    Sumer: size=2, prod=Legion (21sh)
    Units: 1x Warriors, 1x Archers
  [Civ 3] Germans (despotism): 1 cities, 2 units, 35g, 8 techs, researching Currency (3/28)
    Berlin: size=2, prod=Wonder45 (52sh), bldgs=Palace
    Units: 2x Warriors
  [Civ 4] Egyptians (despotism): 1 cities, 4 units, 80g, 8 techs, researching Currency (6/28)
    Thebes: size=2, prod=Wonder41 (30sh), bldgs=Palace
    Units: 2x Warriors, 1x Horsemen, 1x Legion
  [Civ 1] Romans turn: 2 actions — MOVE_UNIT(1), UNIT_ORDER(1)
    >>> Babylon grew to size 3
    >>> Berlin grew to size 3
    >>> Thebes grew to size 3

══════════════════════════════════════════════════════════════════════
  TURN 26 — 3500 B.C. (9ms)
══════════════════════════════════════════════════════════════════════
  [Civ 1] Romans (despotism): 1 cities, 2 units, 44g, 7 techs, researching Iron Working (27/33)
    Rome: size=3, prod=Wonder39 (43sh), bldgs=Palace
    Units: 2x Warriors
  [Civ 2] Babylonians (despotism): 2 cities, 2 units, 56g, 9 techs, researching Mathematics (23/32)
    Babylon: size=3, prod=Legion (24sh), bldgs=Palace
    Sumer: size=2, prod=Legion (25sh)
    Units: 1x Warriors, 1x Archers
  [Civ 3] Germans (despotism): 1 cities, 2 units, 37g, 8 techs, researching Currency (7/28)
    Berlin: size=3, prod=Wonder45 (55sh), bldgs=Palace
    Units: 2x Warriors
  [Civ 4] Egyptians (despotism): 1 cities, 4 units, 82g, 8 techs, researching Currency (9/28)
    Thebes: size=3, prod=Wonder41 (33sh), bldgs=Palace
    Units: 2x Warriors, 1x Horsemen, 1x Legion
  [Civ 1] Romans turn: 2 actions — MOVE_UNIT(1), UNIT_ORDER(1)
    >>> Babylonians discovered: Mathematics
    SET_RESEARCH tech=Mysticism

══════════════════════════════════════════════════════════════════════
  TURN 27 — 3480 B.C. (10ms)
══════════════════════════════════════════════════════════════════════
  [Civ 1] Romans (despotism): 1 cities, 2 units, 46g, 7 techs, researching Iron Working (30/33)
    Rome: size=3, prod=Wonder39 (46sh), bldgs=Palace
    Units: 2x Warriors
  [Civ 2] Babylonians (despotism): 2 cities, 2 units, 56g, 10 techs, researching Mysticism (0/48)
    Babylon: size=3, prod=Legion (29sh), bldgs=Palace
    Sumer: size=2, prod=Legion (29sh)
    Units: 1x Warriors, 1x Archers
  [Civ 3] Germans (despotism): 1 cities, 2 units, 39g, 8 techs, researching Currency (11/28)
    Berlin: size=3, prod=Wonder45 (59sh), bldgs=Palace
    Units: 2x Warriors
  [Civ 4] Egyptians (despotism): 1 cities, 4 units, 84g, 8 techs, researching Currency (12/28)
    Thebes: size=3, prod=Wonder41 (36sh), bldgs=Palace
    Units: 2x Warriors, 1x Horsemen, 1x Legion
  [Civ 1] Romans turn: 2 actions — MOVE_UNIT(1), UNIT_ORDER(1)
    COMBAT: Archers vs Horsemen → atkWin (atkHp=undefined, defHp=undefined)
    >>> Romans discovered: Iron Working

══════════════════════════════════════════════════════════════════════
  TURN 28 — 3460 B.C. (10ms)
══════════════════════════════════════════════════════════════════════
  [Civ 1] Romans (despotism): 1 cities, 2 units, 46g, 8 techs, researching none (0/28)
    Rome: size=3, prod=Wonder39 (49sh), bldgs=Palace
    Units: 2x Warriors
  [Civ 2] Babylonians (despotism): 2 cities, 2 units, 160g, 10 techs, researching Mysticism (9/48)
    Babylon: size=3, prod=Legion (34sh), bldgs=Palace
    Sumer: size=2, prod=Legion (33sh)
    Units: 1x Warriors, 1x Archers
  [Civ 3] Germans (despotism): 1 cities, 2 units, 41g, 8 techs, researching Currency (15/28)
    Berlin: size=3, prod=Wonder45 (63sh), bldgs=Palace
    Units: 2x Warriors
  [Civ 4] Egyptians (despotism): 1 cities, 4 units, 86g, 8 techs, researching Currency (15/28)
    Thebes: size=3, prod=Wonder41 (39sh), bldgs=Palace
    Units: 2x Warriors, 1x Horsemen, 1x Legion
  [Civ 1] Romans turn: 3 actions — SET_RESEARCH(1), MOVE_UNIT(1), UNIT_ORDER(1)
    SET_RESEARCH tech=Currency

══════════════════════════════════════════════════════════════════════
  TURN 29 — 3440 B.C. (9ms)
══════════════════════════════════════════════════════════════════════
  [Civ 1] Romans (despotism): 1 cities, 2 units, 48g, 8 techs, researching Currency (3/28)
    Rome: size=3, prod=Wonder39 (52sh), bldgs=Palace
    Units: 2x Warriors
  [Civ 2] Babylonians (despotism): 2 cities, 2 units, 164g, 10 techs, researching Mysticism (18/48)
    Babylon: size=3, prod=Legion (39sh), bldgs=Palace
    Sumer: size=2, prod=Legion (37sh)
    Units: 1x Warriors, 1x Archers
  [Civ 3] Germans (despotism): 1 cities, 2 units, 43g, 8 techs, researching Currency (19/28)
    Berlin: size=3, prod=Wonder45 (67sh), bldgs=Palace
    Units: 2x Warriors
  [Civ 4] Egyptians (despotism): 1 cities, 4 units, 88g, 8 techs, researching Currency (18/28)
    Thebes: size=3, prod=Wonder41 (42sh), bldgs=Palace
    Units: 2x Warriors, 1x Horsemen, 1x Legion
  [Civ 1] Romans turn: 2 actions — MOVE_UNIT(1), UNIT_ORDER(1)
    >>> Babylon built Legion
    >>> Sumer built Legion
    CHANGE_PRODUCTION city=1
    CHANGE_PRODUCTION city=4
    END_TURN REJECTED: 1 units still need orders
      #24 Horsemen(Atk) @(46,64) mv=6 ord=none hp=full

══════════════════════════════════════════════════════════════════════
  TURN 30 — 3420 B.C. (5ms)
══════════════════════════════════════════════════════════════════════
  [Civ 1] Romans (despotism): 1 cities, 2 units, 50g, 8 techs, researching Currency (6/28)
    Rome: size=3, prod=Wonder39 (55sh), bldgs=Palace
    Units: 2x Warriors
  [Civ 2] Babylonians (despotism): 2 cities, 4 units, 168g, 10 techs, researching Mysticism (27/48)
    Babylon: size=3, prod=Catapult (2sh), bldgs=Palace
    Sumer: size=2, prod=Catapult (0sh)
    Units: 1x Warriors, 1x Archers, 2x Legion
  [Civ 3] Germans (despotism): 1 cities, 2 units, 45g, 9 techs, researching Currency (23/21)
    Berlin: size=3, prod=Wonder45 (71sh), bldgs=Palace
    Units: 2x Warriors
  [Civ 4] Egyptians (despotism): 1 cities, 5 units, 90g, 9 techs, researching Currency (21/21)
    Thebes: size=3, prod=Wonder41 (45sh), bldgs=Palace
    Units: 2x Warriors, 2x Horsemen, 1x Legion
  [Civ 1] Romans turn: 2 actions — MOVE_UNIT(1), UNIT_ORDER(1)
    >>> Germans discovered: Currency
    SET_RESEARCH tech=Construction
    ADJUST_ATTITUDE target=civ1
    ADJUST_ATTITUDE target=civ1
    ADJUST_ATTITUDE target=civ1
    >>> Egyptians discovered: Currency
    SET_RESEARCH tech=Mysticism
    >>> Rome grew to size 4

══════════════════════════════════════════════════════════════════════
  TURN 31 — 3400 B.C. (11ms)
══════════════════════════════════════════════════════════════════════
  [Civ 1] Romans (despotism): 1 cities, 2 units, 52g, 8 techs, researching Currency (10/28)
    Rome: size=4, prod=Wonder39 (58sh), bldgs=Palace
    Units: 2x Warriors
  [Civ 2] Babylonians (despotism): 2 cities, 4 units, 172g, 10 techs, researching Mysticism (36/48)
    Babylon: size=3, prod=Catapult (7sh), bldgs=Palace
    Sumer: size=2, prod=Catapult (4sh)
    Units: 1x Warriors, 1x Archers, 2x Legion
  [Civ 3] Germans (despotism): 1 cities, 2 units, 45g, 10 techs, researching Construction (0/48)
    Berlin: size=3, prod=Wonder45 (75sh), bldgs=Palace
    Units: 2x Warriors
  [Civ 4] Egyptians (despotism): 1 cities, 5 units, 90g, 10 techs, researching Mysticism (0/48)
    Thebes: size=3, prod=Wonder41 (48sh), bldgs=Palace
    Units: 2x Warriors, 2x Horsemen, 1x Legion
  [Civ 1] Romans turn: 2 actions — MOVE_UNIT(1), UNIT_ORDER(1)
    COMBAT: Warriors vs Warriors → defWin (atkHp=undefined, defHp=undefined)
    1 actions REJECTED (of 2)
    ADJUST_ATTITUDE target=civ1

══════════════════════════════════════════════════════════════════════
  TURN 32 — 3380 B.C. (13ms)
══════════════════════════════════════════════════════════════════════
  [Civ 1] Romans (despotism): 1 cities, 1 units, 54g, 9 techs, researching Currency (14/21)
    Rome: size=4, prod=Wonder39 (62sh), bldgs=Palace
    Units: 1x Warriors
  [Civ 2] Babylonians (despotism): 2 cities, 4 units, 176g, 10 techs, researching Mysticism (45/48)
    Babylon: size=3, prod=Catapult (12sh), bldgs=Palace
    Sumer: size=2, prod=Catapult (8sh)
    Units: 1x Warriors, 1x Archers, 2x Legion
  [Civ 3] Germans (despotism): 1 cities, 2 units, 47g, 10 techs, researching Construction (4/48)
    Berlin: size=3, prod=Wonder45 (79sh), bldgs=Palace
    Units: 2x Warriors
  [Civ 4] Egyptians (despotism): 1 cities, 5 units, 92g, 10 techs, researching Mysticism (3/48)
    Thebes: size=3, prod=Wonder41 (51sh), bldgs=Palace
    Units: 2x Warriors, 2x Horsemen, 1x Legion
  [Civ 1] Romans turn: 7 actions — SET_RESEARCH(1), ADJUST_ATTITUDE(5), PROPOSE_TREATY(1)
    SET_RESEARCH tech=Construction
    ADJUST_ATTITUDE target=civ2
    ADJUST_ATTITUDE target=civ3
    ADJUST_ATTITUDE target=civ4
    ADJUST_ATTITUDE target=civ3
    PROPOSE_TREATY treaty=peace target=civ3
    ADJUST_ATTITUDE target=civ3
    >>> Babylonians discovered: Mysticism
    SET_RESEARCH tech=Construction
    ADJUST_ATTITUDE target=civ1
    ADJUST_ATTITUDE target=civ3
    ADJUST_ATTITUDE target=civ4
    ADJUST_ATTITUDE target=civ1
    ADJUST_ATTITUDE target=civ2
    ADJUST_ATTITUDE target=civ4
    ADJUST_ATTITUDE target=civ1
    ADJUST_ATTITUDE target=civ1
    ADJUST_ATTITUDE target=civ1
    ADJUST_ATTITUDE target=civ2
    ADJUST_ATTITUDE target=civ3

══════════════════════════════════════════════════════════════════════
  TURN 33 — 3360 B.C. (14ms)
══════════════════════════════════════════════════════════════════════
  [Civ 1] Romans (despotism): 1 cities, 1 units, 56g, 9 techs, researching Construction (18/21)
    Rome: size=4, prod=Wonder39 (66sh), bldgs=Palace
    Units: 1x Warriors
  [Civ 2] Babylonians (despotism): 2 cities, 4 units, 176g, 12 techs, researching Construction (0/57)
    Babylon: size=3, prod=Catapult (17sh), bldgs=Palace
    Sumer: size=2, prod=Catapult (12sh)
    Units: 1x Warriors, 1x Archers, 2x Legion
  [Civ 3] Germans (despotism): 1 cities, 2 units, 49g, 10 techs, researching Construction (8/24)
    Berlin: size=3, prod=Wonder45 (83sh), bldgs=Palace
    Units: 2x Warriors
  [Civ 4] Egyptians (despotism): 1 cities, 5 units, 94g, 10 techs, researching Mysticism (6/24)
    Thebes: size=3, prod=Wonder41 (54sh), bldgs=Palace
    Units: 2x Warriors, 2x Horsemen, 1x Legion
  [Civ 1] Romans turn: 0 actions — idle
    ADJUST_ATTITUDE target=civ1
    >>> Romans discovered: Construction

══════════════════════════════════════════════════════════════════════
  TURN 34 — 3340 B.C. (13ms)
══════════════════════════════════════════════════════════════════════
  [Civ 1] Romans (despotism): 1 cities, 1 units, 56g, 10 techs, researching none (0/24)
    Rome: size=4, prod=Wonder39 (70sh), bldgs=Palace
    Units: 1x Warriors
  [Civ 2] Babylonians (despotism): 2 cities, 4 units, 180g, 12 techs, researching Construction (9/57)
    Babylon: size=3, prod=Catapult (22sh), bldgs=Palace
    Sumer: size=2, prod=Catapult (16sh)
    Units: 1x Warriors, 1x Archers, 2x Legion
  [Civ 3] Germans (despotism): 1 cities, 2 units, 51g, 10 techs, researching Construction (12/24)
    Berlin: size=3, prod=Wonder45 (87sh), bldgs=Palace
    Units: 2x Warriors
  [Civ 4] Egyptians (despotism): 1 cities, 5 units, 96g, 10 techs, researching Mysticism (9/24)
    Thebes: size=3, prod=Wonder41 (57sh), bldgs=Palace
    Units: 2x Warriors, 2x Horsemen, 1x Legion
  [Civ 1] Romans turn: 1 actions — SET_RESEARCH(1)
    SET_RESEARCH tech=Bridge Building
    ADJUST_ATTITUDE target=civ1

══════════════════════════════════════════════════════════════════════
  TURN 35 — 3320 B.C. (9ms)
══════════════════════════════════════════════════════════════════════
  [Civ 1] Romans (despotism): 1 cities, 1 units, 58g, 10 techs, researching Bridge Building (4/24)
    Rome: size=4, prod=Wonder39 (74sh), bldgs=Palace
    Units: 1x Warriors
  [Civ 2] Babylonians (despotism): 2 cities, 4 units, 184g, 12 techs, researching Construction (18/57)
    Babylon: size=3, prod=Catapult (27sh), bldgs=Palace
    Sumer: size=2, prod=Catapult (20sh)
    Units: 1x Warriors, 1x Archers, 2x Legion
  [Civ 3] Germans (despotism): 1 cities, 2 units, 53g, 10 techs, researching Construction (16/24)
    Berlin: size=3, prod=Wonder45 (91sh), bldgs=Palace
    Units: 2x Warriors
  [Civ 4] Egyptians (despotism): 1 cities, 5 units, 98g, 10 techs, researching Mysticism (12/24)
    Thebes: size=3, prod=Wonder41 (60sh), bldgs=Palace
    Units: 2x Warriors, 2x Horsemen, 1x Legion
  [Civ 1] Romans turn: 0 actions — idle
    ADJUST_ATTITUDE target=civ1

══════════════════════════════════════════════════════════════════════
  TURN 36 — 3300 B.C. (7ms)
══════════════════════════════════════════════════════════════════════
  [Civ 1] Romans (despotism): 1 cities, 1 units, 60g, 10 techs, researching Bridge Building (8/24)
    Rome: size=4, prod=Wonder39 (78sh), bldgs=Palace
    Units: 1x Warriors
  [Civ 2] Babylonians (despotism): 2 cities, 4 units, 188g, 12 techs, researching Construction (27/57)
    Babylon: size=3, prod=Catapult (32sh), bldgs=Palace
    Sumer: size=2, prod=Catapult (24sh)
    Units: 1x Warriors, 1x Archers, 2x Legion
  [Civ 3] Germans (despotism): 1 cities, 2 units, 55g, 10 techs, researching Construction (20/24)
    Berlin: size=3, prod=Wonder45 (95sh), bldgs=Palace
    Units: 2x Warriors
  [Civ 4] Egyptians (despotism): 1 cities, 5 units, 100g, 10 techs, researching Mysticism (15/24)
    Thebes: size=3, prod=Wonder41 (63sh), bldgs=Palace
    Units: 2x Warriors, 2x Horsemen, 1x Legion
  [Civ 1] Romans turn: 1 actions — ADJUST_ATTITUDE(1)
    ADJUST_ATTITUDE target=civ3
    >>> Germans discovered: Construction
    SET_RESEARCH tech=Bridge Building
    ADJUST_ATTITUDE target=civ1

══════════════════════════════════════════════════════════════════════
  TURN 37 — 3280 B.C. (8ms)
══════════════════════════════════════════════════════════════════════
  [Civ 1] Romans (despotism): 1 cities, 1 units, 62g, 10 techs, researching Bridge Building (12/24)
    Rome: size=4, prod=Wonder39 (82sh), bldgs=Palace
    Units: 1x Warriors
  [Civ 2] Babylonians (despotism): 2 cities, 4 units, 192g, 12 techs, researching Construction (36/57)
    Babylon: size=3, prod=Catapult (37sh), bldgs=Palace
    Sumer: size=2, prod=Catapult (28sh)
    Units: 1x Warriors, 1x Archers, 2x Legion
  [Civ 3] Germans (despotism): 1 cities, 2 units, 55g, 11 techs, researching Bridge Building (0/26)
    Berlin: size=3, prod=Wonder45 (99sh), bldgs=Palace
    Units: 2x Warriors
  [Civ 4] Egyptians (despotism): 1 cities, 5 units, 102g, 10 techs, researching Mysticism (18/24)
    Thebes: size=3, prod=Wonder41 (66sh), bldgs=Palace
    Units: 2x Warriors, 2x Horsemen, 1x Legion
  [Civ 1] Romans turn: 1 actions — ADJUST_ATTITUDE(1)
    ADJUST_ATTITUDE target=civ3
    >>> Babylon built Catapult
    CHANGE_PRODUCTION city=1

══════════════════════════════════════════════════════════════════════
  TURN 38 — 3260 B.C. (7ms)
══════════════════════════════════════════════════════════════════════
  [Civ 1] Romans (despotism): 1 cities, 1 units, 64g, 10 techs, researching Bridge Building (16/24)
    Rome: size=4, prod=Wonder39 (86sh), bldgs=Palace
    Units: 1x Warriors
  [Civ 2] Babylonians (despotism): 2 cities, 5 units, 196g, 12 techs, researching Construction (44/57)
    Babylon: size=3, prod=building:8 (0sh), bldgs=Palace
    Sumer: size=2, prod=Catapult (32sh)
    Units: 1x Warriors, 1x Archers, 2x Legion, 1x Catapult
  [Civ 3] Germans (despotism): 1 cities, 2 units, 57g, 11 techs, researching Bridge Building (4/26)
    Berlin: size=3, prod=Wonder45 (103sh), bldgs=Palace
    Units: 2x Warriors
  [Civ 4] Egyptians (despotism): 1 cities, 5 units, 104g, 11 techs, researching Mysticism (21/26)
    Thebes: size=3, prod=Wonder41 (69sh), bldgs=Palace
    Units: 2x Warriors, 2x Horsemen, 1x Legion
  [Civ 1] Romans turn: 1 actions — ADJUST_ATTITUDE(1)
    ADJUST_ATTITUDE target=civ3
    SET_RESEARCH tech=Literacy

══════════════════════════════════════════════════════════════════════
  TURN 39 — 3240 B.C. (12ms)
══════════════════════════════════════════════════════════════════════
  [Civ 1] Romans (despotism): 1 cities, 1 units, 66g, 10 techs, researching Bridge Building (20/24)
    Rome: size=4, prod=Wonder39 (90sh), bldgs=Palace
    Units: 1x Warriors
  [Civ 2] Babylonians (despotism): 2 cities, 5 units, 200g, 13 techs, researching Literacy (52/62)
    Babylon: size=3, prod=building:8 (4sh), bldgs=Palace
    Sumer: size=2, prod=Catapult (36sh)
    Units: 1x Warriors, 1x Archers, 2x Legion, 1x Catapult
  [Civ 3] Germans (despotism): 1 cities, 2 units, 59g, 11 techs, researching Bridge Building (8/26)
    Berlin: size=3, prod=Wonder45 (107sh), bldgs=Palace
    Units: 2x Warriors
  [Civ 4] Egyptians (despotism): 1 cities, 5 units, 106g, 11 techs, researching Mysticism (24/26)
    Thebes: size=3, prod=Wonder41 (72sh), bldgs=Palace
    Units: 2x Warriors, 2x Horsemen, 1x Legion
  [Civ 1] Romans turn: 1 actions — ADJUST_ATTITUDE(1)
    ADJUST_ATTITUDE target=civ3
    >>> Sumer built Catapult
    CHANGE_PRODUCTION city=4
    >>> Egyptians discovered: Mysticism
    SET_RESEARCH tech=The Wheel
    >>> Romans discovered: Bridge Building

══════════════════════════════════════════════════════════════════════
  TURN 40 — 3220 B.C. (15ms)
══════════════════════════════════════════════════════════════════════
  [Civ 1] Romans (despotism): 1 cities, 1 units, 66g, 11 techs, researching none (0/26)
    Rome: size=4, prod=Wonder39 (94sh), bldgs=Palace
    Units: 1x Warriors
  [Civ 2] Babylonians (despotism): 2 cities, 6 units, 204g, 13 techs, researching Literacy (60/62)
    Babylon: size=3, prod=building:8 (8sh), bldgs=Palace
    Sumer: size=2, prod=Settlers (0sh)
    Units: 1x Warriors, 1x Archers, 2x Legion, 2x Catapult
  [Civ 3] Germans (despotism): 1 cities, 2 units, 61g, 11 techs, researching Bridge Building (12/26)
    Berlin: size=3, prod=Wonder45 (111sh), bldgs=Palace
    Units: 2x Warriors
  [Civ 4] Egyptians (despotism): 1 cities, 5 units, 106g, 12 techs, researching The Wheel (0/28)
    Thebes: size=3, prod=Wonder41 (75sh), bldgs=Palace
    Units: 2x Warriors, 2x Horsemen, 1x Legion
  [Civ 1] Romans turn: 2 actions — SET_RESEARCH(1), ADJUST_ATTITUDE(1)
    SET_RESEARCH tech=Trade
    ADJUST_ATTITUDE target=civ3
    >>> Babylonians discovered: Literacy
    SET_RESEARCH tech=Astronomy
    ADJUST_ATTITUDE target=civ1

══════════════════════════════════════════════════════════════════════
  TURN 41 — 3200 B.C. (14ms)
══════════════════════════════════════════════════════════════════════
  [Civ 1] Romans (despotism): 1 cities, 1 units, 68g, 12 techs, researching Trade (4/28)
    Rome: size=4, prod=Wonder39 (98sh), bldgs=Palace
    Units: 1x Warriors
  [Civ 2] Babylonians (despotism): 2 cities, 6 units, 204g, 14 techs, researching Astronomy (0/67)
    Babylon: size=3, prod=building:8 (12sh), bldgs=Palace
    Sumer: size=2, prod=Settlers (4sh)
    Units: 1x Warriors, 1x Archers, 2x Legion, 2x Catapult
  [Civ 3] Germans (despotism): 1 cities, 2 units, 63g, 11 techs, researching Bridge Building (16/26)
    Berlin: size=3, prod=Wonder45 (115sh), bldgs=Palace
    Units: 2x Warriors
  [Civ 4] Egyptians (despotism): 1 cities, 5 units, 108g, 12 techs, researching The Wheel (3/28)
    Thebes: size=3, prod=Wonder41 (78sh), bldgs=Palace
    Units: 2x Warriors, 2x Horsemen, 1x Legion
  [Civ 1] Romans turn: 1 actions — ADJUST_ATTITUDE(1)
    ADJUST_ATTITUDE target=civ3

══════════════════════════════════════════════════════════════════════
  TURN 42 — 3180 B.C. (13ms)
══════════════════════════════════════════════════════════════════════
  [Civ 1] Romans (despotism): 1 cities, 1 units, 70g, 12 techs, researching Trade (8/28)
    Rome: size=4, prod=Wonder39 (102sh), bldgs=Palace
    Units: 1x Warriors
  [Civ 2] Babylonians (despotism): 2 cities, 6 units, 208g, 14 techs, researching Astronomy (8/67)
    Babylon: size=3, prod=building:8 (16sh), bldgs=Palace
    Sumer: size=2, prod=Settlers (8sh)
    Units: 1x Warriors, 1x Archers, 2x Legion, 2x Catapult
  [Civ 3] Germans (despotism): 1 cities, 2 units, 65g, 12 techs, researching Bridge Building (20/28)
    Berlin: size=3, prod=Wonder45 (119sh), bldgs=Palace
    Units: 2x Warriors
  [Civ 4] Egyptians (despotism): 1 cities, 5 units, 110g, 12 techs, researching The Wheel (6/28)
    Thebes: size=3, prod=Wonder41 (81sh), bldgs=Palace
    Units: 2x Warriors, 2x Horsemen, 1x Legion
  [Civ 1] Romans turn: 1 actions — ADJUST_ATTITUDE(1)
    ADJUST_ATTITUDE target=civ3

══════════════════════════════════════════════════════════════════════
  TURN 43 — 3160 B.C. (12ms)
══════════════════════════════════════════════════════════════════════
  [Civ 1] Romans (despotism): 1 cities, 1 units, 72g, 12 techs, researching Trade (12/28)
    Rome: size=4, prod=Wonder39 (106sh), bldgs=Palace
    Units: 1x Warriors
  [Civ 2] Babylonians (despotism): 2 cities, 6 units, 212g, 14 techs, researching Astronomy (16/67)
    Babylon: size=3, prod=building:8 (20sh), bldgs=Palace
    Sumer: size=2, prod=Settlers (12sh)
    Units: 1x Warriors, 1x Archers, 2x Legion, 2x Catapult
  [Civ 3] Germans (despotism): 1 cities, 2 units, 67g, 12 techs, researching Bridge Building (24/28)
    Berlin: size=3, prod=Wonder45 (123sh), bldgs=Palace
    Units: 2x Warriors
  [Civ 4] Egyptians (despotism): 1 cities, 5 units, 112g, 12 techs, researching The Wheel (9/28)
    Thebes: size=3, prod=Wonder41 (84sh), bldgs=Palace
    Units: 2x Warriors, 2x Horsemen, 1x Legion
  [Civ 1] Romans turn: 1 actions — ADJUST_ATTITUDE(1)
    ADJUST_ATTITUDE target=civ3
    END_TURN REJECTED: 1 units still need orders
      #27 Horsemen(Atk) @(11,63) mv=6 ord=none hp=full
    SET_RESEARCH tech=Seafaring

══════════════════════════════════════════════════════════════════════
  TURN 44 — 3140 B.C. (15ms)
══════════════════════════════════════════════════════════════════════
  [Civ 1] Romans (despotism): 1 cities, 1 units, 74g, 12 techs, researching Trade (16/28)
    Rome: size=4, prod=Wonder39 (110sh), bldgs=Palace
    Units: 1x Warriors
  [Civ 2] Babylonians (despotism): 2 cities, 7 units, 216g, 14 techs, researching Astronomy (24/67)
    Babylon: size=3, prod=building:8 (24sh), bldgs=Palace
    Sumer: size=2, prod=Settlers (16sh)
    Units: 1x Warriors, 1x Archers, 2x Legion, 2x Catapult, 1x Horsemen
  [Civ 3] Germans (despotism): 1 cities, 2 units, 67g, 13 techs, researching Seafaring (0/31)
    Berlin: size=3, prod=Wonder45 (127sh), bldgs=Palace
    Units: 2x Warriors
  [Civ 4] Egyptians (despotism): 1 cities, 5 units, 114g, 12 techs, researching The Wheel (12/28)
    Thebes: size=3, prod=Wonder41 (87sh), bldgs=Palace
    Units: 2x Warriors, 2x Horsemen, 1x Legion
  [Civ 1] Romans turn: 1 actions — ADJUST_ATTITUDE(1)
    ADJUST_ATTITUDE target=civ3

══════════════════════════════════════════════════════════════════════
  TURN 45 — 3120 B.C. (20ms)
══════════════════════════════════════════════════════════════════════
  [Civ 1] Romans (despotism): 1 cities, 1 units, 76g, 12 techs, researching Trade (20/28)
    Rome: size=4, prod=Wonder39 (114sh), bldgs=Palace
    Units: 1x Warriors
  [Civ 2] Babylonians (despotism): 2 cities, 7 units, 220g, 14 techs, researching Astronomy (32/67)
    Babylon: size=3, prod=building:8 (28sh), bldgs=Palace
    Sumer: size=2, prod=Settlers (20sh)
    Units: 1x Warriors, 1x Archers, 2x Legion, 2x Catapult, 1x Horsemen
  [Civ 3] Germans (despotism): 1 cities, 2 units, 69g, 13 techs, researching Seafaring (4/31)
    Berlin: size=3, prod=Wonder45 (131sh), bldgs=Palace
    Units: 2x Warriors
  [Civ 4] Egyptians (despotism): 1 cities, 5 units, 116g, 13 techs, researching The Wheel (15/31)
    Thebes: size=3, prod=Wonder41 (90sh), bldgs=Palace
    Units: 2x Warriors, 2x Horsemen, 1x Legion
  [Civ 1] Romans turn: 1 actions — ADJUST_ATTITUDE(1)
    ADJUST_ATTITUDE target=civ3
    RUSH_BUY city=4
    >>> Berlin grew to size 4
    >>> Thebes grew to size 4

══════════════════════════════════════════════════════════════════════
  TURN 46 — 3100 B.C. (17ms)
══════════════════════════════════════════════════════════════════════
  [Civ 1] Romans (despotism): 1 cities, 1 units, 78g, 12 techs, researching Trade (24/28)
    Rome: size=4, prod=Wonder39 (118sh), bldgs=Palace
    Units: 1x Warriors
  [Civ 2] Babylonians (despotism): 2 cities, 7 units, 180g, 15 techs, researching Astronomy (40/72)
    Babylon: size=3, prod=building:8 (32sh), bldgs=Palace
    Sumer: size=2, prod=Settlers (40sh)
    Units: 1x Warriors, 1x Archers, 2x Legion, 2x Catapult, 1x Horsemen
  [Civ 3] Germans (despotism): 1 cities, 2 units, 71g, 13 techs, researching Seafaring (9/31)
    Berlin: size=4, prod=Wonder45 (135sh), bldgs=Palace
    Units: 2x Warriors
  [Civ 4] Egyptians (despotism): 1 cities, 5 units, 118g, 13 techs, researching The Wheel (19/31)
    Thebes: size=4, prod=Wonder41 (93sh), bldgs=Palace
    Units: 2x Warriors, 2x Horsemen, 1x Legion
  [Civ 1] Romans turn: 1 actions — ADJUST_ATTITUDE(1)
    ADJUST_ATTITUDE target=civ3
    >>> Sumer built Settlers
    >>> Romans discovered: Trade

══════════════════════════════════════════════════════════════════════
  TURN 47 — 3080 B.C. (16ms)
══════════════════════════════════════════════════════════════════════
  [Civ 1] Romans (despotism): 1 cities, 1 units, 78g, 13 techs, researching none (0/31)
    Rome: size=4, prod=Wonder39 (122sh), bldgs=Palace
    Units: 1x Warriors
  [Civ 2] Babylonians (despotism): 2 cities, 8 units, 183g, 15 techs, researching Astronomy (46/72)
    Babylon: size=3, prod=building:8 (36sh), bldgs=Palace
    Sumer: size=1, prod=Settlers (4sh)
    Units: 1x Warriors, 1x Archers, 2x Legion, 2x Catapult, 1x Horsemen, 1x Settlers
  [Civ 3] Germans (despotism): 1 cities, 2 units, 73g, 13 techs, researching Seafaring (14/31)
    Berlin: size=4, prod=Wonder45 (140sh), bldgs=Palace
    Units: 2x Warriors
  [Civ 4] Egyptians (despotism): 1 cities, 5 units, 120g, 13 techs, researching The Wheel (23/31)
    Thebes: size=4, prod=Wonder41 (96sh), bldgs=Palace
    Units: 2x Warriors, 2x Horsemen, 1x Legion
  [Civ 1] Romans turn: 2 actions — SET_RESEARCH(1), ADJUST_ATTITUDE(1)
    SET_RESEARCH tech=Horseback Riding
    ADJUST_ATTITUDE target=civ3
    >>> Sumer grew to size 2
    >>> Rome grew to size 5

══════════════════════════════════════════════════════════════════════
  TURN 48 — 3060 B.C. (27ms)
══════════════════════════════════════════════════════════════════════
  [Civ 1] Romans (despotism): 1 cities, 1 units, 81g, 13 techs, researching Horseback Riding (4/31)
    Rome: size=5, prod=Wonder39 (126sh), bldgs=Palace
    Units: 1x Warriors
  [Civ 2] Babylonians (despotism): 2 cities, 8 units, 187g, 15 techs, researching Astronomy (54/72)
    Babylon: size=3, prod=building:8 (40sh), bldgs=Palace
    Sumer: size=2, prod=Settlers (5sh)
    Units: 1x Warriors, 1x Archers, 2x Legion, 2x Catapult, 1x Horsemen, 1x Settlers
  [Civ 3] Germans (despotism): 1 cities, 2 units, 75g, 13 techs, researching Seafaring (19/31)
    Berlin: size=4, prod=Wonder45 (145sh), bldgs=Palace
    Units: 2x Warriors
  [Civ 4] Egyptians (despotism): 1 cities, 5 units, 122g, 13 techs, researching The Wheel (27/31)
    Thebes: size=4, prod=Wonder41 (99sh), bldgs=Palace
    Units: 2x Warriors, 2x Horsemen, 1x Legion
  [Civ 1] Romans turn: 1 actions — ADJUST_ATTITUDE(1)
    ADJUST_ATTITUDE target=civ3
    >>> Egyptians discovered: The Wheel
    SET_RESEARCH tech=Trade

══════════════════════════════════════════════════════════════════════
  TURN 49 — 3040 B.C. (7ms)
══════════════════════════════════════════════════════════════════════
  [Civ 1] Romans (despotism): 1 cities, 1 units, 84g, 13 techs, researching Horseback Riding (8/31)
    Rome: size=5, prod=Wonder39 (131sh), bldgs=Palace
    Units: 1x Warriors
  [Civ 2] Babylonians (despotism): 2 cities, 8 units, 191g, 15 techs, researching Astronomy (62/72)
    Babylon: size=3, prod=building:8 (44sh), bldgs=Palace
    Sumer: size=2, prod=Settlers (8sh)
    Units: 1x Warriors, 1x Archers, 2x Legion, 2x Catapult, 1x Horsemen, 1x Settlers
  [Civ 3] Germans (despotism): 1 cities, 2 units, 77g, 13 techs, researching Seafaring (24/31)
    Berlin: size=4, prod=Wonder45 (150sh), bldgs=Palace
    Units: 2x Warriors
  [Civ 4] Egyptians (despotism): 1 cities, 5 units, 122g, 14 techs, researching Trade (0/33)
    Thebes: size=4, prod=Wonder41 (102sh), bldgs=Palace
    Units: 2x Warriors, 2x Horsemen, 1x Legion
  [Civ 1] Romans turn: 1 actions — ADJUST_ATTITUDE(1)
    ADJUST_ATTITUDE target=civ3

══════════════════════════════════════════════════════════════════════
  FINAL SUMMARY
══════════════════════════════════════════════════════════════════════
Game ended at turn 50 (3020 B.C.)

── Civ 1: Romans (despotism) ALIVE ──
  Cities: 1 (peak 1, founded 1)
  Units:  1 (peak 2)
  Treasury: 87g
  Techs discovered: 4 — Iron Working, Construction, Bridge Building, Trade
  Actions: 97 total, 2 idle turns
  Breakdown: UNIT_ORDER(35), MOVE_UNIT(32), ADJUST_ATTITUDE(19), SET_RESEARCH(7), CHANGE_RATES(1), BUILD_CITY(1), CHANGE_PRODUCTION(1), PROPOSE_TREATY(1)
  Army: 1x Warriors
  Rome: size=5, shields=136

── Civ 2: Babylonians (despotism) ALIVE ──
  Cities: 2 (peak 2, founded 2)
  Units:  8 (peak 8)
  Treasury: 195g
  Techs discovered: 6 — Iron Working, Code of Laws, Writing, Mathematics, Mysticism, Literacy
  Actions: 213 total, 2 idle turns
  Breakdown: UNIT_ORDER(95), MOVE_UNIT(94), SET_RESEARCH(9), CHANGE_PRODUCTION(8), ADJUST_ATTITUDE(3), BUILD_CITY(2), CHANGE_RATES(1), RUSH_BUY(1)
  Army: 1x Warriors, 1x Archers, 2x Legion, 2x Catapult, 1x Horsemen, 1x Settlers
  Babylon: size=3, shields=48
  Sumer: size=2, shields=11

── Civ 3: Germans (despotism) ALIVE ──
  Cities: 1 (peak 1, founded 1)
  Units:  2 (peak 2)
  Treasury: 79g
  Techs discovered: 4 — Code of Laws, Map Making, Currency, Construction
  Actions: 129 total, 0 idle turns
  Breakdown: UNIT_ORDER(55), MOVE_UNIT(50), ADJUST_ATTITUDE(14), SET_RESEARCH(6), CHANGE_RATES(1), BUILD_CITY(1), CHANGE_PRODUCTION(1), RESPOND_TREATY(1)
  Army: 2x Warriors
  Berlin: size=4, shields=155

── Civ 4: Egyptians (despotism) ALIVE ──
  Cities: 1 (peak 1, founded 1)
  Units:  5 (peak 5)
  Treasury: 124g
  Techs discovered: 5 — Map Making, Ceremonial Burial, Currency, Mysticism, The Wheel
  Actions: 285 total, 0 idle turns
  Breakdown: UNIT_ORDER(137), MOVE_UNIT(135), SET_RESEARCH(6), ADJUST_ATTITUDE(3), CHANGE_PRODUCTION(2), CHANGE_RATES(1), BUILD_CITY(1)
  Army: 2x Warriors, 2x Horsemen, 1x Legion
  Thebes: size=4, shields=105


══════════════════════════════════════════════════════════════════════
  AI BEHAVIOR ANALYSIS
══════════════════════════════════════════════════════════════════════
[Civ 1] Romans:
  WARNING: Only 1 city after 30+ turns

[Civ 2] Babylonians:
  WARNING: 1 units stuck (busy orders outside city)

[Civ 3] Germans:
  WARNING: Only 1 city after 30+ turns

[Civ 4] Egyptians:
  WARNING: Only 1 city after 30+ turns

