Charlization AI Headless Simulation
Date: 2026-03-16T23:24:00.482Z
Settings: 50 turns, 4 AI players, 50x80 map, difficulty=prince
Map seed: 47557
Map generated in 88ms
Game initialized: 4 civs, 8 starting units
  Civ 1 (Romans): starts at (5,15) on Grassland
  Civ 2 (Babylonians): starts at (41,71) on Plains
  Civ 3 (Germans): starts at (5,43) on Grassland
  Civ 4 (Egyptians): starts at (17,69) on Forest
    SET_RESEARCH tech=Bronze Working
    CHANGE_RATES sci=6 tax=4 lux=undefined
    BUILD_CITY unit=0 name="Rome"
    1 actions REJECTED (of 6)
    SET_RESEARCH tech=Horseback Riding
    CHANGE_RATES sci=6 tax=4 lux=undefined
    BUILD_CITY unit=2 name="Babylon"
    1 actions REJECTED (of 6)
    SET_RESEARCH tech=Alphabet
    CHANGE_RATES sci=6 tax=4 lux=undefined
    BUILD_CITY unit=4 name="Berlin"
    1 actions REJECTED (of 6)
    SET_RESEARCH tech=Map Making
    CHANGE_RATES sci=6 tax=4 lux=undefined
    BUILD_CITY unit=6 name="Thebes"
    1 actions REJECTED (of 6)

══════════════════════════════════════════════════════════════════════
  TURN 1 — 4000 B.C. (32ms)
══════════════════════════════════════════════════════════════════════
  [Civ 1] Romans (despotism): 1 cities, 1 units, 1g, 3 techs, researching Bronze Working (2/28)
    Rome: size=1, prod=Warriors (2sh), bldgs=Palace
    Units: 1x Warriors
  [Civ 2] Babylonians (despotism): 1 cities, 1 units, 0g, 3 techs, researching Horseback Riding (0/28)
    Babylon: size=1, prod=Warriors (0sh), bldgs=Palace
    Units: 1x Warriors
  [Civ 3] Germans (despotism): 1 cities, 1 units, 0g, 3 techs, researching Alphabet (0/28)
    Berlin: size=1, prod=Warriors (0sh), bldgs=Palace
    Units: 1x Warriors
  [Civ 4] Egyptians (despotism): 1 cities, 1 units, 0g, 3 techs, researching Map Making (0/28)
    Thebes: size=1, prod=Warriors (0sh), bldgs=Palace
    Units: 1x Warriors
  [Civ 1] Romans turn: 3 actions — CHANGE_PRODUCTION(1), MOVE_UNIT(1), UNIT_ORDER(1)
    CHANGE_PRODUCTION city=0
    CHANGE_PRODUCTION city=1
    CHANGE_PRODUCTION city=2
    CHANGE_PRODUCTION city=3

══════════════════════════════════════════════════════════════════════
  TURN 2 — 3980 B.C. (16ms)
══════════════════════════════════════════════════════════════════════
  [Civ 1] Romans (despotism): 1 cities, 1 units, 2g, 5 techs, researching Bronze Working (4/36)
    Rome: size=1, prod=Wonder39 (2sh), bldgs=Palace
    Units: 1x Warriors
  [Civ 2] Babylonians (despotism): 1 cities, 1 units, 1g, 4 techs, researching Horseback Riding (2/33)
    Babylon: size=1, prod=building:3 (0sh), bldgs=Palace
    Units: 1x Warriors
  [Civ 3] Germans (despotism): 1 cities, 1 units, 1g, 4 techs, researching Alphabet (2/33)
    Berlin: size=1, prod=building:3 (0sh), bldgs=Palace
    Units: 1x Warriors
  [Civ 4] Egyptians (despotism): 1 cities, 1 units, 1g, 5 techs, researching Map Making (1/36)
    Thebes: size=1, prod=Wonder40 (0sh), bldgs=Palace
    Units: 1x Warriors
  [Civ 1] Romans turn: 3 actions — SET_RESEARCH(1), MOVE_UNIT(1), UNIT_ORDER(1)
    SET_RESEARCH tech=Iron Working

══════════════════════════════════════════════════════════════════════
  TURN 3 — 3960 B.C. (6ms)
══════════════════════════════════════════════════════════════════════
  [Civ 1] Romans (despotism): 1 cities, 1 units, 3g, 5 techs, researching Iron Working (6/36)
    Rome: size=1, prod=Wonder39 (4sh), bldgs=Palace
    Units: 1x Warriors
  [Civ 2] Babylonians (despotism): 1 cities, 1 units, 2g, 4 techs, researching Horseback Riding (4/33)
    Babylon: size=1, prod=building:3 (3sh), bldgs=Palace
    Units: 1x Warriors
  [Civ 3] Germans (despotism): 1 cities, 1 units, 2g, 4 techs, researching Alphabet (4/33)
    Berlin: size=1, prod=building:3 (2sh), bldgs=Palace
    Units: 1x Warriors
  [Civ 4] Egyptians (despotism): 1 cities, 1 units, 2g, 5 techs, researching Map Making (2/36)
    Thebes: size=1, prod=Wonder40 (4sh), bldgs=Palace
    Units: 1x Warriors
  [Civ 1] Romans turn: 2 actions — MOVE_UNIT(1), UNIT_ORDER(1)

══════════════════════════════════════════════════════════════════════
  TURN 4 — 3940 B.C. (5ms)
══════════════════════════════════════════════════════════════════════
  [Civ 1] Romans (despotism): 1 cities, 1 units, 4g, 5 techs, researching Iron Working (8/36)
    Rome: size=1, prod=Wonder39 (6sh), bldgs=Palace
    Units: 1x Warriors
  [Civ 2] Babylonians (despotism): 1 cities, 1 units, 3g, 5 techs, researching Horseback Riding (6/36)
    Babylon: size=1, prod=building:3 (6sh), bldgs=Palace
    Units: 1x Warriors
  [Civ 3] Germans (despotism): 1 cities, 1 units, 3g, 4 techs, researching Alphabet (6/33)
    Berlin: size=1, prod=building:3 (4sh), bldgs=Palace
    Units: 1x Warriors
  [Civ 4] Egyptians (despotism): 1 cities, 1 units, 3g, 5 techs, researching Map Making (3/36)
    Thebes: size=1, prod=Wonder40 (8sh), bldgs=Palace
    Units: 1x Warriors
  [Civ 1] Romans turn: 2 actions — MOVE_UNIT(1), UNIT_ORDER(1)

══════════════════════════════════════════════════════════════════════
  TURN 5 — 3920 B.C. (4ms)
══════════════════════════════════════════════════════════════════════
  [Civ 1] Romans (despotism): 1 cities, 1 units, 5g, 5 techs, researching Iron Working (10/36)
    Rome: size=1, prod=Wonder39 (8sh), bldgs=Palace
    Units: 1x Warriors
  [Civ 2] Babylonians (despotism): 1 cities, 1 units, 4g, 5 techs, researching Horseback Riding (8/36)
    Babylon: size=1, prod=building:3 (9sh), bldgs=Palace
    Units: 1x Warriors
  [Civ 3] Germans (despotism): 1 cities, 1 units, 4g, 4 techs, researching Alphabet (8/33)
    Berlin: size=1, prod=building:3 (6sh), bldgs=Palace
    Units: 1x Warriors
  [Civ 4] Egyptians (despotism): 1 cities, 1 units, 4g, 5 techs, researching Map Making (4/36)
    Thebes: size=1, prod=Wonder40 (12sh), bldgs=Palace
    Units: 1x Warriors
  [Civ 1] Romans turn: 2 actions — MOVE_UNIT(1), UNIT_ORDER(1)

══════════════════════════════════════════════════════════════════════
  TURN 6 — 3900 B.C. (4ms)
══════════════════════════════════════════════════════════════════════
  [Civ 1] Romans (despotism): 1 cities, 1 units, 6g, 5 techs, researching Iron Working (12/36)
    Rome: size=1, prod=Wonder39 (10sh), bldgs=Palace
    Units: 1x Warriors
  [Civ 2] Babylonians (despotism): 1 cities, 1 units, 5g, 5 techs, researching Horseback Riding (10/36)
    Babylon: size=1, prod=building:3 (12sh), bldgs=Palace
    Units: 1x Warriors
  [Civ 3] Germans (despotism): 1 cities, 1 units, 5g, 4 techs, researching Alphabet (10/33)
    Berlin: size=1, prod=building:3 (8sh), bldgs=Palace
    Units: 1x Warriors
  [Civ 4] Egyptians (despotism): 1 cities, 1 units, 5g, 5 techs, researching Map Making (5/36)
    Thebes: size=1, prod=Wonder40 (16sh), bldgs=Palace
    Units: 1x Warriors
  [Civ 1] Romans turn: 2 actions — MOVE_UNIT(1), UNIT_ORDER(1)

══════════════════════════════════════════════════════════════════════
  TURN 7 — 3880 B.C. (4ms)
══════════════════════════════════════════════════════════════════════
  [Civ 1] Romans (despotism): 1 cities, 1 units, 7g, 5 techs, researching Iron Working (14/36)
    Rome: size=1, prod=Wonder39 (12sh), bldgs=Palace
    Units: 1x Warriors
  [Civ 2] Babylonians (despotism): 1 cities, 1 units, 6g, 5 techs, researching Horseback Riding (12/36)
    Babylon: size=1, prod=building:3 (15sh), bldgs=Palace
    Units: 1x Warriors
  [Civ 3] Germans (despotism): 1 cities, 1 units, 6g, 4 techs, researching Alphabet (12/33)
    Berlin: size=1, prod=building:3 (10sh), bldgs=Palace
    Units: 1x Warriors
  [Civ 4] Egyptians (despotism): 1 cities, 1 units, 6g, 5 techs, researching Map Making (6/36)
    Thebes: size=1, prod=Wonder40 (20sh), bldgs=Palace
    Units: 1x Warriors
  [Civ 1] Romans turn: 2 actions — MOVE_UNIT(1), UNIT_ORDER(1)

══════════════════════════════════════════════════════════════════════
  TURN 8 — 3860 B.C. (4ms)
══════════════════════════════════════════════════════════════════════
  [Civ 1] Romans (despotism): 1 cities, 1 units, 8g, 5 techs, researching Iron Working (16/36)
    Rome: size=1, prod=Wonder39 (14sh), bldgs=Palace
    Units: 1x Warriors
  [Civ 2] Babylonians (despotism): 1 cities, 1 units, 7g, 5 techs, researching Horseback Riding (14/36)
    Babylon: size=1, prod=building:3 (18sh), bldgs=Palace
    Units: 1x Warriors
  [Civ 3] Germans (despotism): 1 cities, 1 units, 7g, 4 techs, researching Alphabet (14/33)
    Berlin: size=1, prod=building:3 (12sh), bldgs=Palace
    Units: 1x Warriors
  [Civ 4] Egyptians (despotism): 1 cities, 1 units, 7g, 5 techs, researching Map Making (7/36)
    Thebes: size=1, prod=Wonder40 (24sh), bldgs=Palace
    Units: 1x Warriors
  [Civ 1] Romans turn: 2 actions — MOVE_UNIT(1), UNIT_ORDER(1)

══════════════════════════════════════════════════════════════════════
  TURN 9 — 3840 B.C. (5ms)
══════════════════════════════════════════════════════════════════════
  [Civ 1] Romans (despotism): 1 cities, 1 units, 9g, 5 techs, researching Iron Working (18/36)
    Rome: size=1, prod=Wonder39 (16sh), bldgs=Palace
    Units: 1x Warriors
  [Civ 2] Babylonians (despotism): 1 cities, 1 units, 8g, 5 techs, researching Horseback Riding (16/36)
    Babylon: size=1, prod=building:3 (21sh), bldgs=Palace
    Units: 1x Warriors
  [Civ 3] Germans (despotism): 1 cities, 1 units, 8g, 4 techs, researching Alphabet (16/33)
    Berlin: size=1, prod=building:3 (14sh), bldgs=Palace
    Units: 1x Warriors
  [Civ 4] Egyptians (despotism): 1 cities, 1 units, 8g, 5 techs, researching Map Making (8/36)
    Thebes: size=1, prod=Wonder40 (28sh), bldgs=Palace
    Units: 1x Warriors
  [Civ 1] Romans turn: 2 actions — MOVE_UNIT(1), UNIT_ORDER(1)
    >>> Rome grew to size 2

══════════════════════════════════════════════════════════════════════
  TURN 10 — 3820 B.C. (4ms)
══════════════════════════════════════════════════════════════════════
  [Civ 1] Romans (despotism): 1 cities, 1 units, 11g, 5 techs, researching Iron Working (20/36)
    Rome: size=2, prod=Wonder39 (18sh), bldgs=Palace
    Units: 1x Warriors
  [Civ 2] Babylonians (despotism): 1 cities, 1 units, 9g, 5 techs, researching Horseback Riding (18/36)
    Babylon: size=1, prod=building:3 (24sh), bldgs=Palace
    Units: 1x Warriors
  [Civ 3] Germans (despotism): 1 cities, 1 units, 9g, 4 techs, researching Alphabet (18/33)
    Berlin: size=1, prod=building:3 (16sh), bldgs=Palace
    Units: 1x Warriors
  [Civ 4] Egyptians (despotism): 1 cities, 1 units, 9g, 5 techs, researching Map Making (9/36)
    Thebes: size=1, prod=Wonder40 (32sh), bldgs=Palace
    Units: 1x Warriors
  [Civ 1] Romans turn: 2 actions — MOVE_UNIT(1), UNIT_ORDER(1)
    >>> Berlin grew to size 2

══════════════════════════════════════════════════════════════════════
  TURN 11 — 3800 B.C. (4ms)
══════════════════════════════════════════════════════════════════════
  [Civ 1] Romans (despotism): 1 cities, 1 units, 13g, 5 techs, researching Iron Working (22/36)
    Rome: size=2, prod=Wonder39 (21sh), bldgs=Palace
    Units: 1x Warriors
  [Civ 2] Babylonians (despotism): 1 cities, 1 units, 10g, 5 techs, researching Horseback Riding (20/36)
    Babylon: size=1, prod=building:3 (27sh), bldgs=Palace
    Units: 1x Warriors
  [Civ 3] Germans (despotism): 1 cities, 1 units, 11g, 4 techs, researching Alphabet (20/33)
    Berlin: size=2, prod=building:3 (18sh), bldgs=Palace
    Units: 1x Warriors
  [Civ 4] Egyptians (despotism): 1 cities, 1 units, 10g, 5 techs, researching Map Making (10/36)
    Thebes: size=1, prod=Wonder40 (36sh), bldgs=Palace
    Units: 1x Warriors
  [Civ 1] Romans turn: 2 actions — MOVE_UNIT(1), UNIT_ORDER(1)

══════════════════════════════════════════════════════════════════════
  TURN 12 — 3780 B.C. (4ms)
══════════════════════════════════════════════════════════════════════
  [Civ 1] Romans (despotism): 1 cities, 1 units, 15g, 5 techs, researching Iron Working (24/36)
    Rome: size=2, prod=Wonder39 (24sh), bldgs=Palace
    Units: 1x Warriors
  [Civ 2] Babylonians (despotism): 1 cities, 1 units, 11g, 5 techs, researching Horseback Riding (22/36)
    Babylon: size=1, prod=building:3 (30sh), bldgs=Palace
    Units: 1x Warriors
  [Civ 3] Germans (despotism): 1 cities, 1 units, 13g, 4 techs, researching Alphabet (22/33)
    Berlin: size=2, prod=building:3 (20sh), bldgs=Palace
    Units: 1x Warriors
  [Civ 4] Egyptians (despotism): 1 cities, 1 units, 11g, 5 techs, researching Map Making (11/36)
    Thebes: size=1, prod=Wonder40 (40sh), bldgs=Palace
    Units: 1x Warriors
  [Civ 1] Romans turn: 2 actions — MOVE_UNIT(1), UNIT_ORDER(1)

══════════════════════════════════════════════════════════════════════
  TURN 13 — 3760 B.C. (4ms)
══════════════════════════════════════════════════════════════════════
  [Civ 1] Romans (despotism): 1 cities, 1 units, 17g, 5 techs, researching Iron Working (26/36)
    Rome: size=2, prod=Wonder39 (27sh), bldgs=Palace
    Units: 1x Warriors
  [Civ 2] Babylonians (despotism): 1 cities, 1 units, 12g, 5 techs, researching Horseback Riding (24/36)
    Babylon: size=1, prod=building:3 (33sh), bldgs=Palace
    Units: 1x Warriors
  [Civ 3] Germans (despotism): 1 cities, 1 units, 15g, 4 techs, researching Alphabet (24/33)
    Berlin: size=2, prod=building:3 (22sh), bldgs=Palace
    Units: 1x Warriors
  [Civ 4] Egyptians (despotism): 1 cities, 1 units, 12g, 5 techs, researching Map Making (12/36)
    Thebes: size=1, prod=Wonder40 (44sh), bldgs=Palace
    Units: 1x Warriors
  [Civ 1] Romans turn: 2 actions — MOVE_UNIT(1), UNIT_ORDER(1)

══════════════════════════════════════════════════════════════════════
  TURN 14 — 3740 B.C. (4ms)
══════════════════════════════════════════════════════════════════════
  [Civ 1] Romans (despotism): 1 cities, 1 units, 19g, 5 techs, researching Iron Working (28/36)
    Rome: size=2, prod=Wonder39 (30sh), bldgs=Palace
    Units: 1x Warriors
  [Civ 2] Babylonians (despotism): 1 cities, 1 units, 13g, 5 techs, researching Horseback Riding (26/36)
    Babylon: size=1, prod=building:3 (36sh), bldgs=Palace
    Units: 1x Warriors
  [Civ 3] Germans (despotism): 1 cities, 1 units, 17g, 4 techs, researching Alphabet (26/33)
    Berlin: size=2, prod=building:3 (24sh), bldgs=Palace
    Units: 1x Warriors
  [Civ 4] Egyptians (despotism): 1 cities, 1 units, 13g, 5 techs, researching Map Making (13/36)
    Thebes: size=1, prod=Wonder40 (48sh), bldgs=Palace
    Units: 1x Warriors
  [Civ 1] Romans turn: 2 actions — MOVE_UNIT(1), UNIT_ORDER(1)

══════════════════════════════════════════════════════════════════════
  TURN 15 — 3720 B.C. (4ms)
══════════════════════════════════════════════════════════════════════
  [Civ 1] Romans (despotism): 1 cities, 1 units, 21g, 5 techs, researching Iron Working (30/36)
    Rome: size=2, prod=Wonder39 (33sh), bldgs=Palace
    Units: 1x Warriors
  [Civ 2] Babylonians (despotism): 1 cities, 1 units, 14g, 5 techs, researching Horseback Riding (28/36)
    Babylon: size=1, prod=building:3 (39sh), bldgs=Palace
    Units: 1x Warriors
  [Civ 3] Germans (despotism): 1 cities, 1 units, 19g, 4 techs, researching Alphabet (28/33)
    Berlin: size=2, prod=building:3 (26sh), bldgs=Palace
    Units: 1x Warriors
  [Civ 4] Egyptians (despotism): 1 cities, 1 units, 14g, 5 techs, researching Map Making (14/36)
    Thebes: size=1, prod=Wonder40 (52sh), bldgs=Palace
    Units: 1x Warriors
  [Civ 1] Romans turn: 2 actions — MOVE_UNIT(1), UNIT_ORDER(1)

══════════════════════════════════════════════════════════════════════
  TURN 16 — 3700 B.C. (5ms)
══════════════════════════════════════════════════════════════════════
  [Civ 1] Romans (despotism): 1 cities, 1 units, 23g, 5 techs, researching Iron Working (32/36)
    Rome: size=2, prod=Wonder39 (36sh), bldgs=Palace
    Units: 1x Warriors
  [Civ 2] Babylonians (despotism): 1 cities, 1 units, 15g, 5 techs, researching Horseback Riding (30/36)
    Babylon: size=1, prod=building:3 (42sh), bldgs=Palace
    Units: 1x Warriors
  [Civ 3] Germans (despotism): 1 cities, 1 units, 21g, 4 techs, researching Alphabet (30/33)
    Berlin: size=2, prod=building:3 (28sh), bldgs=Palace
    Units: 1x Warriors
  [Civ 4] Egyptians (despotism): 1 cities, 1 units, 15g, 5 techs, researching Map Making (15/36)
    Thebes: size=1, prod=Wonder40 (56sh), bldgs=Palace
    Units: 1x Warriors
  [Civ 1] Romans turn: 2 actions — MOVE_UNIT(1), UNIT_ORDER(1)

══════════════════════════════════════════════════════════════════════
  TURN 17 — 3680 B.C. (5ms)
══════════════════════════════════════════════════════════════════════
  [Civ 1] Romans (despotism): 1 cities, 1 units, 25g, 5 techs, researching Iron Working (34/36)
    Rome: size=2, prod=Wonder39 (39sh), bldgs=Palace
    Units: 1x Warriors
  [Civ 2] Babylonians (despotism): 1 cities, 1 units, 16g, 5 techs, researching Horseback Riding (32/36)
    Babylon: size=1, prod=building:3 (45sh), bldgs=Palace
    Units: 1x Warriors
  [Civ 3] Germans (despotism): 1 cities, 1 units, 23g, 4 techs, researching Alphabet (32/33)
    Berlin: size=2, prod=building:3 (30sh), bldgs=Palace
    Units: 1x Warriors
  [Civ 4] Egyptians (despotism): 1 cities, 1 units, 16g, 5 techs, researching Map Making (16/36)
    Thebes: size=1, prod=Wonder40 (60sh), bldgs=Palace
    Units: 1x Warriors
  [Civ 1] Romans turn: 2 actions — MOVE_UNIT(1), UNIT_ORDER(1)
    >>> Germans discovered: Alphabet
    SET_RESEARCH tech=Code of Laws
    >>> Romans discovered: Iron Working

══════════════════════════════════════════════════════════════════════
  TURN 18 — 3660 B.C. (13ms)
══════════════════════════════════════════════════════════════════════
  [Civ 1] Romans (despotism): 1 cities, 1 units, 25g, 6 techs, researching none (0/36)
    Rome: size=2, prod=Wonder39 (42sh), bldgs=Palace
    Units: 1x Warriors
  [Civ 2] Babylonians (despotism): 1 cities, 1 units, 17g, 5 techs, researching Horseback Riding (34/36)
    Babylon: size=1, prod=building:3 (48sh), bldgs=Palace
    Units: 1x Warriors
  [Civ 3] Germans (despotism): 1 cities, 1 units, 23g, 5 techs, researching Code of Laws (0/36)
    Berlin: size=2, prod=building:3 (32sh), bldgs=Palace
    Units: 1x Warriors
  [Civ 4] Egyptians (despotism): 1 cities, 1 units, 17g, 5 techs, researching Map Making (17/36)
    Thebes: size=1, prod=Wonder40 (64sh), bldgs=Palace
    Units: 1x Warriors
  [Civ 1] Romans turn: 3 actions — SET_RESEARCH(1), MOVE_UNIT(1), UNIT_ORDER(1)
    SET_RESEARCH tech=Currency
    >>> Babylonians discovered: Horseback Riding
    SET_RESEARCH tech=Alphabet

══════════════════════════════════════════════════════════════════════
  TURN 19 — 3640 B.C. (4ms)
══════════════════════════════════════════════════════════════════════
  [Civ 1] Romans (despotism): 1 cities, 1 units, 27g, 7 techs, researching Currency (2/33)
    Rome: size=2, prod=Wonder39 (45sh), bldgs=Palace
    Units: 1x Warriors
  [Civ 2] Babylonians (despotism): 1 cities, 1 units, 17g, 6 techs, researching Alphabet (0/36)
    Babylon: size=1, prod=building:3 (51sh), bldgs=Palace
    Units: 1x Warriors
  [Civ 3] Germans (despotism): 1 cities, 1 units, 25g, 5 techs, researching Code of Laws (2/36)
    Berlin: size=2, prod=building:3 (34sh), bldgs=Palace
    Units: 1x Warriors
  [Civ 4] Egyptians (despotism): 1 cities, 1 units, 18g, 5 techs, researching Map Making (18/36)
    Thebes: size=1, prod=Wonder40 (68sh), bldgs=Palace
    Units: 1x Warriors
  [Civ 1] Romans turn: 2 actions — MOVE_UNIT(1), UNIT_ORDER(1)
    SET_RESEARCH tech=Code of Laws

══════════════════════════════════════════════════════════════════════
  TURN 20 — 3620 B.C. (4ms)
══════════════════════════════════════════════════════════════════════
  [Civ 1] Romans (despotism): 1 cities, 1 units, 29g, 7 techs, researching Currency (4/33)
    Rome: size=2, prod=Wonder39 (48sh), bldgs=Palace
    Units: 1x Warriors
  [Civ 2] Babylonians (despotism): 1 cities, 1 units, 18g, 7 techs, researching Code of Laws (2/33)
    Babylon: size=1, prod=building:3 (54sh), bldgs=Palace
    Units: 1x Warriors
  [Civ 3] Germans (despotism): 1 cities, 1 units, 27g, 5 techs, researching Code of Laws (4/36)
    Berlin: size=2, prod=building:3 (36sh), bldgs=Palace
    Units: 1x Warriors
  [Civ 4] Egyptians (despotism): 1 cities, 1 units, 19g, 5 techs, researching Map Making (19/36)
    Thebes: size=1, prod=Wonder40 (72sh), bldgs=Palace
    Units: 1x Warriors
  [Civ 1] Romans turn: 2 actions — MOVE_UNIT(1), UNIT_ORDER(1)
    >>> Babylon grew to size 2

══════════════════════════════════════════════════════════════════════
  TURN 21 — 3600 B.C. (3ms)
══════════════════════════════════════════════════════════════════════
  [Civ 1] Romans (despotism): 1 cities, 1 units, 31g, 7 techs, researching Currency (6/33)
    Rome: size=2, prod=Wonder39 (51sh), bldgs=Palace
    Units: 1x Warriors
  [Civ 2] Babylonians (despotism): 1 cities, 1 units, 19g, 7 techs, researching Code of Laws (4/33)
    Babylon: size=2, prod=building:3 (57sh), bldgs=Palace
    Units: 1x Warriors
  [Civ 3] Germans (despotism): 1 cities, 1 units, 29g, 5 techs, researching Code of Laws (6/36)
    Berlin: size=2, prod=building:3 (38sh), bldgs=Palace
    Units: 1x Warriors
  [Civ 4] Egyptians (despotism): 1 cities, 1 units, 20g, 5 techs, researching Map Making (20/36)
    Thebes: size=1, prod=Wonder40 (76sh), bldgs=Palace
    Units: 1x Warriors
  [Civ 1] Romans turn: 2 actions — MOVE_UNIT(1), UNIT_ORDER(1)
    >>> Babylon built building:3
    CHANGE_PRODUCTION city=1

══════════════════════════════════════════════════════════════════════
  TURN 22 — 3580 B.C. (5ms)
══════════════════════════════════════════════════════════════════════
  [Civ 1] Romans (despotism): 1 cities, 1 units, 33g, 7 techs, researching Currency (8/33)
    Rome: size=2, prod=Wonder39 (54sh), bldgs=Palace
    Units: 1x Warriors
  [Civ 2] Babylonians (despotism): 1 cities, 1 units, 19g, 7 techs, researching Code of Laws (6/33)
    Babylon: size=2, prod=Settlers (0sh), bldgs=Palace, Granary
    Units: 1x Warriors
  [Civ 3] Germans (despotism): 1 cities, 1 units, 31g, 5 techs, researching Code of Laws (8/36)
    Berlin: size=2, prod=building:3 (40sh), bldgs=Palace
    Units: 1x Warriors
  [Civ 4] Egyptians (despotism): 1 cities, 1 units, 21g, 5 techs, researching Map Making (21/36)
    Thebes: size=1, prod=Wonder40 (80sh), bldgs=Palace
    Units: 1x Warriors
  [Civ 1] Romans turn: 2 actions — MOVE_UNIT(1), UNIT_ORDER(1)

══════════════════════════════════════════════════════════════════════
  TURN 23 — 3560 B.C. (3ms)
══════════════════════════════════════════════════════════════════════
  [Civ 1] Romans (despotism): 1 cities, 1 units, 35g, 7 techs, researching Currency (10/33)
    Rome: size=2, prod=Wonder39 (57sh), bldgs=Palace
    Units: 1x Warriors
  [Civ 2] Babylonians (despotism): 1 cities, 1 units, 19g, 7 techs, researching Code of Laws (8/33)
    Babylon: size=2, prod=Settlers (4sh), bldgs=Palace, Granary
    Units: 1x Warriors
  [Civ 3] Germans (despotism): 1 cities, 1 units, 33g, 5 techs, researching Code of Laws (10/36)
    Berlin: size=2, prod=building:3 (42sh), bldgs=Palace
    Units: 1x Warriors
  [Civ 4] Egyptians (despotism): 1 cities, 1 units, 22g, 5 techs, researching Map Making (22/36)
    Thebes: size=1, prod=Wonder40 (84sh), bldgs=Palace
    Units: 1x Warriors
  [Civ 1] Romans turn: 2 actions — MOVE_UNIT(1), UNIT_ORDER(1)

══════════════════════════════════════════════════════════════════════
  TURN 24 — 3540 B.C. (3ms)
══════════════════════════════════════════════════════════════════════
  [Civ 1] Romans (despotism): 1 cities, 1 units, 37g, 7 techs, researching Currency (12/33)
    Rome: size=2, prod=Wonder39 (60sh), bldgs=Palace
    Units: 1x Warriors
  [Civ 2] Babylonians (despotism): 1 cities, 1 units, 19g, 7 techs, researching Code of Laws (10/33)
    Babylon: size=2, prod=Settlers (8sh), bldgs=Palace, Granary
    Units: 1x Warriors
  [Civ 3] Germans (despotism): 1 cities, 1 units, 35g, 5 techs, researching Code of Laws (12/36)
    Berlin: size=2, prod=building:3 (44sh), bldgs=Palace
    Units: 1x Warriors
  [Civ 4] Egyptians (despotism): 1 cities, 1 units, 23g, 5 techs, researching Map Making (23/36)
    Thebes: size=1, prod=Wonder40 (88sh), bldgs=Palace
    Units: 1x Warriors
  [Civ 1] Romans turn: 2 actions — MOVE_UNIT(1), UNIT_ORDER(1)
    >>> Rome grew to size 3

══════════════════════════════════════════════════════════════════════
  TURN 25 — 3520 B.C. (3ms)
══════════════════════════════════════════════════════════════════════
  [Civ 1] Romans (despotism): 1 cities, 1 units, 39g, 7 techs, researching Currency (14/33)
    Rome: size=3, prod=Wonder39 (63sh), bldgs=Palace
    Units: 1x Warriors
  [Civ 2] Babylonians (despotism): 1 cities, 1 units, 19g, 7 techs, researching Code of Laws (12/33)
    Babylon: size=2, prod=Settlers (12sh), bldgs=Palace, Granary
    Units: 1x Warriors
  [Civ 3] Germans (despotism): 1 cities, 1 units, 37g, 5 techs, researching Code of Laws (14/36)
    Berlin: size=2, prod=building:3 (46sh), bldgs=Palace
    Units: 1x Warriors
  [Civ 4] Egyptians (despotism): 1 cities, 1 units, 24g, 5 techs, researching Map Making (24/36)
    Thebes: size=1, prod=Wonder40 (92sh), bldgs=Palace
    Units: 1x Warriors
  [Civ 1] Romans turn: 2 actions — MOVE_UNIT(1), UNIT_ORDER(1)
    >>> Berlin grew to size 3

══════════════════════════════════════════════════════════════════════
  TURN 26 — 3500 B.C. (5ms)
══════════════════════════════════════════════════════════════════════
  [Civ 1] Romans (despotism): 1 cities, 1 units, 41g, 7 techs, researching Currency (16/33)
    Rome: size=3, prod=Wonder39 (67sh), bldgs=Palace
    Units: 1x Warriors
  [Civ 2] Babylonians (despotism): 1 cities, 1 units, 19g, 7 techs, researching Code of Laws (14/33)
    Babylon: size=2, prod=Settlers (16sh), bldgs=Palace, Granary
    Units: 1x Warriors
  [Civ 3] Germans (despotism): 1 cities, 1 units, 39g, 5 techs, researching Code of Laws (17/36)
    Berlin: size=3, prod=building:3 (48sh), bldgs=Palace
    Units: 1x Warriors
  [Civ 4] Egyptians (despotism): 1 cities, 1 units, 25g, 5 techs, researching Map Making (25/36)
    Thebes: size=1, prod=Wonder40 (96sh), bldgs=Palace
    Units: 1x Warriors
  [Civ 1] Romans turn: 2 actions — MOVE_UNIT(1), UNIT_ORDER(1)

══════════════════════════════════════════════════════════════════════
  TURN 27 — 3480 B.C. (4ms)
══════════════════════════════════════════════════════════════════════
  [Civ 1] Romans (despotism): 1 cities, 1 units, 43g, 7 techs, researching Currency (18/33)
    Rome: size=3, prod=Wonder39 (71sh), bldgs=Palace
    Units: 1x Warriors
  [Civ 2] Babylonians (despotism): 1 cities, 1 units, 19g, 7 techs, researching Code of Laws (16/33)
    Babylon: size=2, prod=Settlers (20sh), bldgs=Palace, Granary
    Units: 1x Warriors
  [Civ 3] Germans (despotism): 1 cities, 1 units, 41g, 5 techs, researching Code of Laws (20/36)
    Berlin: size=3, prod=building:3 (50sh), bldgs=Palace
    Units: 1x Warriors
  [Civ 4] Egyptians (despotism): 1 cities, 1 units, 26g, 5 techs, researching Map Making (26/36)
    Thebes: size=1, prod=Wonder40 (100sh), bldgs=Palace
    Units: 1x Warriors
  [Civ 1] Romans turn: 2 actions — MOVE_UNIT(1), UNIT_ORDER(1)

══════════════════════════════════════════════════════════════════════
  TURN 28 — 3460 B.C. (3ms)
══════════════════════════════════════════════════════════════════════
  [Civ 1] Romans (despotism): 1 cities, 1 units, 45g, 7 techs, researching Currency (20/33)
    Rome: size=3, prod=Wonder39 (75sh), bldgs=Palace
    Units: 1x Warriors
  [Civ 2] Babylonians (despotism): 1 cities, 1 units, 19g, 7 techs, researching Code of Laws (18/33)
    Babylon: size=2, prod=Settlers (24sh), bldgs=Palace, Granary
    Units: 1x Warriors
  [Civ 3] Germans (despotism): 1 cities, 1 units, 43g, 5 techs, researching Code of Laws (23/36)
    Berlin: size=3, prod=building:3 (52sh), bldgs=Palace
    Units: 1x Warriors
  [Civ 4] Egyptians (despotism): 1 cities, 1 units, 27g, 5 techs, researching Map Making (27/36)
    Thebes: size=1, prod=Wonder40 (104sh), bldgs=Palace
    Units: 1x Warriors
  [Civ 1] Romans turn: 2 actions — MOVE_UNIT(1), UNIT_ORDER(1)

══════════════════════════════════════════════════════════════════════
  TURN 29 — 3440 B.C. (5ms)
══════════════════════════════════════════════════════════════════════
  [Civ 1] Romans (despotism): 1 cities, 1 units, 47g, 7 techs, researching Currency (22/33)
    Rome: size=3, prod=Wonder39 (79sh), bldgs=Palace
    Units: 1x Warriors
  [Civ 2] Babylonians (despotism): 1 cities, 1 units, 19g, 7 techs, researching Code of Laws (20/33)
    Babylon: size=2, prod=Settlers (28sh), bldgs=Palace, Granary
    Units: 1x Warriors
  [Civ 3] Germans (despotism): 1 cities, 1 units, 45g, 5 techs, researching Code of Laws (26/36)
    Berlin: size=3, prod=building:3 (54sh), bldgs=Palace
    Units: 1x Warriors
  [Civ 4] Egyptians (despotism): 1 cities, 1 units, 28g, 5 techs, researching Map Making (28/36)
    Thebes: size=1, prod=Wonder40 (108sh), bldgs=Palace
    Units: 1x Warriors
  [Civ 1] Romans turn: 2 actions — MOVE_UNIT(1), UNIT_ORDER(1)

══════════════════════════════════════════════════════════════════════
  TURN 30 — 3420 B.C. (3ms)
══════════════════════════════════════════════════════════════════════
  [Civ 1] Romans (despotism): 1 cities, 1 units, 49g, 7 techs, researching Currency (24/33)
    Rome: size=3, prod=Wonder39 (83sh), bldgs=Palace
    Units: 1x Warriors
  [Civ 2] Babylonians (despotism): 1 cities, 1 units, 19g, 7 techs, researching Code of Laws (22/33)
    Babylon: size=2, prod=Settlers (32sh), bldgs=Palace, Granary
    Units: 1x Warriors
  [Civ 3] Germans (despotism): 1 cities, 1 units, 47g, 5 techs, researching Code of Laws (29/36)
    Berlin: size=3, prod=building:3 (56sh), bldgs=Palace
    Units: 1x Warriors
  [Civ 4] Egyptians (despotism): 1 cities, 1 units, 29g, 5 techs, researching Map Making (29/36)
    Thebes: size=1, prod=Wonder40 (112sh), bldgs=Palace
    Units: 1x Warriors
  [Civ 1] Romans turn: 2 actions — MOVE_UNIT(1), UNIT_ORDER(1)

══════════════════════════════════════════════════════════════════════
  TURN 31 — 3400 B.C. (3ms)
══════════════════════════════════════════════════════════════════════
  [Civ 1] Romans (despotism): 1 cities, 1 units, 51g, 7 techs, researching Currency (26/33)
    Rome: size=3, prod=Wonder39 (87sh), bldgs=Palace
    Units: 1x Warriors
  [Civ 2] Babylonians (despotism): 1 cities, 1 units, 19g, 7 techs, researching Code of Laws (24/33)
    Babylon: size=2, prod=Settlers (36sh), bldgs=Palace, Granary
    Units: 1x Warriors
  [Civ 3] Germans (despotism): 1 cities, 1 units, 49g, 5 techs, researching Code of Laws (32/36)
    Berlin: size=3, prod=building:3 (58sh), bldgs=Palace
    Units: 1x Warriors
  [Civ 4] Egyptians (despotism): 1 cities, 1 units, 30g, 5 techs, researching Map Making (30/36)
    Thebes: size=1, prod=Wonder40 (116sh), bldgs=Palace
    Units: 1x Warriors
  [Civ 1] Romans turn: 2 actions — MOVE_UNIT(1), UNIT_ORDER(1)
    >>> Babylon built Settlers
    CHANGE_PRODUCTION city=1
    >>> Berlin built building:3
    CHANGE_PRODUCTION city=2

══════════════════════════════════════════════════════════════════════
  TURN 32 — 3380 B.C. (8ms)
══════════════════════════════════════════════════════════════════════
  [Civ 1] Romans (despotism): 1 cities, 1 units, 53g, 7 techs, researching Currency (28/33)
    Rome: size=3, prod=Wonder39 (91sh), bldgs=Palace
    Units: 1x Warriors
  [Civ 2] Babylonians (despotism): 1 cities, 2 units, 19g, 7 techs, researching Code of Laws (26/33)
    Babylon: size=1, prod=Wonder41 (0sh), bldgs=Palace, Granary
    Units: 1x Warriors, 1x Settlers
  [Civ 3] Germans (despotism): 1 cities, 1 units, 50g, 5 techs, researching Code of Laws (35/36)
    Berlin: size=3, prod=Settlers (0sh), bldgs=Palace, Granary
    Units: 1x Warriors
  [Civ 4] Egyptians (despotism): 1 cities, 1 units, 31g, 5 techs, researching Map Making (31/36)
    Thebes: size=1, prod=Wonder40 (120sh), bldgs=Palace
    Units: 1x Warriors
  [Civ 1] Romans turn: 5 actions — ADJUST_ATTITUDE(3), MOVE_UNIT(1), UNIT_ORDER(1)
    ADJUST_ATTITUDE target=civ2
    ADJUST_ATTITUDE target=civ3
    ADJUST_ATTITUDE target=civ4
    ADJUST_ATTITUDE target=civ1
    ADJUST_ATTITUDE target=civ3
    ADJUST_ATTITUDE target=civ4
    >>> Germans discovered: Code of Laws
    SET_RESEARCH tech=Map Making
    ADJUST_ATTITUDE target=civ1
    ADJUST_ATTITUDE target=civ2
    ADJUST_ATTITUDE target=civ4
    ADJUST_ATTITUDE target=civ1
    ADJUST_ATTITUDE target=civ2
    ADJUST_ATTITUDE target=civ3

══════════════════════════════════════════════════════════════════════
  TURN 33 — 3360 B.C. (9ms)
══════════════════════════════════════════════════════════════════════
  [Civ 1] Romans (despotism): 1 cities, 1 units, 55g, 7 techs, researching Currency (30/33)
    Rome: size=3, prod=Wonder39 (95sh), bldgs=Palace
    Units: 1x Warriors
  [Civ 2] Babylonians (despotism): 1 cities, 2 units, 19g, 7 techs, researching Code of Laws (28/33)
    Babylon: size=1, prod=Wonder41 (3sh), bldgs=Palace, Granary
    Units: 1x Warriors, 1x Settlers
  [Civ 3] Germans (despotism): 1 cities, 1 units, 50g, 6 techs, researching Map Making (0/36)
    Berlin: size=3, prod=Settlers (2sh), bldgs=Palace, Granary
    Units: 1x Warriors
  [Civ 4] Egyptians (despotism): 1 cities, 1 units, 32g, 5 techs, researching Map Making (32/36)
    Thebes: size=1, prod=Wonder40 (124sh), bldgs=Palace
    Units: 1x Warriors
  [Civ 1] Romans turn: 2 actions — MOVE_UNIT(1), UNIT_ORDER(1)

══════════════════════════════════════════════════════════════════════
  TURN 34 — 3340 B.C. (7ms)
══════════════════════════════════════════════════════════════════════
  [Civ 1] Romans (despotism): 1 cities, 1 units, 57g, 7 techs, researching Currency (32/33)
    Rome: size=3, prod=Wonder39 (99sh), bldgs=Palace
    Units: 1x Warriors
  [Civ 2] Babylonians (despotism): 1 cities, 2 units, 19g, 7 techs, researching Code of Laws (30/33)
    Babylon: size=1, prod=Wonder41 (6sh), bldgs=Palace, Granary
    Units: 1x Warriors, 1x Settlers
  [Civ 3] Germans (despotism): 1 cities, 1 units, 51g, 6 techs, researching Map Making (3/36)
    Berlin: size=3, prod=Settlers (4sh), bldgs=Palace, Granary
    Units: 1x Warriors
  [Civ 4] Egyptians (despotism): 1 cities, 1 units, 33g, 5 techs, researching Map Making (33/36)
    Thebes: size=1, prod=Wonder40 (128sh), bldgs=Palace
    Units: 1x Warriors
  [Civ 1] Romans turn: 2 actions — MOVE_UNIT(1), UNIT_ORDER(1)
    >>> Romans discovered: Currency

══════════════════════════════════════════════════════════════════════
  TURN 35 — 3320 B.C. (6ms)
══════════════════════════════════════════════════════════════════════
  [Civ 1] Romans (despotism): 1 cities, 1 units, 57g, 8 techs, researching none (0/28)
    Rome: size=3, prod=Wonder39 (103sh), bldgs=Palace
    Units: 1x Warriors
  [Civ 2] Babylonians (despotism): 1 cities, 2 units, 19g, 7 techs, researching Code of Laws (32/33)
    Babylon: size=1, prod=Wonder41 (9sh), bldgs=Palace, Granary
    Units: 1x Warriors, 1x Settlers
  [Civ 3] Germans (despotism): 1 cities, 1 units, 52g, 6 techs, researching Map Making (6/36)
    Berlin: size=3, prod=Settlers (6sh), bldgs=Palace, Granary
    Units: 1x Warriors
  [Civ 4] Egyptians (despotism): 1 cities, 1 units, 34g, 5 techs, researching Map Making (34/36)
    Thebes: size=1, prod=Wonder40 (132sh), bldgs=Palace
    Units: 1x Warriors
  [Civ 1] Romans turn: 3 actions — SET_RESEARCH(1), MOVE_UNIT(1), UNIT_ORDER(1)
    SET_RESEARCH tech=Construction
    >>> Babylonians discovered: Code of Laws
    SET_RESEARCH tech=Map Making
    CHANGE_PRODUCTION city=1

══════════════════════════════════════════════════════════════════════
  TURN 36 — 3300 B.C. (7ms)
══════════════════════════════════════════════════════════════════════
  [Civ 1] Romans (despotism): 1 cities, 1 units, 59g, 8 techs, researching Construction (2/28)
    Rome: size=3, prod=Wonder39 (107sh), bldgs=Palace
    Units: 1x Warriors
  [Civ 2] Babylonians (despotism): 1 cities, 2 units, 19g, 8 techs, researching Map Making (0/28)
    Babylon: size=1, prod=building:7 (0sh), bldgs=Palace, Granary
    Units: 1x Warriors, 1x Settlers
  [Civ 3] Germans (despotism): 1 cities, 1 units, 53g, 6 techs, researching Map Making (9/36)
    Berlin: size=3, prod=Settlers (8sh), bldgs=Palace, Granary
    Units: 1x Warriors
  [Civ 4] Egyptians (despotism): 1 cities, 1 units, 35g, 5 techs, researching Map Making (35/36)
    Thebes: size=1, prod=Wonder40 (136sh), bldgs=Palace
    Units: 1x Warriors
  [Civ 1] Romans turn: 2 actions — MOVE_UNIT(1), UNIT_ORDER(1)
    >>> Egyptians discovered: Map Making
    SET_RESEARCH tech=Masonry

══════════════════════════════════════════════════════════════════════
  TURN 37 — 3280 B.C. (7ms)
══════════════════════════════════════════════════════════════════════
  [Civ 1] Romans (despotism): 1 cities, 1 units, 61g, 9 techs, researching Construction (4/32)
    Rome: size=3, prod=Wonder39 (111sh), bldgs=Palace
    Units: 1x Warriors
  [Civ 2] Babylonians (despotism): 1 cities, 2 units, 19g, 8 techs, researching Map Making (2/28)
    Babylon: size=1, prod=building:7 (3sh), bldgs=Palace, Granary
    Units: 1x Warriors, 1x Settlers
  [Civ 3] Germans (despotism): 1 cities, 1 units, 54g, 6 techs, researching Map Making (12/36)
    Berlin: size=3, prod=Settlers (10sh), bldgs=Palace, Granary
    Units: 1x Warriors
  [Civ 4] Egyptians (despotism): 1 cities, 1 units, 35g, 7 techs, researching Masonry (0/33)
    Thebes: size=1, prod=Wonder40 (140sh), bldgs=Palace
    Units: 1x Warriors
  [Civ 1] Romans turn: 2 actions — MOVE_UNIT(1), UNIT_ORDER(1)

══════════════════════════════════════════════════════════════════════
  TURN 38 — 3260 B.C. (6ms)
══════════════════════════════════════════════════════════════════════
  [Civ 1] Romans (despotism): 1 cities, 1 units, 63g, 9 techs, researching Construction (6/32)
    Rome: size=3, prod=Wonder39 (115sh), bldgs=Palace
    Units: 1x Warriors
  [Civ 2] Babylonians (despotism): 1 cities, 2 units, 19g, 8 techs, researching Map Making (4/28)
    Babylon: size=1, prod=building:7 (6sh), bldgs=Palace, Granary
    Units: 1x Warriors, 1x Settlers
  [Civ 3] Germans (despotism): 1 cities, 1 units, 55g, 6 techs, researching Map Making (15/36)
    Berlin: size=3, prod=Settlers (12sh), bldgs=Palace, Granary
    Units: 1x Warriors
  [Civ 4] Egyptians (despotism): 1 cities, 1 units, 36g, 7 techs, researching Masonry (1/33)
    Thebes: size=1, prod=Wonder40 (144sh), bldgs=Palace
    Units: 1x Warriors
  [Civ 1] Romans turn: 2 actions — MOVE_UNIT(1), UNIT_ORDER(1)

══════════════════════════════════════════════════════════════════════
  TURN 39 — 3240 B.C. (5ms)
══════════════════════════════════════════════════════════════════════
  [Civ 1] Romans (despotism): 1 cities, 1 units, 65g, 9 techs, researching Construction (8/32)
    Rome: size=3, prod=Wonder39 (119sh), bldgs=Palace
    Units: 1x Warriors
  [Civ 2] Babylonians (despotism): 1 cities, 2 units, 19g, 8 techs, researching Map Making (6/28)
    Babylon: size=1, prod=building:7 (9sh), bldgs=Palace, Granary
    Units: 1x Warriors, 1x Settlers
  [Civ 3] Germans (despotism): 1 cities, 1 units, 56g, 6 techs, researching Map Making (18/36)
    Berlin: size=3, prod=Settlers (14sh), bldgs=Palace, Granary
    Units: 1x Warriors
  [Civ 4] Egyptians (despotism): 1 cities, 1 units, 37g, 7 techs, researching Masonry (2/33)
    Thebes: size=1, prod=Wonder40 (148sh), bldgs=Palace
    Units: 1x Warriors
  [Civ 1] Romans turn: 2 actions — MOVE_UNIT(1), UNIT_ORDER(1)

══════════════════════════════════════════════════════════════════════
  TURN 40 — 3220 B.C. (6ms)
══════════════════════════════════════════════════════════════════════
  [Civ 1] Romans (despotism): 1 cities, 1 units, 67g, 9 techs, researching Construction (10/32)
    Rome: size=3, prod=Wonder39 (123sh), bldgs=Palace
    Units: 1x Warriors
  [Civ 2] Babylonians (despotism): 1 cities, 2 units, 19g, 8 techs, researching Map Making (8/28)
    Babylon: size=1, prod=building:7 (12sh), bldgs=Palace, Granary
    Units: 1x Warriors, 1x Settlers
  [Civ 3] Germans (despotism): 1 cities, 1 units, 57g, 6 techs, researching Map Making (21/36)
    Berlin: size=3, prod=Settlers (16sh), bldgs=Palace, Granary
    Units: 1x Warriors
  [Civ 4] Egyptians (despotism): 1 cities, 1 units, 38g, 7 techs, researching Masonry (3/33)
    Thebes: size=1, prod=Wonder40 (152sh), bldgs=Palace
    Units: 1x Warriors
  [Civ 1] Romans turn: 2 actions — MOVE_UNIT(1), UNIT_ORDER(1)

══════════════════════════════════════════════════════════════════════
  TURN 41 — 3200 B.C. (6ms)
══════════════════════════════════════════════════════════════════════
  [Civ 1] Romans (despotism): 1 cities, 1 units, 69g, 9 techs, researching Construction (12/32)
    Rome: size=3, prod=Wonder39 (127sh), bldgs=Palace
    Units: 1x Warriors
  [Civ 2] Babylonians (despotism): 1 cities, 2 units, 19g, 8 techs, researching Map Making (10/28)
    Babylon: size=1, prod=building:7 (15sh), bldgs=Palace, Granary
    Units: 1x Warriors, 1x Settlers
  [Civ 3] Germans (despotism): 1 cities, 1 units, 58g, 6 techs, researching Map Making (24/36)
    Berlin: size=3, prod=Settlers (18sh), bldgs=Palace, Granary
    Units: 1x Warriors
  [Civ 4] Egyptians (despotism): 1 cities, 1 units, 39g, 7 techs, researching Masonry (4/33)
    Thebes: size=1, prod=Wonder40 (156sh), bldgs=Palace
    Units: 1x Warriors
  [Civ 1] Romans turn: 2 actions — MOVE_UNIT(1), UNIT_ORDER(1)

══════════════════════════════════════════════════════════════════════
  TURN 42 — 3180 B.C. (6ms)
══════════════════════════════════════════════════════════════════════
  [Civ 1] Romans (despotism): 1 cities, 1 units, 71g, 9 techs, researching Construction (14/32)
    Rome: size=3, prod=Wonder39 (131sh), bldgs=Palace
    Units: 1x Warriors
  [Civ 2] Babylonians (despotism): 1 cities, 2 units, 19g, 8 techs, researching Map Making (12/28)
    Babylon: size=1, prod=building:7 (18sh), bldgs=Palace, Granary
    Units: 1x Warriors, 1x Settlers
  [Civ 3] Germans (despotism): 1 cities, 1 units, 59g, 6 techs, researching Map Making (27/36)
    Berlin: size=3, prod=Settlers (20sh), bldgs=Palace, Granary
    Units: 1x Warriors
  [Civ 4] Egyptians (despotism): 1 cities, 1 units, 40g, 7 techs, researching Masonry (5/33)
    Thebes: size=1, prod=Wonder40 (160sh), bldgs=Palace
    Units: 1x Warriors
  [Civ 1] Romans turn: 2 actions — MOVE_UNIT(1), UNIT_ORDER(1)

══════════════════════════════════════════════════════════════════════
  TURN 43 — 3160 B.C. (5ms)
══════════════════════════════════════════════════════════════════════
  [Civ 1] Romans (despotism): 1 cities, 1 units, 73g, 9 techs, researching Construction (16/32)
    Rome: size=3, prod=Wonder39 (135sh), bldgs=Palace
    Units: 1x Warriors
  [Civ 2] Babylonians (despotism): 1 cities, 2 units, 19g, 8 techs, researching Map Making (14/28)
    Babylon: size=1, prod=building:7 (21sh), bldgs=Palace, Granary
    Units: 1x Warriors, 1x Settlers
  [Civ 3] Germans (despotism): 1 cities, 1 units, 60g, 6 techs, researching Map Making (30/36)
    Berlin: size=3, prod=Settlers (22sh), bldgs=Palace, Granary
    Units: 1x Warriors
  [Civ 4] Egyptians (despotism): 1 cities, 1 units, 41g, 7 techs, researching Masonry (6/33)
    Thebes: size=1, prod=Wonder40 (164sh), bldgs=Palace
    Units: 1x Warriors
  [Civ 1] Romans turn: 2 actions — MOVE_UNIT(1), UNIT_ORDER(1)

══════════════════════════════════════════════════════════════════════
  TURN 44 — 3140 B.C. (5ms)
══════════════════════════════════════════════════════════════════════
  [Civ 1] Romans (despotism): 1 cities, 1 units, 75g, 9 techs, researching Construction (18/32)
    Rome: size=3, prod=Wonder39 (139sh), bldgs=Palace
    Units: 1x Warriors
  [Civ 2] Babylonians (despotism): 1 cities, 2 units, 19g, 8 techs, researching Map Making (16/28)
    Babylon: size=1, prod=building:7 (24sh), bldgs=Palace, Granary
    Units: 1x Warriors, 1x Settlers
  [Civ 3] Germans (despotism): 1 cities, 1 units, 61g, 6 techs, researching Map Making (33/36)
    Berlin: size=3, prod=Settlers (24sh), bldgs=Palace, Granary
    Units: 1x Warriors
  [Civ 4] Egyptians (despotism): 1 cities, 1 units, 42g, 7 techs, researching Masonry (7/33)
    Thebes: size=1, prod=Wonder40 (168sh), bldgs=Palace
    Units: 1x Warriors
  [Civ 1] Romans turn: 2 actions — MOVE_UNIT(1), UNIT_ORDER(1)
    >>> Germans discovered: Map Making
    SET_RESEARCH tech=Currency
    >>> Rome grew to size 4

══════════════════════════════════════════════════════════════════════
  TURN 45 — 3120 B.C. (7ms)
══════════════════════════════════════════════════════════════════════
  [Civ 1] Romans (despotism): 1 cities, 1 units, 77g, 9 techs, researching Construction (20/32)
    Rome: size=4, prod=Wonder39 (143sh), bldgs=Palace
    Units: 1x Warriors
  [Civ 2] Babylonians (despotism): 1 cities, 2 units, 19g, 8 techs, researching Map Making (18/28)
    Babylon: size=1, prod=building:7 (27sh), bldgs=Palace, Granary
    Units: 1x Warriors, 1x Settlers
  [Civ 3] Germans (despotism): 1 cities, 1 units, 61g, 7 techs, researching Currency (0/33)
    Berlin: size=3, prod=Settlers (26sh), bldgs=Palace, Granary
    Units: 1x Warriors
  [Civ 4] Egyptians (despotism): 1 cities, 1 units, 43g, 7 techs, researching Masonry (8/33)
    Thebes: size=1, prod=Wonder40 (172sh), bldgs=Palace
    Units: 1x Warriors
  [Civ 1] Romans turn: 2 actions — MOVE_UNIT(1), UNIT_ORDER(1)
    >>> Berlin grew to size 4

══════════════════════════════════════════════════════════════════════
  TURN 46 — 3100 B.C. (5ms)
══════════════════════════════════════════════════════════════════════
  [Civ 1] Romans (despotism): 1 cities, 1 units, 79g, 10 techs, researching Construction (22/48)
    Rome: size=4, prod=Wonder39 (148sh), bldgs=Palace
    Units: 1x Warriors
  [Civ 2] Babylonians (despotism): 1 cities, 2 units, 19g, 8 techs, researching Map Making (20/28)
    Babylon: size=1, prod=building:7 (30sh), bldgs=Palace, Granary
    Units: 1x Warriors, 1x Settlers
  [Civ 3] Germans (despotism): 1 cities, 1 units, 62g, 7 techs, researching Currency (3/33)
    Berlin: size=4, prod=Settlers (28sh), bldgs=Palace, Granary
    Units: 1x Warriors
  [Civ 4] Egyptians (despotism): 1 cities, 1 units, 44g, 7 techs, researching Masonry (9/33)
    Thebes: size=1, prod=Wonder40 (176sh), bldgs=Palace
    Units: 1x Warriors
  [Civ 1] Romans turn: 2 actions — MOVE_UNIT(1), UNIT_ORDER(1)
    SET_RESEARCH tech=Currency

══════════════════════════════════════════════════════════════════════
  TURN 47 — 3080 B.C. (8ms)
══════════════════════════════════════════════════════════════════════
  [Civ 1] Romans (despotism): 1 cities, 1 units, 81g, 10 techs, researching Construction (24/48)
    Rome: size=4, prod=Wonder39 (153sh), bldgs=Palace
    Units: 1x Warriors
  [Civ 2] Babylonians (despotism): 1 cities, 2 units, 19g, 9 techs, researching Currency (22/21)
    Babylon: size=1, prod=building:7 (33sh), bldgs=Palace, Granary
    Units: 1x Warriors, 1x Settlers
  [Civ 3] Germans (despotism): 1 cities, 1 units, 63g, 7 techs, researching Currency (6/33)
    Berlin: size=4, prod=Settlers (32sh), bldgs=Palace, Granary
    Units: 1x Warriors
  [Civ 4] Egyptians (despotism): 1 cities, 1 units, 45g, 7 techs, researching Masonry (10/33)
    Thebes: size=1, prod=Wonder40 (180sh), bldgs=Palace
    Units: 1x Warriors
  [Civ 1] Romans turn: 2 actions — MOVE_UNIT(1), UNIT_ORDER(1)
    >>> Babylonians discovered: Currency
    SET_RESEARCH tech=Trade

══════════════════════════════════════════════════════════════════════
  TURN 48 — 3060 B.C. (6ms)
══════════════════════════════════════════════════════════════════════
  [Civ 1] Romans (despotism): 1 cities, 1 units, 83g, 10 techs, researching Construction (26/48)
    Rome: size=4, prod=Wonder39 (158sh), bldgs=Palace
    Units: 1x Warriors
  [Civ 2] Babylonians (despotism): 1 cities, 2 units, 19g, 10 techs, researching Trade (0/48)
    Babylon: size=1, prod=building:7 (36sh), bldgs=Palace, Granary
    Units: 1x Warriors, 1x Settlers
  [Civ 3] Germans (despotism): 1 cities, 1 units, 64g, 7 techs, researching Currency (9/33)
    Berlin: size=4, prod=Settlers (36sh), bldgs=Palace, Granary
    Units: 1x Warriors
  [Civ 4] Egyptians (despotism): 1 cities, 1 units, 46g, 7 techs, researching Masonry (11/33)
    Thebes: size=1, prod=Wonder40 (184sh), bldgs=Palace
    Units: 1x Warriors
  [Civ 1] Romans turn: 2 actions — MOVE_UNIT(1), UNIT_ORDER(1)
    >>> Berlin built Settlers
    SET_RESEARCH tech=Seafaring
    CHANGE_PRODUCTION city=2

══════════════════════════════════════════════════════════════════════
  TURN 49 — 3040 B.C. (6ms)
══════════════════════════════════════════════════════════════════════
  [Civ 1] Romans (despotism): 1 cities, 1 units, 85g, 10 techs, researching Construction (28/48)
    Rome: size=4, prod=Wonder39 (163sh), bldgs=Palace
    Units: 1x Warriors
  [Civ 2] Babylonians (despotism): 1 cities, 2 units, 19g, 10 techs, researching Trade (2/48)
    Babylon: size=1, prod=building:7 (39sh), bldgs=Palace, Granary
    Units: 1x Warriors, 1x Settlers
  [Civ 3] Germans (despotism): 1 cities, 2 units, 65g, 8 techs, researching Seafaring (11/28)
    Berlin: size=3, prod=building:7 (0sh), bldgs=Palace, Granary
    Units: 1x Warriors, 1x Settlers
  [Civ 4] Egyptians (despotism): 1 cities, 1 units, 47g, 8 techs, researching Masonry (12/28)
    Thebes: size=1, prod=Wonder40 (188sh), bldgs=Palace
    Units: 1x Warriors
  [Civ 1] Romans turn: 2 actions — MOVE_UNIT(1), UNIT_ORDER(1)

══════════════════════════════════════════════════════════════════════
  FINAL SUMMARY
══════════════════════════════════════════════════════════════════════
Game ended at turn 50 (3020 B.C.)

── Civ 1: Romans (despotism) ALIVE ──
  Cities: 1 (peak 1, founded 1)
  Units:  1 (peak 1)
  Treasury: 87g
  Techs discovered: 2 — Iron Working, Currency
  Actions: 111 total, 0 idle turns
  Breakdown: UNIT_ORDER(51), MOVE_UNIT(50), SET_RESEARCH(4), ADJUST_ATTITUDE(3), CHANGE_RATES(1), BUILD_CITY(1), CHANGE_PRODUCTION(1)
  Army: 1x Warriors
  Rome: size=4, shields=168

── Civ 2: Babylonians (despotism) ALIVE ──
  Cities: 1 (peak 1, founded 1)
  Units:  2 (peak 2)
  Treasury: 19g
  Techs discovered: 3 — Horseback Riding, Code of Laws, Currency
  Actions: 117 total, 0 idle turns
  Breakdown: MOVE_UNIT(51), UNIT_ORDER(51), SET_RESEARCH(6), CHANGE_PRODUCTION(4), ADJUST_ATTITUDE(3), CHANGE_RATES(1), BUILD_CITY(1)
  Army: 1x Warriors, 1x Settlers
  Babylon: size=1, shields=42

── Civ 3: Germans (despotism) ALIVE ──
  Cities: 1 (peak 1, founded 1)
  Units:  2 (peak 2)
  Treasury: 66g
  Techs discovered: 3 — Alphabet, Code of Laws, Map Making
  Actions: 116 total, 0 idle turns
  Breakdown: UNIT_ORDER(52), MOVE_UNIT(50), SET_RESEARCH(5), CHANGE_PRODUCTION(3), ADJUST_ATTITUDE(3), CHANGE_RATES(1), BUILD_CITY(1), WORKER_ORDER(1)
  Army: 1x Warriors, 1x Settlers
  Berlin: size=3, shields=4

── Civ 4: Egyptians (despotism) ALIVE ──
  Cities: 1 (peak 1, founded 1)
  Units:  1 (peak 1)
  Treasury: 48g
  Techs discovered: 1 — Map Making
  Actions: 109 total, 0 idle turns
  Breakdown: UNIT_ORDER(51), MOVE_UNIT(50), ADJUST_ATTITUDE(3), SET_RESEARCH(2), CHANGE_RATES(1), BUILD_CITY(1), CHANGE_PRODUCTION(1)
  Army: 1x Warriors
  Thebes: size=1, shields=192


══════════════════════════════════════════════════════════════════════
  AI BEHAVIOR ANALYSIS
══════════════════════════════════════════════════════════════════════
[Civ 1] Romans:
  WARNING: Only 1 city after 30+ turns

[Civ 2] Babylonians:
  WARNING: Only 1 city after 30+ turns
  WARNING: 1 units stuck (busy orders outside city)

[Civ 3] Germans:
  WARNING: Only 1 city after 30+ turns

[Civ 4] Egyptians:
  WARNING: Only 1 city after 30+ turns

