Charlization AI Headless Simulation
Date: 2026-03-16T23:13:17.220Z
Settings: 50 turns, 4 AI players, 50x80 map, difficulty=prince
Map seed: 38207
Map generated in 62ms
Game initialized: 4 civs, 8 starting units
  Civ 1 (Romans): starts at (15,49) on Grassland
  Civ 2 (Babylonians): starts at (20,8) on Forest
  Civ 3 (Germans): starts at (40,38) on Plains
  Civ 4 (Egyptians): starts at (11,71) on Grassland
    SET_RESEARCH tech=Alphabet
    CHANGE_RATES sci=6 tax=4 lux=undefined
    BUILD_CITY unit=0 name="Rome"
    1 actions REJECTED (of 6)
    SET_RESEARCH tech=Code of Laws
    CHANGE_RATES sci=6 tax=4 lux=undefined
    BUILD_CITY unit=2 name="Babylon"
    1 actions REJECTED (of 6)
    SET_RESEARCH tech=Masonry
    CHANGE_RATES sci=6 tax=4 lux=undefined
    BUILD_CITY unit=4 name="Berlin"
    1 actions REJECTED (of 6)
    END_TURN REJECTED: 1 units still need orders
      #8 Horsemen(Atk) @(40,39) mv=6 ord=none hp=full
    SET_RESEARCH tech=Map Making
    CHANGE_RATES sci=6 tax=4 lux=undefined
    BUILD_CITY unit=6 name="Thebes"
    1 actions REJECTED (of 6)

══════════════════════════════════════════════════════════════════════
  TURN 1 — 4000 B.C. (39ms)
══════════════════════════════════════════════════════════════════════
  [Civ 1] Romans (despotism): 1 cities, 1 units, 1g, 3 techs, researching Alphabet (2/28)
    Rome: size=1, prod=Warriors (2sh), bldgs=Palace
    Units: 1x Warriors
  [Civ 2] Babylonians (despotism): 1 cities, 1 units, 0g, 3 techs, researching Code of Laws (0/28)
    Babylon: size=1, prod=Warriors (0sh), bldgs=Palace
    Units: 1x Warriors
  [Civ 3] Germans (despotism): 1 cities, 2 units, 0g, 3 techs, researching Masonry (0/28)
    Berlin: size=1, prod=Warriors (0sh), bldgs=Palace
    Units: 1x Warriors, 1x Horsemen
  [Civ 4] Egyptians (despotism): 1 cities, 1 units, 0g, 3 techs, researching Map Making (0/28)
    Thebes: size=1, prod=Warriors (0sh), bldgs=Palace
    Units: 1x Warriors
  [Civ 1] Romans turn: 3 actions — CHANGE_PRODUCTION(1), MOVE_UNIT(1), UNIT_ORDER(1)
    CHANGE_PRODUCTION city=0
    CHANGE_PRODUCTION city=1
    CHANGE_PRODUCTION city=2
    CHANGE_PRODUCTION city=3

══════════════════════════════════════════════════════════════════════
  TURN 2 — 3980 B.C. (12ms)
══════════════════════════════════════════════════════════════════════
  [Civ 1] Romans (despotism): 1 cities, 1 units, 2g, 5 techs, researching Alphabet (4/36)
    Rome: size=1, prod=Wonder41 (2sh), bldgs=Palace
    Units: 1x Warriors
  [Civ 2] Babylonians (despotism): 1 cities, 1 units, 0g, 5 techs, researching Code of Laws (0/36)
    Babylon: size=1, prod=Wonder41 (0sh), bldgs=Palace
    Units: 1x Warriors
  [Civ 3] Germans (despotism): 1 cities, 2 units, 1g, 6 techs, researching Masonry (2/36)
    Berlin: size=1, prod=Wonder40 (0sh), bldgs=Palace
    Units: 1x Warriors, 1x Horsemen
  [Civ 4] Egyptians (despotism): 1 cities, 1 units, 1g, 5 techs, researching Map Making (1/36)
    Thebes: size=1, prod=Wonder41 (0sh), bldgs=Palace
    Units: 1x Warriors
  [Civ 1] Romans turn: 3 actions — SET_RESEARCH(1), MOVE_UNIT(1), UNIT_ORDER(1)
    SET_RESEARCH tech=Iron Working

══════════════════════════════════════════════════════════════════════
  TURN 3 — 3960 B.C. (6ms)
══════════════════════════════════════════════════════════════════════
  [Civ 1] Romans (despotism): 1 cities, 1 units, 3g, 5 techs, researching Iron Working (6/36)
    Rome: size=1, prod=Wonder41 (4sh), bldgs=Palace
    Units: 1x Warriors
  [Civ 2] Babylonians (despotism): 1 cities, 1 units, 0g, 5 techs, researching Code of Laws (0/36)
    Babylon: size=1, prod=Wonder41 (4sh), bldgs=Palace
    Units: 1x Warriors
  [Civ 3] Germans (despotism): 1 cities, 2 units, 40g, 6 techs, researching Masonry (4/36)
    Berlin: size=1, prod=Wonder40 (2sh), bldgs=Palace
    Units: 1x Warriors, 1x Horsemen
  [Civ 4] Egyptians (despotism): 1 cities, 1 units, 2g, 5 techs, researching Map Making (2/36)
    Thebes: size=1, prod=Wonder41 (3sh), bldgs=Palace
    Units: 1x Warriors
  [Civ 1] Romans turn: 2 actions — MOVE_UNIT(1), UNIT_ORDER(1)

══════════════════════════════════════════════════════════════════════
  TURN 4 — 3940 B.C. (7ms)
══════════════════════════════════════════════════════════════════════
  [Civ 1] Romans (despotism): 1 cities, 1 units, 4g, 5 techs, researching Iron Working (8/36)
    Rome: size=1, prod=Wonder41 (6sh), bldgs=Palace
    Units: 1x Warriors
  [Civ 2] Babylonians (despotism): 1 cities, 1 units, 0g, 5 techs, researching Code of Laws (0/36)
    Babylon: size=1, prod=Wonder41 (8sh), bldgs=Palace
    Units: 1x Warriors
  [Civ 3] Germans (despotism): 1 cities, 2 units, 41g, 6 techs, researching Masonry (6/36)
    Berlin: size=1, prod=Wonder40 (4sh), bldgs=Palace
    Units: 1x Warriors, 1x Horsemen
  [Civ 4] Egyptians (despotism): 1 cities, 1 units, 3g, 5 techs, researching Map Making (3/36)
    Thebes: size=1, prod=Wonder41 (6sh), bldgs=Palace
    Units: 1x Warriors
  [Civ 1] Romans turn: 2 actions — MOVE_UNIT(1), UNIT_ORDER(1)

══════════════════════════════════════════════════════════════════════
  TURN 5 — 3920 B.C. (7ms)
══════════════════════════════════════════════════════════════════════
  [Civ 1] Romans (despotism): 1 cities, 1 units, 5g, 5 techs, researching Iron Working (10/36)
    Rome: size=1, prod=Wonder41 (8sh), bldgs=Palace
    Units: 1x Warriors
  [Civ 2] Babylonians (despotism): 1 cities, 1 units, 0g, 5 techs, researching Code of Laws (0/36)
    Babylon: size=1, prod=Wonder41 (12sh), bldgs=Palace
    Units: 1x Warriors
  [Civ 3] Germans (despotism): 1 cities, 2 units, 42g, 6 techs, researching Masonry (8/36)
    Berlin: size=1, prod=Wonder40 (6sh), bldgs=Palace
    Units: 1x Warriors, 1x Horsemen
  [Civ 4] Egyptians (despotism): 1 cities, 1 units, 4g, 5 techs, researching Map Making (4/36)
    Thebes: size=1, prod=Wonder41 (9sh), bldgs=Palace
    Units: 1x Warriors
  [Civ 1] Romans turn: 2 actions — MOVE_UNIT(1), UNIT_ORDER(1)

══════════════════════════════════════════════════════════════════════
  TURN 6 — 3900 B.C. (9ms)
══════════════════════════════════════════════════════════════════════
  [Civ 1] Romans (despotism): 1 cities, 1 units, 6g, 5 techs, researching Iron Working (12/36)
    Rome: size=1, prod=Wonder41 (10sh), bldgs=Palace
    Units: 1x Warriors
  [Civ 2] Babylonians (despotism): 1 cities, 1 units, 0g, 5 techs, researching Code of Laws (0/36)
    Babylon: size=1, prod=Wonder41 (16sh), bldgs=Palace
    Units: 1x Warriors
  [Civ 3] Germans (despotism): 1 cities, 2 units, 43g, 6 techs, researching Masonry (10/36)
    Berlin: size=1, prod=Wonder40 (8sh), bldgs=Palace
    Units: 1x Warriors, 1x Horsemen
  [Civ 4] Egyptians (despotism): 1 cities, 1 units, 5g, 5 techs, researching Map Making (5/36)
    Thebes: size=1, prod=Wonder41 (12sh), bldgs=Palace
    Units: 1x Warriors
  [Civ 1] Romans turn: 2 actions — MOVE_UNIT(1), UNIT_ORDER(1)

══════════════════════════════════════════════════════════════════════
  TURN 7 — 3880 B.C. (6ms)
══════════════════════════════════════════════════════════════════════
  [Civ 1] Romans (despotism): 1 cities, 1 units, 7g, 5 techs, researching Iron Working (14/36)
    Rome: size=1, prod=Wonder41 (12sh), bldgs=Palace
    Units: 1x Warriors
  [Civ 2] Babylonians (despotism): 1 cities, 1 units, 0g, 5 techs, researching Code of Laws (0/36)
    Babylon: size=1, prod=Wonder41 (20sh), bldgs=Palace
    Units: 1x Warriors
  [Civ 3] Germans (despotism): 1 cities, 2 units, 44g, 6 techs, researching Masonry (12/36)
    Berlin: size=1, prod=Wonder40 (10sh), bldgs=Palace
    Units: 1x Warriors, 1x Horsemen
  [Civ 4] Egyptians (despotism): 1 cities, 1 units, 6g, 5 techs, researching Map Making (6/36)
    Thebes: size=1, prod=Wonder41 (15sh), bldgs=Palace
    Units: 1x Warriors
  [Civ 1] Romans turn: 2 actions — MOVE_UNIT(1), UNIT_ORDER(1)

══════════════════════════════════════════════════════════════════════
  TURN 8 — 3860 B.C. (5ms)
══════════════════════════════════════════════════════════════════════
  [Civ 1] Romans (despotism): 1 cities, 1 units, 8g, 5 techs, researching Iron Working (16/36)
    Rome: size=1, prod=Wonder41 (14sh), bldgs=Palace
    Units: 1x Warriors
  [Civ 2] Babylonians (despotism): 1 cities, 1 units, 0g, 5 techs, researching Code of Laws (0/36)
    Babylon: size=1, prod=Wonder41 (24sh), bldgs=Palace
    Units: 1x Warriors
  [Civ 3] Germans (despotism): 1 cities, 2 units, 45g, 6 techs, researching Masonry (14/36)
    Berlin: size=1, prod=Wonder40 (12sh), bldgs=Palace
    Units: 1x Warriors, 1x Horsemen
  [Civ 4] Egyptians (despotism): 1 cities, 1 units, 7g, 5 techs, researching Map Making (7/36)
    Thebes: size=1, prod=Wonder41 (18sh), bldgs=Palace
    Units: 1x Warriors
  [Civ 1] Romans turn: 2 actions — MOVE_UNIT(1), UNIT_ORDER(1)

══════════════════════════════════════════════════════════════════════
  TURN 9 — 3840 B.C. (4ms)
══════════════════════════════════════════════════════════════════════
  [Civ 1] Romans (despotism): 1 cities, 1 units, 9g, 5 techs, researching Iron Working (18/36)
    Rome: size=1, prod=Wonder41 (16sh), bldgs=Palace
    Units: 1x Warriors
  [Civ 2] Babylonians (despotism): 1 cities, 1 units, 0g, 5 techs, researching Code of Laws (0/36)
    Babylon: size=1, prod=Wonder41 (28sh), bldgs=Palace
    Units: 1x Warriors
  [Civ 3] Germans (despotism): 1 cities, 2 units, 46g, 6 techs, researching Masonry (16/36)
    Berlin: size=1, prod=Wonder40 (14sh), bldgs=Palace
    Units: 1x Warriors, 1x Horsemen
  [Civ 4] Egyptians (despotism): 1 cities, 1 units, 8g, 5 techs, researching Map Making (8/36)
    Thebes: size=1, prod=Wonder41 (21sh), bldgs=Palace
    Units: 1x Warriors
  [Civ 1] Romans turn: 2 actions — MOVE_UNIT(1), UNIT_ORDER(1)
    >>> Rome grew to size 2

══════════════════════════════════════════════════════════════════════
  TURN 10 — 3820 B.C. (5ms)
══════════════════════════════════════════════════════════════════════
  [Civ 1] Romans (despotism): 1 cities, 1 units, 11g, 5 techs, researching Iron Working (20/36)
    Rome: size=2, prod=Wonder41 (18sh), bldgs=Palace
    Units: 1x Warriors
  [Civ 2] Babylonians (despotism): 1 cities, 1 units, 0g, 5 techs, researching Code of Laws (0/36)
    Babylon: size=1, prod=Wonder41 (32sh), bldgs=Palace
    Units: 1x Warriors
  [Civ 3] Germans (despotism): 1 cities, 2 units, 47g, 6 techs, researching Masonry (18/36)
    Berlin: size=1, prod=Wonder40 (16sh), bldgs=Palace
    Units: 1x Warriors, 1x Horsemen
  [Civ 4] Egyptians (despotism): 1 cities, 1 units, 9g, 5 techs, researching Map Making (9/36)
    Thebes: size=1, prod=Wonder41 (24sh), bldgs=Palace
    Units: 1x Warriors
  [Civ 1] Romans turn: 2 actions — MOVE_UNIT(1), UNIT_ORDER(1)
    >>> Berlin grew to size 2
    CHANGE_PRODUCTION city=2
    >>> Thebes grew to size 2

══════════════════════════════════════════════════════════════════════
  TURN 11 — 3800 B.C. (5ms)
══════════════════════════════════════════════════════════════════════
  [Civ 1] Romans (despotism): 1 cities, 1 units, 13g, 5 techs, researching Iron Working (22/36)
    Rome: size=2, prod=Wonder41 (21sh), bldgs=Palace
    Units: 1x Warriors
  [Civ 2] Babylonians (despotism): 1 cities, 1 units, 0g, 5 techs, researching Code of Laws (0/36)
    Babylon: size=1, prod=Wonder41 (36sh), bldgs=Palace
    Units: 1x Warriors
  [Civ 3] Germans (despotism): 1 cities, 2 units, 49g, 6 techs, researching Masonry (20/36)
    Berlin: size=2, prod=Settlers (0sh), bldgs=Palace
    Units: 1x Warriors, 1x Horsemen
  [Civ 4] Egyptians (despotism): 1 cities, 1 units, 10g, 5 techs, researching Map Making (11/36)
    Thebes: size=2, prod=Wonder41 (27sh), bldgs=Palace
    Units: 1x Warriors
  [Civ 1] Romans turn: 2 actions — MOVE_UNIT(1), UNIT_ORDER(1)

══════════════════════════════════════════════════════════════════════
  TURN 12 — 3780 B.C. (4ms)
══════════════════════════════════════════════════════════════════════
  [Civ 1] Romans (despotism): 1 cities, 1 units, 15g, 5 techs, researching Iron Working (24/36)
    Rome: size=2, prod=Wonder41 (24sh), bldgs=Palace
    Units: 1x Warriors
  [Civ 2] Babylonians (despotism): 1 cities, 1 units, 0g, 5 techs, researching Code of Laws (0/36)
    Babylon: size=1, prod=Wonder41 (40sh), bldgs=Palace
    Units: 1x Warriors
  [Civ 3] Germans (despotism): 1 cities, 2 units, 51g, 6 techs, researching Masonry (22/36)
    Berlin: size=2, prod=Settlers (3sh), bldgs=Palace
    Units: 1x Warriors, 1x Horsemen
  [Civ 4] Egyptians (despotism): 1 cities, 1 units, 11g, 5 techs, researching Map Making (13/36)
    Thebes: size=2, prod=Wonder41 (31sh), bldgs=Palace
    Units: 1x Warriors
  [Civ 1] Romans turn: 2 actions — MOVE_UNIT(1), UNIT_ORDER(1)

══════════════════════════════════════════════════════════════════════
  TURN 13 — 3760 B.C. (5ms)
══════════════════════════════════════════════════════════════════════
  [Civ 1] Romans (despotism): 1 cities, 1 units, 17g, 5 techs, researching Iron Working (26/36)
    Rome: size=2, prod=Wonder41 (27sh), bldgs=Palace
    Units: 1x Warriors
  [Civ 2] Babylonians (despotism): 1 cities, 1 units, 0g, 5 techs, researching Code of Laws (0/36)
    Babylon: size=1, prod=Wonder41 (44sh), bldgs=Palace
    Units: 1x Warriors
  [Civ 3] Germans (despotism): 1 cities, 2 units, 53g, 6 techs, researching Masonry (24/36)
    Berlin: size=2, prod=Settlers (6sh), bldgs=Palace
    Units: 1x Warriors, 1x Horsemen
  [Civ 4] Egyptians (despotism): 1 cities, 1 units, 12g, 5 techs, researching Map Making (15/36)
    Thebes: size=2, prod=Wonder41 (35sh), bldgs=Palace
    Units: 1x Warriors
  [Civ 1] Romans turn: 2 actions — MOVE_UNIT(1), UNIT_ORDER(1)
    ADJUST_ATTITUDE target=civ1

══════════════════════════════════════════════════════════════════════
  TURN 14 — 3740 B.C. (9ms)
══════════════════════════════════════════════════════════════════════
  [Civ 1] Romans (despotism): 1 cities, 1 units, 19g, 5 techs, researching Iron Working (28/36)
    Rome: size=2, prod=Wonder41 (30sh), bldgs=Palace
    Units: 1x Warriors
  [Civ 2] Babylonians (despotism): 1 cities, 1 units, 0g, 5 techs, researching Code of Laws (0/36)
    Babylon: size=1, prod=Wonder41 (48sh), bldgs=Palace
    Units: 1x Warriors
  [Civ 3] Germans (despotism): 1 cities, 2 units, 55g, 6 techs, researching Masonry (26/36)
    Berlin: size=2, prod=Settlers (9sh), bldgs=Palace
    Units: 1x Warriors, 1x Horsemen
  [Civ 4] Egyptians (despotism): 1 cities, 1 units, 13g, 5 techs, researching Map Making (17/36)
    Thebes: size=2, prod=Wonder41 (39sh), bldgs=Palace
    Units: 1x Warriors
  [Civ 1] Romans turn: 3 actions — ADJUST_ATTITUDE(1), MOVE_UNIT(1), UNIT_ORDER(1)
    ADJUST_ATTITUDE target=civ4

══════════════════════════════════════════════════════════════════════
  TURN 15 — 3720 B.C. (8ms)
══════════════════════════════════════════════════════════════════════
  [Civ 1] Romans (despotism): 1 cities, 1 units, 21g, 5 techs, researching Iron Working (30/36)
    Rome: size=2, prod=Wonder41 (33sh), bldgs=Palace
    Units: 1x Warriors
  [Civ 2] Babylonians (despotism): 1 cities, 1 units, 0g, 5 techs, researching Code of Laws (0/36)
    Babylon: size=1, prod=Wonder41 (52sh), bldgs=Palace
    Units: 1x Warriors
  [Civ 3] Germans (despotism): 1 cities, 2 units, 57g, 6 techs, researching Masonry (28/36)
    Berlin: size=2, prod=Settlers (12sh), bldgs=Palace
    Units: 1x Warriors, 1x Horsemen
  [Civ 4] Egyptians (despotism): 1 cities, 1 units, 14g, 5 techs, researching Map Making (19/36)
    Thebes: size=2, prod=Wonder41 (43sh), bldgs=Palace
    Units: 1x Warriors
  [Civ 1] Romans turn: 3 actions — ADJUST_ATTITUDE(1), MOVE_UNIT(1), UNIT_ORDER(1)
    ADJUST_ATTITUDE target=civ4

══════════════════════════════════════════════════════════════════════
  TURN 16 — 3700 B.C. (5ms)
══════════════════════════════════════════════════════════════════════
  [Civ 1] Romans (despotism): 1 cities, 1 units, 23g, 5 techs, researching Iron Working (32/36)
    Rome: size=2, prod=Wonder41 (36sh), bldgs=Palace
    Units: 1x Warriors
  [Civ 2] Babylonians (despotism): 1 cities, 1 units, 0g, 5 techs, researching Code of Laws (0/36)
    Babylon: size=1, prod=Wonder41 (56sh), bldgs=Palace
    Units: 1x Warriors
  [Civ 3] Germans (despotism): 1 cities, 2 units, 59g, 6 techs, researching Masonry (30/36)
    Berlin: size=2, prod=Settlers (15sh), bldgs=Palace
    Units: 1x Warriors, 1x Horsemen
  [Civ 4] Egyptians (despotism): 1 cities, 1 units, 15g, 5 techs, researching Map Making (21/36)
    Thebes: size=2, prod=Wonder41 (47sh), bldgs=Palace
    Units: 1x Warriors
  [Civ 1] Romans turn: 2 actions — MOVE_UNIT(1), UNIT_ORDER(1)
    COMBAT: ? vs ? → capture (atkHp=undefined, defHp=undefined)

══════════════════════════════════════════════════════════════════════
  TURN 17 — 3680 B.C. (7ms)
══════════════════════════════════════════════════════════════════════
  [Civ 1] Romans (despotism): 0 cities, 1 units, 8g, 5 techs, researching Iron Working (32/36)
    Units: 1x Warriors
  [Civ 2] Babylonians (despotism): 1 cities, 1 units, 0g, 5 techs, researching Code of Laws (0/36)
    Babylon: size=1, prod=Wonder41 (60sh), bldgs=Palace
    Units: 1x Warriors
  [Civ 3] Germans (despotism): 1 cities, 2 units, 61g, 6 techs, researching Masonry (32/36)
    Berlin: size=2, prod=Settlers (18sh), bldgs=Palace
    Units: 1x Warriors, 1x Horsemen
  [Civ 4] Egyptians (despotism): 2 cities, 1 units, 31g, 5 techs, researching Map Making (23/36)
    Rome: size=1, prod=Warriors (0sh)
    Thebes: size=2, prod=Wonder41 (51sh), bldgs=Palace
    Units: 1x Warriors
  [Civ 1] Romans turn: 2 actions — MOVE_UNIT(1), UNIT_ORDER(1)
    ADJUST_ATTITUDE target=civ1
    CHANGE_PRODUCTION city=0
    CHANGE_PRODUCTION city=3

══════════════════════════════════════════════════════════════════════
  TURN 18 — 3660 B.C. (5ms)
══════════════════════════════════════════════════════════════════════
  [Civ 1] Romans (despotism): 0 cities, 1 units, 8g, 5 techs, researching Iron Working (32/36)
    Units: 1x Warriors
  [Civ 2] Babylonians (despotism): 1 cities, 1 units, 0g, 5 techs, researching Code of Laws (0/36)
    Babylon: size=1, prod=Wonder41 (64sh), bldgs=Palace
    Units: 1x Warriors
  [Civ 3] Germans (despotism): 1 cities, 2 units, 63g, 6 techs, researching Masonry (34/36)
    Berlin: size=2, prod=Settlers (21sh), bldgs=Palace
    Units: 1x Warriors, 1x Horsemen
  [Civ 4] Egyptians (despotism): 2 cities, 1 units, 33g, 5 techs, researching Map Making (26/36)
    Rome: size=1, prod=Archers (1sh)
    Thebes: size=2, prod=Settlers (0sh), bldgs=Palace
    Units: 1x Warriors
  [Civ 1] Romans turn: 2 actions — MOVE_UNIT(1), UNIT_ORDER(1)
    COMBAT: ? vs ? → capture (atkHp=undefined, defHp=undefined)
    >>> Germans discovered: Masonry
    SET_RESEARCH tech=Map Making

══════════════════════════════════════════════════════════════════════
  TURN 19 — 3640 B.C. (9ms)
══════════════════════════════════════════════════════════════════════
  [Civ 1] Romans (despotism): 1 cities, 1 units, 24g, 5 techs, researching Iron Working (33/36)
    Thebes: size=1, prod=Warriors (3sh)
    Units: 1x Warriors
  [Civ 2] Babylonians (despotism): 1 cities, 1 units, 0g, 5 techs, researching Code of Laws (0/36)
    Babylon: size=1, prod=Wonder41 (68sh), bldgs=Palace
    Units: 1x Warriors
  [Civ 3] Germans (despotism): 1 cities, 2 units, 63g, 8 techs, researching Map Making (0/28)
    Berlin: size=2, prod=Settlers (24sh), bldgs=Palace
    Units: 1x Warriors, 1x Horsemen
  [Civ 4] Egyptians (despotism): 1 cities, 1 units, 18g, 5 techs, researching Map Making (28/36)
    Rome: size=1, prod=Archers (3sh), bldgs=Palace
    Units: 1x Warriors
  [Civ 1] Romans turn: 3 actions — CHANGE_PRODUCTION(1), UNIT_ORDER(2)
    CHANGE_PRODUCTION city=3

══════════════════════════════════════════════════════════════════════
  TURN 20 — 3620 B.C. (4ms)
══════════════════════════════════════════════════════════════════════
  [Civ 1] Romans (despotism): 1 cities, 1 units, 24g, 5 techs, researching Iron Working (34/36)
    Thebes: size=1, prod=Archers (4sh)
    Units: 1x Warriors
  [Civ 2] Babylonians (despotism): 1 cities, 1 units, 0g, 5 techs, researching Code of Laws (0/36)
    Babylon: size=1, prod=Wonder41 (72sh), bldgs=Palace
    Units: 1x Warriors
  [Civ 3] Germans (despotism): 1 cities, 2 units, 65g, 8 techs, researching Map Making (2/28)
    Berlin: size=2, prod=Settlers (27sh), bldgs=Palace
    Units: 1x Warriors, 1x Horsemen
  [Civ 4] Egyptians (despotism): 1 cities, 1 units, 19g, 5 techs, researching Map Making (30/36)
    Rome: size=1, prod=Archers (5sh), bldgs=Palace
    Units: 1x Warriors
  [Civ 1] Romans turn: 0 actions — idle
    >>> Babylon grew to size 2

══════════════════════════════════════════════════════════════════════
  TURN 21 — 3600 B.C. (4ms)
══════════════════════════════════════════════════════════════════════
  [Civ 1] Romans (despotism): 1 cities, 1 units, 24g, 5 techs, researching Iron Working (35/36)
    Thebes: size=1, prod=Archers (7sh)
    Units: 1x Warriors
  [Civ 2] Babylonians (despotism): 1 cities, 1 units, 1g, 5 techs, researching Code of Laws (1/36)
    Babylon: size=2, prod=Wonder41 (76sh), bldgs=Palace
    Units: 1x Warriors
  [Civ 3] Germans (despotism): 1 cities, 2 units, 67g, 8 techs, researching Map Making (4/28)
    Berlin: size=2, prod=Settlers (30sh), bldgs=Palace
    Units: 1x Warriors, 1x Horsemen
  [Civ 4] Egyptians (despotism): 1 cities, 1 units, 20g, 5 techs, researching Map Making (32/36)
    Rome: size=1, prod=Archers (7sh), bldgs=Palace
    Units: 1x Warriors
  [Civ 1] Romans turn: 0 actions — idle
    >>> Romans discovered: Iron Working

══════════════════════════════════════════════════════════════════════
  TURN 22 — 3580 B.C. (4ms)
══════════════════════════════════════════════════════════════════════
  [Civ 1] Romans (despotism): 1 cities, 1 units, 24g, 6 techs, researching none (0/36)
    Thebes: size=1, prod=Archers (10sh)
    Units: 1x Warriors
  [Civ 2] Babylonians (despotism): 1 cities, 1 units, 2g, 5 techs, researching Code of Laws (2/36)
    Babylon: size=2, prod=Wonder41 (82sh), bldgs=Palace
    Units: 1x Warriors
  [Civ 3] Germans (despotism): 1 cities, 2 units, 69g, 8 techs, researching Map Making (6/28)
    Berlin: size=2, prod=Settlers (33sh), bldgs=Palace
    Units: 1x Warriors, 1x Horsemen
  [Civ 4] Egyptians (despotism): 1 cities, 1 units, 21g, 5 techs, researching Map Making (34/36)
    Rome: size=1, prod=Archers (9sh), bldgs=Palace
    Units: 1x Warriors
  [Civ 1] Romans turn: 1 actions — SET_RESEARCH(1)
    SET_RESEARCH tech=Writing
    >>> Egyptians discovered: Map Making
    SET_RESEARCH tech=Currency

══════════════════════════════════════════════════════════════════════
  TURN 23 — 3560 B.C. (5ms)
══════════════════════════════════════════════════════════════════════
  [Civ 1] Romans (despotism): 1 cities, 1 units, 24g, 6 techs, researching Writing (1/36)
    Thebes: size=1, prod=Archers (13sh)
    Units: 1x Warriors
  [Civ 2] Babylonians (despotism): 1 cities, 1 units, 3g, 5 techs, researching Code of Laws (3/36)
    Babylon: size=2, prod=Wonder41 (88sh), bldgs=Palace
    Units: 1x Warriors
  [Civ 3] Germans (despotism): 1 cities, 2 units, 71g, 8 techs, researching Map Making (8/28)
    Berlin: size=2, prod=Settlers (36sh), bldgs=Palace
    Units: 1x Warriors, 1x Horsemen
  [Civ 4] Egyptians (despotism): 1 cities, 1 units, 21g, 6 techs, researching Currency (0/36)
    Rome: size=1, prod=Archers (11sh), bldgs=Palace
    Units: 1x Warriors
  [Civ 1] Romans turn: 0 actions — idle

══════════════════════════════════════════════════════════════════════
  TURN 24 — 3540 B.C. (3ms)
══════════════════════════════════════════════════════════════════════
  [Civ 1] Romans (despotism): 1 cities, 1 units, 24g, 6 techs, researching Writing (2/36)
    Thebes: size=1, prod=Archers (16sh)
    Units: 1x Warriors
  [Civ 2] Babylonians (despotism): 1 cities, 1 units, 4g, 5 techs, researching Code of Laws (4/36)
    Babylon: size=2, prod=Wonder41 (94sh), bldgs=Palace
    Units: 1x Warriors
  [Civ 3] Germans (despotism): 1 cities, 2 units, 98g, 8 techs, researching Map Making (10/28)
    Berlin: size=2, prod=Settlers (39sh), bldgs=Palace
    Units: 1x Warriors, 1x Horsemen
  [Civ 4] Egyptians (despotism): 1 cities, 1 units, 22g, 6 techs, researching Currency (2/36)
    Rome: size=1, prod=Archers (13sh), bldgs=Palace
    Units: 1x Warriors
  [Civ 1] Romans turn: 0 actions — idle
    >>> Berlin built Settlers

══════════════════════════════════════════════════════════════════════
  TURN 25 — 3520 B.C. (4ms)
══════════════════════════════════════════════════════════════════════
  [Civ 1] Romans (despotism): 1 cities, 1 units, 24g, 6 techs, researching Writing (3/36)
    Thebes: size=1, prod=Archers (19sh)
    Units: 1x Warriors
  [Civ 2] Babylonians (despotism): 1 cities, 1 units, 5g, 5 techs, researching Code of Laws (5/36)
    Babylon: size=2, prod=Wonder41 (100sh), bldgs=Palace
    Units: 1x Warriors
  [Civ 3] Germans (despotism): 1 cities, 3 units, 99g, 8 techs, researching Map Making (12/28)
    Berlin: size=1, prod=Settlers (2sh), bldgs=Palace
    Units: 1x Warriors, 1x Horsemen, 1x Settlers
  [Civ 4] Egyptians (despotism): 1 cities, 1 units, 23g, 6 techs, researching Currency (4/36)
    Rome: size=1, prod=Archers (15sh), bldgs=Palace
    Units: 1x Warriors
  [Civ 1] Romans turn: 0 actions — idle
    >>> Berlin grew to size 2

══════════════════════════════════════════════════════════════════════
  TURN 26 — 3500 B.C. (13ms)
══════════════════════════════════════════════════════════════════════
  [Civ 1] Romans (despotism): 1 cities, 1 units, 24g, 6 techs, researching Writing (4/36)
    Thebes: size=1, prod=Archers (22sh)
    Units: 1x Warriors
  [Civ 2] Babylonians (despotism): 1 cities, 1 units, 6g, 5 techs, researching Code of Laws (6/36)
    Babylon: size=2, prod=Wonder41 (106sh), bldgs=Palace
    Units: 1x Warriors
  [Civ 3] Germans (despotism): 1 cities, 3 units, 101g, 8 techs, researching Map Making (14/28)
    Berlin: size=2, prod=Settlers (4sh), bldgs=Palace
    Units: 1x Warriors, 1x Horsemen, 1x Settlers
  [Civ 4] Egyptians (despotism): 1 cities, 1 units, 24g, 6 techs, researching Currency (6/36)
    Rome: size=1, prod=Archers (17sh), bldgs=Palace
    Units: 1x Warriors
  [Civ 1] Romans turn: 0 actions — idle
    >>> Rome grew to size 2

══════════════════════════════════════════════════════════════════════
  TURN 27 — 3480 B.C. (5ms)
══════════════════════════════════════════════════════════════════════
  [Civ 1] Romans (despotism): 1 cities, 1 units, 24g, 6 techs, researching Writing (5/36)
    Thebes: size=1, prod=Archers (25sh)
    Units: 1x Warriors
  [Civ 2] Babylonians (despotism): 1 cities, 1 units, 7g, 5 techs, researching Code of Laws (7/36)
    Babylon: size=2, prod=Wonder41 (112sh), bldgs=Palace
    Units: 1x Warriors
  [Civ 3] Germans (despotism): 1 cities, 3 units, 103g, 8 techs, researching Map Making (16/28)
    Berlin: size=2, prod=Settlers (7sh), bldgs=Palace
    Units: 1x Warriors, 1x Horsemen, 1x Settlers
  [Civ 4] Egyptians (despotism): 1 cities, 1 units, 26g, 6 techs, researching Currency (8/36)
    Rome: size=2, prod=Archers (19sh), bldgs=Palace
    Units: 1x Warriors
  [Civ 1] Romans turn: 0 actions — idle
    >>> Thebes grew to size 2

══════════════════════════════════════════════════════════════════════
  TURN 28 — 3460 B.C. (4ms)
══════════════════════════════════════════════════════════════════════
  [Civ 1] Romans (despotism): 1 cities, 1 units, 24g, 6 techs, researching Writing (6/36)
    Thebes: size=2, prod=Archers (28sh)
    Units: 1x Warriors
  [Civ 2] Babylonians (despotism): 1 cities, 1 units, 8g, 5 techs, researching Code of Laws (8/36)
    Babylon: size=2, prod=Wonder41 (118sh), bldgs=Palace
    Units: 1x Warriors
  [Civ 3] Germans (despotism): 1 cities, 3 units, 105g, 8 techs, researching Map Making (18/28)
    Berlin: size=2, prod=Settlers (10sh), bldgs=Palace
    Units: 1x Warriors, 1x Horsemen, 1x Settlers
  [Civ 4] Egyptians (despotism): 1 cities, 1 units, 28g, 6 techs, researching Currency (10/36)
    Rome: size=2, prod=Archers (22sh), bldgs=Palace
    Units: 1x Warriors
  [Civ 1] Romans turn: 0 actions — idle
    >>> Thebes built Archers

══════════════════════════════════════════════════════════════════════
  TURN 29 — 3440 B.C. (4ms)
══════════════════════════════════════════════════════════════════════
  [Civ 1] Romans (despotism): 1 cities, 2 units, 24g, 6 techs, researching Writing (7/36)
    Thebes: size=2, prod=Archers (2sh)
    Units: 1x Warriors, 1x Archers
  [Civ 2] Babylonians (despotism): 1 cities, 1 units, 9g, 5 techs, researching Code of Laws (9/36)
    Babylon: size=2, prod=Wonder41 (124sh), bldgs=Palace
    Units: 1x Warriors
  [Civ 3] Germans (despotism): 1 cities, 3 units, 107g, 8 techs, researching Map Making (20/28)
    Berlin: size=2, prod=Settlers (13sh), bldgs=Palace
    Units: 1x Warriors, 1x Horsemen, 1x Settlers
  [Civ 4] Egyptians (despotism): 1 cities, 1 units, 30g, 6 techs, researching Currency (12/36)
    Rome: size=2, prod=Archers (25sh), bldgs=Palace
    Units: 1x Warriors
  [Civ 1] Romans turn: 1 actions — CHANGE_PRODUCTION(1)
    CHANGE_PRODUCTION city=3

══════════════════════════════════════════════════════════════════════
  TURN 30 — 3420 B.C. (4ms)
══════════════════════════════════════════════════════════════════════
  [Civ 1] Romans (despotism): 1 cities, 2 units, 24g, 6 techs, researching Writing (8/36)
    Thebes: size=2, prod=Legion (5sh)
    Units: 1x Warriors, 1x Archers
  [Civ 2] Babylonians (despotism): 1 cities, 1 units, 10g, 5 techs, researching Code of Laws (10/36)
    Babylon: size=2, prod=Wonder41 (130sh), bldgs=Palace
    Units: 1x Warriors
  [Civ 3] Germans (despotism): 1 cities, 3 units, 109g, 8 techs, researching Map Making (22/28)
    Berlin: size=2, prod=Settlers (16sh), bldgs=Palace
    Units: 1x Warriors, 1x Horsemen, 1x Settlers
  [Civ 4] Egyptians (despotism): 1 cities, 1 units, 32g, 6 techs, researching Currency (14/36)
    Rome: size=2, prod=Archers (28sh), bldgs=Palace
    Units: 1x Warriors
  [Civ 1] Romans turn: 2 actions — MOVE_UNIT(1), UNIT_ORDER(1)
    >>> Rome built Archers
    CHANGE_PRODUCTION city=0

══════════════════════════════════════════════════════════════════════
  TURN 31 — 3400 B.C. (4ms)
══════════════════════════════════════════════════════════════════════
  [Civ 1] Romans (despotism): 1 cities, 2 units, 24g, 6 techs, researching Writing (9/36)
    Thebes: size=2, prod=Legion (9sh)
    Units: 1x Warriors, 1x Archers
  [Civ 2] Babylonians (despotism): 1 cities, 1 units, 11g, 5 techs, researching Code of Laws (11/36)
    Babylon: size=2, prod=Wonder41 (136sh), bldgs=Palace
    Units: 1x Warriors
  [Civ 3] Germans (despotism): 1 cities, 3 units, 111g, 8 techs, researching Map Making (24/28)
    Berlin: size=2, prod=Settlers (19sh), bldgs=Palace
    Units: 1x Warriors, 1x Horsemen, 1x Settlers
  [Civ 4] Egyptians (despotism): 1 cities, 2 units, 34g, 6 techs, researching Currency (16/36)
    Rome: size=2, prod=Wonder42 (0sh), bldgs=Palace
    Units: 1x Warriors, 1x Archers
  [Civ 1] Romans turn: 1 actions — MOVE_UNIT(1)

══════════════════════════════════════════════════════════════════════
  TURN 32 — 3380 B.C. (5ms)
══════════════════════════════════════════════════════════════════════
  [Civ 1] Romans (despotism): 1 cities, 2 units, 24g, 6 techs, researching Writing (10/36)
    Thebes: size=2, prod=Legion (13sh)
    Units: 1x Warriors, 1x Archers
  [Civ 2] Babylonians (despotism): 1 cities, 1 units, 12g, 5 techs, researching Code of Laws (12/36)
    Babylon: size=2, prod=Wonder41 (142sh), bldgs=Palace
    Units: 1x Warriors
  [Civ 3] Germans (despotism): 1 cities, 3 units, 113g, 8 techs, researching Map Making (26/28)
    Berlin: size=2, prod=Settlers (22sh), bldgs=Palace
    Units: 1x Warriors, 1x Horsemen, 1x Settlers
  [Civ 4] Egyptians (despotism): 1 cities, 2 units, 36g, 6 techs, researching Currency (18/36)
    Rome: size=2, prod=Wonder42 (3sh), bldgs=Palace
    Units: 1x Warriors, 1x Archers
  [Civ 1] Romans turn: 5 actions — ADJUST_ATTITUDE(3), MOVE_UNIT(1), UNIT_ORDER(1)
    ADJUST_ATTITUDE target=civ2
    ADJUST_ATTITUDE target=civ3
    ADJUST_ATTITUDE target=civ4
    ADJUST_ATTITUDE target=civ1
    ADJUST_ATTITUDE target=civ3
    ADJUST_ATTITUDE target=civ4
    >>> Germans discovered: Map Making
    SET_RESEARCH tech=Currency
    ADJUST_ATTITUDE target=civ1
    ADJUST_ATTITUDE target=civ2
    ADJUST_ATTITUDE target=civ4
    ADJUST_ATTITUDE target=civ1
    ADJUST_ATTITUDE target=civ2
    ADJUST_ATTITUDE target=civ3

══════════════════════════════════════════════════════════════════════
  TURN 33 — 3360 B.C. (6ms)
══════════════════════════════════════════════════════════════════════
  [Civ 1] Romans (despotism): 1 cities, 2 units, 24g, 6 techs, researching Writing (11/36)
    Thebes: size=2, prod=Legion (17sh)
    Units: 1x Warriors, 1x Archers
  [Civ 2] Babylonians (despotism): 1 cities, 1 units, 13g, 5 techs, researching Code of Laws (13/36)
    Babylon: size=2, prod=Wonder41 (148sh), bldgs=Palace
    Units: 1x Warriors
  [Civ 3] Germans (despotism): 1 cities, 3 units, 113g, 9 techs, researching Currency (0/32)
    Berlin: size=2, prod=Settlers (25sh), bldgs=Palace
    Units: 1x Warriors, 1x Horsemen, 1x Settlers
  [Civ 4] Egyptians (despotism): 1 cities, 2 units, 38g, 6 techs, researching Currency (20/36)
    Rome: size=2, prod=Wonder42 (6sh), bldgs=Palace
    Units: 1x Warriors, 1x Archers
  [Civ 1] Romans turn: 2 actions — MOVE_UNIT(1), UNIT_ORDER(1)

══════════════════════════════════════════════════════════════════════
  TURN 34 — 3340 B.C. (5ms)
══════════════════════════════════════════════════════════════════════
  [Civ 1] Romans (despotism): 1 cities, 2 units, 24g, 7 techs, researching Writing (12/33)
    Thebes: size=2, prod=Legion (21sh)
    Units: 1x Warriors, 1x Archers
  [Civ 2] Babylonians (despotism): 1 cities, 1 units, 14g, 5 techs, researching Code of Laws (14/36)
    Babylon: size=2, prod=Wonder41 (154sh), bldgs=Palace
    Units: 1x Warriors
  [Civ 3] Germans (despotism): 1 cities, 3 units, 115g, 9 techs, researching Currency (2/32)
    Berlin: size=2, prod=Settlers (28sh), bldgs=Palace
    Units: 1x Warriors, 1x Horsemen, 1x Settlers
  [Civ 4] Egyptians (despotism): 1 cities, 2 units, 40g, 6 techs, researching Currency (22/36)
    Rome: size=2, prod=Wonder42 (9sh), bldgs=Palace
    Units: 1x Warriors, 1x Archers
  [Civ 1] Romans turn: 2 actions — MOVE_UNIT(1), UNIT_ORDER(1)
    RUSH_BUY city=2

══════════════════════════════════════════════════════════════════════
  TURN 35 — 3320 B.C. (5ms)
══════════════════════════════════════════════════════════════════════
  [Civ 1] Romans (despotism): 1 cities, 2 units, 24g, 7 techs, researching Writing (13/33)
    Thebes: size=2, prod=Legion (25sh)
    Units: 1x Warriors, 1x Archers
  [Civ 2] Babylonians (despotism): 1 cities, 1 units, 15g, 6 techs, researching Code of Laws (15/36)
    Babylon: size=2, prod=Wonder41 (160sh), bldgs=Palace
    Units: 1x Warriors
  [Civ 3] Germans (despotism): 1 cities, 3 units, 95g, 9 techs, researching Currency (4/32)
    Berlin: size=2, prod=Settlers (40sh), bldgs=Palace
    Units: 1x Warriors, 1x Horsemen, 1x Settlers
  [Civ 4] Egyptians (despotism): 1 cities, 2 units, 42g, 6 techs, researching Currency (24/36)
    Rome: size=2, prod=Wonder42 (12sh), bldgs=Palace
    Units: 1x Warriors, 1x Archers
  [Civ 1] Romans turn: 2 actions — MOVE_UNIT(1), UNIT_ORDER(1)
    >>> Berlin built Settlers

══════════════════════════════════════════════════════════════════════
  TURN 36 — 3300 B.C. (6ms)
══════════════════════════════════════════════════════════════════════
  [Civ 1] Romans (despotism): 1 cities, 1 units, 24g, 7 techs, researching Writing (14/33)
    Thebes: size=2, prod=Legion (29sh)
    Units: 1x Warriors
  [Civ 2] Babylonians (despotism): 1 cities, 1 units, 16g, 6 techs, researching Code of Laws (16/36)
    Babylon: size=2, prod=Wonder41 (166sh), bldgs=Palace
    Units: 1x Warriors
  [Civ 3] Germans (despotism): 1 cities, 4 units, 96g, 9 techs, researching Currency (6/32)
    Berlin: size=1, prod=Settlers (3sh), bldgs=Palace
    Units: 1x Warriors, 1x Horsemen, 2x Settlers
  [Civ 4] Egyptians (despotism): 1 cities, 2 units, 44g, 6 techs, researching Currency (26/36)
    Rome: size=2, prod=Wonder42 (15sh), bldgs=Palace
    Units: 1x Warriors, 1x Archers
  [Civ 1] Romans turn: 0 actions — idle

══════════════════════════════════════════════════════════════════════
  TURN 37 — 3280 B.C. (17ms)
══════════════════════════════════════════════════════════════════════
  [Civ 1] Romans (despotism): 1 cities, 1 units, 24g, 7 techs, researching Writing (15/33)
    Thebes: size=2, prod=Legion (33sh)
    Units: 1x Warriors
  [Civ 2] Babylonians (despotism): 1 cities, 1 units, 17g, 6 techs, researching Code of Laws (17/36)
    Babylon: size=2, prod=Wonder41 (172sh), bldgs=Palace
    Units: 1x Warriors
  [Civ 3] Germans (despotism): 1 cities, 4 units, 97g, 9 techs, researching Currency (8/32)
    Berlin: size=1, prod=Settlers (4sh), bldgs=Palace
    Units: 1x Warriors, 1x Horsemen, 2x Settlers
  [Civ 4] Egyptians (despotism): 1 cities, 2 units, 46g, 6 techs, researching Currency (28/36)
    Rome: size=2, prod=Wonder42 (18sh), bldgs=Palace
    Units: 1x Warriors, 1x Archers
  [Civ 1] Romans turn: 0 actions — idle

══════════════════════════════════════════════════════════════════════
  TURN 38 — 3260 B.C. (6ms)
══════════════════════════════════════════════════════════════════════
  [Civ 1] Romans (despotism): 1 cities, 1 units, 24g, 7 techs, researching Writing (16/33)
    Thebes: size=2, prod=Legion (37sh)
    Units: 1x Warriors
  [Civ 2] Babylonians (despotism): 1 cities, 1 units, 18g, 6 techs, researching Code of Laws (18/36)
    Babylon: size=2, prod=Wonder41 (178sh), bldgs=Palace
    Units: 1x Warriors
  [Civ 3] Germans (despotism): 1 cities, 4 units, 98g, 9 techs, researching Currency (10/32)
    Berlin: size=1, prod=Settlers (5sh), bldgs=Palace
    Units: 1x Warriors, 1x Horsemen, 2x Settlers
  [Civ 4] Egyptians (despotism): 1 cities, 2 units, 48g, 6 techs, researching Currency (30/36)
    Rome: size=2, prod=Wonder42 (21sh), bldgs=Palace
    Units: 1x Warriors, 1x Archers
  [Civ 1] Romans turn: 0 actions — idle
    >>> Thebes built Legion

══════════════════════════════════════════════════════════════════════
  TURN 39 — 3240 B.C. (9ms)
══════════════════════════════════════════════════════════════════════
  [Civ 1] Romans (despotism): 1 cities, 2 units, 24g, 7 techs, researching Writing (17/33)
    Thebes: size=2, prod=Legion (1sh)
    Units: 1x Warriors, 1x Legion
  [Civ 2] Babylonians (despotism): 1 cities, 1 units, 19g, 6 techs, researching Code of Laws (19/36)
    Babylon: size=2, prod=Wonder41 (184sh), bldgs=Palace
    Units: 1x Warriors
  [Civ 3] Germans (despotism): 1 cities, 4 units, 99g, 9 techs, researching Currency (12/32)
    Berlin: size=1, prod=Settlers (6sh), bldgs=Palace
    Units: 1x Warriors, 1x Horsemen, 2x Settlers
  [Civ 4] Egyptians (despotism): 1 cities, 2 units, 81g, 6 techs, researching Currency (32/36)
    Rome: size=2, prod=Wonder42 (24sh), bldgs=Palace
    Units: 1x Warriors, 1x Archers
  [Civ 1] Romans turn: 1 actions — CHANGE_PRODUCTION(1)
    CHANGE_PRODUCTION city=3

══════════════════════════════════════════════════════════════════════
  TURN 40 — 3220 B.C. (7ms)
══════════════════════════════════════════════════════════════════════
  [Civ 1] Romans (despotism): 1 cities, 2 units, 24g, 7 techs, researching Writing (18/33)
    Thebes: size=2, prod=Archers (4sh)
    Units: 1x Warriors, 1x Legion
  [Civ 2] Babylonians (despotism): 1 cities, 1 units, 20g, 6 techs, researching Code of Laws (20/36)
    Babylon: size=2, prod=Wonder41 (190sh), bldgs=Palace
    Units: 1x Warriors
  [Civ 3] Germans (despotism): 1 cities, 4 units, 100g, 9 techs, researching Currency (14/32)
    Berlin: size=1, prod=Settlers (7sh), bldgs=Palace
    Units: 1x Warriors, 1x Horsemen, 2x Settlers
  [Civ 4] Egyptians (despotism): 1 cities, 2 units, 83g, 6 techs, researching Currency (34/36)
    Rome: size=2, prod=Wonder42 (27sh), bldgs=Palace
    Units: 1x Warriors, 1x Archers
  [Civ 1] Romans turn: 2 actions — MOVE_UNIT(1), UNIT_ORDER(1)
    COMBAT: Legion vs Warriors → atkWin (atkHp=undefined, defHp=undefined)
    END_TURN REJECTED: 1 units still need orders
      #1 Warriors(Atk) @(11,71) mv=3 ord=none hp=full
    >>> Egyptians discovered: Currency
    SET_RESEARCH tech=Masonry

══════════════════════════════════════════════════════════════════════
  TURN 41 — 3200 B.C. (9ms)
══════════════════════════════════════════════════════════════════════
  [Civ 1] Romans (despotism): 1 cities, 2 units, 124g, 7 techs, researching Writing (19/33)
    Thebes: size=2, prod=Archers (8sh)
    Units: 1x Warriors, 1x Legion
  [Civ 2] Babylonians (despotism): 1 cities, 1 units, 21g, 6 techs, researching Code of Laws (21/36)
    Babylon: size=2, prod=Wonder41 (196sh), bldgs=Palace
    Units: 1x Warriors
  [Civ 3] Germans (despotism): 1 cities, 4 units, 101g, 9 techs, researching Currency (16/32)
    Berlin: size=1, prod=Settlers (8sh), bldgs=Palace
    Units: 1x Warriors, 1x Horsemen, 2x Settlers
  [Civ 4] Egyptians (despotism): 1 cities, 2 units, 83g, 7 techs, researching Masonry (0/33)
    Rome: size=2, prod=Wonder42 (30sh), bldgs=Palace
    Units: 1x Warriors, 1x Archers
  [Civ 1] Romans turn: 3 actions — UNIT_ORDER(2), MOVE_UNIT(1)
    >>> Babylon built Wonder41
    CHANGE_PRODUCTION city=1
    >>> Rome grew to size 3

══════════════════════════════════════════════════════════════════════
  TURN 42 — 3180 B.C. (4ms)
══════════════════════════════════════════════════════════════════════
  [Civ 1] Romans (despotism): 1 cities, 2 units, 124g, 7 techs, researching Writing (20/33)
    Thebes: size=2, prod=Archers (12sh)
    Units: 1x Warriors, 1x Legion
  [Civ 2] Babylonians (despotism): 1 cities, 1 units, 22g, 6 techs, researching Code of Laws (23/36)
    Babylon: size=2, prod=Trireme (0sh), bldgs=Palace
    Units: 1x Warriors
  [Civ 3] Germans (despotism): 1 cities, 4 units, 102g, 9 techs, researching Currency (18/32)
    Berlin: size=1, prod=Settlers (9sh), bldgs=Palace
    Units: 1x Warriors, 1x Horsemen, 2x Settlers
  [Civ 4] Egyptians (despotism): 1 cities, 2 units, 85g, 7 techs, researching Masonry (3/33)
    Rome: size=3, prod=Wonder42 (33sh), bldgs=Palace
    Units: 1x Warriors, 1x Archers
  [Civ 1] Romans turn: 2 actions — MOVE_UNIT(1), UNIT_ORDER(1)
    >>> Thebes grew to size 3

══════════════════════════════════════════════════════════════════════
  TURN 43 — 3160 B.C. (5ms)
══════════════════════════════════════════════════════════════════════
  [Civ 1] Romans (despotism): 1 cities, 2 units, 124g, 7 techs, researching Writing (21/33)
    Thebes: size=3, prod=Archers (16sh)
    Units: 1x Warriors, 1x Legion
  [Civ 2] Babylonians (despotism): 1 cities, 1 units, 23g, 6 techs, researching Code of Laws (25/36)
    Babylon: size=2, prod=Trireme (6sh), bldgs=Palace
    Units: 1x Warriors
  [Civ 3] Germans (despotism): 1 cities, 4 units, 103g, 9 techs, researching Currency (20/32)
    Berlin: size=1, prod=Settlers (10sh), bldgs=Palace
    Units: 1x Warriors, 1x Horsemen, 2x Settlers
  [Civ 4] Egyptians (despotism): 1 cities, 2 units, 87g, 7 techs, researching Masonry (6/33)
    Rome: size=3, prod=Wonder42 (37sh), bldgs=Palace
    Units: 1x Warriors, 1x Archers
  [Civ 1] Romans turn: 2 actions — MOVE_UNIT(1), UNIT_ORDER(1)

══════════════════════════════════════════════════════════════════════
  TURN 44 — 3140 B.C. (4ms)
══════════════════════════════════════════════════════════════════════
  [Civ 1] Romans (despotism): 1 cities, 2 units, 124g, 7 techs, researching Writing (22/33)
    Thebes: size=3, prod=Archers (21sh)
    Units: 1x Warriors, 1x Legion
  [Civ 2] Babylonians (despotism): 1 cities, 1 units, 24g, 6 techs, researching Code of Laws (27/36)
    Babylon: size=2, prod=Trireme (12sh), bldgs=Palace
    Units: 1x Warriors
  [Civ 3] Germans (despotism): 1 cities, 4 units, 104g, 9 techs, researching Currency (22/32)
    Berlin: size=1, prod=Settlers (11sh), bldgs=Palace
    Units: 1x Warriors, 1x Horsemen, 2x Settlers
  [Civ 4] Egyptians (despotism): 1 cities, 2 units, 89g, 7 techs, researching Masonry (9/33)
    Rome: size=3, prod=Wonder42 (41sh), bldgs=Palace
    Units: 1x Warriors, 1x Archers
  [Civ 1] Romans turn: 2 actions — MOVE_UNIT(1), UNIT_ORDER(1)

══════════════════════════════════════════════════════════════════════
  TURN 45 — 3120 B.C. (5ms)
══════════════════════════════════════════════════════════════════════
  [Civ 1] Romans (despotism): 1 cities, 2 units, 124g, 7 techs, researching Writing (23/33)
    Thebes: size=3, prod=Archers (26sh)
    Units: 1x Warriors, 1x Legion
  [Civ 2] Babylonians (despotism): 1 cities, 1 units, 25g, 6 techs, researching Code of Laws (29/36)
    Babylon: size=2, prod=Trireme (18sh), bldgs=Palace
    Units: 1x Warriors
  [Civ 3] Germans (despotism): 1 cities, 4 units, 105g, 9 techs, researching Currency (24/32)
    Berlin: size=1, prod=Settlers (12sh), bldgs=Palace
    Units: 1x Warriors, 1x Horsemen, 2x Settlers
  [Civ 4] Egyptians (despotism): 1 cities, 2 units, 91g, 7 techs, researching Masonry (12/33)
    Rome: size=3, prod=Wonder42 (45sh), bldgs=Palace
    Units: 1x Warriors, 1x Archers
  [Civ 1] Romans turn: 2 actions — MOVE_UNIT(1), UNIT_ORDER(1)
    >>> Thebes built Archers

══════════════════════════════════════════════════════════════════════
  TURN 46 — 3100 B.C. (4ms)
══════════════════════════════════════════════════════════════════════
  [Civ 1] Romans (despotism): 1 cities, 3 units, 124g, 7 techs, researching Writing (24/33)
    Thebes: size=3, prod=Archers (1sh)
    Units: 1x Warriors, 1x Legion, 1x Archers
  [Civ 2] Babylonians (despotism): 1 cities, 1 units, 26g, 6 techs, researching Code of Laws (31/36)
    Babylon: size=2, prod=Trireme (24sh), bldgs=Palace
    Units: 1x Warriors
  [Civ 3] Germans (despotism): 1 cities, 4 units, 106g, 9 techs, researching Currency (26/32)
    Berlin: size=1, prod=Settlers (13sh), bldgs=Palace
    Units: 1x Warriors, 1x Horsemen, 2x Settlers
  [Civ 4] Egyptians (despotism): 1 cities, 2 units, 93g, 7 techs, researching Masonry (15/33)
    Rome: size=3, prod=Wonder42 (49sh), bldgs=Palace
    Units: 1x Warriors, 1x Archers
  [Civ 1] Romans turn: 3 actions — CHANGE_PRODUCTION(1), MOVE_UNIT(1), UNIT_ORDER(1)
    CHANGE_PRODUCTION city=3

══════════════════════════════════════════════════════════════════════
  TURN 47 — 3080 B.C. (5ms)
══════════════════════════════════════════════════════════════════════
  [Civ 1] Romans (despotism): 1 cities, 3 units, 124g, 7 techs, researching Writing (25/33)
    Thebes: size=3, prod=Horsemen (5sh)
    Units: 1x Warriors, 1x Legion, 1x Archers
  [Civ 2] Babylonians (despotism): 1 cities, 1 units, 27g, 6 techs, researching Code of Laws (33/36)
    Babylon: size=2, prod=Trireme (30sh), bldgs=Palace
    Units: 1x Warriors
  [Civ 3] Germans (despotism): 1 cities, 4 units, 107g, 9 techs, researching Currency (28/32)
    Berlin: size=1, prod=Settlers (14sh), bldgs=Palace
    Units: 1x Warriors, 1x Horsemen, 2x Settlers
  [Civ 4] Egyptians (despotism): 1 cities, 2 units, 95g, 7 techs, researching Masonry (18/33)
    Rome: size=3, prod=Wonder42 (53sh), bldgs=Palace
    Units: 1x Warriors, 1x Archers
  [Civ 1] Romans turn: 4 actions — MOVE_UNIT(2), UNIT_ORDER(2)

══════════════════════════════════════════════════════════════════════
  TURN 48 — 3060 B.C. (5ms)
══════════════════════════════════════════════════════════════════════
  [Civ 1] Romans (despotism): 1 cities, 3 units, 124g, 7 techs, researching Writing (26/33)
    Thebes: size=3, prod=Horsemen (10sh)
    Units: 1x Warriors, 1x Legion, 1x Archers
  [Civ 2] Babylonians (despotism): 1 cities, 1 units, 28g, 6 techs, researching Code of Laws (35/36)
    Babylon: size=2, prod=Trireme (36sh), bldgs=Palace
    Units: 1x Warriors
  [Civ 3] Germans (despotism): 1 cities, 4 units, 108g, 9 techs, researching Currency (30/32)
    Berlin: size=1, prod=Settlers (15sh), bldgs=Palace
    Units: 1x Warriors, 1x Horsemen, 2x Settlers
  [Civ 4] Egyptians (despotism): 1 cities, 2 units, 97g, 7 techs, researching Masonry (21/33)
    Rome: size=3, prod=Wonder42 (57sh), bldgs=Palace
    Units: 1x Warriors, 1x Archers
  [Civ 1] Romans turn: 3 actions — MOVE_UNIT(2), UNIT_ORDER(1)
    >>> Babylonians discovered: Code of Laws
    >>> Babylon built Trireme
    SET_RESEARCH tech=Masonry
    CHANGE_PRODUCTION city=1
    >>> Germans discovered: Currency
    SET_RESEARCH tech=Seafaring

══════════════════════════════════════════════════════════════════════
  TURN 49 — 3040 B.C. (6ms)
══════════════════════════════════════════════════════════════════════
  [Civ 1] Romans (despotism): 1 cities, 3 units, 124g, 7 techs, researching Writing (27/33)
    Thebes: size=3, prod=Horsemen (15sh)
    Units: 1x Warriors, 1x Legion, 1x Archers
  [Civ 2] Babylonians (despotism): 1 cities, 2 units, 28g, 7 techs, researching Masonry (0/33)
    Babylon: size=2, prod=building:7 (0sh), bldgs=Palace
    Units: 1x Warriors, 1x Trireme
  [Civ 3] Germans (despotism): 1 cities, 4 units, 108g, 10 techs, researching Seafaring (0/48)
    Berlin: size=1, prod=Settlers (16sh), bldgs=Palace
    Units: 1x Warriors, 1x Horsemen, 2x Settlers
  [Civ 4] Egyptians (despotism): 1 cities, 2 units, 99g, 7 techs, researching Masonry (24/33)
    Rome: size=3, prod=Wonder42 (61sh), bldgs=Palace
    Units: 1x Warriors, 1x Archers
  [Civ 1] Romans turn: 4 actions — MOVE_UNIT(2), UNIT_ORDER(2)
    >>> Thebes built Horsemen

══════════════════════════════════════════════════════════════════════
  FINAL SUMMARY
══════════════════════════════════════════════════════════════════════
Game ended at turn 50 (3020 B.C.)

── Civ 1: Romans (despotism) ALIVE ──
  Cities: 1 (peak 1, founded 1)
  Units:  4 (peak 3)
  Treasury: 124g
  Techs discovered: 1 — Iron Working
  Actions: 93 total, 11 idle turns
  Breakdown: UNIT_ORDER(40), MOVE_UNIT(38), CHANGE_PRODUCTION(5), ADJUST_ATTITUDE(5), SET_RESEARCH(3), CHANGE_RATES(1), BUILD_CITY(1)
  Army: 1x Warriors, 1x Legion, 1x Archers, 1x Horsemen
  Thebes: size=3, shields=0

── Civ 2: Babylonians (despotism) ALIVE ──
  Cities: 1 (peak 1, founded 1)
  Units:  2 (peak 2)
  Treasury: 29g
  Techs discovered: 1 — Code of Laws
  Actions: 113 total, 0 idle turns
  Breakdown: UNIT_ORDER(52), MOVE_UNIT(51), CHANGE_PRODUCTION(3), ADJUST_ATTITUDE(3), SET_RESEARCH(2), CHANGE_RATES(1), BUILD_CITY(1)
  Army: 1x Warriors, 1x Trireme
  Babylon: size=2, shields=6

── Civ 3: Germans (despotism) ALIVE ──
  Cities: 1 (peak 1, founded 1)
  Units:  4 (peak 4)
  Treasury: 109g
  Techs discovered: 3 — Masonry, Map Making, Currency
  Actions: 215 total, 0 idle turns
  Breakdown: UNIT_ORDER(102), MOVE_UNIT(101), SET_RESEARCH(4), ADJUST_ATTITUDE(3), CHANGE_PRODUCTION(2), CHANGE_RATES(1), BUILD_CITY(1), RUSH_BUY(1)
  Army: 1x Warriors, 1x Horsemen, 2x Settlers
  Berlin: size=1, shields=17

── Civ 4: Egyptians (despotism) ALIVE ──
  Cities: 1 (peak 2, founded 1)
  Units:  2 (peak 2)
  Treasury: 101g
  Techs discovered: 2 — Map Making, Currency
  Actions: 88 total, 11 idle turns
  Breakdown: UNIT_ORDER(38), MOVE_UNIT(36), ADJUST_ATTITUDE(5), CHANGE_PRODUCTION(4), SET_RESEARCH(3), CHANGE_RATES(1), BUILD_CITY(1)
  Army: 1x Warriors, 1x Archers
  Rome: size=3, shields=65


══════════════════════════════════════════════════════════════════════
  AI BEHAVIOR ANALYSIS
══════════════════════════════════════════════════════════════════════
[Civ 1] Romans:
  WARNING: Only 1 city after 30+ turns

[Civ 2] Babylonians:
  WARNING: Only 1 city after 30+ turns

[Civ 3] Germans:
  WARNING: Only 1 city after 30+ turns
  WARNING: 2 units stuck (busy orders outside city)

[Civ 4] Egyptians:
  WARNING: Only 1 city after 30+ turns

