Charlization AI Headless Simulation
Date: 2026-03-17T01:12:34.872Z
Settings: 50 turns, 4 AI players, 50x80 map, difficulty=prince
Map seed: 7182
Map generated in 71ms
Game initialized: 4 civs, 8 starting units
  Civ 1 (Romans): starts at (7,71) on Grassland
  Civ 2 (Babylonians): starts at (6,8) on Plains
  Civ 3 (Germans): starts at (43,39) on Plains
  Civ 4 (Egyptians): starts at (18,34) on Plains
    SET_RESEARCH tech=Map Making
    CHANGE_RATES sci=6 tax=4 lux=undefined
    BUILD_CITY unit=0 name="Rome"
    1 actions REJECTED (of 6)
    SET_RESEARCH tech=Code of Laws
    CHANGE_RATES sci=6 tax=4 lux=undefined
    BUILD_CITY unit=2 name="Babylon"
    1 actions REJECTED (of 6)
    SET_RESEARCH tech=Alphabet
    CHANGE_RATES sci=6 tax=4 lux=undefined
    BUILD_CITY unit=4 name="Berlin"
    1 actions REJECTED (of 6)
    SET_RESEARCH tech=Map Making
    CHANGE_RATES sci=6 tax=4 lux=undefined
    BUILD_CITY unit=6 name="Thebes"
    1 actions REJECTED (of 6)

══════════════════════════════════════════════════════════════════════
  TURN 1 — 4000 B.C. (36ms)
══════════════════════════════════════════════════════════════════════
  [Civ 1] Romans (despotism): 1 cities, 1 units, 1g, 3 techs, researching Map Making (3/28)
    Rome: size=1, prod=Warriors (2sh), bldgs=Palace
    Units: 1x Warriors
  [Civ 2] Babylonians (despotism): 1 cities, 1 units, 0g, 3 techs, researching Code of Laws (0/28)
    Babylon: size=1, prod=Warriors (0sh), bldgs=Palace
    Units: 1x Warriors
  [Civ 3] Germans (despotism): 1 cities, 1 units, 0g, 3 techs, researching Alphabet (0/28)
    Berlin: size=1, prod=Warriors (0sh), bldgs=Palace
    Units: 1x Warriors
  [Civ 4] Egyptians (despotism): 1 cities, 1 units, 0g, 3 techs, researching Map Making (0/28)
    Thebes: size=1, prod=Warriors (0sh), bldgs=Palace
    Units: 1x Warriors
  [Civ 1] Romans turn: 3 actions — CHANGE_PRODUCTION(1), MOVE_UNIT(1), UNIT_ORDER(1)
    CHANGE_PRODUCTION city=0
    CHANGE_PRODUCTION city=1
    SET_RESEARCH tech=Map Making
    CHANGE_PRODUCTION city=2
    CHANGE_PRODUCTION city=3

══════════════════════════════════════════════════════════════════════
  TURN 2 — 3980 B.C. (15ms)
══════════════════════════════════════════════════════════════════════
  [Civ 1] Romans (despotism): 1 cities, 1 units, 2g, 4 techs, researching Map Making (6/33)
    Rome: size=1, prod=Wonder40 (2sh), bldgs=Palace
    Units: 1x Warriors
  [Civ 2] Babylonians (despotism): 1 cities, 1 units, 0g, 3 techs, researching Code of Laws (2/28)
    Babylon: size=1, prod=building:3 (0sh), bldgs=Palace
    Units: 1x Warriors
  [Civ 3] Germans (despotism): 1 cities, 1 units, 1g, 6 techs, researching Map Making (2/36)
    Berlin: size=1, prod=building:3 (0sh), bldgs=Palace
    Units: 1x Warriors
  [Civ 4] Egyptians (despotism): 1 cities, 1 units, 1g, 3 techs, researching Map Making (2/28)
    Thebes: size=1, prod=building:3 (0sh), bldgs=Palace
    Units: 1x Warriors
  [Civ 1] Romans turn: 2 actions — MOVE_UNIT(1), UNIT_ORDER(1)

══════════════════════════════════════════════════════════════════════
  TURN 3 — 3960 B.C. (8ms)
══════════════════════════════════════════════════════════════════════
  [Civ 1] Romans (despotism): 1 cities, 1 units, 3g, 4 techs, researching Map Making (9/33)
    Rome: size=1, prod=Wonder40 (4sh), bldgs=Palace
    Units: 1x Warriors
  [Civ 2] Babylonians (despotism): 1 cities, 1 units, 0g, 3 techs, researching Code of Laws (4/28)
    Babylon: size=1, prod=building:3 (2sh), bldgs=Palace
    Units: 1x Warriors
  [Civ 3] Germans (despotism): 1 cities, 1 units, 2g, 6 techs, researching Map Making (4/36)
    Berlin: size=1, prod=building:3 (2sh), bldgs=Palace
    Units: 1x Warriors
  [Civ 4] Egyptians (despotism): 1 cities, 1 units, 2g, 3 techs, researching Map Making (4/28)
    Thebes: size=1, prod=building:3 (2sh), bldgs=Palace
    Units: 1x Warriors
  [Civ 1] Romans turn: 2 actions — MOVE_UNIT(1), UNIT_ORDER(1)

══════════════════════════════════════════════════════════════════════
  TURN 4 — 3940 B.C. (5ms)
══════════════════════════════════════════════════════════════════════
  [Civ 1] Romans (despotism): 1 cities, 1 units, 4g, 4 techs, researching Map Making (12/33)
    Rome: size=1, prod=Wonder40 (6sh), bldgs=Palace
    Units: 1x Warriors
  [Civ 2] Babylonians (despotism): 1 cities, 1 units, 0g, 3 techs, researching Code of Laws (6/28)
    Babylon: size=1, prod=building:3 (4sh), bldgs=Palace
    Units: 1x Warriors
  [Civ 3] Germans (despotism): 1 cities, 1 units, 3g, 6 techs, researching Map Making (6/36)
    Berlin: size=1, prod=building:3 (4sh), bldgs=Palace
    Units: 1x Warriors
  [Civ 4] Egyptians (despotism): 1 cities, 1 units, 3g, 3 techs, researching Map Making (6/28)
    Thebes: size=1, prod=building:3 (4sh), bldgs=Palace
    Units: 1x Warriors
  [Civ 1] Romans turn: 2 actions — MOVE_UNIT(1), UNIT_ORDER(1)

══════════════════════════════════════════════════════════════════════
  TURN 5 — 3920 B.C. (6ms)
══════════════════════════════════════════════════════════════════════
  [Civ 1] Romans (despotism): 1 cities, 1 units, 5g, 4 techs, researching Map Making (15/33)
    Rome: size=1, prod=Wonder40 (8sh), bldgs=Palace
    Units: 1x Warriors
  [Civ 2] Babylonians (despotism): 1 cities, 1 units, 0g, 3 techs, researching Code of Laws (8/28)
    Babylon: size=1, prod=building:3 (6sh), bldgs=Palace
    Units: 1x Warriors
  [Civ 3] Germans (despotism): 1 cities, 1 units, 4g, 6 techs, researching Map Making (8/36)
    Berlin: size=1, prod=building:3 (6sh), bldgs=Palace
    Units: 1x Warriors
  [Civ 4] Egyptians (despotism): 1 cities, 1 units, 4g, 3 techs, researching Map Making (8/28)
    Thebes: size=1, prod=building:3 (6sh), bldgs=Palace
    Units: 1x Warriors
  [Civ 1] Romans turn: 2 actions — MOVE_UNIT(1), UNIT_ORDER(1)

══════════════════════════════════════════════════════════════════════
  TURN 6 — 3900 B.C. (6ms)
══════════════════════════════════════════════════════════════════════
  [Civ 1] Romans (despotism): 1 cities, 1 units, 48g, 4 techs, researching Map Making (18/33)
    Rome: size=1, prod=Wonder40 (10sh), bldgs=Palace
    Units: 1x Warriors
  [Civ 2] Babylonians (despotism): 1 cities, 1 units, 0g, 3 techs, researching Code of Laws (10/28)
    Babylon: size=1, prod=building:3 (8sh), bldgs=Palace
    Units: 1x Warriors
  [Civ 3] Germans (despotism): 1 cities, 1 units, 5g, 6 techs, researching Map Making (10/36)
    Berlin: size=1, prod=building:3 (8sh), bldgs=Palace
    Units: 1x Warriors
  [Civ 4] Egyptians (despotism): 1 cities, 1 units, 5g, 3 techs, researching Map Making (10/28)
    Thebes: size=1, prod=building:3 (8sh), bldgs=Palace
    Units: 1x Warriors
  [Civ 1] Romans turn: 2 actions — MOVE_UNIT(1), UNIT_ORDER(1)

══════════════════════════════════════════════════════════════════════
  TURN 7 — 3880 B.C. (6ms)
══════════════════════════════════════════════════════════════════════
  [Civ 1] Romans (despotism): 1 cities, 1 units, 49g, 4 techs, researching Map Making (21/33)
    Rome: size=1, prod=Wonder40 (12sh), bldgs=Palace
    Units: 1x Warriors
  [Civ 2] Babylonians (despotism): 1 cities, 1 units, 0g, 3 techs, researching Code of Laws (12/28)
    Babylon: size=1, prod=building:3 (10sh), bldgs=Palace
    Units: 1x Warriors
  [Civ 3] Germans (despotism): 1 cities, 1 units, 6g, 6 techs, researching Map Making (12/36)
    Berlin: size=1, prod=building:3 (10sh), bldgs=Palace
    Units: 1x Warriors
  [Civ 4] Egyptians (despotism): 1 cities, 1 units, 6g, 3 techs, researching Map Making (12/28)
    Thebes: size=1, prod=building:3 (10sh), bldgs=Palace
    Units: 1x Warriors
  [Civ 1] Romans turn: 2 actions — MOVE_UNIT(1), UNIT_ORDER(1)

══════════════════════════════════════════════════════════════════════
  TURN 8 — 3860 B.C. (6ms)
══════════════════════════════════════════════════════════════════════
  [Civ 1] Romans (despotism): 1 cities, 1 units, 50g, 4 techs, researching Map Making (24/33)
    Rome: size=1, prod=Wonder40 (14sh), bldgs=Palace
    Units: 1x Warriors
  [Civ 2] Babylonians (despotism): 1 cities, 1 units, 0g, 3 techs, researching Code of Laws (14/28)
    Babylon: size=1, prod=building:3 (12sh), bldgs=Palace
    Units: 1x Warriors
  [Civ 3] Germans (despotism): 1 cities, 1 units, 7g, 6 techs, researching Map Making (14/36)
    Berlin: size=1, prod=building:3 (12sh), bldgs=Palace
    Units: 1x Warriors
  [Civ 4] Egyptians (despotism): 1 cities, 1 units, 7g, 3 techs, researching Map Making (14/28)
    Thebes: size=1, prod=building:3 (12sh), bldgs=Palace
    Units: 1x Warriors
  [Civ 1] Romans turn: 2 actions — MOVE_UNIT(1), UNIT_ORDER(1)

══════════════════════════════════════════════════════════════════════
  TURN 9 — 3840 B.C. (4ms)
══════════════════════════════════════════════════════════════════════
  [Civ 1] Romans (despotism): 1 cities, 1 units, 51g, 4 techs, researching Map Making (27/33)
    Rome: size=1, prod=Wonder40 (16sh), bldgs=Palace
    Units: 1x Warriors
  [Civ 2] Babylonians (despotism): 1 cities, 1 units, 0g, 3 techs, researching Code of Laws (16/28)
    Babylon: size=1, prod=building:3 (14sh), bldgs=Palace
    Units: 1x Warriors
  [Civ 3] Germans (despotism): 1 cities, 1 units, 8g, 6 techs, researching Map Making (16/36)
    Berlin: size=1, prod=building:3 (14sh), bldgs=Palace
    Units: 1x Warriors
  [Civ 4] Egyptians (despotism): 1 cities, 1 units, 8g, 3 techs, researching Map Making (16/28)
    Thebes: size=1, prod=building:3 (14sh), bldgs=Palace
    Units: 1x Warriors
  [Civ 1] Romans turn: 2 actions — MOVE_UNIT(1), UNIT_ORDER(1)
    >>> Rome grew to size 2

══════════════════════════════════════════════════════════════════════
  TURN 10 — 3820 B.C. (5ms)
══════════════════════════════════════════════════════════════════════
  [Civ 1] Romans (despotism): 1 cities, 1 units, 53g, 4 techs, researching Map Making (30/33)
    Rome: size=2, prod=Wonder40 (18sh), bldgs=Palace
    Units: 1x Warriors
  [Civ 2] Babylonians (despotism): 1 cities, 1 units, 45g, 3 techs, researching Code of Laws (18/28)
    Babylon: size=1, prod=building:3 (16sh), bldgs=Palace
    Units: 1x Warriors
  [Civ 3] Germans (despotism): 1 cities, 1 units, 9g, 6 techs, researching Map Making (18/36)
    Berlin: size=1, prod=building:3 (16sh), bldgs=Palace
    Units: 1x Warriors
  [Civ 4] Egyptians (despotism): 1 cities, 1 units, 9g, 3 techs, researching Map Making (18/28)
    Thebes: size=1, prod=building:3 (16sh), bldgs=Palace
    Units: 1x Warriors
  [Civ 1] Romans turn: 2 actions — MOVE_UNIT(1), UNIT_ORDER(1)
    >>> Babylon grew to size 2
    >>> Berlin grew to size 2
    >>> Thebes grew to size 2
    >>> Romans discovered: Map Making

══════════════════════════════════════════════════════════════════════
  TURN 11 — 3800 B.C. (8ms)
══════════════════════════════════════════════════════════════════════
  [Civ 1] Romans (despotism): 1 cities, 1 units, 53g, 5 techs, researching none (0/36)
    Rome: size=2, prod=Wonder40 (21sh), bldgs=Palace
    Units: 1x Warriors
  [Civ 2] Babylonians (despotism): 1 cities, 1 units, 46g, 3 techs, researching Code of Laws (20/28)
    Babylon: size=2, prod=building:3 (18sh), bldgs=Palace
    Units: 1x Warriors
  [Civ 3] Germans (despotism): 1 cities, 1 units, 10g, 6 techs, researching Map Making (21/36)
    Berlin: size=2, prod=building:3 (18sh), bldgs=Palace
    Units: 1x Warriors
  [Civ 4] Egyptians (despotism): 1 cities, 1 units, 10g, 3 techs, researching Map Making (21/28)
    Thebes: size=2, prod=building:3 (18sh), bldgs=Palace
    Units: 1x Warriors
  [Civ 1] Romans turn: 3 actions — SET_RESEARCH(1), MOVE_UNIT(1), UNIT_ORDER(1)
    SET_RESEARCH tech=Code of Laws

══════════════════════════════════════════════════════════════════════
  TURN 12 — 3780 B.C. (5ms)
══════════════════════════════════════════════════════════════════════
  [Civ 1] Romans (despotism): 1 cities, 1 units, 55g, 5 techs, researching Code of Laws (3/36)
    Rome: size=2, prod=Wonder40 (24sh), bldgs=Palace
    Units: 1x Warriors
  [Civ 2] Babylonians (despotism): 1 cities, 1 units, 47g, 3 techs, researching Code of Laws (22/28)
    Babylon: size=2, prod=building:3 (20sh), bldgs=Palace
    Units: 1x Warriors
  [Civ 3] Germans (despotism): 1 cities, 1 units, 11g, 6 techs, researching Map Making (24/36)
    Berlin: size=2, prod=building:3 (21sh), bldgs=Palace
    Units: 1x Warriors
  [Civ 4] Egyptians (despotism): 1 cities, 1 units, 11g, 3 techs, researching Map Making (24/28)
    Thebes: size=2, prod=building:3 (21sh), bldgs=Palace
    Units: 1x Warriors
  [Civ 1] Romans turn: 2 actions — MOVE_UNIT(1), UNIT_ORDER(1)

══════════════════════════════════════════════════════════════════════
  TURN 13 — 3760 B.C. (5ms)
══════════════════════════════════════════════════════════════════════
  [Civ 1] Romans (despotism): 1 cities, 1 units, 57g, 5 techs, researching Code of Laws (6/36)
    Rome: size=2, prod=Wonder40 (27sh), bldgs=Palace
    Units: 1x Warriors
  [Civ 2] Babylonians (despotism): 1 cities, 1 units, 48g, 3 techs, researching Code of Laws (24/28)
    Babylon: size=2, prod=building:3 (22sh), bldgs=Palace
    Units: 1x Warriors
  [Civ 3] Germans (despotism): 1 cities, 1 units, 12g, 6 techs, researching Map Making (27/36)
    Berlin: size=2, prod=building:3 (24sh), bldgs=Palace
    Units: 1x Warriors
  [Civ 4] Egyptians (despotism): 1 cities, 1 units, 12g, 3 techs, researching Map Making (27/28)
    Thebes: size=2, prod=building:3 (24sh), bldgs=Palace
    Units: 1x Warriors
  [Civ 1] Romans turn: 2 actions — MOVE_UNIT(1), UNIT_ORDER(1)
    ADJUST_ATTITUDE target=civ4
    >>> Egyptians discovered: Map Making
    SET_RESEARCH tech=Code of Laws

══════════════════════════════════════════════════════════════════════
  TURN 14 — 3740 B.C. (9ms)
══════════════════════════════════════════════════════════════════════
  [Civ 1] Romans (despotism): 1 cities, 1 units, 59g, 5 techs, researching Code of Laws (9/36)
    Rome: size=2, prod=Wonder40 (30sh), bldgs=Palace
    Units: 1x Warriors
  [Civ 2] Babylonians (despotism): 1 cities, 1 units, 49g, 3 techs, researching Code of Laws (26/28)
    Babylon: size=2, prod=building:3 (24sh), bldgs=Palace
    Units: 1x Warriors
  [Civ 3] Germans (despotism): 1 cities, 1 units, 13g, 6 techs, researching Map Making (30/36)
    Berlin: size=2, prod=building:3 (27sh), bldgs=Palace
    Units: 1x Warriors
  [Civ 4] Egyptians (despotism): 1 cities, 1 units, 12g, 4 techs, researching Code of Laws (0/33)
    Thebes: size=2, prod=building:3 (27sh), bldgs=Palace
    Units: 1x Warriors
  [Civ 1] Romans turn: 2 actions — MOVE_UNIT(1), UNIT_ORDER(1)
    >>> Babylonians discovered: Code of Laws
    SET_RESEARCH tech=Bronze Working
    ADJUST_ATTITUDE target=civ4

══════════════════════════════════════════════════════════════════════
  TURN 15 — 3720 B.C. (9ms)
══════════════════════════════════════════════════════════════════════
  [Civ 1] Romans (despotism): 1 cities, 1 units, 61g, 5 techs, researching Code of Laws (12/36)
    Rome: size=2, prod=Wonder40 (33sh), bldgs=Palace
    Units: 1x Warriors
  [Civ 2] Babylonians (despotism): 1 cities, 1 units, 49g, 4 techs, researching Bronze Working (0/33)
    Babylon: size=2, prod=building:3 (26sh), bldgs=Palace
    Units: 1x Warriors
  [Civ 3] Germans (despotism): 1 cities, 1 units, 14g, 6 techs, researching Map Making (33/36)
    Berlin: size=2, prod=building:3 (30sh), bldgs=Palace
    Units: 1x Warriors
  [Civ 4] Egyptians (despotism): 1 cities, 1 units, 13g, 4 techs, researching Code of Laws (3/33)
    Thebes: size=2, prod=building:3 (30sh), bldgs=Palace
    Units: 1x Warriors
  [Civ 1] Romans turn: 2 actions — MOVE_UNIT(1), UNIT_ORDER(1)
    ADJUST_ATTITUDE target=civ4
    >>> Germans discovered: Map Making
    SET_RESEARCH tech=Mathematics

══════════════════════════════════════════════════════════════════════
  TURN 16 — 3700 B.C. (5ms)
══════════════════════════════════════════════════════════════════════
  [Civ 1] Romans (despotism): 1 cities, 1 units, 63g, 5 techs, researching Code of Laws (15/36)
    Rome: size=2, prod=Wonder40 (36sh), bldgs=Palace
    Units: 1x Warriors
  [Civ 2] Babylonians (despotism): 1 cities, 1 units, 50g, 5 techs, researching Bronze Working (2/36)
    Babylon: size=2, prod=building:3 (28sh), bldgs=Palace
    Units: 1x Warriors
  [Civ 3] Germans (despotism): 1 cities, 1 units, 14g, 7 techs, researching Mathematics (0/33)
    Berlin: size=2, prod=building:3 (33sh), bldgs=Palace
    Units: 1x Warriors
  [Civ 4] Egyptians (despotism): 1 cities, 1 units, 14g, 4 techs, researching Code of Laws (6/33)
    Thebes: size=2, prod=building:3 (33sh), bldgs=Palace
    Units: 1x Warriors
  [Civ 1] Romans turn: 2 actions — MOVE_UNIT(1), UNIT_ORDER(1)

══════════════════════════════════════════════════════════════════════
  TURN 17 — 3680 B.C. (6ms)
══════════════════════════════════════════════════════════════════════
  [Civ 1] Romans (despotism): 1 cities, 1 units, 65g, 5 techs, researching Code of Laws (18/36)
    Rome: size=2, prod=Wonder40 (39sh), bldgs=Palace
    Units: 1x Warriors
  [Civ 2] Babylonians (despotism): 1 cities, 1 units, 51g, 5 techs, researching Bronze Working (4/36)
    Babylon: size=2, prod=building:3 (30sh), bldgs=Palace
    Units: 1x Warriors
  [Civ 3] Germans (despotism): 1 cities, 1 units, 15g, 7 techs, researching Mathematics (3/33)
    Berlin: size=2, prod=building:3 (36sh), bldgs=Palace
    Units: 1x Warriors
  [Civ 4] Egyptians (despotism): 1 cities, 1 units, 15g, 4 techs, researching Code of Laws (9/33)
    Thebes: size=2, prod=building:3 (36sh), bldgs=Palace
    Units: 1x Warriors
  [Civ 1] Romans turn: 2 actions — MOVE_UNIT(1), UNIT_ORDER(1)

══════════════════════════════════════════════════════════════════════
  TURN 18 — 3660 B.C. (6ms)
══════════════════════════════════════════════════════════════════════
  [Civ 1] Romans (despotism): 1 cities, 1 units, 67g, 5 techs, researching Code of Laws (21/36)
    Rome: size=2, prod=Wonder40 (42sh), bldgs=Palace
    Units: 1x Warriors
  [Civ 2] Babylonians (despotism): 1 cities, 1 units, 52g, 5 techs, researching Bronze Working (6/36)
    Babylon: size=2, prod=building:3 (32sh), bldgs=Palace
    Units: 1x Warriors
  [Civ 3] Germans (despotism): 1 cities, 1 units, 16g, 7 techs, researching Mathematics (6/33)
    Berlin: size=2, prod=building:3 (39sh), bldgs=Palace
    Units: 1x Warriors
  [Civ 4] Egyptians (despotism): 1 cities, 1 units, 16g, 4 techs, researching Code of Laws (12/33)
    Thebes: size=2, prod=building:3 (39sh), bldgs=Palace
    Units: 1x Warriors
  [Civ 1] Romans turn: 2 actions — MOVE_UNIT(1), UNIT_ORDER(1)

══════════════════════════════════════════════════════════════════════
  TURN 19 — 3640 B.C. (3ms)
══════════════════════════════════════════════════════════════════════
  [Civ 1] Romans (despotism): 1 cities, 1 units, 69g, 5 techs, researching Code of Laws (24/36)
    Rome: size=2, prod=Wonder40 (45sh), bldgs=Palace
    Units: 1x Warriors
  [Civ 2] Babylonians (despotism): 1 cities, 1 units, 53g, 5 techs, researching Bronze Working (8/36)
    Babylon: size=2, prod=building:3 (34sh), bldgs=Palace
    Units: 1x Warriors
  [Civ 3] Germans (despotism): 1 cities, 1 units, 17g, 7 techs, researching Mathematics (9/33)
    Berlin: size=2, prod=building:3 (42sh), bldgs=Palace
    Units: 1x Warriors
  [Civ 4] Egyptians (despotism): 1 cities, 1 units, 17g, 4 techs, researching Code of Laws (15/33)
    Thebes: size=2, prod=building:3 (42sh), bldgs=Palace
    Units: 1x Warriors
  [Civ 1] Romans turn: 2 actions — MOVE_UNIT(1), UNIT_ORDER(1)

══════════════════════════════════════════════════════════════════════
  TURN 20 — 3620 B.C. (5ms)
══════════════════════════════════════════════════════════════════════
  [Civ 1] Romans (despotism): 1 cities, 1 units, 71g, 5 techs, researching Code of Laws (27/36)
    Rome: size=2, prod=Wonder40 (48sh), bldgs=Palace
    Units: 1x Warriors
  [Civ 2] Babylonians (despotism): 1 cities, 1 units, 54g, 5 techs, researching Bronze Working (10/36)
    Babylon: size=2, prod=building:3 (36sh), bldgs=Palace
    Units: 1x Warriors
  [Civ 3] Germans (despotism): 1 cities, 1 units, 18g, 7 techs, researching Mathematics (12/33)
    Berlin: size=2, prod=building:3 (45sh), bldgs=Palace
    Units: 1x Warriors
  [Civ 4] Egyptians (despotism): 1 cities, 1 units, 18g, 4 techs, researching Code of Laws (18/33)
    Thebes: size=2, prod=building:3 (45sh), bldgs=Palace
    Units: 1x Warriors
  [Civ 1] Romans turn: 2 actions — MOVE_UNIT(1), UNIT_ORDER(1)

══════════════════════════════════════════════════════════════════════
  TURN 21 — 3600 B.C. (4ms)
══════════════════════════════════════════════════════════════════════
  [Civ 1] Romans (despotism): 1 cities, 1 units, 73g, 5 techs, researching Code of Laws (30/36)
    Rome: size=2, prod=Wonder40 (51sh), bldgs=Palace
    Units: 1x Warriors
  [Civ 2] Babylonians (despotism): 1 cities, 1 units, 55g, 5 techs, researching Bronze Working (12/36)
    Babylon: size=2, prod=building:3 (38sh), bldgs=Palace
    Units: 1x Warriors
  [Civ 3] Germans (despotism): 1 cities, 1 units, 19g, 7 techs, researching Mathematics (15/33)
    Berlin: size=2, prod=building:3 (48sh), bldgs=Palace
    Units: 1x Warriors
  [Civ 4] Egyptians (despotism): 1 cities, 1 units, 19g, 4 techs, researching Code of Laws (21/33)
    Thebes: size=2, prod=building:3 (48sh), bldgs=Palace
    Units: 1x Warriors
  [Civ 1] Romans turn: 2 actions — MOVE_UNIT(1), UNIT_ORDER(1)

══════════════════════════════════════════════════════════════════════
  TURN 22 — 3580 B.C. (5ms)
══════════════════════════════════════════════════════════════════════
  [Civ 1] Romans (despotism): 1 cities, 1 units, 75g, 5 techs, researching Code of Laws (33/36)
    Rome: size=2, prod=Wonder40 (54sh), bldgs=Palace
    Units: 1x Warriors
  [Civ 2] Babylonians (despotism): 1 cities, 1 units, 56g, 5 techs, researching Bronze Working (14/36)
    Babylon: size=2, prod=building:3 (40sh), bldgs=Palace
    Units: 1x Warriors
  [Civ 3] Germans (despotism): 1 cities, 1 units, 20g, 7 techs, researching Mathematics (18/33)
    Berlin: size=2, prod=building:3 (51sh), bldgs=Palace
    Units: 1x Warriors
  [Civ 4] Egyptians (despotism): 1 cities, 1 units, 20g, 4 techs, researching Code of Laws (24/33)
    Thebes: size=2, prod=building:3 (51sh), bldgs=Palace
    Units: 1x Warriors
  [Civ 1] Romans turn: 2 actions — MOVE_UNIT(1), UNIT_ORDER(1)
    >>> Romans discovered: Code of Laws

══════════════════════════════════════════════════════════════════════
  TURN 23 — 3560 B.C. (5ms)
══════════════════════════════════════════════════════════════════════
  [Civ 1] Romans (despotism): 1 cities, 1 units, 75g, 6 techs, researching none (0/36)
    Rome: size=2, prod=Wonder40 (57sh), bldgs=Palace
    Units: 1x Warriors
  [Civ 2] Babylonians (despotism): 1 cities, 1 units, 57g, 5 techs, researching Bronze Working (16/36)
    Babylon: size=2, prod=building:3 (42sh), bldgs=Palace
    Units: 1x Warriors
  [Civ 3] Germans (despotism): 1 cities, 1 units, 21g, 7 techs, researching Mathematics (21/33)
    Berlin: size=2, prod=building:3 (54sh), bldgs=Palace
    Units: 1x Warriors
  [Civ 4] Egyptians (despotism): 1 cities, 1 units, 21g, 4 techs, researching Code of Laws (27/33)
    Thebes: size=2, prod=building:3 (54sh), bldgs=Palace
    Units: 1x Warriors
  [Civ 1] Romans turn: 3 actions — SET_RESEARCH(1), MOVE_UNIT(1), UNIT_ORDER(1)
    SET_RESEARCH tech=Seafaring

══════════════════════════════════════════════════════════════════════
  TURN 24 — 3540 B.C. (3ms)
══════════════════════════════════════════════════════════════════════
  [Civ 1] Romans (despotism): 1 cities, 1 units, 77g, 6 techs, researching Seafaring (3/36)
    Rome: size=2, prod=Wonder40 (60sh), bldgs=Palace
    Units: 1x Warriors
  [Civ 2] Babylonians (despotism): 1 cities, 1 units, 58g, 5 techs, researching Bronze Working (18/36)
    Babylon: size=2, prod=building:3 (44sh), bldgs=Palace
    Units: 1x Warriors
  [Civ 3] Germans (despotism): 1 cities, 1 units, 22g, 7 techs, researching Mathematics (24/33)
    Berlin: size=2, prod=building:3 (57sh), bldgs=Palace
    Units: 1x Warriors
  [Civ 4] Egyptians (despotism): 1 cities, 1 units, 22g, 4 techs, researching Code of Laws (30/33)
    Thebes: size=2, prod=building:3 (57sh), bldgs=Palace
    Units: 1x Warriors
  [Civ 1] Romans turn: 2 actions — MOVE_UNIT(1), UNIT_ORDER(1)
    >>> Berlin built building:3
    CHANGE_PRODUCTION city=2
    >>> Egyptians discovered: Code of Laws
    >>> Thebes built building:3
    SET_RESEARCH tech=Writing
    CHANGE_PRODUCTION city=3
    >>> Rome grew to size 3

══════════════════════════════════════════════════════════════════════
  TURN 25 — 3520 B.C. (4ms)
══════════════════════════════════════════════════════════════════════
  [Civ 1] Romans (despotism): 1 cities, 1 units, 79g, 6 techs, researching Seafaring (7/36)
    Rome: size=3, prod=Wonder40 (63sh), bldgs=Palace
    Units: 1x Warriors
  [Civ 2] Babylonians (despotism): 1 cities, 1 units, 59g, 5 techs, researching Bronze Working (20/36)
    Babylon: size=2, prod=building:3 (46sh), bldgs=Palace
    Units: 1x Warriors
  [Civ 3] Germans (despotism): 1 cities, 1 units, 22g, 8 techs, researching Mathematics (27/28)
    Berlin: size=2, prod=building:7 (0sh), bldgs=Palace, Granary
    Units: 1x Warriors
  [Civ 4] Egyptians (despotism): 1 cities, 1 units, 22g, 5 techs, researching Writing (0/36)
    Thebes: size=2, prod=Wonder39 (0sh), bldgs=Palace, Granary
    Units: 1x Warriors
  [Civ 1] Romans turn: 2 actions — MOVE_UNIT(1), UNIT_ORDER(1)
    >>> Babylon grew to size 3
    >>> Germans discovered: Mathematics
    >>> Berlin grew to size 3
    SET_RESEARCH tech=Bronze Working
    >>> Thebes grew to size 3
    ADJUST_ATTITUDE target=civ2
    ADJUST_ATTITUDE target=civ2

══════════════════════════════════════════════════════════════════════
  TURN 26 — 3500 B.C. (5ms)
══════════════════════════════════════════════════════════════════════
  [Civ 1] Romans (despotism): 1 cities, 1 units, 81g, 6 techs, researching Seafaring (11/36)
    Rome: size=3, prod=Wonder40 (67sh), bldgs=Palace
    Units: 1x Warriors
  [Civ 2] Babylonians (despotism): 1 cities, 1 units, 60g, 5 techs, researching Bronze Working (23/36)
    Babylon: size=3, prod=building:3 (48sh), bldgs=Palace
    Units: 1x Warriors
  [Civ 3] Germans (despotism): 1 cities, 1 units, 22g, 9 techs, researching Bronze Working (0/32)
    Berlin: size=3, prod=building:7 (3sh), bldgs=Palace, Granary
    Units: 1x Warriors
  [Civ 4] Egyptians (despotism): 1 cities, 1 units, 23g, 5 techs, researching Writing (3/36)
    Thebes: size=3, prod=Wonder39 (3sh), bldgs=Palace, Granary
    Units: 1x Warriors
  [Civ 1] Romans turn: 2 actions — MOVE_UNIT(1), UNIT_ORDER(1)
    COMBAT: ? vs ? → capture (atkHp=undefined, defHp=undefined)

══════════════════════════════════════════════════════════════════════
  TURN 27 — 3480 B.C. (5ms)
══════════════════════════════════════════════════════════════════════
  [Civ 1] Romans (despotism): 1 cities, 1 units, 83g, 6 techs, researching Seafaring (15/36)
    Rome: size=3, prod=Wonder40 (71sh), bldgs=Palace
    Units: 1x Warriors
  [Civ 2] Babylonians (despotism): 2 cities, 1 units, 78g, 5 techs, researching Bronze Working (26/36)
    Babylon: size=3, prod=building:3 (52sh), bldgs=Palace
    Thebes: size=2, prod=Warriors (0sh), bldgs=Granary
    Units: 1x Warriors
  [Civ 3] Germans (despotism): 1 cities, 1 units, 23g, 9 techs, researching Bronze Working (3/32)
    Berlin: size=3, prod=building:7 (7sh), bldgs=Palace, Granary
    Units: 1x Warriors
  [Civ 4] Egyptians (despotism): 0 cities, 1 units, 6g, 5 techs, researching Writing (3/36)
    Units: 1x Warriors
  [Civ 1] Romans turn: 2 actions — MOVE_UNIT(1), UNIT_ORDER(1)
    CHANGE_PRODUCTION city=3

══════════════════════════════════════════════════════════════════════
  TURN 28 — 3460 B.C. (4ms)
══════════════════════════════════════════════════════════════════════
  [Civ 1] Romans (despotism): 1 cities, 1 units, 85g, 6 techs, researching Seafaring (19/36)
    Rome: size=3, prod=Wonder40 (75sh), bldgs=Palace
    Units: 1x Warriors
  [Civ 2] Babylonians (despotism): 2 cities, 1 units, 78g, 5 techs, researching Bronze Working (31/36)
    Babylon: size=3, prod=building:3 (56sh), bldgs=Palace
    Thebes: size=2, prod=building:7 (0sh), bldgs=Granary
    Units: 1x Warriors
  [Civ 3] Germans (despotism): 1 cities, 1 units, 24g, 9 techs, researching Bronze Working (6/32)
    Berlin: size=3, prod=building:7 (11sh), bldgs=Palace, Granary
    Units: 1x Warriors
  [Civ 4] Egyptians (despotism): 0 cities, 1 units, 6g, 5 techs, researching Writing (3/36)
    Units: 1x Warriors
  [Civ 1] Romans turn: 2 actions — MOVE_UNIT(1), UNIT_ORDER(1)
    >>> Babylonians discovered: Bronze Working
    >>> Babylon built building:3
    SET_RESEARCH tech=Writing
    CHANGE_PRODUCTION city=1

══════════════════════════════════════════════════════════════════════
  TURN 29 — 3440 B.C. (5ms)
══════════════════════════════════════════════════════════════════════
  [Civ 1] Romans (despotism): 1 cities, 1 units, 87g, 6 techs, researching Seafaring (23/36)
    Rome: size=3, prod=Wonder40 (79sh), bldgs=Palace
    Units: 1x Warriors
  [Civ 2] Babylonians (despotism): 2 cities, 1 units, 78g, 6 techs, researching Writing (0/36)
    Babylon: size=3, prod=building:7 (0sh), bldgs=Palace, Granary
    Thebes: size=2, prod=building:7 (2sh), bldgs=Granary
    Units: 1x Warriors
  [Civ 3] Germans (despotism): 1 cities, 1 units, 25g, 9 techs, researching Bronze Working (9/32)
    Berlin: size=3, prod=building:7 (15sh), bldgs=Palace, Granary
    Units: 1x Warriors
  [Civ 4] Egyptians (despotism): 0 cities, 1 units, 6g, 5 techs, researching Writing (3/36)
    Units: 1x Warriors
  [Civ 1] Romans turn: 2 actions — MOVE_UNIT(1), UNIT_ORDER(1)
    SET_RESEARCH tech=Currency

══════════════════════════════════════════════════════════════════════
  TURN 30 — 3420 B.C. (4ms)
══════════════════════════════════════════════════════════════════════
  [Civ 1] Romans (despotism): 1 cities, 1 units, 89g, 6 techs, researching Seafaring (27/36)
    Rome: size=3, prod=Wonder40 (83sh), bldgs=Palace
    Units: 1x Warriors
  [Civ 2] Babylonians (despotism): 2 cities, 1 units, 77g, 6 techs, researching Writing (5/36)
    Babylon: size=3, prod=building:7 (4sh), bldgs=Palace, Granary
    Thebes: size=2, prod=building:7 (4sh), bldgs=Granary
    Units: 1x Warriors
  [Civ 3] Germans (despotism): 1 cities, 1 units, 26g, 10 techs, researching Currency (12/48)
    Berlin: size=3, prod=building:7 (19sh), bldgs=Palace, Granary
    Units: 1x Warriors
  [Civ 4] Egyptians (despotism): 0 cities, 1 units, 6g, 6 techs, researching Writing (3/36)
    Units: 1x Warriors
  [Civ 1] Romans turn: 2 actions — MOVE_UNIT(1), UNIT_ORDER(1)

══════════════════════════════════════════════════════════════════════
  TURN 31 — 3400 B.C. (4ms)
══════════════════════════════════════════════════════════════════════
  [Civ 1] Romans (despotism): 1 cities, 1 units, 91g, 6 techs, researching Seafaring (31/36)
    Rome: size=3, prod=Wonder40 (87sh), bldgs=Palace
    Units: 1x Warriors
  [Civ 2] Babylonians (despotism): 2 cities, 1 units, 76g, 6 techs, researching Writing (10/36)
    Babylon: size=3, prod=building:7 (8sh), bldgs=Palace, Granary
    Thebes: size=2, prod=building:7 (6sh), bldgs=Granary
    Units: 1x Warriors
  [Civ 3] Germans (despotism): 1 cities, 1 units, 27g, 10 techs, researching Currency (15/48)
    Berlin: size=3, prod=building:7 (23sh), bldgs=Palace, Granary
    Units: 1x Warriors
  [Civ 4] Egyptians (despotism): 0 cities, 1 units, 6g, 6 techs, researching Writing (3/36)
    Units: 1x Warriors
  [Civ 1] Romans turn: 2 actions — MOVE_UNIT(1), UNIT_ORDER(1)

══════════════════════════════════════════════════════════════════════
  TURN 32 — 3380 B.C. (4ms)
══════════════════════════════════════════════════════════════════════
  [Civ 1] Romans (despotism): 1 cities, 1 units, 93g, 6 techs, researching Seafaring (35/36)
    Rome: size=3, prod=Wonder40 (91sh), bldgs=Palace
    Units: 1x Warriors
  [Civ 2] Babylonians (despotism): 2 cities, 1 units, 75g, 6 techs, researching Writing (15/36)
    Babylon: size=3, prod=building:7 (12sh), bldgs=Palace, Granary
    Thebes: size=2, prod=building:7 (8sh), bldgs=Granary
    Units: 1x Warriors
  [Civ 3] Germans (despotism): 1 cities, 1 units, 28g, 10 techs, researching Currency (18/48)
    Berlin: size=3, prod=building:7 (27sh), bldgs=Palace, Granary
    Units: 1x Warriors
  [Civ 4] Egyptians (despotism): 0 cities, 1 units, 6g, 6 techs, researching Writing (3/36)
    Units: 1x Warriors
  [Civ 1] Romans turn: 5 actions — ADJUST_ATTITUDE(3), MOVE_UNIT(1), UNIT_ORDER(1)
    ADJUST_ATTITUDE target=civ2
    ADJUST_ATTITUDE target=civ3
    ADJUST_ATTITUDE target=civ4
    ADJUST_ATTITUDE target=civ1
    ADJUST_ATTITUDE target=civ3
    ADJUST_ATTITUDE target=civ4
    ADJUST_ATTITUDE target=civ1
    ADJUST_ATTITUDE target=civ2
    ADJUST_ATTITUDE target=civ4
    ADJUST_ATTITUDE target=civ1
    ADJUST_ATTITUDE target=civ2
    ADJUST_ATTITUDE target=civ3
    COMBAT: ? vs ? → capture (atkHp=undefined, defHp=undefined)
    >>> Romans discovered: Seafaring

══════════════════════════════════════════════════════════════════════
  TURN 33 — 3360 B.C. (7ms)
══════════════════════════════════════════════════════════════════════
  [Civ 1] Romans (despotism): 1 cities, 1 units, 93g, 7 techs, researching none (0/33)
    Rome: size=3, prod=Wonder40 (95sh), bldgs=Palace
    Units: 1x Warriors
  [Civ 2] Babylonians (despotism): 1 cities, 1 units, 37g, 6 techs, researching Writing (20/36)
    Thebes: size=2, prod=building:7 (10sh), bldgs=Granary, Palace
    Units: 1x Warriors
  [Civ 3] Germans (despotism): 1 cities, 1 units, 29g, 10 techs, researching Currency (21/48)
    Berlin: size=3, prod=building:7 (31sh), bldgs=Palace, Granary
    Units: 1x Warriors
  [Civ 4] Egyptians (despotism): 1 cities, 1 units, 43g, 6 techs, researching Writing (3/36)
    Babylon: size=2, prod=Warriors (0sh), bldgs=Granary
    Units: 1x Warriors
  [Civ 1] Romans turn: 3 actions — SET_RESEARCH(1), MOVE_UNIT(1), UNIT_ORDER(1)
    SET_RESEARCH tech=Horseback Riding
    CHANGE_PRODUCTION city=1

══════════════════════════════════════════════════════════════════════
  TURN 34 — 3340 B.C. (4ms)
══════════════════════════════════════════════════════════════════════
  [Civ 1] Romans (despotism): 1 cities, 1 units, 95g, 7 techs, researching Horseback Riding (4/33)
    Rome: size=3, prod=Wonder40 (99sh), bldgs=Palace
    Units: 1x Warriors
  [Civ 2] Babylonians (despotism): 1 cities, 1 units, 37g, 6 techs, researching Writing (23/36)
    Thebes: size=2, prod=building:7 (13sh), bldgs=Granary, Palace
    Units: 1x Warriors
  [Civ 3] Germans (despotism): 1 cities, 1 units, 30g, 10 techs, researching Currency (24/48)
    Berlin: size=3, prod=building:7 (35sh), bldgs=Palace, Granary
    Units: 1x Warriors
  [Civ 4] Egyptians (despotism): 1 cities, 1 units, 42g, 6 techs, researching Writing (4/36)
    Babylon: size=2, prod=Wonder39 (0sh), bldgs=Granary
    Units: 1x Warriors
  [Civ 1] Romans turn: 2 actions — MOVE_UNIT(1), UNIT_ORDER(1)

══════════════════════════════════════════════════════════════════════
  TURN 35 — 3320 B.C. (4ms)
══════════════════════════════════════════════════════════════════════
  [Civ 1] Romans (despotism): 1 cities, 1 units, 97g, 7 techs, researching Horseback Riding (8/33)
    Rome: size=3, prod=Wonder40 (103sh), bldgs=Palace
    Units: 1x Warriors
  [Civ 2] Babylonians (despotism): 1 cities, 1 units, 37g, 6 techs, researching Writing (26/36)
    Thebes: size=2, prod=building:7 (16sh), bldgs=Granary, Palace
    Units: 1x Warriors
  [Civ 3] Germans (despotism): 1 cities, 1 units, 31g, 10 techs, researching Currency (27/48)
    Berlin: size=3, prod=building:7 (39sh), bldgs=Palace, Granary
    Units: 1x Warriors
  [Civ 4] Egyptians (despotism): 1 cities, 1 units, 41g, 6 techs, researching Writing (5/36)
    Babylon: size=2, prod=Wonder39 (2sh), bldgs=Granary
    Units: 1x Warriors
  [Civ 1] Romans turn: 2 actions — MOVE_UNIT(1), UNIT_ORDER(1)

══════════════════════════════════════════════════════════════════════
  TURN 36 — 3300 B.C. (4ms)
══════════════════════════════════════════════════════════════════════
  [Civ 1] Romans (despotism): 1 cities, 1 units, 99g, 7 techs, researching Horseback Riding (12/33)
    Rome: size=3, prod=Wonder40 (107sh), bldgs=Palace
    Units: 1x Warriors
  [Civ 2] Babylonians (despotism): 1 cities, 1 units, 37g, 6 techs, researching Writing (29/36)
    Thebes: size=2, prod=building:7 (19sh), bldgs=Granary, Palace
    Units: 1x Warriors
  [Civ 3] Germans (despotism): 1 cities, 1 units, 32g, 10 techs, researching Currency (30/48)
    Berlin: size=3, prod=building:7 (43sh), bldgs=Palace, Granary
    Units: 1x Warriors
  [Civ 4] Egyptians (despotism): 1 cities, 1 units, 40g, 6 techs, researching Writing (6/36)
    Babylon: size=2, prod=Wonder39 (4sh), bldgs=Granary
    Units: 1x Warriors
  [Civ 1] Romans turn: 2 actions — MOVE_UNIT(1), UNIT_ORDER(1)

══════════════════════════════════════════════════════════════════════
  TURN 37 — 3280 B.C. (4ms)
══════════════════════════════════════════════════════════════════════
  [Civ 1] Romans (despotism): 1 cities, 1 units, 101g, 7 techs, researching Horseback Riding (16/33)
    Rome: size=3, prod=Wonder40 (111sh), bldgs=Palace
    Units: 1x Warriors
  [Civ 2] Babylonians (despotism): 1 cities, 1 units, 37g, 6 techs, researching Writing (32/36)
    Thebes: size=2, prod=building:7 (22sh), bldgs=Granary, Palace
    Units: 1x Warriors
  [Civ 3] Germans (despotism): 1 cities, 1 units, 33g, 10 techs, researching Currency (33/48)
    Berlin: size=3, prod=building:7 (47sh), bldgs=Palace, Granary
    Units: 1x Warriors
  [Civ 4] Egyptians (despotism): 1 cities, 1 units, 39g, 6 techs, researching Writing (7/36)
    Babylon: size=2, prod=Wonder39 (6sh), bldgs=Granary
    Units: 1x Warriors
  [Civ 1] Romans turn: 2 actions — MOVE_UNIT(1), UNIT_ORDER(1)

══════════════════════════════════════════════════════════════════════
  TURN 38 — 3260 B.C. (4ms)
══════════════════════════════════════════════════════════════════════
  [Civ 1] Romans (despotism): 1 cities, 1 units, 103g, 7 techs, researching Horseback Riding (20/33)
    Rome: size=3, prod=Wonder40 (115sh), bldgs=Palace
    Units: 1x Warriors
  [Civ 2] Babylonians (despotism): 1 cities, 1 units, 37g, 6 techs, researching Writing (35/36)
    Thebes: size=2, prod=building:7 (25sh), bldgs=Granary, Palace
    Units: 1x Warriors
  [Civ 3] Germans (despotism): 1 cities, 1 units, 34g, 10 techs, researching Currency (36/48)
    Berlin: size=3, prod=building:7 (51sh), bldgs=Palace, Granary
    Units: 1x Warriors
  [Civ 4] Egyptians (despotism): 1 cities, 1 units, 38g, 6 techs, researching Writing (8/36)
    Babylon: size=2, prod=Wonder39 (8sh), bldgs=Granary
    Units: 1x Warriors
  [Civ 1] Romans turn: 2 actions — MOVE_UNIT(1), UNIT_ORDER(1)
    >>> Babylonians discovered: Writing
    SET_RESEARCH tech=Literacy
    >>> Berlin grew to size 4

══════════════════════════════════════════════════════════════════════
  TURN 39 — 3240 B.C. (4ms)
══════════════════════════════════════════════════════════════════════
  [Civ 1] Romans (despotism): 1 cities, 1 units, 105g, 7 techs, researching Horseback Riding (24/33)
    Rome: size=3, prod=Wonder40 (119sh), bldgs=Palace
    Units: 1x Warriors
  [Civ 2] Babylonians (despotism): 1 cities, 1 units, 37g, 7 techs, researching Literacy (0/33)
    Thebes: size=2, prod=building:7 (28sh), bldgs=Granary, Palace
    Units: 1x Warriors
  [Civ 3] Germans (despotism): 1 cities, 1 units, 35g, 10 techs, researching Currency (40/48)
    Berlin: size=4, prod=building:7 (55sh), bldgs=Palace, Granary
    Units: 1x Warriors
  [Civ 4] Egyptians (despotism): 1 cities, 1 units, 37g, 6 techs, researching Writing (9/36)
    Babylon: size=2, prod=Wonder39 (10sh), bldgs=Granary
    Units: 1x Warriors
  [Civ 1] Romans turn: 2 actions — MOVE_UNIT(1), UNIT_ORDER(1)

══════════════════════════════════════════════════════════════════════
  TURN 40 — 3220 B.C. (3ms)
══════════════════════════════════════════════════════════════════════
  [Civ 1] Romans (despotism): 1 cities, 1 units, 107g, 7 techs, researching Horseback Riding (28/33)
    Rome: size=3, prod=Wonder40 (123sh), bldgs=Palace
    Units: 1x Warriors
  [Civ 2] Babylonians (despotism): 1 cities, 1 units, 37g, 7 techs, researching Literacy (3/33)
    Thebes: size=2, prod=building:7 (31sh), bldgs=Granary, Palace
    Units: 1x Warriors
  [Civ 3] Germans (despotism): 1 cities, 1 units, 36g, 10 techs, researching Currency (44/48)
    Berlin: size=4, prod=building:7 (60sh), bldgs=Palace, Granary
    Units: 1x Warriors
  [Civ 4] Egyptians (despotism): 1 cities, 1 units, 36g, 6 techs, researching Writing (10/36)
    Babylon: size=2, prod=Wonder39 (12sh), bldgs=Granary
    Units: 1x Warriors
  [Civ 1] Romans turn: 2 actions — MOVE_UNIT(1), UNIT_ORDER(1)
    >>> Germans discovered: Currency
    SET_RESEARCH tech=Construction

══════════════════════════════════════════════════════════════════════
  TURN 41 — 3200 B.C. (4ms)
══════════════════════════════════════════════════════════════════════
  [Civ 1] Romans (despotism): 1 cities, 1 units, 109g, 7 techs, researching Horseback Riding (32/33)
    Rome: size=3, prod=Wonder40 (127sh), bldgs=Palace
    Units: 1x Warriors
  [Civ 2] Babylonians (despotism): 1 cities, 1 units, 37g, 7 techs, researching Literacy (6/33)
    Thebes: size=2, prod=building:7 (34sh), bldgs=Granary, Palace
    Units: 1x Warriors
  [Civ 3] Germans (despotism): 1 cities, 1 units, 36g, 11 techs, researching Construction (0/52)
    Berlin: size=4, prod=building:7 (65sh), bldgs=Palace, Granary
    Units: 1x Warriors
  [Civ 4] Egyptians (despotism): 1 cities, 1 units, 35g, 6 techs, researching Writing (11/36)
    Babylon: size=2, prod=Wonder39 (14sh), bldgs=Granary
    Units: 1x Warriors
  [Civ 1] Romans turn: 2 actions — MOVE_UNIT(1), UNIT_ORDER(1)
    >>> Thebes grew to size 3
    >>> Romans discovered: Horseback Riding

══════════════════════════════════════════════════════════════════════
  TURN 42 — 3180 B.C. (4ms)
══════════════════════════════════════════════════════════════════════
  [Civ 1] Romans (despotism): 1 cities, 1 units, 109g, 8 techs, researching none (0/28)
    Rome: size=3, prod=Wonder40 (131sh), bldgs=Palace
    Units: 1x Warriors
  [Civ 2] Babylonians (despotism): 1 cities, 1 units, 38g, 7 techs, researching Literacy (9/33)
    Thebes: size=3, prod=building:7 (37sh), bldgs=Granary, Palace
    Units: 1x Warriors
  [Civ 3] Germans (despotism): 1 cities, 1 units, 37g, 11 techs, researching Construction (4/52)
    Berlin: size=4, prod=building:7 (70sh), bldgs=Palace, Granary
    Units: 1x Warriors
  [Civ 4] Egyptians (despotism): 1 cities, 1 units, 34g, 6 techs, researching Writing (12/36)
    Babylon: size=2, prod=Wonder39 (16sh), bldgs=Granary
    Units: 1x Warriors
  [Civ 1] Romans turn: 3 actions — SET_RESEARCH(1), MOVE_UNIT(1), UNIT_ORDER(1)
    SET_RESEARCH tech=Warrior Code

══════════════════════════════════════════════════════════════════════
  TURN 43 — 3160 B.C. (4ms)
══════════════════════════════════════════════════════════════════════
  [Civ 1] Romans (despotism): 1 cities, 1 units, 111g, 8 techs, researching Warrior Code (4/28)
    Rome: size=3, prod=Wonder40 (135sh), bldgs=Palace
    Units: 1x Warriors
  [Civ 2] Babylonians (despotism): 1 cities, 1 units, 39g, 7 techs, researching Literacy (12/33)
    Thebes: size=3, prod=building:7 (41sh), bldgs=Granary, Palace
    Units: 1x Warriors
  [Civ 3] Germans (despotism): 1 cities, 1 units, 38g, 11 techs, researching Construction (8/52)
    Berlin: size=4, prod=building:7 (75sh), bldgs=Palace, Granary
    Units: 1x Warriors
  [Civ 4] Egyptians (despotism): 1 cities, 1 units, 33g, 6 techs, researching Writing (13/36)
    Babylon: size=2, prod=Wonder39 (18sh), bldgs=Granary
    Units: 1x Warriors
  [Civ 1] Romans turn: 2 actions — MOVE_UNIT(1), UNIT_ORDER(1)
    >>> Berlin built building:7
    CHANGE_PRODUCTION city=2

══════════════════════════════════════════════════════════════════════
  TURN 44 — 3140 B.C. (4ms)
══════════════════════════════════════════════════════════════════════
  [Civ 1] Romans (despotism): 1 cities, 1 units, 113g, 8 techs, researching Warrior Code (8/28)
    Rome: size=3, prod=Wonder40 (139sh), bldgs=Palace
    Units: 1x Warriors
  [Civ 2] Babylonians (despotism): 1 cities, 1 units, 40g, 8 techs, researching Literacy (15/28)
    Thebes: size=3, prod=building:7 (45sh), bldgs=Granary, Palace
    Units: 1x Warriors
  [Civ 3] Germans (despotism): 1 cities, 1 units, 38g, 11 techs, researching Construction (12/52)
    Berlin: size=4, prod=Trireme (0sh), bldgs=Palace, Granary, Courthouse
    Units: 1x Warriors
  [Civ 4] Egyptians (despotism): 1 cities, 1 units, 32g, 7 techs, researching Writing (14/33)
    Babylon: size=2, prod=Wonder39 (20sh), bldgs=Granary
    Units: 1x Warriors
  [Civ 1] Romans turn: 2 actions — MOVE_UNIT(1), UNIT_ORDER(1)
    >>> Rome grew to size 4

══════════════════════════════════════════════════════════════════════
  TURN 45 — 3120 B.C. (3ms)
══════════════════════════════════════════════════════════════════════
  [Civ 1] Romans (despotism): 1 cities, 1 units, 115g, 8 techs, researching Warrior Code (13/28)
    Rome: size=4, prod=Wonder40 (143sh), bldgs=Palace
    Units: 1x Warriors
  [Civ 2] Babylonians (despotism): 1 cities, 1 units, 41g, 8 techs, researching Literacy (18/28)
    Thebes: size=3, prod=building:7 (49sh), bldgs=Granary, Palace
    Units: 1x Warriors
  [Civ 3] Germans (despotism): 1 cities, 1 units, 38g, 11 techs, researching Construction (16/52)
    Berlin: size=4, prod=Trireme (5sh), bldgs=Palace, Granary, Courthouse
    Units: 1x Warriors
  [Civ 4] Egyptians (despotism): 1 cities, 1 units, 31g, 7 techs, researching Writing (15/33)
    Babylon: size=2, prod=Wonder39 (22sh), bldgs=Granary
    Units: 1x Warriors
  [Civ 1] Romans turn: 2 actions — MOVE_UNIT(1), UNIT_ORDER(1)

══════════════════════════════════════════════════════════════════════
  TURN 46 — 3100 B.C. (5ms)
══════════════════════════════════════════════════════════════════════
  [Civ 1] Romans (despotism): 1 cities, 1 units, 117g, 8 techs, researching Warrior Code (18/28)
    Rome: size=4, prod=Wonder40 (148sh), bldgs=Palace
    Units: 1x Warriors
  [Civ 2] Babylonians (despotism): 1 cities, 1 units, 42g, 8 techs, researching Literacy (21/28)
    Thebes: size=3, prod=building:7 (53sh), bldgs=Granary, Palace
    Units: 1x Warriors
  [Civ 3] Germans (despotism): 1 cities, 1 units, 38g, 11 techs, researching Construction (20/52)
    Berlin: size=4, prod=Trireme (10sh), bldgs=Palace, Granary, Courthouse
    Units: 1x Warriors
  [Civ 4] Egyptians (despotism): 1 cities, 1 units, 30g, 7 techs, researching Writing (16/33)
    Babylon: size=2, prod=Wonder39 (24sh), bldgs=Granary
    Units: 1x Warriors
  [Civ 1] Romans turn: 2 actions — MOVE_UNIT(1), UNIT_ORDER(1)

══════════════════════════════════════════════════════════════════════
  TURN 47 — 3080 B.C. (4ms)
══════════════════════════════════════════════════════════════════════
  [Civ 1] Romans (despotism): 1 cities, 1 units, 119g, 8 techs, researching Warrior Code (23/28)
    Rome: size=4, prod=Wonder40 (153sh), bldgs=Palace
    Units: 1x Warriors
  [Civ 2] Babylonians (despotism): 1 cities, 1 units, 43g, 8 techs, researching Literacy (24/28)
    Thebes: size=3, prod=building:7 (57sh), bldgs=Granary, Palace
    Units: 1x Warriors
  [Civ 3] Germans (despotism): 1 cities, 1 units, 38g, 11 techs, researching Construction (24/52)
    Berlin: size=4, prod=Trireme (15sh), bldgs=Palace, Granary, Courthouse
    Units: 1x Warriors
  [Civ 4] Egyptians (despotism): 1 cities, 1 units, 29g, 7 techs, researching Writing (17/33)
    Babylon: size=2, prod=Wonder39 (26sh), bldgs=Granary
    Units: 1x Warriors
  [Civ 1] Romans turn: 2 actions — MOVE_UNIT(1), UNIT_ORDER(1)
    >>> Babylon grew to size 3
    >>> Romans discovered: Warrior Code

══════════════════════════════════════════════════════════════════════
  TURN 48 — 3060 B.C. (6ms)
══════════════════════════════════════════════════════════════════════
  [Civ 1] Romans (despotism): 1 cities, 1 units, 119g, 9 techs, researching none (0/21)
    Rome: size=4, prod=Wonder40 (158sh), bldgs=Palace
    Units: 1x Warriors
  [Civ 2] Babylonians (despotism): 1 cities, 1 units, 44g, 8 techs, researching Literacy (27/28)
    Thebes: size=3, prod=building:7 (61sh), bldgs=Granary, Palace
    Units: 1x Warriors
  [Civ 3] Germans (despotism): 1 cities, 1 units, 38g, 11 techs, researching Construction (28/52)
    Berlin: size=4, prod=Trireme (20sh), bldgs=Palace, Granary, Courthouse
    Units: 1x Warriors
  [Civ 4] Egyptians (despotism): 1 cities, 1 units, 28g, 7 techs, researching Writing (19/33)
    Babylon: size=3, prod=Wonder39 (28sh), bldgs=Granary
    Units: 1x Warriors
  [Civ 1] Romans turn: 3 actions — SET_RESEARCH(1), MOVE_UNIT(1), UNIT_ORDER(1)
    SET_RESEARCH tech=Iron Working
    >>> Babylonians discovered: Literacy
    SET_RESEARCH tech=Ceremonial Burial

══════════════════════════════════════════════════════════════════════
  TURN 49 — 3040 B.C. (6ms)
══════════════════════════════════════════════════════════════════════
  [Civ 1] Romans (despotism): 1 cities, 1 units, 121g, 9 techs, researching Iron Working (5/21)
    Rome: size=4, prod=Wonder40 (163sh), bldgs=Palace
    Units: 1x Warriors
  [Civ 2] Babylonians (despotism): 1 cities, 1 units, 44g, 9 techs, researching Ceremonial Burial (0/21)
    Thebes: size=3, prod=building:7 (65sh), bldgs=Granary, Palace
    Units: 1x Warriors
  [Civ 3] Germans (despotism): 1 cities, 1 units, 38g, 11 techs, researching Construction (32/52)
    Berlin: size=4, prod=Trireme (25sh), bldgs=Palace, Granary, Courthouse
    Units: 1x Warriors
  [Civ 4] Egyptians (despotism): 1 cities, 1 units, 27g, 7 techs, researching Writing (21/33)
    Babylon: size=3, prod=Wonder39 (32sh), bldgs=Granary
    Units: 1x Warriors
  [Civ 1] Romans turn: 2 actions — MOVE_UNIT(1), UNIT_ORDER(1)

══════════════════════════════════════════════════════════════════════
  FINAL SUMMARY
══════════════════════════════════════════════════════════════════════
Game ended at turn 50 (3020 B.C.)

── Civ 1: Romans (despotism) ALIVE ──
  Cities: 1 (peak 1, founded 1)
  Units:  1 (peak 1)
  Treasury: 123g
  Techs discovered: 5 — Map Making, Code of Laws, Seafaring, Horseback Riding, Warrior Code
  Actions: 113 total, 0 idle turns
  Breakdown: UNIT_ORDER(51), MOVE_UNIT(50), SET_RESEARCH(6), ADJUST_ATTITUDE(3), CHANGE_RATES(1), BUILD_CITY(1), CHANGE_PRODUCTION(1)
  Army: 1x Warriors
  Rome: size=4, shields=168

── Civ 2: Babylonians (despotism) ALIVE ──
  Cities: 1 (peak 2, founded 1)
  Units:  1 (peak 1)
  Treasury: 45g
  Techs discovered: 4 — Code of Laws, Bronze Working, Writing, Literacy
  Actions: 73 total, 18 idle turns
  Breakdown: UNIT_ORDER(30), MOVE_UNIT(27), ADJUST_ATTITUDE(6), SET_RESEARCH(5), CHANGE_PRODUCTION(3), CHANGE_RATES(1), BUILD_CITY(1)
  Army: 1x Warriors
  Thebes: size=3, shields=69

── Civ 3: Germans (despotism) ALIVE ──
  Cities: 1 (peak 1, founded 1)
  Units:  1 (peak 1)
  Treasury: 38g
  Techs discovered: 3 — Map Making, Mathematics, Currency
  Actions: 115 total, 0 idle turns
  Breakdown: UNIT_ORDER(51), MOVE_UNIT(50), SET_RESEARCH(6), CHANGE_PRODUCTION(3), ADJUST_ATTITUDE(3), CHANGE_RATES(1), BUILD_CITY(1)
  Army: 1x Warriors
  Berlin: size=4, shields=30

── Civ 4: Egyptians (despotism) ALIVE ──
  Cities: 1 (peak 1, founded 1)
  Units:  1 (peak 1)
  Treasury: 26g
  Techs discovered: 2 — Map Making, Code of Laws
  Actions: 82 total, 16 idle turns
  Breakdown: UNIT_ORDER(36), MOVE_UNIT(33), ADJUST_ATTITUDE(5), SET_RESEARCH(3), CHANGE_PRODUCTION(3), CHANGE_RATES(1), BUILD_CITY(1)
  Army: 1x Warriors
  Babylon: size=3, shields=36


══════════════════════════════════════════════════════════════════════
  AI BEHAVIOR ANALYSIS
══════════════════════════════════════════════════════════════════════
[Civ 1] Romans:
  WARNING: Only 1 city after 30+ turns

[Civ 2] Babylonians:
  WARNING: Only 1 city after 30+ turns

[Civ 3] Germans:
  WARNING: Only 1 city after 30+ turns

[Civ 4] Egyptians:
  WARNING: Only 1 city after 30+ turns

