Charlization AI Headless Simulation
Date: 2026-03-19T00:24:34.413Z
Settings: 50 turns, 4 AI players, 50x80 map, difficulty=prince
Map seed: 26291
Map generated in 72ms
Game initialized: 4 civs, 8 starting units
  Civ 1 (Romans): starts at (36,64) on Grassland
  Civ 2 (Babylonians): starts at (24,8) on Forest
  Civ 3 (Germans): starts at (11,71) on Grassland
  Civ 4 (Egyptians): starts at (14,32) on Plains
    SET_RESEARCH tech=Bronze Working
    CHANGE_RATES sci=6 tax=4 lux=undefined
    BUILD_CITY unit=0 name="Rome"
    1 actions REJECTED (of 6)
    SET_RESEARCH tech=Code of Laws
    CHANGE_RATES sci=6 tax=4 lux=undefined
    BUILD_CITY unit=2 name="Babylon"
    1 actions REJECTED (of 6)
    SET_RESEARCH tech=Alphabet
    CHANGE_RATES sci=6 tax=4 lux=undefined
    BUILD_CITY unit=4 name="Berlin"
    1 actions REJECTED (of 6)
    SET_RESEARCH tech=Masonry
    CHANGE_RATES sci=6 tax=4 lux=undefined
    BUILD_CITY unit=6 name="Thebes"
    1 actions REJECTED (of 6)

══════════════════════════════════════════════════════════════════════
  TURN 1 — 4000 B.C. (46ms)
══════════════════════════════════════════════════════════════════════
  [Civ 1] Romans (despotism): 1 cities, 1 units, 2g, 3 techs, researching Bronze Working (3/28)
    Rome: size=1, prod=Warriors (3sh), bldgs=Palace
    Units: 1x Warriors
  [Civ 2] Babylonians (despotism): 1 cities, 1 units, 0g, 3 techs, researching Code of Laws (0/28)
    Babylon: size=1, prod=Warriors (0sh), bldgs=Palace
    Units: 1x Warriors
  [Civ 3] Germans (despotism): 1 cities, 1 units, 0g, 3 techs, researching Alphabet (0/28)
    Berlin: size=1, prod=Warriors (0sh), bldgs=Palace
    Units: 1x Warriors
  [Civ 4] Egyptians (despotism): 1 cities, 1 units, 0g, 3 techs, researching Masonry (0/28)
    Thebes: size=1, prod=Warriors (0sh), bldgs=Palace
    Units: 1x Warriors
  [Civ 1] Romans turn: 3 actions — CHANGE_PRODUCTION(1), MOVE_UNIT(1), UNIT_ORDER(1)
    CHANGE_PRODUCTION city=0
    CHANGE_PRODUCTION city=1
    SET_RESEARCH tech=Code of Laws
    CHANGE_PRODUCTION city=2
    CHANGE_PRODUCTION city=3

══════════════════════════════════════════════════════════════════════
  TURN 2 — 3980 B.C. (22ms)
══════════════════════════════════════════════════════════════════════
  [Civ 1] Romans (despotism): 1 cities, 1 units, 4g, 4 techs, researching Bronze Working (6/33)
    Rome: size=1, prod=building:2 (3sh), bldgs=Palace
    Units: 1x Warriors
  [Civ 2] Babylonians (despotism): 1 cities, 0 units, 0g, 4 techs, researching Code of Laws (2/33)
    Babylon: size=1, prod=building:3 (0sh), bldgs=Palace
    Units: none
  [Civ 3] Germans (despotism): 1 cities, 1 units, 1g, 5 techs, researching Code of Laws (3/36)
    Berlin: size=1, prod=building:3 (0sh), bldgs=Palace
    Units: 1x Warriors
  [Civ 4] Egyptians (despotism): 1 cities, 1 units, 0g, 5 techs, researching Masonry (2/36)
    Thebes: size=1, prod=building:3 (0sh), bldgs=Palace
    Units: 1x Warriors
  [Civ 1] Romans turn: 3 actions — CHANGE_PRODUCTION(1), MOVE_UNIT(1), UNIT_ORDER(1)
    CHANGE_PRODUCTION city=0

══════════════════════════════════════════════════════════════════════
  TURN 3 — 3960 B.C. (7ms)
══════════════════════════════════════════════════════════════════════
  [Civ 1] Romans (despotism): 1 cities, 1 units, 6g, 4 techs, researching Bronze Working (9/33)
    Rome: size=1, prod=Wonder40 (3sh), bldgs=Palace
    Units: 1x Warriors
  [Civ 2] Babylonians (despotism): 1 cities, 0 units, 0g, 4 techs, researching Code of Laws (4/33)
    Babylon: size=1, prod=building:3 (3sh), bldgs=Palace
    Units: none
  [Civ 3] Germans (despotism): 1 cities, 1 units, 2g, 5 techs, researching Code of Laws (6/36)
    Berlin: size=1, prod=building:3 (3sh), bldgs=Palace
    Units: 1x Warriors
  [Civ 4] Egyptians (despotism): 1 cities, 1 units, 0g, 5 techs, researching Masonry (4/36)
    Thebes: size=1, prod=building:3 (2sh), bldgs=Palace
    Units: 1x Warriors
  [Civ 1] Romans turn: 2 actions — MOVE_UNIT(1), UNIT_ORDER(1)

══════════════════════════════════════════════════════════════════════
  TURN 4 — 3940 B.C. (8ms)
══════════════════════════════════════════════════════════════════════
  [Civ 1] Romans (despotism): 1 cities, 1 units, 8g, 4 techs, researching Bronze Working (12/33)
    Rome: size=1, prod=Wonder40 (6sh), bldgs=Palace
    Units: 1x Warriors
  [Civ 2] Babylonians (despotism): 1 cities, 0 units, 0g, 4 techs, researching Code of Laws (6/33)
    Babylon: size=1, prod=building:3 (6sh), bldgs=Palace
    Units: none
  [Civ 3] Germans (despotism): 1 cities, 1 units, 3g, 5 techs, researching Code of Laws (9/36)
    Berlin: size=1, prod=building:3 (6sh), bldgs=Palace
    Units: 1x Warriors
  [Civ 4] Egyptians (despotism): 1 cities, 1 units, 0g, 5 techs, researching Masonry (6/36)
    Thebes: size=1, prod=building:3 (4sh), bldgs=Palace
    Units: 1x Warriors
  [Civ 1] Romans turn: 2 actions — MOVE_UNIT(1), UNIT_ORDER(1)

══════════════════════════════════════════════════════════════════════
  TURN 5 — 3920 B.C. (8ms)
══════════════════════════════════════════════════════════════════════
  [Civ 1] Romans (despotism): 1 cities, 1 units, 10g, 4 techs, researching Bronze Working (15/33)
    Rome: size=1, prod=Wonder40 (9sh), bldgs=Palace
    Units: 1x Warriors
  [Civ 2] Babylonians (despotism): 1 cities, 0 units, 0g, 4 techs, researching Code of Laws (8/33)
    Babylon: size=1, prod=building:3 (9sh), bldgs=Palace
    Units: none
  [Civ 3] Germans (despotism): 1 cities, 1 units, 4g, 5 techs, researching Code of Laws (12/36)
    Berlin: size=1, prod=building:3 (9sh), bldgs=Palace
    Units: 1x Warriors
  [Civ 4] Egyptians (despotism): 1 cities, 1 units, 0g, 5 techs, researching Masonry (8/36)
    Thebes: size=1, prod=building:3 (6sh), bldgs=Palace
    Units: 1x Warriors
  [Civ 1] Romans turn: 2 actions — MOVE_UNIT(1), UNIT_ORDER(1)

══════════════════════════════════════════════════════════════════════
  TURN 6 — 3900 B.C. (7ms)
══════════════════════════════════════════════════════════════════════
  [Civ 1] Romans (despotism): 1 cities, 1 units, 12g, 4 techs, researching Bronze Working (18/33)
    Rome: size=1, prod=Wonder40 (12sh), bldgs=Palace
    Units: 1x Warriors
  [Civ 2] Babylonians (despotism): 1 cities, 0 units, 0g, 4 techs, researching Code of Laws (10/33)
    Babylon: size=1, prod=building:3 (12sh), bldgs=Palace
    Units: none
  [Civ 3] Germans (despotism): 1 cities, 1 units, 5g, 5 techs, researching Code of Laws (15/36)
    Berlin: size=1, prod=building:3 (12sh), bldgs=Palace
    Units: 1x Warriors
  [Civ 4] Egyptians (despotism): 1 cities, 1 units, 0g, 5 techs, researching Masonry (10/36)
    Thebes: size=1, prod=building:3 (8sh), bldgs=Palace
    Units: 1x Warriors
  [Civ 1] Romans turn: 2 actions — MOVE_UNIT(1), UNIT_ORDER(1)

══════════════════════════════════════════════════════════════════════
  TURN 7 — 3880 B.C. (8ms)
══════════════════════════════════════════════════════════════════════
  [Civ 1] Romans (despotism): 1 cities, 1 units, 14g, 4 techs, researching Bronze Working (21/33)
    Rome: size=1, prod=Wonder40 (15sh), bldgs=Palace
    Units: 1x Warriors
  [Civ 2] Babylonians (despotism): 1 cities, 0 units, 0g, 4 techs, researching Code of Laws (12/33)
    Babylon: size=1, prod=building:3 (15sh), bldgs=Palace
    Units: none
  [Civ 3] Germans (despotism): 1 cities, 1 units, 6g, 5 techs, researching Code of Laws (18/36)
    Berlin: size=1, prod=building:3 (15sh), bldgs=Palace
    Units: 1x Warriors
  [Civ 4] Egyptians (despotism): 1 cities, 1 units, 0g, 5 techs, researching Masonry (12/36)
    Thebes: size=1, prod=building:3 (10sh), bldgs=Palace
    Units: 1x Warriors
  [Civ 1] Romans turn: 2 actions — MOVE_UNIT(1), UNIT_ORDER(1)

══════════════════════════════════════════════════════════════════════
  TURN 8 — 3860 B.C. (9ms)
══════════════════════════════════════════════════════════════════════
  [Civ 1] Romans (despotism): 1 cities, 1 units, 16g, 4 techs, researching Bronze Working (24/33)
    Rome: size=1, prod=Wonder40 (18sh), bldgs=Palace
    Units: 1x Warriors
  [Civ 2] Babylonians (despotism): 1 cities, 0 units, 0g, 4 techs, researching Code of Laws (14/33)
    Babylon: size=1, prod=building:3 (18sh), bldgs=Palace
    Units: none
  [Civ 3] Germans (despotism): 1 cities, 1 units, 7g, 5 techs, researching Code of Laws (21/36)
    Berlin: size=1, prod=building:3 (18sh), bldgs=Palace
    Units: 1x Warriors
  [Civ 4] Egyptians (despotism): 1 cities, 1 units, 0g, 5 techs, researching Masonry (14/36)
    Thebes: size=1, prod=building:3 (12sh), bldgs=Palace
    Units: 1x Warriors
  [Civ 1] Romans turn: 2 actions — MOVE_UNIT(1), UNIT_ORDER(1)

══════════════════════════════════════════════════════════════════════
  TURN 9 — 3840 B.C. (6ms)
══════════════════════════════════════════════════════════════════════
  [Civ 1] Romans (despotism): 1 cities, 1 units, 18g, 4 techs, researching Bronze Working (27/33)
    Rome: size=1, prod=Wonder40 (21sh), bldgs=Palace
    Units: 1x Warriors
  [Civ 2] Babylonians (despotism): 1 cities, 0 units, 0g, 4 techs, researching Code of Laws (16/33)
    Babylon: size=1, prod=building:3 (21sh), bldgs=Palace
    Units: none
  [Civ 3] Germans (despotism): 1 cities, 1 units, 8g, 5 techs, researching Code of Laws (24/36)
    Berlin: size=1, prod=building:3 (21sh), bldgs=Palace
    Units: 1x Warriors
  [Civ 4] Egyptians (despotism): 1 cities, 1 units, 0g, 5 techs, researching Masonry (16/36)
    Thebes: size=1, prod=building:3 (14sh), bldgs=Palace
    Units: 1x Warriors
  [Civ 1] Romans turn: 2 actions — MOVE_UNIT(1), UNIT_ORDER(1)
    >>> Rome grew to size 2

══════════════════════════════════════════════════════════════════════
  TURN 10 — 3820 B.C. (7ms)
══════════════════════════════════════════════════════════════════════
  [Civ 1] Romans (despotism): 1 cities, 0 units, 20g, 4 techs, researching Bronze Working (32/33)
    Rome: size=2, prod=Wonder40 (24sh), bldgs=Palace
    Units: none
  [Civ 2] Babylonians (despotism): 1 cities, 0 units, 0g, 4 techs, researching Code of Laws (18/33)
    Babylon: size=1, prod=building:3 (24sh), bldgs=Palace
    Units: none
  [Civ 3] Germans (despotism): 1 cities, 1 units, 9g, 5 techs, researching Code of Laws (27/36)
    Berlin: size=1, prod=building:3 (24sh), bldgs=Palace
    Units: 1x Warriors
  [Civ 4] Egyptians (despotism): 1 cities, 1 units, 0g, 5 techs, researching Masonry (18/36)
    Thebes: size=1, prod=building:3 (16sh), bldgs=Palace
    Units: 1x Warriors
  [Civ 1] Romans turn: 0 actions — idle
    >>> Berlin grew to size 2
    >>> Thebes grew to size 2
    >>> Romans discovered: Bronze Working

══════════════════════════════════════════════════════════════════════
  TURN 11 — 3800 B.C. (12ms)
══════════════════════════════════════════════════════════════════════
  [Civ 1] Romans (despotism): 1 cities, 0 units, 20g, 5 techs, researching none (0/36)
    Rome: size=2, prod=Wonder40 (28sh), bldgs=Palace
    Units: none
  [Civ 2] Babylonians (despotism): 1 cities, 0 units, 0g, 4 techs, researching Code of Laws (20/33)
    Babylon: size=1, prod=building:3 (27sh), bldgs=Palace
    Units: none
  [Civ 3] Germans (despotism): 1 cities, 1 units, 10g, 5 techs, researching Code of Laws (31/36)
    Berlin: size=2, prod=building:3 (27sh), bldgs=Palace
    Units: 1x Warriors
  [Civ 4] Egyptians (despotism): 1 cities, 1 units, 0g, 5 techs, researching Masonry (20/36)
    Thebes: size=2, prod=building:3 (18sh), bldgs=Palace
    Units: 1x Warriors
  [Civ 1] Romans turn: 1 actions — SET_RESEARCH(1)
    SET_RESEARCH tech=Iron Working

══════════════════════════════════════════════════════════════════════
  TURN 12 — 3780 B.C. (7ms)
══════════════════════════════════════════════════════════════════════
  [Civ 1] Romans (despotism): 1 cities, 0 units, 22g, 5 techs, researching Iron Working (5/36)
    Rome: size=2, prod=Wonder40 (32sh), bldgs=Palace
    Units: none
  [Civ 2] Babylonians (despotism): 1 cities, 0 units, 0g, 4 techs, researching Code of Laws (22/33)
    Babylon: size=1, prod=building:3 (30sh), bldgs=Palace
    Units: none
  [Civ 3] Germans (despotism): 1 cities, 1 units, 11g, 5 techs, researching Code of Laws (35/36)
    Berlin: size=2, prod=building:3 (31sh), bldgs=Palace
    Units: 1x Warriors
  [Civ 4] Egyptians (despotism): 1 cities, 1 units, 0g, 5 techs, researching Masonry (22/36)
    Thebes: size=2, prod=building:3 (21sh), bldgs=Palace
    Units: 1x Warriors
  [Civ 1] Romans turn: 0 actions — idle
    >>> Germans discovered: Code of Laws
    SET_RESEARCH tech=Iron Working

══════════════════════════════════════════════════════════════════════
  TURN 13 — 3760 B.C. (6ms)
══════════════════════════════════════════════════════════════════════
  [Civ 1] Romans (despotism): 1 cities, 0 units, 24g, 5 techs, researching Iron Working (10/36)
    Rome: size=2, prod=Wonder40 (36sh), bldgs=Palace
    Units: none
  [Civ 2] Babylonians (despotism): 1 cities, 0 units, 0g, 5 techs, researching Code of Laws (24/36)
    Babylon: size=1, prod=building:3 (33sh), bldgs=Palace
    Units: none
  [Civ 3] Germans (despotism): 1 cities, 1 units, 11g, 7 techs, researching Iron Working (0/33)
    Berlin: size=2, prod=building:3 (35sh), bldgs=Palace
    Units: 1x Warriors
  [Civ 4] Egyptians (despotism): 1 cities, 1 units, 0g, 5 techs, researching Masonry (24/36)
    Thebes: size=2, prod=building:3 (24sh), bldgs=Palace
    Units: 1x Warriors
  [Civ 1] Romans turn: 0 actions — idle

══════════════════════════════════════════════════════════════════════
  TURN 14 — 3740 B.C. (6ms)
══════════════════════════════════════════════════════════════════════
  [Civ 1] Romans (despotism): 1 cities, 0 units, 26g, 5 techs, researching Iron Working (15/36)
    Rome: size=2, prod=Wonder40 (40sh), bldgs=Palace
    Units: none
  [Civ 2] Babylonians (despotism): 1 cities, 0 units, 0g, 5 techs, researching Code of Laws (26/36)
    Babylon: size=1, prod=building:3 (36sh), bldgs=Palace
    Units: none
  [Civ 3] Germans (despotism): 1 cities, 1 units, 12g, 7 techs, researching Iron Working (4/33)
    Berlin: size=2, prod=building:3 (39sh), bldgs=Palace
    Units: 1x Warriors
  [Civ 4] Egyptians (despotism): 1 cities, 1 units, 0g, 5 techs, researching Masonry (26/36)
    Thebes: size=2, prod=building:3 (27sh), bldgs=Palace
    Units: 1x Warriors
  [Civ 1] Romans turn: 0 actions — idle

══════════════════════════════════════════════════════════════════════
  TURN 15 — 3720 B.C. (7ms)
══════════════════════════════════════════════════════════════════════
  [Civ 1] Romans (despotism): 1 cities, 0 units, 28g, 5 techs, researching Iron Working (20/36)
    Rome: size=2, prod=Wonder40 (44sh), bldgs=Palace
    Units: none
  [Civ 2] Babylonians (despotism): 1 cities, 0 units, 0g, 5 techs, researching Code of Laws (28/36)
    Babylon: size=1, prod=building:3 (39sh), bldgs=Palace
    Units: none
  [Civ 3] Germans (despotism): 1 cities, 1 units, 13g, 7 techs, researching Iron Working (8/33)
    Berlin: size=2, prod=building:3 (43sh), bldgs=Palace
    Units: 1x Warriors
  [Civ 4] Egyptians (despotism): 1 cities, 1 units, 0g, 5 techs, researching Masonry (28/36)
    Thebes: size=2, prod=building:3 (30sh), bldgs=Palace
    Units: 1x Warriors
  [Civ 1] Romans turn: 0 actions — idle

══════════════════════════════════════════════════════════════════════
  TURN 16 — 3700 B.C. (5ms)
══════════════════════════════════════════════════════════════════════
  [Civ 1] Romans (despotism): 1 cities, 0 units, 30g, 5 techs, researching Iron Working (25/36)
    Rome: size=2, prod=Wonder40 (48sh), bldgs=Palace
    Units: none
  [Civ 2] Babylonians (despotism): 1 cities, 0 units, 0g, 5 techs, researching Code of Laws (30/36)
    Babylon: size=1, prod=building:3 (42sh), bldgs=Palace
    Units: none
  [Civ 3] Germans (despotism): 1 cities, 1 units, 14g, 7 techs, researching Iron Working (12/33)
    Berlin: size=2, prod=building:3 (47sh), bldgs=Palace
    Units: 1x Warriors
  [Civ 4] Egyptians (despotism): 1 cities, 1 units, 0g, 5 techs, researching Masonry (30/36)
    Thebes: size=2, prod=building:3 (33sh), bldgs=Palace
    Units: 1x Warriors
  [Civ 1] Romans turn: 0 actions — idle

══════════════════════════════════════════════════════════════════════
  TURN 17 — 3680 B.C. (6ms)
══════════════════════════════════════════════════════════════════════
  [Civ 1] Romans (despotism): 1 cities, 0 units, 32g, 5 techs, researching Iron Working (30/36)
    Rome: size=2, prod=Wonder40 (52sh), bldgs=Palace
    Units: none
  [Civ 2] Babylonians (despotism): 1 cities, 0 units, 0g, 5 techs, researching Code of Laws (32/36)
    Babylon: size=1, prod=building:3 (45sh), bldgs=Palace
    Units: none
  [Civ 3] Germans (despotism): 1 cities, 1 units, 15g, 7 techs, researching Iron Working (16/33)
    Berlin: size=2, prod=building:3 (51sh), bldgs=Palace
    Units: 1x Warriors
  [Civ 4] Egyptians (despotism): 1 cities, 1 units, 0g, 5 techs, researching Masonry (32/36)
    Thebes: size=2, prod=building:3 (36sh), bldgs=Palace
    Units: 1x Warriors
  [Civ 1] Romans turn: 0 actions — idle

══════════════════════════════════════════════════════════════════════
  TURN 18 — 3660 B.C. (6ms)
══════════════════════════════════════════════════════════════════════
  [Civ 1] Romans (despotism): 1 cities, 0 units, 34g, 5 techs, researching Iron Working (35/36)
    Rome: size=2, prod=Wonder40 (56sh), bldgs=Palace
    Units: none
  [Civ 2] Babylonians (despotism): 1 cities, 0 units, 0g, 5 techs, researching Code of Laws (34/36)
    Babylon: size=1, prod=building:3 (48sh), bldgs=Palace
    Units: none
  [Civ 3] Germans (despotism): 1 cities, 1 units, 16g, 7 techs, researching Iron Working (20/33)
    Berlin: size=2, prod=building:3 (55sh), bldgs=Palace
    Units: 1x Warriors
  [Civ 4] Egyptians (despotism): 1 cities, 1 units, 0g, 5 techs, researching Masonry (34/36)
    Thebes: size=2, prod=building:3 (39sh), bldgs=Palace
    Units: 1x Warriors
  [Civ 1] Romans turn: 0 actions — idle
    >>> Babylonians discovered: Code of Laws
    SET_RESEARCH tech=Iron Working
    >>> Egyptians discovered: Masonry
    SET_RESEARCH tech=Iron Working
    >>> Romans discovered: Iron Working

══════════════════════════════════════════════════════════════════════
  TURN 19 — 3640 B.C. (7ms)
══════════════════════════════════════════════════════════════════════
  [Civ 1] Romans (despotism): 1 cities, 0 units, 34g, 6 techs, researching none (0/36)
    Rome: size=2, prod=Wonder40 (60sh), bldgs=Palace
    Units: none
  [Civ 2] Babylonians (despotism): 1 cities, 0 units, 0g, 6 techs, researching Iron Working (0/36)
    Babylon: size=1, prod=building:3 (51sh), bldgs=Palace
    Units: none
  [Civ 3] Germans (despotism): 1 cities, 1 units, 17g, 7 techs, researching Iron Working (24/33)
    Berlin: size=2, prod=building:3 (59sh), bldgs=Palace
    Units: 1x Warriors
  [Civ 4] Egyptians (despotism): 1 cities, 1 units, 0g, 6 techs, researching Iron Working (0/36)
    Thebes: size=2, prod=building:3 (42sh), bldgs=Palace
    Units: 1x Warriors
  [Civ 1] Romans turn: 1 actions — SET_RESEARCH(1)
    SET_RESEARCH tech=Map Making
    >>> Berlin built building:3
    CHANGE_PRODUCTION city=2

══════════════════════════════════════════════════════════════════════
  TURN 20 — 3620 B.C. (10ms)
══════════════════════════════════════════════════════════════════════
  [Civ 1] Romans (despotism): 1 cities, 0 units, 36g, 7 techs, researching Map Making (5/33)
    Rome: size=2, prod=Wonder40 (64sh), bldgs=Palace
    Units: none
  [Civ 2] Babylonians (despotism): 1 cities, 0 units, 0g, 6 techs, researching Iron Working (2/36)
    Babylon: size=1, prod=building:3 (54sh), bldgs=Palace
    Units: none
  [Civ 3] Germans (despotism): 1 cities, 1 units, 17g, 7 techs, researching Iron Working (28/33)
    Berlin: size=2, prod=building:7 (1sh), bldgs=Palace, Granary
    Units: 1x Warriors
  [Civ 4] Egyptians (despotism): 1 cities, 1 units, 0g, 7 techs, researching Iron Working (2/33)
    Thebes: size=2, prod=building:3 (45sh), bldgs=Palace
    Units: 1x Warriors
  [Civ 1] Romans turn: 0 actions — idle
    >>> Babylon grew to size 2

══════════════════════════════════════════════════════════════════════
  TURN 21 — 3600 B.C. (7ms)
══════════════════════════════════════════════════════════════════════
  [Civ 1] Romans (despotism): 1 cities, 0 units, 38g, 7 techs, researching Map Making (10/33)
    Rome: size=2, prod=Wonder40 (68sh), bldgs=Palace
    Units: none
  [Civ 2] Babylonians (despotism): 1 cities, 0 units, 1g, 6 techs, researching Iron Working (5/36)
    Babylon: size=2, prod=building:3 (57sh), bldgs=Palace
    Units: none
  [Civ 3] Germans (despotism): 1 cities, 1 units, 17g, 7 techs, researching Iron Working (32/33)
    Berlin: size=2, prod=building:7 (5sh), bldgs=Palace, Granary
    Units: 1x Warriors
  [Civ 4] Egyptians (despotism): 1 cities, 1 units, 0g, 7 techs, researching Iron Working (4/33)
    Thebes: size=2, prod=building:3 (48sh), bldgs=Palace
    Units: 1x Warriors
  [Civ 1] Romans turn: 0 actions — idle
    >>> Babylon built building:3
    CHANGE_PRODUCTION city=1
    >>> Germans discovered: Iron Working
    SET_RESEARCH tech=Map Making

══════════════════════════════════════════════════════════════════════
  TURN 22 — 3580 B.C. (12ms)
══════════════════════════════════════════════════════════════════════
  [Civ 1] Romans (despotism): 1 cities, 0 units, 40g, 7 techs, researching Map Making (15/33)
    Rome: size=2, prod=Wonder40 (72sh), bldgs=Palace
    Units: none
  [Civ 2] Babylonians (despotism): 1 cities, 0 units, 1g, 6 techs, researching Iron Working (8/36)
    Babylon: size=2, prod=building:7 (0sh), bldgs=Palace, Granary
    Units: none
  [Civ 3] Germans (despotism): 1 cities, 1 units, 17g, 8 techs, researching Map Making (0/28)
    Berlin: size=2, prod=building:7 (9sh), bldgs=Palace, Granary
    Units: 1x Warriors
  [Civ 4] Egyptians (despotism): 1 cities, 1 units, 0g, 7 techs, researching Iron Working (6/33)
    Thebes: size=2, prod=building:3 (51sh), bldgs=Palace
    Units: 1x Warriors
  [Civ 1] Romans turn: 0 actions — idle
    SET_RESEARCH tech=Map Making

══════════════════════════════════════════════════════════════════════
  TURN 23 — 3560 B.C. (15ms)
══════════════════════════════════════════════════════════════════════
  [Civ 1] Romans (despotism): 1 cities, 0 units, 42g, 7 techs, researching Map Making (20/33)
    Rome: size=2, prod=Wonder40 (76sh), bldgs=Palace
    Units: none
  [Civ 2] Babylonians (despotism): 1 cities, 0 units, 1g, 6 techs, researching Iron Working (11/36)
    Babylon: size=2, prod=building:7 (4sh), bldgs=Palace, Granary
    Units: none
  [Civ 3] Germans (despotism): 1 cities, 1 units, 17g, 8 techs, researching Map Making (4/28)
    Berlin: size=2, prod=building:7 (13sh), bldgs=Palace, Granary
    Units: 1x Warriors
  [Civ 4] Egyptians (despotism): 1 cities, 1 units, 0g, 8 techs, researching Map Making (8/28)
    Thebes: size=2, prod=building:3 (54sh), bldgs=Palace
    Units: 1x Warriors
  [Civ 1] Romans turn: 0 actions — idle
    SET_RESEARCH tech=Map Making

══════════════════════════════════════════════════════════════════════
  TURN 24 — 3540 B.C. (9ms)
══════════════════════════════════════════════════════════════════════
  [Civ 1] Romans (despotism): 1 cities, 0 units, 44g, 7 techs, researching Map Making (25/33)
    Rome: size=2, prod=Wonder40 (80sh), bldgs=Palace
    Units: none
  [Civ 2] Babylonians (despotism): 1 cities, 0 units, 1g, 7 techs, researching Map Making (14/33)
    Babylon: size=2, prod=building:7 (8sh), bldgs=Palace, Granary
    Units: none
  [Civ 3] Germans (despotism): 1 cities, 1 units, 17g, 8 techs, researching Map Making (8/28)
    Berlin: size=2, prod=building:7 (17sh), bldgs=Palace, Granary
    Units: 1x Warriors
  [Civ 4] Egyptians (despotism): 1 cities, 1 units, 0g, 8 techs, researching Map Making (10/28)
    Thebes: size=2, prod=building:3 (57sh), bldgs=Palace
    Units: 1x Warriors
  [Civ 1] Romans turn: 0 actions — idle
    >>> Thebes built building:3
    >>> Thebes sold Granary
    >>> Rome grew to size 3

══════════════════════════════════════════════════════════════════════
  TURN 25 — 3520 B.C. (8ms)
══════════════════════════════════════════════════════════════════════
  [Civ 1] Romans (despotism): 1 cities, 0 units, 46g, 7 techs, researching Map Making (31/33)
    Rome: size=3, prod=Wonder40 (84sh), bldgs=Palace
    Units: none
  [Civ 2] Babylonians (despotism): 1 cities, 0 units, 1g, 7 techs, researching Map Making (17/33)
    Babylon: size=2, prod=building:7 (12sh), bldgs=Palace, Granary
    Units: none
  [Civ 3] Germans (despotism): 1 cities, 1 units, 17g, 8 techs, researching Map Making (12/28)
    Berlin: size=2, prod=building:7 (21sh), bldgs=Palace, Granary
    Units: 1x Warriors
  [Civ 4] Egyptians (despotism): 1 cities, 1 units, 59g, 8 techs, researching Map Making (12/28)
    Thebes: size=2, prod=building:3 (0sh), bldgs=Palace
    Units: 1x Warriors
  [Civ 1] Romans turn: 0 actions — idle
    >>> Berlin grew to size 3
    >>> Thebes grew to size 3
    >>> Romans discovered: Map Making

══════════════════════════════════════════════════════════════════════
  TURN 26 — 3500 B.C. (10ms)
══════════════════════════════════════════════════════════════════════
  [Civ 1] Romans (despotism): 1 cities, 0 units, 46g, 8 techs, researching none (0/28)
    Rome: size=3, prod=Wonder40 (89sh), bldgs=Palace
    Units: none
  [Civ 2] Babylonians (despotism): 1 cities, 0 units, 1g, 7 techs, researching Map Making (20/33)
    Babylon: size=2, prod=building:7 (16sh), bldgs=Palace, Granary
    Units: none
  [Civ 3] Germans (despotism): 1 cities, 1 units, 17g, 8 techs, researching Map Making (17/28)
    Berlin: size=3, prod=building:7 (25sh), bldgs=Palace, Granary
    Units: 1x Warriors
  [Civ 4] Egyptians (despotism): 1 cities, 0 units, 59g, 8 techs, researching Map Making (14/28)
    Thebes: size=3, prod=building:3 (3sh), bldgs=Palace
    Units: none
  [Civ 1] Romans turn: 1 actions — SET_RESEARCH(1)
    SET_RESEARCH tech=Mysticism

══════════════════════════════════════════════════════════════════════
  TURN 27 — 3480 B.C. (10ms)
══════════════════════════════════════════════════════════════════════
  [Civ 1] Romans (despotism): 1 cities, 0 units, 48g, 8 techs, researching Mysticism (6/28)
    Rome: size=3, prod=Wonder40 (94sh), bldgs=Palace
    Units: none
  [Civ 2] Babylonians (despotism): 1 cities, 0 units, 1g, 7 techs, researching Map Making (23/33)
    Babylon: size=2, prod=building:7 (20sh), bldgs=Palace, Granary
    Units: none
  [Civ 3] Germans (despotism): 1 cities, 1 units, 17g, 8 techs, researching Map Making (22/28)
    Berlin: size=3, prod=building:7 (31sh), bldgs=Palace, Granary
    Units: 1x Warriors
  [Civ 4] Egyptians (despotism): 1 cities, 0 units, 59g, 8 techs, researching Map Making (16/28)
    Thebes: size=3, prod=building:3 (7sh), bldgs=Palace
    Units: none
  [Civ 1] Romans turn: 0 actions — idle

══════════════════════════════════════════════════════════════════════
  TURN 28 — 3460 B.C. (7ms)
══════════════════════════════════════════════════════════════════════
  [Civ 1] Romans (despotism): 1 cities, 0 units, 50g, 8 techs, researching Mysticism (12/28)
    Rome: size=3, prod=Wonder40 (99sh), bldgs=Palace
    Units: none
  [Civ 2] Babylonians (despotism): 1 cities, 0 units, 1g, 7 techs, researching Map Making (26/33)
    Babylon: size=2, prod=building:7 (24sh), bldgs=Palace, Granary
    Units: none
  [Civ 3] Germans (despotism): 1 cities, 1 units, 17g, 8 techs, researching Map Making (27/28)
    Berlin: size=3, prod=building:7 (37sh), bldgs=Palace, Granary
    Units: 1x Warriors
  [Civ 4] Egyptians (despotism): 1 cities, 0 units, 59g, 8 techs, researching Map Making (18/28)
    Thebes: size=3, prod=building:3 (11sh), bldgs=Palace
    Units: none
  [Civ 1] Romans turn: 0 actions — idle
    >>> Germans discovered: Map Making
    SET_RESEARCH tech=Seafaring

══════════════════════════════════════════════════════════════════════
  TURN 29 — 3440 B.C. (5ms)
══════════════════════════════════════════════════════════════════════
  [Civ 1] Romans (despotism): 1 cities, 0 units, 52g, 8 techs, researching Mysticism (18/28)
    Rome: size=3, prod=Wonder40 (104sh), bldgs=Palace
    Units: none
  [Civ 2] Babylonians (despotism): 1 cities, 0 units, 1g, 7 techs, researching Map Making (29/33)
    Babylon: size=2, prod=building:7 (28sh), bldgs=Palace, Granary
    Units: none
  [Civ 3] Germans (despotism): 1 cities, 1 units, 17g, 9 techs, researching Seafaring (0/32)
    Berlin: size=3, prod=building:7 (43sh), bldgs=Palace, Granary
    Units: 1x Warriors
  [Civ 4] Egyptians (despotism): 1 cities, 0 units, 59g, 8 techs, researching Map Making (20/28)
    Thebes: size=3, prod=building:3 (15sh), bldgs=Palace
    Units: none
  [Civ 1] Romans turn: 0 actions — idle
    SET_RESEARCH tech=Mysticism
    ADJUST_ATTITUDE target=civ3
    ADJUST_ATTITUDE target=civ3
    ADJUST_ATTITUDE target=civ3

══════════════════════════════════════════════════════════════════════
  TURN 30 — 3420 B.C. (6ms)
══════════════════════════════════════════════════════════════════════
  [Civ 1] Romans (despotism): 1 cities, 0 units, 54g, 8 techs, researching Mysticism (24/28)
    Rome: size=3, prod=Wonder40 (109sh), bldgs=Palace
    Units: none
  [Civ 2] Babylonians (despotism): 1 cities, 0 units, 1g, 7 techs, researching Map Making (32/33)
    Babylon: size=2, prod=building:7 (32sh), bldgs=Palace, Granary
    Units: none
  [Civ 3] Germans (despotism): 1 cities, 1 units, 17g, 9 techs, researching Seafaring (5/32)
    Berlin: size=3, prod=building:7 (49sh), bldgs=Palace, Granary
    Units: 1x Warriors
  [Civ 4] Egyptians (despotism): 1 cities, 0 units, 59g, 9 techs, researching Mysticism (22/32)
    Thebes: size=3, prod=building:3 (19sh), bldgs=Palace
    Units: none
  [Civ 1] Romans turn: 0 actions — idle
    >>> Babylonians discovered: Map Making
    SET_RESEARCH tech=Currency
    COMBAT: ? vs ? → capture (atkHp=undefined, defHp=undefined)
    >>> Romans discovered: Mysticism

══════════════════════════════════════════════════════════════════════
  TURN 31 — 3400 B.C. (7ms)
══════════════════════════════════════════════════════════════════════
  [Civ 1] Romans (despotism): 1 cities, 0 units, 54g, 9 techs, researching none (0/32)
    Rome: size=3, prod=Wonder40 (114sh), bldgs=Palace
    Units: none
  [Civ 2] Babylonians (despotism): 1 cities, 0 units, 1g, 8 techs, researching Currency (0/28)
    Babylon: size=2, prod=building:7 (36sh), bldgs=Palace, Granary
    Units: none
  [Civ 3] Germans (despotism): 2 cities, 1 units, 61g, 9 techs, researching Seafaring (10/32)
    Berlin: size=3, prod=building:7 (55sh), bldgs=Palace, Granary
    Thebes: size=2, prod=Warriors (0sh)
    Units: 1x Warriors
  [Civ 4] Egyptians: ELIMINATED
  [Civ 1] Romans turn: 1 actions — SET_RESEARCH(1)
    SET_RESEARCH tech=Currency
    CHANGE_PRODUCTION city=3

══════════════════════════════════════════════════════════════════════
  TURN 32 — 3380 B.C. (8ms)
══════════════════════════════════════════════════════════════════════
  [Civ 1] Romans (despotism): 1 cities, 0 units, 56g, 9 techs, researching Currency (6/32)
    Rome: size=3, prod=Wonder40 (119sh), bldgs=Palace
    Units: none
  [Civ 2] Babylonians (despotism): 1 cities, 0 units, 1g, 8 techs, researching Currency (3/28)
    Babylon: size=2, prod=building:7 (40sh), bldgs=Palace, Granary
    Units: none
  [Civ 3] Germans (despotism): 2 cities, 1 units, 61g, 9 techs, researching Seafaring (17/32)
    Berlin: size=3, prod=building:7 (61sh), bldgs=Palace, Granary
    Thebes: size=2, prod=building:3 (0sh)
    Units: 1x Warriors
  [Civ 4] Egyptians: ELIMINATED
  [Civ 1] Romans turn: 2 actions — ADJUST_ATTITUDE(2)
    ADJUST_ATTITUDE target=civ2
    ADJUST_ATTITUDE target=civ3
    ADJUST_ATTITUDE target=civ1
    ADJUST_ATTITUDE target=civ3
    ADJUST_ATTITUDE target=civ1
    ADJUST_ATTITUDE target=civ2

══════════════════════════════════════════════════════════════════════
  TURN 33 — 3360 B.C. (5ms)
══════════════════════════════════════════════════════════════════════
  [Civ 1] Romans (despotism): 1 cities, 0 units, 58g, 9 techs, researching Currency (12/32)
    Rome: size=3, prod=Wonder40 (124sh), bldgs=Palace
    Units: none
  [Civ 2] Babylonians (despotism): 1 cities, 0 units, 1g, 8 techs, researching Currency (6/28)
    Babylon: size=2, prod=building:7 (44sh), bldgs=Palace, Granary
    Units: none
  [Civ 3] Germans (despotism): 2 cities, 1 units, 61g, 9 techs, researching Seafaring (24/32)
    Berlin: size=3, prod=building:7 (67sh), bldgs=Palace, Granary
    Thebes: size=2, prod=building:3 (2sh)
    Units: 1x Warriors
  [Civ 4] Egyptians: ELIMINATED
  [Civ 1] Romans turn: 0 actions — idle

══════════════════════════════════════════════════════════════════════
  TURN 34 — 3340 B.C. (7ms)
══════════════════════════════════════════════════════════════════════
  [Civ 1] Romans (despotism): 1 cities, 0 units, 60g, 9 techs, researching Currency (18/32)
    Rome: size=3, prod=Wonder40 (129sh), bldgs=Palace
    Units: none
  [Civ 2] Babylonians (despotism): 1 cities, 0 units, 1g, 8 techs, researching Currency (9/28)
    Babylon: size=2, prod=building:7 (48sh), bldgs=Palace, Granary
    Units: none
  [Civ 3] Germans (despotism): 2 cities, 1 units, 61g, 9 techs, researching Seafaring (31/32)
    Berlin: size=3, prod=building:7 (73sh), bldgs=Palace, Granary
    Thebes: size=2, prod=building:3 (4sh)
    Units: 1x Warriors
  [Civ 4] Egyptians: ELIMINATED
  [Civ 1] Romans turn: 0 actions — idle
    >>> Germans discovered: Seafaring
    SET_RESEARCH tech=Monarchy
    >>> Romans discovered: Currency

══════════════════════════════════════════════════════════════════════
  TURN 35 — 3320 B.C. (7ms)
══════════════════════════════════════════════════════════════════════
  [Civ 1] Romans (despotism): 1 cities, 0 units, 60g, 10 techs, researching none (0/48)
    Rome: size=3, prod=Wonder40 (134sh), bldgs=Palace
    Units: none
  [Civ 2] Babylonians (despotism): 1 cities, 0 units, 1g, 8 techs, researching Currency (12/28)
    Babylon: size=2, prod=building:7 (52sh), bldgs=Palace, Granary
    Units: none
  [Civ 3] Germans (despotism): 2 cities, 1 units, 61g, 10 techs, researching Monarchy (0/48)
    Berlin: size=3, prod=building:7 (79sh), bldgs=Palace, Granary
    Thebes: size=2, prod=building:3 (6sh)
    Units: 1x Warriors
  [Civ 4] Egyptians: ELIMINATED
  [Civ 1] Romans turn: 1 actions — SET_RESEARCH(1)
    SET_RESEARCH tech=Writing
    >>> Berlin built building:7
    CHANGE_PRODUCTION city=2

══════════════════════════════════════════════════════════════════════
  TURN 36 — 3300 B.C. (6ms)
══════════════════════════════════════════════════════════════════════
  [Civ 1] Romans (despotism): 1 cities, 0 units, 62g, 10 techs, researching Writing (6/48)
    Rome: size=3, prod=Wonder40 (139sh), bldgs=Palace
    Units: none
  [Civ 2] Babylonians (despotism): 1 cities, 0 units, 1g, 8 techs, researching Currency (15/28)
    Babylon: size=2, prod=building:7 (56sh), bldgs=Palace, Granary
    Units: none
  [Civ 3] Germans (despotism): 2 cities, 1 units, 60g, 10 techs, researching Monarchy (7/48)
    Berlin: size=3, prod=building:30 (2sh), bldgs=Palace, Granary, Courthouse
    Thebes: size=2, prod=building:3 (8sh)
    Units: 1x Warriors
  [Civ 4] Egyptians: ELIMINATED
  [Civ 1] Romans turn: 0 actions — idle

══════════════════════════════════════════════════════════════════════
  TURN 37 — 3280 B.C. (4ms)
══════════════════════════════════════════════════════════════════════
  [Civ 1] Romans (despotism): 1 cities, 0 units, 64g, 10 techs, researching Writing (12/48)
    Rome: size=3, prod=Wonder40 (144sh), bldgs=Palace
    Units: none
  [Civ 2] Babylonians (despotism): 1 cities, 0 units, 1g, 8 techs, researching Currency (18/28)
    Babylon: size=2, prod=building:7 (60sh), bldgs=Palace, Granary
    Units: none
  [Civ 3] Germans (despotism): 2 cities, 1 units, 59g, 10 techs, researching Monarchy (14/48)
    Berlin: size=3, prod=building:30 (8sh), bldgs=Palace, Granary, Courthouse
    Thebes: size=2, prod=building:3 (10sh)
    Units: 1x Warriors
  [Civ 4] Egyptians: ELIMINATED
  [Civ 1] Romans turn: 0 actions — idle

══════════════════════════════════════════════════════════════════════
  TURN 38 — 3260 B.C. (7ms)
══════════════════════════════════════════════════════════════════════
  [Civ 1] Romans (despotism): 1 cities, 0 units, 66g, 10 techs, researching Writing (18/48)
    Rome: size=3, prod=Wonder40 (149sh), bldgs=Palace
    Units: none
  [Civ 2] Babylonians (despotism): 1 cities, 0 units, 1g, 8 techs, researching Currency (21/28)
    Babylon: size=2, prod=building:7 (64sh), bldgs=Palace, Granary
    Units: none
  [Civ 3] Germans (despotism): 2 cities, 1 units, 58g, 10 techs, researching Monarchy (21/48)
    Berlin: size=3, prod=building:30 (14sh), bldgs=Palace, Granary, Courthouse
    Thebes: size=2, prod=building:3 (12sh)
    Units: 1x Warriors
  [Civ 4] Egyptians: ELIMINATED
  [Civ 1] Romans turn: 0 actions — idle

══════════════════════════════════════════════════════════════════════
  TURN 39 — 3240 B.C. (8ms)
══════════════════════════════════════════════════════════════════════
  [Civ 1] Romans (despotism): 1 cities, 0 units, 68g, 10 techs, researching Writing (24/48)
    Rome: size=3, prod=Wonder40 (154sh), bldgs=Palace
    Units: none
  [Civ 2] Babylonians (despotism): 1 cities, 0 units, 1g, 8 techs, researching Currency (24/28)
    Babylon: size=2, prod=building:7 (68sh), bldgs=Palace, Granary
    Units: none
  [Civ 3] Germans (despotism): 2 cities, 1 units, 57g, 10 techs, researching Monarchy (28/48)
    Berlin: size=3, prod=building:30 (20sh), bldgs=Palace, Granary, Courthouse
    Thebes: size=2, prod=building:3 (14sh)
    Units: 1x Warriors
  [Civ 4] Egyptians: ELIMINATED
  [Civ 1] Romans turn: 0 actions — idle

══════════════════════════════════════════════════════════════════════
  TURN 40 — 3220 B.C. (5ms)
══════════════════════════════════════════════════════════════════════
  [Civ 1] Romans (despotism): 1 cities, 0 units, 70g, 10 techs, researching Writing (30/48)
    Rome: size=3, prod=Wonder40 (159sh), bldgs=Palace
    Units: none
  [Civ 2] Babylonians (despotism): 1 cities, 0 units, 1g, 8 techs, researching Currency (27/28)
    Babylon: size=2, prod=building:7 (72sh), bldgs=Palace, Granary
    Units: none
  [Civ 3] Germans (despotism): 2 cities, 1 units, 56g, 10 techs, researching Monarchy (35/48)
    Berlin: size=3, prod=building:30 (26sh), bldgs=Palace, Granary, Courthouse
    Thebes: size=2, prod=building:3 (16sh)
    Units: 1x Warriors
  [Civ 4] Egyptians: ELIMINATED
  [Civ 1] Romans turn: 0 actions — idle
    >>> Babylonians discovered: Currency
    SET_RESEARCH tech=Monarchy

══════════════════════════════════════════════════════════════════════
  TURN 41 — 3200 B.C. (5ms)
══════════════════════════════════════════════════════════════════════
  [Civ 1] Romans (despotism): 1 cities, 0 units, 72g, 10 techs, researching Writing (36/48)
    Rome: size=3, prod=Wonder40 (164sh), bldgs=Palace
    Units: none
  [Civ 2] Babylonians (despotism): 1 cities, 0 units, 1g, 9 techs, researching Monarchy (0/21)
    Babylon: size=2, prod=building:7 (76sh), bldgs=Palace, Granary
    Units: none
  [Civ 3] Germans (despotism): 2 cities, 1 units, 55g, 10 techs, researching Monarchy (42/48)
    Berlin: size=3, prod=building:30 (32sh), bldgs=Palace, Granary, Courthouse
    Thebes: size=2, prod=building:3 (18sh)
    Units: 1x Warriors
  [Civ 4] Egyptians: ELIMINATED
  [Civ 1] Romans turn: 0 actions — idle
    >>> Babylon built building:7
    CHANGE_PRODUCTION city=1
    >>> Germans discovered: Monarchy
    SET_RESEARCH tech=Feudalism
    REVOLUTION
    >>> Romans discovered: Writing

══════════════════════════════════════════════════════════════════════
  TURN 42 — 3180 B.C. (6ms)
══════════════════════════════════════════════════════════════════════
  [Civ 1] Romans (despotism): 1 cities, 0 units, 72g, 11 techs, researching none (0/26)
    Rome: size=3, prod=Wonder40 (169sh), bldgs=Palace
    Units: none
  [Civ 2] Babylonians (despotism): 1 cities, 0 units, 0g, 9 techs, researching Monarchy (3/21)
    Babylon: size=2, prod=building:5 (0sh), bldgs=Palace, Granary, Courthouse
    Units: none
  [Civ 3] Germans (anarchy): 2 cities, 1 units, 55g, 12 techs, researching Feudalism (0/57)
    Berlin: size=3, prod=building:30 (38sh), bldgs=Palace, Granary, Courthouse
    Thebes: size=2, prod=building:3 (20sh)
    Units: 1x Warriors
  [Civ 4] Egyptians: ELIMINATED
  [Civ 1] Romans turn: 1 actions — SET_RESEARCH(1)
    SET_RESEARCH tech=Literacy
    >>> Babylon sold Granary
    CHANGE_PRODUCTION city=1

══════════════════════════════════════════════════════════════════════
  TURN 43 — 3160 B.C. (7ms)
══════════════════════════════════════════════════════════════════════
  [Civ 1] Romans (despotism): 1 cities, 0 units, 74g, 11 techs, researching Literacy (6/26)
    Rome: size=3, prod=Wonder40 (174sh), bldgs=Palace
    Units: none
  [Civ 2] Babylonians (despotism): 1 cities, 0 units, 59g, 9 techs, researching Monarchy (6/21)
    Babylon: size=2, prod=building:3 (2sh), bldgs=Palace, Courthouse
    Units: none
  [Civ 3] Germans (anarchy): 2 cities, 1 units, 54g, 12 techs, researching Feudalism (6/57)
    Berlin: size=3, prod=building:30 (44sh), bldgs=Palace, Granary, Courthouse
    Thebes: size=2, prod=building:3 (22sh)
    Units: 1x Warriors
  [Civ 4] Egyptians: ELIMINATED
  [Civ 1] Romans turn: 0 actions — idle

══════════════════════════════════════════════════════════════════════
  TURN 44 — 3140 B.C. (6ms)
══════════════════════════════════════════════════════════════════════
  [Civ 1] Romans (despotism): 1 cities, 0 units, 76g, 11 techs, researching Literacy (12/26)
    Rome: size=3, prod=Wonder40 (179sh), bldgs=Palace
    Units: none
  [Civ 2] Babylonians (despotism): 1 cities, 0 units, 59g, 9 techs, researching Monarchy (9/21)
    Babylon: size=2, prod=building:3 (6sh), bldgs=Palace, Courthouse
    Units: none
  [Civ 3] Germans (anarchy): 2 cities, 1 units, 53g, 12 techs, researching Feudalism (12/57)
    Berlin: size=3, prod=building:30 (50sh), bldgs=Palace, Granary, Courthouse
    Thebes: size=2, prod=building:3 (24sh)
    Units: 1x Warriors
  [Civ 4] Egyptians: ELIMINATED
  [Civ 1] Romans turn: 0 actions — idle
    >>> Rome grew to size 4

══════════════════════════════════════════════════════════════════════
  TURN 45 — 3120 B.C. (7ms)
══════════════════════════════════════════════════════════════════════
  [Civ 1] Romans (despotism): 1 cities, 0 units, 78g, 11 techs, researching Literacy (18/26)
    Rome: size=4, prod=Wonder40 (184sh), bldgs=Palace
    Units: none
  [Civ 2] Babylonians (despotism): 1 cities, 0 units, 59g, 9 techs, researching Monarchy (12/21)
    Babylon: size=2, prod=building:3 (10sh), bldgs=Palace, Courthouse
    Units: none
  [Civ 3] Germans (anarchy): 2 cities, 1 units, 52g, 12 techs, researching Feudalism (18/57)
    Berlin: size=3, prod=building:30 (56sh), bldgs=Palace, Granary, Courthouse
    Thebes: size=2, prod=building:3 (26sh)
    Units: 1x Warriors
  [Civ 4] Egyptians: ELIMINATED
  [Civ 1] Romans turn: 0 actions — idle
    >>> Berlin built building:30
    >>> Thebes grew to size 3
    CHANGE_PRODUCTION city=2
    CHANGE_PRODUCTION city=3

══════════════════════════════════════════════════════════════════════
  TURN 46 — 3100 B.C. (5ms)
══════════════════════════════════════════════════════════════════════
  [Civ 1] Romans (despotism): 1 cities, 0 units, 80g, 11 techs, researching Literacy (24/26)
    Rome: size=4, prod=Wonder40 (190sh), bldgs=Palace
    Units: none
  [Civ 2] Babylonians (despotism): 1 cities, 0 units, 59g, 9 techs, researching Monarchy (15/21)
    Babylon: size=2, prod=building:3 (14sh), bldgs=Palace, Courthouse
    Units: none
  [Civ 3] Germans (anarchy): 2 cities, 1 units, 50g, 12 techs, researching Feudalism (24/57)
    Berlin: size=3, prod=Trireme (0sh), bldgs=Palace, Granary, Courthouse, Harbour
    Thebes: size=3, prod=building:30 (14sh)
    Units: 1x Warriors
  [Civ 4] Egyptians: ELIMINATED
  [Civ 1] Romans turn: 0 actions — idle
    >>> Romans discovered: Literacy

══════════════════════════════════════════════════════════════════════
  TURN 47 — 3080 B.C. (5ms)
══════════════════════════════════════════════════════════════════════
  [Civ 1] Romans (despotism): 1 cities, 0 units, 80g, 12 techs, researching none (0/57)
    Rome: size=4, prod=Wonder40 (196sh), bldgs=Palace
    Units: none
  [Civ 2] Babylonians (despotism): 1 cities, 0 units, 59g, 9 techs, researching Monarchy (18/21)
    Babylon: size=2, prod=building:3 (18sh), bldgs=Palace, Courthouse
    Units: none
  [Civ 3] Germans (anarchy): 2 cities, 1 units, 48g, 12 techs, researching Feudalism (30/57)
    Berlin: size=3, prod=Trireme (6sh), bldgs=Palace, Granary, Courthouse, Harbour
    Thebes: size=3, prod=building:30 (16sh)
    Units: 1x Warriors
  [Civ 4] Egyptians: ELIMINATED
  [Civ 1] Romans turn: 1 actions — SET_RESEARCH(1)
    SET_RESEARCH tech=Philosophy
    >>> Babylonians discovered: Monarchy
    SET_RESEARCH tech=Trade
    REVOLUTION
    >>> Rome built Wonder40

══════════════════════════════════════════════════════════════════════
  TURN 48 — 3060 B.C. (6ms)
══════════════════════════════════════════════════════════════════════
  [Civ 1] Romans (despotism): 1 cities, 0 units, 84g, 12 techs, researching Philosophy (9/57)
    Rome: size=4, prod=Wonder40 (2sh), bldgs=Palace
    Units: none
  [Civ 2] Babylonians (anarchy): 1 cities, 0 units, 59g, 10 techs, researching Trade (0/24)
    Babylon: size=2, prod=building:3 (22sh), bldgs=Palace, Courthouse
    Units: none
  [Civ 3] Germans (anarchy): 2 cities, 1 units, 46g, 12 techs, researching Feudalism (36/57)
    Berlin: size=3, prod=Trireme (12sh), bldgs=Palace, Granary, Courthouse, Harbour
    Thebes: size=3, prod=building:30 (18sh)
    Units: 1x Warriors
  [Civ 4] Egyptians: ELIMINATED
  [Civ 1] Romans turn: 2 actions — CHANGE_RATES(1), CHANGE_PRODUCTION(1)
    CHANGE_RATES sci=6 tax=3 lux=undefined
    CHANGE_PRODUCTION city=0

══════════════════════════════════════════════════════════════════════
  TURN 49 — 3040 B.C. (9ms)
══════════════════════════════════════════════════════════════════════
  [Civ 1] Romans (despotism): 1 cities, 0 units, 87g, 13 techs, researching Philosophy (18/62)
    Rome: size=4, prod=building:3 (6sh), bldgs=Palace
    Units: none
  [Civ 2] Babylonians (anarchy): 1 cities, 0 units, 59g, 10 techs, researching Trade (3/24)
    Babylon: size=2, prod=building:3 (26sh), bldgs=Palace, Courthouse
    Units: none
  [Civ 3] Germans (anarchy): 2 cities, 1 units, 44g, 12 techs, researching Feudalism (42/28)
    Berlin: size=3, prod=Trireme (18sh), bldgs=Palace, Granary, Courthouse, Harbour
    Thebes: size=3, prod=building:30 (20sh)
    Units: 1x Warriors
  [Civ 4] Egyptians: ELIMINATED
  [Civ 1] Romans turn: 1 actions — REVOLUTION(1)
    REVOLUTION
    >>> Germans discovered: Feudalism
    SET_RESEARCH tech=Trade

══════════════════════════════════════════════════════════════════════
  TURN 50 — 3020 B.C. (8ms)
══════════════════════════════════════════════════════════════════════
  [Civ 1] Romans (anarchy): 1 cities, 0 units, 88g, 13 techs, researching Philosophy (24/62)
    Rome: size=4, prod=building:3 (12sh), bldgs=Palace
    Units: none
  [Civ 2] Babylonians (anarchy): 1 cities, 0 units, 59g, 10 techs, researching Trade (6/24)
    Babylon: size=2, prod=building:3 (30sh), bldgs=Palace, Courthouse
    Units: none
  [Civ 3] Germans (anarchy): 2 cities, 1 units, 44g, 13 techs, researching Trade (0/62)
    Berlin: size=3, prod=Trireme (24sh), bldgs=Palace, Granary, Courthouse, Harbour
    Thebes: size=3, prod=building:30 (22sh)
    Units: 1x Warriors
  [Civ 4] Egyptians: ELIMINATED
  [Civ 1] Romans turn: 1 actions — CHANGE_RATES(1)
    CHANGE_RATES sci=6 tax=4 lux=undefined
    >>> Babylon grew to size 3
    >>> Berlin grew to size 4

══════════════════════════════════════════════════════════════════════
  TURN 51 — 3000 B.C. (4ms)
══════════════════════════════════════════════════════════════════════
  [Civ 1] Romans (anarchy): 1 cities, 0 units, 90g, 13 techs, researching Philosophy (30/62)
    Rome: size=4, prod=building:3 (18sh), bldgs=Palace
    Units: none
  [Civ 2] Babylonians (anarchy): 1 cities, 0 units, 59g, 10 techs, researching Trade (10/24)
    Babylon: size=3, prod=building:3 (34sh), bldgs=Palace, Courthouse
    Units: none
  [Civ 3] Germans (anarchy): 2 cities, 1 units, 43g, 13 techs, researching Trade (6/62)
    Berlin: size=4, prod=Trireme (30sh), bldgs=Palace, Granary, Courthouse, Harbour
    Thebes: size=3, prod=building:30 (24sh)
    Units: 1x Warriors
  [Civ 4] Egyptians: ELIMINATED
  [Civ 1] Romans turn: 0 actions — idle

══════════════════════════════════════════════════════════════════════
  TURN 52 — 2980 B.C. (5ms)
══════════════════════════════════════════════════════════════════════
  [Civ 1] Romans (anarchy): 1 cities, 0 units, 92g, 13 techs, researching Philosophy (36/62)
    Rome: size=4, prod=building:3 (24sh), bldgs=Palace
    Units: none
  [Civ 2] Babylonians (anarchy): 1 cities, 0 units, 59g, 10 techs, researching Trade (14/24)
    Babylon: size=3, prod=building:3 (39sh), bldgs=Palace, Courthouse
    Units: none
  [Civ 3] Germans (anarchy): 2 cities, 1 units, 42g, 13 techs, researching Trade (12/62)
    Berlin: size=4, prod=Trireme (36sh), bldgs=Palace, Granary, Courthouse, Harbour
    Thebes: size=3, prod=building:30 (26sh)
    Units: 1x Warriors
  [Civ 4] Egyptians: ELIMINATED
  [Civ 1] Romans turn: 0 actions — idle
    >>> Berlin built Trireme
    CHANGE_PRODUCTION city=2

══════════════════════════════════════════════════════════════════════
  TURN 53 — 2960 B.C. (5ms)
══════════════════════════════════════════════════════════════════════
  [Civ 1] Romans (anarchy): 1 cities, 0 units, 94g, 13 techs, researching Philosophy (42/62)
    Rome: size=4, prod=building:3 (30sh), bldgs=Palace
    Units: none
  [Civ 2] Babylonians (anarchy): 1 cities, 0 units, 59g, 10 techs, researching Trade (18/24)
    Babylon: size=3, prod=building:3 (44sh), bldgs=Palace, Courthouse
    Units: none
  [Civ 3] Germans (anarchy): 2 cities, 2 units, 41g, 13 techs, researching Trade (18/62)
    Berlin: size=4, prod=Wonder46 (0sh), bldgs=Palace, Granary, Courthouse, Harbour
    Thebes: size=3, prod=building:30 (28sh)
    Units: 1x Warriors, 1x Trireme
  [Civ 4] Egyptians: ELIMINATED
  [Civ 1] Romans turn: 0 actions — idle

══════════════════════════════════════════════════════════════════════
  TURN 54 — 2940 B.C. (8ms)
══════════════════════════════════════════════════════════════════════
  [Civ 1] Romans (anarchy): 1 cities, 0 units, 96g, 13 techs, researching Philosophy (48/62)
    Rome: size=4, prod=building:3 (36sh), bldgs=Palace
    Units: none
  [Civ 2] Babylonians (anarchy): 1 cities, 0 units, 59g, 10 techs, researching Trade (22/24)
    Babylon: size=3, prod=building:3 (49sh), bldgs=Palace, Courthouse
    Units: none
  [Civ 3] Germans (anarchy): 2 cities, 2 units, 40g, 13 techs, researching Trade (24/62)
    Berlin: size=4, prod=Wonder46 (6sh), bldgs=Palace, Granary, Courthouse, Harbour
    Thebes: size=3, prod=building:30 (30sh)
    Units: 1x Warriors, 1x Trireme
  [Civ 4] Egyptians: ELIMINATED
  [Civ 1] Romans turn: 0 actions — idle
    >>> Babylonians discovered: Trade
    SET_RESEARCH tech=Masonry

══════════════════════════════════════════════════════════════════════
  TURN 55 — 2920 B.C. (7ms)
══════════════════════════════════════════════════════════════════════
  [Civ 1] Romans (anarchy): 1 cities, 0 units, 98g, 13 techs, researching Philosophy (54/62)
    Rome: size=4, prod=building:3 (42sh), bldgs=Palace
    Units: none
  [Civ 2] Babylonians (anarchy): 1 cities, 0 units, 59g, 11 techs, researching Masonry (0/26)
    Babylon: size=3, prod=building:3 (54sh), bldgs=Palace, Courthouse
    Units: none
  [Civ 3] Germans (anarchy): 2 cities, 2 units, 39g, 13 techs, researching Trade (30/62)
    Berlin: size=4, prod=Wonder46 (12sh), bldgs=Palace, Granary, Courthouse, Harbour
    Thebes: size=3, prod=building:30 (32sh)
    Units: 1x Warriors, 1x Trireme
  [Civ 4] Egyptians: ELIMINATED
  [Civ 1] Romans turn: 0 actions — idle

══════════════════════════════════════════════════════════════════════
  TURN 56 — 2900 B.C. (6ms)
══════════════════════════════════════════════════════════════════════
  [Civ 1] Romans (anarchy): 1 cities, 0 units, 100g, 13 techs, researching Philosophy (60/62)
    Rome: size=4, prod=building:3 (48sh), bldgs=Palace
    Units: none
  [Civ 2] Babylonians (anarchy): 1 cities, 0 units, 59g, 11 techs, researching Masonry (4/26)
    Babylon: size=3, prod=building:3 (59sh), bldgs=Palace, Courthouse
    Units: none
  [Civ 3] Germans (anarchy): 2 cities, 2 units, 38g, 13 techs, researching Trade (36/62)
    Berlin: size=4, prod=Wonder46 (18sh), bldgs=Palace, Granary, Courthouse, Harbour
    Thebes: size=3, prod=building:30 (34sh)
    Units: 1x Warriors, 1x Trireme
  [Civ 4] Egyptians: ELIMINATED
  [Civ 1] Romans turn: 1 actions — RUSH_BUY(1)
    RUSH_BUY city=0
    >>> Babylon built building:3
    CHANGE_PRODUCTION city=1

══════════════════════════════════════════════════════════════════════
  FINAL SUMMARY
══════════════════════════════════════════════════════════════════════
Game ended at turn 56 (2900 B.C.)

── Civ 1: Romans (anarchy) ALIVE ──
  Cities: 1 (peak 1, founded 1)
  Units:  0 (peak 1)
  Treasury: 76g
  Techs discovered: 7 — Bronze Working, Iron Working, Map Making, Mysticism, Currency, Writing, Literacy
  Actions: 40 total, 35 idle turns
  Breakdown: UNIT_ORDER(11), MOVE_UNIT(10), SET_RESEARCH(8), CHANGE_RATES(3), CHANGE_PRODUCTION(3), ADJUST_ATTITUDE(2), BUILD_CITY(1), REVOLUTION(1), RUSH_BUY(1)
  Army: none
  Rome: size=4, shields=60

── Civ 2: Babylonians (anarchy) ALIVE ──
  Cities: 1 (peak 1, founded 1)
  Units:  0 (peak 1)
  Treasury: 58g
  Techs discovered: 5 — Code of Laws, Map Making, Currency, Monarchy, Trade
  Actions: 22 total, 44 idle turns
  Breakdown: SET_RESEARCH(7), CHANGE_PRODUCTION(5), UNIT_ORDER(3), MOVE_UNIT(2), ADJUST_ATTITUDE(2), CHANGE_RATES(1), BUILD_CITY(1), REVOLUTION(1)
  Army: none
  Babylon: size=3, shields=2

── Civ 3: Germans (anarchy) ALIVE ──
  Cities: 2 (peak 2, founded 1)
  Units:  2 (peak 2)
  Treasury: 37g
  Techs discovered: 6 — Code of Laws, Iron Working, Map Making, Seafaring, Monarchy, Feudalism
  Actions: 91 total, 14 idle turns
  Breakdown: UNIT_ORDER(37), MOVE_UNIT(34), SET_RESEARCH(8), CHANGE_PRODUCTION(7), ADJUST_ATTITUDE(2), CHANGE_RATES(1), BUILD_CITY(1), REVOLUTION(1)
  Army: 1x Warriors, 1x Trireme
  Berlin: size=4, shields=24
  Thebes: size=3, shields=36

── Civ 4: Egyptians (dead) ELIMINATED ──
  Cities: 0 (peak 1, founded 1)
  Units:  0 (peak 1)
  Treasury: 15g
  Techs discovered: 1 — Masonry
  Actions: 63 total, 3 idle turns
  Breakdown: UNIT_ORDER(27), MOVE_UNIT(26), SET_RESEARCH(4), ADJUST_ATTITUDE(3), CHANGE_RATES(1), BUILD_CITY(1), CHANGE_PRODUCTION(1)
  Army: none


══════════════════════════════════════════════════════════════════════
  AI BEHAVIOR ANALYSIS
══════════════════════════════════════════════════════════════════════
[Civ 1] Romans:
  WARNING: Idle 35/50 turns (>50%)
  WARNING: Only 1 city after 30+ turns

[Civ 2] Babylonians:
  WARNING: Idle 44/50 turns (>50%)
  WARNING: Only 1 city after 30+ turns

[Civ 3] Germans:
  WARNING: Only 1 city after 30+ turns

[Civ 4] Egyptians:
  WARNING: Only 1 city after 30+ turns

