Charlization AI Headless Simulation
Date: 2026-03-19T02:20:33.677Z
Settings: 50 turns, 4 AI players, 50x80 map, difficulty=prince
Map seed: 47020
Map generated in 127ms
Game initialized: 4 civs, 10 starting units
  Civ 1 (Romans): starts at (29,41) on Grassland
  Civ 2 (Babylonians): starts at (12,8) on Forest
  Civ 3 (Germans): starts at (9,71) on Hills
  Civ 4 (Egyptians): starts at (38,10) on Hills
    SET_RESEARCH tech=Bronze Working
    CHANGE_RATES sci=6 tax=4 lux=undefined
    BUILD_CITY unit=0 name="Rome"
    1 actions REJECTED (of 6)
    SET_RESEARCH tech=Pottery
    CHANGE_RATES sci=6 tax=4 lux=undefined
    BUILD_CITY unit=2 name="Babylon"
    BUILD_CITY unit=8 name="Babylon"
    2 actions REJECTED (of 8)
    SET_RESEARCH tech=Ceremonial Burial
    CHANGE_RATES sci=6 tax=4 lux=undefined
    BUILD_CITY unit=4 name="Berlin"
    1 actions REJECTED (of 6)
    SET_RESEARCH tech=Ceremonial Burial
    CHANGE_RATES sci=6 tax=4 lux=undefined
    BUILD_CITY unit=6 name="Thebes"
    BUILD_CITY unit=9 name="Thebes"
    2 actions REJECTED (of 8)

══════════════════════════════════════════════════════════════════════
  TURN 1 — 4000 B.C. (39ms)
══════════════════════════════════════════════════════════════════════
  [Civ 1] Romans (despotism): 1 cities, 1 units, 1g, 3 techs, researching Bronze Working (3/28)
    Rome: size=1, prod=Warriors (2sh), bldgs=Palace
    Units: 1x Warriors
  [Civ 2] Babylonians (despotism): 1 cities, 2 units, 0g, 3 techs, researching Pottery (0/28)
    Babylon: size=1, prod=Warriors (0sh), bldgs=Palace
    Units: 1x Warriors, 1x Settlers
  [Civ 3] Germans (despotism): 1 cities, 1 units, 0g, 3 techs, researching Ceremonial Burial (0/28)
    Berlin: size=1, prod=Warriors (0sh), bldgs=Palace
    Units: 1x Warriors
  [Civ 4] Egyptians (despotism): 1 cities, 2 units, 0g, 3 techs, researching Ceremonial Burial (0/28)
    Thebes: size=1, prod=Warriors (0sh), bldgs=Palace
    Units: 1x Warriors, 1x Settlers
  [Civ 1] Romans turn: 2 actions — MOVE_UNIT(1), UNIT_ORDER(1)
    SET_RESEARCH tech=Alphabet
    CHANGE_PRODUCTION city=1
    CHANGE_PRODUCTION city=3

══════════════════════════════════════════════════════════════════════
  TURN 2 — 3980 B.C. (19ms)
══════════════════════════════════════════════════════════════════════
  [Civ 1] Romans (despotism): 1 cities, 1 units, 2g, 4 techs, researching Bronze Working (6/33)
    Rome: size=1, prod=Warriors (4sh), bldgs=Palace
    Units: 1x Warriors
  [Civ 2] Babylonians (despotism): 1 cities, 2 units, 1g, 5 techs, researching Alphabet (2/36)
    Babylon: size=1, prod=Archers (2sh), bldgs=Palace
    Units: 1x Warriors, 1x Settlers
  [Civ 3] Germans (despotism): 1 cities, 1 units, 1g, 4 techs, researching Ceremonial Burial (2/33)
    Berlin: size=1, prod=Warriors (3sh), bldgs=Palace
    Units: 1x Warriors
  [Civ 4] Egyptians (despotism): 1 cities, 2 units, 1g, 5 techs, researching Ceremonial Burial (2/36)
    Thebes: size=1, prod=Archers (1sh), bldgs=Palace
    Units: 1x Warriors, 1x Settlers
  [Civ 1] Romans turn: 2 actions — MOVE_UNIT(1), UNIT_ORDER(1)

══════════════════════════════════════════════════════════════════════
  TURN 3 — 3960 B.C. (11ms)
══════════════════════════════════════════════════════════════════════
  [Civ 1] Romans (despotism): 1 cities, 1 units, 3g, 4 techs, researching Bronze Working (9/33)
    Rome: size=1, prod=Warriors (6sh), bldgs=Palace
    Units: 1x Warriors
  [Civ 2] Babylonians (despotism): 1 cities, 2 units, 2g, 5 techs, researching Alphabet (4/36)
    Babylon: size=1, prod=Archers (6sh), bldgs=Palace
    Units: 1x Warriors, 1x Settlers
  [Civ 3] Germans (despotism): 1 cities, 1 units, 2g, 4 techs, researching Ceremonial Burial (4/33)
    Berlin: size=1, prod=Warriors (6sh), bldgs=Palace
    Units: 1x Warriors
  [Civ 4] Egyptians (despotism): 1 cities, 2 units, 2g, 5 techs, researching Ceremonial Burial (4/36)
    Thebes: size=1, prod=Archers (4sh), bldgs=Palace
    Units: 1x Warriors, 1x Settlers
  [Civ 1] Romans turn: 2 actions — MOVE_UNIT(1), UNIT_ORDER(1)
    END_TURN REJECTED: 1 units still need orders
      #10 Settlers(Settle) @(9,64) mv=3 ord=none hp=full

══════════════════════════════════════════════════════════════════════
  TURN 4 — 3940 B.C. (7ms)
══════════════════════════════════════════════════════════════════════
  [Civ 1] Romans (despotism): 1 cities, 1 units, 4g, 4 techs, researching Bronze Working (12/33)
    Rome: size=1, prod=Warriors (8sh), bldgs=Palace
    Units: 1x Warriors
  [Civ 2] Babylonians (despotism): 1 cities, 2 units, 3g, 5 techs, researching Alphabet (6/36)
    Babylon: size=1, prod=Archers (10sh), bldgs=Palace
    Units: 1x Warriors, 1x Settlers
  [Civ 3] Germans (despotism): 1 cities, 2 units, 3g, 4 techs, researching Ceremonial Burial (6/33)
    Berlin: size=1, prod=Warriors (9sh), bldgs=Palace
    Units: 1x Warriors, 1x Settlers
  [Civ 4] Egyptians (despotism): 1 cities, 2 units, 3g, 5 techs, researching Ceremonial Burial (6/36)
    Thebes: size=1, prod=Archers (7sh), bldgs=Palace
    Units: 1x Warriors, 1x Settlers
  [Civ 1] Romans turn: 2 actions — MOVE_UNIT(1), UNIT_ORDER(1)
    >>> Berlin built Warriors
    CHANGE_PRODUCTION city=2
    BUILD_CITY unit=10 name="Hamburg"
    1 actions REJECTED (of 5)
    >>> Rome built Warriors

══════════════════════════════════════════════════════════════════════
  TURN 5 — 3920 B.C. (8ms)
══════════════════════════════════════════════════════════════════════
  [Civ 1] Romans (despotism): 1 cities, 2 units, 5g, 4 techs, researching Bronze Working (15/33)
    Rome: size=1, prod=Warriors (0sh), bldgs=Palace
    Units: 2x Warriors
  [Civ 2] Babylonians (despotism): 1 cities, 2 units, 4g, 5 techs, researching Alphabet (8/36)
    Babylon: size=1, prod=Archers (14sh), bldgs=Palace
    Units: 1x Warriors, 1x Settlers
  [Civ 3] Germans (despotism): 2 cities, 2 units, 4g, 4 techs, researching Ceremonial Burial (8/33)
    Berlin: size=1, prod=Archers (1sh), bldgs=Palace
    Hamburg: size=1, prod=Warriors (0sh)
    Units: 2x Warriors
  [Civ 4] Egyptians (despotism): 1 cities, 2 units, 4g, 5 techs, researching Ceremonial Burial (8/36)
    Thebes: size=1, prod=Archers (10sh), bldgs=Palace
    Units: 1x Warriors, 1x Settlers
  [Civ 1] Romans turn: 3 actions — CHANGE_PRODUCTION(1), MOVE_UNIT(1), UNIT_ORDER(1)
    CHANGE_PRODUCTION city=0

══════════════════════════════════════════════════════════════════════
  TURN 6 — 3900 B.C. (8ms)
══════════════════════════════════════════════════════════════════════
  [Civ 1] Romans (despotism): 1 cities, 2 units, 6g, 4 techs, researching Bronze Working (18/33)
    Rome: size=1, prod=Archers (2sh), bldgs=Palace
    Units: 2x Warriors
  [Civ 2] Babylonians (despotism): 1 cities, 2 units, 5g, 5 techs, researching Alphabet (10/36)
    Babylon: size=1, prod=Archers (18sh), bldgs=Palace
    Units: 1x Warriors, 1x Settlers
  [Civ 3] Germans (despotism): 2 cities, 2 units, 6g, 4 techs, researching Ceremonial Burial (13/33)
    Berlin: size=1, prod=Archers (4sh), bldgs=Palace
    Hamburg: size=1, prod=Warriors (3sh)
    Units: 2x Warriors
  [Civ 4] Egyptians (despotism): 1 cities, 2 units, 5g, 5 techs, researching Ceremonial Burial (10/36)
    Thebes: size=1, prod=Archers (13sh), bldgs=Palace
    Units: 1x Warriors, 1x Settlers
  [Civ 1] Romans turn: 4 actions — MOVE_UNIT(1), UNIT_ORDER(3)
    CHANGE_PRODUCTION city=4

══════════════════════════════════════════════════════════════════════
  TURN 7 — 3880 B.C. (8ms)
══════════════════════════════════════════════════════════════════════
  [Civ 1] Romans (despotism): 1 cities, 2 units, 7g, 4 techs, researching Bronze Working (21/33)
    Rome: size=1, prod=Archers (4sh), bldgs=Palace
    Units: 2x Warriors
  [Civ 2] Babylonians (despotism): 1 cities, 2 units, 6g, 5 techs, researching Alphabet (12/36)
    Babylon: size=1, prod=Archers (22sh), bldgs=Palace
    Units: 1x Warriors, 1x Settlers
  [Civ 3] Germans (despotism): 2 cities, 2 units, 8g, 4 techs, researching Ceremonial Burial (18/33)
    Berlin: size=1, prod=Archers (7sh), bldgs=Palace
    Hamburg: size=1, prod=Archers (3sh)
    Units: 2x Warriors
  [Civ 4] Egyptians (despotism): 1 cities, 2 units, 6g, 5 techs, researching Ceremonial Burial (12/36)
    Thebes: size=1, prod=Archers (16sh), bldgs=Palace
    Units: 1x Warriors, 1x Settlers
  [Civ 1] Romans turn: 2 actions — MOVE_UNIT(1), UNIT_ORDER(1)

══════════════════════════════════════════════════════════════════════
  TURN 8 — 3860 B.C. (8ms)
══════════════════════════════════════════════════════════════════════
  [Civ 1] Romans (despotism): 1 cities, 2 units, 8g, 4 techs, researching Bronze Working (24/33)
    Rome: size=1, prod=Archers (6sh), bldgs=Palace
    Units: 2x Warriors
  [Civ 2] Babylonians (despotism): 1 cities, 2 units, 7g, 5 techs, researching Alphabet (14/36)
    Babylon: size=1, prod=Archers (26sh), bldgs=Palace
    Units: 1x Warriors, 1x Settlers
  [Civ 3] Germans (despotism): 2 cities, 2 units, 10g, 4 techs, researching Ceremonial Burial (23/33)
    Berlin: size=1, prod=Archers (10sh), bldgs=Palace
    Hamburg: size=1, prod=Archers (6sh)
    Units: 2x Warriors
  [Civ 4] Egyptians (despotism): 1 cities, 2 units, 7g, 5 techs, researching Ceremonial Burial (14/36)
    Thebes: size=1, prod=Archers (19sh), bldgs=Palace
    Units: 1x Warriors, 1x Settlers
  [Civ 1] Romans turn: 2 actions — MOVE_UNIT(1), UNIT_ORDER(1)
    >>> Babylon built Archers
    CHANGE_PRODUCTION city=1

══════════════════════════════════════════════════════════════════════
  TURN 9 — 3840 B.C. (6ms)
══════════════════════════════════════════════════════════════════════
  [Civ 1] Romans (despotism): 1 cities, 2 units, 9g, 4 techs, researching Bronze Working (27/33)
    Rome: size=1, prod=Archers (8sh), bldgs=Palace
    Units: 2x Warriors
  [Civ 2] Babylonians (despotism): 1 cities, 3 units, 8g, 5 techs, researching Alphabet (16/36)
    Babylon: size=1, prod=Horsemen (0sh), bldgs=Palace
    Units: 1x Warriors, 1x Settlers, 1x Archers
  [Civ 3] Germans (despotism): 2 cities, 2 units, 12g, 4 techs, researching Ceremonial Burial (28/33)
    Berlin: size=1, prod=Archers (13sh), bldgs=Palace
    Hamburg: size=1, prod=Archers (9sh)
    Units: 2x Warriors
  [Civ 4] Egyptians (despotism): 1 cities, 2 units, 8g, 5 techs, researching Ceremonial Burial (16/36)
    Thebes: size=1, prod=Archers (22sh), bldgs=Palace
    Units: 1x Warriors, 1x Settlers
  [Civ 1] Romans turn: 2 actions — MOVE_UNIT(1), UNIT_ORDER(1)
    >>> Germans discovered: Ceremonial Burial
    SET_RESEARCH tech=Mysticism
    >>> Rome grew to size 2

══════════════════════════════════════════════════════════════════════
  TURN 10 — 3820 B.C. (10ms)
══════════════════════════════════════════════════════════════════════
  [Civ 1] Romans (despotism): 1 cities, 2 units, 11g, 4 techs, researching Bronze Working (30/33)
    Rome: size=2, prod=Archers (10sh), bldgs=Palace
    Units: 2x Warriors
  [Civ 2] Babylonians (despotism): 1 cities, 3 units, 9g, 5 techs, researching Alphabet (18/36)
    Babylon: size=1, prod=Horsemen (4sh), bldgs=Palace
    Units: 1x Warriors, 1x Settlers, 1x Archers
  [Civ 3] Germans (despotism): 2 cities, 2 units, 12g, 5 techs, researching Mysticism (0/36)
    Berlin: size=1, prod=Archers (16sh), bldgs=Palace
    Hamburg: size=1, prod=Archers (12sh)
    Units: 2x Warriors
  [Civ 4] Egyptians (despotism): 1 cities, 2 units, 9g, 5 techs, researching Ceremonial Burial (18/36)
    Thebes: size=1, prod=Archers (25sh), bldgs=Palace
    Units: 1x Warriors, 1x Settlers
  [Civ 1] Romans turn: 2 actions — MOVE_UNIT(1), UNIT_ORDER(1)
    >>> Berlin grew to size 2
    >>> Thebes grew to size 2
    >>> Romans discovered: Bronze Working

══════════════════════════════════════════════════════════════════════
  TURN 11 — 3800 B.C. (9ms)
══════════════════════════════════════════════════════════════════════
  [Civ 1] Romans (despotism): 1 cities, 2 units, 11g, 5 techs, researching none (0/36)
    Rome: size=2, prod=Archers (13sh), bldgs=Palace
    Units: 2x Warriors
  [Civ 2] Babylonians (despotism): 1 cities, 3 units, 10g, 5 techs, researching Alphabet (20/36)
    Babylon: size=1, prod=Horsemen (8sh), bldgs=Palace
    Units: 1x Warriors, 1x Settlers, 1x Archers
  [Civ 3] Germans (despotism): 2 cities, 2 units, 14g, 5 techs, researching Mysticism (6/36)
    Berlin: size=2, prod=Archers (19sh), bldgs=Palace
    Hamburg: size=1, prod=Archers (15sh)
    Units: 2x Warriors
  [Civ 4] Egyptians (despotism): 1 cities, 2 units, 10g, 5 techs, researching Ceremonial Burial (22/36)
    Thebes: size=2, prod=Archers (28sh), bldgs=Palace
    Units: 1x Warriors, 1x Settlers
  [Civ 1] Romans turn: 3 actions — SET_RESEARCH(1), MOVE_UNIT(1), UNIT_ORDER(1)
    SET_RESEARCH tech=Alphabet
    >>> Thebes built Archers
    CHANGE_PRODUCTION city=3

══════════════════════════════════════════════════════════════════════
  TURN 12 — 3780 B.C. (5ms)
══════════════════════════════════════════════════════════════════════
  [Civ 1] Romans (despotism): 1 cities, 2 units, 13g, 5 techs, researching Alphabet (3/36)
    Rome: size=2, prod=Archers (16sh), bldgs=Palace
    Units: 2x Warriors
  [Civ 2] Babylonians (despotism): 1 cities, 3 units, 11g, 5 techs, researching Alphabet (22/36)
    Babylon: size=1, prod=Horsemen (12sh), bldgs=Palace
    Units: 1x Warriors, 1x Settlers, 1x Archers
  [Civ 3] Germans (despotism): 2 cities, 2 units, 16g, 5 techs, researching Mysticism (12/36)
    Berlin: size=2, prod=Archers (24sh), bldgs=Palace
    Hamburg: size=1, prod=Archers (18sh)
    Units: 2x Warriors
  [Civ 4] Egyptians (despotism): 1 cities, 3 units, 11g, 5 techs, researching Ceremonial Burial (26/36)
    Thebes: size=2, prod=Horsemen (1sh), bldgs=Palace
    Units: 1x Warriors, 1x Settlers, 1x Archers
  [Civ 1] Romans turn: 2 actions — MOVE_UNIT(1), UNIT_ORDER(1)

══════════════════════════════════════════════════════════════════════
  TURN 13 — 3760 B.C. (9ms)
══════════════════════════════════════════════════════════════════════
  [Civ 1] Romans (despotism): 1 cities, 1 units, 15g, 5 techs, researching Alphabet (6/36)
    Rome: size=2, prod=Archers (19sh), bldgs=Palace
    Units: 1x Warriors
  [Civ 2] Babylonians (despotism): 1 cities, 3 units, 12g, 5 techs, researching Alphabet (24/36)
    Babylon: size=1, prod=Horsemen (16sh), bldgs=Palace
    Units: 1x Warriors, 1x Settlers, 1x Archers
  [Civ 3] Germans (despotism): 2 cities, 2 units, 18g, 6 techs, researching Mysticism (18/36)
    Berlin: size=2, prod=Archers (29sh), bldgs=Palace
    Hamburg: size=1, prod=Archers (21sh)
    Units: 2x Warriors
  [Civ 4] Egyptians (despotism): 1 cities, 3 units, 12g, 6 techs, researching Ceremonial Burial (30/36)
    Thebes: size=2, prod=Horsemen (5sh), bldgs=Palace
    Units: 1x Warriors, 1x Settlers, 1x Archers
  [Civ 1] Romans turn: 0 actions — idle
    >>> Babylon built Horsemen
    CHANGE_PRODUCTION city=1
    >>> Berlin built Archers
    CHANGE_PRODUCTION city=2
    CHANGE_PRODUCTION city=4

══════════════════════════════════════════════════════════════════════
  TURN 14 — 3740 B.C. (9ms)
══════════════════════════════════════════════════════════════════════
  [Civ 1] Romans (despotism): 1 cities, 1 units, 17g, 5 techs, researching Alphabet (9/36)
    Rome: size=2, prod=Archers (22sh), bldgs=Palace
    Units: 1x Warriors
  [Civ 2] Babylonians (despotism): 1 cities, 4 units, 13g, 5 techs, researching Alphabet (26/36)
    Babylon: size=1, prod=building:8 (0sh), bldgs=Palace
    Units: 1x Warriors, 1x Settlers, 1x Archers, 1x Horsemen
  [Civ 3] Germans (despotism): 2 cities, 3 units, 20g, 6 techs, researching Mysticism (24/36)
    Berlin: size=2, prod=Horsemen (2sh), bldgs=Palace
    Hamburg: size=1, prod=Horsemen (12sh)
    Units: 2x Warriors, 1x Archers
  [Civ 4] Egyptians (despotism): 1 cities, 3 units, 13g, 6 techs, researching Ceremonial Burial (34/36)
    Thebes: size=2, prod=Horsemen (9sh), bldgs=Palace
    Units: 1x Warriors, 1x Settlers, 1x Archers
  [Civ 1] Romans turn: 0 actions — idle
    >>> Hamburg grew to size 2
    >>> Egyptians discovered: Ceremonial Burial
    SET_RESEARCH tech=Iron Working

══════════════════════════════════════════════════════════════════════
  TURN 15 — 3720 B.C. (6ms)
══════════════════════════════════════════════════════════════════════
  [Civ 1] Romans (despotism): 1 cities, 1 units, 19g, 5 techs, researching Alphabet (12/36)
    Rome: size=2, prod=Archers (25sh), bldgs=Palace
    Units: 1x Warriors
  [Civ 2] Babylonians (despotism): 1 cities, 4 units, 14g, 5 techs, researching Alphabet (28/36)
    Babylon: size=1, prod=building:8 (3sh), bldgs=Palace
    Units: 1x Warriors, 1x Settlers, 1x Archers, 1x Horsemen
  [Civ 3] Germans (despotism): 2 cities, 3 units, 22g, 6 techs, researching Mysticism (31/36)
    Berlin: size=2, prod=Horsemen (7sh), bldgs=Palace
    Hamburg: size=2, prod=Horsemen (15sh)
    Units: 2x Warriors, 1x Archers
  [Civ 4] Egyptians (despotism): 1 cities, 3 units, 13g, 7 techs, researching Iron Working (0/33)
    Thebes: size=2, prod=Horsemen (13sh), bldgs=Palace
    Units: 1x Warriors, 1x Settlers, 1x Archers
  [Civ 1] Romans turn: 0 actions — idle
    END_TURN REJECTED: 1 units still need orders
      #23 Settlers(Settle) @(24,8) mv=3 ord=none hp=full
    SET_RESEARCH tech=Currency

══════════════════════════════════════════════════════════════════════
  TURN 16 — 3700 B.C. (7ms)
══════════════════════════════════════════════════════════════════════
  [Civ 1] Romans (despotism): 1 cities, 1 units, 21g, 6 techs, researching Alphabet (15/36)
    Rome: size=2, prod=Archers (28sh), bldgs=Palace
    Units: 1x Warriors
  [Civ 2] Babylonians (despotism): 1 cities, 5 units, 15g, 5 techs, researching Alphabet (30/36)
    Babylon: size=1, prod=building:8 (6sh), bldgs=Palace
    Units: 1x Warriors, 2x Settlers, 1x Archers, 1x Horsemen
  [Civ 3] Germans (despotism): 2 cities, 3 units, 22g, 7 techs, researching Currency (0/33)
    Berlin: size=2, prod=Horsemen (12sh), bldgs=Palace
    Hamburg: size=2, prod=Horsemen (19sh)
    Units: 2x Warriors, 1x Archers
  [Civ 4] Egyptians (despotism): 1 cities, 3 units, 14g, 7 techs, researching Iron Working (4/33)
    Thebes: size=2, prod=Horsemen (17sh), bldgs=Palace
    Units: 1x Warriors, 1x Settlers, 1x Archers
  [Civ 1] Romans turn: 0 actions — idle
    BUILD_CITY unit=23 name="Sumer"
    1 actions REJECTED (of 6)
    >>> Hamburg built Horsemen
    CHANGE_PRODUCTION city=4
    >>> Thebes built Horsemen
    CHANGE_PRODUCTION city=3
    >>> Rome built Archers

══════════════════════════════════════════════════════════════════════
  TURN 17 — 3680 B.C. (6ms)
══════════════════════════════════════════════════════════════════════
  [Civ 1] Romans (despotism): 1 cities, 2 units, 23g, 6 techs, researching Alphabet (18/36)
    Rome: size=2, prod=Archers (1sh), bldgs=Palace
    Units: 1x Warriors, 1x Archers
  [Civ 2] Babylonians (despotism): 2 cities, 4 units, 16g, 6 techs, researching Alphabet (32/36)
    Babylon: size=1, prod=building:8 (9sh), bldgs=Palace
    Sumer: size=1, prod=Warriors (0sh)
    Units: 1x Warriors, 1x Settlers, 1x Archers, 1x Horsemen
  [Civ 3] Germans (despotism): 2 cities, 4 units, 24g, 7 techs, researching Currency (7/33)
    Berlin: size=2, prod=Horsemen (17sh), bldgs=Palace
    Hamburg: size=2, prod=Archers (1sh)
    Units: 2x Warriors, 1x Archers, 1x Horsemen
  [Civ 4] Egyptians (despotism): 1 cities, 4 units, 15g, 7 techs, researching Iron Working (8/33)
    Thebes: size=2, prod=building:8 (0sh), bldgs=Palace
    Units: 1x Warriors, 1x Settlers, 1x Archers, 1x Horsemen
  [Civ 1] Romans turn: 1 actions — CHANGE_PRODUCTION(1)
    CHANGE_PRODUCTION city=0
    >>> Babylonians discovered: Alphabet
    SET_RESEARCH tech=Code of Laws
    >>> Berlin built Horsemen
    CHANGE_PRODUCTION city=2
    CHANGE_PRODUCTION city=4

══════════════════════════════════════════════════════════════════════
  TURN 18 — 3660 B.C. (6ms)
══════════════════════════════════════════════════════════════════════
  [Civ 1] Romans (despotism): 1 cities, 2 units, 25g, 6 techs, researching Alphabet (21/36)
    Rome: size=2, prod=Horsemen (3sh), bldgs=Palace
    Units: 1x Warriors, 1x Archers
  [Civ 2] Babylonians (despotism): 2 cities, 4 units, 16g, 7 techs, researching Code of Laws (0/33)
    Babylon: size=1, prod=building:8 (12sh), bldgs=Palace
    Sumer: size=1, prod=Warriors (2sh)
    Units: 1x Warriors, 1x Settlers, 1x Archers, 1x Horsemen
  [Civ 3] Germans (despotism): 2 cities, 5 units, 26g, 7 techs, researching Currency (14/33)
    Berlin: size=2, prod=Settlers (1sh), bldgs=Palace
    Hamburg: size=2, prod=Settlers (2sh)
    Units: 2x Warriors, 1x Archers, 2x Horsemen
  [Civ 4] Egyptians (despotism): 1 cities, 4 units, 16g, 7 techs, researching Iron Working (12/33)
    Thebes: size=2, prod=building:8 (4sh), bldgs=Palace
    Units: 1x Warriors, 1x Settlers, 1x Archers, 1x Horsemen
  [Civ 1] Romans turn: 2 actions — MOVE_UNIT(1), UNIT_ORDER(1)
    END_TURN REJECTED: 2 units still need orders
      #24 Horsemen(Atk) @(7,65) mv=3 ord=none hp=full
      #28 Archers(Atk) @(7,65) mv=3 ord=none hp=full
    END_TURN REJECTED: 1 units still need orders
      #25 Horsemen(Atk) @(38,10) mv=5 ord=none hp=full

══════════════════════════════════════════════════════════════════════
  TURN 19 — 3640 B.C. (11ms)
══════════════════════════════════════════════════════════════════════
  [Civ 1] Romans (despotism): 1 cities, 2 units, 27g, 7 techs, researching Alphabet (24/33)
    Rome: size=2, prod=Horsemen (6sh), bldgs=Palace
    Units: 1x Warriors, 1x Archers
  [Civ 2] Babylonians (despotism): 2 cities, 4 units, 17g, 7 techs, researching Code of Laws (4/33)
    Babylon: size=1, prod=building:8 (15sh), bldgs=Palace
    Sumer: size=1, prod=Warriors (4sh)
    Units: 1x Warriors, 1x Settlers, 1x Archers, 1x Horsemen
  [Civ 3] Germans (despotism): 2 cities, 6 units, 28g, 8 techs, researching Currency (21/28)
    Berlin: size=2, prod=Settlers (5sh), bldgs=Palace
    Hamburg: size=2, prod=Settlers (6sh)
    Units: 2x Warriors, 2x Archers, 2x Horsemen
  [Civ 4] Egyptians (despotism): 1 cities, 4 units, 17g, 7 techs, researching Iron Working (16/33)
    Thebes: size=2, prod=building:8 (8sh), bldgs=Palace
    Units: 1x Warriors, 1x Settlers, 1x Archers, 1x Horsemen
  [Civ 1] Romans turn: 2 actions — SET_RESEARCH(1), MOVE_UNIT(1)
    SET_RESEARCH tech=Map Making
    >>> Germans discovered: Currency
    SET_RESEARCH tech=Code of Laws

══════════════════════════════════════════════════════════════════════
  TURN 20 — 3620 B.C. (9ms)
══════════════════════════════════════════════════════════════════════
  [Civ 1] Romans (despotism): 1 cities, 2 units, 29g, 7 techs, researching Map Making (27/33)
    Rome: size=2, prod=Horsemen (9sh), bldgs=Palace
    Units: 1x Warriors, 1x Archers
  [Civ 2] Babylonians (despotism): 2 cities, 4 units, 18g, 7 techs, researching Code of Laws (8/33)
    Babylon: size=1, prod=building:8 (18sh), bldgs=Palace
    Sumer: size=1, prod=Warriors (6sh)
    Units: 1x Warriors, 1x Settlers, 1x Archers, 1x Horsemen
  [Civ 3] Germans (despotism): 2 cities, 6 units, 28g, 9 techs, researching Code of Laws (0/32)
    Berlin: size=2, prod=Settlers (9sh), bldgs=Palace
    Hamburg: size=2, prod=Settlers (10sh)
    Units: 2x Warriors, 2x Archers, 2x Horsemen
  [Civ 4] Egyptians (despotism): 1 cities, 4 units, 18g, 7 techs, researching Iron Working (20/33)
    Thebes: size=2, prod=building:8 (12sh), bldgs=Palace
    Units: 1x Warriors, 1x Settlers, 1x Archers, 1x Horsemen
  [Civ 1] Romans turn: 2 actions — MOVE_UNIT(1), UNIT_ORDER(1)
    END_TURN REJECTED: 1 units still need orders
      #25 Horsemen(Atk) @(38,10) mv=5 ord=none hp=full

══════════════════════════════════════════════════════════════════════
  TURN 21 — 3600 B.C. (7ms)
══════════════════════════════════════════════════════════════════════
  [Civ 1] Romans (despotism): 1 cities, 2 units, 31g, 7 techs, researching Map Making (30/33)
    Rome: size=2, prod=Horsemen (12sh), bldgs=Palace
    Units: 1x Warriors, 1x Archers
  [Civ 2] Babylonians (despotism): 2 cities, 4 units, 19g, 7 techs, researching Code of Laws (12/33)
    Babylon: size=1, prod=building:8 (21sh), bldgs=Palace
    Sumer: size=1, prod=Warriors (8sh)
    Units: 1x Warriors, 1x Settlers, 1x Archers, 1x Horsemen
  [Civ 3] Germans (despotism): 2 cities, 6 units, 30g, 9 techs, researching Code of Laws (7/32)
    Berlin: size=2, prod=Settlers (13sh), bldgs=Palace
    Hamburg: size=2, prod=Settlers (14sh)
    Units: 2x Warriors, 2x Archers, 2x Horsemen
  [Civ 4] Egyptians (despotism): 1 cities, 4 units, 19g, 7 techs, researching Iron Working (24/33)
    Thebes: size=2, prod=building:8 (16sh), bldgs=Palace
    Units: 1x Warriors, 1x Settlers, 1x Archers, 1x Horsemen
  [Civ 1] Romans turn: 2 actions — MOVE_UNIT(1), UNIT_ORDER(1)
    >>> Sumer built Warriors
    CHANGE_PRODUCTION city=5
    END_TURN REJECTED: 1 units still need orders
      #27 Horsemen(Atk) @(11,71) mv=3 ord=none hp=full
    >>> Romans discovered: Map Making

══════════════════════════════════════════════════════════════════════
  TURN 22 — 3580 B.C. (8ms)
══════════════════════════════════════════════════════════════════════
  [Civ 1] Romans (despotism): 1 cities, 2 units, 31g, 8 techs, researching none (0/28)
    Rome: size=2, prod=Horsemen (15sh), bldgs=Palace
    Units: 1x Warriors, 1x Archers
  [Civ 2] Babylonians (despotism): 2 cities, 5 units, 20g, 7 techs, researching Code of Laws (16/33)
    Babylon: size=1, prod=building:8 (24sh), bldgs=Palace
    Sumer: size=1, prod=building:8 (0sh)
    Units: 2x Warriors, 1x Settlers, 1x Archers, 1x Horsemen
  [Civ 3] Germans (despotism): 2 cities, 6 units, 32g, 9 techs, researching Code of Laws (14/32)
    Berlin: size=2, prod=Settlers (17sh), bldgs=Palace
    Hamburg: size=2, prod=Settlers (18sh)
    Units: 2x Warriors, 2x Archers, 2x Horsemen
  [Civ 4] Egyptians (despotism): 1 cities, 4 units, 20g, 7 techs, researching Iron Working (28/33)
    Thebes: size=2, prod=building:8 (20sh), bldgs=Palace
    Units: 1x Warriors, 1x Settlers, 1x Archers, 1x Horsemen
  [Civ 1] Romans turn: 3 actions — SET_RESEARCH(1), MOVE_UNIT(1), UNIT_ORDER(1)
    SET_RESEARCH tech=Iron Working
    END_TURN REJECTED: 1 units still need orders
      #25 Horsemen(Atk) @(38,10) mv=5 ord=none hp=full

══════════════════════════════════════════════════════════════════════
  TURN 23 — 3560 B.C. (8ms)
══════════════════════════════════════════════════════════════════════
  [Civ 1] Romans (despotism): 1 cities, 2 units, 33g, 8 techs, researching Iron Working (3/28)
    Rome: size=2, prod=Horsemen (18sh), bldgs=Palace
    Units: 1x Warriors, 1x Archers
  [Civ 2] Babylonians (despotism): 2 cities, 5 units, 21g, 7 techs, researching Code of Laws (20/33)
    Babylon: size=1, prod=building:8 (27sh), bldgs=Palace
    Sumer: size=1, prod=building:8 (2sh)
    Units: 2x Warriors, 1x Settlers, 1x Archers, 1x Horsemen
  [Civ 3] Germans (despotism): 2 cities, 6 units, 34g, 9 techs, researching Code of Laws (21/32)
    Berlin: size=2, prod=Settlers (21sh), bldgs=Palace
    Hamburg: size=2, prod=Settlers (22sh)
    Units: 2x Warriors, 2x Archers, 2x Horsemen
  [Civ 4] Egyptians (despotism): 1 cities, 4 units, 21g, 7 techs, researching Iron Working (32/33)
    Thebes: size=2, prod=building:8 (24sh), bldgs=Palace
    Units: 1x Warriors, 1x Settlers, 1x Archers, 1x Horsemen
  [Civ 1] Romans turn: 2 actions — MOVE_UNIT(1), UNIT_ORDER(1)
    >>> Egyptians discovered: Iron Working
    SET_RESEARCH tech=Code of Laws
    >>> Rome built Horsemen

══════════════════════════════════════════════════════════════════════
  TURN 24 — 3540 B.C. (7ms)
══════════════════════════════════════════════════════════════════════
  [Civ 1] Romans (despotism): 1 cities, 3 units, 35g, 8 techs, researching Iron Working (5/28)
    Rome: size=2, prod=Horsemen (1sh), bldgs=Palace
    Units: 1x Warriors, 1x Archers, 1x Horsemen
  [Civ 2] Babylonians (despotism): 2 cities, 5 units, 22g, 7 techs, researching Code of Laws (24/33)
    Babylon: size=1, prod=building:8 (30sh), bldgs=Palace
    Sumer: size=1, prod=building:8 (4sh)
    Units: 2x Warriors, 1x Settlers, 1x Archers, 1x Horsemen
  [Civ 3] Germans (despotism): 2 cities, 6 units, 36g, 9 techs, researching Code of Laws (28/32)
    Berlin: size=2, prod=Settlers (25sh), bldgs=Palace
    Hamburg: size=2, prod=Settlers (26sh)
    Units: 2x Warriors, 2x Archers, 2x Horsemen
  [Civ 4] Egyptians (despotism): 1 cities, 4 units, 21g, 8 techs, researching Code of Laws (0/28)
    Thebes: size=2, prod=building:8 (28sh), bldgs=Palace
    Units: 1x Warriors, 1x Settlers, 1x Archers, 1x Horsemen
  [Civ 1] Romans turn: 3 actions — CHANGE_PRODUCTION(1), MOVE_UNIT(1), UNIT_ORDER(1)
    CHANGE_PRODUCTION city=0
    >>> Germans discovered: Code of Laws
    SET_RESEARCH tech=Map Making
    END_TURN REJECTED: 1 units still need orders
      #25 Horsemen(Atk) @(38,10) mv=5 ord=none hp=full

══════════════════════════════════════════════════════════════════════
  TURN 25 — 3520 B.C. (8ms)
══════════════════════════════════════════════════════════════════════
  [Civ 1] Romans (despotism): 1 cities, 3 units, 37g, 8 techs, researching Iron Working (9/28)
    Rome: size=3, prod=building:8 (2sh), bldgs=Palace
    Units: 1x Warriors, 1x Archers, 1x Horsemen
  [Civ 2] Babylonians (despotism): 2 cities, 5 units, 23g, 7 techs, researching Code of Laws (28/33)
    Babylon: size=1, prod=building:8 (33sh), bldgs=Palace
    Sumer: size=1, prod=building:8 (6sh)
    Units: 2x Warriors, 1x Settlers, 1x Archers, 1x Horsemen
  [Civ 3] Germans (despotism): 2 cities, 3 units, 36g, 10 techs, researching Map Making (0/48)
    Berlin: size=2, prod=Settlers (29sh), bldgs=Palace
    Hamburg: size=2, prod=Settlers (30sh)
    Units: 2x Warriors, 1x Horsemen
  [Civ 4] Egyptians (despotism): 1 cities, 4 units, 22g, 8 techs, researching Code of Laws (4/28)
    Thebes: size=2, prod=building:8 (32sh), bldgs=Palace
    Units: 1x Warriors, 1x Settlers, 1x Archers, 1x Horsemen
  [Civ 1] Romans turn: 4 actions — MOVE_UNIT(2), UNIT_ORDER(2)
    >>> Berlin grew to size 3
    CHANGE_PRODUCTION city=4

══════════════════════════════════════════════════════════════════════
  TURN 26 — 3500 B.C. (8ms)
══════════════════════════════════════════════════════════════════════
  [Civ 1] Romans (despotism): 1 cities, 3 units, 39g, 8 techs, researching Iron Working (13/28)
    Rome: size=3, prod=building:8 (6sh), bldgs=Palace
    Units: 1x Warriors, 1x Archers, 1x Horsemen
  [Civ 2] Babylonians (despotism): 2 cities, 5 units, 24g, 7 techs, researching Code of Laws (32/33)
    Babylon: size=1, prod=building:8 (36sh), bldgs=Palace
    Sumer: size=1, prod=building:8 (8sh)
    Units: 2x Warriors, 1x Settlers, 1x Archers, 1x Horsemen
  [Civ 3] Germans (despotism): 2 cities, 3 units, 38g, 10 techs, researching Map Making (9/48)
    Berlin: size=3, prod=Settlers (34sh), bldgs=Palace
    Hamburg: size=2, prod=Archers (17sh)
    Units: 2x Warriors, 1x Horsemen
  [Civ 4] Egyptians (despotism): 1 cities, 4 units, 23g, 8 techs, researching Code of Laws (8/28)
    Thebes: size=2, prod=building:8 (36sh), bldgs=Palace
    Units: 1x Warriors, 1x Settlers, 1x Archers, 1x Horsemen
  [Civ 1] Romans turn: 3 actions — MOVE_UNIT(2), UNIT_ORDER(1)
    END_TURN REJECTED: 1 units still need orders
      #30 Horsemen(Atk) @(31,41) mv=3 ord=none hp=full
    SET_RESEARCH tech=Mathematics
    >>> Berlin built Settlers
    CHANGE_PRODUCTION city=2
    END_TURN REJECTED: 1 units still need orders
      #25 Horsemen(Atk) @(38,10) mv=5 ord=none hp=full

══════════════════════════════════════════════════════════════════════
  TURN 27 — 3480 B.C. (9ms)
══════════════════════════════════════════════════════════════════════
  [Civ 1] Romans (despotism): 1 cities, 3 units, 41g, 8 techs, researching Iron Working (17/28)
    Rome: size=3, prod=building:8 (10sh), bldgs=Palace
    Units: 1x Warriors, 1x Archers, 1x Horsemen
  [Civ 2] Babylonians (despotism): 2 cities, 5 units, 24g, 8 techs, researching Mathematics (0/28)
    Babylon: size=1, prod=building:8 (39sh), bldgs=Palace
    Sumer: size=1, prod=building:8 (10sh)
    Units: 2x Warriors, 1x Settlers, 1x Archers, 1x Horsemen
  [Civ 3] Germans (despotism): 2 cities, 4 units, 40g, 10 techs, researching Map Making (16/48)
    Berlin: size=2, prod=Archers (0sh), bldgs=Palace
    Hamburg: size=2, prod=Archers (21sh)
    Units: 2x Warriors, 1x Horsemen, 1x Settlers
  [Civ 4] Egyptians (despotism): 1 cities, 4 units, 24g, 8 techs, researching Code of Laws (12/28)
    Thebes: size=2, prod=building:8 (40sh), bldgs=Palace
    Units: 1x Warriors, 1x Settlers, 1x Archers, 1x Horsemen
  [Civ 1] Romans turn: 4 actions — MOVE_UNIT(2), UNIT_ORDER(2)
    SET_RESEARCH tech=Map Making

══════════════════════════════════════════════════════════════════════
  TURN 28 — 3460 B.C. (11ms)
══════════════════════════════════════════════════════════════════════
  [Civ 1] Romans (despotism): 1 cities, 3 units, 43g, 9 techs, researching Iron Working (21/21)
    Rome: size=3, prod=building:8 (14sh), bldgs=Palace
    Units: 1x Warriors, 1x Archers, 1x Horsemen
  [Civ 2] Babylonians (despotism): 2 cities, 5 units, 25g, 8 techs, researching Mathematics (4/28)
    Babylon: size=1, prod=building:8 (42sh), bldgs=Palace
    Sumer: size=1, prod=building:8 (12sh)
    Units: 2x Warriors, 1x Settlers, 1x Archers, 1x Horsemen
  [Civ 3] Germans (despotism): 2 cities, 4 units, 42g, 10 techs, researching Map Making (23/48)
    Berlin: size=2, prod=Archers (4sh), bldgs=Palace
    Hamburg: size=2, prod=Archers (25sh)
    Units: 2x Warriors, 1x Horsemen, 1x Settlers
  [Civ 4] Egyptians (despotism): 1 cities, 4 units, 25g, 9 techs, researching Map Making (16/21)
    Thebes: size=2, prod=building:8 (44sh), bldgs=Palace
    Units: 1x Warriors, 1x Settlers, 1x Archers, 1x Horsemen
  [Civ 1] Romans turn: 4 actions — MOVE_UNIT(2), UNIT_ORDER(2)
    END_TURN REJECTED: 1 units still need orders
      #25 Horsemen(Atk) @(38,10) mv=5 ord=none hp=full

══════════════════════════════════════════════════════════════════════
  TURN 29 — 3440 B.C. (7ms)
══════════════════════════════════════════════════════════════════════
  [Civ 1] Romans (despotism): 1 cities, 3 units, 43g, 10 techs, researching none (0/48)
    Rome: size=3, prod=building:8 (18sh), bldgs=Palace
    Units: 1x Warriors, 1x Archers, 1x Horsemen
  [Civ 2] Babylonians (despotism): 2 cities, 5 units, 26g, 8 techs, researching Mathematics (8/28)
    Babylon: size=1, prod=building:8 (45sh), bldgs=Palace
    Sumer: size=1, prod=building:8 (14sh)
    Units: 2x Warriors, 1x Settlers, 1x Archers, 1x Horsemen
  [Civ 3] Germans (despotism): 2 cities, 4 units, 44g, 10 techs, researching Map Making (30/48)
    Berlin: size=2, prod=Archers (8sh), bldgs=Palace
    Hamburg: size=2, prod=Archers (29sh)
    Units: 2x Warriors, 1x Horsemen, 1x Settlers
  [Civ 4] Egyptians (despotism): 1 cities, 4 units, 26g, 9 techs, researching Map Making (20/21)
    Thebes: size=2, prod=building:8 (48sh), bldgs=Palace
    Units: 1x Warriors, 1x Settlers, 1x Archers, 1x Horsemen
  [Civ 1] Romans turn: 5 actions — SET_RESEARCH(1), MOVE_UNIT(2), UNIT_ORDER(2)
    SET_RESEARCH tech=Monarchy
    >>> Hamburg grew to size 3
    >>> Hamburg built Archers
    CHANGE_PRODUCTION city=4
    >>> Egyptians discovered: Map Making
    SET_RESEARCH tech=Mathematics

══════════════════════════════════════════════════════════════════════
  TURN 30 — 3420 B.C. (9ms)
══════════════════════════════════════════════════════════════════════
  [Civ 1] Romans (despotism): 1 cities, 3 units, 45g, 10 techs, researching Monarchy (4/48)
    Rome: size=3, prod=building:8 (22sh), bldgs=Palace
    Units: 1x Warriors, 1x Archers, 1x Horsemen
  [Civ 2] Babylonians (despotism): 2 cities, 5 units, 27g, 8 techs, researching Mathematics (12/28)
    Babylon: size=1, prod=building:8 (48sh), bldgs=Palace
    Sumer: size=1, prod=building:8 (16sh)
    Units: 2x Warriors, 1x Settlers, 1x Archers, 1x Horsemen
  [Civ 3] Germans (despotism): 2 cities, 5 units, 46g, 10 techs, researching Map Making (37/48)
    Berlin: size=2, prod=Archers (12sh), bldgs=Palace
    Hamburg: size=3, prod=building:2 (0sh)
    Units: 2x Warriors, 1x Horsemen, 1x Settlers, 1x Archers
  [Civ 4] Egyptians (despotism): 1 cities, 4 units, 26g, 10 techs, researching Mathematics (0/48)
    Thebes: size=2, prod=building:8 (52sh), bldgs=Palace
    Units: 1x Warriors, 1x Settlers, 1x Archers, 1x Horsemen
  [Civ 1] Romans turn: 4 actions — MOVE_UNIT(2), UNIT_ORDER(2)
    CHANGE_PRODUCTION city=5
    CHANGE_PRODUCTION city=2
    END_TURN REJECTED: 1 units still need orders
      #25 Horsemen(Atk) @(38,10) mv=5 ord=none hp=full

══════════════════════════════════════════════════════════════════════
  TURN 31 — 3400 B.C. (8ms)
══════════════════════════════════════════════════════════════════════
  [Civ 1] Romans (despotism): 1 cities, 3 units, 47g, 10 techs, researching Monarchy (8/24)
    Rome: size=3, prod=building:8 (26sh), bldgs=Palace
    Units: 1x Warriors, 1x Archers, 1x Horsemen
  [Civ 2] Babylonians (despotism): 2 cities, 5 units, 28g, 9 techs, researching Mathematics (16/21)
    Babylon: size=1, prod=building:8 (51sh), bldgs=Palace
    Sumer: size=1, prod=Legion (0sh)
    Units: 2x Warriors, 1x Settlers, 1x Archers, 1x Horsemen
  [Civ 3] Germans (despotism): 2 cities, 5 units, 48g, 11 techs, researching Map Making (44/52)
    Berlin: size=2, prod=Legion (8sh), bldgs=Palace
    Hamburg: size=3, prod=building:2 (5sh)
    Units: 2x Warriors, 1x Horsemen, 1x Settlers, 1x Archers
  [Civ 4] Egyptians (despotism): 1 cities, 4 units, 27g, 10 techs, researching Mathematics (4/24)
    Thebes: size=2, prod=building:8 (56sh), bldgs=Palace
    Units: 1x Warriors, 1x Settlers, 1x Archers, 1x Horsemen
  [Civ 1] Romans turn: 4 actions — MOVE_UNIT(2), UNIT_ORDER(2)
    SET_RESEARCH tech=Seafaring

══════════════════════════════════════════════════════════════════════
  TURN 32 — 3380 B.C. (7ms)
══════════════════════════════════════════════════════════════════════
  [Civ 1] Romans (despotism): 1 cities, 2 units, 49g, 10 techs, researching Monarchy (12/24)
    Rome: size=3, prod=building:8 (30sh), bldgs=Palace
    Units: 1x Warriors, 1x Horsemen
  [Civ 2] Babylonians (despotism): 2 cities, 5 units, 29g, 10 techs, researching Mathematics (20/24)
    Babylon: size=1, prod=building:8 (54sh), bldgs=Palace
    Sumer: size=1, prod=Legion (2sh)
    Units: 2x Warriors, 1x Settlers, 1x Archers, 1x Horsemen
  [Civ 3] Germans (despotism): 2 cities, 3 units, 50g, 12 techs, researching Seafaring (51/57)
    Berlin: size=2, prod=Legion (12sh), bldgs=Palace
    Hamburg: size=3, prod=building:2 (10sh)
    Units: 2x Warriors, 1x Settlers
  [Civ 4] Egyptians (despotism): 1 cities, 4 units, 28g, 10 techs, researching Mathematics (8/24)
    Thebes: size=2, prod=building:8 (60sh), bldgs=Palace
    Units: 1x Warriors, 1x Settlers, 1x Archers, 1x Horsemen
  [Civ 1] Romans turn: 5 actions — ADJUST_ATTITUDE(3), MOVE_UNIT(1), UNIT_ORDER(1)
    ADJUST_ATTITUDE target=civ2
    ADJUST_ATTITUDE target=civ3
    ADJUST_ATTITUDE target=civ4
    >>> Babylonians discovered: Mathematics
    SET_RESEARCH tech=Seafaring
    ADJUST_ATTITUDE target=civ1
    ADJUST_ATTITUDE target=civ3
    ADJUST_ATTITUDE target=civ4
    >>> Germans discovered: Seafaring
    SET_RESEARCH tech=Construction
    ADJUST_ATTITUDE target=civ1
    ADJUST_ATTITUDE target=civ2
    ADJUST_ATTITUDE target=civ4
    ADJUST_ATTITUDE target=civ1
    ADJUST_ATTITUDE target=civ2
    ADJUST_ATTITUDE target=civ3
    END_TURN REJECTED: 1 units still need orders
      #25 Horsemen(Atk) @(38,10) mv=5 ord=none hp=full

══════════════════════════════════════════════════════════════════════
  TURN 33 — 3360 B.C. (9ms)
══════════════════════════════════════════════════════════════════════
  [Civ 1] Romans (despotism): 1 cities, 2 units, 51g, 10 techs, researching Monarchy (16/24)
    Rome: size=3, prod=building:8 (34sh), bldgs=Palace
    Units: 1x Warriors, 1x Horsemen
  [Civ 2] Babylonians (despotism): 2 cities, 5 units, 29g, 11 techs, researching Seafaring (0/26)
    Babylon: size=1, prod=building:8 (57sh), bldgs=Palace
    Sumer: size=1, prod=Legion (4sh)
    Units: 2x Warriors, 1x Settlers, 1x Archers, 1x Horsemen
  [Civ 3] Germans (despotism): 2 cities, 3 units, 50g, 13 techs, researching Construction (0/62)
    Berlin: size=2, prod=Legion (17sh), bldgs=Palace
    Hamburg: size=3, prod=building:2 (15sh)
    Units: 2x Warriors, 1x Settlers
  [Civ 4] Egyptians (despotism): 1 cities, 4 units, 29g, 10 techs, researching Mathematics (12/24)
    Thebes: size=2, prod=building:8 (64sh), bldgs=Palace
    Units: 1x Warriors, 1x Settlers, 1x Archers, 1x Horsemen
  [Civ 1] Romans turn: 2 actions — MOVE_UNIT(1), UNIT_ORDER(1)

══════════════════════════════════════════════════════════════════════
  TURN 34 — 3340 B.C. (8ms)
══════════════════════════════════════════════════════════════════════
  [Civ 1] Romans (despotism): 1 cities, 2 units, 53g, 10 techs, researching Monarchy (20/24)
    Rome: size=3, prod=building:8 (38sh), bldgs=Palace
    Units: 1x Warriors, 1x Horsemen
  [Civ 2] Babylonians (despotism): 2 cities, 5 units, 30g, 11 techs, researching Seafaring (4/26)
    Babylon: size=1, prod=building:8 (60sh), bldgs=Palace
    Sumer: size=1, prod=Legion (6sh)
    Units: 2x Warriors, 1x Settlers, 1x Archers, 1x Horsemen
  [Civ 3] Germans (despotism): 2 cities, 2 units, 52g, 13 techs, researching Construction (7/62)
    Berlin: size=2, prod=Legion (22sh), bldgs=Palace
    Hamburg: size=3, prod=building:2 (20sh)
    Units: 1x Warriors, 1x Settlers
  [Civ 4] Egyptians (despotism): 1 cities, 4 units, 30g, 10 techs, researching Mathematics (16/24)
    Thebes: size=2, prod=building:8 (68sh), bldgs=Palace
    Units: 1x Warriors, 1x Settlers, 1x Archers, 1x Horsemen
  [Civ 1] Romans turn: 2 actions — MOVE_UNIT(1), UNIT_ORDER(1)
    END_TURN REJECTED: 1 units still need orders
      #25 Horsemen(Atk) @(38,10) mv=5 ord=none hp=full

══════════════════════════════════════════════════════════════════════
  TURN 35 — 3320 B.C. (8ms)
══════════════════════════════════════════════════════════════════════
  [Civ 1] Romans (despotism): 1 cities, 2 units, 53g, 11 techs, researching none (0/26)
    Rome: size=3, prod=building:8 (42sh), bldgs=Palace
    Units: 1x Warriors, 1x Horsemen
  [Civ 2] Babylonians (despotism): 2 cities, 5 units, 31g, 11 techs, researching Seafaring (8/26)
    Babylon: size=1, prod=building:8 (63sh), bldgs=Palace
    Sumer: size=1, prod=Legion (8sh)
    Units: 2x Warriors, 1x Settlers, 1x Archers, 1x Horsemen
  [Civ 3] Germans (despotism): 2 cities, 2 units, 54g, 13 techs, researching Construction (14/62)
    Berlin: size=2, prod=Legion (27sh), bldgs=Palace
    Hamburg: size=3, prod=building:2 (25sh)
    Units: 1x Warriors, 1x Settlers
  [Civ 4] Egyptians (despotism): 1 cities, 4 units, 31g, 10 techs, researching Mathematics (20/24)
    Thebes: size=2, prod=building:8 (72sh), bldgs=Palace
    Units: 1x Warriors, 1x Settlers, 1x Archers, 1x Horsemen
  [Civ 1] Romans turn: 4 actions — SET_RESEARCH(1), REVOLUTION(1), MOVE_UNIT(1), UNIT_ORDER(1)
    SET_RESEARCH tech=Currency
    REVOLUTION
    >>> Egyptians discovered: Mathematics
    SET_RESEARCH tech=Currency

══════════════════════════════════════════════════════════════════════
  TURN 36 — 3300 B.C. (9ms)
══════════════════════════════════════════════════════════════════════
  [Civ 1] Romans (anarchy): 1 cities, 2 units, 55g, 11 techs, researching Currency (4/26)
    Rome: size=3, prod=building:8 (46sh), bldgs=Palace
    Units: 1x Warriors, 1x Horsemen
  [Civ 2] Babylonians (despotism): 2 cities, 5 units, 32g, 11 techs, researching Seafaring (12/26)
    Babylon: size=1, prod=building:8 (66sh), bldgs=Palace
    Sumer: size=1, prod=Legion (10sh)
    Units: 2x Warriors, 1x Settlers, 1x Archers, 1x Horsemen
  [Civ 3] Germans (despotism): 2 cities, 2 units, 56g, 13 techs, researching Construction (21/62)
    Berlin: size=2, prod=Legion (32sh), bldgs=Palace
    Hamburg: size=3, prod=building:2 (30sh)
    Units: 1x Warriors, 1x Settlers
  [Civ 4] Egyptians (despotism): 1 cities, 4 units, 31g, 11 techs, researching Currency (0/26)
    Thebes: size=2, prod=building:8 (76sh), bldgs=Palace
    Units: 1x Warriors, 1x Settlers, 1x Archers, 1x Horsemen
  [Civ 1] Romans turn: 2 actions — MOVE_UNIT(1), UNIT_ORDER(1)
    >>> Sumer grew to size 2
    >>> Thebes built building:8
    CHANGE_PRODUCTION city=3
    END_TURN REJECTED: 1 units still need orders
      #25 Horsemen(Atk) @(38,10) mv=5 ord=none hp=full

══════════════════════════════════════════════════════════════════════
  TURN 37 — 3280 B.C. (7ms)
══════════════════════════════════════════════════════════════════════
  [Civ 1] Romans (anarchy): 1 cities, 1 units, 57g, 12 techs, researching Currency (8/28)
    Rome: size=3, prod=building:8 (50sh), bldgs=Palace
    Units: 1x Horsemen
  [Civ 2] Babylonians (despotism): 2 cities, 5 units, 33g, 11 techs, researching Seafaring (17/26)
    Babylon: size=1, prod=building:8 (69sh), bldgs=Palace
    Sumer: size=2, prod=Legion (12sh)
    Units: 2x Warriors, 1x Settlers, 1x Archers, 1x Horsemen
  [Civ 3] Germans (despotism): 2 cities, 2 units, 58g, 13 techs, researching Construction (28/62)
    Berlin: size=2, prod=Legion (37sh), bldgs=Palace
    Hamburg: size=3, prod=building:2 (35sh)
    Units: 1x Warriors, 1x Settlers
  [Civ 4] Egyptians (despotism): 1 cities, 4 units, 32g, 11 techs, researching Currency (4/26)
    Thebes: size=2, prod=Legion (0sh), bldgs=Palace, City Walls
    Units: 1x Warriors, 1x Settlers, 1x Archers, 1x Horsemen
  [Civ 1] Romans turn: 2 actions — MOVE_UNIT(1), UNIT_ORDER(1)
    >>> Berlin built Legion
    >>> Hamburg built building:2
    CHANGE_PRODUCTION city=2
    CHANGE_PRODUCTION city=4

══════════════════════════════════════════════════════════════════════
  TURN 38 — 3260 B.C. (7ms)
══════════════════════════════════════════════════════════════════════
  [Civ 1] Romans (anarchy): 1 cities, 1 units, 59g, 12 techs, researching Currency (12/28)
    Rome: size=3, prod=building:8 (54sh), bldgs=Palace
    Units: 1x Horsemen
  [Civ 2] Babylonians (despotism): 2 cities, 5 units, 34g, 11 techs, researching Seafaring (22/26)
    Babylon: size=1, prod=building:8 (72sh), bldgs=Palace
    Sumer: size=2, prod=Legion (15sh)
    Units: 2x Warriors, 1x Settlers, 1x Archers, 1x Horsemen
  [Civ 3] Germans (despotism): 2 cities, 3 units, 59g, 14 techs, researching Construction (35/67)
    Berlin: size=2, prod=Archers (1sh), bldgs=Palace
    Hamburg: size=3, prod=Legion (0sh), bldgs=Barracks
    Units: 1x Warriors, 1x Settlers, 1x Legion
  [Civ 4] Egyptians (despotism): 1 cities, 4 units, 33g, 11 techs, researching Currency (8/26)
    Thebes: size=2, prod=Legion (4sh), bldgs=Palace, City Walls
    Units: 1x Warriors, 1x Settlers, 1x Archers, 1x Horsemen
  [Civ 1] Romans turn: 2 actions — MOVE_UNIT(1), UNIT_ORDER(1)
    >>> Babylonians discovered: Seafaring
    SET_RESEARCH tech=Currency
    END_TURN REJECTED: 1 units still need orders
      #25 Horsemen(Atk) @(38,10) mv=5 ord=none hp=full

══════════════════════════════════════════════════════════════════════
  TURN 39 — 3240 B.C. (7ms)
══════════════════════════════════════════════════════════════════════
  [Civ 1] Romans (anarchy): 1 cities, 1 units, 61g, 12 techs, researching Currency (16/28)
    Rome: size=3, prod=building:8 (58sh), bldgs=Palace
    Units: 1x Horsemen
  [Civ 2] Babylonians (despotism): 2 cities, 5 units, 34g, 12 techs, researching Currency (0/28)
    Babylon: size=1, prod=building:8 (75sh), bldgs=Palace
    Sumer: size=2, prod=Legion (18sh)
    Units: 2x Warriors, 1x Settlers, 1x Archers, 1x Horsemen
  [Civ 3] Germans (despotism): 2 cities, 3 units, 60g, 14 techs, researching Construction (42/67)
    Berlin: size=2, prod=Archers (5sh), bldgs=Palace
    Hamburg: size=3, prod=Legion (5sh), bldgs=Barracks
    Units: 1x Warriors, 1x Settlers, 1x Legion
  [Civ 4] Egyptians (despotism): 1 cities, 4 units, 34g, 11 techs, researching Currency (12/26)
    Thebes: size=2, prod=Legion (8sh), bldgs=Palace, City Walls
    Units: 1x Warriors, 1x Settlers, 1x Archers, 1x Horsemen
  [Civ 1] Romans turn: 2 actions — MOVE_UNIT(1), UNIT_ORDER(1)
    END_TURN REJECTED: 1 units still need orders
      #41 Legion(Atk) @(10,68) mv=2 ord=none hp=full

══════════════════════════════════════════════════════════════════════
  TURN 40 — 3220 B.C. (7ms)
══════════════════════════════════════════════════════════════════════
  [Civ 1] Romans (anarchy): 1 cities, 1 units, 63g, 13 techs, researching Currency (20/31)
    Rome: size=3, prod=building:8 (62sh), bldgs=Palace
    Units: 1x Horsemen
  [Civ 2] Babylonians (despotism): 2 cities, 5 units, 35g, 12 techs, researching Currency (5/28)
    Babylon: size=1, prod=building:8 (78sh), bldgs=Palace
    Sumer: size=2, prod=Legion (21sh)
    Units: 2x Warriors, 1x Settlers, 1x Archers, 1x Horsemen
  [Civ 3] Germans (despotism): 2 cities, 3 units, 61g, 14 techs, researching Construction (49/67)
    Berlin: size=2, prod=Archers (9sh), bldgs=Palace
    Hamburg: size=3, prod=Legion (10sh), bldgs=Barracks
    Units: 1x Warriors, 1x Settlers, 1x Legion
  [Civ 4] Egyptians (despotism): 1 cities, 4 units, 35g, 12 techs, researching Currency (16/28)
    Thebes: size=2, prod=Legion (12sh), bldgs=Palace, City Walls
    Units: 1x Warriors, 1x Settlers, 1x Archers, 1x Horsemen
  [Civ 1] Romans turn: 2 actions — MOVE_UNIT(1), UNIT_ORDER(1)
    >>> Babylon built building:8
    CHANGE_PRODUCTION city=1
    >>> Thebes grew to size 3
    END_TURN REJECTED: 1 units still need orders
      #25 Horsemen(Atk) @(38,10) mv=5 ord=none hp=full

══════════════════════════════════════════════════════════════════════
  TURN 41 — 3200 B.C. (9ms)
══════════════════════════════════════════════════════════════════════
  [Civ 1] Romans (anarchy): 1 cities, 1 units, 65g, 13 techs, researching Currency (24/31)
    Rome: size=3, prod=building:8 (66sh), bldgs=Palace
    Units: 1x Horsemen
  [Civ 2] Babylonians (despotism): 2 cities, 5 units, 36g, 12 techs, researching Currency (10/28)
    Babylon: size=1, prod=Legion (0sh), bldgs=Palace, City Walls
    Sumer: size=2, prod=Legion (24sh)
    Units: 2x Warriors, 1x Settlers, 1x Archers, 1x Horsemen
  [Civ 3] Germans (despotism): 2 cities, 3 units, 62g, 14 techs, researching Construction (56/67)
    Berlin: size=2, prod=Archers (13sh), bldgs=Palace
    Hamburg: size=3, prod=Legion (15sh), bldgs=Barracks
    Units: 1x Warriors, 1x Settlers, 1x Legion
  [Civ 4] Egyptians (despotism): 1 cities, 4 units, 37g, 12 techs, researching Currency (20/28)
    Thebes: size=3, prod=Legion (16sh), bldgs=Palace, City Walls
    Units: 1x Warriors, 1x Settlers, 1x Archers, 1x Horsemen
  [Civ 1] Romans turn: 2 actions — MOVE_UNIT(1), UNIT_ORDER(1)
    COMBAT: Legion vs Chariot → atkWin (atkHp=undefined, defHp=undefined)

══════════════════════════════════════════════════════════════════════
  TURN 42 — 3180 B.C. (7ms)
══════════════════════════════════════════════════════════════════════
  [Civ 1] Romans (anarchy): 1 cities, 1 units, 67g, 13 techs, researching Currency (28/31)
    Rome: size=3, prod=building:8 (70sh), bldgs=Palace
    Units: 1x Horsemen
  [Civ 2] Babylonians (despotism): 2 cities, 5 units, 37g, 12 techs, researching Currency (15/28)
    Babylon: size=1, prod=Legion (3sh), bldgs=Palace, City Walls
    Sumer: size=2, prod=Legion (27sh)
    Units: 2x Warriors, 1x Settlers, 1x Archers, 1x Horsemen
  [Civ 3] Germans (despotism): 2 cities, 3 units, 163g, 14 techs, researching Construction (63/67)
    Berlin: size=2, prod=Archers (17sh), bldgs=Palace
    Hamburg: size=3, prod=Legion (20sh), bldgs=Barracks
    Units: 1x Warriors, 1x Settlers, 1x Legion
  [Civ 4] Egyptians (despotism): 1 cities, 4 units, 39g, 12 techs, researching Currency (24/28)
    Thebes: size=3, prod=Legion (21sh), bldgs=Palace, City Walls
    Units: 1x Warriors, 1x Settlers, 1x Archers, 1x Horsemen
  [Civ 1] Romans turn: 2 actions — MOVE_UNIT(1), UNIT_ORDER(1)
    >>> Germans discovered: Construction
    SET_RESEARCH tech=Bridge Building
    >>> Egyptians discovered: Currency
    SET_RESEARCH tech=Trade
    END_TURN REJECTED: 1 units still need orders
      #25 Horsemen(Atk) @(38,10) mv=5 ord=none hp=full

══════════════════════════════════════════════════════════════════════
  TURN 43 — 3160 B.C. (12ms)
══════════════════════════════════════════════════════════════════════
  [Civ 1] Romans (anarchy): 1 cities, 1 units, 67g, 14 techs, researching none (0/33)
    Rome: size=3, prod=building:8 (74sh), bldgs=Palace
    Units: 1x Horsemen
  [Civ 2] Babylonians (despotism): 2 cities, 5 units, 38g, 12 techs, researching Currency (20/28)
    Babylon: size=1, prod=Legion (6sh), bldgs=Palace, City Walls
    Sumer: size=2, prod=Legion (30sh)
    Units: 2x Warriors, 1x Settlers, 1x Archers, 1x Horsemen
  [Civ 3] Germans (despotism): 2 cities, 3 units, 163g, 15 techs, researching Bridge Building (0/72)
    Berlin: size=2, prod=Archers (21sh), bldgs=Palace
    Hamburg: size=3, prod=Legion (25sh), bldgs=Barracks
    Units: 1x Warriors, 1x Settlers, 1x Legion
  [Civ 4] Egyptians (despotism): 1 cities, 4 units, 39g, 13 techs, researching Trade (0/31)
    Thebes: size=3, prod=Legion (26sh), bldgs=Palace, City Walls
    Units: 1x Warriors, 1x Settlers, 1x Archers, 1x Horsemen
  [Civ 1] Romans turn: 3 actions — SET_RESEARCH(1), MOVE_UNIT(1), UNIT_ORDER(1)
    SET_RESEARCH tech=Construction
    RUSH_BUY city=4

══════════════════════════════════════════════════════════════════════
  TURN 44 — 3140 B.C. (8ms)
══════════════════════════════════════════════════════════════════════
  [Civ 1] Romans (anarchy): 1 cities, 1 units, 69g, 14 techs, researching Construction (4/33)
    Rome: size=3, prod=building:8 (78sh), bldgs=Palace
    Units: 1x Horsemen
  [Civ 2] Babylonians (despotism): 2 cities, 5 units, 39g, 12 techs, researching Currency (25/28)
    Babylon: size=1, prod=Legion (9sh), bldgs=Palace, City Walls
    Sumer: size=2, prod=Legion (33sh)
    Units: 2x Warriors, 1x Settlers, 1x Archers, 1x Horsemen
  [Civ 3] Germans (despotism): 2 cities, 3 units, 139g, 15 techs, researching Bridge Building (7/72)
    Berlin: size=2, prod=Archers (25sh), bldgs=Palace
    Hamburg: size=3, prod=Legion (40sh), bldgs=Barracks
    Units: 1x Warriors, 1x Settlers, 1x Legion
  [Civ 4] Egyptians (despotism): 1 cities, 4 units, 41g, 13 techs, researching Trade (4/31)
    Thebes: size=3, prod=Legion (31sh), bldgs=Palace, City Walls
    Units: 1x Warriors, 1x Settlers, 1x Archers, 1x Horsemen
  [Civ 1] Romans turn: 2 actions — MOVE_UNIT(1), UNIT_ORDER(1)
    >>> Babylonians discovered: Currency
    SET_RESEARCH tech=Trade
    >>> Hamburg built Legion
    CHANGE_PRODUCTION city=4
    END_TURN REJECTED: 1 units still need orders
      #25 Horsemen(Atk) @(38,10) mv=5 ord=none hp=full

══════════════════════════════════════════════════════════════════════
  TURN 45 — 3120 B.C. (9ms)
══════════════════════════════════════════════════════════════════════
  [Civ 1] Romans (anarchy): 1 cities, 1 units, 71g, 14 techs, researching Construction (9/33)
    Rome: size=4, prod=building:8 (2sh), bldgs=Palace, City Walls
    Units: 1x Horsemen
  [Civ 2] Babylonians (despotism): 2 cities, 5 units, 39g, 13 techs, researching Trade (0/31)
    Babylon: size=1, prod=Legion (12sh), bldgs=Palace, City Walls
    Sumer: size=2, prod=Legion (36sh)
    Units: 2x Warriors, 1x Settlers, 1x Archers, 1x Horsemen
  [Civ 3] Germans (despotism): 2 cities, 4 units, 140g, 15 techs, researching Bridge Building (14/72)
    Berlin: size=2, prod=Archers (29sh), bldgs=Palace
    Hamburg: size=3, prod=Archers (2sh), bldgs=Barracks
    Units: 1x Warriors, 1x Settlers, 2x Legion
  [Civ 4] Egyptians (despotism): 1 cities, 4 units, 43g, 13 techs, researching Trade (8/31)
    Thebes: size=3, prod=Legion (36sh), bldgs=Palace, City Walls
    Units: 1x Warriors, 1x Settlers, 1x Archers, 1x Horsemen
  [Civ 1] Romans turn: 3 actions — CHANGE_PRODUCTION(1), MOVE_UNIT(1), UNIT_ORDER(1)
    CHANGE_PRODUCTION city=0
    >>> Berlin built Archers
    CHANGE_PRODUCTION city=2
    >>> Thebes built Legion
    CHANGE_PRODUCTION city=3

══════════════════════════════════════════════════════════════════════
  TURN 46 — 3100 B.C. (7ms)
══════════════════════════════════════════════════════════════════════
  [Civ 1] Romans (anarchy): 1 cities, 1 units, 73g, 14 techs, researching Construction (14/33)
    Rome: size=4, prod=Legion (5sh), bldgs=Palace, City Walls
    Units: 1x Horsemen
  [Civ 2] Babylonians (despotism): 2 cities, 5 units, 40g, 13 techs, researching Trade (5/31)
    Babylon: size=1, prod=Legion (15sh), bldgs=Palace, City Walls
    Sumer: size=2, prod=Legion (39sh)
    Units: 2x Warriors, 1x Settlers, 1x Archers, 1x Horsemen
  [Civ 3] Germans (despotism): 2 cities, 5 units, 141g, 15 techs, researching Bridge Building (20/72)
    Berlin: size=2, prod=Horsemen (1sh), bldgs=Palace
    Hamburg: size=3, prod=Archers (7sh), bldgs=Barracks
    Units: 1x Warriors, 1x Settlers, 2x Legion, 1x Archers
  [Civ 4] Egyptians (despotism): 1 cities, 5 units, 45g, 13 techs, researching Trade (12/31)
    Thebes: size=3, prod=Catapult (0sh), bldgs=Palace, City Walls
    Units: 1x Warriors, 1x Settlers, 1x Archers, 1x Horsemen, 1x Legion
  [Civ 1] Romans turn: 2 actions — MOVE_UNIT(1), UNIT_ORDER(1)
    >>> Sumer built Legion
    CHANGE_PRODUCTION city=1
    CHANGE_PRODUCTION city=5
    END_TURN REJECTED: 1 units still need orders
      #25 Horsemen(Atk) @(38,10) mv=5 ord=none hp=full

══════════════════════════════════════════════════════════════════════
  TURN 47 — 3080 B.C. (7ms)
══════════════════════════════════════════════════════════════════════
  [Civ 1] Romans (anarchy): 1 cities, 1 units, 75g, 14 techs, researching Construction (19/33)
    Rome: size=4, prod=Legion (10sh), bldgs=Palace, City Walls
    Units: 1x Horsemen
  [Civ 2] Babylonians (despotism): 2 cities, 6 units, 41g, 13 techs, researching Trade (10/31)
    Babylon: size=1, prod=Catapult (9sh), bldgs=Palace, City Walls
    Sumer: size=2, prod=Catapult (1sh)
    Units: 2x Warriors, 1x Settlers, 1x Archers, 1x Horsemen, 1x Legion
  [Civ 3] Germans (despotism): 2 cities, 5 units, 142g, 15 techs, researching Bridge Building (26/72)
    Berlin: size=2, prod=Horsemen (4sh), bldgs=Palace
    Hamburg: size=3, prod=Archers (12sh), bldgs=Barracks
    Units: 1x Warriors, 1x Settlers, 2x Legion, 1x Archers
  [Civ 4] Egyptians (despotism): 1 cities, 5 units, 47g, 13 techs, researching Trade (16/31)
    Thebes: size=3, prod=Catapult (5sh), bldgs=Palace, City Walls
    Units: 1x Warriors, 1x Settlers, 1x Archers, 1x Horsemen, 1x Legion
  [Civ 1] Romans turn: 2 actions — MOVE_UNIT(1), UNIT_ORDER(1)
    CHANGE_PRODUCTION city=4
    END_TURN REJECTED: 1 units still need orders
      #44 Legion(Atk) @(38,10) mv=2 ord=none hp=full

══════════════════════════════════════════════════════════════════════
  TURN 48 — 3060 B.C. (11ms)
══════════════════════════════════════════════════════════════════════
  [Civ 1] Romans (anarchy): 1 cities, 1 units, 77g, 14 techs, researching Construction (24/33)
    Rome: size=4, prod=Legion (15sh), bldgs=Palace, City Walls
    Units: 1x Horsemen
  [Civ 2] Babylonians (despotism): 2 cities, 6 units, 42g, 13 techs, researching Trade (15/31)
    Babylon: size=1, prod=Catapult (12sh), bldgs=Palace, City Walls
    Sumer: size=2, prod=Catapult (4sh)
    Units: 2x Warriors, 1x Settlers, 1x Archers, 1x Horsemen, 1x Legion
  [Civ 3] Germans (despotism): 2 cities, 5 units, 143g, 15 techs, researching Bridge Building (32/72)
    Berlin: size=2, prod=Horsemen (7sh), bldgs=Palace
    Hamburg: size=3, prod=Horsemen (8sh), bldgs=Barracks
    Units: 1x Warriors, 1x Settlers, 2x Legion, 1x Archers
  [Civ 4] Egyptians (despotism): 1 cities, 5 units, 49g, 13 techs, researching Trade (20/31)
    Thebes: size=3, prod=Catapult (10sh), bldgs=Palace, City Walls
    Units: 1x Warriors, 1x Settlers, 1x Archers, 1x Horsemen, 1x Legion
  [Civ 1] Romans turn: 2 actions — MOVE_UNIT(1), UNIT_ORDER(1)
    COMBAT: Horsemen vs Horsemen → atkWin (atkHp=undefined, defHp=undefined)
    ADJUST_ATTITUDE target=civ2

══════════════════════════════════════════════════════════════════════
  TURN 49 — 3040 B.C. (11ms)
══════════════════════════════════════════════════════════════════════
  [Civ 1] Romans (anarchy): 1 cities, 0 units, 179g, 14 techs, researching Construction (29/33)
    Rome: size=4, prod=Legion (20sh), bldgs=Palace, City Walls
    Units: none
  [Civ 2] Babylonians (despotism): 2 cities, 6 units, 43g, 13 techs, researching Trade (20/31)
    Babylon: size=1, prod=Catapult (15sh), bldgs=Palace, City Walls
    Sumer: size=2, prod=Catapult (7sh)
    Units: 2x Warriors, 1x Settlers, 1x Archers, 1x Horsemen, 1x Legion
  [Civ 3] Germans (despotism): 2 cities, 5 units, 144g, 15 techs, researching Bridge Building (38/72)
    Berlin: size=2, prod=Horsemen (10sh), bldgs=Palace
    Hamburg: size=3, prod=Horsemen (13sh), bldgs=Barracks
    Units: 1x Warriors, 1x Settlers, 2x Legion, 1x Archers
  [Civ 4] Egyptians (despotism): 1 cities, 5 units, 51g, 13 techs, researching Trade (24/31)
    Thebes: size=3, prod=Catapult (15sh), bldgs=Palace, City Walls
    Units: 1x Warriors, 1x Settlers, 1x Archers, 1x Horsemen, 1x Legion
  [Civ 1] Romans turn: 1 actions — RUSH_BUY(1)
    RUSH_BUY city=0
    >>> Hamburg grew to size 4
    >>> Romans discovered: Construction
    >>> Rome built Legion

══════════════════════════════════════════════════════════════════════
  FINAL SUMMARY
══════════════════════════════════════════════════════════════════════
Game ended at turn 50 (3020 B.C.)

── Civ 1: Romans (anarchy) ALIVE ──
  Cities: 1 (peak 1, founded 1)
  Units:  1 (peak 3)
  Treasury: 119g
  Techs discovered: 3 — Bronze Working, Map Making, Construction
  Actions: 121 total, 4 idle turns
  Breakdown: UNIT_ORDER(52), MOVE_UNIT(51), SET_RESEARCH(7), CHANGE_PRODUCTION(4), ADJUST_ATTITUDE(3), CHANGE_RATES(1), BUILD_CITY(1), REVOLUTION(1), RUSH_BUY(1)
  Army: 1x Legion
  Rome: size=4, shields=5

── Civ 2: Babylonians (despotism) ALIVE ──
  Cities: 2 (peak 2, founded 3)
  Units:  6 (peak 6)
  Treasury: 44g
  Techs discovered: 4 — Alphabet, Mathematics, Seafaring, Currency
  Actions: 207 total, 0 idle turns
  Breakdown: UNIT_ORDER(95), MOVE_UNIT(90), CHANGE_PRODUCTION(8), SET_RESEARCH(7), BUILD_CITY(3), ADJUST_ATTITUDE(3), CHANGE_RATES(1)
  Army: 2x Warriors, 1x Settlers, 1x Archers, 1x Horsemen, 1x Legion
  Babylon: size=1, shields=18
  Sumer: size=2, shields=10

── Civ 3: Germans (despotism) ALIVE ──
  Cities: 2 (peak 2, founded 2)
  Units:  5 (peak 6)
  Treasury: 145g
  Techs discovered: 5 — Ceremonial Burial, Currency, Code of Laws, Seafaring, Construction
  Actions: 159 total, 9 idle turns
  Breakdown: UNIT_ORDER(64), MOVE_UNIT(63), CHANGE_PRODUCTION(16), SET_RESEARCH(8), ADJUST_ATTITUDE(3), BUILD_CITY(2), CHANGE_RATES(1), WORKER_ORDER(1), RUSH_BUY(1)
  Army: 1x Warriors, 1x Settlers, 2x Legion, 1x Archers
  Berlin: size=2, shields=13
  Hamburg: size=4, shields=18

── Civ 4: Egyptians (despotism) ALIVE ──
  Cities: 1 (peak 1, founded 2)
  Units:  5 (peak 5)
  Treasury: 53g
  Techs discovered: 5 — Ceremonial Burial, Iron Working, Map Making, Mathematics, Currency
  Actions: 254 total, 0 idle turns
  Breakdown: MOVE_UNIT(125), UNIT_ORDER(109), SET_RESEARCH(7), CHANGE_PRODUCTION(5), ADJUST_ATTITUDE(4), BUILD_CITY(2), CHANGE_RATES(1), WORKER_ORDER(1)
  Army: 1x Warriors, 1x Settlers, 1x Archers, 1x Horsemen, 1x Legion
  Thebes: size=3, shields=20


══════════════════════════════════════════════════════════════════════
  AI BEHAVIOR ANALYSIS
══════════════════════════════════════════════════════════════════════
[Civ 1] Romans:
  WARNING: Only 1 city after 30+ turns

[Civ 2] Babylonians:
  WARNING: 1 units stuck (busy orders outside city)

[Civ 3] Germans:
  OK — no obvious issues detected

[Civ 4] Egyptians:
  OK — no obvious issues detected

