Charlization AI Headless Simulation
Date: 2026-03-14T17:00:01.780Z
Settings: 50 turns, 4 AI players, 50x80 map, difficulty=prince
Map seed: 42
Map generated in 251ms
Game initialized: 4 civs, 8 starting units
  Civ 1 (Romans): starts at (6,40) on Grassland
  Civ 2 (Babylonians): starts at (17,39) on Plains
  Civ 3 (Germans): starts at (30,40) on Plains
  Civ 4 (Egyptians): starts at (42,40) on Plains
    SET_RESEARCH tech=Bronze Working
    CHANGE_RATES sci=6 tax=4 lux=undefined
    SET_RESEARCH tech=Alphabet
    CHANGE_RATES sci=6 tax=4 lux=undefined
    SET_RESEARCH tech=Alphabet
    CHANGE_RATES sci=6 tax=4 lux=undefined
    SET_RESEARCH tech=Masonry
    CHANGE_RATES sci=6 tax=4 lux=undefined

══════════════════════════════════════════════════════════════════════
  TURN 1 — 3980 B.C. (123ms)
══════════════════════════════════════════════════════════════════════
  [Civ 1] Romans (despotism): 0 cities, 2 units, 50g, 0 techs, researching Bronze Working (0/10)
    Units: 1x Settlers, 1x Warriors
  [Civ 2] Babylonians (despotism): 0 cities, 2 units, 50g, 0 techs, researching Alphabet (0/10)
    Units: 1x Settlers, 1x Warriors
  [Civ 3] Germans (despotism): 0 cities, 2 units, 50g, 0 techs, researching Alphabet (0/10)
    Units: 1x Settlers, 1x Warriors
  [Civ 4] Egyptians (despotism): 0 cities, 2 units, 50g, 0 techs, researching Masonry (0/10)
    Units: 1x Settlers, 1x Warriors
  [Civ 1] Romans turn: 2 actions — MOVE_UNIT(2)

══════════════════════════════════════════════════════════════════════
  TURN 2 — 3960 B.C. (30ms)
══════════════════════════════════════════════════════════════════════
  [Civ 1] Romans (despotism): 0 cities, 2 units, 50g, 0 techs, researching Bronze Working (0/10)
    Units: 1x Settlers, 1x Warriors
  [Civ 2] Babylonians (despotism): 0 cities, 2 units, 50g, 0 techs, researching Alphabet (0/10)
    Units: 1x Settlers, 1x Warriors
  [Civ 3] Germans (despotism): 0 cities, 2 units, 50g, 1 techs, researching Alphabet (0/10)
    Units: 1x Settlers, 1x Warriors
  [Civ 4] Egyptians (despotism): 0 cities, 2 units, 50g, 0 techs, researching Masonry (0/10)
    Units: 1x Settlers, 1x Warriors
  [Civ 1] Romans turn: 2 actions — MOVE_UNIT(2)

══════════════════════════════════════════════════════════════════════
  TURN 3 — 3940 B.C. (88ms)
══════════════════════════════════════════════════════════════════════
  [Civ 1] Romans (despotism): 0 cities, 2 units, 50g, 0 techs, researching Bronze Working (0/10)
    Units: 1x Settlers, 1x Warriors
  [Civ 2] Babylonians (despotism): 0 cities, 2 units, 50g, 0 techs, researching Alphabet (0/10)
    Units: 1x Settlers, 1x Warriors
  [Civ 3] Germans (despotism): 0 cities, 2 units, 50g, 1 techs, researching Alphabet (0/10)
    Units: 1x Settlers, 1x Warriors
  [Civ 4] Egyptians (despotism): 0 cities, 2 units, 50g, 0 techs, researching Masonry (0/10)
    Units: 1x Settlers, 1x Warriors
  [Civ 1] Romans turn: 2 actions — MOVE_UNIT(2)
    END_TURN REJECTED: 1 units still need orders
      #6 Settlers(Settle) @(38,39) mv=2 ord=none hp=full

══════════════════════════════════════════════════════════════════════
  TURN 4 — 3920 B.C. (33ms)
══════════════════════════════════════════════════════════════════════
  [Civ 1] Romans (despotism): 0 cities, 2 units, 50g, 0 techs, researching Bronze Working (0/10)
    Units: 1x Settlers, 1x Warriors
  [Civ 2] Babylonians (despotism): 0 cities, 2 units, 50g, 0 techs, researching Alphabet (0/10)
    Units: 1x Settlers, 1x Warriors
  [Civ 3] Germans (despotism): 0 cities, 2 units, 50g, 2 techs, researching Alphabet (0/18)
    Units: 1x Settlers, 1x Warriors
  [Civ 4] Egyptians (despotism): 0 cities, 2 units, 50g, 0 techs, researching Masonry (0/10)
    Units: 1x Settlers, 1x Warriors
  [Civ 1] Romans turn: 2 actions — BUILD_CITY(1), MOVE_UNIT(1)
    BUILD_CITY unit=0 name="Rome"
    SET_RESEARCH tech=Bronze Working
    BUILD_CITY unit=6 name="Thebes"

══════════════════════════════════════════════════════════════════════
  TURN 5 — 3900 B.C. (116ms)
══════════════════════════════════════════════════════════════════════
  [Civ 1] Romans (despotism): 1 cities, 1 units, 51g, 0 techs, researching Bronze Working (1/10)
    Rome: size=1, prod=none, bldgs=Palace
    Units: 1x Warriors
  [Civ 2] Babylonians (despotism): 0 cities, 2 units, 50g, 0 techs, researching Alphabet (0/10)
    Units: 1x Settlers, 1x Warriors
  [Civ 3] Germans (despotism): 0 cities, 2 units, 50g, 2 techs, researching Bronze Working (0/18)
    Units: 1x Settlers, 1x Warriors
  [Civ 4] Egyptians (despotism): 1 cities, 1 units, 50g, 0 techs, researching Masonry (0/10)
    Thebes: size=1, prod=none, bldgs=Palace
    Units: 1x Warriors
  [Civ 1] Romans turn: 1 actions — MOVE_UNIT(1)

══════════════════════════════════════════════════════════════════════
  TURN 6 — 3880 B.C. (113ms)
══════════════════════════════════════════════════════════════════════
  [Civ 1] Romans (despotism): 1 cities, 1 units, 52g, 0 techs, researching Bronze Working (2/10)
    Rome: size=1, prod=none, bldgs=Palace
    Units: 1x Warriors
  [Civ 2] Babylonians (despotism): 0 cities, 2 units, 50g, 0 techs, researching Alphabet (0/10)
    Units: 1x Settlers, 1x Warriors
  [Civ 3] Germans (despotism): 0 cities, 2 units, 50g, 2 techs, researching Bronze Working (0/18)
    Units: 1x Settlers, 1x Warriors
  [Civ 4] Egyptians (despotism): 1 cities, 1 units, 51g, 0 techs, researching Masonry (2/10)
    Thebes: size=1, prod=none, bldgs=Palace
    Units: 1x Warriors
  [Civ 1] Romans turn: 1 actions — MOVE_UNIT(1)
    END_TURN REJECTED: 1 units still need orders
      #8 Chariot(Atk) @(14,38) mv=6 ord=none hp=full

══════════════════════════════════════════════════════════════════════
  TURN 7 — 3860 B.C. (64ms)
══════════════════════════════════════════════════════════════════════
  [Civ 1] Romans (despotism): 1 cities, 1 units, 53g, 0 techs, researching Bronze Working (3/10)
    Rome: size=1, prod=none, bldgs=Palace
    Units: 1x Warriors
  [Civ 2] Babylonians (despotism): 0 cities, 3 units, 50g, 0 techs, researching Alphabet (0/10)
    Units: 1x Settlers, 1x Warriors, 1x Chariot
  [Civ 3] Germans (despotism): 0 cities, 2 units, 50g, 2 techs, researching Bronze Working (0/18)
    Units: 1x Settlers, 1x Warriors
  [Civ 4] Egyptians (despotism): 1 cities, 1 units, 52g, 0 techs, researching Masonry (4/10)
    Thebes: size=1, prod=none, bldgs=Palace
    Units: 1x Warriors
  [Civ 1] Romans turn: 1 actions — MOVE_UNIT(1)
    END_TURN REJECTED: 1 units still need orders
      #8 Chariot(Atk) @(14,40) mv=3 ord=none hp=full

══════════════════════════════════════════════════════════════════════
  TURN 8 — 3840 B.C. (50ms)
══════════════════════════════════════════════════════════════════════
  [Civ 1] Romans (despotism): 1 cities, 1 units, 54g, 0 techs, researching Bronze Working (4/10)
    Rome: size=1, prod=none, bldgs=Palace
    Units: 1x Warriors
  [Civ 2] Babylonians (despotism): 0 cities, 3 units, 50g, 0 techs, researching Alphabet (0/10)
    Units: 1x Settlers, 1x Warriors, 1x Chariot
  [Civ 3] Germans (despotism): 0 cities, 2 units, 50g, 2 techs, researching Bronze Working (0/18)
    Units: 1x Settlers, 1x Warriors
  [Civ 4] Egyptians (despotism): 1 cities, 1 units, 53g, 0 techs, researching Masonry (6/10)
    Thebes: size=1, prod=none, bldgs=Palace
    Units: 1x Warriors
  [Civ 1] Romans turn: 1 actions — MOVE_UNIT(1)

══════════════════════════════════════════════════════════════════════
  TURN 9 — 3820 B.C. (61ms)
══════════════════════════════════════════════════════════════════════
  [Civ 1] Romans (despotism): 1 cities, 1 units, 55g, 0 techs, researching Bronze Working (5/10)
    Rome: size=1, prod=none, bldgs=Palace
    Units: 1x Warriors
  [Civ 2] Babylonians (despotism): 0 cities, 3 units, 50g, 0 techs, researching Alphabet (0/10)
    Units: 1x Settlers, 1x Warriors, 1x Chariot
  [Civ 3] Germans (despotism): 0 cities, 2 units, 50g, 2 techs, researching Bronze Working (0/18)
    Units: 1x Settlers, 1x Warriors
  [Civ 4] Egyptians (despotism): 1 cities, 1 units, 54g, 0 techs, researching Masonry (8/10)
    Thebes: size=1, prod=none, bldgs=Palace
    Units: 1x Warriors
  [Civ 1] Romans turn: 1 actions — MOVE_UNIT(1)
    COMBAT: Chariot vs Warriors → atkWin (atkHp=undefined, defHp=undefined)
    END_TURN REJECTED: 1 units still need orders
      #8 Chariot(Atk) @(13,37) mv=3 ord=none hp=full
    >>> Egyptians discovered: Masonry
    >>> Thebes built undefined:undefined
    SET_RESEARCH tech=Alphabet

══════════════════════════════════════════════════════════════════════
  TURN 10 — 3800 B.C. (97ms)
══════════════════════════════════════════════════════════════════════
  [Civ 1] Romans (despotism): 1 cities, 1 units, 56g, 0 techs, researching Bronze Working (6/10)
    Rome: size=1, prod=none, bldgs=Palace
    Units: 1x Warriors
  [Civ 2] Babylonians (despotism): 0 cities, 3 units, 75g, 0 techs, researching Alphabet (0/10)
    Units: 1x Settlers, 1x Warriors, 1x Chariot
  [Civ 3] Germans (despotism): 0 cities, 2 units, 50g, 2 techs, researching Bronze Working (0/18)
    Units: 1x Settlers, 1x Warriors
  [Civ 4] Egyptians (despotism): 1 cities, 2 units, 55g, 1 techs, researching Alphabet (0/10)
    Thebes: size=1, prod=none, bldgs=Palace
    Units: 2x Warriors
  [Civ 1] Romans turn: 1 actions — UNIT_ORDER(1)
    COMBAT: Chariot vs Warriors → atkWin (atkHp=undefined, defHp=undefined)
    END_TURN REJECTED: 1 units still need orders
      #8 Chariot(Atk) @(13,35) mv=3 ord=none hp=full

══════════════════════════════════════════════════════════════════════
  TURN 11 — 3780 B.C. (37ms)
══════════════════════════════════════════════════════════════════════
  [Civ 1] Romans (despotism): 1 cities, 0 units, 57g, 0 techs, researching Bronze Working (7/10)
    Rome: size=2, prod=none, bldgs=Palace
    Units: none
  [Civ 2] Babylonians (despotism): 0 cities, 3 units, 75g, 0 techs, researching Alphabet (0/10)
    Units: 1x Settlers, 1x Warriors, 1x Chariot
  [Civ 3] Germans (despotism): 0 cities, 2 units, 50g, 2 techs, researching Bronze Working (0/18)
    Units: 1x Settlers, 1x Warriors
  [Civ 4] Egyptians (despotism): 1 cities, 2 units, 56g, 1 techs, researching Alphabet (2/10)
    Thebes: size=1, prod=none, bldgs=Palace
    Units: 2x Warriors
  [Civ 1] Romans turn: 0 actions — idle

══════════════════════════════════════════════════════════════════════
  TURN 12 — 3760 B.C. (35ms)
══════════════════════════════════════════════════════════════════════
  [Civ 1] Romans (despotism): 1 cities, 0 units, 58g, 0 techs, researching Bronze Working (8/10)
    Rome: size=2, prod=none, bldgs=Palace
    Units: none
  [Civ 2] Babylonians (despotism): 0 cities, 3 units, 75g, 0 techs, researching Alphabet (0/10)
    Units: 1x Settlers, 1x Warriors, 1x Chariot
  [Civ 3] Germans (despotism): 0 cities, 2 units, 50g, 2 techs, researching Bronze Working (0/18)
    Units: 1x Settlers, 1x Warriors
  [Civ 4] Egyptians (despotism): 1 cities, 2 units, 57g, 1 techs, researching Alphabet (4/10)
    Thebes: size=1, prod=none, bldgs=Palace
    Units: 2x Warriors
  [Civ 1] Romans turn: 0 actions — idle
    >>> Rome built undefined:undefined

══════════════════════════════════════════════════════════════════════
  TURN 13 — 3740 B.C. (65ms)
══════════════════════════════════════════════════════════════════════
  [Civ 1] Romans (despotism): 1 cities, 1 units, 59g, 0 techs, researching Bronze Working (9/10)
    Rome: size=2, prod=none, bldgs=Palace
    Units: 1x Warriors
  [Civ 2] Babylonians (despotism): 0 cities, 3 units, 75g, 0 techs, researching Alphabet (0/10)
    Units: 1x Settlers, 1x Warriors, 1x Chariot
  [Civ 3] Germans (despotism): 0 cities, 2 units, 50g, 2 techs, researching Bronze Working (0/18)
    Units: 1x Settlers, 1x Warriors
  [Civ 4] Egyptians (despotism): 1 cities, 2 units, 58g, 1 techs, researching Alphabet (6/10)
    Thebes: size=1, prod=none, bldgs=Palace
    Units: 2x Warriors
  [Civ 1] Romans turn: 2 actions — PROPOSE_TREATY(1), ADJUST_ATTITUDE(1)
    PROPOSE_TREATY treaty=ceasefire target=civ2
    ADJUST_ATTITUDE target=civ2
    END_TURN REJECTED: 1 units still need orders
      #14 Archers(Atk) @(39,36) mv=3 ord=none hp=full

══════════════════════════════════════════════════════════════════════
  TURN 14 — 3720 B.C. (85ms)
══════════════════════════════════════════════════════════════════════
  [Civ 1] Romans (despotism): 1 cities, 1 units, 60g, 1 techs, researching none (0/10)
    Rome: size=2, prod=none, bldgs=Palace
    Units: 1x Warriors
  [Civ 2] Babylonians (despotism): 0 cities, 3 units, 75g, 0 techs, researching Alphabet (0/10)
    Units: 1x Settlers, 1x Warriors, 1x Chariot
  [Civ 3] Germans (despotism): 0 cities, 2 units, 50g, 2 techs, researching Bronze Working (0/18)
    Units: 1x Settlers, 1x Warriors
  [Civ 4] Egyptians (despotism): 1 cities, 3 units, 59g, 1 techs, researching Alphabet (8/10)
    Thebes: size=1, prod=none, bldgs=Palace
    Units: 2x Warriors, 1x Archers
  [Civ 1] Romans turn: 2 actions — SET_RESEARCH(1), MOVE_UNIT(1)
    SET_RESEARCH tech=Warrior Code
    >>> Egyptians discovered: Alphabet
    >>> Thebes built undefined:undefined
    SET_RESEARCH tech=Code of Laws

══════════════════════════════════════════════════════════════════════
  TURN 15 — 3700 B.C. (76ms)
══════════════════════════════════════════════════════════════════════
  [Civ 1] Romans (despotism): 1 cities, 1 units, 61g, 1 techs, researching Warrior Code (1/10)
    Rome: size=2, prod=none, bldgs=Palace
    Units: 1x Warriors
  [Civ 2] Babylonians (despotism): 0 cities, 3 units, 75g, 0 techs, researching Alphabet (0/10)
    Units: 1x Settlers, 1x Warriors, 1x Chariot
  [Civ 3] Germans (despotism): 0 cities, 2 units, 50g, 2 techs, researching Bronze Working (0/18)
    Units: 1x Settlers, 1x Warriors
  [Civ 4] Egyptians (despotism): 1 cities, 4 units, 61g, 2 techs, researching Code of Laws (0/18)
    Thebes: size=2, prod=none, bldgs=Palace
    Units: 3x Warriors, 1x Archers
  [Civ 1] Romans turn: 1 actions — MOVE_UNIT(1)
    END_TURN REJECTED: 1 units still need orders
      #8 Chariot(Atk) @(11,36) mv=3 ord=none hp=full

══════════════════════════════════════════════════════════════════════
  TURN 16 — 3680 B.C. (51ms)
══════════════════════════════════════════════════════════════════════
  [Civ 1] Romans (despotism): 1 cities, 1 units, 62g, 1 techs, researching Warrior Code (2/10)
    Rome: size=2, prod=none, bldgs=Palace
    Units: 1x Warriors
  [Civ 2] Babylonians (despotism): 0 cities, 3 units, 125g, 0 techs, researching Alphabet (0/10)
    Units: 1x Settlers, 1x Warriors, 1x Chariot
  [Civ 3] Germans (despotism): 0 cities, 2 units, 50g, 2 techs, researching Bronze Working (0/18)
    Units: 1x Settlers, 1x Warriors
  [Civ 4] Egyptians (despotism): 1 cities, 4 units, 63g, 2 techs, researching Code of Laws (2/18)
    Thebes: size=2, prod=none, bldgs=Palace
    Units: 3x Warriors, 1x Archers
  [Civ 1] Romans turn: 1 actions — MOVE_UNIT(1)
    END_TURN REJECTED: 1 units still need orders
      #8 Chariot(Atk) @(11,37) mv=3 ord=none hp=full

══════════════════════════════════════════════════════════════════════
  TURN 17 — 3660 B.C. (53ms)
══════════════════════════════════════════════════════════════════════
  [Civ 1] Romans (despotism): 1 cities, 1 units, 63g, 1 techs, researching Warrior Code (3/10)
    Rome: size=2, prod=none, bldgs=Palace
    Units: 1x Warriors
  [Civ 2] Babylonians (despotism): 0 cities, 3 units, 125g, 0 techs, researching Alphabet (0/10)
    Units: 1x Settlers, 1x Warriors, 1x Chariot
  [Civ 3] Germans (despotism): 0 cities, 2 units, 50g, 2 techs, researching Bronze Working (0/18)
    Units: 1x Settlers, 1x Warriors
  [Civ 4] Egyptians (despotism): 1 cities, 4 units, 65g, 2 techs, researching Code of Laws (4/18)
    Thebes: size=2, prod=none, bldgs=Palace
    Units: 3x Warriors, 1x Archers
  [Civ 1] Romans turn: 1 actions — MOVE_UNIT(1)
    BUILD_CITY unit=4 name="Berlin"
    >>> Rome built undefined:undefined

══════════════════════════════════════════════════════════════════════
  TURN 18 — 3640 B.C. (33ms)
══════════════════════════════════════════════════════════════════════
  [Civ 1] Romans (despotism): 1 cities, 2 units, 64g, 1 techs, researching Warrior Code (4/10)
    Rome: size=2, prod=none, bldgs=Palace
    Units: 2x Warriors
  [Civ 2] Babylonians (despotism): 0 cities, 3 units, 125g, 0 techs, researching Alphabet (0/10)
    Units: 1x Settlers, 1x Warriors, 1x Chariot
  [Civ 3] Germans (despotism): 1 cities, 1 units, 50g, 2 techs, researching Bronze Working (0/18)
    Berlin: size=1, prod=none, bldgs=Palace
    Units: 1x Warriors
  [Civ 4] Egyptians (despotism): 1 cities, 4 units, 67g, 2 techs, researching Code of Laws (6/18)
    Thebes: size=2, prod=none, bldgs=Palace
    Units: 3x Warriors, 1x Archers
  [Civ 1] Romans turn: 1 actions — MOVE_UNIT(1)
    END_TURN REJECTED: 1 units still need orders
      #8 Chariot(Atk) @(12,39) mv=3 ord=none hp=full
    >>> Thebes built undefined:undefined

══════════════════════════════════════════════════════════════════════
  TURN 19 — 3620 B.C. (44ms)
══════════════════════════════════════════════════════════════════════
  [Civ 1] Romans (despotism): 1 cities, 2 units, 65g, 1 techs, researching Warrior Code (5/10)
    Rome: size=2, prod=none, bldgs=Palace
    Units: 2x Warriors
  [Civ 2] Babylonians (despotism): 0 cities, 3 units, 125g, 0 techs, researching Alphabet (0/10)
    Units: 1x Settlers, 1x Warriors, 1x Chariot
  [Civ 3] Germans (despotism): 1 cities, 1 units, 51g, 2 techs, researching Bronze Working (1/18)
    Berlin: size=1, prod=none, bldgs=Palace
    Units: 1x Warriors
  [Civ 4] Egyptians (despotism): 1 cities, 5 units, 69g, 2 techs, researching Code of Laws (8/18)
    Thebes: size=2, prod=none, bldgs=Palace
    Units: 4x Warriors, 1x Archers
  [Civ 1] Romans turn: 2 actions — MOVE_UNIT(2)

══════════════════════════════════════════════════════════════════════
  TURN 20 — 3600 B.C. (50ms)
══════════════════════════════════════════════════════════════════════
  [Civ 1] Romans (despotism): 1 cities, 2 units, 66g, 1 techs, researching Warrior Code (6/10)
    Rome: size=2, prod=none, bldgs=Palace
    Units: 2x Warriors
  [Civ 2] Babylonians (despotism): 0 cities, 3 units, 125g, 0 techs, researching Alphabet (0/10)
    Units: 1x Settlers, 1x Warriors, 1x Chariot
  [Civ 3] Germans (despotism): 1 cities, 1 units, 52g, 2 techs, researching Bronze Working (2/18)
    Berlin: size=1, prod=none, bldgs=Palace
    Units: 1x Warriors
  [Civ 4] Egyptians (despotism): 1 cities, 5 units, 71g, 2 techs, researching Code of Laws (10/18)
    Thebes: size=2, prod=none, bldgs=Palace
    Units: 4x Warriors, 1x Archers
  [Civ 1] Romans turn: 2 actions — MOVE_UNIT(2)
    END_TURN REJECTED: 1 units still need orders
      #8 Chariot(Atk) @(11,41) mv=3 ord=none hp=full

══════════════════════════════════════════════════════════════════════
  TURN 21 — 3580 B.C. (43ms)
══════════════════════════════════════════════════════════════════════
  [Civ 1] Romans (despotism): 1 cities, 2 units, 67g, 1 techs, researching Warrior Code (7/10)
    Rome: size=3, prod=none, bldgs=Palace
    Units: 2x Warriors
  [Civ 2] Babylonians (despotism): 0 cities, 3 units, 125g, 0 techs, researching Alphabet (0/10)
    Units: 1x Settlers, 1x Warriors, 1x Chariot
  [Civ 3] Germans (despotism): 1 cities, 1 units, 53g, 2 techs, researching Bronze Working (3/18)
    Berlin: size=1, prod=none, bldgs=Palace
    Units: 1x Warriors
  [Civ 4] Egyptians (despotism): 1 cities, 5 units, 73g, 2 techs, researching Code of Laws (12/18)
    Thebes: size=2, prod=none, bldgs=Palace
    Units: 4x Warriors, 1x Archers
  [Civ 1] Romans turn: 2 actions — MOVE_UNIT(2)
    END_TURN REJECTED: 1 units still need orders
      #8 Chariot(Atk) @(11,39) mv=3 ord=none hp=full
    >>> Berlin built undefined:undefined

══════════════════════════════════════════════════════════════════════
  TURN 22 — 3560 B.C. (47ms)
══════════════════════════════════════════════════════════════════════
  [Civ 1] Romans (despotism): 1 cities, 2 units, 68g, 1 techs, researching Warrior Code (8/10)
    Rome: size=3, prod=none, bldgs=Palace
    Units: 2x Warriors
  [Civ 2] Babylonians (despotism): 0 cities, 3 units, 125g, 0 techs, researching Alphabet (0/10)
    Units: 1x Settlers, 1x Warriors, 1x Chariot
  [Civ 3] Germans (despotism): 1 cities, 2 units, 54g, 2 techs, researching Bronze Working (4/18)
    Berlin: size=1, prod=none, bldgs=Palace
    Units: 2x Warriors
  [Civ 4] Egyptians (despotism): 1 cities, 5 units, 75g, 2 techs, researching Code of Laws (14/18)
    Thebes: size=2, prod=none, bldgs=Palace
    Units: 4x Warriors, 1x Archers
  [Civ 1] Romans turn: 2 actions — MOVE_UNIT(2)
    COMBAT: Warriors vs Warriors → atkWin (atkHp=undefined, defHp=undefined)
    >>> Rome built undefined:undefined

══════════════════════════════════════════════════════════════════════
  TURN 23 — 3540 B.C. (13ms)
══════════════════════════════════════════════════════════════════════
  [Civ 1] Romans (despotism): 1 cities, 3 units, 69g, 1 techs, researching Warrior Code (9/10)
    Rome: size=3, prod=none, bldgs=Palace
    Units: 3x Warriors
  [Civ 2] Babylonians (despotism): 0 cities, 3 units, 125g, 0 techs, researching Alphabet (0/10)
    Units: 1x Settlers, 1x Warriors, 1x Chariot
  [Civ 3] Germans (despotism): 1 cities, 2 units, 55g, 2 techs, researching Bronze Working (5/18)
    Berlin: size=1, prod=none, bldgs=Palace
    Units: 2x Warriors
  [Civ 4] Egyptians (despotism): 1 cities, 4 units, 77g, 2 techs, researching Code of Laws (16/18)
    Thebes: size=2, prod=none, bldgs=Palace
    Units: 3x Warriors, 1x Archers
  [Civ 1] Romans turn: 3 actions — CHANGE_PRODUCTION(1), MOVE_UNIT(2)
    CHANGE_PRODUCTION city=0
    COMBAT: Warriors vs Warriors → defWin (atkHp=undefined, defHp=undefined)
    >>> Egyptians discovered: Code of Laws
    >>> Thebes built undefined:undefined
    SET_RESEARCH tech=Map Making
    >>> Romans discovered: Warrior Code

══════════════════════════════════════════════════════════════════════
  TURN 24 — 3520 B.C. (18ms)
══════════════════════════════════════════════════════════════════════
  [Civ 1] Romans (despotism): 1 cities, 3 units, 70g, 2 techs, researching none (0/18)
    Rome: size=3, prod=none, bldgs=Palace
    Units: 3x Warriors
  [Civ 2] Babylonians (despotism): 0 cities, 3 units, 125g, 0 techs, researching Alphabet (0/10)
    Units: 1x Settlers, 1x Warriors, 1x Chariot
  [Civ 3] Germans (despotism): 1 cities, 1 units, 56g, 2 techs, researching Bronze Working (6/18)
    Berlin: size=1, prod=none, bldgs=Palace
    Units: 1x Warriors
  [Civ 4] Egyptians (despotism): 1 cities, 5 units, 79g, 3 techs, researching Map Making (0/24)
    Thebes: size=2, prod=none, bldgs=Palace
    Units: 4x Warriors, 1x Archers
  [Civ 1] Romans turn: 4 actions — SET_RESEARCH(1), MOVE_UNIT(3)
    SET_RESEARCH tech=Iron Working
    END_TURN REJECTED: 1 units still need orders
      #21 Horsemen(Atk) @(17,45) mv=6 ord=none hp=full
    END_TURN REJECTED: 1 units still need orders
      #20 Warriors(Atk) @(38,40) mv=2 ord=none hp=full

══════════════════════════════════════════════════════════════════════
  TURN 25 — 3500 B.C. (19ms)
══════════════════════════════════════════════════════════════════════
  [Civ 1] Romans (despotism): 1 cities, 3 units, 71g, 2 techs, researching Iron Working (1/18)
    Rome: size=3, prod=none, bldgs=Palace
    Units: 3x Warriors
  [Civ 2] Babylonians (despotism): 0 cities, 3 units, 125g, 0 techs, researching Alphabet (0/10)
    Units: 1x Settlers, 1x Warriors, 1x Chariot
  [Civ 3] Germans (despotism): 1 cities, 2 units, 57g, 2 techs, researching Bronze Working (7/18)
    Berlin: size=1, prod=none, bldgs=Palace
    Units: 1x Warriors, 1x Horsemen
  [Civ 4] Egyptians (despotism): 1 cities, 5 units, 81g, 3 techs, researching Map Making (2/24)
    Thebes: size=2, prod=none, bldgs=Palace
    Units: 4x Warriors, 1x Archers
  [Civ 1] Romans turn: 4 actions — CHANGE_PRODUCTION(1), MOVE_UNIT(3)
    CHANGE_PRODUCTION city=0
    >>> Berlin built undefined:undefined
    PROPOSE_TREATY treaty=peace target=civ4
    ADJUST_ATTITUDE target=civ4
    CHANGE_PRODUCTION city=2
    END_TURN REJECTED: 1 units still need orders
      #21 Horsemen(Atk) @(18,44) mv=3 ord=none hp=full

══════════════════════════════════════════════════════════════════════
  TURN 26 — 3480 B.C. (19ms)
══════════════════════════════════════════════════════════════════════
  [Civ 1] Romans (despotism): 1 cities, 3 units, 72g, 2 techs, researching Iron Working (2/18)
    Rome: size=3, prod=none, bldgs=Palace
    Units: 3x Warriors
  [Civ 2] Babylonians (despotism): 0 cities, 3 units, 125g, 0 techs, researching Alphabet (0/10)
    Units: 1x Settlers, 1x Warriors, 1x Chariot
  [Civ 3] Germans (despotism): 1 cities, 3 units, 58g, 2 techs, researching Bronze Working (8/18)
    Berlin: size=1, prod=none, bldgs=Palace
    Units: 2x Warriors, 1x Horsemen
  [Civ 4] Egyptians (despotism): 1 cities, 5 units, 83g, 3 techs, researching Map Making (4/24)
    Thebes: size=2, prod=none, bldgs=Palace
    Units: 4x Warriors, 1x Archers
  [Civ 1] Romans turn: 3 actions — MOVE_UNIT(3)
    END_TURN REJECTED: 1 units still need orders
      #8 Chariot(Atk) @(10,39) mv=3 ord=none hp=full
    END_TURN REJECTED: 1 units still need orders
      #21 Horsemen(Atk) @(18,43) mv=3 ord=none hp=full
    >>> Rome built undefined:undefined

══════════════════════════════════════════════════════════════════════
  TURN 27 — 3460 B.C. (17ms)
══════════════════════════════════════════════════════════════════════
  [Civ 1] Romans (despotism): 1 cities, 4 units, 73g, 2 techs, researching Iron Working (3/18)
    Rome: size=3, prod=none, bldgs=Palace
    Units: 4x Warriors
  [Civ 2] Babylonians (despotism): 0 cities, 3 units, 125g, 0 techs, researching Alphabet (0/10)
    Units: 1x Settlers, 1x Warriors, 1x Chariot
  [Civ 3] Germans (despotism): 1 cities, 3 units, 59g, 2 techs, researching Bronze Working (9/18)
    Berlin: size=1, prod=none, bldgs=Palace
    Units: 2x Warriors, 1x Horsemen
  [Civ 4] Egyptians (despotism): 1 cities, 5 units, 85g, 3 techs, researching Map Making (6/24)
    Thebes: size=2, prod=none, bldgs=Palace
    Units: 4x Warriors, 1x Archers
  [Civ 1] Romans turn: 4 actions — CHANGE_PRODUCTION(1), MOVE_UNIT(3)
    CHANGE_PRODUCTION city=0
    END_TURN REJECTED: 1 units still need orders
      #8 Chariot(Atk) @(10,37) mv=3 ord=none hp=full
    CHANGE_PRODUCTION city=2

══════════════════════════════════════════════════════════════════════
  TURN 28 — 3440 B.C. (102ms)
══════════════════════════════════════════════════════════════════════
  [Civ 1] Romans (despotism): 1 cities, 4 units, 74g, 2 techs, researching Iron Working (4/18)
    Rome: size=3, prod=none, bldgs=Palace
    Units: 4x Warriors
  [Civ 2] Babylonians (despotism): 0 cities, 3 units, 125g, 0 techs, researching Alphabet (0/10)
    Units: 1x Settlers, 1x Warriors, 1x Chariot
  [Civ 3] Germans (despotism): 1 cities, 3 units, 60g, 2 techs, researching Bronze Working (11/18)
    Berlin: size=2, prod=none, bldgs=Palace
    Units: 2x Warriors, 1x Horsemen
  [Civ 4] Egyptians (despotism): 1 cities, 5 units, 87g, 3 techs, researching Map Making (8/24)
    Thebes: size=2, prod=none, bldgs=Palace
    Units: 4x Warriors, 1x Archers
  [Civ 1] Romans turn: 4 actions — MOVE_UNIT(4)
    >>> Thebes built undefined:undefined

══════════════════════════════════════════════════════════════════════
  TURN 29 — 3420 B.C. (57ms)
══════════════════════════════════════════════════════════════════════
  [Civ 1] Romans (despotism): 1 cities, 4 units, 75g, 3 techs, researching Iron Working (5/24)
    Rome: size=3, prod=none, bldgs=Palace
    Units: 4x Warriors
  [Civ 2] Babylonians (despotism): 0 cities, 3 units, 125g, 0 techs, researching Alphabet (0/10)
    Units: 1x Settlers, 1x Warriors, 1x Chariot
  [Civ 3] Germans (despotism): 1 cities, 3 units, 61g, 2 techs, researching Bronze Working (13/18)
    Berlin: size=2, prod=none, bldgs=Palace
    Units: 2x Warriors, 1x Horsemen
  [Civ 4] Egyptians (despotism): 1 cities, 6 units, 89g, 3 techs, researching Map Making (10/24)
    Thebes: size=2, prod=none, bldgs=Palace
    Units: 5x Warriors, 1x Archers
  [Civ 1] Romans turn: 5 actions — CHANGE_PRODUCTION(1), MOVE_UNIT(3), UNIT_ORDER(1)
    CHANGE_PRODUCTION city=0
    >>> Berlin built undefined:undefined
    DEMAND_TRIBUTE target=civ2
    CHANGE_PRODUCTION city=2

══════════════════════════════════════════════════════════════════════
  TURN 30 — 3400 B.C. (83ms)
══════════════════════════════════════════════════════════════════════
  [Civ 1] Romans (despotism): 1 cities, 4 units, 76g, 3 techs, researching Iron Working (6/24)
    Rome: size=3, prod=none, bldgs=Palace
    Units: 4x Warriors
  [Civ 2] Babylonians (despotism): 0 cities, 3 units, 125g, 0 techs, researching Alphabet (0/10)
    Units: 1x Settlers, 1x Warriors, 1x Chariot
  [Civ 3] Germans (despotism): 1 cities, 4 units, 62g, 2 techs, researching Bronze Working (15/18)
    Berlin: size=2, prod=none, bldgs=Palace
    Units: 3x Warriors, 1x Horsemen
  [Civ 4] Egyptians (despotism): 1 cities, 6 units, 91g, 3 techs, researching Map Making (13/24)
    Thebes: size=3, prod=none, bldgs=Palace
    Units: 5x Warriors, 1x Archers
  [Civ 1] Romans turn: 3 actions — MOVE_UNIT(3)
    END_TURN REJECTED: 1 units still need orders
      #21 Horsemen(Atk) @(20,38) mv=3 ord=none hp=full

══════════════════════════════════════════════════════════════════════
  TURN 31 — 3380 B.C. (89ms)
══════════════════════════════════════════════════════════════════════
  [Civ 1] Romans (despotism): 1 cities, 4 units, 77g, 3 techs, researching Iron Working (7/24)
    Rome: size=3, prod=none, bldgs=Palace
    Units: 4x Warriors
  [Civ 2] Babylonians (despotism): 0 cities, 3 units, 125g, 0 techs, researching Alphabet (0/10)
    Units: 1x Settlers, 1x Warriors, 1x Chariot
  [Civ 3] Germans (despotism): 1 cities, 4 units, 63g, 2 techs, researching Bronze Working (17/18)
    Berlin: size=2, prod=none, bldgs=Palace
    Units: 3x Warriors, 1x Horsemen
  [Civ 4] Egyptians (despotism): 1 cities, 6 units, 93g, 3 techs, researching Map Making (16/24)
    Thebes: size=3, prod=none, bldgs=Palace
    Units: 5x Warriors, 1x Archers
  [Civ 1] Romans turn: 3 actions — MOVE_UNIT(3)
    END_TURN REJECTED: 1 units still need orders
      #26 Archers(Atk) @(12,12) mv=3 ord=none hp=full
    >>> Germans discovered: Bronze Working
    SET_RESEARCH tech=Map Making
    CHANGE_PRODUCTION city=2
    >>> Rome built undefined:undefined

══════════════════════════════════════════════════════════════════════
  TURN 32 — 3360 B.C. (84ms)
══════════════════════════════════════════════════════════════════════
  [Civ 1] Romans (despotism): 1 cities, 6 units, 78g, 3 techs, researching Iron Working (8/24)
    Rome: size=3, prod=none, bldgs=Palace
    Units: 5x Warriors, 1x Archers
  [Civ 2] Babylonians (despotism): 0 cities, 3 units, 125g, 0 techs, researching Alphabet (0/10)
    Units: 1x Settlers, 1x Warriors, 1x Chariot
  [Civ 3] Germans (despotism): 1 cities, 4 units, 64g, 3 techs, researching Map Making (0/24)
    Berlin: size=2, prod=none, bldgs=Palace
    Units: 3x Warriors, 1x Horsemen
  [Civ 4] Egyptians (despotism): 1 cities, 6 units, 95g, 3 techs, researching Map Making (19/24)
    Thebes: size=3, prod=none, bldgs=Palace
    Units: 5x Warriors, 1x Archers
  [Civ 1] Romans turn: 5 actions — CHANGE_PRODUCTION(1), MOVE_UNIT(4)
    CHANGE_PRODUCTION city=0
    >>> Thebes built undefined:undefined
    CHANGE_PRODUCTION city=1

══════════════════════════════════════════════════════════════════════
  TURN 33 — 3340 B.C. (54ms)
══════════════════════════════════════════════════════════════════════
  [Civ 1] Romans (despotism): 1 cities, 6 units, 79g, 3 techs, researching Iron Working (9/24)
    Rome: size=3, prod=none, bldgs=Palace
    Units: 5x Warriors, 1x Archers
  [Civ 2] Babylonians (despotism): 0 cities, 3 units, 125g, 0 techs, researching Alphabet (0/10)
    Units: 1x Settlers, 1x Warriors, 1x Chariot
  [Civ 3] Germans (despotism): 1 cities, 4 units, 65g, 3 techs, researching Map Making (2/24)
    Berlin: size=2, prod=none, bldgs=Palace
    Units: 3x Warriors, 1x Horsemen
  [Civ 4] Egyptians (despotism): 1 cities, 7 units, 97g, 3 techs, researching Map Making (22/24)
    Thebes: size=3, prod=none, bldgs=Palace
    Units: 6x Warriors, 1x Archers
  [Civ 1] Romans turn: 5 actions — MOVE_UNIT(5)
    >>> Berlin built undefined:undefined
    PROPOSE_TREATY treaty=peace target=civ4
    ADJUST_ATTITUDE target=civ4
    CHANGE_PRODUCTION city=2
    END_TURN REJECTED: 1 units still need orders
      #21 Horsemen(Atk) @(22,36) mv=3 ord=none hp=full
    SET_RESEARCH tech=Ceremonial Burial

══════════════════════════════════════════════════════════════════════
  TURN 34 — 3320 B.C. (44ms)
══════════════════════════════════════════════════════════════════════
  [Civ 1] Romans (despotism): 1 cities, 6 units, 80g, 3 techs, researching Iron Working (10/24)
    Rome: size=3, prod=none, bldgs=Palace
    Units: 5x Warriors, 1x Archers
  [Civ 2] Babylonians (despotism): 0 cities, 3 units, 125g, 0 techs, researching Alphabet (0/10)
    Units: 1x Settlers, 1x Warriors, 1x Chariot
  [Civ 3] Germans (despotism): 1 cities, 5 units, 66g, 3 techs, researching Map Making (4/24)
    Berlin: size=2, prod=none, bldgs=Palace
    Units: 4x Warriors, 1x Horsemen
  [Civ 4] Egyptians (despotism): 1 cities, 7 units, 99g, 4 techs, researching Ceremonial Burial (0/28)
    Thebes: size=3, prod=none, bldgs=Palace
    Units: 6x Warriors, 1x Archers
  [Civ 1] Romans turn: 6 actions — CHANGE_PRODUCTION(1), MOVE_UNIT(5)
    CHANGE_PRODUCTION city=0
    END_TURN REJECTED: 1 units still need orders
      #21 Horsemen(Atk) @(23,36) mv=3 ord=none hp=full
    CHANGE_PRODUCTION city=1

══════════════════════════════════════════════════════════════════════
  TURN 35 — 3300 B.C. (48ms)
══════════════════════════════════════════════════════════════════════
  [Civ 1] Romans (despotism): 1 cities, 6 units, 81g, 3 techs, researching Iron Working (11/24)
    Rome: size=4, prod=none, bldgs=Palace
    Units: 5x Warriors, 1x Archers
  [Civ 2] Babylonians (despotism): 0 cities, 3 units, 125g, 0 techs, researching Alphabet (0/10)
    Units: 1x Settlers, 1x Warriors, 1x Chariot
  [Civ 3] Germans (despotism): 1 cities, 5 units, 67g, 3 techs, researching Map Making (6/24)
    Berlin: size=2, prod=none, bldgs=Palace
    Units: 4x Warriors, 1x Horsemen
  [Civ 4] Egyptians (despotism): 1 cities, 7 units, 101g, 4 techs, researching Ceremonial Burial (3/28)
    Thebes: size=3, prod=none, bldgs=Palace
    Units: 6x Warriors, 1x Archers
  [Civ 1] Romans turn: 6 actions — DEMAND_TRIBUTE(1), MOVE_UNIT(5)
    DEMAND_TRIBUTE target=civ2
    CHANGE_PRODUCTION city=2
    RUSH_BUY city=1

══════════════════════════════════════════════════════════════════════
  TURN 36 — 3280 B.C. (38ms)
══════════════════════════════════════════════════════════════════════
  [Civ 1] Romans (despotism): 1 cities, 6 units, 119g, 3 techs, researching Iron Working (12/24)
    Rome: size=4, prod=none, bldgs=Palace
    Units: 5x Warriors, 1x Archers
  [Civ 2] Babylonians (despotism): 0 cities, 3 units, 88g, 0 techs, researching Alphabet (0/10)
    Units: 1x Settlers, 1x Warriors, 1x Chariot
  [Civ 3] Germans (despotism): 1 cities, 5 units, 68g, 3 techs, researching Map Making (8/24)
    Berlin: size=2, prod=none, bldgs=Palace
    Units: 4x Warriors, 1x Horsemen
  [Civ 4] Egyptians (despotism): 1 cities, 7 units, 95g, 4 techs, researching Ceremonial Burial (6/28)
    Thebes: size=3, prod=none, bldgs=Palace
    Units: 6x Warriors, 1x Archers
  [Civ 1] Romans turn: 6 actions — RUSH_BUY(1), MOVE_UNIT(5)
    RUSH_BUY city=0
    >>> Thebes built undefined:undefined
    >>> Rome built undefined:undefined

══════════════════════════════════════════════════════════════════════
  TURN 37 — 3260 B.C. (49ms)
══════════════════════════════════════════════════════════════════════
  [Civ 1] Romans (despotism): 1 cities, 7 units, 114g, 3 techs, researching Iron Working (13/24)
    Rome: size=4, prod=none, bldgs=Palace
    Units: 6x Warriors, 1x Archers
  [Civ 2] Babylonians (despotism): 0 cities, 3 units, 88g, 0 techs, researching Alphabet (0/10)
    Units: 1x Settlers, 1x Warriors, 1x Chariot
  [Civ 3] Germans (despotism): 1 cities, 5 units, 69g, 3 techs, researching Map Making (10/24)
    Berlin: size=2, prod=none, bldgs=Palace
    Units: 4x Warriors, 1x Horsemen
  [Civ 4] Egyptians (despotism): 1 cities, 8 units, 97g, 4 techs, researching Ceremonial Burial (9/28)
    Thebes: size=3, prod=none, bldgs=Palace
    Units: 7x Warriors, 1x Archers
  [Civ 1] Romans turn: 6 actions — CHANGE_PRODUCTION(1), MOVE_UNIT(5)
    CHANGE_PRODUCTION city=0
    PROPOSE_TREATY treaty=peace target=civ4
    ADJUST_ATTITUDE target=civ4

══════════════════════════════════════════════════════════════════════
  TURN 38 — 3240 B.C. (60ms)
══════════════════════════════════════════════════════════════════════
  [Civ 1] Romans (despotism): 1 cities, 7 units, 115g, 3 techs, researching Iron Working (14/24)
    Rome: size=4, prod=none, bldgs=Palace
    Units: 6x Warriors, 1x Archers
  [Civ 2] Babylonians (despotism): 0 cities, 3 units, 88g, 0 techs, researching Alphabet (0/10)
    Units: 1x Settlers, 1x Warriors, 1x Chariot
  [Civ 3] Germans (despotism): 1 cities, 5 units, 70g, 3 techs, researching Map Making (12/24)
    Berlin: size=2, prod=none, bldgs=Palace
    Units: 4x Warriors, 1x Horsemen
  [Civ 4] Egyptians (despotism): 1 cities, 8 units, 99g, 4 techs, researching Ceremonial Burial (12/28)
    Thebes: size=3, prod=none, bldgs=Palace
    Units: 7x Warriors, 1x Archers
  [Civ 1] Romans turn: 6 actions — MOVE_UNIT(6)
    >>> Berlin built undefined:undefined
    CHANGE_PRODUCTION city=2
    END_TURN REJECTED: 1 units still need orders
      #21 Horsemen(Atk) @(25,35) mv=3 ord=none hp=full
    RUSH_BUY city=1

══════════════════════════════════════════════════════════════════════
  TURN 39 — 3220 B.C. (46ms)
══════════════════════════════════════════════════════════════════════
  [Civ 1] Romans (despotism): 1 cities, 7 units, 116g, 3 techs, researching Iron Working (15/24)
    Rome: size=4, prod=none, bldgs=Palace
    Units: 6x Warriors, 1x Archers
  [Civ 2] Babylonians (despotism): 0 cities, 3 units, 88g, 0 techs, researching Alphabet (0/10)
    Units: 1x Settlers, 1x Warriors, 1x Chariot
  [Civ 3] Germans (despotism): 1 cities, 6 units, 71g, 3 techs, researching Map Making (14/24)
    Berlin: size=2, prod=none, bldgs=Palace
    Units: 5x Warriors, 1x Horsemen
  [Civ 4] Egyptians (despotism): 1 cities, 8 units, 82g, 4 techs, researching Ceremonial Burial (15/28)
    Thebes: size=3, prod=none, bldgs=Palace
    Units: 7x Warriors, 1x Archers
  [Civ 1] Romans turn: 7 actions — CHANGE_PRODUCTION(1), MOVE_UNIT(6)
    CHANGE_PRODUCTION city=0
    END_TURN REJECTED: 1 units still need orders
      #21 Horsemen(Atk) @(26,35) mv=3 ord=none hp=full

══════════════════════════════════════════════════════════════════════
  TURN 40 — 3200 B.C. (42ms)
══════════════════════════════════════════════════════════════════════
  [Civ 1] Romans (despotism): 1 cities, 7 units, 117g, 3 techs, researching Iron Working (16/24)
    Rome: size=4, prod=none, bldgs=Palace
    Units: 6x Warriors, 1x Archers
  [Civ 2] Babylonians (despotism): 0 cities, 3 units, 88g, 0 techs, researching Alphabet (0/10)
    Units: 1x Settlers, 1x Warriors, 1x Chariot
  [Civ 3] Germans (despotism): 1 cities, 6 units, 72g, 3 techs, researching Map Making (16/24)
    Berlin: size=2, prod=none, bldgs=Palace
    Units: 5x Warriors, 1x Horsemen
  [Civ 4] Egyptians (despotism): 1 cities, 9 units, 84g, 4 techs, researching Ceremonial Burial (18/28)
    Thebes: size=3, prod=none, bldgs=Palace
    Units: 8x Warriors, 1x Archers
  [Civ 1] Romans turn: 7 actions — RUSH_BUY(1), MOVE_UNIT(6)
    RUSH_BUY city=0
    CHANGE_PRODUCTION city=2
    END_TURN REJECTED: 1 units still need orders
      #21 Horsemen(Atk) @(26,33) mv=3 ord=none hp=full
    >>> Rome built undefined:undefined

══════════════════════════════════════════════════════════════════════
  TURN 41 — 3180 B.C. (48ms)
══════════════════════════════════════════════════════════════════════
  [Civ 1] Romans (despotism): 1 cities, 8 units, 116g, 3 techs, researching Iron Working (17/24)
    Rome: size=4, prod=none, bldgs=Palace
    Units: 7x Warriors, 1x Archers
  [Civ 2] Babylonians (despotism): 0 cities, 3 units, 88g, 0 techs, researching Alphabet (0/10)
    Units: 1x Settlers, 1x Warriors, 1x Chariot
  [Civ 3] Germans (despotism): 1 cities, 6 units, 73g, 3 techs, researching Map Making (18/24)
    Berlin: size=2, prod=none, bldgs=Palace
    Units: 5x Warriors, 1x Horsemen
  [Civ 4] Egyptians (despotism): 1 cities, 9 units, 86g, 4 techs, researching Ceremonial Burial (21/28)
    Thebes: size=3, prod=none, bldgs=Palace
    Units: 8x Warriors, 1x Archers
  [Civ 1] Romans turn: 7 actions — CHANGE_PRODUCTION(1), MOVE_UNIT(6)
    CHANGE_PRODUCTION city=0
    PROPOSE_TREATY treaty=peace target=civ4
    ADJUST_ATTITUDE target=civ4
    END_TURN REJECTED: 1 units still need orders
      #21 Horsemen(Atk) @(26,31) mv=3 ord=none hp=full

══════════════════════════════════════════════════════════════════════
  TURN 42 — 3160 B.C. (59ms)
══════════════════════════════════════════════════════════════════════
  [Civ 1] Romans (despotism): 1 cities, 8 units, 117g, 3 techs, researching Iron Working (18/24)
    Rome: size=4, prod=none, bldgs=Palace
    Units: 7x Warriors, 1x Archers
  [Civ 2] Babylonians (despotism): 0 cities, 3 units, 88g, 0 techs, researching Alphabet (0/10)
    Units: 1x Settlers, 1x Warriors, 1x Chariot
  [Civ 3] Germans (despotism): 1 cities, 6 units, 74g, 3 techs, researching Map Making (20/24)
    Berlin: size=2, prod=none, bldgs=Palace
    Units: 5x Warriors, 1x Horsemen
  [Civ 4] Egyptians (despotism): 1 cities, 9 units, 88g, 4 techs, researching Ceremonial Burial (24/28)
    Thebes: size=3, prod=none, bldgs=Palace
    Units: 8x Warriors, 1x Archers
  [Civ 1] Romans turn: 7 actions — MOVE_UNIT(7)
    END_TURN REJECTED: 1 units still need orders
      #37 Archers(Atk) @(9,29) mv=3 ord=none hp=full
    END_TURN REJECTED: 1 units still need orders
      #21 Horsemen(Atk) @(27,31) mv=3 ord=none hp=full

══════════════════════════════════════════════════════════════════════
  TURN 43 — 3140 B.C. (45ms)
══════════════════════════════════════════════════════════════════════
  [Civ 1] Romans (despotism): 1 cities, 9 units, 118g, 3 techs, researching Iron Working (19/24)
    Rome: size=4, prod=none, bldgs=Palace
    Units: 7x Warriors, 2x Archers
  [Civ 2] Babylonians (despotism): 0 cities, 3 units, 88g, 0 techs, researching Alphabet (0/10)
    Units: 1x Settlers, 1x Warriors, 1x Chariot
  [Civ 3] Germans (despotism): 1 cities, 6 units, 76g, 3 techs, researching Map Making (22/24)
    Berlin: size=3, prod=none, bldgs=Palace
    Units: 5x Warriors, 1x Horsemen
  [Civ 4] Egyptians (despotism): 1 cities, 9 units, 90g, 4 techs, researching Ceremonial Burial (27/28)
    Thebes: size=3, prod=none, bldgs=Palace
    Units: 8x Warriors, 1x Archers
  [Civ 1] Romans turn: 9 actions — CHANGE_PRODUCTION(1), MOVE_UNIT(8)
    CHANGE_PRODUCTION city=0
    >>> Germans discovered: Map Making
    SET_RESEARCH tech=Ceremonial Burial
    END_TURN REJECTED: 1 units still need orders
      #21 Horsemen(Atk) @(27,33) mv=3 ord=none hp=full
    SET_RESEARCH tech=Pottery

══════════════════════════════════════════════════════════════════════
  TURN 44 — 3120 B.C. (59ms)
══════════════════════════════════════════════════════════════════════
  [Civ 1] Romans (despotism): 1 cities, 9 units, 119g, 3 techs, researching Iron Working (20/24)
    Rome: size=4, prod=none, bldgs=Palace
    Units: 7x Warriors, 2x Archers
  [Civ 2] Babylonians (despotism): 0 cities, 3 units, 88g, 0 techs, researching Alphabet (0/10)
    Units: 1x Settlers, 1x Warriors, 1x Chariot
  [Civ 3] Germans (despotism): 1 cities, 6 units, 78g, 4 techs, researching Ceremonial Burial (0/28)
    Berlin: size=3, prod=none, bldgs=Palace
    Units: 5x Warriors, 1x Horsemen
  [Civ 4] Egyptians (despotism): 1 cities, 9 units, 92g, 5 techs, researching Pottery (0/30)
    Thebes: size=3, prod=none, bldgs=Palace
    Units: 8x Warriors, 1x Archers
  [Civ 1] Romans turn: 9 actions — CHANGE_PRODUCTION(1), MOVE_UNIT(8)
    CHANGE_PRODUCTION city=0
    >>> Berlin built undefined:undefined
    CHANGE_PRODUCTION city=2
    END_TURN REJECTED: 1 units still need orders
      #21 Horsemen(Atk) @(28,34) mv=3 ord=none hp=full

══════════════════════════════════════════════════════════════════════
  TURN 45 — 3100 B.C. (81ms)
══════════════════════════════════════════════════════════════════════
  [Civ 1] Romans (despotism): 1 cities, 9 units, 120g, 3 techs, researching Iron Working (21/24)
    Rome: size=4, prod=none, bldgs=Palace
    Units: 7x Warriors, 2x Archers
  [Civ 2] Babylonians (despotism): 0 cities, 3 units, 88g, 0 techs, researching Alphabet (0/10)
    Units: 1x Settlers, 1x Warriors, 1x Chariot
  [Civ 3] Germans (despotism): 1 cities, 7 units, 80g, 4 techs, researching Ceremonial Burial (2/28)
    Berlin: size=3, prod=none, bldgs=Palace
    Units: 6x Warriors, 1x Horsemen
  [Civ 4] Egyptians (despotism): 1 cities, 9 units, 94g, 5 techs, researching Pottery (3/30)
    Thebes: size=3, prod=none, bldgs=Palace
    Units: 8x Warriors, 1x Archers
  [Civ 1] Romans turn: 9 actions — CHANGE_PRODUCTION(1), MOVE_UNIT(8)
    CHANGE_PRODUCTION city=0
    END_TURN REJECTED: 1 units still need orders
      #21 Horsemen(Atk) @(29,34) mv=3 ord=none hp=full
    >>> Rome built undefined:undefined

══════════════════════════════════════════════════════════════════════
  TURN 46 — 3080 B.C. (62ms)
══════════════════════════════════════════════════════════════════════
  [Civ 1] Romans (despotism): 1 cities, 10 units, 121g, 3 techs, researching Iron Working (22/24)
    Rome: size=4, prod=none, bldgs=Palace
    Units: 8x Warriors, 2x Archers
  [Civ 2] Babylonians (despotism): 0 cities, 3 units, 88g, 0 techs, researching Alphabet (0/10)
    Units: 1x Settlers, 1x Warriors, 1x Chariot
  [Civ 3] Germans (despotism): 1 cities, 7 units, 82g, 4 techs, researching Ceremonial Burial (4/28)
    Berlin: size=3, prod=none, bldgs=Palace
    Units: 6x Warriors, 1x Horsemen
  [Civ 4] Egyptians (despotism): 1 cities, 9 units, 96g, 5 techs, researching Pottery (6/30)
    Thebes: size=3, prod=none, bldgs=Palace
    Units: 8x Warriors, 1x Archers
  [Civ 1] Romans turn: 9 actions — CHANGE_PRODUCTION(1), MOVE_UNIT(8)
    CHANGE_PRODUCTION city=0
    CHANGE_PRODUCTION city=2
    END_TURN REJECTED: 2 units still need orders
      #21 Horsemen(Atk) @(30,34) mv=3 ord=none hp=full
      #38 Warriors(Atk) @(18,49) mv=2 ord=none hp=full

══════════════════════════════════════════════════════════════════════
  TURN 47 — 3060 B.C. (66ms)
══════════════════════════════════════════════════════════════════════
  [Civ 1] Romans (despotism): 1 cities, 10 units, 122g, 3 techs, researching Iron Working (23/24)
    Rome: size=4, prod=none, bldgs=Palace
    Units: 8x Warriors, 2x Archers
  [Civ 2] Babylonians (despotism): 0 cities, 3 units, 88g, 0 techs, researching Alphabet (0/10)
    Units: 1x Settlers, 1x Warriors, 1x Chariot
  [Civ 3] Germans (despotism): 1 cities, 7 units, 84g, 4 techs, researching Ceremonial Burial (6/28)
    Berlin: size=3, prod=none, bldgs=Palace
    Units: 6x Warriors, 1x Horsemen
  [Civ 4] Egyptians (despotism): 1 cities, 9 units, 98g, 5 techs, researching Pottery (9/30)
    Thebes: size=3, prod=none, bldgs=Palace
    Units: 8x Warriors, 1x Archers
  [Civ 1] Romans turn: 9 actions — MOVE_UNIT(9)
    >>> Romans discovered: Iron Working

══════════════════════════════════════════════════════════════════════
  TURN 48 — 3040 B.C. (57ms)
══════════════════════════════════════════════════════════════════════
  [Civ 1] Romans (despotism): 1 cities, 10 units, 123g, 4 techs, researching none (0/28)
    Rome: size=4, prod=none, bldgs=Palace
    Units: 8x Warriors, 2x Archers
  [Civ 2] Babylonians (despotism): 0 cities, 3 units, 88g, 0 techs, researching Alphabet (0/10)
    Units: 1x Settlers, 1x Warriors, 1x Chariot
  [Civ 3] Germans (despotism): 1 cities, 7 units, 86g, 4 techs, researching Ceremonial Burial (8/28)
    Berlin: size=3, prod=none, bldgs=Palace
    Units: 6x Warriors, 1x Horsemen
  [Civ 4] Egyptians (despotism): 1 cities, 9 units, 100g, 5 techs, researching Pottery (12/30)
    Thebes: size=3, prod=none, bldgs=Palace
    Units: 8x Warriors, 1x Archers
  [Civ 1] Romans turn: 11 actions — SET_RESEARCH(1), CHANGE_PRODUCTION(1), MOVE_UNIT(9)
    SET_RESEARCH tech=Writing
    CHANGE_PRODUCTION city=0

══════════════════════════════════════════════════════════════════════
  TURN 49 — 3020 B.C. (49ms)
══════════════════════════════════════════════════════════════════════
  [Civ 1] Romans (despotism): 1 cities, 10 units, 124g, 4 techs, researching Writing (1/28)
    Rome: size=4, prod=none, bldgs=Palace
    Units: 8x Warriors, 2x Archers
  [Civ 2] Babylonians (despotism): 0 cities, 3 units, 88g, 0 techs, researching Alphabet (0/10)
    Units: 1x Settlers, 1x Warriors, 1x Chariot
  [Civ 3] Germans (despotism): 1 cities, 7 units, 88g, 4 techs, researching Ceremonial Burial (10/28)
    Berlin: size=3, prod=none, bldgs=Palace
    Units: 6x Warriors, 1x Horsemen
  [Civ 4] Egyptians (despotism): 1 cities, 9 units, 102g, 5 techs, researching Pottery (15/30)
    Thebes: size=3, prod=none, bldgs=Palace
    Units: 8x Warriors, 1x Archers
  [Civ 1] Romans turn: 10 actions — RUSH_BUY(1), MOVE_UNIT(9)
    RUSH_BUY city=0
    >>> Berlin built undefined:undefined
    CHANGE_PRODUCTION city=2
    >>> Rome built undefined:undefined

══════════════════════════════════════════════════════════════════════
  FINAL SUMMARY
══════════════════════════════════════════════════════════════════════
Game ended at turn 50 (3000 B.C.)

── Civ 1: Romans (despotism) ALIVE ──
  Cities: 1 (peak 1, founded 1)
  Units:  11 (peak 10)
  Treasury: 109g
  Techs discovered: 2 — Warrior Code, Iron Working
  Actions: 201 total, 3 idle turns
  Breakdown: MOVE_UNIT(173), CHANGE_PRODUCTION(14), SET_RESEARCH(4), RUSH_BUY(3), UNIT_ORDER(2), CHANGE_RATES(1), BUILD_CITY(1), PROPOSE_TREATY(1), ADJUST_ATTITUDE(1), DEMAND_TRIBUTE(1)
  Army: 9x Warriors, 2x Archers
  Rome: size=4, shields=0

── Civ 2: Babylonians (despotism) ALIVE ──
  Cities: 0 (peak 0, founded 0)
  Units:  3 (peak 3)
  Treasury: 88g
  Techs discovered: 0 — none
  Actions: 87 total, 0 idle turns
  Breakdown: MOVE_UNIT(80), UNIT_ORDER(2), RESPOND_DEMAND(2), SET_RESEARCH(1), CHANGE_RATES(1), RESPOND_TREATY(1)
  Army: 1x Settlers, 1x Warriors, 1x Chariot

── Civ 3: Germans (despotism) ALIVE ──
  Cities: 1 (peak 1, founded 1)
  Units:  8 (peak 7)
  Treasury: 90g
  Techs discovered: 2 — Bronze Working, Map Making
  Actions: 189 total, 3 idle turns
  Breakdown: MOVE_UNIT(160), CHANGE_PRODUCTION(11), SET_RESEARCH(4), PROPOSE_TREATY(4), ADJUST_ATTITUDE(4), UNIT_ORDER(3), CHANGE_RATES(1), BUILD_CITY(1), DEMAND_TRIBUTE(1)
  Army: 7x Warriors, 1x Horsemen
  Berlin: size=3, shields=0

── Civ 4: Egyptians (despotism) ALIVE ──
  Cities: 1 (peak 1, founded 1)
  Units:  9 (peak 9)
  Treasury: 104g
  Techs discovered: 3 — Masonry, Alphabet, Code of Laws
  Actions: 271 total, 0 idle turns
  Breakdown: MOVE_UNIT(255), SET_RESEARCH(6), RESPOND_TREATY(4), CHANGE_PRODUCTION(2), RUSH_BUY(2), CHANGE_RATES(1), BUILD_CITY(1)
  Army: 8x Warriors, 1x Archers
  Thebes: size=4, shields=0


══════════════════════════════════════════════════════════════════════
  AI BEHAVIOR ANALYSIS
══════════════════════════════════════════════════════════════════════
[Civ 1] Romans:
  WARNING: Only 1 city after 30+ turns
  WARNING: Low unit diversity
  WARNING: 1 units stuck (busy orders outside city)

[Civ 2] Babylonians:
  CRITICAL: Never founded a city
  WARNING: Never discovered a tech
  WARNING: Never changed production
  WARNING: 2 units stuck (busy orders outside city)

[Civ 3] Germans:
  WARNING: Only 1 city after 30+ turns
  WARNING: Low unit diversity

[Civ 4] Egyptians:
  WARNING: Only 1 city after 30+ turns
  WARNING: Low unit diversity

