Charlization AI Headless Simulation
Date: 2026-03-19T02:04:31.725Z
Settings: 50 turns, 4 AI players, 50x80 map, difficulty=prince
Map seed: 10415
Map generated in 96ms
Game initialized: 4 civs, 9 starting units
  Civ 1 (Romans): starts at (7,49) on Grassland
  Civ 2 (Babylonians): starts at (44,8) on Grassland
  Civ 3 (Germans): starts at (32,52) on Grassland
  Civ 4 (Egyptians): starts at (19,15) on Plains
    SET_RESEARCH tech=Map Making
    CHANGE_RATES sci=6 tax=4 lux=undefined
    BUILD_CITY unit=0 name="Rome"
    1 actions REJECTED (of 6)
    SET_RESEARCH tech=Alphabet
    CHANGE_RATES sci=6 tax=4 lux=undefined
    BUILD_CITY unit=2 name="Babylon"
    1 actions REJECTED (of 6)
    SET_RESEARCH tech=Iron Working
    CHANGE_RATES sci=6 tax=4 lux=undefined
    BUILD_CITY unit=4 name="Berlin"
    BUILD_CITY unit=8 name="Berlin"
    2 actions REJECTED (of 8)
    SET_RESEARCH tech=Alphabet
    CHANGE_RATES sci=6 tax=4 lux=undefined
    BUILD_CITY unit=6 name="Thebes"
    1 actions REJECTED (of 6)

══════════════════════════════════════════════════════════════════════
  TURN 1 — 4000 B.C. (40ms)
══════════════════════════════════════════════════════════════════════
  [Civ 1] Romans (despotism): 1 cities, 1 units, 1g, 3 techs, researching Map Making (3/28)
    Rome: size=1, prod=Warriors (2sh), bldgs=Palace
    Units: 1x Warriors
  [Civ 2] Babylonians (despotism): 1 cities, 1 units, 0g, 3 techs, researching Alphabet (0/28)
    Babylon: size=1, prod=Warriors (0sh), bldgs=Palace
    Units: 1x Warriors
  [Civ 3] Germans (despotism): 1 cities, 2 units, 0g, 3 techs, researching Iron Working (0/28)
    Berlin: size=1, prod=Warriors (0sh), bldgs=Palace
    Units: 1x Warriors, 1x Settlers
  [Civ 4] Egyptians (despotism): 1 cities, 1 units, 0g, 3 techs, researching Alphabet (0/28)
    Thebes: size=1, prod=Warriors (0sh), bldgs=Palace
    Units: 1x Warriors
  [Civ 1] Romans turn: 2 actions — MOVE_UNIT(1), UNIT_ORDER(1)
    CHANGE_PRODUCTION city=2

══════════════════════════════════════════════════════════════════════
  TURN 2 — 3980 B.C. (19ms)
══════════════════════════════════════════════════════════════════════
  [Civ 1] Romans (despotism): 1 cities, 1 units, 2g, 6 techs, researching Map Making (6/36)
    Rome: size=1, prod=Warriors (4sh), bldgs=Palace
    Units: 1x Warriors
  [Civ 2] Babylonians (despotism): 1 cities, 1 units, 1g, 4 techs, researching Alphabet (3/33)
    Babylon: size=1, prod=Warriors (2sh), bldgs=Palace
    Units: 1x Warriors
  [Civ 3] Germans (despotism): 1 cities, 2 units, 1g, 4 techs, researching Iron Working (3/33)
    Berlin: size=1, prod=Archers (1sh), bldgs=Palace
    Units: 1x Warriors, 1x Settlers
  [Civ 4] Egyptians (despotism): 1 cities, 1 units, 1g, 4 techs, researching Alphabet (2/33)
    Thebes: size=1, prod=Warriors (2sh), bldgs=Palace
    Units: 1x Warriors
  [Civ 1] Romans turn: 2 actions — MOVE_UNIT(1), UNIT_ORDER(1)

══════════════════════════════════════════════════════════════════════
  TURN 3 — 3960 B.C. (7ms)
══════════════════════════════════════════════════════════════════════
  [Civ 1] Romans (despotism): 1 cities, 1 units, 3g, 6 techs, researching Map Making (9/36)
    Rome: size=1, prod=Warriors (6sh), bldgs=Palace
    Units: 1x Warriors
  [Civ 2] Babylonians (despotism): 1 cities, 1 units, 2g, 4 techs, researching Alphabet (6/33)
    Babylon: size=1, prod=Warriors (4sh), bldgs=Palace
    Units: 1x Warriors
  [Civ 3] Germans (despotism): 1 cities, 2 units, 2g, 4 techs, researching Iron Working (6/33)
    Berlin: size=1, prod=Archers (3sh), bldgs=Palace
    Units: 1x Warriors, 1x Settlers
  [Civ 4] Egyptians (despotism): 1 cities, 1 units, 2g, 4 techs, researching Alphabet (4/33)
    Thebes: size=1, prod=Warriors (4sh), bldgs=Palace
    Units: 1x Warriors
  [Civ 1] Romans turn: 2 actions — MOVE_UNIT(1), UNIT_ORDER(1)
    END_TURN REJECTED: 1 units still need orders
      #9 Chariot(Atk) @(7,41) mv=6 ord=none hp=full

══════════════════════════════════════════════════════════════════════
  TURN 4 — 3940 B.C. (7ms)
══════════════════════════════════════════════════════════════════════
  [Civ 1] Romans (despotism): 1 cities, 2 units, 4g, 6 techs, researching Map Making (12/36)
    Rome: size=1, prod=Warriors (8sh), bldgs=Palace
    Units: 1x Warriors, 1x Chariot
  [Civ 2] Babylonians (despotism): 1 cities, 1 units, 3g, 4 techs, researching Alphabet (9/33)
    Babylon: size=1, prod=Warriors (6sh), bldgs=Palace
    Units: 1x Warriors
  [Civ 3] Germans (despotism): 1 cities, 2 units, 3g, 4 techs, researching Iron Working (9/33)
    Berlin: size=1, prod=Archers (5sh), bldgs=Palace
    Units: 1x Warriors, 1x Settlers
  [Civ 4] Egyptians (despotism): 1 cities, 1 units, 3g, 4 techs, researching Alphabet (6/33)
    Thebes: size=1, prod=Warriors (6sh), bldgs=Palace
    Units: 1x Warriors
  [Civ 1] Romans turn: 4 actions — MOVE_UNIT(2), UNIT_ORDER(2)
    >>> Rome built Warriors

══════════════════════════════════════════════════════════════════════
  TURN 5 — 3920 B.C. (10ms)
══════════════════════════════════════════════════════════════════════
  [Civ 1] Romans (despotism): 1 cities, 3 units, 5g, 6 techs, researching Map Making (15/36)
    Rome: size=1, prod=Warriors (0sh), bldgs=Palace
    Units: 2x Warriors, 1x Chariot
  [Civ 2] Babylonians (despotism): 1 cities, 1 units, 4g, 4 techs, researching Alphabet (12/33)
    Babylon: size=1, prod=Warriors (8sh), bldgs=Palace
    Units: 1x Warriors
  [Civ 3] Germans (despotism): 1 cities, 2 units, 4g, 4 techs, researching Iron Working (12/33)
    Berlin: size=1, prod=Archers (7sh), bldgs=Palace
    Units: 1x Warriors, 1x Settlers
  [Civ 4] Egyptians (despotism): 1 cities, 1 units, 4g, 4 techs, researching Alphabet (8/33)
    Thebes: size=1, prod=Warriors (8sh), bldgs=Palace
    Units: 1x Warriors
  [Civ 1] Romans turn: 5 actions — CHANGE_PRODUCTION(1), MOVE_UNIT(2), UNIT_ORDER(2)
    CHANGE_PRODUCTION city=0
    >>> Babylon built Warriors
    CHANGE_PRODUCTION city=1
    >>> Thebes built Warriors
    CHANGE_PRODUCTION city=3

══════════════════════════════════════════════════════════════════════
  TURN 6 — 3900 B.C. (8ms)
══════════════════════════════════════════════════════════════════════
  [Civ 1] Romans (despotism): 1 cities, 3 units, 6g, 6 techs, researching Map Making (18/36)
    Rome: size=1, prod=Archers (2sh), bldgs=Palace
    Units: 2x Warriors, 1x Chariot
  [Civ 2] Babylonians (despotism): 1 cities, 2 units, 5g, 4 techs, researching Alphabet (15/33)
    Babylon: size=1, prod=Archers (0sh), bldgs=Palace
    Units: 2x Warriors
  [Civ 3] Germans (despotism): 1 cities, 2 units, 5g, 4 techs, researching Iron Working (15/33)
    Berlin: size=1, prod=Archers (9sh), bldgs=Palace
    Units: 1x Warriors, 1x Settlers
  [Civ 4] Egyptians (despotism): 1 cities, 2 units, 5g, 4 techs, researching Alphabet (10/33)
    Thebes: size=1, prod=Archers (0sh), bldgs=Palace
    Units: 2x Warriors
  [Civ 1] Romans turn: 6 actions — MOVE_UNIT(2), UNIT_ORDER(4)

══════════════════════════════════════════════════════════════════════
  TURN 7 — 3880 B.C. (8ms)
══════════════════════════════════════════════════════════════════════
  [Civ 1] Romans (despotism): 1 cities, 3 units, 7g, 6 techs, researching Map Making (21/36)
    Rome: size=1, prod=Archers (4sh), bldgs=Palace
    Units: 2x Warriors, 1x Chariot
  [Civ 2] Babylonians (despotism): 1 cities, 2 units, 6g, 4 techs, researching Alphabet (18/33)
    Babylon: size=1, prod=Archers (2sh), bldgs=Palace
    Units: 2x Warriors
  [Civ 3] Germans (despotism): 1 cities, 2 units, 6g, 4 techs, researching Iron Working (18/33)
    Berlin: size=1, prod=Archers (11sh), bldgs=Palace
    Units: 1x Warriors, 1x Settlers
  [Civ 4] Egyptians (despotism): 1 cities, 2 units, 6g, 4 techs, researching Alphabet (12/33)
    Thebes: size=1, prod=Archers (2sh), bldgs=Palace
    Units: 2x Warriors
  [Civ 1] Romans turn: 4 actions — MOVE_UNIT(2), UNIT_ORDER(2)

══════════════════════════════════════════════════════════════════════
  TURN 8 — 3860 B.C. (8ms)
══════════════════════════════════════════════════════════════════════
  [Civ 1] Romans (despotism): 1 cities, 3 units, 8g, 6 techs, researching Map Making (24/36)
    Rome: size=1, prod=Archers (6sh), bldgs=Palace
    Units: 2x Warriors, 1x Chariot
  [Civ 2] Babylonians (despotism): 1 cities, 2 units, 7g, 4 techs, researching Alphabet (21/33)
    Babylon: size=1, prod=Archers (4sh), bldgs=Palace
    Units: 2x Warriors
  [Civ 3] Germans (despotism): 1 cities, 2 units, 7g, 4 techs, researching Iron Working (21/33)
    Berlin: size=1, prod=Archers (13sh), bldgs=Palace
    Units: 1x Warriors, 1x Settlers
  [Civ 4] Egyptians (despotism): 1 cities, 2 units, 7g, 4 techs, researching Alphabet (14/33)
    Thebes: size=1, prod=Archers (4sh), bldgs=Palace
    Units: 2x Warriors
  [Civ 1] Romans turn: 4 actions — MOVE_UNIT(2), UNIT_ORDER(2)

══════════════════════════════════════════════════════════════════════
  TURN 9 — 3840 B.C. (8ms)
══════════════════════════════════════════════════════════════════════
  [Civ 1] Romans (despotism): 1 cities, 3 units, 9g, 6 techs, researching Map Making (27/36)
    Rome: size=1, prod=Archers (8sh), bldgs=Palace
    Units: 2x Warriors, 1x Chariot
  [Civ 2] Babylonians (despotism): 1 cities, 2 units, 8g, 4 techs, researching Alphabet (24/33)
    Babylon: size=1, prod=Archers (6sh), bldgs=Palace
    Units: 2x Warriors
  [Civ 3] Germans (despotism): 1 cities, 2 units, 8g, 4 techs, researching Iron Working (24/33)
    Berlin: size=1, prod=Archers (15sh), bldgs=Palace
    Units: 1x Warriors, 1x Settlers
  [Civ 4] Egyptians (despotism): 1 cities, 2 units, 8g, 5 techs, researching Alphabet (16/36)
    Thebes: size=1, prod=Archers (6sh), bldgs=Palace
    Units: 2x Warriors
  [Civ 1] Romans turn: 4 actions — MOVE_UNIT(2), UNIT_ORDER(2)
    >>> Rome grew to size 2

══════════════════════════════════════════════════════════════════════
  TURN 10 — 3820 B.C. (7ms)
══════════════════════════════════════════════════════════════════════
  [Civ 1] Romans (despotism): 1 cities, 3 units, 11g, 6 techs, researching Map Making (30/36)
    Rome: size=2, prod=Archers (10sh), bldgs=Palace
    Units: 2x Warriors, 1x Chariot
  [Civ 2] Babylonians (despotism): 1 cities, 2 units, 9g, 4 techs, researching Alphabet (27/33)
    Babylon: size=1, prod=Archers (8sh), bldgs=Palace
    Units: 2x Warriors
  [Civ 3] Germans (despotism): 1 cities, 2 units, 9g, 4 techs, researching Iron Working (27/33)
    Berlin: size=1, prod=Archers (17sh), bldgs=Palace
    Units: 1x Warriors, 1x Settlers
  [Civ 4] Egyptians (despotism): 1 cities, 2 units, 9g, 5 techs, researching Alphabet (18/36)
    Thebes: size=1, prod=Archers (8sh), bldgs=Palace
    Units: 2x Warriors
  [Civ 1] Romans turn: 4 actions — MOVE_UNIT(2), UNIT_ORDER(2)
    >>> Babylon grew to size 2
    >>> Berlin grew to size 2
    >>> Thebes grew to size 2

══════════════════════════════════════════════════════════════════════
  TURN 11 — 3800 B.C. (9ms)
══════════════════════════════════════════════════════════════════════
  [Civ 1] Romans (despotism): 1 cities, 3 units, 13g, 6 techs, researching Map Making (33/36)
    Rome: size=2, prod=Archers (13sh), bldgs=Palace
    Units: 2x Warriors, 1x Chariot
  [Civ 2] Babylonians (despotism): 1 cities, 2 units, 11g, 5 techs, researching Alphabet (30/36)
    Babylon: size=2, prod=Archers (10sh), bldgs=Palace
    Units: 2x Warriors
  [Civ 3] Germans (despotism): 1 cities, 2 units, 11g, 5 techs, researching Iron Working (30/36)
    Berlin: size=2, prod=Archers (19sh), bldgs=Palace
    Units: 1x Warriors, 1x Settlers
  [Civ 4] Egyptians (despotism): 1 cities, 2 units, 10g, 5 techs, researching Alphabet (21/36)
    Thebes: size=2, prod=Archers (10sh), bldgs=Palace
    Units: 2x Warriors
  [Civ 1] Romans turn: 4 actions — MOVE_UNIT(2), UNIT_ORDER(2)
    >>> Romans discovered: Map Making

══════════════════════════════════════════════════════════════════════
  TURN 12 — 3780 B.C. (12ms)
══════════════════════════════════════════════════════════════════════
  [Civ 1] Romans (despotism): 1 cities, 3 units, 13g, 7 techs, researching none (0/33)
    Rome: size=2, prod=Archers (16sh), bldgs=Palace
    Units: 2x Warriors, 1x Chariot
  [Civ 2] Babylonians (despotism): 1 cities, 2 units, 13g, 5 techs, researching Alphabet (33/36)
    Babylon: size=2, prod=Archers (13sh), bldgs=Palace
    Units: 2x Warriors
  [Civ 3] Germans (despotism): 1 cities, 2 units, 13g, 5 techs, researching Iron Working (33/36)
    Berlin: size=2, prod=Archers (22sh), bldgs=Palace
    Units: 1x Warriors, 1x Settlers
  [Civ 4] Egyptians (despotism): 1 cities, 2 units, 11g, 5 techs, researching Alphabet (24/36)
    Thebes: size=2, prod=Archers (13sh), bldgs=Palace
    Units: 2x Warriors
  [Civ 1] Romans turn: 5 actions — SET_RESEARCH(1), MOVE_UNIT(2), UNIT_ORDER(2)
    SET_RESEARCH tech=Iron Working
    >>> Babylonians discovered: Alphabet
    SET_RESEARCH tech=Code of Laws
    >>> Germans discovered: Iron Working
    SET_RESEARCH tech=Alphabet

══════════════════════════════════════════════════════════════════════
  TURN 13 — 3760 B.C. (8ms)
══════════════════════════════════════════════════════════════════════
  [Civ 1] Romans (despotism): 1 cities, 3 units, 15g, 7 techs, researching Iron Working (3/33)
    Rome: size=2, prod=Archers (19sh), bldgs=Palace
    Units: 2x Warriors, 1x Chariot
  [Civ 2] Babylonians (despotism): 1 cities, 2 units, 13g, 6 techs, researching Code of Laws (0/36)
    Babylon: size=2, prod=Archers (16sh), bldgs=Palace
    Units: 2x Warriors
  [Civ 3] Germans (despotism): 1 cities, 2 units, 13g, 6 techs, researching Alphabet (0/36)
    Berlin: size=2, prod=Archers (25sh), bldgs=Palace
    Units: 1x Warriors, 1x Settlers
  [Civ 4] Egyptians (despotism): 1 cities, 2 units, 12g, 5 techs, researching Alphabet (27/36)
    Thebes: size=2, prod=Archers (16sh), bldgs=Palace
    Units: 2x Warriors
  [Civ 1] Romans turn: 4 actions — MOVE_UNIT(2), UNIT_ORDER(2)
    SET_RESEARCH tech=Map Making
    SET_RESEARCH tech=Map Making

══════════════════════════════════════════════════════════════════════
  TURN 14 — 3740 B.C. (8ms)
══════════════════════════════════════════════════════════════════════
  [Civ 1] Romans (despotism): 1 cities, 3 units, 17g, 7 techs, researching Iron Working (6/33)
    Rome: size=2, prod=Archers (22sh), bldgs=Palace
    Units: 2x Warriors, 1x Chariot
  [Civ 2] Babylonians (despotism): 1 cities, 2 units, 15g, 6 techs, researching Code of Laws (3/36)
    Babylon: size=2, prod=Archers (19sh), bldgs=Palace
    Units: 2x Warriors
  [Civ 3] Germans (despotism): 1 cities, 2 units, 15g, 7 techs, researching Map Making (3/33)
    Berlin: size=2, prod=Archers (28sh), bldgs=Palace
    Units: 1x Warriors, 1x Settlers
  [Civ 4] Egyptians (despotism): 1 cities, 2 units, 13g, 6 techs, researching Map Making (30/36)
    Thebes: size=2, prod=Archers (19sh), bldgs=Palace
    Units: 2x Warriors
  [Civ 1] Romans turn: 4 actions — MOVE_UNIT(2), UNIT_ORDER(2)
    >>> Berlin built Archers
    CHANGE_PRODUCTION city=2

══════════════════════════════════════════════════════════════════════
  TURN 15 — 3720 B.C. (8ms)
══════════════════════════════════════════════════════════════════════
  [Civ 1] Romans (despotism): 1 cities, 3 units, 19g, 7 techs, researching Iron Working (9/33)
    Rome: size=2, prod=Archers (25sh), bldgs=Palace
    Units: 2x Warriors, 1x Chariot
  [Civ 2] Babylonians (despotism): 1 cities, 2 units, 17g, 6 techs, researching Code of Laws (6/36)
    Babylon: size=2, prod=Archers (22sh), bldgs=Palace
    Units: 2x Warriors
  [Civ 3] Germans (despotism): 1 cities, 3 units, 17g, 7 techs, researching Map Making (6/33)
    Berlin: size=2, prod=Legion (0sh), bldgs=Palace
    Units: 1x Warriors, 1x Settlers, 1x Archers
  [Civ 4] Egyptians (despotism): 1 cities, 2 units, 14g, 6 techs, researching Map Making (33/36)
    Thebes: size=2, prod=Archers (22sh), bldgs=Palace
    Units: 2x Warriors
  [Civ 1] Romans turn: 4 actions — MOVE_UNIT(2), UNIT_ORDER(2)
    >>> Egyptians discovered: Map Making
    SET_RESEARCH tech=Code of Laws

══════════════════════════════════════════════════════════════════════
  TURN 16 — 3700 B.C. (7ms)
══════════════════════════════════════════════════════════════════════
  [Civ 1] Romans (despotism): 1 cities, 3 units, 21g, 7 techs, researching Iron Working (12/33)
    Rome: size=2, prod=Archers (28sh), bldgs=Palace
    Units: 2x Warriors, 1x Chariot
  [Civ 2] Babylonians (despotism): 1 cities, 2 units, 19g, 6 techs, researching Code of Laws (9/36)
    Babylon: size=2, prod=Archers (25sh), bldgs=Palace
    Units: 2x Warriors
  [Civ 3] Germans (despotism): 1 cities, 3 units, 19g, 7 techs, researching Map Making (9/33)
    Berlin: size=2, prod=Legion (3sh), bldgs=Palace
    Units: 1x Warriors, 1x Settlers, 1x Archers
  [Civ 4] Egyptians (despotism): 1 cities, 2 units, 14g, 7 techs, researching Code of Laws (0/33)
    Thebes: size=2, prod=Archers (25sh), bldgs=Palace
    Units: 2x Warriors
  [Civ 1] Romans turn: 4 actions — MOVE_UNIT(2), UNIT_ORDER(2)
    >>> Rome built Archers

══════════════════════════════════════════════════════════════════════
  TURN 17 — 3680 B.C. (6ms)
══════════════════════════════════════════════════════════════════════
  [Civ 1] Romans (despotism): 1 cities, 4 units, 23g, 7 techs, researching Iron Working (15/33)
    Rome: size=2, prod=Archers (1sh), bldgs=Palace
    Units: 2x Warriors, 1x Chariot, 1x Archers
  [Civ 2] Babylonians (despotism): 1 cities, 2 units, 21g, 6 techs, researching Code of Laws (12/36)
    Babylon: size=2, prod=Archers (28sh), bldgs=Palace
    Units: 2x Warriors
  [Civ 3] Germans (despotism): 1 cities, 3 units, 21g, 7 techs, researching Map Making (12/33)
    Berlin: size=2, prod=Legion (6sh), bldgs=Palace
    Units: 1x Warriors, 1x Settlers, 1x Archers
  [Civ 4] Egyptians (despotism): 1 cities, 2 units, 15g, 7 techs, researching Code of Laws (3/33)
    Thebes: size=2, prod=Archers (28sh), bldgs=Palace
    Units: 2x Warriors
  [Civ 1] Romans turn: 5 actions — CHANGE_PRODUCTION(1), MOVE_UNIT(2), UNIT_ORDER(2)
    CHANGE_PRODUCTION city=0
    >>> Babylon built Archers
    CHANGE_PRODUCTION city=1
    SET_RESEARCH tech=Horseback Riding
    >>> Thebes built Archers
    CHANGE_PRODUCTION city=3

══════════════════════════════════════════════════════════════════════
  TURN 18 — 3660 B.C. (6ms)
══════════════════════════════════════════════════════════════════════
  [Civ 1] Romans (despotism): 1 cities, 4 units, 25g, 7 techs, researching Iron Working (18/33)
    Rome: size=2, prod=building:8 (3sh), bldgs=Palace
    Units: 2x Warriors, 1x Chariot, 1x Archers
  [Civ 2] Babylonians (despotism): 1 cities, 3 units, 23g, 7 techs, researching Code of Laws (15/33)
    Babylon: size=2, prod=Settlers (0sh), bldgs=Palace
    Units: 2x Warriors, 1x Archers
  [Civ 3] Germans (despotism): 1 cities, 3 units, 60g, 8 techs, researching Horseback Riding (15/28)
    Berlin: size=2, prod=Legion (9sh), bldgs=Palace
    Units: 1x Warriors, 1x Settlers, 1x Archers
  [Civ 4] Egyptians (despotism): 1 cities, 3 units, 16g, 7 techs, researching Code of Laws (6/33)
    Thebes: size=2, prod=building:8 (0sh), bldgs=Palace
    Units: 2x Warriors, 1x Archers
  [Civ 1] Romans turn: 6 actions — MOVE_UNIT(3), UNIT_ORDER(3)

══════════════════════════════════════════════════════════════════════
  TURN 19 — 3640 B.C. (7ms)
══════════════════════════════════════════════════════════════════════
  [Civ 1] Romans (despotism): 1 cities, 4 units, 27g, 7 techs, researching Iron Working (21/33)
    Rome: size=2, prod=building:8 (6sh), bldgs=Palace
    Units: 2x Warriors, 1x Chariot, 1x Archers
  [Civ 2] Babylonians (despotism): 1 cities, 3 units, 25g, 7 techs, researching Code of Laws (18/33)
    Babylon: size=2, prod=Settlers (3sh), bldgs=Palace
    Units: 2x Warriors, 1x Archers
  [Civ 3] Germans (despotism): 1 cities, 3 units, 62g, 8 techs, researching Horseback Riding (18/28)
    Berlin: size=2, prod=Legion (12sh), bldgs=Palace
    Units: 1x Warriors, 1x Settlers, 1x Archers
  [Civ 4] Egyptians (despotism): 1 cities, 3 units, 17g, 7 techs, researching Code of Laws (9/33)
    Thebes: size=2, prod=building:8 (3sh), bldgs=Palace
    Units: 2x Warriors, 1x Archers
  [Civ 1] Romans turn: 5 actions — MOVE_UNIT(3), UNIT_ORDER(2)

══════════════════════════════════════════════════════════════════════
  TURN 20 — 3620 B.C. (7ms)
══════════════════════════════════════════════════════════════════════
  [Civ 1] Romans (despotism): 1 cities, 4 units, 29g, 7 techs, researching Iron Working (24/33)
    Rome: size=2, prod=building:8 (9sh), bldgs=Palace
    Units: 2x Warriors, 1x Chariot, 1x Archers
  [Civ 2] Babylonians (despotism): 1 cities, 3 units, 27g, 7 techs, researching Code of Laws (21/33)
    Babylon: size=2, prod=Settlers (6sh), bldgs=Palace
    Units: 2x Warriors, 1x Archers
  [Civ 3] Germans (despotism): 1 cities, 3 units, 64g, 8 techs, researching Horseback Riding (21/28)
    Berlin: size=2, prod=Legion (15sh), bldgs=Palace
    Units: 1x Warriors, 1x Settlers, 1x Archers
  [Civ 4] Egyptians (despotism): 1 cities, 3 units, 18g, 7 techs, researching Code of Laws (12/33)
    Thebes: size=2, prod=building:8 (6sh), bldgs=Palace
    Units: 2x Warriors, 1x Archers
  [Civ 1] Romans turn: 6 actions — MOVE_UNIT(3), UNIT_ORDER(3)

══════════════════════════════════════════════════════════════════════
  TURN 21 — 3600 B.C. (9ms)
══════════════════════════════════════════════════════════════════════
  [Civ 1] Romans (despotism): 1 cities, 4 units, 31g, 7 techs, researching Iron Working (27/33)
    Rome: size=2, prod=building:8 (12sh), bldgs=Palace
    Units: 2x Warriors, 1x Chariot, 1x Archers
  [Civ 2] Babylonians (despotism): 1 cities, 3 units, 29g, 7 techs, researching Code of Laws (24/33)
    Babylon: size=2, prod=Settlers (9sh), bldgs=Palace
    Units: 2x Warriors, 1x Archers
  [Civ 3] Germans (despotism): 1 cities, 3 units, 66g, 8 techs, researching Horseback Riding (24/28)
    Berlin: size=2, prod=Legion (18sh), bldgs=Palace
    Units: 1x Warriors, 1x Settlers, 1x Archers
  [Civ 4] Egyptians (despotism): 1 cities, 3 units, 19g, 7 techs, researching Code of Laws (15/33)
    Thebes: size=2, prod=building:8 (9sh), bldgs=Palace
    Units: 2x Warriors, 1x Archers
  [Civ 1] Romans turn: 6 actions — MOVE_UNIT(3), UNIT_ORDER(3)

══════════════════════════════════════════════════════════════════════
  TURN 22 — 3580 B.C. (6ms)
══════════════════════════════════════════════════════════════════════
  [Civ 1] Romans (despotism): 1 cities, 4 units, 33g, 7 techs, researching Iron Working (30/33)
    Rome: size=2, prod=building:8 (15sh), bldgs=Palace
    Units: 2x Warriors, 1x Chariot, 1x Archers
  [Civ 2] Babylonians (despotism): 1 cities, 3 units, 31g, 7 techs, researching Code of Laws (27/33)
    Babylon: size=2, prod=Settlers (12sh), bldgs=Palace
    Units: 2x Warriors, 1x Archers
  [Civ 3] Germans (despotism): 1 cities, 3 units, 114g, 8 techs, researching Horseback Riding (27/28)
    Berlin: size=2, prod=Legion (21sh), bldgs=Palace
    Units: 1x Warriors, 1x Settlers, 1x Archers
  [Civ 4] Egyptians (despotism): 1 cities, 3 units, 20g, 7 techs, researching Code of Laws (18/33)
    Thebes: size=2, prod=building:8 (12sh), bldgs=Palace
    Units: 2x Warriors, 1x Archers
  [Civ 1] Romans turn: 6 actions — MOVE_UNIT(3), UNIT_ORDER(3)
    >>> Germans discovered: Horseback Riding
    SET_RESEARCH tech=Mysticism
    >>> Romans discovered: Iron Working

══════════════════════════════════════════════════════════════════════
  TURN 23 — 3560 B.C. (8ms)
══════════════════════════════════════════════════════════════════════
  [Civ 1] Romans (despotism): 1 cities, 4 units, 33g, 8 techs, researching none (0/28)
    Rome: size=2, prod=building:8 (18sh), bldgs=Palace
    Units: 2x Warriors, 1x Chariot, 1x Archers
  [Civ 2] Babylonians (despotism): 1 cities, 3 units, 33g, 7 techs, researching Code of Laws (30/33)
    Babylon: size=2, prod=Settlers (15sh), bldgs=Palace
    Units: 2x Warriors, 1x Archers
  [Civ 3] Germans (despotism): 1 cities, 3 units, 114g, 9 techs, researching Mysticism (0/32)
    Berlin: size=2, prod=Legion (24sh), bldgs=Palace
    Units: 1x Warriors, 1x Settlers, 1x Archers
  [Civ 4] Egyptians (despotism): 1 cities, 3 units, 21g, 7 techs, researching Code of Laws (21/33)
    Thebes: size=2, prod=building:8 (15sh), bldgs=Palace
    Units: 2x Warriors, 1x Archers
  [Civ 1] Romans turn: 7 actions — SET_RESEARCH(1), MOVE_UNIT(3), UNIT_ORDER(3)
    SET_RESEARCH tech=Code of Laws
    >>> Babylonians discovered: Code of Laws
    SET_RESEARCH tech=Mathematics

══════════════════════════════════════════════════════════════════════
  TURN 24 — 3540 B.C. (7ms)
══════════════════════════════════════════════════════════════════════
  [Civ 1] Romans (despotism): 1 cities, 4 units, 35g, 8 techs, researching Code of Laws (3/28)
    Rome: size=2, prod=building:8 (21sh), bldgs=Palace
    Units: 2x Warriors, 1x Chariot, 1x Archers
  [Civ 2] Babylonians (despotism): 1 cities, 3 units, 33g, 8 techs, researching Mathematics (0/28)
    Babylon: size=2, prod=Settlers (18sh), bldgs=Palace
    Units: 2x Warriors, 1x Archers
  [Civ 3] Germans (despotism): 1 cities, 3 units, 116g, 10 techs, researching Mysticism (3/48)
    Berlin: size=2, prod=Legion (27sh), bldgs=Palace
    Units: 1x Warriors, 1x Settlers, 1x Archers
  [Civ 4] Egyptians (despotism): 1 cities, 3 units, 22g, 7 techs, researching Code of Laws (24/33)
    Thebes: size=2, prod=building:8 (18sh), bldgs=Palace
    Units: 2x Warriors, 1x Archers
  [Civ 1] Romans turn: 6 actions — MOVE_UNIT(3), UNIT_ORDER(3)
    >>> Rome grew to size 3

══════════════════════════════════════════════════════════════════════
  TURN 25 — 3520 B.C. (9ms)
══════════════════════════════════════════════════════════════════════
  [Civ 1] Romans (despotism): 1 cities, 4 units, 37g, 8 techs, researching Code of Laws (8/28)
    Rome: size=3, prod=building:8 (24sh), bldgs=Palace
    Units: 2x Warriors, 1x Chariot, 1x Archers
  [Civ 2] Babylonians (despotism): 1 cities, 3 units, 35g, 9 techs, researching Mathematics (3/21)
    Babylon: size=2, prod=Settlers (21sh), bldgs=Palace
    Units: 2x Warriors, 1x Archers
  [Civ 3] Germans (despotism): 1 cities, 3 units, 118g, 10 techs, researching Mysticism (6/48)
    Berlin: size=2, prod=Legion (30sh), bldgs=Palace
    Units: 1x Warriors, 1x Settlers, 1x Archers
  [Civ 4] Egyptians (despotism): 1 cities, 3 units, 23g, 8 techs, researching Code of Laws (27/28)
    Thebes: size=2, prod=building:8 (21sh), bldgs=Palace
    Units: 2x Warriors, 1x Archers
  [Civ 1] Romans turn: 6 actions — MOVE_UNIT(3), UNIT_ORDER(3)
    >>> Babylon grew to size 3
    >>> Berlin grew to size 3
    >>> Egyptians discovered: Code of Laws
    >>> Thebes grew to size 3
    SET_RESEARCH tech=Mysticism

══════════════════════════════════════════════════════════════════════
  TURN 26 — 3500 B.C. (7ms)
══════════════════════════════════════════════════════════════════════
  [Civ 1] Romans (despotism): 1 cities, 4 units, 39g, 8 techs, researching Code of Laws (13/28)
    Rome: size=3, prod=building:8 (29sh), bldgs=Palace
    Units: 2x Warriors, 1x Chariot, 1x Archers
  [Civ 2] Babylonians (despotism): 1 cities, 3 units, 37g, 9 techs, researching Mathematics (7/21)
    Babylon: size=3, prod=Settlers (24sh), bldgs=Palace
    Units: 2x Warriors, 1x Archers
  [Civ 3] Germans (despotism): 1 cities, 3 units, 120g, 10 techs, researching Mysticism (10/48)
    Berlin: size=3, prod=Legion (33sh), bldgs=Palace
    Units: 1x Warriors, 1x Settlers, 1x Archers
  [Civ 4] Egyptians (despotism): 1 cities, 3 units, 23g, 9 techs, researching Mysticism (0/21)
    Thebes: size=3, prod=building:8 (24sh), bldgs=Palace
    Units: 2x Warriors, 1x Archers
  [Civ 1] Romans turn: 6 actions — MOVE_UNIT(3), UNIT_ORDER(3)

══════════════════════════════════════════════════════════════════════
  TURN 27 — 3480 B.C. (5ms)
══════════════════════════════════════════════════════════════════════
  [Civ 1] Romans (despotism): 1 cities, 4 units, 41g, 9 techs, researching Code of Laws (18/21)
    Rome: size=3, prod=building:8 (34sh), bldgs=Palace
    Units: 2x Warriors, 1x Chariot, 1x Archers
  [Civ 2] Babylonians (despotism): 1 cities, 3 units, 39g, 9 techs, researching Mathematics (11/21)
    Babylon: size=3, prod=Settlers (28sh), bldgs=Palace
    Units: 2x Warriors, 1x Archers
  [Civ 3] Germans (despotism): 1 cities, 3 units, 122g, 10 techs, researching Mysticism (14/48)
    Berlin: size=3, prod=Legion (37sh), bldgs=Palace
    Units: 1x Warriors, 1x Settlers, 1x Archers
  [Civ 4] Egyptians (despotism): 1 cities, 3 units, 25g, 9 techs, researching Mysticism (2/21)
    Thebes: size=3, prod=building:8 (27sh), bldgs=Palace
    Units: 2x Warriors, 1x Archers
  [Civ 1] Romans turn: 7 actions — SET_RESEARCH(1), MOVE_UNIT(3), UNIT_ORDER(3)
    SET_RESEARCH tech=Mathematics
    >>> Berlin built Legion
    CHANGE_PRODUCTION city=2
    END_TURN REJECTED: 1 units still need orders
      #18 Chariot(Atk) @(23,31) mv=6 ord=none hp=full
    >>> Romans discovered: Mathematics

══════════════════════════════════════════════════════════════════════
  TURN 28 — 3460 B.C. (9ms)
══════════════════════════════════════════════════════════════════════
  [Civ 1] Romans (despotism): 1 cities, 4 units, 41g, 10 techs, researching none (0/24)
    Rome: size=3, prod=building:8 (39sh), bldgs=Palace
    Units: 2x Warriors, 1x Chariot, 1x Archers
  [Civ 2] Babylonians (despotism): 1 cities, 3 units, 41g, 9 techs, researching Mathematics (15/21)
    Babylon: size=3, prod=Settlers (32sh), bldgs=Palace
    Units: 2x Warriors, 1x Archers
  [Civ 3] Germans (despotism): 1 cities, 5 units, 124g, 11 techs, researching Mysticism (18/52)
    Berlin: size=3, prod=Horsemen (0sh), bldgs=Palace
    Units: 1x Warriors, 1x Settlers, 1x Archers, 1x Legion, 1x Chariot
  [Civ 4] Egyptians (despotism): 1 cities, 3 units, 27g, 9 techs, researching Mysticism (4/21)
    Thebes: size=3, prod=building:8 (30sh), bldgs=Palace
    Units: 2x Warriors, 1x Archers
  [Civ 1] Romans turn: 7 actions — SET_RESEARCH(1), MOVE_UNIT(3), UNIT_ORDER(3)
    SET_RESEARCH tech=Monarchy

══════════════════════════════════════════════════════════════════════
  TURN 29 — 3440 B.C. (7ms)
══════════════════════════════════════════════════════════════════════
  [Civ 1] Romans (despotism): 1 cities, 4 units, 43g, 10 techs, researching Monarchy (5/24)
    Rome: size=3, prod=building:8 (44sh), bldgs=Palace
    Units: 2x Warriors, 1x Chariot, 1x Archers
  [Civ 2] Babylonians (despotism): 1 cities, 3 units, 43g, 9 techs, researching Mathematics (19/21)
    Babylon: size=3, prod=Settlers (36sh), bldgs=Palace
    Units: 2x Warriors, 1x Archers
  [Civ 3] Germans (despotism): 1 cities, 5 units, 126g, 11 techs, researching Mysticism (22/52)
    Berlin: size=3, prod=Horsemen (4sh), bldgs=Palace
    Units: 1x Warriors, 1x Settlers, 1x Archers, 1x Legion, 1x Chariot
  [Civ 4] Egyptians (despotism): 1 cities, 3 units, 29g, 9 techs, researching Mysticism (6/21)
    Thebes: size=3, prod=building:8 (33sh), bldgs=Palace
    Units: 2x Warriors, 1x Archers
  [Civ 1] Romans turn: 6 actions — MOVE_UNIT(3), UNIT_ORDER(3)
    >>> Babylonians discovered: Mathematics
    >>> Babylon built Settlers
    SET_RESEARCH tech=Mysticism
    CHANGE_PRODUCTION city=1

══════════════════════════════════════════════════════════════════════
  TURN 30 — 3420 B.C. (9ms)
══════════════════════════════════════════════════════════════════════
  [Civ 1] Romans (despotism): 1 cities, 4 units, 45g, 10 techs, researching Monarchy (10/24)
    Rome: size=3, prod=building:8 (49sh), bldgs=Palace
    Units: 2x Warriors, 1x Chariot, 1x Archers
  [Civ 2] Babylonians (despotism): 1 cities, 4 units, 43g, 10 techs, researching Mysticism (0/24)
    Babylon: size=2, prod=Legion (0sh), bldgs=Palace
    Units: 2x Warriors, 1x Archers, 1x Settlers
  [Civ 3] Germans (despotism): 1 cities, 5 units, 128g, 11 techs, researching Mysticism (26/52)
    Berlin: size=3, prod=Horsemen (8sh), bldgs=Palace
    Units: 1x Warriors, 1x Settlers, 1x Archers, 1x Legion, 1x Chariot
  [Civ 4] Egyptians (despotism): 1 cities, 3 units, 31g, 9 techs, researching Mysticism (8/21)
    Thebes: size=3, prod=building:8 (36sh), bldgs=Palace
    Units: 2x Warriors, 1x Archers
  [Civ 1] Romans turn: 6 actions — MOVE_UNIT(3), UNIT_ORDER(3)

══════════════════════════════════════════════════════════════════════
  TURN 31 — 3400 B.C. (16ms)
══════════════════════════════════════════════════════════════════════
  [Civ 1] Romans (despotism): 1 cities, 4 units, 47g, 10 techs, researching Monarchy (15/24)
    Rome: size=3, prod=building:8 (54sh), bldgs=Palace
    Units: 2x Warriors, 1x Chariot, 1x Archers
  [Civ 2] Babylonians (despotism): 1 cities, 4 units, 45g, 10 techs, researching Mysticism (2/24)
    Babylon: size=2, prod=Legion (2sh), bldgs=Palace
    Units: 2x Warriors, 1x Archers, 1x Settlers
  [Civ 3] Germans (despotism): 1 cities, 5 units, 130g, 12 techs, researching Mysticism (30/57)
    Berlin: size=3, prod=Horsemen (12sh), bldgs=Palace
    Units: 1x Warriors, 1x Settlers, 1x Archers, 1x Legion, 1x Chariot
  [Civ 4] Egyptians (despotism): 1 cities, 3 units, 33g, 10 techs, researching Mysticism (10/24)
    Thebes: size=3, prod=building:8 (39sh), bldgs=Palace
    Units: 2x Warriors, 1x Archers
  [Civ 1] Romans turn: 6 actions — MOVE_UNIT(3), UNIT_ORDER(3)

══════════════════════════════════════════════════════════════════════
  TURN 32 — 3380 B.C. (6ms)
══════════════════════════════════════════════════════════════════════
  [Civ 1] Romans (despotism): 1 cities, 4 units, 49g, 10 techs, researching Monarchy (20/24)
    Rome: size=3, prod=building:8 (59sh), bldgs=Palace
    Units: 2x Warriors, 1x Chariot, 1x Archers
  [Civ 2] Babylonians (despotism): 1 cities, 4 units, 47g, 10 techs, researching Mysticism (4/24)
    Babylon: size=2, prod=Legion (4sh), bldgs=Palace
    Units: 2x Warriors, 1x Archers, 1x Settlers
  [Civ 3] Germans (despotism): 1 cities, 5 units, 132g, 12 techs, researching Mysticism (34/57)
    Berlin: size=3, prod=Horsemen (16sh), bldgs=Palace
    Units: 1x Warriors, 1x Settlers, 1x Archers, 1x Legion, 1x Chariot
  [Civ 4] Egyptians (despotism): 1 cities, 3 units, 35g, 10 techs, researching Mysticism (12/24)
    Thebes: size=3, prod=building:8 (42sh), bldgs=Palace
    Units: 2x Warriors, 1x Archers
  [Civ 1] Romans turn: 9 actions — ADJUST_ATTITUDE(3), MOVE_UNIT(3), UNIT_ORDER(3)
    ADJUST_ATTITUDE target=civ2
    ADJUST_ATTITUDE target=civ3
    ADJUST_ATTITUDE target=civ4
    ADJUST_ATTITUDE target=civ1
    ADJUST_ATTITUDE target=civ3
    ADJUST_ATTITUDE target=civ4
    >>> Berlin built Horsemen
    ADJUST_ATTITUDE target=civ1
    ADJUST_ATTITUDE target=civ2
    ADJUST_ATTITUDE target=civ4
    CHANGE_PRODUCTION city=2
    ADJUST_ATTITUDE target=civ1
    ADJUST_ATTITUDE target=civ2
    ADJUST_ATTITUDE target=civ3
    >>> Romans discovered: Monarchy

══════════════════════════════════════════════════════════════════════
  TURN 33 — 3360 B.C. (6ms)
══════════════════════════════════════════════════════════════════════
  [Civ 1] Romans (despotism): 1 cities, 4 units, 49g, 11 techs, researching none (0/26)
    Rome: size=3, prod=building:8 (64sh), bldgs=Palace
    Units: 2x Warriors, 1x Chariot, 1x Archers
  [Civ 2] Babylonians (despotism): 1 cities, 4 units, 49g, 10 techs, researching Mysticism (6/24)
    Babylon: size=2, prod=Legion (6sh), bldgs=Palace
    Units: 2x Warriors, 1x Archers, 1x Settlers
  [Civ 3] Germans (despotism): 1 cities, 6 units, 134g, 12 techs, researching Mysticism (38/57)
    Berlin: size=3, prod=Catapult (0sh), bldgs=Palace
    Units: 1x Warriors, 1x Settlers, 1x Archers, 1x Legion, 1x Chariot, 1x Horsemen
  [Civ 4] Egyptians (despotism): 1 cities, 3 units, 37g, 10 techs, researching Mysticism (14/24)
    Thebes: size=3, prod=building:8 (45sh), bldgs=Palace
    Units: 2x Warriors, 1x Archers
  [Civ 1] Romans turn: 8 actions — SET_RESEARCH(1), REVOLUTION(1), MOVE_UNIT(3), UNIT_ORDER(3)
    SET_RESEARCH tech=Seafaring
    REVOLUTION

══════════════════════════════════════════════════════════════════════
  TURN 34 — 3340 B.C. (9ms)
══════════════════════════════════════════════════════════════════════
  [Civ 1] Romans (anarchy): 1 cities, 4 units, 51g, 11 techs, researching Seafaring (5/26)
    Rome: size=3, prod=building:8 (69sh), bldgs=Palace
    Units: 2x Warriors, 1x Chariot, 1x Archers
  [Civ 2] Babylonians (despotism): 1 cities, 4 units, 51g, 10 techs, researching Mysticism (8/24)
    Babylon: size=2, prod=Legion (8sh), bldgs=Palace
    Units: 2x Warriors, 1x Archers, 1x Settlers
  [Civ 3] Germans (despotism): 1 cities, 6 units, 136g, 12 techs, researching Mysticism (42/57)
    Berlin: size=3, prod=Catapult (4sh), bldgs=Palace
    Units: 1x Warriors, 1x Settlers, 1x Archers, 1x Legion, 1x Chariot, 1x Horsemen
  [Civ 4] Egyptians (despotism): 1 cities, 3 units, 39g, 10 techs, researching Mysticism (16/24)
    Thebes: size=3, prod=building:8 (48sh), bldgs=Palace
    Units: 2x Warriors, 1x Archers
  [Civ 1] Romans turn: 6 actions — MOVE_UNIT(3), UNIT_ORDER(3)
    END_TURN REJECTED: 1 units still need orders
      #20 Horsemen(Atk) @(30,52) mv=3 ord=none hp=full

══════════════════════════════════════════════════════════════════════
  TURN 35 — 3320 B.C. (12ms)
══════════════════════════════════════════════════════════════════════
  [Civ 1] Romans (anarchy): 1 cities, 4 units, 53g, 11 techs, researching Seafaring (10/26)
    Rome: size=3, prod=building:8 (74sh), bldgs=Palace
    Units: 2x Warriors, 1x Chariot, 1x Archers
  [Civ 2] Babylonians (despotism): 1 cities, 4 units, 53g, 10 techs, researching Mysticism (10/24)
    Babylon: size=2, prod=Legion (10sh), bldgs=Palace
    Units: 2x Warriors, 1x Archers, 1x Settlers
  [Civ 3] Germans (despotism): 1 cities, 6 units, 138g, 12 techs, researching Mysticism (46/57)
    Berlin: size=3, prod=Catapult (8sh), bldgs=Palace
    Units: 1x Warriors, 1x Settlers, 1x Archers, 1x Legion, 1x Chariot, 1x Horsemen
  [Civ 4] Egyptians (despotism): 1 cities, 3 units, 41g, 10 techs, researching Mysticism (18/24)
    Thebes: size=3, prod=building:8 (51sh), bldgs=Palace
    Units: 2x Warriors, 1x Archers
  [Civ 1] Romans turn: 6 actions — MOVE_UNIT(3), UNIT_ORDER(3)
    COMBAT: Chariot vs Chariot → atkWin (atkHp=undefined, defHp=undefined)
    ADJUST_ATTITUDE target=civ1

══════════════════════════════════════════════════════════════════════
  TURN 36 — 3300 B.C. (21ms)
══════════════════════════════════════════════════════════════════════
  [Civ 1] Romans (anarchy): 1 cities, 4 units, 55g, 11 techs, researching Seafaring (15/26)
    Rome: size=3, prod=building:8 (79sh), bldgs=Palace
    Units: 2x Warriors, 1x Chariot, 1x Archers
  [Civ 2] Babylonians (despotism): 1 cities, 4 units, 55g, 10 techs, researching Mysticism (12/24)
    Babylon: size=2, prod=Legion (12sh), bldgs=Palace
    Units: 2x Warriors, 1x Archers, 1x Settlers
  [Civ 3] Germans (despotism): 1 cities, 4 units, 140g, 12 techs, researching Mysticism (50/57)
    Berlin: size=3, prod=Catapult (12sh), bldgs=Palace
    Units: 1x Settlers, 1x Archers, 1x Legion, 1x Horsemen
  [Civ 4] Egyptians (despotism): 1 cities, 3 units, 43g, 10 techs, researching Mysticism (20/24)
    Thebes: size=3, prod=building:8 (54sh), bldgs=Palace
    Units: 2x Warriors, 1x Archers
  [Civ 1] Romans turn: 8 actions — ADJUST_ATTITUDE(2), MOVE_UNIT(3), UNIT_ORDER(3)
    ADJUST_ATTITUDE target=civ3
    ADJUST_ATTITUDE target=civ3
    ADJUST_ATTITUDE target=civ1
    ADJUST_ATTITUDE target=civ1
    >>> Rome built building:8

══════════════════════════════════════════════════════════════════════
  TURN 37 — 3280 B.C. (8ms)
══════════════════════════════════════════════════════════════════════
  [Civ 1] Romans (anarchy): 1 cities, 4 units, 57g, 11 techs, researching Seafaring (20/26)
    Rome: size=3, prod=building:8 (4sh), bldgs=Palace, City Walls
    Units: 2x Warriors, 1x Chariot, 1x Archers
  [Civ 2] Babylonians (despotism): 1 cities, 4 units, 57g, 10 techs, researching Mysticism (14/24)
    Babylon: size=2, prod=Legion (14sh), bldgs=Palace
    Units: 2x Warriors, 1x Archers, 1x Settlers
  [Civ 3] Germans (despotism): 1 cities, 4 units, 142g, 12 techs, researching Mysticism (54/57)
    Berlin: size=3, prod=Catapult (16sh), bldgs=Palace
    Units: 1x Settlers, 1x Archers, 1x Legion, 1x Horsemen
  [Civ 4] Egyptians (despotism): 1 cities, 3 units, 45g, 10 techs, researching Mysticism (22/24)
    Thebes: size=3, prod=building:8 (57sh), bldgs=Palace
    Units: 2x Warriors, 1x Archers
  [Civ 1] Romans turn: 8 actions — ADJUST_ATTITUDE(1), CHANGE_PRODUCTION(1), MOVE_UNIT(3), UNIT_ORDER(3)
    ADJUST_ATTITUDE target=civ3
    CHANGE_PRODUCTION city=0
    >>> Germans discovered: Mysticism
    SET_RESEARCH tech=Construction
    ADJUST_ATTITUDE target=civ1
    >>> Egyptians discovered: Mysticism
    SET_RESEARCH tech=Astronomy

══════════════════════════════════════════════════════════════════════
  TURN 38 — 3260 B.C. (8ms)
══════════════════════════════════════════════════════════════════════
  [Civ 1] Romans (anarchy): 1 cities, 4 units, 59g, 11 techs, researching Seafaring (25/26)
    Rome: size=3, prod=Legion (5sh), bldgs=Palace, City Walls
    Units: 2x Warriors, 1x Chariot, 1x Archers
  [Civ 2] Babylonians (despotism): 1 cities, 4 units, 59g, 10 techs, researching Mysticism (16/24)
    Babylon: size=2, prod=Legion (16sh), bldgs=Palace
    Units: 2x Warriors, 1x Archers, 1x Settlers
  [Civ 3] Germans (despotism): 1 cities, 4 units, 142g, 13 techs, researching Construction (0/62)
    Berlin: size=3, prod=Catapult (20sh), bldgs=Palace
    Units: 1x Settlers, 1x Archers, 1x Legion, 1x Horsemen
  [Civ 4] Egyptians (despotism): 1 cities, 3 units, 45g, 11 techs, researching Astronomy (0/26)
    Thebes: size=3, prod=building:8 (60sh), bldgs=Palace
    Units: 2x Warriors, 1x Archers
  [Civ 1] Romans turn: 7 actions — ADJUST_ATTITUDE(1), MOVE_UNIT(3), UNIT_ORDER(3)
    ADJUST_ATTITUDE target=civ3
    ADJUST_ATTITUDE target=civ1
    >>> Romans discovered: Seafaring

══════════════════════════════════════════════════════════════════════
  TURN 39 — 3240 B.C. (10ms)
══════════════════════════════════════════════════════════════════════
  [Civ 1] Romans (anarchy): 1 cities, 4 units, 59g, 13 techs, researching none (0/62)
    Rome: size=3, prod=Legion (10sh), bldgs=Palace, City Walls
    Units: 2x Warriors, 1x Chariot, 1x Archers
  [Civ 2] Babylonians (despotism): 1 cities, 4 units, 61g, 10 techs, researching Mysticism (18/24)
    Babylon: size=2, prod=Legion (18sh), bldgs=Palace
    Units: 2x Warriors, 1x Archers, 1x Settlers
  [Civ 3] Germans (despotism): 1 cities, 4 units, 144g, 13 techs, researching Construction (4/62)
    Berlin: size=3, prod=Catapult (24sh), bldgs=Palace
    Units: 1x Settlers, 1x Archers, 1x Legion, 1x Horsemen
  [Civ 4] Egyptians (despotism): 1 cities, 3 units, 47g, 11 techs, researching Astronomy (2/26)
    Thebes: size=3, prod=building:8 (63sh), bldgs=Palace
    Units: 2x Warriors, 1x Archers
  [Civ 1] Romans turn: 8 actions — SET_RESEARCH(1), ADJUST_ATTITUDE(1), MOVE_UNIT(3), UNIT_ORDER(3)
    SET_RESEARCH tech=Astronomy
    ADJUST_ATTITUDE target=civ3
    SET_RESEARCH tech=Writing
    ADJUST_ATTITUDE target=civ1
    ADJUST_ATTITUDE target=civ1

══════════════════════════════════════════════════════════════════════
  TURN 40 — 3220 B.C. (13ms)
══════════════════════════════════════════════════════════════════════
  [Civ 1] Romans (anarchy): 1 cities, 3 units, 61g, 13 techs, researching Astronomy (5/62)
    Rome: size=3, prod=Legion (15sh), bldgs=Palace, City Walls
    Units: 2x Warriors, 1x Chariot
  [Civ 2] Babylonians (despotism): 1 cities, 4 units, 63g, 12 techs, researching Writing (20/28)
    Babylon: size=2, prod=Legion (20sh), bldgs=Palace
    Units: 2x Warriors, 1x Archers, 1x Settlers
  [Civ 3] Germans (despotism): 1 cities, 4 units, 146g, 13 techs, researching Construction (8/62)
    Berlin: size=3, prod=Catapult (28sh), bldgs=Palace
    Units: 1x Settlers, 1x Archers, 1x Legion, 1x Horsemen
  [Civ 4] Egyptians (despotism): 1 cities, 3 units, 49g, 11 techs, researching Astronomy (4/26)
    Thebes: size=3, prod=building:8 (66sh), bldgs=Palace
    Units: 2x Warriors, 1x Archers
  [Civ 1] Romans turn: 7 actions — ADJUST_ATTITUDE(2), PROPOSE_TREATY(1), MOVE_UNIT(2), UNIT_ORDER(2)
    ADJUST_ATTITUDE target=civ3
    PROPOSE_TREATY treaty=peace target=civ3
    ADJUST_ATTITUDE target=civ3
    ADJUST_ATTITUDE target=civ1
    ADJUST_ATTITUDE target=civ1

══════════════════════════════════════════════════════════════════════
  TURN 41 — 3200 B.C. (12ms)
══════════════════════════════════════════════════════════════════════
  [Civ 1] Romans (anarchy): 1 cities, 3 units, 63g, 13 techs, researching Astronomy (10/31)
    Rome: size=3, prod=Legion (20sh), bldgs=Palace, City Walls
    Units: 2x Warriors, 1x Chariot
  [Civ 2] Babylonians (despotism): 1 cities, 4 units, 65g, 12 techs, researching Writing (22/28)
    Babylon: size=2, prod=Legion (22sh), bldgs=Palace
    Units: 2x Warriors, 1x Archers, 1x Settlers
  [Civ 3] Germans (despotism): 1 cities, 4 units, 148g, 14 techs, researching Construction (12/67)
    Berlin: size=3, prod=Catapult (32sh), bldgs=Palace
    Units: 1x Settlers, 1x Archers, 1x Legion, 1x Horsemen
  [Civ 4] Egyptians (despotism): 1 cities, 3 units, 51g, 12 techs, researching Astronomy (6/28)
    Thebes: size=3, prod=building:8 (69sh), bldgs=Palace
    Units: 2x Warriors, 1x Archers
  [Civ 1] Romans turn: 5 actions — ADJUST_ATTITUDE(1), MOVE_UNIT(2), UNIT_ORDER(2)
    ADJUST_ATTITUDE target=civ3
    ADJUST_ATTITUDE target=civ1
    ADJUST_ATTITUDE target=civ2

══════════════════════════════════════════════════════════════════════
  TURN 42 — 3180 B.C. (10ms)
══════════════════════════════════════════════════════════════════════
  [Civ 1] Romans (anarchy): 1 cities, 3 units, 65g, 13 techs, researching Astronomy (15/31)
    Rome: size=3, prod=Legion (25sh), bldgs=Palace, City Walls
    Units: 2x Warriors, 1x Chariot
  [Civ 2] Babylonians (despotism): 1 cities, 4 units, 67g, 12 techs, researching Writing (24/28)
    Babylon: size=2, prod=Legion (24sh), bldgs=Palace
    Units: 2x Warriors, 1x Archers, 1x Settlers
  [Civ 3] Germans (despotism): 1 cities, 4 units, 150g, 14 techs, researching Construction (16/67)
    Berlin: size=3, prod=Catapult (36sh), bldgs=Palace
    Units: 1x Settlers, 1x Archers, 1x Legion, 1x Horsemen
  [Civ 4] Egyptians (despotism): 1 cities, 3 units, 53g, 12 techs, researching Astronomy (8/28)
    Thebes: size=3, prod=building:8 (72sh), bldgs=Palace
    Units: 2x Warriors, 1x Archers
  [Civ 1] Romans turn: 5 actions — ADJUST_ATTITUDE(1), MOVE_UNIT(2), UNIT_ORDER(2)
    ADJUST_ATTITUDE target=civ3
    >>> Berlin built Catapult
    ADJUST_ATTITUDE target=civ1
    ADJUST_ATTITUDE target=civ1
    ADJUST_ATTITUDE target=civ2
    CHANGE_PRODUCTION city=2

══════════════════════════════════════════════════════════════════════
  TURN 43 — 3160 B.C. (6ms)
══════════════════════════════════════════════════════════════════════
  [Civ 1] Romans (anarchy): 1 cities, 3 units, 67g, 13 techs, researching Astronomy (20/31)
    Rome: size=3, prod=Legion (30sh), bldgs=Palace, City Walls
    Units: 2x Warriors, 1x Chariot
  [Civ 2] Babylonians (despotism): 1 cities, 4 units, 69g, 12 techs, researching Writing (26/28)
    Babylon: size=2, prod=Legion (26sh), bldgs=Palace
    Units: 2x Warriors, 1x Archers, 1x Settlers
  [Civ 3] Germans (despotism): 1 cities, 5 units, 152g, 14 techs, researching Construction (19/67)
    Berlin: size=3, prod=Warriors (0sh), bldgs=Palace
    Units: 1x Settlers, 1x Archers, 1x Legion, 1x Horsemen, 1x Catapult
  [Civ 4] Egyptians (despotism): 1 cities, 3 units, 55g, 12 techs, researching Astronomy (10/28)
    Thebes: size=3, prod=building:8 (75sh), bldgs=Palace
    Units: 2x Warriors, 1x Archers
  [Civ 1] Romans turn: 5 actions — ADJUST_ATTITUDE(1), MOVE_UNIT(2), UNIT_ORDER(2)
    ADJUST_ATTITUDE target=civ3
    COMBAT: Chariot vs Horsemen → atkWin (atkHp=undefined, defHp=undefined)
    >>> Babylonians discovered: Writing
    SET_RESEARCH tech=Astronomy
    ADJUST_ATTITUDE target=civ1
    ADJUST_ATTITUDE target=civ2

══════════════════════════════════════════════════════════════════════
  TURN 44 — 3140 B.C. (8ms)
══════════════════════════════════════════════════════════════════════
  [Civ 1] Romans (anarchy): 1 cities, 3 units, 169g, 13 techs, researching Astronomy (25/31)
    Rome: size=3, prod=Legion (35sh), bldgs=Palace, City Walls
    Units: 2x Warriors, 1x Chariot
  [Civ 2] Babylonians (despotism): 1 cities, 4 units, 69g, 13 techs, researching Astronomy (0/31)
    Babylon: size=2, prod=Legion (28sh), bldgs=Palace
    Units: 2x Warriors, 1x Archers, 1x Settlers
  [Civ 3] Germans (despotism): 1 cities, 5 units, 154g, 14 techs, researching Construction (22/67)
    Berlin: size=3, prod=Warriors (3sh), bldgs=Palace
    Units: 1x Settlers, 1x Archers, 1x Legion, 1x Horsemen, 1x Catapult
  [Civ 4] Egyptians (despotism): 1 cities, 3 units, 57g, 12 techs, researching Astronomy (12/28)
    Thebes: size=3, prod=building:8 (78sh), bldgs=Palace
    Units: 2x Warriors, 1x Archers
  [Civ 1] Romans turn: 7 actions — ADJUST_ATTITUDE(2), PROPOSE_TREATY(1), MOVE_UNIT(2), UNIT_ORDER(2)
    ADJUST_ATTITUDE target=civ3
    PROPOSE_TREATY treaty=ceasefire target=civ3
    ADJUST_ATTITUDE target=civ3
    ADJUST_ATTITUDE target=civ1
    ADJUST_ATTITUDE target=civ2
    ADJUST_ATTITUDE target=civ1
    >>> Thebes built building:8
    CHANGE_PRODUCTION city=3
    >>> Rome built Legion

══════════════════════════════════════════════════════════════════════
  TURN 45 — 3120 B.C. (8ms)
══════════════════════════════════════════════════════════════════════
  [Civ 1] Romans (anarchy): 1 cities, 4 units, 171g, 13 techs, researching Astronomy (30/31)
    Rome: size=3, prod=Legion (0sh), bldgs=Palace, City Walls
    Units: 2x Warriors, 1x Chariot, 1x Legion
  [Civ 2] Babylonians (despotism): 1 cities, 4 units, 71g, 13 techs, researching Astronomy (2/31)
    Babylon: size=2, prod=Legion (30sh), bldgs=Palace
    Units: 2x Warriors, 1x Archers, 1x Settlers
  [Civ 3] Germans (despotism): 1 cities, 5 units, 156g, 14 techs, researching Construction (25/67)
    Berlin: size=3, prod=Warriors (6sh), bldgs=Palace
    Units: 1x Settlers, 1x Archers, 1x Legion, 1x Horsemen, 1x Catapult
  [Civ 4] Egyptians (despotism): 1 cities, 3 units, 59g, 12 techs, researching Astronomy (14/28)
    Thebes: size=3, prod=Legion (0sh), bldgs=Palace, City Walls
    Units: 2x Warriors, 1x Archers
  [Civ 1] Romans turn: 6 actions — ADJUST_ATTITUDE(1), CHANGE_PRODUCTION(1), MOVE_UNIT(2), UNIT_ORDER(2)
    ADJUST_ATTITUDE target=civ3
    CHANGE_PRODUCTION city=0
    >>> Berlin grew to size 4
    ADJUST_ATTITUDE target=civ1
    ADJUST_ATTITUDE target=civ2
    >>> Thebes grew to size 4
    >>> Romans discovered: Astronomy

══════════════════════════════════════════════════════════════════════
  TURN 46 — 3100 B.C. (7ms)
══════════════════════════════════════════════════════════════════════
  [Civ 1] Romans (anarchy): 1 cities, 4 units, 171g, 14 techs, researching none (0/67)
    Rome: size=3, prod=Archers (5sh), bldgs=Palace, City Walls
    Units: 2x Warriors, 1x Chariot, 1x Legion
  [Civ 2] Babylonians (despotism): 1 cities, 4 units, 73g, 13 techs, researching Astronomy (4/31)
    Babylon: size=2, prod=Legion (32sh), bldgs=Palace
    Units: 2x Warriors, 1x Archers, 1x Settlers
  [Civ 3] Germans (despotism): 1 cities, 5 units, 158g, 14 techs, researching Construction (30/67)
    Berlin: size=4, prod=Warriors (9sh), bldgs=Palace
    Units: 1x Settlers, 1x Archers, 1x Legion, 1x Horsemen, 1x Catapult
  [Civ 4] Egyptians (despotism): 1 cities, 3 units, 61g, 12 techs, researching Astronomy (16/28)
    Thebes: size=4, prod=Legion (3sh), bldgs=Palace, City Walls
    Units: 2x Warriors, 1x Archers
  [Civ 1] Romans turn: 8 actions — SET_RESEARCH(1), ADJUST_ATTITUDE(1), MOVE_UNIT(3), UNIT_ORDER(3)
    SET_RESEARCH tech=Currency
    ADJUST_ATTITUDE target=civ3
    >>> Berlin built Warriors
    ADJUST_ATTITUDE target=civ1
    ADJUST_ATTITUDE target=civ2
    CHANGE_PRODUCTION city=2

══════════════════════════════════════════════════════════════════════
  TURN 47 — 3080 B.C. (7ms)
══════════════════════════════════════════════════════════════════════
  [Civ 1] Romans (anarchy): 1 cities, 4 units, 173g, 14 techs, researching Currency (5/67)
    Rome: size=3, prod=Archers (10sh), bldgs=Palace, City Walls
    Units: 2x Warriors, 1x Chariot, 1x Legion
  [Civ 2] Babylonians (despotism): 1 cities, 4 units, 75g, 13 techs, researching Astronomy (6/31)
    Babylon: size=2, prod=Legion (34sh), bldgs=Palace
    Units: 2x Warriors, 1x Archers, 1x Settlers
  [Civ 3] Germans (despotism): 1 cities, 6 units, 160g, 14 techs, researching Construction (34/67)
    Berlin: size=4, prod=Explorer (2sh), bldgs=Palace
    Units: 1x Settlers, 1x Archers, 1x Legion, 1x Horsemen, 1x Catapult, 1x Warriors
  [Civ 4] Egyptians (despotism): 1 cities, 3 units, 63g, 12 techs, researching Astronomy (18/28)
    Thebes: size=4, prod=Legion (6sh), bldgs=Palace, City Walls
    Units: 2x Warriors, 1x Archers
  [Civ 1] Romans turn: 6 actions — ADJUST_ATTITUDE(1), MOVE_UNIT(3), UNIT_ORDER(2)
    ADJUST_ATTITUDE target=civ3
    ADJUST_ATTITUDE target=civ1
    ADJUST_ATTITUDE target=civ2

══════════════════════════════════════════════════════════════════════
  TURN 48 — 3060 B.C. (9ms)
══════════════════════════════════════════════════════════════════════
  [Civ 1] Romans (anarchy): 1 cities, 4 units, 175g, 14 techs, researching Currency (10/67)
    Rome: size=3, prod=Archers (15sh), bldgs=Palace, City Walls
    Units: 2x Warriors, 1x Chariot, 1x Legion
  [Civ 2] Babylonians (despotism): 1 cities, 4 units, 77g, 13 techs, researching Astronomy (8/31)
    Babylon: size=2, prod=Legion (36sh), bldgs=Palace
    Units: 2x Warriors, 1x Archers, 1x Settlers
  [Civ 3] Germans (despotism): 1 cities, 6 units, 162g, 14 techs, researching Construction (38/67)
    Berlin: size=4, prod=Explorer (6sh), bldgs=Palace
    Units: 1x Settlers, 1x Archers, 1x Legion, 1x Horsemen, 1x Catapult, 1x Warriors
  [Civ 4] Egyptians (despotism): 1 cities, 3 units, 65g, 12 techs, researching Astronomy (20/28)
    Thebes: size=4, prod=Legion (9sh), bldgs=Palace, City Walls
    Units: 2x Warriors, 1x Archers
  [Civ 1] Romans turn: 7 actions — ADJUST_ATTITUDE(1), MOVE_UNIT(3), UNIT_ORDER(3)
    ADJUST_ATTITUDE target=civ3
    ADJUST_ATTITUDE target=civ1
    ADJUST_ATTITUDE target=civ2
    >>> Rome grew to size 4

══════════════════════════════════════════════════════════════════════
  TURN 49 — 3040 B.C. (6ms)
══════════════════════════════════════════════════════════════════════
  [Civ 1] Romans (anarchy): 1 cities, 4 units, 177g, 14 techs, researching Currency (17/67)
    Rome: size=4, prod=Archers (20sh), bldgs=Palace, City Walls
    Units: 2x Warriors, 1x Chariot, 1x Legion
  [Civ 2] Babylonians (despotism): 1 cities, 4 units, 79g, 13 techs, researching Astronomy (10/31)
    Babylon: size=2, prod=Legion (38sh), bldgs=Palace
    Units: 2x Warriors, 1x Archers, 1x Settlers
  [Civ 3] Germans (despotism): 1 cities, 6 units, 164g, 14 techs, researching Construction (42/67)
    Berlin: size=4, prod=Explorer (10sh), bldgs=Palace
    Units: 1x Settlers, 1x Archers, 1x Legion, 1x Horsemen, 1x Catapult, 1x Warriors
  [Civ 4] Egyptians (despotism): 1 cities, 3 units, 67g, 12 techs, researching Astronomy (22/28)
    Thebes: size=4, prod=Legion (12sh), bldgs=Palace, City Walls
    Units: 2x Warriors, 1x Archers
  [Civ 1] Romans turn: 7 actions — ADJUST_ATTITUDE(1), MOVE_UNIT(3), UNIT_ORDER(3)
    ADJUST_ATTITUDE target=civ3
    >>> Babylon built Legion
    CHANGE_PRODUCTION city=1
    ADJUST_ATTITUDE target=civ1
    ADJUST_ATTITUDE target=civ2

══════════════════════════════════════════════════════════════════════
  FINAL SUMMARY
══════════════════════════════════════════════════════════════════════
Game ended at turn 50 (3020 B.C.)

── Civ 1: Romans (anarchy) ALIVE ──
  Cities: 1 (peak 1, founded 1)
  Units:  4 (peak 4)
  Treasury: 179g
  Techs discovered: 6 — Map Making, Iron Working, Mathematics, Monarchy, Seafaring, Astronomy
  Actions: 282 total, 0 idle turns
  Breakdown: UNIT_ORDER(123), MOVE_UNIT(122), ADJUST_ATTITUDE(20), SET_RESEARCH(8), CHANGE_PRODUCTION(4), PROPOSE_TREATY(2), CHANGE_RATES(1), BUILD_CITY(1), REVOLUTION(1)
  Army: 2x Warriors, 1x Chariot, 1x Legion
  Rome: size=4, shields=27

── Civ 2: Babylonians (despotism) ALIVE ──
  Cities: 1 (peak 1, founded 1)
  Units:  5 (peak 4)
  Treasury: 81g
  Techs discovered: 4 — Alphabet, Code of Laws, Mathematics, Writing
  Actions: 183 total, 0 idle turns
  Breakdown: UNIT_ORDER(85), MOVE_UNIT(83), SET_RESEARCH(6), CHANGE_PRODUCTION(4), ADJUST_ATTITUDE(3), CHANGE_RATES(1), BUILD_CITY(1)
  Army: 2x Warriors, 1x Archers, 1x Settlers, 1x Legion
  Babylon: size=2, shields=0

── Civ 3: Germans (despotism) ALIVE ──
  Cities: 1 (peak 1, founded 2)
  Units:  6 (peak 6)
  Treasury: 166g
  Techs discovered: 3 — Iron Working, Horseback Riding, Mysticism
  Actions: 300 total, 0 idle turns
  Breakdown: MOVE_UNIT(126), UNIT_ORDER(124), ADJUST_ATTITUDE(32), SET_RESEARCH(6), CHANGE_PRODUCTION(6), BUILD_CITY(2), RESPOND_TREATY(2), CHANGE_RATES(1), WORKER_ORDER(1)
  Army: 1x Settlers, 1x Archers, 1x Legion, 1x Horsemen, 1x Catapult, 1x Warriors
  Berlin: size=4, shields=14

── Civ 4: Egyptians (despotism) ALIVE ──
  Cities: 1 (peak 1, founded 1)
  Units:  3 (peak 3)
  Treasury: 69g
  Techs discovered: 3 — Map Making, Code of Laws, Mysticism
  Actions: 179 total, 0 idle turns
  Breakdown: UNIT_ORDER(84), MOVE_UNIT(82), SET_RESEARCH(5), CHANGE_PRODUCTION(3), ADJUST_ATTITUDE(3), CHANGE_RATES(1), BUILD_CITY(1)
  Army: 2x Warriors, 1x Archers
  Thebes: size=4, shields=15


══════════════════════════════════════════════════════════════════════
  AI BEHAVIOR ANALYSIS
══════════════════════════════════════════════════════════════════════
[Civ 1] Romans:
  WARNING: Only 1 city after 30+ turns

[Civ 2] Babylonians:
  WARNING: Only 1 city after 30+ turns
  WARNING: 1 units stuck (busy orders outside city)

[Civ 3] Germans:
  OK — no obvious issues detected

[Civ 4] Egyptians:
  WARNING: Only 1 city after 30+ turns

