Charlization AI Headless Simulation
Date: 2026-03-21T05:39:16.645Z
Settings: 50 turns, 4 AI players, 50x80 map, difficulty=prince
Map seed: 14079
Map generated in 132ms
Game initialized: 4 civs, 10 starting units
  Civ 1 (Romans): starts at (16,30) on Grassland
  Civ 2 (Babylonians): starts at (25,71) on Grassland
  Civ 3 (Germans): starts at (42,48) on Forest
  Civ 4 (Egyptians): starts at (43,11) on Grassland
    SET_RESEARCH tech=Warrior Code
    CHANGE_RATES sci=6 tax=4 lux=undefined
    BUILD_CITY unit=0 name="Rome"
    1 actions REJECTED (of 6)
    SET_RESEARCH tech=Ceremonial Burial
    CHANGE_RATES sci=6 tax=4 lux=undefined
    BUILD_CITY unit=2 name="Babylon"
    1 actions REJECTED (of 6)
    SET_RESEARCH tech=Map Making
    CHANGE_RATES sci=6 tax=4 lux=undefined
    BUILD_CITY unit=4 name="Berlin"
    BUILD_CITY unit=8 name="Berlin"
    2 actions REJECTED (of 8)
    SET_RESEARCH tech=Ceremonial Burial
    CHANGE_RATES sci=6 tax=4 lux=undefined
    BUILD_CITY unit=6 name="Thebes"
    BUILD_CITY unit=9 name="Thebes"
    2 actions REJECTED (of 8)

══════════════════════════════════════════════════════════════════════
  TURN 1 — 4000 B.C. (43ms)
══════════════════════════════════════════════════════════════════════
  [Civ 1] Romans (despotism): 1 cities, 1 units, 1g, 3 techs, researching Warrior Code (3/39)
    Rome: size=1, prod=Warriors (2sh), bldgs=Palace
    Units: 1x Warriors
  [Civ 2] Babylonians (despotism): 1 cities, 1 units, 0g, 3 techs, researching Ceremonial Burial (0/39)
    Babylon: size=1, prod=Warriors (0sh), bldgs=Palace
    Units: 1x Warriors
  [Civ 3] Germans (despotism): 1 cities, 2 units, 0g, 2 techs, researching Map Making (0/22)
    Berlin: size=1, prod=Warriors (0sh), bldgs=Palace
    Units: 1x Warriors, 1x Settlers
  [Civ 4] Egyptians (despotism): 1 cities, 2 units, 0g, 2 techs, researching Ceremonial Burial (0/22)
    Thebes: size=1, prod=Warriors (0sh), bldgs=Palace
    Units: 1x Warriors, 1x Settlers
  [Civ 1] Romans turn: 2 actions — MOVE_UNIT(1), UNIT_ORDER(1)
    CHANGE_PRODUCTION city=2
    CHANGE_PRODUCTION city=3

══════════════════════════════════════════════════════════════════════
  TURN 2 — 3980 B.C. (20ms)
══════════════════════════════════════════════════════════════════════
  [Civ 1] Romans (despotism): 1 cities, 1 units, 2g, 3 techs, researching Warrior Code (6/39)
    Rome: size=1, prod=Warriors (4sh), bldgs=Palace
    Units: 1x Warriors
  [Civ 2] Babylonians (despotism): 1 cities, 1 units, 1g, 3 techs, researching Ceremonial Burial (3/39)
    Babylon: size=1, prod=Warriors (2sh), bldgs=Palace
    Units: 1x Warriors
  [Civ 3] Germans (despotism): 1 cities, 2 units, 0g, 3 techs, researching Map Making (1/39)
    Berlin: size=1, prod=building:2 (3sh), bldgs=Palace
    Units: 1x Warriors, 1x Settlers
  [Civ 4] Egyptians (despotism): 1 cities, 2 units, 0g, 3 techs, researching Ceremonial Burial (2/39)
    Thebes: size=1, prod=building:8 (2sh), bldgs=Palace
    Units: 1x Warriors, 1x Settlers
  [Civ 1] Romans turn: 2 actions — MOVE_UNIT(1), UNIT_ORDER(1)

══════════════════════════════════════════════════════════════════════
  TURN 3 — 3960 B.C. (8ms)
══════════════════════════════════════════════════════════════════════
  [Civ 1] Romans (despotism): 1 cities, 1 units, 3g, 3 techs, researching Warrior Code (9/39)
    Rome: size=1, prod=Warriors (6sh), bldgs=Palace
    Units: 1x Warriors
  [Civ 2] Babylonians (despotism): 1 cities, 1 units, 2g, 3 techs, researching Ceremonial Burial (6/39)
    Babylon: size=1, prod=Warriors (4sh), bldgs=Palace
    Units: 1x Warriors
  [Civ 3] Germans (despotism): 1 cities, 2 units, 0g, 3 techs, researching Map Making (2/39)
    Berlin: size=1, prod=building:2 (6sh), bldgs=Palace
    Units: 1x Warriors, 1x Settlers
  [Civ 4] Egyptians (despotism): 1 cities, 2 units, 0g, 3 techs, researching Ceremonial Burial (4/39)
    Thebes: size=1, prod=building:8 (4sh), bldgs=Palace
    Units: 1x Warriors, 1x Settlers
  [Civ 1] Romans turn: 2 actions — MOVE_UNIT(1), UNIT_ORDER(1)

══════════════════════════════════════════════════════════════════════
  TURN 4 — 3940 B.C. (6ms)
══════════════════════════════════════════════════════════════════════
  [Civ 1] Romans (despotism): 1 cities, 1 units, 4g, 3 techs, researching Warrior Code (12/39)
    Rome: size=1, prod=Warriors (8sh), bldgs=Palace
    Units: 1x Warriors
  [Civ 2] Babylonians (despotism): 1 cities, 1 units, 3g, 3 techs, researching Ceremonial Burial (9/39)
    Babylon: size=1, prod=Warriors (6sh), bldgs=Palace
    Units: 1x Warriors
  [Civ 3] Germans (despotism): 1 cities, 2 units, 0g, 3 techs, researching Map Making (3/39)
    Berlin: size=1, prod=building:2 (9sh), bldgs=Palace
    Units: 1x Warriors, 1x Settlers
  [Civ 4] Egyptians (despotism): 1 cities, 2 units, 0g, 3 techs, researching Ceremonial Burial (6/39)
    Thebes: size=1, prod=building:8 (6sh), bldgs=Palace
    Units: 1x Warriors, 1x Settlers
  [Civ 1] Romans turn: 2 actions — MOVE_UNIT(1), UNIT_ORDER(1)
    >>> Rome built Warriors

══════════════════════════════════════════════════════════════════════
  TURN 5 — 3920 B.C. (7ms)
══════════════════════════════════════════════════════════════════════
  [Civ 1] Romans (despotism): 1 cities, 2 units, 5g, 3 techs, researching Warrior Code (15/39)
    Rome: size=1, prod=Warriors (0sh), bldgs=Palace
    Units: 2x Warriors
  [Civ 2] Babylonians (despotism): 1 cities, 1 units, 4g, 3 techs, researching Ceremonial Burial (12/39)
    Babylon: size=1, prod=Warriors (8sh), bldgs=Palace
    Units: 1x Warriors
  [Civ 3] Germans (despotism): 1 cities, 2 units, 0g, 3 techs, researching Map Making (4/39)
    Berlin: size=1, prod=building:2 (12sh), bldgs=Palace
    Units: 1x Warriors, 1x Settlers
  [Civ 4] Egyptians (despotism): 1 cities, 2 units, 0g, 3 techs, researching Ceremonial Burial (8/39)
    Thebes: size=1, prod=building:8 (8sh), bldgs=Palace
    Units: 1x Warriors, 1x Settlers
  [Civ 1] Romans turn: 5 actions — CHANGE_PRODUCTION(1), MOVE_UNIT(1), UNIT_ORDER(3)
    CHANGE_PRODUCTION city=0
    >>> Babylon built Warriors
    CHANGE_PRODUCTION city=1

══════════════════════════════════════════════════════════════════════
  TURN 6 — 3900 B.C. (6ms)
══════════════════════════════════════════════════════════════════════
  [Civ 1] Romans (despotism): 1 cities, 2 units, 6g, 3 techs, researching Warrior Code (18/39)
    Rome: size=1, prod=building:8 (2sh), bldgs=Palace
    Units: 2x Warriors
  [Civ 2] Babylonians (despotism): 1 cities, 2 units, 5g, 3 techs, researching Ceremonial Burial (15/39)
    Babylon: size=1, prod=building:8 (0sh), bldgs=Palace
    Units: 2x Warriors
  [Civ 3] Germans (despotism): 1 cities, 2 units, 0g, 3 techs, researching Map Making (5/39)
    Berlin: size=1, prod=building:2 (15sh), bldgs=Palace
    Units: 1x Warriors, 1x Settlers
  [Civ 4] Egyptians (despotism): 1 cities, 2 units, 0g, 3 techs, researching Ceremonial Burial (10/39)
    Thebes: size=1, prod=building:8 (10sh), bldgs=Palace
    Units: 1x Warriors, 1x Settlers
  [Civ 1] Romans turn: 2 actions — MOVE_UNIT(1), UNIT_ORDER(1)

══════════════════════════════════════════════════════════════════════
  TURN 7 — 3880 B.C. (6ms)
══════════════════════════════════════════════════════════════════════
  [Civ 1] Romans (despotism): 1 cities, 2 units, 7g, 3 techs, researching Warrior Code (21/39)
    Rome: size=1, prod=building:8 (4sh), bldgs=Palace
    Units: 2x Warriors
  [Civ 2] Babylonians (despotism): 1 cities, 2 units, 6g, 3 techs, researching Ceremonial Burial (18/39)
    Babylon: size=1, prod=building:8 (2sh), bldgs=Palace
    Units: 2x Warriors
  [Civ 3] Germans (despotism): 1 cities, 2 units, 0g, 3 techs, researching Map Making (6/39)
    Berlin: size=1, prod=building:2 (18sh), bldgs=Palace
    Units: 1x Warriors, 1x Settlers
  [Civ 4] Egyptians (despotism): 1 cities, 2 units, 0g, 3 techs, researching Ceremonial Burial (12/39)
    Thebes: size=1, prod=building:8 (12sh), bldgs=Palace
    Units: 1x Warriors, 1x Settlers
  [Civ 1] Romans turn: 2 actions — MOVE_UNIT(1), UNIT_ORDER(1)
    END_TURN REJECTED: 1 units still need orders
      #12 Archers(Atk) @(38,43) mv=3 ord=none hp=full

══════════════════════════════════════════════════════════════════════
  TURN 8 — 3860 B.C. (7ms)
══════════════════════════════════════════════════════════════════════
  [Civ 1] Romans (despotism): 1 cities, 2 units, 8g, 3 techs, researching Warrior Code (24/39)
    Rome: size=1, prod=building:8 (6sh), bldgs=Palace
    Units: 2x Warriors
  [Civ 2] Babylonians (despotism): 1 cities, 2 units, 7g, 3 techs, researching Ceremonial Burial (21/39)
    Babylon: size=1, prod=building:8 (4sh), bldgs=Palace
    Units: 2x Warriors
  [Civ 3] Germans (despotism): 1 cities, 3 units, 0g, 3 techs, researching Map Making (7/39)
    Berlin: size=1, prod=building:2 (21sh), bldgs=Palace
    Units: 1x Warriors, 1x Settlers, 1x Archers
  [Civ 4] Egyptians (despotism): 1 cities, 2 units, 0g, 3 techs, researching Ceremonial Burial (14/39)
    Thebes: size=1, prod=building:8 (14sh), bldgs=Palace
    Units: 1x Warriors, 1x Settlers
  [Civ 1] Romans turn: 2 actions — MOVE_UNIT(1), UNIT_ORDER(1)

══════════════════════════════════════════════════════════════════════
  TURN 9 — 3840 B.C. (7ms)
══════════════════════════════════════════════════════════════════════
  [Civ 1] Romans (despotism): 1 cities, 2 units, 9g, 3 techs, researching Warrior Code (27/39)
    Rome: size=1, prod=building:8 (8sh), bldgs=Palace
    Units: 2x Warriors
  [Civ 2] Babylonians (despotism): 1 cities, 2 units, 8g, 3 techs, researching Ceremonial Burial (24/39)
    Babylon: size=1, prod=building:8 (6sh), bldgs=Palace
    Units: 2x Warriors
  [Civ 3] Germans (despotism): 1 cities, 3 units, 0g, 3 techs, researching Map Making (8/39)
    Berlin: size=1, prod=building:2 (24sh), bldgs=Palace
    Units: 1x Warriors, 1x Settlers, 1x Archers
  [Civ 4] Egyptians (despotism): 1 cities, 2 units, 0g, 3 techs, researching Ceremonial Burial (16/39)
    Thebes: size=1, prod=building:8 (16sh), bldgs=Palace
    Units: 1x Warriors, 1x Settlers
  [Civ 1] Romans turn: 2 actions — MOVE_UNIT(1), UNIT_ORDER(1)
    >>> Rome grew to size 2

══════════════════════════════════════════════════════════════════════
  TURN 10 — 3820 B.C. (9ms)
══════════════════════════════════════════════════════════════════════
  [Civ 1] Romans (despotism): 1 cities, 2 units, 11g, 3 techs, researching Warrior Code (30/39)
    Rome: size=2, prod=building:8 (11sh), bldgs=Palace
    Units: 2x Warriors
  [Civ 2] Babylonians (despotism): 1 cities, 2 units, 9g, 3 techs, researching Ceremonial Burial (27/39)
    Babylon: size=1, prod=building:8 (8sh), bldgs=Palace
    Units: 2x Warriors
  [Civ 3] Germans (despotism): 1 cities, 3 units, 0g, 3 techs, researching Map Making (9/39)
    Berlin: size=1, prod=building:2 (27sh), bldgs=Palace
    Units: 1x Warriors, 1x Settlers, 1x Archers
  [Civ 4] Egyptians (despotism): 1 cities, 2 units, 0g, 3 techs, researching Ceremonial Burial (18/39)
    Thebes: size=1, prod=building:8 (18sh), bldgs=Palace
    Units: 1x Warriors, 1x Settlers
  [Civ 1] Romans turn: 2 actions — MOVE_UNIT(1), UNIT_ORDER(1)
    >>> Babylon grew to size 2
    >>> Thebes grew to size 2

══════════════════════════════════════════════════════════════════════
  TURN 11 — 3800 B.C. (10ms)
══════════════════════════════════════════════════════════════════════
  [Civ 1] Romans (despotism): 1 cities, 2 units, 13g, 3 techs, researching Warrior Code (33/39)
    Rome: size=2, prod=building:8 (14sh), bldgs=Palace
    Units: 2x Warriors
  [Civ 2] Babylonians (despotism): 1 cities, 2 units, 11g, 3 techs, researching Ceremonial Burial (30/39)
    Babylon: size=2, prod=building:8 (11sh), bldgs=Palace
    Units: 2x Warriors
  [Civ 3] Germans (despotism): 1 cities, 3 units, 0g, 3 techs, researching Map Making (10/39)
    Berlin: size=1, prod=building:2 (30sh), bldgs=Palace
    Units: 1x Warriors, 1x Settlers, 1x Archers
  [Civ 4] Egyptians (despotism): 1 cities, 2 units, 0g, 3 techs, researching Ceremonial Burial (20/39)
    Thebes: size=2, prod=building:8 (21sh), bldgs=Palace
    Units: 1x Warriors, 1x Settlers
  [Civ 1] Romans turn: 2 actions — MOVE_UNIT(1), UNIT_ORDER(1)

══════════════════════════════════════════════════════════════════════
  TURN 12 — 3780 B.C. (6ms)
══════════════════════════════════════════════════════════════════════
  [Civ 1] Romans (despotism): 1 cities, 2 units, 44g, 3 techs, researching Warrior Code (36/39)
    Rome: size=2, prod=building:8 (17sh), bldgs=Palace
    Units: 2x Warriors
  [Civ 2] Babylonians (despotism): 1 cities, 2 units, 13g, 3 techs, researching Ceremonial Burial (33/39)
    Babylon: size=2, prod=building:8 (14sh), bldgs=Palace
    Units: 2x Warriors
  [Civ 3] Germans (despotism): 1 cities, 3 units, 0g, 3 techs, researching Map Making (11/39)
    Berlin: size=1, prod=building:2 (33sh), bldgs=Palace
    Units: 1x Warriors, 1x Settlers, 1x Archers
  [Civ 4] Egyptians (despotism): 1 cities, 2 units, 0g, 3 techs, researching Ceremonial Burial (22/39)
    Thebes: size=2, prod=building:8 (24sh), bldgs=Palace
    Units: 1x Warriors, 1x Settlers
  [Civ 1] Romans turn: 2 actions — MOVE_UNIT(1), UNIT_ORDER(1)
    END_TURN REJECTED: 1 units still need orders
      #13 Archers(Atk) @(31,57) mv=3 ord=none hp=full
    >>> Romans discovered: Warrior Code

══════════════════════════════════════════════════════════════════════
  TURN 13 — 3760 B.C. (9ms)
══════════════════════════════════════════════════════════════════════
  [Civ 1] Romans (despotism): 1 cities, 2 units, 44g, 4 techs, researching none (0/52)
    Rome: size=2, prod=building:8 (20sh), bldgs=Palace
    Units: 2x Warriors
  [Civ 2] Babylonians (despotism): 1 cities, 3 units, 15g, 3 techs, researching Ceremonial Burial (36/36)
    Babylon: size=2, prod=building:8 (17sh), bldgs=Palace
    Units: 2x Warriors, 1x Archers
  [Civ 3] Germans (despotism): 1 cities, 3 units, 0g, 3 techs, researching Map Making (12/36)
    Berlin: size=1, prod=building:2 (36sh), bldgs=Palace
    Units: 1x Warriors, 1x Settlers, 1x Archers
  [Civ 4] Egyptians (despotism): 1 cities, 2 units, 0g, 3 techs, researching Ceremonial Burial (24/36)
    Thebes: size=2, prod=building:8 (27sh), bldgs=Palace
    Units: 1x Warriors, 1x Settlers
  [Civ 1] Romans turn: 3 actions — SET_RESEARCH(1), MOVE_UNIT(1), UNIT_ORDER(1)
    SET_RESEARCH tech=Iron Working
    >>> Babylonians discovered: Ceremonial Burial
    SET_RESEARCH tech=Code of Laws

══════════════════════════════════════════════════════════════════════
  TURN 14 — 3740 B.C. (6ms)
══════════════════════════════════════════════════════════════════════
  [Civ 1] Romans (despotism): 1 cities, 2 units, 46g, 4 techs, researching Iron Working (3/52)
    Rome: size=2, prod=building:8 (23sh), bldgs=Palace
    Units: 2x Warriors
  [Civ 2] Babylonians (despotism): 1 cities, 3 units, 15g, 4 techs, researching Code of Laws (0/52)
    Babylon: size=2, prod=building:8 (20sh), bldgs=Palace
    Units: 2x Warriors, 1x Archers
  [Civ 3] Germans (despotism): 1 cities, 3 units, 0g, 3 techs, researching Map Making (13/36)
    Berlin: size=1, prod=building:2 (39sh), bldgs=Palace
    Units: 1x Warriors, 1x Settlers, 1x Archers
  [Civ 4] Egyptians (despotism): 1 cities, 2 units, 0g, 3 techs, researching Ceremonial Burial (26/36)
    Thebes: size=2, prod=building:8 (30sh), bldgs=Palace
    Units: 1x Warriors, 1x Settlers
  [Civ 1] Romans turn: 2 actions — MOVE_UNIT(1), UNIT_ORDER(1)
    >>> Berlin built building:2
    >>> Berlin sold Barracks

══════════════════════════════════════════════════════════════════════
  TURN 15 — 3720 B.C. (8ms)
══════════════════════════════════════════════════════════════════════
  [Civ 1] Romans (despotism): 1 cities, 2 units, 48g, 4 techs, researching Iron Working (6/52)
    Rome: size=2, prod=building:8 (26sh), bldgs=Palace
    Units: 2x Warriors
  [Civ 2] Babylonians (despotism): 1 cities, 3 units, 17g, 4 techs, researching Code of Laws (3/52)
    Babylon: size=2, prod=building:8 (23sh), bldgs=Palace
    Units: 2x Warriors, 1x Archers
  [Civ 3] Germans (despotism): 1 cities, 3 units, 39g, 3 techs, researching Map Making (14/36)
    Berlin: size=1, prod=building:2 (2sh), bldgs=Palace
    Units: 1x Warriors, 1x Settlers, 1x Archers
  [Civ 4] Egyptians (despotism): 1 cities, 2 units, 0g, 3 techs, researching Ceremonial Burial (28/36)
    Thebes: size=2, prod=building:8 (33sh), bldgs=Palace
    Units: 1x Warriors, 1x Settlers
  [Civ 1] Romans turn: 2 actions — MOVE_UNIT(1), UNIT_ORDER(1)

══════════════════════════════════════════════════════════════════════
  TURN 16 — 3700 B.C. (8ms)
══════════════════════════════════════════════════════════════════════
  [Civ 1] Romans (despotism): 1 cities, 2 units, 50g, 4 techs, researching Iron Working (9/52)
    Rome: size=2, prod=building:8 (29sh), bldgs=Palace
    Units: 2x Warriors
  [Civ 2] Babylonians (despotism): 1 cities, 3 units, 19g, 4 techs, researching Code of Laws (6/52)
    Babylon: size=2, prod=building:8 (26sh), bldgs=Palace
    Units: 2x Warriors, 1x Archers
  [Civ 3] Germans (despotism): 1 cities, 3 units, 39g, 3 techs, researching Map Making (15/36)
    Berlin: size=1, prod=building:2 (5sh), bldgs=Palace
    Units: 1x Warriors, 1x Settlers, 1x Archers
  [Civ 4] Egyptians (despotism): 1 cities, 2 units, 0g, 3 techs, researching Ceremonial Burial (30/36)
    Thebes: size=2, prod=building:8 (36sh), bldgs=Palace
    Units: 1x Warriors, 1x Settlers
  [Civ 1] Romans turn: 2 actions — MOVE_UNIT(1), UNIT_ORDER(1)

══════════════════════════════════════════════════════════════════════
  TURN 17 — 3680 B.C. (4ms)
══════════════════════════════════════════════════════════════════════
  [Civ 1] Romans (despotism): 1 cities, 2 units, 52g, 4 techs, researching Iron Working (12/52)
    Rome: size=2, prod=building:8 (32sh), bldgs=Palace
    Units: 2x Warriors
  [Civ 2] Babylonians (despotism): 1 cities, 3 units, 21g, 4 techs, researching Code of Laws (9/52)
    Babylon: size=2, prod=building:8 (29sh), bldgs=Palace
    Units: 2x Warriors, 1x Archers
  [Civ 3] Germans (despotism): 1 cities, 3 units, 39g, 3 techs, researching Map Making (16/36)
    Berlin: size=1, prod=building:2 (8sh), bldgs=Palace
    Units: 1x Warriors, 1x Settlers, 1x Archers
  [Civ 4] Egyptians (despotism): 1 cities, 2 units, 0g, 3 techs, researching Ceremonial Burial (32/36)
    Thebes: size=2, prod=building:8 (39sh), bldgs=Palace
    Units: 1x Warriors, 1x Settlers
  [Civ 1] Romans turn: 2 actions — MOVE_UNIT(1), UNIT_ORDER(1)

══════════════════════════════════════════════════════════════════════
  TURN 18 — 3660 B.C. (5ms)
══════════════════════════════════════════════════════════════════════
  [Civ 1] Romans (despotism): 1 cities, 2 units, 54g, 4 techs, researching Iron Working (15/52)
    Rome: size=2, prod=building:8 (35sh), bldgs=Palace
    Units: 2x Warriors
  [Civ 2] Babylonians (despotism): 1 cities, 3 units, 23g, 4 techs, researching Code of Laws (12/52)
    Babylon: size=2, prod=building:8 (32sh), bldgs=Palace
    Units: 2x Warriors, 1x Archers
  [Civ 3] Germans (despotism): 1 cities, 3 units, 39g, 3 techs, researching Map Making (17/36)
    Berlin: size=1, prod=building:2 (11sh), bldgs=Palace
    Units: 1x Warriors, 1x Settlers, 1x Archers
  [Civ 4] Egyptians (despotism): 1 cities, 2 units, 0g, 3 techs, researching Ceremonial Burial (34/36)
    Thebes: size=2, prod=building:8 (42sh), bldgs=Palace
    Units: 1x Warriors, 1x Settlers
  [Civ 1] Romans turn: 2 actions — MOVE_UNIT(1), UNIT_ORDER(1)
    >>> Egyptians discovered: Ceremonial Burial
    SET_RESEARCH tech=Map Making

══════════════════════════════════════════════════════════════════════
  TURN 19 — 3640 B.C. (6ms)
══════════════════════════════════════════════════════════════════════
  [Civ 1] Romans (despotism): 1 cities, 2 units, 56g, 4 techs, researching Iron Working (18/52)
    Rome: size=2, prod=building:8 (38sh), bldgs=Palace
    Units: 2x Warriors
  [Civ 2] Babylonians (despotism): 1 cities, 3 units, 25g, 4 techs, researching Code of Laws (15/52)
    Babylon: size=2, prod=building:8 (35sh), bldgs=Palace
    Units: 2x Warriors, 1x Archers
  [Civ 3] Germans (despotism): 1 cities, 3 units, 39g, 3 techs, researching Map Making (18/36)
    Berlin: size=1, prod=building:2 (14sh), bldgs=Palace
    Units: 1x Warriors, 1x Settlers, 1x Archers
  [Civ 4] Egyptians (despotism): 1 cities, 2 units, 0g, 4 techs, researching Map Making (0/52)
    Thebes: size=2, prod=building:8 (45sh), bldgs=Palace
    Units: 1x Warriors, 1x Settlers
  [Civ 1] Romans turn: 2 actions — MOVE_UNIT(1), UNIT_ORDER(1)
    END_TURN REJECTED: 1 units still need orders
      #14 Archers(Atk) @(37,59) mv=3 ord=none hp=full

══════════════════════════════════════════════════════════════════════
  TURN 20 — 3620 B.C. (6ms)
══════════════════════════════════════════════════════════════════════
  [Civ 1] Romans (despotism): 1 cities, 2 units, 58g, 5 techs, researching Iron Working (21/70)
    Rome: size=2, prod=building:8 (41sh), bldgs=Palace
    Units: 2x Warriors
  [Civ 2] Babylonians (despotism): 1 cities, 4 units, 27g, 4 techs, researching Code of Laws (18/48)
    Babylon: size=2, prod=building:8 (38sh), bldgs=Palace
    Units: 2x Warriors, 2x Archers
  [Civ 3] Germans (despotism): 1 cities, 3 units, 39g, 3 techs, researching Map Making (19/36)
    Berlin: size=1, prod=building:2 (17sh), bldgs=Palace
    Units: 1x Warriors, 1x Settlers, 1x Archers
  [Civ 4] Egyptians (despotism): 1 cities, 2 units, 0g, 4 techs, researching Map Making (2/48)
    Thebes: size=2, prod=building:8 (48sh), bldgs=Palace
    Units: 1x Warriors, 1x Settlers
  [Civ 1] Romans turn: 2 actions — MOVE_UNIT(1), UNIT_ORDER(1)
    >>> Berlin grew to size 2

══════════════════════════════════════════════════════════════════════
  TURN 21 — 3600 B.C. (10ms)
══════════════════════════════════════════════════════════════════════
  [Civ 1] Romans (despotism): 1 cities, 2 units, 60g, 5 techs, researching Iron Working (24/70)
    Rome: size=2, prod=building:8 (44sh), bldgs=Palace
    Units: 2x Warriors
  [Civ 2] Babylonians (despotism): 1 cities, 4 units, 29g, 4 techs, researching Code of Laws (21/48)
    Babylon: size=2, prod=building:8 (41sh), bldgs=Palace
    Units: 2x Warriors, 2x Archers
  [Civ 3] Germans (despotism): 1 cities, 3 units, 39g, 4 techs, researching Map Making (21/48)
    Berlin: size=2, prod=building:2 (21sh), bldgs=Palace
    Units: 1x Warriors, 1x Settlers, 1x Archers
  [Civ 4] Egyptians (despotism): 1 cities, 2 units, 0g, 4 techs, researching Map Making (4/48)
    Thebes: size=2, prod=building:8 (51sh), bldgs=Palace
    Units: 1x Warriors, 1x Settlers
  [Civ 1] Romans turn: 2 actions — MOVE_UNIT(1), UNIT_ORDER(1)

══════════════════════════════════════════════════════════════════════
  TURN 22 — 3580 B.C. (5ms)
══════════════════════════════════════════════════════════════════════
  [Civ 1] Romans (despotism): 1 cities, 2 units, 62g, 5 techs, researching Iron Working (27/70)
    Rome: size=2, prod=building:8 (47sh), bldgs=Palace
    Units: 2x Warriors
  [Civ 2] Babylonians (despotism): 1 cities, 4 units, 31g, 4 techs, researching Code of Laws (24/48)
    Babylon: size=2, prod=building:8 (44sh), bldgs=Palace
    Units: 2x Warriors, 2x Archers
  [Civ 3] Germans (despotism): 1 cities, 3 units, 39g, 4 techs, researching Map Making (23/48)
    Berlin: size=2, prod=building:2 (25sh), bldgs=Palace
    Units: 1x Warriors, 1x Settlers, 1x Archers
  [Civ 4] Egyptians (despotism): 1 cities, 2 units, 0g, 4 techs, researching Map Making (6/48)
    Thebes: size=2, prod=building:8 (54sh), bldgs=Palace
    Units: 1x Warriors, 1x Settlers
  [Civ 1] Romans turn: 2 actions — MOVE_UNIT(1), UNIT_ORDER(1)

══════════════════════════════════════════════════════════════════════
  TURN 23 — 3560 B.C. (4ms)
══════════════════════════════════════════════════════════════════════
  [Civ 1] Romans (despotism): 1 cities, 2 units, 64g, 5 techs, researching Iron Working (30/70)
    Rome: size=2, prod=building:8 (50sh), bldgs=Palace
    Units: 2x Warriors
  [Civ 2] Babylonians (despotism): 1 cities, 4 units, 33g, 4 techs, researching Code of Laws (27/48)
    Babylon: size=2, prod=building:8 (47sh), bldgs=Palace
    Units: 2x Warriors, 2x Archers
  [Civ 3] Germans (despotism): 1 cities, 3 units, 39g, 4 techs, researching Map Making (25/48)
    Berlin: size=2, prod=building:2 (29sh), bldgs=Palace
    Units: 1x Warriors, 1x Settlers, 1x Archers
  [Civ 4] Egyptians (despotism): 1 cities, 2 units, 0g, 4 techs, researching Map Making (8/48)
    Thebes: size=2, prod=building:8 (57sh), bldgs=Palace
    Units: 1x Warriors, 1x Settlers
  [Civ 1] Romans turn: 2 actions — MOVE_UNIT(1), UNIT_ORDER(1)

══════════════════════════════════════════════════════════════════════
  TURN 24 — 3540 B.C. (4ms)
══════════════════════════════════════════════════════════════════════
  [Civ 1] Romans (despotism): 1 cities, 2 units, 66g, 5 techs, researching Iron Working (33/70)
    Rome: size=2, prod=building:8 (53sh), bldgs=Palace
    Units: 2x Warriors
  [Civ 2] Babylonians (despotism): 1 cities, 4 units, 35g, 4 techs, researching Code of Laws (30/48)
    Babylon: size=2, prod=building:8 (50sh), bldgs=Palace
    Units: 2x Warriors, 2x Archers
  [Civ 3] Germans (despotism): 1 cities, 3 units, 39g, 4 techs, researching Map Making (27/48)
    Berlin: size=2, prod=building:2 (33sh), bldgs=Palace
    Units: 1x Warriors, 1x Settlers, 1x Archers
  [Civ 4] Egyptians (despotism): 1 cities, 2 units, 0g, 4 techs, researching Map Making (10/48)
    Thebes: size=2, prod=building:8 (60sh), bldgs=Palace
    Units: 1x Warriors, 1x Settlers
  [Civ 1] Romans turn: 2 actions — MOVE_UNIT(1), UNIT_ORDER(1)
    >>> Rome grew to size 3

══════════════════════════════════════════════════════════════════════
  TURN 25 — 3520 B.C. (5ms)
══════════════════════════════════════════════════════════════════════
  [Civ 1] Romans (despotism): 1 cities, 2 units, 68g, 5 techs, researching Iron Working (37/70)
    Rome: size=3, prod=building:8 (57sh), bldgs=Palace
    Units: 2x Warriors
  [Civ 2] Babylonians (despotism): 1 cities, 4 units, 37g, 4 techs, researching Code of Laws (33/48)
    Babylon: size=2, prod=building:8 (53sh), bldgs=Palace
    Units: 2x Warriors, 2x Archers
  [Civ 3] Germans (despotism): 1 cities, 3 units, 39g, 4 techs, researching Map Making (29/48)
    Berlin: size=2, prod=building:2 (37sh), bldgs=Palace
    Units: 1x Warriors, 1x Settlers, 1x Archers
  [Civ 4] Egyptians (despotism): 1 cities, 2 units, 0g, 4 techs, researching Map Making (12/48)
    Thebes: size=2, prod=building:8 (63sh), bldgs=Palace
    Units: 1x Warriors, 1x Settlers
  [Civ 1] Romans turn: 2 actions — MOVE_UNIT(1), UNIT_ORDER(1)
    >>> Babylon grew to size 3
    >>> Berlin built building:2
    CHANGE_PRODUCTION city=2
    >>> Thebes grew to size 3

══════════════════════════════════════════════════════════════════════
  TURN 26 — 3500 B.C. (4ms)
══════════════════════════════════════════════════════════════════════
  [Civ 1] Romans (despotism): 1 cities, 2 units, 70g, 5 techs, researching Iron Working (41/70)
    Rome: size=3, prod=building:8 (61sh), bldgs=Palace
    Units: 2x Warriors
  [Civ 2] Babylonians (despotism): 1 cities, 4 units, 39g, 4 techs, researching Code of Laws (37/48)
    Babylon: size=3, prod=building:8 (57sh), bldgs=Palace
    Units: 2x Warriors, 2x Archers
  [Civ 3] Germans (despotism): 1 cities, 3 units, 38g, 4 techs, researching Map Making (31/48)
    Berlin: size=2, prod=Warriors (1sh), bldgs=Palace, Barracks
    Units: 1x Warriors, 1x Settlers, 1x Archers
  [Civ 4] Egyptians (despotism): 1 cities, 2 units, 0g, 4 techs, researching Map Making (14/48)
    Thebes: size=3, prod=building:8 (67sh), bldgs=Palace
    Units: 1x Warriors, 1x Settlers
  [Civ 1] Romans turn: 2 actions — MOVE_UNIT(1), UNIT_ORDER(1)

══════════════════════════════════════════════════════════════════════
  TURN 27 — 3480 B.C. (4ms)
══════════════════════════════════════════════════════════════════════
  [Civ 1] Romans (despotism): 1 cities, 2 units, 72g, 5 techs, researching Iron Working (45/70)
    Rome: size=3, prod=building:8 (65sh), bldgs=Palace
    Units: 2x Warriors
  [Civ 2] Babylonians (despotism): 1 cities, 4 units, 41g, 4 techs, researching Code of Laws (41/48)
    Babylon: size=3, prod=building:8 (61sh), bldgs=Palace
    Units: 2x Warriors, 2x Archers
  [Civ 3] Germans (despotism): 1 cities, 3 units, 37g, 4 techs, researching Map Making (33/48)
    Berlin: size=2, prod=Warriors (5sh), bldgs=Palace, Barracks
    Units: 1x Warriors, 1x Settlers, 1x Archers
  [Civ 4] Egyptians (despotism): 1 cities, 2 units, 0g, 4 techs, researching Map Making (16/48)
    Thebes: size=3, prod=building:8 (71sh), bldgs=Palace
    Units: 1x Warriors, 1x Settlers
  [Civ 1] Romans turn: 2 actions — MOVE_UNIT(1), UNIT_ORDER(1)
    ADJUST_ATTITUDE target=civ2

══════════════════════════════════════════════════════════════════════
  TURN 28 — 3460 B.C. (5ms)
══════════════════════════════════════════════════════════════════════
  [Civ 1] Romans (despotism): 1 cities, 2 units, 74g, 5 techs, researching Iron Working (49/70)
    Rome: size=3, prod=building:8 (69sh), bldgs=Palace
    Units: 2x Warriors
  [Civ 2] Babylonians (despotism): 1 cities, 4 units, 43g, 4 techs, researching Code of Laws (45/48)
    Babylon: size=3, prod=building:8 (65sh), bldgs=Palace
    Units: 2x Warriors, 2x Archers
  [Civ 3] Germans (despotism): 1 cities, 3 units, 36g, 4 techs, researching Map Making (35/48)
    Berlin: size=2, prod=Warriors (9sh), bldgs=Palace, Barracks
    Units: 1x Warriors, 1x Settlers, 1x Archers
  [Civ 4] Egyptians (despotism): 1 cities, 2 units, 0g, 4 techs, researching Map Making (18/48)
    Thebes: size=3, prod=building:8 (75sh), bldgs=Palace
    Units: 1x Warriors, 1x Settlers
  [Civ 1] Romans turn: 2 actions — MOVE_UNIT(1), UNIT_ORDER(1)
    >>> Babylonians discovered: Code of Laws
    SET_RESEARCH tech=Map Making
    COMBAT: Warriors vs Settlers → defWin (atkHp=undefined, defHp=undefined)
    COMBAT: Archers vs Settlers → atkWin (atkHp=undefined, defHp=undefined)
    1 actions REJECTED (of 7)
    >>> Berlin built Warriors
    ADJUST_ATTITUDE target=civ2

══════════════════════════════════════════════════════════════════════
  TURN 29 — 3440 B.C. (9ms)
══════════════════════════════════════════════════════════════════════
  [Civ 1] Romans (despotism): 1 cities, 2 units, 76g, 5 techs, researching Iron Working (53/70)
    Rome: size=3, prod=building:8 (73sh), bldgs=Palace
    Units: 2x Warriors
  [Civ 2] Babylonians (despotism): 1 cities, 3 units, 43g, 5 techs, researching Map Making (0/70)
    Babylon: size=3, prod=building:8 (69sh), bldgs=Palace
    Units: 1x Warriors, 2x Archers
  [Civ 3] Germans (despotism): 1 cities, 3 units, 35g, 4 techs, researching Map Making (37/48)
    Berlin: size=2, prod=Warriors (3sh), bldgs=Palace, Barracks
    Units: 2x Warriors, 1x Archers
  [Civ 4] Egyptians (despotism): 1 cities, 2 units, 0g, 4 techs, researching Map Making (20/48)
    Thebes: size=3, prod=building:8 (79sh), bldgs=Palace
    Units: 1x Warriors, 1x Settlers
  [Civ 1] Romans turn: 2 actions — MOVE_UNIT(1), UNIT_ORDER(1)
    COMBAT: Archers vs Warriors → defWin (atkHp=undefined, defHp=undefined)
    1 actions REJECTED (of 4)
    ADJUST_ATTITUDE target=civ2
    >>> Thebes built building:8
    CHANGE_PRODUCTION city=3

══════════════════════════════════════════════════════════════════════
  TURN 30 — 3420 B.C. (5ms)
══════════════════════════════════════════════════════════════════════
  [Civ 1] Romans (despotism): 1 cities, 2 units, 78g, 5 techs, researching Iron Working (57/70)
    Rome: size=3, prod=building:8 (77sh), bldgs=Palace
    Units: 2x Warriors
  [Civ 2] Babylonians (despotism): 1 cities, 2 units, 45g, 5 techs, researching Map Making (4/70)
    Babylon: size=3, prod=building:8 (73sh), bldgs=Palace
    Units: 1x Warriors, 1x Archers
  [Civ 3] Germans (despotism): 1 cities, 3 units, 34g, 4 techs, researching Map Making (39/48)
    Berlin: size=2, prod=Warriors (7sh), bldgs=Palace, Barracks
    Units: 2x Warriors, 1x Archers
  [Civ 4] Egyptians (despotism): 1 cities, 2 units, 0g, 4 techs, researching Map Making (22/48)
    Thebes: size=3, prod=Warriors (3sh), bldgs=Palace, City Walls
    Units: 1x Warriors, 1x Settlers
  [Civ 1] Romans turn: 2 actions — MOVE_UNIT(1), UNIT_ORDER(1)
    ADJUST_ATTITUDE target=civ3
    COMBAT: Archers vs Warriors → defWin (atkHp=undefined, defHp=undefined)
    1 actions REJECTED (of 3)
    >>> Berlin built Warriors
    ADJUST_ATTITUDE target=civ2
    ADJUST_ATTITUDE target=civ2
    CHANGE_PRODUCTION city=2
    ADJUST_ATTITUDE target=civ3
    ADJUST_ATTITUDE target=civ3
    ADJUST_ATTITUDE target=civ3
    CHANGE_PRODUCTION city=3
    >>> Rome built building:8

══════════════════════════════════════════════════════════════════════
  TURN 31 — 3400 B.C. (6ms)
══════════════════════════════════════════════════════════════════════
  [Civ 1] Romans (despotism): 1 cities, 2 units, 80g, 5 techs, researching Iron Working (61/70)
    Rome: size=3, prod=building:8 (1sh), bldgs=Palace, City Walls
    Units: 2x Warriors
  [Civ 2] Babylonians (despotism): 1 cities, 1 units, 47g, 5 techs, researching Map Making (8/70)
    Babylon: size=3, prod=building:8 (77sh), bldgs=Palace
    Units: 1x Warriors
  [Civ 3] Germans (despotism): 1 cities, 4 units, 33g, 4 techs, researching Map Making (41/48)
    Berlin: size=2, prod=building:8 (1sh), bldgs=Palace, Barracks
    Units: 3x Warriors, 1x Archers
  [Civ 4] Egyptians (despotism): 1 cities, 2 units, 0g, 4 techs, researching Map Making (24/48)
    Thebes: size=3, prod=building:2 (7sh), bldgs=Palace, City Walls
    Units: 1x Warriors, 1x Settlers
  [Civ 1] Romans turn: 3 actions — CHANGE_PRODUCTION(1), MOVE_UNIT(1), UNIT_ORDER(1)
    CHANGE_PRODUCTION city=0
    >>> Babylon built building:8
    ADJUST_ATTITUDE target=civ3
    PROPOSE_TREATY treaty=ceasefire target=civ3
    ADJUST_ATTITUDE target=civ3
    CHANGE_PRODUCTION city=1
    ADJUST_ATTITUDE target=civ2
    ADJUST_ATTITUDE target=civ2
    COMBAT: Warriors vs Settlers → defWin (atkHp=undefined, defHp=undefined)
    COMBAT: Archers vs Settlers → defWin (atkHp=undefined, defHp=undefined)
    2 actions REJECTED (of 8)

══════════════════════════════════════════════════════════════════════
  TURN 32 — 3380 B.C. (7ms)
══════════════════════════════════════════════════════════════════════
  [Civ 1] Romans (despotism): 1 cities, 2 units, 82g, 5 techs, researching Iron Working (65/70)
    Rome: size=3, prod=Archers (5sh), bldgs=Palace, City Walls
    Units: 2x Warriors
  [Civ 2] Babylonians (despotism): 1 cities, 1 units, 49g, 5 techs, researching Map Making (12/70)
    Babylon: size=3, prod=Settlers (1sh), bldgs=Palace, City Walls
    Units: 1x Warriors
  [Civ 3] Germans (despotism): 1 cities, 2 units, 32g, 4 techs, researching Map Making (43/48)
    Berlin: size=2, prod=building:8 (5sh), bldgs=Palace, Barracks
    Units: 2x Warriors
  [Civ 4] Egyptians (despotism): 1 cities, 2 units, 0g, 4 techs, researching Map Making (26/48)
    Thebes: size=3, prod=building:2 (11sh), bldgs=Palace, City Walls
    Units: 1x Warriors, 1x Settlers
  [Civ 1] Romans turn: 5 actions — ADJUST_ATTITUDE(3), MOVE_UNIT(1), UNIT_ORDER(1)
    ADJUST_ATTITUDE target=civ2
    ADJUST_ATTITUDE target=civ3
    ADJUST_ATTITUDE target=civ4
    ADJUST_ATTITUDE target=civ1
    ADJUST_ATTITUDE target=civ3
    ADJUST_ATTITUDE target=civ4
    PROPOSE_TREATY treaty=peace target=civ3
    ADJUST_ATTITUDE target=civ3
    ADJUST_ATTITUDE target=civ1
    ADJUST_ATTITUDE target=civ2
    ADJUST_ATTITUDE target=civ4
    ADJUST_ATTITUDE target=civ2
    ADJUST_ATTITUDE target=civ4
    ADJUST_ATTITUDE target=civ2
    ADJUST_ATTITUDE target=civ1
    ADJUST_ATTITUDE target=civ2
    ADJUST_ATTITUDE target=civ3
    ADJUST_ATTITUDE target=civ3

══════════════════════════════════════════════════════════════════════
  TURN 33 — 3360 B.C. (8ms)
══════════════════════════════════════════════════════════════════════
  [Civ 1] Romans (despotism): 1 cities, 2 units, 84g, 5 techs, researching Iron Working (69/70)
    Rome: size=3, prod=Archers (9sh), bldgs=Palace, City Walls
    Units: 2x Warriors
  [Civ 2] Babylonians (despotism): 1 cities, 1 units, 51g, 5 techs, researching Map Making (16/70)
    Babylon: size=3, prod=Settlers (5sh), bldgs=Palace, City Walls
    Units: 1x Warriors
  [Civ 3] Germans (despotism): 1 cities, 2 units, 31g, 4 techs, researching Map Making (45/48)
    Berlin: size=2, prod=building:8 (9sh), bldgs=Palace, Barracks
    Units: 2x Warriors
  [Civ 4] Egyptians (despotism): 1 cities, 2 units, 0g, 4 techs, researching Map Making (28/48)
    Thebes: size=3, prod=building:2 (15sh), bldgs=Palace, City Walls
    Units: 1x Warriors, 1x Settlers
  [Civ 1] Romans turn: 2 actions — MOVE_UNIT(1), UNIT_ORDER(1)
    ADJUST_ATTITUDE target=civ3
    ADJUST_ATTITUDE target=civ4
    ADJUST_ATTITUDE target=civ2
    ADJUST_ATTITUDE target=civ4
    ADJUST_ATTITUDE target=civ3
    PROPOSE_TREATY treaty=peace target=civ3
    ADJUST_ATTITUDE target=civ3
    >>> Romans discovered: Iron Working

══════════════════════════════════════════════════════════════════════
  TURN 34 — 3340 B.C. (8ms)
══════════════════════════════════════════════════════════════════════
  [Civ 1] Romans (despotism): 1 cities, 2 units, 84g, 6 techs, researching none (0/84)
    Rome: size=3, prod=Archers (13sh), bldgs=Palace, City Walls
    Units: 2x Warriors
  [Civ 2] Babylonians (despotism): 1 cities, 1 units, 53g, 5 techs, researching Map Making (20/65)
    Babylon: size=3, prod=Settlers (9sh), bldgs=Palace, City Walls
    Units: 1x Warriors
  [Civ 3] Germans (despotism): 1 cities, 2 units, 30g, 4 techs, researching Map Making (47/48)
    Berlin: size=2, prod=building:8 (13sh), bldgs=Palace, Barracks
    Units: 2x Warriors
  [Civ 4] Egyptians (despotism): 1 cities, 2 units, 0g, 4 techs, researching Map Making (30/48)
    Thebes: size=3, prod=building:2 (19sh), bldgs=Palace, City Walls
    Units: 1x Warriors, 1x Settlers
  [Civ 1] Romans turn: 3 actions — SET_RESEARCH(1), MOVE_UNIT(1), UNIT_ORDER(1)
    SET_RESEARCH tech=Map Making
    ADJUST_ATTITUDE target=civ3
    >>> Germans discovered: Map Making
    SET_RESEARCH tech=Currency
    ADJUST_ATTITUDE target=civ2
    ADJUST_ATTITUDE target=civ4
    ADJUST_ATTITUDE target=civ4
    ADJUST_ATTITUDE target=civ3

══════════════════════════════════════════════════════════════════════
  TURN 35 — 3320 B.C. (6ms)
══════════════════════════════════════════════════════════════════════
  [Civ 1] Romans (despotism): 1 cities, 2 units, 86g, 6 techs, researching Map Making (4/84)
    Rome: size=3, prod=Archers (17sh), bldgs=Palace, City Walls
    Units: 2x Warriors
  [Civ 2] Babylonians (despotism): 1 cities, 1 units, 55g, 5 techs, researching Map Making (24/65)
    Babylon: size=3, prod=Settlers (13sh), bldgs=Palace, City Walls
    Units: 1x Warriors
  [Civ 3] Germans (despotism): 1 cities, 2 units, 30g, 5 techs, researching Currency (0/65)
    Berlin: size=2, prod=building:8 (17sh), bldgs=Palace, Barracks
    Units: 2x Warriors
  [Civ 4] Egyptians (despotism): 1 cities, 2 units, 0g, 4 techs, researching Map Making (32/48)
    Thebes: size=3, prod=building:2 (23sh), bldgs=Palace, City Walls
    Units: 1x Warriors, 1x Settlers
  [Civ 1] Romans turn: 2 actions — MOVE_UNIT(1), UNIT_ORDER(1)
    ADJUST_ATTITUDE target=civ3
    ADJUST_ATTITUDE target=civ2
    ADJUST_ATTITUDE target=civ4
    ADJUST_ATTITUDE target=civ3

══════════════════════════════════════════════════════════════════════
  TURN 36 — 3300 B.C. (4ms)
══════════════════════════════════════════════════════════════════════
  [Civ 1] Romans (despotism): 1 cities, 2 units, 88g, 6 techs, researching Map Making (8/84)
    Rome: size=3, prod=Archers (21sh), bldgs=Palace, City Walls
    Units: 2x Warriors
  [Civ 2] Babylonians (despotism): 1 cities, 1 units, 57g, 5 techs, researching Map Making (28/65)
    Babylon: size=3, prod=Settlers (17sh), bldgs=Palace, City Walls
    Units: 1x Warriors
  [Civ 3] Germans (despotism): 1 cities, 2 units, 29g, 5 techs, researching Currency (2/65)
    Berlin: size=2, prod=building:8 (21sh), bldgs=Palace, Barracks
    Units: 2x Warriors
  [Civ 4] Egyptians (despotism): 1 cities, 2 units, 0g, 4 techs, researching Map Making (34/48)
    Thebes: size=3, prod=building:2 (27sh), bldgs=Palace, City Walls
    Units: 1x Warriors, 1x Settlers
  [Civ 1] Romans turn: 2 actions — MOVE_UNIT(1), UNIT_ORDER(1)
    ADJUST_ATTITUDE target=civ3
    ADJUST_ATTITUDE target=civ2
    ADJUST_ATTITUDE target=civ4
    ADJUST_ATTITUDE target=civ3

══════════════════════════════════════════════════════════════════════
  TURN 37 — 3280 B.C. (3ms)
══════════════════════════════════════════════════════════════════════
  [Civ 1] Romans (despotism): 1 cities, 2 units, 90g, 6 techs, researching Map Making (12/84)
    Rome: size=3, prod=Archers (25sh), bldgs=Palace, City Walls
    Units: 2x Warriors
  [Civ 2] Babylonians (despotism): 1 cities, 1 units, 59g, 5 techs, researching Map Making (32/65)
    Babylon: size=3, prod=Settlers (21sh), bldgs=Palace, City Walls
    Units: 1x Warriors
  [Civ 3] Germans (despotism): 1 cities, 2 units, 28g, 5 techs, researching Currency (4/65)
    Berlin: size=2, prod=building:8 (25sh), bldgs=Palace, Barracks
    Units: 2x Warriors
  [Civ 4] Egyptians (despotism): 1 cities, 2 units, 0g, 4 techs, researching Map Making (36/48)
    Thebes: size=3, prod=building:2 (31sh), bldgs=Palace, City Walls
    Units: 1x Warriors, 1x Settlers
  [Civ 1] Romans turn: 2 actions — MOVE_UNIT(1), UNIT_ORDER(1)
    ADJUST_ATTITUDE target=civ3
    ADJUST_ATTITUDE target=civ3

══════════════════════════════════════════════════════════════════════
  TURN 38 — 3260 B.C. (3ms)
══════════════════════════════════════════════════════════════════════
  [Civ 1] Romans (despotism): 1 cities, 2 units, 92g, 6 techs, researching Map Making (16/84)
    Rome: size=3, prod=Archers (29sh), bldgs=Palace, City Walls
    Units: 2x Warriors
  [Civ 2] Babylonians (despotism): 1 cities, 1 units, 61g, 5 techs, researching Map Making (36/65)
    Babylon: size=3, prod=Settlers (25sh), bldgs=Palace, City Walls
    Units: 1x Warriors
  [Civ 3] Germans (despotism): 1 cities, 2 units, 27g, 5 techs, researching Currency (6/65)
    Berlin: size=2, prod=building:8 (29sh), bldgs=Palace, Barracks
    Units: 2x Warriors
  [Civ 4] Egyptians (despotism): 1 cities, 2 units, 0g, 4 techs, researching Map Making (38/48)
    Thebes: size=3, prod=building:2 (35sh), bldgs=Palace, City Walls
    Units: 1x Warriors, 1x Settlers
  [Civ 1] Romans turn: 2 actions — MOVE_UNIT(1), UNIT_ORDER(1)
    ADJUST_ATTITUDE target=civ3
    ADJUST_ATTITUDE target=civ3
    >>> Rome built Archers

══════════════════════════════════════════════════════════════════════
  TURN 39 — 3240 B.C. (3ms)
══════════════════════════════════════════════════════════════════════
  [Civ 1] Romans (despotism): 1 cities, 3 units, 94g, 6 techs, researching Map Making (20/84)
    Rome: size=3, prod=Archers (3sh), bldgs=Palace, City Walls
    Units: 2x Warriors, 1x Archers
  [Civ 2] Babylonians (despotism): 1 cities, 1 units, 63g, 5 techs, researching Map Making (40/65)
    Babylon: size=3, prod=Settlers (29sh), bldgs=Palace, City Walls
    Units: 1x Warriors
  [Civ 3] Germans (despotism): 1 cities, 2 units, 26g, 5 techs, researching Currency (8/65)
    Berlin: size=2, prod=building:8 (33sh), bldgs=Palace, Barracks
    Units: 2x Warriors
  [Civ 4] Egyptians (despotism): 1 cities, 2 units, 0g, 4 techs, researching Map Making (40/48)
    Thebes: size=3, prod=building:2 (39sh), bldgs=Palace, City Walls
    Units: 1x Warriors, 1x Settlers
  [Civ 1] Romans turn: 5 actions — CHANGE_PRODUCTION(1), MOVE_UNIT(2), UNIT_ORDER(2)
    CHANGE_PRODUCTION city=0
    ADJUST_ATTITUDE target=civ3
    >>> Thebes built building:2
    >>> Thebes sold Barracks
    ADJUST_ATTITUDE target=civ3

══════════════════════════════════════════════════════════════════════
  TURN 40 — 3220 B.C. (5ms)
══════════════════════════════════════════════════════════════════════
  [Civ 1] Romans (despotism): 1 cities, 3 units, 96g, 6 techs, researching Map Making (24/84)
    Rome: size=3, prod=Legion (7sh), bldgs=Palace, City Walls
    Units: 2x Warriors, 1x Archers
  [Civ 2] Babylonians (despotism): 1 cities, 1 units, 65g, 5 techs, researching Map Making (44/65)
    Babylon: size=3, prod=Settlers (33sh), bldgs=Palace, City Walls
    Units: 1x Warriors
  [Civ 3] Germans (despotism): 1 cities, 2 units, 25g, 5 techs, researching Currency (10/65)
    Berlin: size=2, prod=building:8 (37sh), bldgs=Palace, Barracks
    Units: 2x Warriors
  [Civ 4] Egyptians (despotism): 1 cities, 2 units, 39g, 4 techs, researching Map Making (42/48)
    Thebes: size=3, prod=building:2 (3sh), bldgs=Palace, City Walls
    Units: 1x Warriors, 1x Settlers
  [Civ 1] Romans turn: 3 actions — MOVE_UNIT(2), UNIT_ORDER(1)
    ADJUST_ATTITUDE target=civ3
    PROPOSE_TREATY treaty=alliance target=civ3
    ADJUST_ATTITUDE target=civ3
    ADJUST_ATTITUDE target=civ2
    ADJUST_ATTITUDE target=civ3

══════════════════════════════════════════════════════════════════════
  TURN 41 — 3200 B.C. (9ms)
══════════════════════════════════════════════════════════════════════
  [Civ 1] Romans (despotism): 1 cities, 3 units, 98g, 6 techs, researching Map Making (28/84)
    Rome: size=3, prod=Legion (11sh), bldgs=Palace, City Walls
    Units: 2x Warriors, 1x Archers
  [Civ 2] Babylonians (despotism): 1 cities, 1 units, 67g, 5 techs, researching Map Making (48/65)
    Babylon: size=3, prod=Settlers (37sh), bldgs=Palace, City Walls
    Units: 1x Warriors
  [Civ 3] Germans (despotism): 1 cities, 2 units, 24g, 5 techs, researching Currency (12/65)
    Berlin: size=2, prod=building:8 (41sh), bldgs=Palace, Barracks
    Units: 2x Warriors
  [Civ 4] Egyptians (despotism): 1 cities, 2 units, 39g, 4 techs, researching Map Making (44/48)
    Thebes: size=3, prod=building:2 (7sh), bldgs=Palace, City Walls
    Units: 1x Warriors, 1x Settlers
  [Civ 1] Romans turn: 4 actions — MOVE_UNIT(2), UNIT_ORDER(2)
    >>> Babylon built Settlers
    ADJUST_ATTITUDE target=civ3
    ADJUST_ATTITUDE target=civ3

══════════════════════════════════════════════════════════════════════
  TURN 42 — 3180 B.C. (6ms)
══════════════════════════════════════════════════════════════════════
  [Civ 1] Romans (despotism): 1 cities, 3 units, 100g, 6 techs, researching Map Making (32/84)
    Rome: size=3, prod=Legion (15sh), bldgs=Palace, City Walls
    Units: 2x Warriors, 1x Archers
  [Civ 2] Babylonians (despotism): 1 cities, 2 units, 69g, 5 techs, researching Map Making (51/65)
    Babylon: size=2, prod=Settlers (1sh), bldgs=Palace, City Walls
    Units: 1x Warriors, 1x Settlers
  [Civ 3] Germans (despotism): 1 cities, 2 units, 23g, 5 techs, researching Currency (14/65)
    Berlin: size=2, prod=building:8 (45sh), bldgs=Palace, Barracks
    Units: 2x Warriors
  [Civ 4] Egyptians (despotism): 1 cities, 2 units, 39g, 4 techs, researching Map Making (46/48)
    Thebes: size=3, prod=building:2 (11sh), bldgs=Palace, City Walls
    Units: 1x Warriors, 1x Settlers
  [Civ 1] Romans turn: 4 actions — MOVE_UNIT(2), UNIT_ORDER(2)
    >>> Babylon grew to size 3
    ADJUST_ATTITUDE target=civ3
    >>> Egyptians discovered: Map Making
    SET_RESEARCH tech=Currency

══════════════════════════════════════════════════════════════════════
  TURN 43 — 3160 B.C. (7ms)
══════════════════════════════════════════════════════════════════════
  [Civ 1] Romans (despotism): 1 cities, 3 units, 102g, 6 techs, researching Map Making (36/84)
    Rome: size=3, prod=Legion (19sh), bldgs=Palace, City Walls
    Units: 2x Warriors, 1x Archers
  [Civ 2] Babylonians (despotism): 1 cities, 2 units, 71g, 5 techs, researching Map Making (55/65)
    Babylon: size=3, prod=Settlers (5sh), bldgs=Palace, City Walls
    Units: 1x Warriors, 1x Settlers
  [Civ 3] Germans (despotism): 1 cities, 2 units, 22g, 5 techs, researching Currency (16/65)
    Berlin: size=2, prod=building:8 (49sh), bldgs=Palace, Barracks
    Units: 2x Warriors
  [Civ 4] Egyptians (despotism): 1 cities, 2 units, 39g, 5 techs, researching Currency (0/65)
    Thebes: size=3, prod=building:2 (15sh), bldgs=Palace, City Walls
    Units: 1x Warriors, 1x Settlers
  [Civ 1] Romans turn: 4 actions — MOVE_UNIT(2), UNIT_ORDER(2)
    ADJUST_ATTITUDE target=civ3

══════════════════════════════════════════════════════════════════════
  TURN 44 — 3140 B.C. (7ms)
══════════════════════════════════════════════════════════════════════
  [Civ 1] Romans (despotism): 1 cities, 3 units, 104g, 7 techs, researching Map Making (40/105)
    Rome: size=3, prod=Legion (23sh), bldgs=Palace, City Walls
    Units: 2x Warriors, 1x Archers
  [Civ 2] Babylonians (despotism): 1 cities, 2 units, 73g, 5 techs, researching Map Making (59/65)
    Babylon: size=3, prod=Settlers (9sh), bldgs=Palace, City Walls
    Units: 1x Warriors, 1x Settlers
  [Civ 3] Germans (despotism): 1 cities, 2 units, 21g, 5 techs, researching Currency (18/65)
    Berlin: size=2, prod=building:8 (53sh), bldgs=Palace, Barracks
    Units: 2x Warriors
  [Civ 4] Egyptians (despotism): 1 cities, 2 units, 39g, 5 techs, researching Currency (2/65)
    Thebes: size=3, prod=building:2 (19sh), bldgs=Palace, City Walls
    Units: 1x Warriors, 1x Settlers
  [Civ 1] Romans turn: 5 actions — SET_RESEARCH(1), MOVE_UNIT(2), UNIT_ORDER(2)
    SET_RESEARCH tech=Currency
    SET_RESEARCH tech=Currency
    ADJUST_ATTITUDE target=civ3
    PROPOSE_TREATY treaty=alliance target=civ2
    ADJUST_ATTITUDE target=civ2
    >>> Rome grew to size 4

══════════════════════════════════════════════════════════════════════
  TURN 45 — 3120 B.C. (9ms)
══════════════════════════════════════════════════════════════════════
  [Civ 1] Romans (despotism): 1 cities, 3 units, 106g, 7 techs, researching Currency (45/105)
    Rome: size=4, prod=Legion (28sh), bldgs=Palace, City Walls
    Units: 2x Warriors, 1x Archers
  [Civ 2] Babylonians (despotism): 1 cities, 2 units, 75g, 6 techs, researching Currency (63/78)
    Babylon: size=3, prod=Settlers (13sh), bldgs=Palace, City Walls
    Units: 1x Warriors, 1x Settlers
  [Civ 3] Germans (despotism): 1 cities, 2 units, 20g, 5 techs, researching Currency (20/65)
    Berlin: size=2, prod=building:8 (57sh), bldgs=Palace, Barracks
    Units: 2x Warriors
  [Civ 4] Egyptians (despotism): 1 cities, 2 units, 39g, 5 techs, researching Currency (4/65)
    Thebes: size=3, prod=building:2 (23sh), bldgs=Palace, City Walls
    Units: 1x Warriors, 1x Settlers
  [Civ 1] Romans turn: 4 actions — MOVE_UNIT(2), UNIT_ORDER(2)
    ADJUST_ATTITUDE target=civ3
    ADJUST_ATTITUDE target=civ3
    >>> Thebes grew to size 4

══════════════════════════════════════════════════════════════════════
  TURN 46 — 3100 B.C. (7ms)
══════════════════════════════════════════════════════════════════════
  [Civ 1] Romans (despotism): 1 cities, 3 units, 108g, 7 techs, researching Currency (50/105)
    Rome: size=4, prod=Legion (33sh), bldgs=Palace, City Walls
    Units: 2x Warriors, 1x Archers
  [Civ 2] Babylonians (despotism): 1 cities, 2 units, 77g, 6 techs, researching Currency (67/78)
    Babylon: size=3, prod=Settlers (17sh), bldgs=Palace, City Walls
    Units: 1x Warriors, 1x Settlers
  [Civ 3] Germans (despotism): 1 cities, 2 units, 19g, 5 techs, researching Currency (22/65)
    Berlin: size=2, prod=building:8 (61sh), bldgs=Palace, Barracks
    Units: 2x Warriors
  [Civ 4] Egyptians (despotism): 1 cities, 2 units, 39g, 5 techs, researching Currency (7/65)
    Thebes: size=4, prod=building:2 (29sh), bldgs=Palace, City Walls
    Units: 1x Warriors, 1x Settlers
  [Civ 1] Romans turn: 4 actions — MOVE_UNIT(2), UNIT_ORDER(2)
    ADJUST_ATTITUDE target=civ3

══════════════════════════════════════════════════════════════════════
  TURN 47 — 3080 B.C. (5ms)
══════════════════════════════════════════════════════════════════════
  [Civ 1] Romans (despotism): 1 cities, 3 units, 110g, 7 techs, researching Currency (55/105)
    Rome: size=4, prod=Legion (38sh), bldgs=Palace, City Walls
    Units: 2x Warriors, 1x Archers
  [Civ 2] Babylonians (despotism): 1 cities, 2 units, 79g, 6 techs, researching Currency (71/78)
    Babylon: size=3, prod=Settlers (21sh), bldgs=Palace, City Walls
    Units: 1x Warriors, 1x Settlers
  [Civ 3] Germans (despotism): 1 cities, 2 units, 18g, 5 techs, researching Currency (24/65)
    Berlin: size=2, prod=building:8 (65sh), bldgs=Palace, Barracks
    Units: 2x Warriors
  [Civ 4] Egyptians (despotism): 1 cities, 2 units, 39g, 5 techs, researching Currency (10/65)
    Thebes: size=4, prod=building:2 (35sh), bldgs=Palace, City Walls
    Units: 1x Warriors, 1x Settlers
  [Civ 1] Romans turn: 4 actions — MOVE_UNIT(2), UNIT_ORDER(2)
    ADJUST_ATTITUDE target=civ3
    END_TURN REJECTED: 1 units still need orders
      #19 Legion(Atk) @(46,38) mv=3 ord=none hp=full
    ADJUST_ATTITUDE target=civ3
    CHANGE_PRODUCTION city=3
    >>> Rome built Legion

══════════════════════════════════════════════════════════════════════
  TURN 48 — 3060 B.C. (7ms)
══════════════════════════════════════════════════════════════════════
  [Civ 1] Romans (despotism): 1 cities, 4 units, 112g, 7 techs, researching Currency (60/105)
    Rome: size=4, prod=Legion (3sh), bldgs=Palace, City Walls
    Units: 2x Warriors, 1x Archers, 1x Legion
  [Civ 2] Babylonians (despotism): 1 cities, 2 units, 81g, 6 techs, researching Currency (75/78)
    Babylon: size=3, prod=Settlers (25sh), bldgs=Palace, City Walls
    Units: 1x Warriors, 1x Settlers
  [Civ 3] Germans (despotism): 1 cities, 3 units, 17g, 5 techs, researching Currency (26/65)
    Berlin: size=2, prod=building:8 (69sh), bldgs=Palace, Barracks
    Units: 2x Warriors, 1x Legion
  [Civ 4] Egyptians (despotism): 1 cities, 2 units, 38g, 5 techs, researching Currency (13/65)
    Thebes: size=4, prod=Trireme (1sh), bldgs=Palace, City Walls, Barracks
    Units: 1x Warriors, 1x Settlers
  [Civ 1] Romans turn: 7 actions — CHANGE_PRODUCTION(1), MOVE_UNIT(3), UNIT_ORDER(3)
    CHANGE_PRODUCTION city=0
    >>> Babylonians discovered: Currency
    SET_RESEARCH tech=Construction
    ADJUST_ATTITUDE target=civ3
    ADJUST_ATTITUDE target=civ2
    ADJUST_ATTITUDE target=civ4
    ADJUST_ATTITUDE target=civ3
    PROPOSE_TREATY treaty=alliance target=civ3
    ADJUST_ATTITUDE target=civ3

══════════════════════════════════════════════════════════════════════
  TURN 49 — 3040 B.C. (7ms)
══════════════════════════════════════════════════════════════════════
  [Civ 1] Romans (despotism): 1 cities, 4 units, 114g, 7 techs, researching Currency (65/105)
    Rome: size=4, prod=building:2 (8sh), bldgs=Palace, City Walls
    Units: 2x Warriors, 1x Archers, 1x Legion
  [Civ 2] Babylonians (despotism): 1 cities, 2 units, 81g, 7 techs, researching Construction (0/105)
    Babylon: size=3, prod=Settlers (29sh), bldgs=Palace, City Walls
    Units: 1x Warriors, 1x Settlers
  [Civ 3] Germans (despotism): 1 cities, 3 units, 16g, 5 techs, researching Currency (28/65)
    Berlin: size=2, prod=building:8 (73sh), bldgs=Palace, Barracks
    Units: 2x Warriors, 1x Legion
  [Civ 4] Egyptians (despotism): 1 cities, 2 units, 37g, 5 techs, researching Currency (16/65)
    Thebes: size=4, prod=Trireme (7sh), bldgs=Palace, City Walls, Barracks
    Units: 1x Warriors, 1x Settlers
  [Civ 1] Romans turn: 5 actions — MOVE_UNIT(3), UNIT_ORDER(2)
    ADJUST_ATTITUDE target=civ3
    ADJUST_ATTITUDE target=civ2
    ADJUST_ATTITUDE target=civ4
    ADJUST_ATTITUDE target=civ4
    ADJUST_ATTITUDE target=civ3

══════════════════════════════════════════════════════════════════════
  FINAL SUMMARY
══════════════════════════════════════════════════════════════════════
Game ended at turn 50 (3020 B.C.)

── Civ 1: Romans (despotism) ALIVE ──
  Cities: 1 (peak 1, founded 1)
  Units:  4 (peak 4)
  Treasury: 116g
  Techs discovered: 2 — Warrior Code, Iron Working
  Actions: 140 total, 0 idle turns
  Breakdown: UNIT_ORDER(64), MOVE_UNIT(63), SET_RESEARCH(4), CHANGE_PRODUCTION(4), ADJUST_ATTITUDE(3), CHANGE_RATES(1), BUILD_CITY(1)
  Army: 2x Warriors, 1x Archers, 1x Legion
  Rome: size=4, shields=13

── Civ 2: Babylonians (despotism) ALIVE ──
  Cities: 1 (peak 1, founded 1)
  Units:  2 (peak 4)
  Treasury: 83g
  Techs discovered: 3 — Ceremonial Burial, Code of Laws, Currency
  Actions: 158 total, 0 idle turns
  Breakdown: UNIT_ORDER(61), MOVE_UNIT(57), ADJUST_ATTITUDE(26), SET_RESEARCH(5), PROPOSE_TREATY(3), CHANGE_PRODUCTION(2), CHANGE_RATES(1), BUILD_CITY(1), WORKER_ORDER(1), RESPOND_TREATY(1)
  Army: 1x Warriors, 1x Settlers
  Babylon: size=3, shields=33

── Civ 3: Germans (despotism) ALIVE ──
  Cities: 1 (peak 1, founded 2)
  Units:  3 (peak 4)
  Treasury: 15g
  Techs discovered: 1 — Map Making
  Actions: 205 total, 0 idle turns
  Breakdown: UNIT_ORDER(82), MOVE_UNIT(79), ADJUST_ATTITUDE(30), RESPOND_TREATY(5), CHANGE_PRODUCTION(3), SET_RESEARCH(2), BUILD_CITY(2), CHANGE_RATES(1), PROPOSE_TREATY(1)
  Army: 2x Warriors, 1x Legion
  Berlin: size=2, shields=77

── Civ 4: Egyptians (despotism) ALIVE ──
  Cities: 1 (peak 1, founded 2)
  Units:  2 (peak 2)
  Treasury: 36g
  Techs discovered: 2 — Ceremonial Burial, Map Making
  Actions: 139 total, 0 idle turns
  Breakdown: UNIT_ORDER(54), MOVE_UNIT(50), ADJUST_ATTITUDE(21), CHANGE_PRODUCTION(4), SET_RESEARCH(3), BUILD_CITY(2), WORKER_ORDER(2), PROPOSE_TREATY(2), CHANGE_RATES(1)
  Army: 1x Warriors, 1x Settlers
  Thebes: size=4, shields=13


══════════════════════════════════════════════════════════════════════
  AI BEHAVIOR ANALYSIS
══════════════════════════════════════════════════════════════════════
[Civ 1] Romans:
  WARNING: Only 1 city after 30+ turns

[Civ 2] Babylonians:
  WARNING: Only 1 city after 30+ turns

[Civ 3] Germans:
  OK — no obvious issues detected

[Civ 4] Egyptians:
  OK — no obvious issues detected

