Charlization AI Headless Simulation
Date: 2026-03-17T01:12:35.874Z
Settings: 50 turns, 4 AI players, 50x80 map, difficulty=prince
Map seed: 20942
Map generated in 117ms
Game initialized: 4 civs, 8 starting units
  Civ 1 (Romans): starts at (5,63) on Grassland
  Civ 2 (Babylonians): starts at (26,8) on Forest
  Civ 3 (Germans): starts at (11,35) on Plains
  Civ 4 (Egyptians): starts at (30,64) on Grassland
    SET_RESEARCH tech=Alphabet
    CHANGE_RATES sci=6 tax=4 lux=undefined
    BUILD_CITY unit=0 name="Rome"
    1 actions REJECTED (of 6)
    SET_RESEARCH tech=Alphabet
    CHANGE_RATES sci=6 tax=4 lux=undefined
    BUILD_CITY unit=2 name="Babylon"
    1 actions REJECTED (of 6)
    SET_RESEARCH tech=Alphabet
    CHANGE_RATES sci=6 tax=4 lux=undefined
    BUILD_CITY unit=4 name="Berlin"
    1 actions REJECTED (of 6)
    SET_RESEARCH tech=Map Making
    CHANGE_RATES sci=6 tax=4 lux=undefined
    BUILD_CITY unit=6 name="Thebes"
    1 actions REJECTED (of 6)
    END_TURN REJECTED: 1 units still need orders
      #8 Chariot(Atk) @(31,64) mv=6 ord=none hp=full

══════════════════════════════════════════════════════════════════════
  TURN 1 — 4000 B.C. (34ms)
══════════════════════════════════════════════════════════════════════
  [Civ 1] Romans (despotism): 1 cities, 1 units, 1g, 3 techs, researching Alphabet (2/28)
    Rome: size=1, prod=Warriors (3sh), bldgs=Palace
    Units: 1x Warriors
  [Civ 2] Babylonians (despotism): 1 cities, 1 units, 0g, 3 techs, researching Alphabet (0/28)
    Babylon: size=1, prod=Warriors (0sh), bldgs=Palace
    Units: 1x Warriors
  [Civ 3] Germans (despotism): 1 cities, 1 units, 0g, 3 techs, researching Alphabet (0/28)
    Berlin: size=1, prod=Warriors (0sh), bldgs=Palace
    Units: 1x Warriors
  [Civ 4] Egyptians (despotism): 1 cities, 2 units, 0g, 3 techs, researching Map Making (0/28)
    Thebes: size=1, prod=Warriors (0sh), bldgs=Palace
    Units: 1x Warriors, 1x Chariot
  [Civ 1] Romans turn: 3 actions — CHANGE_PRODUCTION(1), MOVE_UNIT(1), UNIT_ORDER(1)
    CHANGE_PRODUCTION city=0
    CHANGE_PRODUCTION city=1
    CHANGE_PRODUCTION city=2
    CHANGE_PRODUCTION city=3

══════════════════════════════════════════════════════════════════════
  TURN 2 — 3980 B.C. (16ms)
══════════════════════════════════════════════════════════════════════
  [Civ 1] Romans (despotism): 1 cities, 1 units, 2g, 4 techs, researching Alphabet (4/33)
    Rome: size=1, prod=Wonder39 (3sh), bldgs=Palace
    Units: 1x Warriors
  [Civ 2] Babylonians (despotism): 1 cities, 1 units, 0g, 4 techs, researching Alphabet (1/33)
    Babylon: size=1, prod=building:3 (0sh), bldgs=Palace
    Units: 1x Warriors
  [Civ 3] Germans (despotism): 1 cities, 1 units, 0g, 3 techs, researching Alphabet (2/28)
    Berlin: size=1, prod=building:3 (0sh), bldgs=Palace
    Units: 1x Warriors
  [Civ 4] Egyptians (despotism): 1 cities, 2 units, 1g, 5 techs, researching Map Making (3/36)
    Thebes: size=1, prod=building:3 (0sh), bldgs=Palace
    Units: 1x Warriors, 1x Chariot
  [Civ 1] Romans turn: 2 actions — MOVE_UNIT(1), UNIT_ORDER(1)

══════════════════════════════════════════════════════════════════════
  TURN 3 — 3960 B.C. (8ms)
══════════════════════════════════════════════════════════════════════
  [Civ 1] Romans (despotism): 1 cities, 1 units, 3g, 4 techs, researching Alphabet (6/33)
    Rome: size=1, prod=Wonder39 (6sh), bldgs=Palace
    Units: 1x Warriors
  [Civ 2] Babylonians (despotism): 1 cities, 1 units, 0g, 4 techs, researching Alphabet (2/33)
    Babylon: size=1, prod=building:3 (3sh), bldgs=Palace
    Units: 1x Warriors
  [Civ 3] Germans (despotism): 1 cities, 1 units, 0g, 3 techs, researching Alphabet (4/28)
    Berlin: size=1, prod=building:3 (3sh), bldgs=Palace
    Units: 1x Warriors
  [Civ 4] Egyptians (despotism): 1 cities, 2 units, 2g, 5 techs, researching Map Making (6/36)
    Thebes: size=1, prod=building:3 (2sh), bldgs=Palace
    Units: 1x Warriors, 1x Chariot
  [Civ 1] Romans turn: 2 actions — MOVE_UNIT(1), UNIT_ORDER(1)

══════════════════════════════════════════════════════════════════════
  TURN 4 — 3940 B.C. (7ms)
══════════════════════════════════════════════════════════════════════
  [Civ 1] Romans (despotism): 1 cities, 1 units, 4g, 4 techs, researching Alphabet (8/33)
    Rome: size=1, prod=Wonder39 (9sh), bldgs=Palace
    Units: 1x Warriors
  [Civ 2] Babylonians (despotism): 1 cities, 1 units, 0g, 4 techs, researching Alphabet (3/33)
    Babylon: size=1, prod=building:3 (6sh), bldgs=Palace
    Units: 1x Warriors
  [Civ 3] Germans (despotism): 1 cities, 1 units, 0g, 3 techs, researching Alphabet (6/28)
    Berlin: size=1, prod=building:3 (6sh), bldgs=Palace
    Units: 1x Warriors
  [Civ 4] Egyptians (despotism): 1 cities, 2 units, 3g, 5 techs, researching Map Making (9/36)
    Thebes: size=1, prod=building:3 (4sh), bldgs=Palace
    Units: 1x Warriors, 1x Chariot
  [Civ 1] Romans turn: 2 actions — MOVE_UNIT(1), UNIT_ORDER(1)
    END_TURN REJECTED: 1 units still need orders
      #9 Horsemen(Atk) @(7,56) mv=6 ord=none hp=full

══════════════════════════════════════════════════════════════════════
  TURN 5 — 3920 B.C. (5ms)
══════════════════════════════════════════════════════════════════════
  [Civ 1] Romans (despotism): 1 cities, 2 units, 5g, 4 techs, researching Alphabet (10/33)
    Rome: size=1, prod=Wonder39 (12sh), bldgs=Palace
    Units: 1x Warriors, 1x Horsemen
  [Civ 2] Babylonians (despotism): 1 cities, 1 units, 0g, 4 techs, researching Alphabet (4/33)
    Babylon: size=1, prod=building:3 (9sh), bldgs=Palace
    Units: 1x Warriors
  [Civ 3] Germans (despotism): 1 cities, 1 units, 0g, 3 techs, researching Alphabet (8/28)
    Berlin: size=1, prod=building:3 (9sh), bldgs=Palace
    Units: 1x Warriors
  [Civ 4] Egyptians (despotism): 1 cities, 2 units, 4g, 5 techs, researching Map Making (12/36)
    Thebes: size=1, prod=building:3 (6sh), bldgs=Palace
    Units: 1x Warriors, 1x Chariot
  [Civ 1] Romans turn: 4 actions — MOVE_UNIT(2), UNIT_ORDER(2)

══════════════════════════════════════════════════════════════════════
  TURN 6 — 3900 B.C. (6ms)
══════════════════════════════════════════════════════════════════════
  [Civ 1] Romans (despotism): 1 cities, 2 units, 6g, 4 techs, researching Alphabet (12/33)
    Rome: size=1, prod=Wonder39 (15sh), bldgs=Palace
    Units: 1x Warriors, 1x Horsemen
  [Civ 2] Babylonians (despotism): 1 cities, 1 units, 0g, 4 techs, researching Alphabet (5/33)
    Babylon: size=1, prod=building:3 (12sh), bldgs=Palace
    Units: 1x Warriors
  [Civ 3] Germans (despotism): 1 cities, 1 units, 0g, 3 techs, researching Alphabet (10/28)
    Berlin: size=1, prod=building:3 (12sh), bldgs=Palace
    Units: 1x Warriors
  [Civ 4] Egyptians (despotism): 1 cities, 2 units, 5g, 5 techs, researching Map Making (15/36)
    Thebes: size=1, prod=building:3 (8sh), bldgs=Palace
    Units: 1x Warriors, 1x Chariot
  [Civ 1] Romans turn: 4 actions — MOVE_UNIT(2), UNIT_ORDER(2)

══════════════════════════════════════════════════════════════════════
  TURN 7 — 3880 B.C. (5ms)
══════════════════════════════════════════════════════════════════════
  [Civ 1] Romans (despotism): 1 cities, 2 units, 7g, 4 techs, researching Alphabet (14/33)
    Rome: size=1, prod=Wonder39 (18sh), bldgs=Palace
    Units: 1x Warriors, 1x Horsemen
  [Civ 2] Babylonians (despotism): 1 cities, 1 units, 0g, 4 techs, researching Alphabet (6/33)
    Babylon: size=1, prod=building:3 (15sh), bldgs=Palace
    Units: 1x Warriors
  [Civ 3] Germans (despotism): 1 cities, 1 units, 0g, 3 techs, researching Alphabet (12/28)
    Berlin: size=1, prod=building:3 (15sh), bldgs=Palace
    Units: 1x Warriors
  [Civ 4] Egyptians (despotism): 1 cities, 2 units, 6g, 5 techs, researching Map Making (18/36)
    Thebes: size=1, prod=building:3 (10sh), bldgs=Palace
    Units: 1x Warriors, 1x Chariot
  [Civ 1] Romans turn: 4 actions — MOVE_UNIT(2), UNIT_ORDER(2)

══════════════════════════════════════════════════════════════════════
  TURN 8 — 3860 B.C. (5ms)
══════════════════════════════════════════════════════════════════════
  [Civ 1] Romans (despotism): 1 cities, 2 units, 8g, 4 techs, researching Alphabet (16/33)
    Rome: size=1, prod=Wonder39 (21sh), bldgs=Palace
    Units: 1x Warriors, 1x Horsemen
  [Civ 2] Babylonians (despotism): 1 cities, 1 units, 0g, 4 techs, researching Alphabet (7/33)
    Babylon: size=1, prod=building:3 (18sh), bldgs=Palace
    Units: 1x Warriors
  [Civ 3] Germans (despotism): 1 cities, 1 units, 0g, 3 techs, researching Alphabet (14/28)
    Berlin: size=1, prod=building:3 (18sh), bldgs=Palace
    Units: 1x Warriors
  [Civ 4] Egyptians (despotism): 1 cities, 2 units, 7g, 5 techs, researching Map Making (21/36)
    Thebes: size=1, prod=building:3 (12sh), bldgs=Palace
    Units: 1x Warriors, 1x Chariot
  [Civ 1] Romans turn: 4 actions — MOVE_UNIT(2), UNIT_ORDER(2)
    END_TURN REJECTED: 1 units still need orders
      #10 Archers(Atk) @(10,54) mv=3 ord=none hp=full

══════════════════════════════════════════════════════════════════════
  TURN 9 — 3840 B.C. (5ms)
══════════════════════════════════════════════════════════════════════
  [Civ 1] Romans (despotism): 1 cities, 3 units, 9g, 4 techs, researching Alphabet (18/33)
    Rome: size=1, prod=Wonder39 (24sh), bldgs=Palace
    Units: 1x Warriors, 1x Horsemen, 1x Archers
  [Civ 2] Babylonians (despotism): 1 cities, 1 units, 0g, 4 techs, researching Alphabet (8/33)
    Babylon: size=1, prod=building:3 (21sh), bldgs=Palace
    Units: 1x Warriors
  [Civ 3] Germans (despotism): 1 cities, 1 units, 0g, 3 techs, researching Alphabet (16/28)
    Berlin: size=1, prod=building:3 (21sh), bldgs=Palace
    Units: 1x Warriors
  [Civ 4] Egyptians (despotism): 1 cities, 2 units, 8g, 5 techs, researching Map Making (24/36)
    Thebes: size=1, prod=building:3 (14sh), bldgs=Palace
    Units: 1x Warriors, 1x Chariot
  [Civ 1] Romans turn: 6 actions — MOVE_UNIT(3), UNIT_ORDER(3)
    >>> Rome grew to size 2

══════════════════════════════════════════════════════════════════════
  TURN 10 — 3820 B.C. (6ms)
══════════════════════════════════════════════════════════════════════
  [Civ 1] Romans (despotism): 1 cities, 3 units, 10g, 4 techs, researching Alphabet (22/33)
    Rome: size=2, prod=Wonder39 (27sh), bldgs=Palace
    Units: 1x Warriors, 1x Horsemen, 1x Archers
  [Civ 2] Babylonians (despotism): 1 cities, 1 units, 0g, 4 techs, researching Alphabet (9/33)
    Babylon: size=1, prod=building:3 (24sh), bldgs=Palace
    Units: 1x Warriors
  [Civ 3] Germans (despotism): 1 cities, 1 units, 0g, 3 techs, researching Alphabet (18/28)
    Berlin: size=1, prod=building:3 (24sh), bldgs=Palace
    Units: 1x Warriors
  [Civ 4] Egyptians (despotism): 1 cities, 2 units, 9g, 5 techs, researching Map Making (27/36)
    Thebes: size=1, prod=building:3 (16sh), bldgs=Palace
    Units: 1x Warriors, 1x Chariot
  [Civ 1] Romans turn: 6 actions — MOVE_UNIT(3), UNIT_ORDER(3)
    >>> Berlin grew to size 2
    >>> Thebes grew to size 2

══════════════════════════════════════════════════════════════════════
  TURN 11 — 3800 B.C. (5ms)
══════════════════════════════════════════════════════════════════════
  [Civ 1] Romans (despotism): 1 cities, 3 units, 11g, 4 techs, researching Alphabet (26/33)
    Rome: size=2, prod=Wonder39 (31sh), bldgs=Palace
    Units: 1x Warriors, 1x Horsemen, 1x Archers
  [Civ 2] Babylonians (despotism): 1 cities, 1 units, 0g, 4 techs, researching Alphabet (10/33)
    Babylon: size=1, prod=building:3 (27sh), bldgs=Palace
    Units: 1x Warriors
  [Civ 3] Germans (despotism): 1 cities, 1 units, 1g, 3 techs, researching Alphabet (21/28)
    Berlin: size=2, prod=building:3 (27sh), bldgs=Palace
    Units: 1x Warriors
  [Civ 4] Egyptians (despotism): 1 cities, 2 units, 11g, 5 techs, researching Map Making (30/36)
    Thebes: size=2, prod=building:3 (18sh), bldgs=Palace
    Units: 1x Warriors, 1x Chariot
  [Civ 1] Romans turn: 6 actions — MOVE_UNIT(3), UNIT_ORDER(3)

══════════════════════════════════════════════════════════════════════
  TURN 12 — 3780 B.C. (8ms)
══════════════════════════════════════════════════════════════════════
  [Civ 1] Romans (despotism): 1 cities, 3 units, 12g, 4 techs, researching Alphabet (30/33)
    Rome: size=2, prod=Wonder39 (35sh), bldgs=Palace
    Units: 1x Warriors, 1x Horsemen, 1x Archers
  [Civ 2] Babylonians (despotism): 1 cities, 1 units, 0g, 4 techs, researching Alphabet (11/33)
    Babylon: size=1, prod=building:3 (30sh), bldgs=Palace
    Units: 1x Warriors
  [Civ 3] Germans (despotism): 1 cities, 1 units, 2g, 3 techs, researching Alphabet (24/28)
    Berlin: size=2, prod=building:3 (31sh), bldgs=Palace
    Units: 1x Warriors
  [Civ 4] Egyptians (despotism): 1 cities, 2 units, 13g, 5 techs, researching Map Making (33/36)
    Thebes: size=2, prod=building:3 (21sh), bldgs=Palace
    Units: 1x Warriors, 1x Chariot
  [Civ 1] Romans turn: 6 actions — MOVE_UNIT(3), UNIT_ORDER(3)
    >>> Egyptians discovered: Map Making
    SET_RESEARCH tech=Currency
    >>> Romans discovered: Alphabet

══════════════════════════════════════════════════════════════════════
  TURN 13 — 3760 B.C. (10ms)
══════════════════════════════════════════════════════════════════════
  [Civ 1] Romans (despotism): 1 cities, 3 units, 12g, 5 techs, researching none (0/36)
    Rome: size=2, prod=Wonder39 (39sh), bldgs=Palace
    Units: 1x Warriors, 1x Horsemen, 1x Archers
  [Civ 2] Babylonians (despotism): 1 cities, 1 units, 0g, 4 techs, researching Alphabet (12/33)
    Babylon: size=1, prod=building:3 (33sh), bldgs=Palace
    Units: 1x Warriors
  [Civ 3] Germans (despotism): 1 cities, 1 units, 3g, 3 techs, researching Alphabet (27/28)
    Berlin: size=2, prod=building:3 (35sh), bldgs=Palace
    Units: 1x Warriors
  [Civ 4] Egyptians (despotism): 1 cities, 2 units, 57g, 6 techs, researching Currency (0/36)
    Thebes: size=2, prod=building:3 (24sh), bldgs=Palace
    Units: 1x Warriors, 1x Chariot
  [Civ 1] Romans turn: 7 actions — SET_RESEARCH(1), MOVE_UNIT(3), UNIT_ORDER(3)
    SET_RESEARCH tech=Iron Working
    >>> Germans discovered: Alphabet
    SET_RESEARCH tech=Code of Laws

══════════════════════════════════════════════════════════════════════
  TURN 14 — 3740 B.C. (6ms)
══════════════════════════════════════════════════════════════════════
  [Civ 1] Romans (despotism): 1 cities, 3 units, 13g, 5 techs, researching Iron Working (4/36)
    Rome: size=2, prod=Wonder39 (43sh), bldgs=Palace
    Units: 1x Warriors, 1x Horsemen, 1x Archers
  [Civ 2] Babylonians (despotism): 1 cities, 1 units, 0g, 4 techs, researching Alphabet (13/33)
    Babylon: size=1, prod=building:3 (36sh), bldgs=Palace
    Units: 1x Warriors
  [Civ 3] Germans (despotism): 1 cities, 1 units, 3g, 4 techs, researching Code of Laws (0/33)
    Berlin: size=2, prod=building:3 (39sh), bldgs=Palace
    Units: 1x Warriors
  [Civ 4] Egyptians (despotism): 1 cities, 2 units, 59g, 6 techs, researching Currency (3/36)
    Thebes: size=2, prod=building:3 (27sh), bldgs=Palace
    Units: 1x Warriors, 1x Chariot
  [Civ 1] Romans turn: 6 actions — MOVE_UNIT(3), UNIT_ORDER(3)
    SET_RESEARCH tech=Code of Laws

══════════════════════════════════════════════════════════════════════
  TURN 15 — 3720 B.C. (7ms)
══════════════════════════════════════════════════════════════════════
  [Civ 1] Romans (despotism): 1 cities, 3 units, 14g, 5 techs, researching Iron Working (8/36)
    Rome: size=2, prod=Wonder39 (47sh), bldgs=Palace
    Units: 1x Warriors, 1x Horsemen, 1x Archers
  [Civ 2] Babylonians (despotism): 1 cities, 1 units, 0g, 5 techs, researching Code of Laws (14/36)
    Babylon: size=1, prod=building:3 (39sh), bldgs=Palace
    Units: 1x Warriors
  [Civ 3] Germans (despotism): 1 cities, 1 units, 4g, 4 techs, researching Code of Laws (3/33)
    Berlin: size=2, prod=building:3 (43sh), bldgs=Palace
    Units: 1x Warriors
  [Civ 4] Egyptians (despotism): 1 cities, 2 units, 61g, 6 techs, researching Currency (6/36)
    Thebes: size=2, prod=building:3 (30sh), bldgs=Palace
    Units: 1x Warriors, 1x Chariot
  [Civ 1] Romans turn: 6 actions — MOVE_UNIT(3), UNIT_ORDER(3)

══════════════════════════════════════════════════════════════════════
  TURN 16 — 3700 B.C. (7ms)
══════════════════════════════════════════════════════════════════════
  [Civ 1] Romans (despotism): 1 cities, 3 units, 15g, 5 techs, researching Iron Working (12/36)
    Rome: size=2, prod=Wonder39 (51sh), bldgs=Palace
    Units: 1x Warriors, 1x Horsemen, 1x Archers
  [Civ 2] Babylonians (despotism): 1 cities, 1 units, 0g, 5 techs, researching Code of Laws (15/36)
    Babylon: size=1, prod=building:3 (42sh), bldgs=Palace
    Units: 1x Warriors
  [Civ 3] Germans (despotism): 1 cities, 1 units, 5g, 4 techs, researching Code of Laws (6/33)
    Berlin: size=2, prod=building:3 (47sh), bldgs=Palace
    Units: 1x Warriors
  [Civ 4] Egyptians (despotism): 1 cities, 2 units, 63g, 6 techs, researching Currency (9/36)
    Thebes: size=2, prod=building:3 (33sh), bldgs=Palace
    Units: 1x Warriors, 1x Chariot
  [Civ 1] Romans turn: 6 actions — MOVE_UNIT(3), UNIT_ORDER(3)

══════════════════════════════════════════════════════════════════════
  TURN 17 — 3680 B.C. (6ms)
══════════════════════════════════════════════════════════════════════
  [Civ 1] Romans (despotism): 1 cities, 3 units, 16g, 5 techs, researching Iron Working (16/36)
    Rome: size=2, prod=Wonder39 (55sh), bldgs=Palace
    Units: 1x Warriors, 1x Horsemen, 1x Archers
  [Civ 2] Babylonians (despotism): 1 cities, 1 units, 0g, 5 techs, researching Code of Laws (16/36)
    Babylon: size=1, prod=building:3 (45sh), bldgs=Palace
    Units: 1x Warriors
  [Civ 3] Germans (despotism): 1 cities, 1 units, 6g, 4 techs, researching Code of Laws (9/33)
    Berlin: size=2, prod=building:3 (51sh), bldgs=Palace
    Units: 1x Warriors
  [Civ 4] Egyptians (despotism): 1 cities, 2 units, 65g, 6 techs, researching Currency (12/36)
    Thebes: size=2, prod=building:3 (36sh), bldgs=Palace
    Units: 1x Warriors, 1x Chariot
  [Civ 1] Romans turn: 6 actions — MOVE_UNIT(3), UNIT_ORDER(3)

══════════════════════════════════════════════════════════════════════
  TURN 18 — 3660 B.C. (4ms)
══════════════════════════════════════════════════════════════════════
  [Civ 1] Romans (despotism): 1 cities, 3 units, 17g, 5 techs, researching Iron Working (20/36)
    Rome: size=2, prod=Wonder39 (59sh), bldgs=Palace
    Units: 1x Warriors, 1x Horsemen, 1x Archers
  [Civ 2] Babylonians (despotism): 1 cities, 1 units, 0g, 5 techs, researching Code of Laws (17/36)
    Babylon: size=1, prod=building:3 (48sh), bldgs=Palace
    Units: 1x Warriors
  [Civ 3] Germans (despotism): 1 cities, 1 units, 7g, 4 techs, researching Code of Laws (12/33)
    Berlin: size=2, prod=building:3 (55sh), bldgs=Palace
    Units: 1x Warriors
  [Civ 4] Egyptians (despotism): 1 cities, 2 units, 67g, 6 techs, researching Currency (15/36)
    Thebes: size=2, prod=building:3 (39sh), bldgs=Palace
    Units: 1x Warriors, 1x Chariot
  [Civ 1] Romans turn: 6 actions — MOVE_UNIT(3), UNIT_ORDER(3)

══════════════════════════════════════════════════════════════════════
  TURN 19 — 3640 B.C. (4ms)
══════════════════════════════════════════════════════════════════════
  [Civ 1] Romans (despotism): 1 cities, 3 units, 18g, 5 techs, researching Iron Working (24/36)
    Rome: size=2, prod=Wonder39 (63sh), bldgs=Palace
    Units: 1x Warriors, 1x Horsemen, 1x Archers
  [Civ 2] Babylonians (despotism): 1 cities, 1 units, 0g, 5 techs, researching Code of Laws (18/36)
    Babylon: size=1, prod=building:3 (51sh), bldgs=Palace
    Units: 1x Warriors
  [Civ 3] Germans (despotism): 1 cities, 1 units, 8g, 4 techs, researching Code of Laws (15/33)
    Berlin: size=2, prod=building:3 (59sh), bldgs=Palace
    Units: 1x Warriors
  [Civ 4] Egyptians (despotism): 1 cities, 2 units, 69g, 6 techs, researching Currency (18/36)
    Thebes: size=2, prod=building:3 (42sh), bldgs=Palace
    Units: 1x Warriors, 1x Chariot
  [Civ 1] Romans turn: 6 actions — MOVE_UNIT(3), UNIT_ORDER(3)
    >>> Berlin built building:3
    CHANGE_PRODUCTION city=2

══════════════════════════════════════════════════════════════════════
  TURN 20 — 3620 B.C. (5ms)
══════════════════════════════════════════════════════════════════════
  [Civ 1] Romans (despotism): 1 cities, 3 units, 19g, 5 techs, researching Iron Working (28/36)
    Rome: size=2, prod=Wonder39 (67sh), bldgs=Palace
    Units: 1x Warriors, 1x Horsemen, 1x Archers
  [Civ 2] Babylonians (despotism): 1 cities, 1 units, 0g, 5 techs, researching Code of Laws (19/36)
    Babylon: size=1, prod=building:3 (54sh), bldgs=Palace
    Units: 1x Warriors
  [Civ 3] Germans (despotism): 1 cities, 1 units, 8g, 4 techs, researching Code of Laws (18/33)
    Berlin: size=2, prod=Settlers (0sh), bldgs=Palace, Granary
    Units: 1x Warriors
  [Civ 4] Egyptians (despotism): 1 cities, 2 units, 71g, 6 techs, researching Currency (21/36)
    Thebes: size=2, prod=building:3 (45sh), bldgs=Palace
    Units: 1x Warriors, 1x Chariot
  [Civ 1] Romans turn: 6 actions — MOVE_UNIT(3), UNIT_ORDER(3)
    >>> Babylon grew to size 2

══════════════════════════════════════════════════════════════════════
  TURN 21 — 3600 B.C. (4ms)
══════════════════════════════════════════════════════════════════════
  [Civ 1] Romans (despotism): 1 cities, 3 units, 20g, 5 techs, researching Iron Working (32/36)
    Rome: size=2, prod=Wonder39 (71sh), bldgs=Palace
    Units: 1x Warriors, 1x Horsemen, 1x Archers
  [Civ 2] Babylonians (despotism): 1 cities, 1 units, 0g, 5 techs, researching Code of Laws (21/36)
    Babylon: size=2, prod=building:3 (57sh), bldgs=Palace
    Units: 1x Warriors
  [Civ 3] Germans (despotism): 1 cities, 1 units, 8g, 4 techs, researching Code of Laws (21/33)
    Berlin: size=2, prod=Settlers (4sh), bldgs=Palace, Granary
    Units: 1x Warriors
  [Civ 4] Egyptians (despotism): 1 cities, 2 units, 73g, 6 techs, researching Currency (24/36)
    Thebes: size=2, prod=building:3 (48sh), bldgs=Palace
    Units: 1x Warriors, 1x Chariot
  [Civ 1] Romans turn: 6 actions — MOVE_UNIT(3), UNIT_ORDER(3)
    >>> Babylon built building:3
    >>> Babylon sold Granary
    >>> Romans discovered: Iron Working

══════════════════════════════════════════════════════════════════════
  TURN 22 — 3580 B.C. (5ms)
══════════════════════════════════════════════════════════════════════
  [Civ 1] Romans (despotism): 1 cities, 3 units, 20g, 6 techs, researching none (0/36)
    Rome: size=2, prod=Wonder39 (75sh), bldgs=Palace
    Units: 1x Warriors, 1x Horsemen, 1x Archers
  [Civ 2] Babylonians (despotism): 1 cities, 1 units, 59g, 5 techs, researching Code of Laws (23/36)
    Babylon: size=2, prod=building:3 (1sh), bldgs=Palace
    Units: 1x Warriors
  [Civ 3] Germans (despotism): 1 cities, 1 units, 8g, 4 techs, researching Code of Laws (24/33)
    Berlin: size=2, prod=Settlers (8sh), bldgs=Palace, Granary
    Units: 1x Warriors
  [Civ 4] Egyptians (despotism): 1 cities, 2 units, 75g, 6 techs, researching Currency (27/36)
    Thebes: size=2, prod=building:3 (51sh), bldgs=Palace
    Units: 1x Warriors, 1x Chariot
  [Civ 1] Romans turn: 7 actions — SET_RESEARCH(1), MOVE_UNIT(3), UNIT_ORDER(3)
    SET_RESEARCH tech=Map Making

══════════════════════════════════════════════════════════════════════
  TURN 23 — 3560 B.C. (5ms)
══════════════════════════════════════════════════════════════════════
  [Civ 1] Romans (despotism): 1 cities, 3 units, 21g, 6 techs, researching Map Making (4/36)
    Rome: size=2, prod=Wonder39 (79sh), bldgs=Palace
    Units: 1x Warriors, 1x Horsemen, 1x Archers
  [Civ 2] Babylonians (despotism): 1 cities, 1 units, 59g, 5 techs, researching Code of Laws (25/36)
    Babylon: size=2, prod=building:3 (5sh), bldgs=Palace
    Units: 1x Warriors
  [Civ 3] Germans (despotism): 1 cities, 1 units, 8g, 4 techs, researching Code of Laws (27/33)
    Berlin: size=2, prod=Settlers (12sh), bldgs=Palace, Granary
    Units: 1x Warriors
  [Civ 4] Egyptians (despotism): 1 cities, 2 units, 77g, 6 techs, researching Currency (30/36)
    Thebes: size=2, prod=building:3 (54sh), bldgs=Palace
    Units: 1x Warriors, 1x Chariot
  [Civ 1] Romans turn: 6 actions — MOVE_UNIT(3), UNIT_ORDER(3)

══════════════════════════════════════════════════════════════════════
  TURN 24 — 3540 B.C. (5ms)
══════════════════════════════════════════════════════════════════════
  [Civ 1] Romans (despotism): 1 cities, 3 units, 22g, 6 techs, researching Map Making (8/36)
    Rome: size=2, prod=Wonder39 (83sh), bldgs=Palace
    Units: 1x Warriors, 1x Horsemen, 1x Archers
  [Civ 2] Babylonians (despotism): 1 cities, 1 units, 59g, 5 techs, researching Code of Laws (27/36)
    Babylon: size=2, prod=building:3 (9sh), bldgs=Palace
    Units: 1x Warriors
  [Civ 3] Germans (despotism): 1 cities, 1 units, 8g, 4 techs, researching Code of Laws (30/33)
    Berlin: size=2, prod=Settlers (16sh), bldgs=Palace, Granary
    Units: 1x Warriors
  [Civ 4] Egyptians (despotism): 1 cities, 2 units, 79g, 6 techs, researching Currency (33/36)
    Thebes: size=2, prod=building:3 (57sh), bldgs=Palace
    Units: 1x Warriors, 1x Chariot
  [Civ 1] Romans turn: 6 actions — MOVE_UNIT(3), UNIT_ORDER(3)
    >>> Germans discovered: Code of Laws
    SET_RESEARCH tech=Ceremonial Burial
    >>> Egyptians discovered: Currency
    >>> Thebes built building:3
    SET_RESEARCH tech=Masonry
    CHANGE_PRODUCTION city=3
    >>> Rome grew to size 3

══════════════════════════════════════════════════════════════════════
  TURN 25 — 3520 B.C. (8ms)
══════════════════════════════════════════════════════════════════════
  [Civ 1] Romans (despotism): 1 cities, 3 units, 24g, 6 techs, researching Map Making (12/36)
    Rome: size=3, prod=Wonder39 (87sh), bldgs=Palace
    Units: 1x Warriors, 1x Horsemen, 1x Archers
  [Civ 2] Babylonians (despotism): 1 cities, 1 units, 102g, 5 techs, researching Code of Laws (29/36)
    Babylon: size=2, prod=building:3 (13sh), bldgs=Palace
    Units: 1x Warriors
  [Civ 3] Germans (despotism): 1 cities, 1 units, 8g, 5 techs, researching Ceremonial Burial (0/36)
    Berlin: size=2, prod=Settlers (20sh), bldgs=Palace, Granary
    Units: 1x Warriors
  [Civ 4] Egyptians (despotism): 1 cities, 2 units, 79g, 7 techs, researching Masonry (0/33)
    Thebes: size=2, prod=building:5 (0sh), bldgs=Palace, Granary
    Units: 1x Warriors, 1x Chariot
  [Civ 1] Romans turn: 6 actions — MOVE_UNIT(3), UNIT_ORDER(3)
    >>> Berlin grew to size 3
    >>> Thebes grew to size 3

══════════════════════════════════════════════════════════════════════
  TURN 26 — 3500 B.C. (8ms)
══════════════════════════════════════════════════════════════════════
  [Civ 1] Romans (despotism): 1 cities, 3 units, 26g, 6 techs, researching Map Making (16/36)
    Rome: size=3, prod=Wonder39 (92sh), bldgs=Palace
    Units: 1x Warriors, 1x Horsemen, 1x Archers
  [Civ 2] Babylonians (despotism): 1 cities, 1 units, 102g, 5 techs, researching Code of Laws (31/36)
    Babylon: size=2, prod=building:3 (17sh), bldgs=Palace
    Units: 1x Warriors
  [Civ 3] Germans (despotism): 1 cities, 1 units, 8g, 5 techs, researching Ceremonial Burial (4/36)
    Berlin: size=3, prod=Settlers (24sh), bldgs=Palace, Granary
    Units: 1x Warriors
  [Civ 4] Egyptians (despotism): 1 cities, 2 units, 80g, 7 techs, researching Masonry (4/33)
    Thebes: size=3, prod=building:5 (3sh), bldgs=Palace, Granary
    Units: 1x Warriors, 1x Chariot
  [Civ 1] Romans turn: 6 actions — MOVE_UNIT(3), UNIT_ORDER(3)

══════════════════════════════════════════════════════════════════════
  TURN 27 — 3480 B.C. (4ms)
══════════════════════════════════════════════════════════════════════
  [Civ 1] Romans (despotism): 1 cities, 3 units, 28g, 6 techs, researching Map Making (20/36)
    Rome: size=3, prod=Wonder39 (97sh), bldgs=Palace
    Units: 1x Warriors, 1x Horsemen, 1x Archers
  [Civ 2] Babylonians (despotism): 1 cities, 1 units, 102g, 5 techs, researching Code of Laws (33/36)
    Babylon: size=2, prod=building:3 (21sh), bldgs=Palace
    Units: 1x Warriors
  [Civ 3] Germans (despotism): 1 cities, 1 units, 8g, 5 techs, researching Ceremonial Burial (8/36)
    Berlin: size=3, prod=Settlers (29sh), bldgs=Palace, Granary
    Units: 1x Warriors
  [Civ 4] Egyptians (despotism): 1 cities, 2 units, 81g, 7 techs, researching Masonry (8/33)
    Thebes: size=3, prod=building:5 (7sh), bldgs=Palace, Granary
    Units: 1x Warriors, 1x Chariot
  [Civ 1] Romans turn: 6 actions — MOVE_UNIT(3), UNIT_ORDER(3)

══════════════════════════════════════════════════════════════════════
  TURN 28 — 3460 B.C. (8ms)
══════════════════════════════════════════════════════════════════════
  [Civ 1] Romans (despotism): 1 cities, 3 units, 30g, 6 techs, researching Map Making (24/36)
    Rome: size=3, prod=Wonder39 (102sh), bldgs=Palace
    Units: 1x Warriors, 1x Horsemen, 1x Archers
  [Civ 2] Babylonians (despotism): 1 cities, 1 units, 102g, 5 techs, researching Code of Laws (35/36)
    Babylon: size=2, prod=building:3 (25sh), bldgs=Palace
    Units: 1x Warriors
  [Civ 3] Germans (despotism): 1 cities, 1 units, 8g, 5 techs, researching Ceremonial Burial (12/36)
    Berlin: size=3, prod=Settlers (34sh), bldgs=Palace, Granary
    Units: 1x Warriors
  [Civ 4] Egyptians (despotism): 1 cities, 2 units, 82g, 7 techs, researching Masonry (12/33)
    Thebes: size=3, prod=building:5 (11sh), bldgs=Palace, Granary
    Units: 1x Warriors, 1x Chariot
  [Civ 1] Romans turn: 6 actions — MOVE_UNIT(3), UNIT_ORDER(3)
    >>> Babylonians discovered: Code of Laws
    SET_RESEARCH tech=Mysticism

══════════════════════════════════════════════════════════════════════
  TURN 29 — 3440 B.C. (4ms)
══════════════════════════════════════════════════════════════════════
  [Civ 1] Romans (despotism): 1 cities, 3 units, 32g, 6 techs, researching Map Making (28/36)
    Rome: size=3, prod=Wonder39 (107sh), bldgs=Palace
    Units: 1x Warriors, 1x Horsemen, 1x Archers
  [Civ 2] Babylonians (despotism): 1 cities, 1 units, 102g, 6 techs, researching Mysticism (0/36)
    Babylon: size=2, prod=building:3 (29sh), bldgs=Palace
    Units: 1x Warriors
  [Civ 3] Germans (despotism): 1 cities, 1 units, 8g, 5 techs, researching Ceremonial Burial (16/36)
    Berlin: size=3, prod=Settlers (39sh), bldgs=Palace, Granary
    Units: 1x Warriors
  [Civ 4] Egyptians (despotism): 1 cities, 2 units, 83g, 7 techs, researching Masonry (16/33)
    Thebes: size=3, prod=building:5 (15sh), bldgs=Palace, Granary
    Units: 1x Warriors, 1x Chariot
  [Civ 1] Romans turn: 6 actions — MOVE_UNIT(3), UNIT_ORDER(3)
    >>> Berlin built Settlers
    CHANGE_PRODUCTION city=3

══════════════════════════════════════════════════════════════════════
  TURN 30 — 3420 B.C. (4ms)
══════════════════════════════════════════════════════════════════════
  [Civ 1] Romans (despotism): 1 cities, 3 units, 34g, 7 techs, researching Map Making (32/33)
    Rome: size=3, prod=Wonder39 (112sh), bldgs=Palace
    Units: 1x Warriors, 1x Horsemen, 1x Archers
  [Civ 2] Babylonians (despotism): 1 cities, 1 units, 102g, 6 techs, researching Mysticism (2/36)
    Babylon: size=2, prod=building:3 (33sh), bldgs=Palace
    Units: 1x Warriors
  [Civ 3] Germans (despotism): 1 cities, 2 units, 8g, 5 techs, researching Ceremonial Burial (19/36)
    Berlin: size=2, prod=Settlers (4sh), bldgs=Palace, Granary
    Units: 1x Warriors, 1x Settlers
  [Civ 4] Egyptians (despotism): 1 cities, 2 units, 84g, 8 techs, researching Masonry (20/28)
    Thebes: size=3, prod=building:7 (9sh), bldgs=Palace, Granary
    Units: 1x Warriors, 1x Chariot
  [Civ 1] Romans turn: 6 actions — MOVE_UNIT(3), UNIT_ORDER(3)
    >>> Romans discovered: Map Making

══════════════════════════════════════════════════════════════════════
  TURN 31 — 3400 B.C. (5ms)
══════════════════════════════════════════════════════════════════════
  [Civ 1] Romans (despotism): 1 cities, 3 units, 34g, 8 techs, researching none (0/28)
    Rome: size=3, prod=Wonder39 (117sh), bldgs=Palace
    Units: 1x Warriors, 1x Horsemen, 1x Archers
  [Civ 2] Babylonians (despotism): 1 cities, 1 units, 102g, 6 techs, researching Mysticism (4/36)
    Babylon: size=2, prod=building:3 (37sh), bldgs=Palace
    Units: 1x Warriors
  [Civ 3] Germans (despotism): 1 cities, 2 units, 8g, 5 techs, researching Ceremonial Burial (22/36)
    Berlin: size=2, prod=Settlers (8sh), bldgs=Palace, Granary
    Units: 1x Warriors, 1x Settlers
  [Civ 4] Egyptians (despotism): 1 cities, 2 units, 85g, 8 techs, researching Masonry (24/28)
    Thebes: size=3, prod=building:7 (13sh), bldgs=Palace, Granary
    Units: 1x Warriors, 1x Chariot
  [Civ 1] Romans turn: 7 actions — SET_RESEARCH(1), MOVE_UNIT(3), UNIT_ORDER(3)
    SET_RESEARCH tech=Seafaring
    COMBAT: ? vs ? → capture (atkHp=undefined, defHp=undefined)
    >>> Egyptians discovered: Masonry
    SET_RESEARCH tech=Construction

══════════════════════════════════════════════════════════════════════
  TURN 32 — 3380 B.C. (7ms)
══════════════════════════════════════════════════════════════════════
  [Civ 1] Romans (despotism): 1 cities, 3 units, 36g, 8 techs, researching Seafaring (4/28)
    Rome: size=3, prod=Wonder39 (122sh), bldgs=Palace
    Units: 1x Warriors, 1x Horsemen, 1x Archers
  [Civ 2] Babylonians (despotism): 0 cities, 1 units, 34g, 6 techs, researching Mysticism (6/36)
    Units: 1x Warriors
  [Civ 3] Germans (despotism): 2 cities, 2 units, 76g, 6 techs, researching Ceremonial Burial (25/36)
    Babylon: size=1, prod=Warriors (0sh)
    Berlin: size=2, prod=Settlers (12sh), bldgs=Palace, Granary
    Units: 1x Warriors, 1x Settlers
  [Civ 4] Egyptians (despotism): 1 cities, 2 units, 85g, 9 techs, researching Construction (0/32)
    Thebes: size=3, prod=building:7 (17sh), bldgs=Palace, Granary
    Units: 1x Warriors, 1x Chariot
  [Civ 1] Romans turn: 9 actions — ADJUST_ATTITUDE(3), MOVE_UNIT(3), UNIT_ORDER(3)
    ADJUST_ATTITUDE target=civ2
    ADJUST_ATTITUDE target=civ3
    ADJUST_ATTITUDE target=civ4
    ADJUST_ATTITUDE target=civ1
    ADJUST_ATTITUDE target=civ3
    ADJUST_ATTITUDE target=civ4
    SET_RESEARCH tech=Mysticism
    ADJUST_ATTITUDE target=civ1
    ADJUST_ATTITUDE target=civ2
    ADJUST_ATTITUDE target=civ4
    CHANGE_PRODUCTION city=1
    ADJUST_ATTITUDE target=civ1
    ADJUST_ATTITUDE target=civ2
    ADJUST_ATTITUDE target=civ3

══════════════════════════════════════════════════════════════════════
  TURN 33 — 3360 B.C. (5ms)
══════════════════════════════════════════════════════════════════════
  [Civ 1] Romans (despotism): 1 cities, 3 units, 38g, 9 techs, researching Seafaring (8/21)
    Rome: size=3, prod=Wonder39 (127sh), bldgs=Palace
    Units: 1x Warriors, 1x Horsemen, 1x Archers
  [Civ 2] Babylonians (despotism): 0 cities, 1 units, 34g, 7 techs, researching Mysticism (6/33)
    Units: 1x Warriors
  [Civ 3] Germans (despotism): 2 cities, 2 units, 76g, 7 techs, researching Mysticism (29/33)
    Babylon: size=1, prod=building:3 (0sh)
    Berlin: size=2, prod=Settlers (16sh), bldgs=Palace, Granary
    Units: 1x Warriors, 1x Settlers
  [Civ 4] Egyptians (despotism): 1 cities, 2 units, 86g, 10 techs, researching Construction (4/48)
    Thebes: size=3, prod=building:7 (21sh), bldgs=Palace, Granary
    Units: 1x Warriors, 1x Chariot
  [Civ 1] Romans turn: 6 actions — MOVE_UNIT(3), UNIT_ORDER(3)
    >>> Germans discovered: Mysticism
    SET_RESEARCH tech=Horseback Riding

══════════════════════════════════════════════════════════════════════
  TURN 34 — 3340 B.C. (5ms)
══════════════════════════════════════════════════════════════════════
  [Civ 1] Romans (despotism): 1 cities, 3 units, 40g, 9 techs, researching Seafaring (12/21)
    Rome: size=3, prod=Wonder39 (132sh), bldgs=Palace
    Units: 1x Warriors, 1x Horsemen, 1x Archers
  [Civ 2] Babylonians (despotism): 0 cities, 1 units, 34g, 8 techs, researching Mysticism (6/28)
    Units: 1x Warriors
  [Civ 3] Germans (despotism): 2 cities, 2 units, 76g, 9 techs, researching Horseback Riding (0/21)
    Babylon: size=1, prod=building:3 (2sh)
    Berlin: size=2, prod=Settlers (20sh), bldgs=Palace, Granary
    Units: 1x Warriors, 1x Settlers
  [Civ 4] Egyptians (despotism): 1 cities, 2 units, 87g, 10 techs, researching Construction (8/48)
    Thebes: size=3, prod=building:7 (25sh), bldgs=Palace, Granary
    Units: 1x Warriors, 1x Chariot
  [Civ 1] Romans turn: 6 actions — MOVE_UNIT(3), UNIT_ORDER(3)

══════════════════════════════════════════════════════════════════════
  TURN 35 — 3320 B.C. (3ms)
══════════════════════════════════════════════════════════════════════
  [Civ 1] Romans (despotism): 1 cities, 3 units, 42g, 9 techs, researching Seafaring (16/21)
    Rome: size=3, prod=Wonder39 (137sh), bldgs=Palace
    Units: 1x Warriors, 1x Horsemen, 1x Archers
  [Civ 2] Babylonians (despotism): 0 cities, 1 units, 34g, 8 techs, researching Mysticism (6/28)
    Units: 1x Warriors
  [Civ 3] Germans (despotism): 2 cities, 2 units, 76g, 9 techs, researching Horseback Riding (4/21)
    Babylon: size=1, prod=building:3 (4sh)
    Berlin: size=2, prod=Settlers (24sh), bldgs=Palace, Granary
    Units: 1x Warriors, 1x Settlers
  [Civ 4] Egyptians (despotism): 1 cities, 2 units, 88g, 10 techs, researching Construction (12/48)
    Thebes: size=3, prod=building:7 (29sh), bldgs=Palace, Granary
    Units: 1x Warriors, 1x Chariot
  [Civ 1] Romans turn: 6 actions — MOVE_UNIT(3), UNIT_ORDER(3)
    ADJUST_ATTITUDE target=civ2
    ADJUST_ATTITUDE target=civ2
    ADJUST_ATTITUDE target=civ2

══════════════════════════════════════════════════════════════════════
  TURN 36 — 3300 B.C. (5ms)
══════════════════════════════════════════════════════════════════════
  [Civ 1] Romans (despotism): 1 cities, 3 units, 44g, 9 techs, researching Seafaring (20/21)
    Rome: size=3, prod=Wonder39 (142sh), bldgs=Palace
    Units: 1x Warriors, 1x Horsemen, 1x Archers
  [Civ 2] Babylonians (despotism): 0 cities, 1 units, 34g, 8 techs, researching Mysticism (6/28)
    Units: 1x Warriors
  [Civ 3] Germans (despotism): 2 cities, 2 units, 76g, 9 techs, researching Horseback Riding (8/21)
    Babylon: size=1, prod=building:3 (6sh)
    Berlin: size=2, prod=Settlers (28sh), bldgs=Palace, Granary
    Units: 1x Warriors, 1x Settlers
  [Civ 4] Egyptians (despotism): 1 cities, 2 units, 89g, 10 techs, researching Construction (16/48)
    Thebes: size=3, prod=building:7 (33sh), bldgs=Palace, Granary
    Units: 1x Warriors, 1x Chariot
  [Civ 1] Romans turn: 6 actions — MOVE_UNIT(3), UNIT_ORDER(3)
    >>> Berlin grew to size 3
    >>> Romans discovered: Seafaring

══════════════════════════════════════════════════════════════════════
  TURN 37 — 3280 B.C. (5ms)
══════════════════════════════════════════════════════════════════════
  [Civ 1] Romans (despotism): 1 cities, 3 units, 44g, 10 techs, researching none (0/48)
    Rome: size=3, prod=Wonder39 (147sh), bldgs=Palace
    Units: 1x Warriors, 1x Horsemen, 1x Archers
  [Civ 2] Babylonians (despotism): 0 cities, 1 units, 34g, 8 techs, researching Mysticism (6/28)
    Units: 1x Warriors
  [Civ 3] Germans (despotism): 2 cities, 2 units, 76g, 9 techs, researching Horseback Riding (13/21)
    Babylon: size=1, prod=building:3 (8sh)
    Berlin: size=3, prod=Settlers (32sh), bldgs=Palace, Granary
    Units: 1x Warriors, 1x Settlers
  [Civ 4] Egyptians (despotism): 1 cities, 2 units, 90g, 10 techs, researching Construction (20/48)
    Thebes: size=3, prod=building:7 (37sh), bldgs=Palace, Granary
    Units: 1x Warriors, 1x Chariot
  [Civ 1] Romans turn: 7 actions — SET_RESEARCH(1), MOVE_UNIT(3), UNIT_ORDER(3)
    SET_RESEARCH tech=Mathematics

══════════════════════════════════════════════════════════════════════
  TURN 38 — 3260 B.C. (7ms)
══════════════════════════════════════════════════════════════════════
  [Civ 1] Romans (despotism): 1 cities, 3 units, 46g, 10 techs, researching Mathematics (4/48)
    Rome: size=3, prod=Wonder39 (152sh), bldgs=Palace
    Units: 1x Warriors, 1x Horsemen, 1x Archers
  [Civ 2] Babylonians (despotism): 0 cities, 1 units, 34g, 8 techs, researching Mysticism (6/28)
    Units: 1x Warriors
  [Civ 3] Germans (despotism): 2 cities, 2 units, 76g, 9 techs, researching Horseback Riding (18/21)
    Babylon: size=1, prod=building:3 (10sh)
    Berlin: size=3, prod=Settlers (37sh), bldgs=Palace, Granary
    Units: 1x Warriors, 1x Settlers
  [Civ 4] Egyptians (despotism): 1 cities, 2 units, 91g, 10 techs, researching Construction (24/48)
    Thebes: size=3, prod=building:7 (41sh), bldgs=Palace, Granary
    Units: 1x Warriors, 1x Chariot
  [Civ 1] Romans turn: 6 actions — MOVE_UNIT(3), UNIT_ORDER(3)
    >>> Germans discovered: Horseback Riding
    >>> Berlin built Settlers
    SET_RESEARCH tech=The Wheel
    ADJUST_ATTITUDE target=civ2
    ADJUST_ATTITUDE target=civ2
    ADJUST_ATTITUDE target=civ2
    >>> Thebes grew to size 4

══════════════════════════════════════════════════════════════════════
  TURN 39 — 3240 B.C. (6ms)
══════════════════════════════════════════════════════════════════════
  [Civ 1] Romans (despotism): 1 cities, 3 units, 48g, 10 techs, researching Mathematics (8/48)
    Rome: size=3, prod=Wonder39 (157sh), bldgs=Palace
    Units: 1x Warriors, 1x Horsemen, 1x Archers
  [Civ 2] Babylonians (despotism): 0 cities, 1 units, 34g, 8 techs, researching Mysticism (6/28)
    Units: 1x Warriors
  [Civ 3] Germans (despotism): 2 cities, 3 units, 76g, 10 techs, researching The Wheel (0/48)
    Babylon: size=1, prod=building:3 (12sh)
    Berlin: size=2, prod=Settlers (2sh), bldgs=Palace, Granary
    Units: 1x Warriors, 2x Settlers
  [Civ 4] Egyptians (despotism): 1 cities, 2 units, 92g, 10 techs, researching Construction (28/48)
    Thebes: size=4, prod=building:7 (45sh), bldgs=Palace, Granary
    Units: 1x Warriors, 1x Chariot
  [Civ 1] Romans turn: 6 actions — MOVE_UNIT(3), UNIT_ORDER(3)
    ADJUST_ATTITUDE target=civ1
    ADJUST_ATTITUDE target=civ1

══════════════════════════════════════════════════════════════════════
  TURN 40 — 3220 B.C. (7ms)
══════════════════════════════════════════════════════════════════════
  [Civ 1] Romans (despotism): 1 cities, 3 units, 50g, 11 techs, researching Mathematics (12/52)
    Rome: size=3, prod=Wonder39 (162sh), bldgs=Palace
    Units: 1x Warriors, 1x Horsemen, 1x Archers
  [Civ 2] Babylonians (despotism): 0 cities, 1 units, 34g, 8 techs, researching Mysticism (6/28)
    Units: 1x Warriors
  [Civ 3] Germans (despotism): 2 cities, 3 units, 76g, 10 techs, researching The Wheel (4/24)
    Babylon: size=1, prod=building:3 (14sh)
    Berlin: size=2, prod=Settlers (6sh), bldgs=Palace, Granary
    Units: 1x Warriors, 2x Settlers
  [Civ 4] Egyptians (despotism): 1 cities, 2 units, 93g, 10 techs, researching Construction (32/24)
    Thebes: size=4, prod=building:7 (50sh), bldgs=Palace, Granary
    Units: 1x Warriors, 1x Chariot
  [Civ 1] Romans turn: 6 actions — MOVE_UNIT(3), UNIT_ORDER(3)
    COMBAT: ? vs ? → capture (atkHp=undefined, defHp=undefined)
    ADJUST_ATTITUDE target=civ2
    ADJUST_ATTITUDE target=civ2
    ADJUST_ATTITUDE target=civ2
    >>> Egyptians discovered: Construction
    SET_RESEARCH tech=The Wheel

══════════════════════════════════════════════════════════════════════
  TURN 41 — 3200 B.C. (8ms)
══════════════════════════════════════════════════════════════════════
  [Civ 1] Romans (despotism): 2 cities, 3 units, 125g, 11 techs, researching Mathematics (17/52)
    Rome: size=3, prod=Wonder39 (167sh), bldgs=Palace
    Thebes: size=3, prod=Warriors (3sh), bldgs=Granary
    Units: 1x Warriors, 1x Horsemen, 1x Archers
  [Civ 2] Babylonians (despotism): 0 cities, 1 units, 34g, 9 techs, researching Mysticism (6/21)
    Units: 1x Warriors
  [Civ 3] Germans (despotism): 2 cities, 3 units, 76g, 10 techs, researching The Wheel (8/24)
    Babylon: size=1, prod=building:3 (16sh)
    Berlin: size=2, prod=Settlers (10sh), bldgs=Palace, Granary
    Units: 1x Warriors, 2x Settlers
  [Civ 4] Egyptians (despotism): 0 cities, 2 units, 19g, 11 techs, researching The Wheel (0/52)
    Units: 1x Warriors, 1x Chariot
  [Civ 1] Romans turn: 7 actions — CHANGE_PRODUCTION(1), UNIT_ORDER(4), MOVE_UNIT(2)
    CHANGE_PRODUCTION city=3

══════════════════════════════════════════════════════════════════════
  TURN 42 — 3180 B.C. (5ms)
══════════════════════════════════════════════════════════════════════
  [Civ 1] Romans (despotism): 2 cities, 3 units, 126g, 11 techs, researching Mathematics (22/52)
    Rome: size=3, prod=Wonder39 (172sh), bldgs=Palace
    Thebes: size=3, prod=Legion (4sh), bldgs=Granary
    Units: 1x Warriors, 1x Horsemen, 1x Archers
  [Civ 2] Babylonians (despotism): 0 cities, 1 units, 34g, 9 techs, researching Mysticism (6/21)
    Units: 1x Warriors
  [Civ 3] Germans (despotism): 2 cities, 3 units, 76g, 10 techs, researching The Wheel (12/24)
    Babylon: size=1, prod=building:3 (18sh)
    Berlin: size=2, prod=Settlers (14sh), bldgs=Palace, Granary
    Units: 1x Warriors, 2x Settlers
  [Civ 4] Egyptians (despotism): 0 cities, 2 units, 19g, 11 techs, researching The Wheel (0/52)
    Units: 1x Warriors, 1x Chariot
  [Civ 1] Romans turn: 4 actions — MOVE_UNIT(2), UNIT_ORDER(2)

══════════════════════════════════════════════════════════════════════
  TURN 43 — 3160 B.C. (3ms)
══════════════════════════════════════════════════════════════════════
  [Civ 1] Romans (despotism): 2 cities, 3 units, 127g, 11 techs, researching Mathematics (27/52)
    Rome: size=3, prod=Wonder39 (177sh), bldgs=Palace
    Thebes: size=3, prod=Legion (7sh), bldgs=Granary
    Units: 1x Warriors, 1x Horsemen, 1x Archers
  [Civ 2] Babylonians (despotism): 0 cities, 1 units, 34g, 9 techs, researching Mysticism (6/21)
    Units: 1x Warriors
  [Civ 3] Germans (despotism): 2 cities, 3 units, 76g, 10 techs, researching The Wheel (16/24)
    Babylon: size=1, prod=building:3 (20sh)
    Berlin: size=2, prod=Settlers (18sh), bldgs=Palace, Granary
    Units: 1x Warriors, 2x Settlers
  [Civ 4] Egyptians (despotism): 0 cities, 2 units, 19g, 11 techs, researching The Wheel (0/52)
    Units: 1x Warriors, 1x Chariot
  [Civ 1] Romans turn: 4 actions — MOVE_UNIT(2), UNIT_ORDER(2)

══════════════════════════════════════════════════════════════════════
  TURN 44 — 3140 B.C. (4ms)
══════════════════════════════════════════════════════════════════════
  [Civ 1] Romans (despotism): 2 cities, 3 units, 128g, 11 techs, researching Mathematics (32/52)
    Rome: size=3, prod=Wonder39 (182sh), bldgs=Palace
    Thebes: size=3, prod=Legion (10sh), bldgs=Granary
    Units: 1x Warriors, 1x Horsemen, 1x Archers
  [Civ 2] Babylonians (despotism): 0 cities, 1 units, 34g, 9 techs, researching Mysticism (6/21)
    Units: 1x Warriors
  [Civ 3] Germans (despotism): 2 cities, 3 units, 76g, 10 techs, researching The Wheel (20/24)
    Babylon: size=1, prod=building:3 (22sh)
    Berlin: size=2, prod=Settlers (22sh), bldgs=Palace, Granary
    Units: 1x Warriors, 2x Settlers
  [Civ 4] Egyptians (despotism): 0 cities, 2 units, 19g, 11 techs, researching The Wheel (0/52)
    Units: 1x Warriors, 1x Chariot
  [Civ 1] Romans turn: 4 actions — MOVE_UNIT(2), UNIT_ORDER(2)
    >>> Germans discovered: The Wheel
    SET_RESEARCH tech=Mathematics
    >>> Rome grew to size 4

══════════════════════════════════════════════════════════════════════
  TURN 45 — 3120 B.C. (8ms)
══════════════════════════════════════════════════════════════════════
  [Civ 1] Romans (despotism): 2 cities, 3 units, 129g, 11 techs, researching Mathematics (39/52)
    Rome: size=4, prod=Wonder39 (187sh), bldgs=Palace
    Thebes: size=3, prod=Legion (13sh), bldgs=Granary
    Units: 1x Warriors, 1x Horsemen, 1x Archers
  [Civ 2] Babylonians (despotism): 0 cities, 1 units, 34g, 9 techs, researching Mysticism (6/21)
    Units: 1x Warriors
  [Civ 3] Germans (despotism): 2 cities, 3 units, 76g, 11 techs, researching Mathematics (0/52)
    Babylon: size=1, prod=building:3 (24sh)
    Berlin: size=2, prod=Settlers (26sh), bldgs=Palace, Granary
    Units: 1x Warriors, 2x Settlers
  [Civ 4] Egyptians (despotism): 0 cities, 2 units, 19g, 11 techs, researching The Wheel (0/52)
    Units: 1x Warriors, 1x Chariot
  [Civ 1] Romans turn: 4 actions — MOVE_UNIT(2), UNIT_ORDER(2)

══════════════════════════════════════════════════════════════════════
  TURN 46 — 3100 B.C. (6ms)
══════════════════════════════════════════════════════════════════════
  [Civ 1] Romans (despotism): 2 cities, 3 units, 130g, 11 techs, researching Mathematics (46/52)
    Rome: size=4, prod=Wonder39 (194sh), bldgs=Palace
    Thebes: size=3, prod=Legion (16sh), bldgs=Granary
    Units: 1x Warriors, 1x Horsemen, 1x Archers
  [Civ 2] Babylonians (despotism): 0 cities, 1 units, 34g, 9 techs, researching Mysticism (6/21)
    Units: 1x Warriors
  [Civ 3] Germans (despotism): 2 cities, 3 units, 76g, 11 techs, researching Mathematics (4/52)
    Babylon: size=1, prod=building:3 (26sh)
    Berlin: size=2, prod=Settlers (30sh), bldgs=Palace, Granary
    Units: 1x Warriors, 2x Settlers
  [Civ 4] Egyptians (despotism): 0 cities, 2 units, 19g, 11 techs, researching The Wheel (0/52)
    Units: 1x Warriors, 1x Chariot
  [Civ 1] Romans turn: 4 actions — MOVE_UNIT(2), UNIT_ORDER(2)
    ADJUST_ATTITUDE target=civ2
    ADJUST_ATTITUDE target=civ2
    ADJUST_ATTITUDE target=civ2
    >>> Romans discovered: Mathematics
    >>> Rome built Wonder39

══════════════════════════════════════════════════════════════════════
  TURN 47 — 3080 B.C. (8ms)
══════════════════════════════════════════════════════════════════════
  [Civ 1] Romans (despotism): 2 cities, 3 units, 130g, 12 techs, researching none (0/57)
    Rome: size=4, prod=Wonder39 (1sh), bldgs=Palace
    Thebes: size=3, prod=Legion (19sh), bldgs=Granary
    Units: 1x Warriors, 1x Horsemen, 1x Archers
  [Civ 2] Babylonians (despotism): 0 cities, 1 units, 34g, 9 techs, researching Mysticism (6/21)
    Units: 1x Warriors
  [Civ 3] Germans (despotism): 2 cities, 3 units, 76g, 11 techs, researching Mathematics (8/26)
    Babylon: size=1, prod=building:3 (28sh)
    Berlin: size=2, prod=Settlers (34sh), bldgs=Palace, Granary
    Units: 1x Warriors, 2x Settlers
  [Civ 4] Egyptians (despotism): 0 cities, 2 units, 19g, 11 techs, researching The Wheel (0/26)
    Units: 1x Warriors, 1x Chariot
  [Civ 1] Romans turn: 7 actions — SET_RESEARCH(1), CHANGE_PRODUCTION(1), SELL_BUILDING(1), MOVE_UNIT(2), UNIT_ORDER(2)
    SET_RESEARCH tech=Writing
    CHANGE_PRODUCTION city=0

══════════════════════════════════════════════════════════════════════
  TURN 48 — 3060 B.C. (6ms)
══════════════════════════════════════════════════════════════════════
  [Civ 1] Romans (despotism): 2 cities, 3 units, 162g, 12 techs, researching Writing (7/57)
    Rome: size=4, prod=building:7 (7sh), bldgs=Palace
    Thebes: size=3, prod=Legion (22sh)
    Units: 1x Warriors, 1x Horsemen, 1x Archers
  [Civ 2] Babylonians (despotism): 0 cities, 1 units, 34g, 9 techs, researching Mysticism (6/21)
    Units: 1x Warriors
  [Civ 3] Germans (despotism): 2 cities, 3 units, 76g, 11 techs, researching Mathematics (12/26)
    Babylon: size=1, prod=building:3 (30sh)
    Berlin: size=2, prod=Settlers (38sh), bldgs=Palace, Granary
    Units: 1x Warriors, 2x Settlers
  [Civ 4] Egyptians (despotism): 0 cities, 2 units, 19g, 11 techs, researching The Wheel (0/26)
    Units: 1x Warriors, 1x Chariot
  [Civ 1] Romans turn: 4 actions — MOVE_UNIT(2), UNIT_ORDER(2)
    >>> Berlin built Settlers
    ADJUST_ATTITUDE target=civ2
    ADJUST_ATTITUDE target=civ2
    ADJUST_ATTITUDE target=civ2

══════════════════════════════════════════════════════════════════════
  TURN 49 — 3040 B.C. (7ms)
══════════════════════════════════════════════════════════════════════
  [Civ 1] Romans (despotism): 2 cities, 3 units, 164g, 12 techs, researching Writing (14/57)
    Rome: size=4, prod=building:7 (14sh), bldgs=Palace
    Thebes: size=3, prod=Legion (25sh)
    Units: 1x Warriors, 1x Horsemen, 1x Archers
  [Civ 2] Babylonians (despotism): 0 cities, 1 units, 34g, 9 techs, researching Mysticism (6/21)
    Units: 1x Warriors
  [Civ 3] Germans (despotism): 2 cities, 4 units, 75g, 11 techs, researching Mathematics (14/26)
    Babylon: size=1, prod=building:3 (32sh)
    Berlin: size=1, prod=Settlers (2sh), bldgs=Palace, Granary
    Units: 1x Warriors, 3x Settlers
  [Civ 4] Egyptians (despotism): 0 cities, 2 units, 19g, 11 techs, researching The Wheel (0/26)
    Units: 1x Warriors, 1x Chariot
  [Civ 1] Romans turn: 4 actions — MOVE_UNIT(2), UNIT_ORDER(2)

══════════════════════════════════════════════════════════════════════
  FINAL SUMMARY
══════════════════════════════════════════════════════════════════════
Game ended at turn 50 (3020 B.C.)

── Civ 1: Romans (despotism) ALIVE ──
  Cities: 2 (peak 2, founded 1)
  Units:  3 (peak 3)
  Treasury: 166g
  Techs discovered: 5 — Alphabet, Iron Working, Map Making, Seafaring, Mathematics
  Actions: 272 total, 0 idle turns
  Breakdown: UNIT_ORDER(130), MOVE_UNIT(127), SET_RESEARCH(6), CHANGE_PRODUCTION(3), ADJUST_ATTITUDE(3), CHANGE_RATES(1), BUILD_CITY(1), SELL_BUILDING(1)
  Army: 1x Warriors, 1x Horsemen, 1x Archers
  Rome: size=4, shields=21
  Thebes: size=3, shields=28

── Civ 2: Babylonians (despotism) ALIVE ──
  Cities: 0 (peak 1, founded 1)
  Units:  1 (peak 1)
  Treasury: 34g
  Techs discovered: 1 — Code of Laws
  Actions: 110 total, 0 idle turns
  Breakdown: UNIT_ORDER(51), MOVE_UNIT(50), SET_RESEARCH(3), ADJUST_ATTITUDE(3), CHANGE_RATES(1), BUILD_CITY(1), CHANGE_PRODUCTION(1)
  Army: 1x Warriors

── Civ 3: Germans (despotism) ALIVE ──
  Cities: 2 (peak 2, founded 1)
  Units:  4 (peak 4)
  Treasury: 74g
  Techs discovered: 5 — Alphabet, Code of Laws, Mysticism, Horseback Riding, The Wheel
  Actions: 103 total, 8 idle turns
  Breakdown: UNIT_ORDER(38), MOVE_UNIT(32), ADJUST_ATTITUDE(18), SET_RESEARCH(7), CHANGE_PRODUCTION(3), WORKER_ORDER(3), CHANGE_RATES(1), BUILD_CITY(1)
  Army: 1x Warriors, 3x Settlers
  Babylon: size=1, shields=34
  Berlin: size=1, shields=3

── Civ 4: Egyptians (despotism) ALIVE ──
  Cities: 0 (peak 1, founded 1)
  Units:  2 (peak 2)
  Treasury: 19g
  Techs discovered: 4 — Map Making, Currency, Masonry, Construction
  Actions: 214 total, 0 idle turns
  Breakdown: UNIT_ORDER(100), MOVE_UNIT(99), SET_RESEARCH(5), ADJUST_ATTITUDE(5), CHANGE_PRODUCTION(3), CHANGE_RATES(1), BUILD_CITY(1)
  Army: 1x Warriors, 1x Chariot


══════════════════════════════════════════════════════════════════════
  AI BEHAVIOR ANALYSIS
══════════════════════════════════════════════════════════════════════
[Civ 1] Romans:
  WARNING: Only 1 city after 30+ turns

[Civ 2] Babylonians:
  WARNING: Only 1 city after 30+ turns

[Civ 3] Germans:
  WARNING: Only 1 city after 30+ turns

[Civ 4] Egyptians:
  WARNING: Only 1 city after 30+ turns

