Charlization AI Headless Simulation
Date: 2026-03-19T04:05:18.930Z
Settings: 50 turns, 4 AI players, 50x80 map, difficulty=prince
Map seed: 7147
Map generated in 66ms
Game initialized: 4 civs, 10 starting units
  Civ 1 (Romans): starts at (33,35) on Plains
  Civ 2 (Babylonians): starts at (27,71) on Forest
  Civ 3 (Germans): starts at (14,10) on Forest
  Civ 4 (Egyptians): starts at (5,61) on Grassland
    SET_RESEARCH tech=Warrior Code
    CHANGE_RATES sci=6 tax=4 lux=undefined
    BUILD_CITY unit=0 name="Rome"
    1 actions REJECTED (of 6)
    SET_RESEARCH tech=Code of Laws
    CHANGE_RATES sci=6 tax=4 lux=undefined
    BUILD_CITY unit=2 name="Babylon"
    1 actions REJECTED (of 6)
    END_TURN REJECTED: 1 units still need orders
      #10 Settlers(Settle) @(27,72) mv=3 ord=none hp=full
    SET_RESEARCH tech=Alphabet
    CHANGE_RATES sci=6 tax=4 lux=undefined
    BUILD_CITY unit=4 name="Berlin"
    BUILD_CITY unit=8 name="Berlin"
    2 actions REJECTED (of 8)
    SET_RESEARCH tech=Alphabet
    CHANGE_RATES sci=6 tax=4 lux=undefined
    BUILD_CITY unit=6 name="Thebes"
    BUILD_CITY unit=9 name="Thebes"
    2 actions REJECTED (of 8)

══════════════════════════════════════════════════════════════════════
  TURN 1 — 4000 B.C. (36ms)
══════════════════════════════════════════════════════════════════════
  [Civ 1] Romans (despotism): 1 cities, 1 units, 1g, 3 techs, researching Warrior Code (3/28)
    Rome: size=1, prod=Warriors (2sh), bldgs=Palace
    Units: 1x Warriors
  [Civ 2] Babylonians (despotism): 1 cities, 2 units, 0g, 3 techs, researching Code of Laws (0/28)
    Babylon: size=1, prod=Warriors (0sh), bldgs=Palace
    Units: 1x Warriors, 1x Settlers
  [Civ 3] Germans (despotism): 1 cities, 2 units, 0g, 3 techs, researching Alphabet (0/28)
    Berlin: size=1, prod=Warriors (0sh), bldgs=Palace
    Units: 1x Warriors, 1x Settlers
  [Civ 4] Egyptians (despotism): 1 cities, 2 units, 0g, 3 techs, researching Alphabet (0/28)
    Thebes: size=1, prod=Warriors (0sh), bldgs=Palace
    Units: 1x Warriors, 1x Settlers
  [Civ 1] Romans turn: 2 actions — MOVE_UNIT(1), UNIT_ORDER(1)
    CHANGE_PRODUCTION city=2
    CHANGE_PRODUCTION city=3

══════════════════════════════════════════════════════════════════════
  TURN 2 — 3980 B.C. (17ms)
══════════════════════════════════════════════════════════════════════
  [Civ 1] Romans (despotism): 1 cities, 1 units, 2g, 5 techs, researching Warrior Code (6/36)
    Rome: size=1, prod=Warriors (4sh), bldgs=Palace
    Units: 1x Warriors
  [Civ 2] Babylonians (despotism): 1 cities, 2 units, 0g, 5 techs, researching Code of Laws (1/36)
    Babylon: size=1, prod=Warriors (4sh), bldgs=Palace
    Units: 1x Warriors, 1x Settlers
  [Civ 3] Germans (despotism): 1 cities, 2 units, 1g, 5 techs, researching Alphabet (2/36)
    Berlin: size=1, prod=Archers (2sh), bldgs=Palace
    Units: 1x Warriors, 1x Settlers
  [Civ 4] Egyptians (despotism): 1 cities, 2 units, 0g, 4 techs, researching Alphabet (2/33)
    Thebes: size=1, prod=Archers (1sh), bldgs=Palace
    Units: 1x Warriors, 1x Settlers
  [Civ 1] Romans turn: 3 actions — SET_RESEARCH(1), MOVE_UNIT(1), UNIT_ORDER(1)
    SET_RESEARCH tech=Iron Working

══════════════════════════════════════════════════════════════════════
  TURN 3 — 3960 B.C. (12ms)
══════════════════════════════════════════════════════════════════════
  [Civ 1] Romans (despotism): 1 cities, 1 units, 3g, 5 techs, researching Iron Working (9/36)
    Rome: size=1, prod=Warriors (6sh), bldgs=Palace
    Units: 1x Warriors
  [Civ 2] Babylonians (despotism): 1 cities, 2 units, 0g, 5 techs, researching Code of Laws (2/36)
    Babylon: size=1, prod=Warriors (8sh), bldgs=Palace
    Units: 1x Warriors, 1x Settlers
  [Civ 3] Germans (despotism): 1 cities, 2 units, 2g, 5 techs, researching Alphabet (4/36)
    Berlin: size=1, prod=Archers (6sh), bldgs=Palace
    Units: 1x Warriors, 1x Settlers
  [Civ 4] Egyptians (despotism): 1 cities, 2 units, 0g, 4 techs, researching Alphabet (4/33)
    Thebes: size=1, prod=Archers (4sh), bldgs=Palace
    Units: 1x Warriors, 1x Settlers
  [Civ 1] Romans turn: 2 actions — MOVE_UNIT(1), UNIT_ORDER(1)
    >>> Babylon built Warriors
    CHANGE_PRODUCTION city=1

══════════════════════════════════════════════════════════════════════
  TURN 4 — 3940 B.C. (13ms)
══════════════════════════════════════════════════════════════════════
  [Civ 1] Romans (despotism): 1 cities, 1 units, 4g, 5 techs, researching Iron Working (12/36)
    Rome: size=1, prod=Warriors (8sh), bldgs=Palace
    Units: 1x Warriors
  [Civ 2] Babylonians (despotism): 1 cities, 3 units, 0g, 5 techs, researching Code of Laws (3/36)
    Babylon: size=1, prod=Archers (1sh), bldgs=Palace
    Units: 2x Warriors, 1x Settlers
  [Civ 3] Germans (despotism): 1 cities, 2 units, 3g, 5 techs, researching Alphabet (6/36)
    Berlin: size=1, prod=Archers (10sh), bldgs=Palace
    Units: 1x Warriors, 1x Settlers
  [Civ 4] Egyptians (despotism): 1 cities, 2 units, 0g, 4 techs, researching Alphabet (6/33)
    Thebes: size=1, prod=Archers (7sh), bldgs=Palace
    Units: 1x Warriors, 1x Settlers
  [Civ 1] Romans turn: 2 actions — MOVE_UNIT(1), UNIT_ORDER(1)
    >>> Rome built Warriors

══════════════════════════════════════════════════════════════════════
  TURN 5 — 3920 B.C. (11ms)
══════════════════════════════════════════════════════════════════════
  [Civ 1] Romans (despotism): 1 cities, 2 units, 5g, 5 techs, researching Iron Working (15/36)
    Rome: size=1, prod=Warriors (0sh), bldgs=Palace
    Units: 2x Warriors
  [Civ 2] Babylonians (despotism): 1 cities, 3 units, 0g, 5 techs, researching Code of Laws (4/36)
    Babylon: size=1, prod=Archers (5sh), bldgs=Palace
    Units: 2x Warriors, 1x Settlers
  [Civ 3] Germans (despotism): 1 cities, 2 units, 4g, 5 techs, researching Alphabet (8/36)
    Berlin: size=1, prod=Archers (14sh), bldgs=Palace
    Units: 1x Warriors, 1x Settlers
  [Civ 4] Egyptians (despotism): 1 cities, 2 units, 0g, 4 techs, researching Alphabet (8/33)
    Thebes: size=1, prod=Archers (10sh), bldgs=Palace
    Units: 1x Warriors, 1x Settlers
  [Civ 1] Romans turn: 3 actions — CHANGE_PRODUCTION(1), MOVE_UNIT(1), UNIT_ORDER(1)
    CHANGE_PRODUCTION city=0

══════════════════════════════════════════════════════════════════════
  TURN 6 — 3900 B.C. (12ms)
══════════════════════════════════════════════════════════════════════
  [Civ 1] Romans (despotism): 1 cities, 2 units, 6g, 5 techs, researching Iron Working (18/36)
    Rome: size=1, prod=Archers (2sh), bldgs=Palace
    Units: 2x Warriors
  [Civ 2] Babylonians (despotism): 1 cities, 3 units, 0g, 5 techs, researching Code of Laws (5/36)
    Babylon: size=1, prod=Archers (9sh), bldgs=Palace
    Units: 2x Warriors, 1x Settlers
  [Civ 3] Germans (despotism): 1 cities, 2 units, 5g, 5 techs, researching Alphabet (10/36)
    Berlin: size=1, prod=Archers (18sh), bldgs=Palace
    Units: 1x Warriors, 1x Settlers
  [Civ 4] Egyptians (despotism): 1 cities, 2 units, 0g, 4 techs, researching Alphabet (10/33)
    Thebes: size=1, prod=Archers (13sh), bldgs=Palace
    Units: 1x Warriors, 1x Settlers
  [Civ 1] Romans turn: 4 actions — MOVE_UNIT(1), UNIT_ORDER(3)
    >>> Rome grew to size 2

══════════════════════════════════════════════════════════════════════
  TURN 7 — 3880 B.C. (17ms)
══════════════════════════════════════════════════════════════════════
  [Civ 1] Romans (despotism): 1 cities, 2 units, 8g, 5 techs, researching Iron Working (21/36)
    Rome: size=2, prod=Archers (4sh), bldgs=Palace
    Units: 2x Warriors
  [Civ 2] Babylonians (despotism): 1 cities, 3 units, 0g, 5 techs, researching Code of Laws (6/36)
    Babylon: size=1, prod=Archers (13sh), bldgs=Palace
    Units: 2x Warriors, 1x Settlers
  [Civ 3] Germans (despotism): 1 cities, 2 units, 6g, 5 techs, researching Alphabet (12/36)
    Berlin: size=1, prod=Archers (22sh), bldgs=Palace
    Units: 1x Warriors, 1x Settlers
  [Civ 4] Egyptians (despotism): 1 cities, 2 units, 0g, 4 techs, researching Alphabet (12/33)
    Thebes: size=1, prod=Archers (16sh), bldgs=Palace
    Units: 1x Warriors, 1x Settlers
  [Civ 1] Romans turn: 2 actions — MOVE_UNIT(1), UNIT_ORDER(1)
    BUILD_CITY unit=10 name="Sumer"
    1 actions REJECTED (of 6)

══════════════════════════════════════════════════════════════════════
  TURN 8 — 3860 B.C. (9ms)
══════════════════════════════════════════════════════════════════════
  [Civ 1] Romans (despotism): 1 cities, 2 units, 10g, 5 techs, researching Iron Working (24/36)
    Rome: size=2, prod=Archers (7sh), bldgs=Palace
    Units: 2x Warriors
  [Civ 2] Babylonians (despotism): 2 cities, 2 units, 0g, 5 techs, researching Code of Laws (7/36)
    Babylon: size=1, prod=Archers (17sh), bldgs=Palace
    Sumer: size=1, prod=Warriors (0sh)
    Units: 2x Warriors
  [Civ 3] Germans (despotism): 1 cities, 2 units, 7g, 5 techs, researching Alphabet (14/36)
    Berlin: size=1, prod=Archers (26sh), bldgs=Palace
    Units: 1x Warriors, 1x Settlers
  [Civ 4] Egyptians (despotism): 1 cities, 2 units, 0g, 4 techs, researching Alphabet (14/33)
    Thebes: size=1, prod=Archers (19sh), bldgs=Palace
    Units: 1x Warriors, 1x Settlers
  [Civ 1] Romans turn: 2 actions — MOVE_UNIT(1), UNIT_ORDER(1)
    >>> Berlin built Archers
    CHANGE_PRODUCTION city=2

══════════════════════════════════════════════════════════════════════
  TURN 9 — 3840 B.C. (7ms)
══════════════════════════════════════════════════════════════════════
  [Civ 1] Romans (despotism): 1 cities, 2 units, 52g, 5 techs, researching Iron Working (27/36)
    Rome: size=2, prod=Archers (10sh), bldgs=Palace
    Units: 2x Warriors
  [Civ 2] Babylonians (despotism): 2 cities, 2 units, 1g, 5 techs, researching Code of Laws (11/36)
    Babylon: size=1, prod=Archers (21sh), bldgs=Palace
    Sumer: size=1, prod=Warriors (2sh)
    Units: 2x Warriors
  [Civ 3] Germans (despotism): 1 cities, 3 units, 8g, 5 techs, researching Alphabet (16/36)
    Berlin: size=1, prod=Horsemen (0sh), bldgs=Palace
    Units: 1x Warriors, 1x Settlers, 1x Archers
  [Civ 4] Egyptians (despotism): 1 cities, 2 units, 0g, 4 techs, researching Alphabet (16/33)
    Thebes: size=1, prod=Archers (22sh), bldgs=Palace
    Units: 1x Warriors, 1x Settlers
  [Civ 1] Romans turn: 2 actions — MOVE_UNIT(1), UNIT_ORDER(1)
    CHANGE_PRODUCTION city=4

══════════════════════════════════════════════════════════════════════
  TURN 10 — 3820 B.C. (7ms)
══════════════════════════════════════════════════════════════════════
  [Civ 1] Romans (despotism): 1 cities, 2 units, 93g, 5 techs, researching Iron Working (30/36)
    Rome: size=2, prod=Archers (13sh), bldgs=Palace
    Units: 2x Warriors
  [Civ 2] Babylonians (despotism): 2 cities, 2 units, 2g, 5 techs, researching Code of Laws (15/36)
    Babylon: size=1, prod=Archers (25sh), bldgs=Palace
    Sumer: size=1, prod=Archers (2sh)
    Units: 2x Warriors
  [Civ 3] Germans (despotism): 1 cities, 3 units, 9g, 5 techs, researching Alphabet (18/36)
    Berlin: size=1, prod=Horsemen (4sh), bldgs=Palace
    Units: 1x Warriors, 1x Settlers, 1x Archers
  [Civ 4] Egyptians (despotism): 1 cities, 2 units, 0g, 4 techs, researching Alphabet (18/33)
    Thebes: size=1, prod=Archers (25sh), bldgs=Palace
    Units: 1x Warriors, 1x Settlers
  [Civ 1] Romans turn: 2 actions — MOVE_UNIT(1), UNIT_ORDER(1)
    >>> Thebes grew to size 2

══════════════════════════════════════════════════════════════════════
  TURN 11 — 3800 B.C. (11ms)
══════════════════════════════════════════════════════════════════════
  [Civ 1] Romans (despotism): 1 cities, 2 units, 95g, 5 techs, researching Iron Working (33/36)
    Rome: size=2, prod=Archers (16sh), bldgs=Palace
    Units: 2x Warriors
  [Civ 2] Babylonians (despotism): 2 cities, 2 units, 3g, 5 techs, researching Code of Laws (19/36)
    Babylon: size=1, prod=Archers (29sh), bldgs=Palace
    Sumer: size=1, prod=Archers (4sh)
    Units: 2x Warriors
  [Civ 3] Germans (despotism): 1 cities, 3 units, 10g, 5 techs, researching Alphabet (20/36)
    Berlin: size=1, prod=Horsemen (8sh), bldgs=Palace
    Units: 1x Warriors, 1x Settlers, 1x Archers
  [Civ 4] Egyptians (despotism): 1 cities, 2 units, 0g, 4 techs, researching Alphabet (21/33)
    Thebes: size=2, prod=Archers (28sh), bldgs=Palace
    Units: 1x Warriors, 1x Settlers
  [Civ 1] Romans turn: 2 actions — MOVE_UNIT(1), UNIT_ORDER(1)
    >>> Babylon built Archers
    CHANGE_PRODUCTION city=1
    >>> Thebes built Archers
    CHANGE_PRODUCTION city=3
    >>> Romans discovered: Iron Working

══════════════════════════════════════════════════════════════════════
  TURN 12 — 3780 B.C. (8ms)
══════════════════════════════════════════════════════════════════════
  [Civ 1] Romans (despotism): 1 cities, 2 units, 95g, 6 techs, researching none (0/36)
    Rome: size=2, prod=Archers (19sh), bldgs=Palace
    Units: 2x Warriors
  [Civ 2] Babylonians (despotism): 2 cities, 3 units, 4g, 5 techs, researching Code of Laws (23/36)
    Babylon: size=1, prod=Horsemen (1sh), bldgs=Palace
    Sumer: size=1, prod=Archers (6sh)
    Units: 2x Warriors, 1x Archers
  [Civ 3] Germans (despotism): 1 cities, 3 units, 11g, 5 techs, researching Alphabet (22/36)
    Berlin: size=1, prod=Horsemen (12sh), bldgs=Palace
    Units: 1x Warriors, 1x Settlers, 1x Archers
  [Civ 4] Egyptians (despotism): 1 cities, 3 units, 0g, 4 techs, researching Alphabet (24/33)
    Thebes: size=2, prod=Horsemen (1sh), bldgs=Palace
    Units: 1x Warriors, 1x Settlers, 1x Archers
  [Civ 1] Romans turn: 3 actions — SET_RESEARCH(1), MOVE_UNIT(1), UNIT_ORDER(1)
    SET_RESEARCH tech=Ceremonial Burial

══════════════════════════════════════════════════════════════════════
  TURN 13 — 3760 B.C. (5ms)
══════════════════════════════════════════════════════════════════════
  [Civ 1] Romans (despotism): 1 cities, 2 units, 97g, 6 techs, researching Ceremonial Burial (3/36)
    Rome: size=2, prod=Archers (22sh), bldgs=Palace
    Units: 2x Warriors
  [Civ 2] Babylonians (despotism): 2 cities, 3 units, 5g, 5 techs, researching Code of Laws (27/36)
    Babylon: size=1, prod=Horsemen (4sh), bldgs=Palace
    Sumer: size=1, prod=Archers (8sh)
    Units: 2x Warriors, 1x Archers
  [Civ 3] Germans (despotism): 1 cities, 3 units, 12g, 5 techs, researching Alphabet (24/36)
    Berlin: size=1, prod=Horsemen (16sh), bldgs=Palace
    Units: 1x Warriors, 1x Settlers, 1x Archers
  [Civ 4] Egyptians (despotism): 1 cities, 3 units, 0g, 4 techs, researching Alphabet (27/33)
    Thebes: size=2, prod=Horsemen (5sh), bldgs=Palace
    Units: 1x Warriors, 1x Settlers, 1x Archers
  [Civ 1] Romans turn: 2 actions — MOVE_UNIT(1), UNIT_ORDER(1)
    >>> Berlin built Horsemen
    CHANGE_PRODUCTION city=2

══════════════════════════════════════════════════════════════════════
  TURN 14 — 3740 B.C. (5ms)
══════════════════════════════════════════════════════════════════════
  [Civ 1] Romans (despotism): 1 cities, 2 units, 99g, 6 techs, researching Ceremonial Burial (6/36)
    Rome: size=2, prod=Archers (25sh), bldgs=Palace
    Units: 2x Warriors
  [Civ 2] Babylonians (despotism): 2 cities, 3 units, 6g, 5 techs, researching Code of Laws (31/36)
    Babylon: size=1, prod=Horsemen (7sh), bldgs=Palace
    Sumer: size=1, prod=Archers (10sh)
    Units: 2x Warriors, 1x Archers
  [Civ 3] Germans (despotism): 1 cities, 4 units, 13g, 5 techs, researching Alphabet (26/36)
    Berlin: size=1, prod=building:2 (0sh), bldgs=Palace
    Units: 1x Warriors, 1x Settlers, 1x Archers, 1x Horsemen
  [Civ 4] Egyptians (despotism): 1 cities, 3 units, 0g, 4 techs, researching Alphabet (30/33)
    Thebes: size=2, prod=Horsemen (9sh), bldgs=Palace
    Units: 1x Warriors, 1x Settlers, 1x Archers
  [Civ 1] Romans turn: 2 actions — MOVE_UNIT(1), UNIT_ORDER(1)
    >>> Egyptians discovered: Alphabet
    SET_RESEARCH tech=Masonry

══════════════════════════════════════════════════════════════════════
  TURN 15 — 3720 B.C. (8ms)
══════════════════════════════════════════════════════════════════════
  [Civ 1] Romans (despotism): 1 cities, 2 units, 101g, 6 techs, researching Ceremonial Burial (9/36)
    Rome: size=2, prod=Archers (28sh), bldgs=Palace
    Units: 2x Warriors
  [Civ 2] Babylonians (despotism): 2 cities, 3 units, 7g, 5 techs, researching Code of Laws (35/36)
    Babylon: size=1, prod=Horsemen (10sh), bldgs=Palace
    Sumer: size=1, prod=Archers (12sh)
    Units: 2x Warriors, 1x Archers
  [Civ 3] Germans (despotism): 1 cities, 4 units, 14g, 5 techs, researching Alphabet (28/36)
    Berlin: size=1, prod=building:2 (3sh), bldgs=Palace
    Units: 1x Warriors, 1x Settlers, 1x Archers, 1x Horsemen
  [Civ 4] Egyptians (despotism): 1 cities, 3 units, 0g, 5 techs, researching Masonry (0/36)
    Thebes: size=2, prod=Horsemen (13sh), bldgs=Palace
    Units: 1x Warriors, 1x Settlers, 1x Archers
  [Civ 1] Romans turn: 2 actions — MOVE_UNIT(1), UNIT_ORDER(1)
    >>> Babylonians discovered: Code of Laws
    SET_RESEARCH tech=Map Making
    END_TURN REJECTED: 1 units still need orders
      #24 Horsemen(Atk) @(15,12) mv=3 ord=none hp=full
    >>> Rome built Archers

══════════════════════════════════════════════════════════════════════
  TURN 16 — 3700 B.C. (7ms)
══════════════════════════════════════════════════════════════════════
  [Civ 1] Romans (despotism): 1 cities, 3 units, 103g, 7 techs, researching Ceremonial Burial (12/33)
    Rome: size=2, prod=Archers (1sh), bldgs=Palace
    Units: 2x Warriors, 1x Archers
  [Civ 2] Babylonians (despotism): 2 cities, 3 units, 7g, 6 techs, researching Map Making (0/36)
    Babylon: size=1, prod=Horsemen (13sh), bldgs=Palace
    Sumer: size=1, prod=Archers (14sh)
    Units: 2x Warriors, 1x Archers
  [Civ 3] Germans (despotism): 1 cities, 4 units, 15g, 5 techs, researching Alphabet (30/36)
    Berlin: size=1, prod=building:2 (6sh), bldgs=Palace
    Units: 1x Warriors, 1x Settlers, 1x Archers, 1x Horsemen
  [Civ 4] Egyptians (despotism): 1 cities, 3 units, 0g, 5 techs, researching Masonry (3/36)
    Thebes: size=2, prod=Horsemen (17sh), bldgs=Palace
    Units: 1x Warriors, 1x Settlers, 1x Archers
  [Civ 1] Romans turn: 3 actions — CHANGE_PRODUCTION(1), MOVE_UNIT(1), UNIT_ORDER(1)
    CHANGE_PRODUCTION city=0
    SET_RESEARCH tech=Map Making
    >>> Thebes built Horsemen
    CHANGE_PRODUCTION city=3
    >>> Rome grew to size 3

══════════════════════════════════════════════════════════════════════
  TURN 17 — 3680 B.C. (9ms)
══════════════════════════════════════════════════════════════════════
  [Civ 1] Romans (despotism): 1 cities, 3 units, 105g, 7 techs, researching Ceremonial Burial (16/33)
    Rome: size=3, prod=Legion (3sh), bldgs=Palace
    Units: 2x Warriors, 1x Archers
  [Civ 2] Babylonians (despotism): 2 cities, 3 units, 8g, 6 techs, researching Map Making (4/36)
    Babylon: size=1, prod=Horsemen (16sh), bldgs=Palace
    Sumer: size=1, prod=Archers (16sh)
    Units: 2x Warriors, 1x Archers
  [Civ 3] Germans (despotism): 1 cities, 4 units, 16g, 6 techs, researching Map Making (32/36)
    Berlin: size=1, prod=building:2 (9sh), bldgs=Palace
    Units: 1x Warriors, 1x Settlers, 1x Archers, 1x Horsemen
  [Civ 4] Egyptians (despotism): 1 cities, 4 units, 0g, 5 techs, researching Masonry (6/36)
    Thebes: size=2, prod=building:2 (0sh), bldgs=Palace
    Units: 1x Warriors, 1x Settlers, 1x Archers, 1x Horsemen
  [Civ 1] Romans turn: 4 actions — MOVE_UNIT(2), UNIT_ORDER(2)
    >>> Sumer grew to size 2

══════════════════════════════════════════════════════════════════════
  TURN 18 — 3660 B.C. (6ms)
══════════════════════════════════════════════════════════════════════
  [Civ 1] Romans (despotism): 1 cities, 3 units, 107g, 7 techs, researching Ceremonial Burial (20/33)
    Rome: size=3, prod=Legion (7sh), bldgs=Palace
    Units: 2x Warriors, 1x Archers
  [Civ 2] Babylonians (despotism): 2 cities, 3 units, 10g, 6 techs, researching Map Making (8/36)
    Babylon: size=1, prod=Horsemen (19sh), bldgs=Palace
    Sumer: size=2, prod=Archers (18sh)
    Units: 2x Warriors, 1x Archers
  [Civ 3] Germans (despotism): 1 cities, 4 units, 17g, 6 techs, researching Map Making (34/36)
    Berlin: size=1, prod=building:2 (12sh), bldgs=Palace
    Units: 1x Warriors, 1x Settlers, 1x Archers, 1x Horsemen
  [Civ 4] Egyptians (despotism): 1 cities, 4 units, 0g, 5 techs, researching Masonry (9/36)
    Thebes: size=2, prod=building:2 (4sh), bldgs=Palace
    Units: 1x Warriors, 1x Settlers, 1x Archers, 1x Horsemen
  [Civ 1] Romans turn: 3 actions — MOVE_UNIT(2), UNIT_ORDER(1)
    >>> Babylon built Horsemen
    CHANGE_PRODUCTION city=1
    >>> Germans discovered: Map Making
    SET_RESEARCH tech=Currency

══════════════════════════════════════════════════════════════════════
  TURN 19 — 3640 B.C. (10ms)
══════════════════════════════════════════════════════════════════════
  [Civ 1] Romans (despotism): 1 cities, 3 units, 109g, 7 techs, researching Ceremonial Burial (24/33)
    Rome: size=3, prod=Legion (11sh), bldgs=Palace
    Units: 2x Warriors, 1x Archers
  [Civ 2] Babylonians (despotism): 2 cities, 4 units, 12g, 6 techs, researching Map Making (12/36)
    Babylon: size=1, prod=building:2 (0sh), bldgs=Palace
    Sumer: size=2, prod=Archers (21sh)
    Units: 2x Warriors, 1x Archers, 1x Horsemen
  [Civ 3] Germans (despotism): 1 cities, 4 units, 17g, 7 techs, researching Currency (0/33)
    Berlin: size=1, prod=building:2 (15sh), bldgs=Palace
    Units: 1x Warriors, 1x Settlers, 1x Archers, 1x Horsemen
  [Civ 4] Egyptians (despotism): 1 cities, 4 units, 0g, 5 techs, researching Masonry (12/36)
    Thebes: size=2, prod=building:2 (8sh), bldgs=Palace
    Units: 1x Warriors, 1x Settlers, 1x Archers, 1x Horsemen
  [Civ 1] Romans turn: 4 actions — MOVE_UNIT(2), UNIT_ORDER(2)

══════════════════════════════════════════════════════════════════════
  TURN 20 — 3620 B.C. (10ms)
══════════════════════════════════════════════════════════════════════
  [Civ 1] Romans (despotism): 1 cities, 3 units, 111g, 7 techs, researching Ceremonial Burial (28/33)
    Rome: size=3, prod=Legion (15sh), bldgs=Palace
    Units: 2x Warriors, 1x Archers
  [Civ 2] Babylonians (despotism): 2 cities, 4 units, 14g, 6 techs, researching Map Making (16/36)
    Babylon: size=1, prod=building:2 (2sh), bldgs=Palace
    Sumer: size=2, prod=Archers (24sh)
    Units: 2x Warriors, 1x Archers, 1x Horsemen
  [Civ 3] Germans (despotism): 1 cities, 4 units, 18g, 7 techs, researching Currency (2/33)
    Berlin: size=1, prod=building:2 (18sh), bldgs=Palace
    Units: 1x Warriors, 1x Settlers, 1x Archers, 1x Horsemen
  [Civ 4] Egyptians (despotism): 1 cities, 4 units, 0g, 5 techs, researching Masonry (15/36)
    Thebes: size=2, prod=building:2 (12sh), bldgs=Palace
    Units: 1x Warriors, 1x Settlers, 1x Archers, 1x Horsemen
  [Civ 1] Romans turn: 4 actions — MOVE_UNIT(2), UNIT_ORDER(2)
    >>> Babylon grew to size 2
    END_TURN REJECTED: 1 units still need orders
      #27 Horsemen(Atk) @(29,72) mv=3 ord=none hp=full

══════════════════════════════════════════════════════════════════════
  TURN 21 — 3600 B.C. (12ms)
══════════════════════════════════════════════════════════════════════
  [Civ 1] Romans (despotism): 1 cities, 3 units, 113g, 7 techs, researching Ceremonial Burial (32/33)
    Rome: size=3, prod=Legion (19sh), bldgs=Palace
    Units: 2x Warriors, 1x Archers
  [Civ 2] Babylonians (despotism): 2 cities, 4 units, 16g, 6 techs, researching Map Making (22/36)
    Babylon: size=2, prod=building:2 (4sh), bldgs=Palace
    Sumer: size=2, prod=Archers (27sh)
    Units: 2x Warriors, 1x Archers, 1x Horsemen
  [Civ 3] Germans (despotism): 1 cities, 4 units, 19g, 7 techs, researching Currency (6/33)
    Berlin: size=2, prod=building:2 (21sh), bldgs=Palace
    Units: 1x Warriors, 1x Settlers, 1x Archers, 1x Horsemen
  [Civ 4] Egyptians (despotism): 1 cities, 4 units, 0g, 5 techs, researching Masonry (18/36)
    Thebes: size=2, prod=building:2 (16sh), bldgs=Palace
    Units: 1x Warriors, 1x Settlers, 1x Archers, 1x Horsemen
  [Civ 1] Romans turn: 4 actions — MOVE_UNIT(2), UNIT_ORDER(2)
    >>> Sumer built Archers
    CHANGE_PRODUCTION city=1
    CHANGE_PRODUCTION city=4
    >>> Romans discovered: Ceremonial Burial

══════════════════════════════════════════════════════════════════════
  TURN 22 — 3580 B.C. (9ms)
══════════════════════════════════════════════════════════════════════
  [Civ 1] Romans (despotism): 1 cities, 3 units, 113g, 8 techs, researching none (0/28)
    Rome: size=3, prod=Legion (23sh), bldgs=Palace
    Units: 2x Warriors, 1x Archers
  [Civ 2] Babylonians (despotism): 2 cities, 5 units, 18g, 6 techs, researching Map Making (28/36)
    Babylon: size=2, prod=Settlers (0sh), bldgs=Palace
    Sumer: size=2, prod=Settlers (0sh)
    Units: 2x Warriors, 2x Archers, 1x Horsemen
  [Civ 3] Germans (despotism): 1 cities, 4 units, 20g, 7 techs, researching Currency (10/33)
    Berlin: size=2, prod=building:2 (26sh), bldgs=Palace
    Units: 1x Warriors, 1x Settlers, 1x Archers, 1x Horsemen
  [Civ 4] Egyptians (despotism): 1 cities, 4 units, 0g, 5 techs, researching Masonry (21/36)
    Thebes: size=2, prod=building:2 (20sh), bldgs=Palace
    Units: 1x Warriors, 1x Settlers, 1x Archers, 1x Horsemen
  [Civ 1] Romans turn: 5 actions — SET_RESEARCH(1), MOVE_UNIT(2), UNIT_ORDER(2)
    SET_RESEARCH tech=Mathematics

══════════════════════════════════════════════════════════════════════
  TURN 23 — 3560 B.C. (5ms)
══════════════════════════════════════════════════════════════════════
  [Civ 1] Romans (despotism): 1 cities, 3 units, 115g, 8 techs, researching Mathematics (4/28)
    Rome: size=3, prod=Legion (27sh), bldgs=Palace
    Units: 2x Warriors, 1x Archers
  [Civ 2] Babylonians (despotism): 2 cities, 5 units, 20g, 6 techs, researching Map Making (34/36)
    Babylon: size=2, prod=Settlers (4sh), bldgs=Palace
    Sumer: size=2, prod=Settlers (3sh)
    Units: 2x Warriors, 2x Archers, 1x Horsemen
  [Civ 3] Germans (despotism): 1 cities, 4 units, 21g, 7 techs, researching Currency (14/33)
    Berlin: size=2, prod=building:2 (31sh), bldgs=Palace
    Units: 1x Warriors, 1x Settlers, 1x Archers, 1x Horsemen
  [Civ 4] Egyptians (despotism): 1 cities, 4 units, 0g, 5 techs, researching Masonry (24/36)
    Thebes: size=2, prod=building:2 (24sh), bldgs=Palace
    Units: 1x Warriors, 1x Settlers, 1x Archers, 1x Horsemen
  [Civ 1] Romans turn: 4 actions — MOVE_UNIT(2), UNIT_ORDER(2)
    >>> Babylonians discovered: Map Making
    SET_RESEARCH tech=Currency

══════════════════════════════════════════════════════════════════════
  TURN 24 — 3540 B.C. (7ms)
══════════════════════════════════════════════════════════════════════
  [Civ 1] Romans (despotism): 1 cities, 3 units, 117g, 8 techs, researching Mathematics (8/28)
    Rome: size=3, prod=Legion (31sh), bldgs=Palace
    Units: 2x Warriors, 1x Archers
  [Civ 2] Babylonians (despotism): 2 cities, 5 units, 20g, 8 techs, researching Currency (0/28)
    Babylon: size=2, prod=Settlers (8sh), bldgs=Palace
    Sumer: size=2, prod=Settlers (6sh)
    Units: 2x Warriors, 2x Archers, 1x Horsemen
  [Civ 3] Germans (despotism): 1 cities, 4 units, 22g, 7 techs, researching Currency (18/33)
    Berlin: size=2, prod=building:2 (36sh), bldgs=Palace
    Units: 1x Warriors, 1x Settlers, 1x Archers, 1x Horsemen
  [Civ 4] Egyptians (despotism): 1 cities, 4 units, 0g, 6 techs, researching Masonry (27/36)
    Thebes: size=2, prod=building:2 (28sh), bldgs=Palace
    Units: 1x Warriors, 1x Settlers, 1x Archers, 1x Horsemen
  [Civ 1] Romans turn: 4 actions — MOVE_UNIT(2), UNIT_ORDER(2)
    >>> Berlin built building:2
    CHANGE_PRODUCTION city=2

══════════════════════════════════════════════════════════════════════
  TURN 25 — 3520 B.C. (5ms)
══════════════════════════════════════════════════════════════════════
  [Civ 1] Romans (despotism): 1 cities, 3 units, 119g, 9 techs, researching Mathematics (12/32)
    Rome: size=3, prod=Legion (35sh), bldgs=Palace
    Units: 2x Warriors, 1x Archers
  [Civ 2] Babylonians (despotism): 2 cities, 5 units, 22g, 8 techs, researching Currency (6/28)
    Babylon: size=2, prod=Settlers (12sh), bldgs=Palace
    Sumer: size=2, prod=Settlers (9sh)
    Units: 2x Warriors, 2x Archers, 1x Horsemen
  [Civ 3] Germans (despotism): 1 cities, 4 units, 22g, 7 techs, researching Currency (22/33)
    Berlin: size=2, prod=Trireme (0sh), bldgs=Palace, Barracks
    Units: 1x Warriors, 1x Settlers, 1x Archers, 1x Horsemen
  [Civ 4] Egyptians (despotism): 1 cities, 4 units, 0g, 7 techs, researching Masonry (30/33)
    Thebes: size=2, prod=building:2 (32sh), bldgs=Palace
    Units: 1x Warriors, 1x Settlers, 1x Archers, 1x Horsemen
  [Civ 1] Romans turn: 4 actions — MOVE_UNIT(2), UNIT_ORDER(2)
    >>> Egyptians discovered: Masonry
    >>> Thebes grew to size 3
    SET_RESEARCH tech=Seafaring
    CHANGE_PRODUCTION city=3

══════════════════════════════════════════════════════════════════════
  TURN 26 — 3500 B.C. (13ms)
══════════════════════════════════════════════════════════════════════
  [Civ 1] Romans (despotism): 1 cities, 3 units, 121g, 9 techs, researching Mathematics (16/32)
    Rome: size=3, prod=Legion (39sh), bldgs=Palace
    Units: 2x Warriors, 1x Archers
  [Civ 2] Babylonians (despotism): 2 cities, 5 units, 24g, 8 techs, researching Currency (12/28)
    Babylon: size=2, prod=Settlers (16sh), bldgs=Palace
    Sumer: size=2, prod=Settlers (12sh)
    Units: 2x Warriors, 2x Archers, 1x Horsemen
  [Civ 3] Germans (despotism): 1 cities, 4 units, 22g, 7 techs, researching Currency (26/33)
    Berlin: size=2, prod=Trireme (5sh), bldgs=Palace, Barracks
    Units: 1x Warriors, 1x Settlers, 1x Archers, 1x Horsemen
  [Civ 4] Egyptians (despotism): 1 cities, 4 units, 0g, 8 techs, researching Seafaring (0/28)
    Thebes: size=3, prod=building:8 (18sh), bldgs=Palace
    Units: 1x Warriors, 1x Settlers, 1x Archers, 1x Horsemen
  [Civ 1] Romans turn: 4 actions — MOVE_UNIT(2), UNIT_ORDER(2)
    >>> Rome built Legion

══════════════════════════════════════════════════════════════════════
  TURN 27 — 3480 B.C. (7ms)
══════════════════════════════════════════════════════════════════════
  [Civ 1] Romans (despotism): 1 cities, 4 units, 123g, 9 techs, researching Mathematics (20/32)
    Rome: size=3, prod=Legion (3sh), bldgs=Palace
    Units: 2x Warriors, 1x Archers, 1x Legion
  [Civ 2] Babylonians (despotism): 2 cities, 5 units, 26g, 8 techs, researching Currency (18/28)
    Babylon: size=2, prod=Settlers (20sh), bldgs=Palace
    Sumer: size=2, prod=Settlers (15sh)
    Units: 2x Warriors, 2x Archers, 1x Horsemen
  [Civ 3] Germans (despotism): 1 cities, 4 units, 22g, 7 techs, researching Currency (30/33)
    Berlin: size=2, prod=Trireme (10sh), bldgs=Palace, Barracks
    Units: 1x Warriors, 1x Settlers, 1x Archers, 1x Horsemen
  [Civ 4] Egyptians (despotism): 1 cities, 4 units, 0g, 8 techs, researching Seafaring (3/28)
    Thebes: size=3, prod=building:8 (23sh), bldgs=Palace
    Units: 1x Warriors, 1x Settlers, 1x Archers, 1x Horsemen
  [Civ 1] Romans turn: 5 actions — CHANGE_PRODUCTION(1), MOVE_UNIT(2), UNIT_ORDER(2)
    CHANGE_PRODUCTION city=0
    >>> Germans discovered: Currency
    SET_RESEARCH tech=Construction

══════════════════════════════════════════════════════════════════════
  TURN 28 — 3460 B.C. (7ms)
══════════════════════════════════════════════════════════════════════
  [Civ 1] Romans (despotism): 1 cities, 4 units, 125g, 9 techs, researching Mathematics (24/32)
    Rome: size=3, prod=Horsemen (5sh), bldgs=Palace
    Units: 2x Warriors, 1x Archers, 1x Legion
  [Civ 2] Babylonians (despotism): 2 cities, 5 units, 28g, 9 techs, researching Currency (24/32)
    Babylon: size=2, prod=Settlers (24sh), bldgs=Palace
    Sumer: size=2, prod=Settlers (18sh)
    Units: 2x Warriors, 2x Archers, 1x Horsemen
  [Civ 3] Germans (despotism): 1 cities, 4 units, 22g, 9 techs, researching Construction (0/32)
    Berlin: size=2, prod=Trireme (15sh), bldgs=Palace, Barracks
    Units: 1x Warriors, 1x Settlers, 1x Archers, 1x Horsemen
  [Civ 4] Egyptians (despotism): 1 cities, 4 units, 0g, 8 techs, researching Seafaring (6/28)
    Thebes: size=3, prod=building:8 (28sh), bldgs=Palace
    Units: 1x Warriors, 1x Settlers, 1x Archers, 1x Horsemen
  [Civ 1] Romans turn: 6 actions — MOVE_UNIT(3), UNIT_ORDER(3)

══════════════════════════════════════════════════════════════════════
  TURN 29 — 3440 B.C. (7ms)
══════════════════════════════════════════════════════════════════════
  [Civ 1] Romans (despotism): 1 cities, 4 units, 127g, 9 techs, researching Mathematics (28/32)
    Rome: size=3, prod=Horsemen (9sh), bldgs=Palace
    Units: 2x Warriors, 1x Archers, 1x Legion
  [Civ 2] Babylonians (despotism): 2 cities, 5 units, 30g, 9 techs, researching Currency (30/32)
    Babylon: size=2, prod=Settlers (28sh), bldgs=Palace
    Sumer: size=2, prod=Settlers (21sh)
    Units: 2x Warriors, 2x Archers, 1x Horsemen
  [Civ 3] Germans (despotism): 1 cities, 4 units, 22g, 9 techs, researching Construction (4/32)
    Berlin: size=2, prod=Trireme (20sh), bldgs=Palace, Barracks
    Units: 1x Warriors, 1x Settlers, 1x Archers, 1x Horsemen
  [Civ 4] Egyptians (despotism): 1 cities, 4 units, 0g, 8 techs, researching Seafaring (9/28)
    Thebes: size=3, prod=building:8 (33sh), bldgs=Palace
    Units: 1x Warriors, 1x Settlers, 1x Archers, 1x Horsemen
  [Civ 1] Romans turn: 5 actions — MOVE_UNIT(3), UNIT_ORDER(2)
    >>> Babylonians discovered: Currency
    SET_RESEARCH tech=Mysticism
    >>> Romans discovered: Mathematics

══════════════════════════════════════════════════════════════════════
  TURN 30 — 3420 B.C. (13ms)
══════════════════════════════════════════════════════════════════════
  [Civ 1] Romans (despotism): 1 cities, 4 units, 127g, 10 techs, researching none (0/48)
    Rome: size=3, prod=Horsemen (13sh), bldgs=Palace
    Units: 2x Warriors, 1x Archers, 1x Legion
  [Civ 2] Babylonians (despotism): 2 cities, 5 units, 30g, 10 techs, researching Mysticism (0/48)
    Babylon: size=2, prod=Settlers (32sh), bldgs=Palace
    Sumer: size=2, prod=Settlers (24sh)
    Units: 2x Warriors, 2x Archers, 1x Horsemen
  [Civ 3] Germans (despotism): 1 cities, 4 units, 22g, 9 techs, researching Construction (8/21)
    Berlin: size=2, prod=Trireme (25sh), bldgs=Palace, Barracks
    Units: 1x Warriors, 1x Settlers, 1x Archers, 1x Horsemen
  [Civ 4] Egyptians (despotism): 1 cities, 4 units, 0g, 8 techs, researching Seafaring (12/28)
    Thebes: size=3, prod=building:8 (38sh), bldgs=Palace
    Units: 1x Warriors, 1x Settlers, 1x Archers, 1x Horsemen
  [Civ 1] Romans turn: 7 actions — SET_RESEARCH(1), MOVE_UNIT(3), UNIT_ORDER(3)
    SET_RESEARCH tech=Seafaring
    >>> Rome grew to size 4

══════════════════════════════════════════════════════════════════════
  TURN 31 — 3400 B.C. (10ms)
══════════════════════════════════════════════════════════════════════
  [Civ 1] Romans (despotism): 1 cities, 4 units, 129g, 11 techs, researching Seafaring (4/52)
    Rome: size=4, prod=Horsemen (17sh), bldgs=Palace
    Units: 2x Warriors, 1x Archers, 1x Legion
  [Civ 2] Babylonians (despotism): 2 cities, 5 units, 32g, 10 techs, researching Mysticism (6/24)
    Babylon: size=2, prod=Settlers (36sh), bldgs=Palace
    Sumer: size=2, prod=Settlers (27sh)
    Units: 2x Warriors, 2x Archers, 1x Horsemen
  [Civ 3] Germans (despotism): 1 cities, 4 units, 22g, 9 techs, researching Construction (12/21)
    Berlin: size=2, prod=Trireme (30sh), bldgs=Palace, Barracks
    Units: 1x Warriors, 1x Settlers, 1x Archers, 1x Horsemen
  [Civ 4] Egyptians (despotism): 1 cities, 4 units, 0g, 9 techs, researching Seafaring (15/21)
    Thebes: size=3, prod=building:8 (43sh), bldgs=Palace
    Units: 1x Warriors, 1x Settlers, 1x Archers, 1x Horsemen
  [Civ 1] Romans turn: 6 actions — MOVE_UNIT(3), UNIT_ORDER(3)
    >>> Babylon built Settlers
    CHANGE_PRODUCTION city=1
    >>> Rome built Horsemen

══════════════════════════════════════════════════════════════════════
  TURN 32 — 3380 B.C. (10ms)
══════════════════════════════════════════════════════════════════════
  [Civ 1] Romans (despotism): 1 cities, 5 units, 131g, 11 techs, researching Seafaring (8/52)
    Rome: size=4, prod=Horsemen (1sh), bldgs=Palace
    Units: 2x Warriors, 1x Archers, 1x Legion, 1x Horsemen
  [Civ 2] Babylonians (despotism): 2 cities, 6 units, 34g, 10 techs, researching Mysticism (9/24)
    Babylon: size=1, prod=building:8 (0sh), bldgs=Palace
    Sumer: size=2, prod=Settlers (30sh)
    Units: 2x Warriors, 2x Archers, 1x Horsemen, 1x Settlers
  [Civ 3] Germans (despotism): 1 cities, 4 units, 22g, 9 techs, researching Construction (16/21)
    Berlin: size=2, prod=Trireme (35sh), bldgs=Palace, Barracks
    Units: 1x Warriors, 1x Settlers, 1x Archers, 1x Horsemen
  [Civ 4] Egyptians (despotism): 1 cities, 4 units, 0g, 9 techs, researching Seafaring (18/21)
    Thebes: size=3, prod=building:8 (48sh), bldgs=Palace
    Units: 1x Warriors, 1x Settlers, 1x Archers, 1x Horsemen
  [Civ 1] Romans turn: 10 actions — ADJUST_ATTITUDE(3), CHANGE_PRODUCTION(1), MOVE_UNIT(3), UNIT_ORDER(3)
    ADJUST_ATTITUDE target=civ2
    ADJUST_ATTITUDE target=civ3
    ADJUST_ATTITUDE target=civ4
    CHANGE_PRODUCTION city=0
    >>> Sumer grew to size 3
    ADJUST_ATTITUDE target=civ1
    ADJUST_ATTITUDE target=civ3
    ADJUST_ATTITUDE target=civ4
    >>> Berlin built Trireme
    ADJUST_ATTITUDE target=civ1
    ADJUST_ATTITUDE target=civ2
    ADJUST_ATTITUDE target=civ4
    CHANGE_PRODUCTION city=2
    >>> Egyptians discovered: Seafaring
    SET_RESEARCH tech=Code of Laws
    ADJUST_ATTITUDE target=civ1
    ADJUST_ATTITUDE target=civ2
    ADJUST_ATTITUDE target=civ3

══════════════════════════════════════════════════════════════════════
  TURN 33 — 3360 B.C. (11ms)
══════════════════════════════════════════════════════════════════════
  [Civ 1] Romans (despotism): 1 cities, 5 units, 133g, 11 techs, researching Seafaring (12/52)
    Rome: size=4, prod=Catapult (4sh), bldgs=Palace
    Units: 2x Warriors, 1x Archers, 1x Legion, 1x Horsemen
  [Civ 2] Babylonians (despotism): 2 cities, 6 units, 36g, 10 techs, researching Mysticism (13/24)
    Babylon: size=1, prod=building:8 (1sh), bldgs=Palace
    Sumer: size=3, prod=Settlers (33sh)
    Units: 2x Warriors, 2x Archers, 1x Horsemen, 1x Settlers
  [Civ 3] Germans (despotism): 1 cities, 5 units, 22g, 9 techs, researching Construction (20/21)
    Berlin: size=2, prod=building:8 (0sh), bldgs=Palace, Barracks
    Units: 1x Warriors, 1x Settlers, 1x Archers, 1x Horsemen, 1x Trireme
  [Civ 4] Egyptians (despotism): 1 cities, 4 units, 0g, 10 techs, researching Code of Laws (0/24)
    Thebes: size=3, prod=building:8 (53sh), bldgs=Palace
    Units: 1x Warriors, 1x Settlers, 1x Archers, 1x Horsemen
  [Civ 1] Romans turn: 8 actions — MOVE_UNIT(4), UNIT_ORDER(4)
    >>> Germans discovered: Construction
    SET_RESEARCH tech=Mysticism
    ADJUST_ATTITUDE target=civ1

══════════════════════════════════════════════════════════════════════
  TURN 34 — 3340 B.C. (9ms)
══════════════════════════════════════════════════════════════════════
  [Civ 1] Romans (despotism): 1 cities, 5 units, 135g, 11 techs, researching Seafaring (16/52)
    Rome: size=4, prod=Catapult (8sh), bldgs=Palace
    Units: 2x Warriors, 1x Archers, 1x Legion, 1x Horsemen
  [Civ 2] Babylonians (despotism): 2 cities, 6 units, 38g, 10 techs, researching Mysticism (17/24)
    Babylon: size=1, prod=building:8 (2sh), bldgs=Palace
    Sumer: size=3, prod=Settlers (37sh)
    Units: 2x Warriors, 2x Archers, 1x Horsemen, 1x Settlers
  [Civ 3] Germans (despotism): 1 cities, 5 units, 22g, 10 techs, researching Mysticism (0/24)
    Berlin: size=2, prod=building:8 (4sh), bldgs=Palace, Barracks
    Units: 1x Warriors, 1x Settlers, 1x Archers, 1x Horsemen, 1x Trireme
  [Civ 4] Egyptians (despotism): 1 cities, 4 units, 0g, 10 techs, researching Code of Laws (3/24)
    Thebes: size=3, prod=building:8 (58sh), bldgs=Palace
    Units: 1x Warriors, 1x Settlers, 1x Archers, 1x Horsemen
  [Civ 1] Romans turn: 7 actions — MOVE_UNIT(4), UNIT_ORDER(3)
    END_TURN REJECTED: 1 units still need orders
      #31 Horsemen(Atk) @(33,34) mv=3 ord=none hp=full
    ADJUST_ATTITUDE target=civ1

══════════════════════════════════════════════════════════════════════
  TURN 35 — 3320 B.C. (10ms)
══════════════════════════════════════════════════════════════════════
  [Civ 1] Romans (despotism): 1 cities, 5 units, 137g, 11 techs, researching Seafaring (20/52)
    Rome: size=4, prod=Catapult (12sh), bldgs=Palace
    Units: 2x Warriors, 1x Archers, 1x Legion, 1x Horsemen
  [Civ 2] Babylonians (despotism): 2 cities, 7 units, 40g, 10 techs, researching Mysticism (20/24)
    Babylon: size=1, prod=building:8 (3sh), bldgs=Palace
    Sumer: size=2, prod=Settlers (1sh)
    Units: 2x Warriors, 2x Archers, 1x Horsemen, 2x Settlers
  [Civ 3] Germans (despotism): 1 cities, 5 units, 22g, 10 techs, researching Mysticism (4/24)
    Berlin: size=2, prod=building:8 (8sh), bldgs=Palace, Barracks
    Units: 1x Warriors, 1x Settlers, 1x Archers, 1x Horsemen, 1x Trireme
  [Civ 4] Egyptians (despotism): 1 cities, 4 units, 0g, 10 techs, researching Code of Laws (6/24)
    Thebes: size=3, prod=building:8 (63sh), bldgs=Palace
    Units: 1x Warriors, 1x Settlers, 1x Archers, 1x Horsemen
  [Civ 1] Romans turn: 8 actions — MOVE_UNIT(4), UNIT_ORDER(4)
    ADJUST_ATTITUDE target=civ1

══════════════════════════════════════════════════════════════════════
  TURN 36 — 3300 B.C. (8ms)
══════════════════════════════════════════════════════════════════════
  [Civ 1] Romans (despotism): 1 cities, 5 units, 139g, 11 techs, researching Seafaring (24/52)
    Rome: size=4, prod=Catapult (16sh), bldgs=Palace
    Units: 2x Warriors, 1x Archers, 1x Legion, 1x Horsemen
  [Civ 2] Babylonians (despotism): 2 cities, 7 units, 42g, 10 techs, researching Mysticism (23/24)
    Babylon: size=1, prod=building:8 (4sh), bldgs=Palace
    Sumer: size=2, prod=Settlers (4sh)
    Units: 2x Warriors, 2x Archers, 1x Horsemen, 2x Settlers
  [Civ 3] Germans (despotism): 1 cities, 5 units, 22g, 10 techs, researching Mysticism (8/24)
    Berlin: size=2, prod=building:8 (12sh), bldgs=Palace, Barracks
    Units: 1x Warriors, 1x Settlers, 1x Archers, 1x Horsemen, 1x Trireme
  [Civ 4] Egyptians (despotism): 1 cities, 4 units, 0g, 10 techs, researching Code of Laws (9/24)
    Thebes: size=3, prod=building:8 (68sh), bldgs=Palace
    Units: 1x Warriors, 1x Settlers, 1x Archers, 1x Horsemen
  [Civ 1] Romans turn: 8 actions — MOVE_UNIT(4), UNIT_ORDER(4)
    >>> Babylonians discovered: Mysticism
    SET_RESEARCH tech=Trade
    ADJUST_ATTITUDE target=civ1

══════════════════════════════════════════════════════════════════════
  TURN 37 — 3280 B.C. (10ms)
══════════════════════════════════════════════════════════════════════
  [Civ 1] Romans (despotism): 1 cities, 5 units, 141g, 11 techs, researching Seafaring (28/52)
    Rome: size=4, prod=Catapult (20sh), bldgs=Palace
    Units: 2x Warriors, 1x Archers, 1x Legion, 1x Horsemen
  [Civ 2] Babylonians (despotism): 2 cities, 7 units, 42g, 11 techs, researching Trade (0/52)
    Babylon: size=1, prod=building:8 (5sh), bldgs=Palace
    Sumer: size=2, prod=Settlers (7sh)
    Units: 2x Warriors, 2x Archers, 1x Horsemen, 2x Settlers
  [Civ 3] Germans (despotism): 1 cities, 5 units, 22g, 10 techs, researching Mysticism (12/24)
    Berlin: size=2, prod=building:8 (16sh), bldgs=Palace, Barracks
    Units: 1x Warriors, 1x Settlers, 1x Archers, 1x Horsemen, 1x Trireme
  [Civ 4] Egyptians (despotism): 1 cities, 4 units, 0g, 10 techs, researching Code of Laws (12/24)
    Thebes: size=3, prod=building:8 (73sh), bldgs=Palace
    Units: 1x Warriors, 1x Settlers, 1x Archers, 1x Horsemen
  [Civ 1] Romans turn: 8 actions — MOVE_UNIT(4), UNIT_ORDER(4)
    ADJUST_ATTITUDE target=civ1

══════════════════════════════════════════════════════════════════════
  TURN 38 — 3260 B.C. (10ms)
══════════════════════════════════════════════════════════════════════
  [Civ 1] Romans (despotism): 1 cities, 5 units, 143g, 11 techs, researching Seafaring (32/52)
    Rome: size=4, prod=Catapult (24sh), bldgs=Palace
    Units: 2x Warriors, 1x Archers, 1x Legion, 1x Horsemen
  [Civ 2] Babylonians (despotism): 2 cities, 7 units, 44g, 11 techs, researching Trade (3/52)
    Babylon: size=1, prod=building:8 (6sh), bldgs=Palace
    Sumer: size=2, prod=Settlers (10sh)
    Units: 2x Warriors, 2x Archers, 1x Horsemen, 2x Settlers
  [Civ 3] Germans (despotism): 1 cities, 5 units, 22g, 11 techs, researching Mysticism (16/52)
    Berlin: size=2, prod=building:8 (20sh), bldgs=Palace, Barracks
    Units: 1x Warriors, 1x Settlers, 1x Archers, 1x Horsemen, 1x Trireme
  [Civ 4] Egyptians (despotism): 1 cities, 4 units, 0g, 10 techs, researching Code of Laws (15/24)
    Thebes: size=3, prod=building:8 (78sh), bldgs=Palace
    Units: 1x Warriors, 1x Settlers, 1x Archers, 1x Horsemen
  [Civ 1] Romans turn: 8 actions — MOVE_UNIT(4), UNIT_ORDER(4)
    ADJUST_ATTITUDE target=civ1
    >>> Thebes built building:8
    CHANGE_PRODUCTION city=3

══════════════════════════════════════════════════════════════════════
  TURN 39 — 3240 B.C. (11ms)
══════════════════════════════════════════════════════════════════════
  [Civ 1] Romans (despotism): 1 cities, 5 units, 145g, 11 techs, researching Seafaring (36/52)
    Rome: size=4, prod=Catapult (28sh), bldgs=Palace
    Units: 2x Warriors, 1x Archers, 1x Legion, 1x Horsemen
  [Civ 2] Babylonians (despotism): 2 cities, 7 units, 46g, 11 techs, researching Trade (6/52)
    Babylon: size=1, prod=building:8 (7sh), bldgs=Palace
    Sumer: size=2, prod=Settlers (13sh)
    Units: 2x Warriors, 2x Archers, 1x Horsemen, 2x Settlers
  [Civ 3] Germans (despotism): 1 cities, 5 units, 22g, 11 techs, researching Mysticism (20/52)
    Berlin: size=2, prod=building:8 (24sh), bldgs=Palace, Barracks
    Units: 1x Warriors, 1x Settlers, 1x Archers, 1x Horsemen, 1x Trireme
  [Civ 4] Egyptians (despotism): 1 cities, 4 units, 0g, 11 techs, researching Code of Laws (18/52)
    Thebes: size=3, prod=Catapult (0sh), bldgs=Palace, City Walls
    Units: 1x Warriors, 1x Settlers, 1x Archers, 1x Horsemen
  [Civ 1] Romans turn: 8 actions — MOVE_UNIT(4), UNIT_ORDER(4)
    ADJUST_ATTITUDE target=civ1
    >>> Romans discovered: Seafaring

══════════════════════════════════════════════════════════════════════
  TURN 40 — 3220 B.C. (11ms)
══════════════════════════════════════════════════════════════════════
  [Civ 1] Romans (despotism): 1 cities, 5 units, 145g, 12 techs, researching none (0/57)
    Rome: size=4, prod=Catapult (32sh), bldgs=Palace
    Units: 2x Warriors, 1x Archers, 1x Legion, 1x Horsemen
  [Civ 2] Babylonians (despotism): 2 cities, 7 units, 48g, 12 techs, researching Trade (9/57)
    Babylon: size=1, prod=building:8 (8sh), bldgs=Palace
    Sumer: size=2, prod=Settlers (16sh)
    Units: 2x Warriors, 2x Archers, 1x Horsemen, 2x Settlers
  [Civ 3] Germans (despotism): 1 cities, 5 units, 22g, 11 techs, researching Mysticism (24/26)
    Berlin: size=2, prod=building:8 (28sh), bldgs=Palace, Barracks
    Units: 1x Warriors, 1x Settlers, 1x Archers, 1x Horsemen, 1x Trireme
  [Civ 4] Egyptians (despotism): 1 cities, 4 units, 0g, 11 techs, researching Code of Laws (21/26)
    Thebes: size=3, prod=Catapult (5sh), bldgs=Palace, City Walls
    Units: 1x Warriors, 1x Settlers, 1x Archers, 1x Horsemen
  [Civ 1] Romans turn: 9 actions — SET_RESEARCH(1), MOVE_UNIT(4), UNIT_ORDER(4)
    SET_RESEARCH tech=The Wheel
    >>> Germans discovered: Mysticism
    SET_RESEARCH tech=Astronomy
    ADJUST_ATTITUDE target=civ1

══════════════════════════════════════════════════════════════════════
  TURN 41 — 3200 B.C. (12ms)
══════════════════════════════════════════════════════════════════════
  [Civ 1] Romans (despotism): 1 cities, 5 units, 147g, 12 techs, researching The Wheel (4/57)
    Rome: size=4, prod=Catapult (36sh), bldgs=Palace
    Units: 2x Warriors, 1x Archers, 1x Legion, 1x Horsemen
  [Civ 2] Babylonians (despotism): 2 cities, 7 units, 50g, 12 techs, researching Trade (12/57)
    Babylon: size=1, prod=building:8 (9sh), bldgs=Palace
    Sumer: size=2, prod=Settlers (19sh)
    Units: 2x Warriors, 2x Archers, 1x Horsemen, 2x Settlers
  [Civ 3] Germans (despotism): 1 cities, 5 units, 22g, 12 techs, researching Astronomy (0/57)
    Berlin: size=2, prod=building:8 (32sh), bldgs=Palace, Barracks
    Units: 1x Warriors, 1x Settlers, 1x Archers, 1x Horsemen, 1x Trireme
  [Civ 4] Egyptians (despotism): 1 cities, 4 units, 0g, 11 techs, researching Code of Laws (24/26)
    Thebes: size=3, prod=Catapult (10sh), bldgs=Palace, City Walls
    Units: 1x Warriors, 1x Settlers, 1x Archers, 1x Horsemen
  [Civ 1] Romans turn: 8 actions — MOVE_UNIT(4), UNIT_ORDER(4)
    ADJUST_ATTITUDE target=civ1
    >>> Egyptians discovered: Code of Laws
    SET_RESEARCH tech=Astronomy
    >>> Rome built Catapult

══════════════════════════════════════════════════════════════════════
  TURN 42 — 3180 B.C. (9ms)
══════════════════════════════════════════════════════════════════════
  [Civ 1] Romans (despotism): 1 cities, 6 units, 149g, 13 techs, researching The Wheel (8/62)
    Rome: size=4, prod=Catapult (0sh), bldgs=Palace
    Units: 2x Warriors, 1x Archers, 1x Legion, 1x Horsemen, 1x Catapult
  [Civ 2] Babylonians (despotism): 2 cities, 7 units, 52g, 13 techs, researching Trade (15/62)
    Babylon: size=1, prod=building:8 (10sh), bldgs=Palace
    Sumer: size=2, prod=Settlers (22sh)
    Units: 2x Warriors, 2x Archers, 1x Horsemen, 2x Settlers
  [Civ 3] Germans (despotism): 1 cities, 5 units, 22g, 13 techs, researching Astronomy (4/62)
    Berlin: size=2, prod=building:8 (36sh), bldgs=Palace, Barracks
    Units: 1x Warriors, 1x Settlers, 1x Archers, 1x Horsemen, 1x Trireme
  [Civ 4] Egyptians (despotism): 1 cities, 4 units, 0g, 13 techs, researching Astronomy (0/62)
    Thebes: size=3, prod=Catapult (15sh), bldgs=Palace, City Walls
    Units: 1x Warriors, 1x Settlers, 1x Archers, 1x Horsemen
  [Civ 1] Romans turn: 9 actions — CHANGE_PRODUCTION(1), MOVE_UNIT(4), UNIT_ORDER(4)
    CHANGE_PRODUCTION city=0
    ADJUST_ATTITUDE target=civ1

══════════════════════════════════════════════════════════════════════
  TURN 43 — 3160 B.C. (9ms)
══════════════════════════════════════════════════════════════════════
  [Civ 1] Romans (despotism): 1 cities, 6 units, 151g, 14 techs, researching The Wheel (12/67)
    Rome: size=4, prod=Explorer (3sh), bldgs=Palace
    Units: 2x Warriors, 1x Archers, 1x Legion, 1x Horsemen, 1x Catapult
  [Civ 2] Babylonians (despotism): 2 cities, 7 units, 54g, 13 techs, researching Trade (18/31)
    Babylon: size=1, prod=building:8 (11sh), bldgs=Palace
    Sumer: size=2, prod=Settlers (25sh)
    Units: 2x Warriors, 2x Archers, 1x Horsemen, 2x Settlers
  [Civ 3] Germans (despotism): 1 cities, 5 units, 22g, 13 techs, researching Astronomy (8/31)
    Berlin: size=2, prod=building:8 (40sh), bldgs=Palace, Barracks
    Units: 1x Warriors, 1x Settlers, 1x Archers, 1x Horsemen, 1x Trireme
  [Civ 4] Egyptians (despotism): 1 cities, 4 units, 0g, 13 techs, researching Astronomy (3/31)
    Thebes: size=3, prod=Catapult (20sh), bldgs=Palace, City Walls
    Units: 1x Warriors, 1x Settlers, 1x Archers, 1x Horsemen
  [Civ 1] Romans turn: 10 actions — MOVE_UNIT(5), UNIT_ORDER(5)
    ADJUST_ATTITUDE target=civ1

══════════════════════════════════════════════════════════════════════
  TURN 44 — 3140 B.C. (5ms)
══════════════════════════════════════════════════════════════════════
  [Civ 1] Romans (despotism): 1 cities, 6 units, 153g, 14 techs, researching The Wheel (16/67)
    Rome: size=4, prod=Explorer (6sh), bldgs=Palace
    Units: 2x Warriors, 1x Archers, 1x Legion, 1x Horsemen, 1x Catapult
  [Civ 2] Babylonians (despotism): 2 cities, 7 units, 56g, 13 techs, researching Trade (21/31)
    Babylon: size=1, prod=building:8 (12sh), bldgs=Palace
    Sumer: size=2, prod=Settlers (28sh)
    Units: 2x Warriors, 2x Archers, 1x Horsemen, 2x Settlers
  [Civ 3] Germans (despotism): 1 cities, 5 units, 22g, 14 techs, researching Astronomy (12/67)
    Berlin: size=2, prod=building:8 (44sh), bldgs=Palace, Barracks
    Units: 1x Warriors, 1x Settlers, 1x Archers, 1x Horsemen, 1x Trireme
  [Civ 4] Egyptians (despotism): 1 cities, 4 units, 0g, 13 techs, researching Astronomy (6/31)
    Thebes: size=3, prod=Catapult (25sh), bldgs=Palace, City Walls
    Units: 1x Warriors, 1x Settlers, 1x Archers, 1x Horsemen
  [Civ 1] Romans turn: 9 actions — MOVE_UNIT(5), UNIT_ORDER(4)
    ADJUST_ATTITUDE target=civ1

══════════════════════════════════════════════════════════════════════
  TURN 45 — 3120 B.C. (5ms)
══════════════════════════════════════════════════════════════════════
  [Civ 1] Romans (despotism): 1 cities, 6 units, 155g, 14 techs, researching The Wheel (20/67)
    Rome: size=4, prod=Explorer (9sh), bldgs=Palace
    Units: 2x Warriors, 1x Archers, 1x Legion, 1x Horsemen, 1x Catapult
  [Civ 2] Babylonians (despotism): 2 cities, 7 units, 58g, 13 techs, researching Trade (24/31)
    Babylon: size=1, prod=building:8 (13sh), bldgs=Palace
    Sumer: size=2, prod=Settlers (31sh)
    Units: 2x Warriors, 2x Archers, 1x Horsemen, 2x Settlers
  [Civ 3] Germans (despotism): 1 cities, 5 units, 22g, 14 techs, researching Astronomy (16/67)
    Berlin: size=2, prod=building:8 (48sh), bldgs=Palace, Barracks
    Units: 1x Warriors, 1x Settlers, 1x Archers, 1x Horsemen, 1x Trireme
  [Civ 4] Egyptians (despotism): 1 cities, 4 units, 0g, 13 techs, researching Astronomy (9/31)
    Thebes: size=3, prod=Catapult (30sh), bldgs=Palace, City Walls
    Units: 1x Warriors, 1x Settlers, 1x Archers, 1x Horsemen
  [Civ 1] Romans turn: 10 actions — MOVE_UNIT(5), UNIT_ORDER(5)
    ADJUST_ATTITUDE target=civ1
    >>> Thebes grew to size 4

══════════════════════════════════════════════════════════════════════
  TURN 46 — 3100 B.C. (8ms)
══════════════════════════════════════════════════════════════════════
  [Civ 1] Romans (despotism): 1 cities, 6 units, 157g, 14 techs, researching The Wheel (24/67)
    Rome: size=4, prod=Explorer (12sh), bldgs=Palace
    Units: 2x Warriors, 1x Archers, 1x Legion, 1x Horsemen, 1x Catapult
  [Civ 2] Babylonians (despotism): 2 cities, 7 units, 60g, 13 techs, researching Trade (27/31)
    Babylon: size=1, prod=building:8 (14sh), bldgs=Palace
    Sumer: size=2, prod=Settlers (34sh)
    Units: 2x Warriors, 2x Archers, 1x Horsemen, 2x Settlers
  [Civ 3] Germans (despotism): 1 cities, 5 units, 22g, 14 techs, researching Astronomy (20/67)
    Berlin: size=2, prod=building:8 (52sh), bldgs=Palace, Barracks
    Units: 1x Warriors, 1x Settlers, 1x Archers, 1x Horsemen, 1x Trireme
  [Civ 4] Egyptians (despotism): 1 cities, 4 units, 0g, 13 techs, researching Astronomy (12/31)
    Thebes: size=4, prod=Catapult (35sh), bldgs=Palace, City Walls
    Units: 1x Warriors, 1x Settlers, 1x Archers, 1x Horsemen
  [Civ 1] Romans turn: 10 actions — MOVE_UNIT(5), UNIT_ORDER(5)
    COMBAT: Warriors vs Warriors → defWin (atkHp=undefined, defHp=undefined)
    1 actions REJECTED (of 10)
    ADJUST_ATTITUDE target=civ1
    >>> Thebes built Catapult
    CHANGE_PRODUCTION city=3

══════════════════════════════════════════════════════════════════════
  TURN 47 — 3080 B.C. (7ms)
══════════════════════════════════════════════════════════════════════
  [Civ 1] Romans (despotism): 1 cities, 5 units, 159g, 14 techs, researching The Wheel (28/67)
    Rome: size=4, prod=Explorer (15sh), bldgs=Palace
    Units: 1x Warriors, 1x Archers, 1x Legion, 1x Horsemen, 1x Catapult
  [Civ 2] Babylonians (despotism): 2 cities, 7 units, 62g, 13 techs, researching Trade (30/31)
    Babylon: size=1, prod=building:8 (15sh), bldgs=Palace
    Sumer: size=2, prod=Settlers (37sh)
    Units: 2x Warriors, 2x Archers, 1x Horsemen, 2x Settlers
  [Civ 3] Germans (despotism): 1 cities, 5 units, 22g, 14 techs, researching Astronomy (24/67)
    Berlin: size=2, prod=building:8 (56sh), bldgs=Palace, Barracks
    Units: 1x Warriors, 1x Settlers, 1x Archers, 1x Horsemen, 1x Trireme
  [Civ 4] Egyptians (despotism): 1 cities, 5 units, 0g, 13 techs, researching Astronomy (15/31)
    Thebes: size=4, prod=Explorer (0sh), bldgs=Palace, City Walls
    Units: 1x Warriors, 1x Settlers, 1x Archers, 1x Horsemen, 1x Catapult
  [Civ 1] Romans turn: 9 actions — ADJUST_ATTITUDE(1), MOVE_UNIT(4), UNIT_ORDER(4)
    ADJUST_ATTITUDE target=civ3
    COMBAT: Archers vs Horsemen → atkWin (atkHp=undefined, defHp=undefined)
    >>> Babylonians discovered: Trade
    >>> Sumer built Settlers
    SET_RESEARCH tech=Astronomy
    CHANGE_PRODUCTION city=4
    ADJUST_ATTITUDE target=civ1
    >>> Rome grew to size 5

══════════════════════════════════════════════════════════════════════
  TURN 48 — 3060 B.C. (8ms)
══════════════════════════════════════════════════════════════════════
  [Civ 1] Romans (despotism): 1 cities, 5 units, 162g, 14 techs, researching The Wheel (32/67)
    Rome: size=5, prod=Explorer (18sh), bldgs=Palace
    Units: 1x Warriors, 1x Archers, 1x Legion, 1x Horsemen, 1x Catapult
  [Civ 2] Babylonians (despotism): 2 cities, 8 units, 62g, 14 techs, researching Astronomy (0/67)
    Babylon: size=1, prod=building:8 (16sh), bldgs=Palace
    Sumer: size=1, prod=Catapult (0sh)
    Units: 2x Warriors, 2x Archers, 1x Horsemen, 3x Settlers
  [Civ 3] Germans (despotism): 1 cities, 4 units, 22g, 14 techs, researching Astronomy (28/67)
    Berlin: size=2, prod=building:8 (61sh), bldgs=Palace, Barracks
    Units: 1x Warriors, 1x Settlers, 1x Archers, 1x Trireme
  [Civ 4] Egyptians (despotism): 1 cities, 5 units, 0g, 13 techs, researching Astronomy (18/31)
    Thebes: size=4, prod=Explorer (6sh), bldgs=Palace, City Walls
    Units: 1x Warriors, 1x Settlers, 1x Archers, 1x Horsemen, 1x Catapult
  [Civ 1] Romans turn: 10 actions — ADJUST_ATTITUDE(2), MOVE_UNIT(4), UNIT_ORDER(4)
    ADJUST_ATTITUDE target=civ3
    ADJUST_ATTITUDE target=civ3
    ADJUST_ATTITUDE target=civ1
    ADJUST_ATTITUDE target=civ1
    PROPOSE_TREATY treaty=ceasefire target=civ1
    ADJUST_ATTITUDE target=civ1

══════════════════════════════════════════════════════════════════════
  TURN 49 — 3040 B.C. (11ms)
══════════════════════════════════════════════════════════════════════
  [Civ 1] Romans (despotism): 1 cities, 5 units, 165g, 14 techs, researching The Wheel (36/67)
    Rome: size=5, prod=Explorer (22sh), bldgs=Palace
    Units: 1x Warriors, 1x Archers, 1x Legion, 1x Horsemen, 1x Catapult
  [Civ 2] Babylonians (despotism): 2 cities, 8 units, 63g, 14 techs, researching Astronomy (2/67)
    Babylon: size=1, prod=building:8 (17sh), bldgs=Palace
    Sumer: size=1, prod=Catapult (0sh)
    Units: 2x Warriors, 2x Archers, 1x Horsemen, 3x Settlers
  [Civ 3] Germans (despotism): 1 cities, 4 units, 22g, 14 techs, researching Astronomy (32/67)
    Berlin: size=2, prod=building:8 (66sh), bldgs=Palace, Barracks
    Units: 1x Warriors, 1x Settlers, 1x Archers, 1x Trireme
  [Civ 4] Egyptians (despotism): 1 cities, 5 units, 0g, 13 techs, researching Astronomy (21/31)
    Thebes: size=4, prod=Explorer (12sh), bldgs=Palace, City Walls
    Units: 1x Warriors, 1x Settlers, 1x Archers, 1x Horsemen, 1x Catapult
  [Civ 1] Romans turn: 11 actions — ADJUST_ATTITUDE(2), RESPOND_TREATY(1), MOVE_UNIT(4), UNIT_ORDER(4)
    ADJUST_ATTITUDE target=civ3
    ADJUST_ATTITUDE target=civ3
    ADJUST_ATTITUDE target=civ1

══════════════════════════════════════════════════════════════════════
  FINAL SUMMARY
══════════════════════════════════════════════════════════════════════
Game ended at turn 50 (3020 B.C.)

── Civ 1: Romans (despotism) ALIVE ──
  Cities: 1 (peak 1, founded 1)
  Units:  5 (peak 6)
  Treasury: 168g
  Techs discovered: 4 — Iron Working, Ceremonial Burial, Mathematics, Seafaring
  Actions: 273 total, 0 idle turns
  Breakdown: MOVE_UNIT(126), UNIT_ORDER(125), ADJUST_ATTITUDE(8), SET_RESEARCH(6), CHANGE_PRODUCTION(5), CHANGE_RATES(1), BUILD_CITY(1), RESPOND_TREATY(1)
  Army: 1x Warriors, 1x Archers, 1x Legion, 1x Horsemen, 1x Catapult
  Rome: size=5, shields=26

── Civ 2: Babylonians (despotism) ALIVE ──
  Cities: 2 (peak 2, founded 2)
  Units:  8 (peak 8)
  Treasury: 64g
  Techs discovered: 5 — Code of Laws, Map Making, Currency, Mysticism, Trade
  Actions: 294 total, 0 idle turns
  Breakdown: UNIT_ORDER(139), MOVE_UNIT(133), CHANGE_PRODUCTION(8), SET_RESEARCH(6), ADJUST_ATTITUDE(3), BUILD_CITY(2), WORKER_ORDER(2), CHANGE_RATES(1)
  Army: 2x Warriors, 2x Archers, 1x Horsemen, 3x Settlers
  Babylon: size=1, shields=18
  Sumer: size=1, shields=0

── Civ 3: Germans (despotism) ALIVE ──
  Cities: 1 (peak 1, founded 2)
  Units:  4 (peak 5)
  Treasury: 22g
  Techs discovered: 4 — Map Making, Currency, Construction, Mysticism
  Actions: 224 total, 0 idle turns
  Breakdown: UNIT_ORDER(103), MOVE_UNIT(84), ADJUST_ATTITUDE(22), SET_RESEARCH(6), CHANGE_PRODUCTION(5), BUILD_CITY(2), CHANGE_RATES(1), PROPOSE_TREATY(1)
  Army: 1x Warriors, 1x Settlers, 1x Archers, 1x Trireme
  Berlin: size=2, shields=71

── Civ 4: Egyptians (despotism) ALIVE ──
  Cities: 1 (peak 1, founded 2)
  Units:  5 (peak 5)
  Treasury: 0g
  Techs discovered: 4 — Alphabet, Masonry, Seafaring, Code of Laws
  Actions: 193 total, 0 idle turns
  Breakdown: UNIT_ORDER(89), MOVE_UNIT(87), CHANGE_PRODUCTION(6), SET_RESEARCH(5), ADJUST_ATTITUDE(3), BUILD_CITY(2), CHANGE_RATES(1)
  Army: 1x Warriors, 1x Settlers, 1x Archers, 1x Horsemen, 1x Catapult
  Thebes: size=4, shields=18


══════════════════════════════════════════════════════════════════════
  AI BEHAVIOR ANALYSIS
══════════════════════════════════════════════════════════════════════
[Civ 1] Romans:
  WARNING: Only 1 city after 30+ turns

[Civ 2] Babylonians:
  WARNING: 2 units stuck (busy orders outside city)

[Civ 3] Germans:
  WARNING: 1 units stuck (busy orders outside city)

[Civ 4] Egyptians:
  WARNING: 1 units stuck (busy orders outside city)

