Charlization AI Headless Simulation
Date: 2026-03-16T23:13:17.758Z
Settings: 50 turns, 4 AI players, 50x80 map, difficulty=prince
Map seed: 49747
Map generated in 88ms
Game initialized: 4 civs, 8 starting units
  Civ 1 (Romans): starts at (7,71) on Grassland
  Civ 2 (Babylonians): starts at (28,8) on Hills
  Civ 3 (Germans): starts at (30,38) on Plains
  Civ 4 (Egyptians): starts at (4,28) on Forest
    SET_RESEARCH tech=Alphabet
    CHANGE_RATES sci=6 tax=4 lux=undefined
    BUILD_CITY unit=0 name="Rome"
    1 actions REJECTED (of 6)
    SET_RESEARCH tech=Alphabet
    CHANGE_RATES sci=6 tax=4 lux=undefined
    BUILD_CITY unit=2 name="Babylon"
    1 actions REJECTED (of 6)
    SET_RESEARCH tech=Alphabet
    CHANGE_RATES sci=6 tax=4 lux=undefined
    BUILD_CITY unit=4 name="Berlin"
    1 actions REJECTED (of 6)
    SET_RESEARCH tech=Alphabet
    CHANGE_RATES sci=6 tax=4 lux=undefined
    BUILD_CITY unit=6 name="Thebes"
    1 actions REJECTED (of 6)

══════════════════════════════════════════════════════════════════════
  TURN 1 — 4000 B.C. (33ms)
══════════════════════════════════════════════════════════════════════
  [Civ 1] Romans (despotism): 1 cities, 1 units, 1g, 3 techs, researching Alphabet (2/28)
    Rome: size=1, prod=Warriors (2sh), bldgs=Palace
    Units: 1x Warriors
  [Civ 2] Babylonians (despotism): 1 cities, 0 units, 0g, 3 techs, researching Alphabet (0/28)
    Babylon: size=1, prod=Warriors (0sh), bldgs=Palace
    Units: none
  [Civ 3] Germans (despotism): 1 cities, 1 units, 0g, 3 techs, researching Alphabet (0/28)
    Berlin: size=1, prod=Warriors (0sh), bldgs=Palace
    Units: 1x Warriors
  [Civ 4] Egyptians (despotism): 1 cities, 1 units, 0g, 3 techs, researching Alphabet (0/28)
    Thebes: size=1, prod=Warriors (0sh), bldgs=Palace
    Units: 1x Warriors
  [Civ 1] Romans turn: 3 actions — CHANGE_PRODUCTION(1), MOVE_UNIT(1), UNIT_ORDER(1)
    CHANGE_PRODUCTION city=0
    CHANGE_PRODUCTION city=1
    CHANGE_PRODUCTION city=2
    CHANGE_PRODUCTION city=3

══════════════════════════════════════════════════════════════════════
  TURN 2 — 3980 B.C. (13ms)
══════════════════════════════════════════════════════════════════════
  [Civ 1] Romans (despotism): 1 cities, 1 units, 2g, 5 techs, researching Alphabet (4/36)
    Rome: size=1, prod=Wonder39 (2sh), bldgs=Palace
    Units: 1x Warriors
  [Civ 2] Babylonians (despotism): 1 cities, 0 units, 0g, 5 techs, researching Alphabet (1/36)
    Babylon: size=1, prod=building:3 (0sh), bldgs=Palace
    Units: none
  [Civ 3] Germans (despotism): 1 cities, 1 units, 1g, 4 techs, researching Alphabet (1/33)
    Berlin: size=1, prod=Wonder41 (0sh), bldgs=Palace
    Units: 1x Warriors
  [Civ 4] Egyptians (despotism): 1 cities, 1 units, 1g, 4 techs, researching Alphabet (2/33)
    Thebes: size=1, prod=Wonder41 (0sh), bldgs=Palace
    Units: 1x Warriors
  [Civ 1] Romans turn: 2 actions — MOVE_UNIT(1), UNIT_ORDER(1)

══════════════════════════════════════════════════════════════════════
  TURN 3 — 3960 B.C. (6ms)
══════════════════════════════════════════════════════════════════════
  [Civ 1] Romans (despotism): 1 cities, 1 units, 3g, 5 techs, researching Alphabet (6/36)
    Rome: size=1, prod=Wonder39 (4sh), bldgs=Palace
    Units: 1x Warriors
  [Civ 2] Babylonians (despotism): 1 cities, 0 units, 0g, 5 techs, researching Alphabet (2/36)
    Babylon: size=1, prod=building:3 (2sh), bldgs=Palace
    Units: none
  [Civ 3] Germans (despotism): 1 cities, 1 units, 2g, 4 techs, researching Alphabet (2/33)
    Berlin: size=1, prod=Wonder41 (2sh), bldgs=Palace
    Units: 1x Warriors
  [Civ 4] Egyptians (despotism): 1 cities, 1 units, 2g, 4 techs, researching Alphabet (4/33)
    Thebes: size=1, prod=Wonder41 (3sh), bldgs=Palace
    Units: 1x Warriors
  [Civ 1] Romans turn: 2 actions — MOVE_UNIT(1), UNIT_ORDER(1)

══════════════════════════════════════════════════════════════════════
  TURN 4 — 3940 B.C. (5ms)
══════════════════════════════════════════════════════════════════════
  [Civ 1] Romans (despotism): 1 cities, 1 units, 4g, 5 techs, researching Alphabet (8/36)
    Rome: size=1, prod=Wonder39 (6sh), bldgs=Palace
    Units: 1x Warriors
  [Civ 2] Babylonians (despotism): 1 cities, 0 units, 0g, 5 techs, researching Alphabet (3/36)
    Babylon: size=1, prod=building:3 (4sh), bldgs=Palace
    Units: none
  [Civ 3] Germans (despotism): 1 cities, 1 units, 3g, 4 techs, researching Alphabet (3/33)
    Berlin: size=1, prod=Wonder41 (4sh), bldgs=Palace
    Units: 1x Warriors
  [Civ 4] Egyptians (despotism): 1 cities, 1 units, 3g, 4 techs, researching Alphabet (6/33)
    Thebes: size=1, prod=Wonder41 (6sh), bldgs=Palace
    Units: 1x Warriors
  [Civ 1] Romans turn: 2 actions — MOVE_UNIT(1), UNIT_ORDER(1)

══════════════════════════════════════════════════════════════════════
  TURN 5 — 3920 B.C. (5ms)
══════════════════════════════════════════════════════════════════════
  [Civ 1] Romans (despotism): 1 cities, 1 units, 5g, 5 techs, researching Alphabet (10/36)
    Rome: size=1, prod=Wonder39 (8sh), bldgs=Palace
    Units: 1x Warriors
  [Civ 2] Babylonians (despotism): 1 cities, 0 units, 0g, 5 techs, researching Alphabet (4/36)
    Babylon: size=1, prod=building:3 (6sh), bldgs=Palace
    Units: none
  [Civ 3] Germans (despotism): 1 cities, 1 units, 4g, 4 techs, researching Alphabet (4/33)
    Berlin: size=1, prod=Wonder41 (6sh), bldgs=Palace
    Units: 1x Warriors
  [Civ 4] Egyptians (despotism): 1 cities, 1 units, 4g, 4 techs, researching Alphabet (8/33)
    Thebes: size=1, prod=Wonder41 (9sh), bldgs=Palace
    Units: 1x Warriors
  [Civ 1] Romans turn: 2 actions — MOVE_UNIT(1), UNIT_ORDER(1)

══════════════════════════════════════════════════════════════════════
  TURN 6 — 3900 B.C. (4ms)
══════════════════════════════════════════════════════════════════════
  [Civ 1] Romans (despotism): 1 cities, 1 units, 6g, 5 techs, researching Alphabet (12/36)
    Rome: size=1, prod=Wonder39 (10sh), bldgs=Palace
    Units: 1x Warriors
  [Civ 2] Babylonians (despotism): 1 cities, 0 units, 0g, 5 techs, researching Alphabet (5/36)
    Babylon: size=1, prod=building:3 (8sh), bldgs=Palace
    Units: none
  [Civ 3] Germans (despotism): 1 cities, 1 units, 5g, 4 techs, researching Alphabet (5/33)
    Berlin: size=1, prod=Wonder41 (8sh), bldgs=Palace
    Units: 1x Warriors
  [Civ 4] Egyptians (despotism): 1 cities, 1 units, 5g, 4 techs, researching Alphabet (10/33)
    Thebes: size=1, prod=Wonder41 (12sh), bldgs=Palace
    Units: 1x Warriors
  [Civ 1] Romans turn: 2 actions — MOVE_UNIT(1), UNIT_ORDER(1)

══════════════════════════════════════════════════════════════════════
  TURN 7 — 3880 B.C. (5ms)
══════════════════════════════════════════════════════════════════════
  [Civ 1] Romans (despotism): 1 cities, 1 units, 7g, 5 techs, researching Alphabet (14/36)
    Rome: size=1, prod=Wonder39 (12sh), bldgs=Palace
    Units: 1x Warriors
  [Civ 2] Babylonians (despotism): 1 cities, 0 units, 0g, 5 techs, researching Alphabet (6/36)
    Babylon: size=1, prod=building:3 (10sh), bldgs=Palace
    Units: none
  [Civ 3] Germans (despotism): 1 cities, 1 units, 6g, 4 techs, researching Alphabet (6/33)
    Berlin: size=1, prod=Wonder41 (10sh), bldgs=Palace
    Units: 1x Warriors
  [Civ 4] Egyptians (despotism): 1 cities, 1 units, 6g, 4 techs, researching Alphabet (12/33)
    Thebes: size=1, prod=Wonder41 (15sh), bldgs=Palace
    Units: 1x Warriors
  [Civ 1] Romans turn: 2 actions — MOVE_UNIT(1), UNIT_ORDER(1)

══════════════════════════════════════════════════════════════════════
  TURN 8 — 3860 B.C. (3ms)
══════════════════════════════════════════════════════════════════════
  [Civ 1] Romans (despotism): 1 cities, 1 units, 8g, 5 techs, researching Alphabet (16/36)
    Rome: size=1, prod=Wonder39 (14sh), bldgs=Palace
    Units: 1x Warriors
  [Civ 2] Babylonians (despotism): 1 cities, 0 units, 0g, 5 techs, researching Alphabet (7/36)
    Babylon: size=1, prod=building:3 (12sh), bldgs=Palace
    Units: none
  [Civ 3] Germans (despotism): 1 cities, 1 units, 7g, 4 techs, researching Alphabet (7/33)
    Berlin: size=1, prod=Wonder41 (12sh), bldgs=Palace
    Units: 1x Warriors
  [Civ 4] Egyptians (despotism): 1 cities, 1 units, 7g, 4 techs, researching Alphabet (14/33)
    Thebes: size=1, prod=Wonder41 (18sh), bldgs=Palace
    Units: 1x Warriors
  [Civ 1] Romans turn: 2 actions — MOVE_UNIT(1), UNIT_ORDER(1)

══════════════════════════════════════════════════════════════════════
  TURN 9 — 3840 B.C. (5ms)
══════════════════════════════════════════════════════════════════════
  [Civ 1] Romans (despotism): 1 cities, 1 units, 9g, 5 techs, researching Alphabet (18/36)
    Rome: size=1, prod=Wonder39 (16sh), bldgs=Palace
    Units: 1x Warriors
  [Civ 2] Babylonians (despotism): 1 cities, 0 units, 0g, 5 techs, researching Alphabet (8/36)
    Babylon: size=1, prod=building:3 (14sh), bldgs=Palace
    Units: none
  [Civ 3] Germans (despotism): 1 cities, 1 units, 8g, 4 techs, researching Alphabet (8/33)
    Berlin: size=1, prod=Wonder41 (14sh), bldgs=Palace
    Units: 1x Warriors
  [Civ 4] Egyptians (despotism): 1 cities, 1 units, 8g, 4 techs, researching Alphabet (16/33)
    Thebes: size=1, prod=Wonder41 (21sh), bldgs=Palace
    Units: 1x Warriors
  [Civ 1] Romans turn: 2 actions — MOVE_UNIT(1), UNIT_ORDER(1)
    >>> Rome grew to size 2

══════════════════════════════════════════════════════════════════════
  TURN 10 — 3820 B.C. (4ms)
══════════════════════════════════════════════════════════════════════
  [Civ 1] Romans (despotism): 1 cities, 1 units, 11g, 5 techs, researching Alphabet (20/36)
    Rome: size=2, prod=Wonder39 (18sh), bldgs=Palace
    Units: 1x Warriors
  [Civ 2] Babylonians (despotism): 1 cities, 0 units, 0g, 5 techs, researching Alphabet (9/36)
    Babylon: size=1, prod=building:3 (16sh), bldgs=Palace
    Units: none
  [Civ 3] Germans (despotism): 1 cities, 1 units, 9g, 4 techs, researching Alphabet (9/33)
    Berlin: size=1, prod=Wonder41 (16sh), bldgs=Palace
    Units: 1x Warriors
  [Civ 4] Egyptians (despotism): 1 cities, 1 units, 9g, 4 techs, researching Alphabet (18/33)
    Thebes: size=1, prod=Wonder41 (24sh), bldgs=Palace
    Units: 1x Warriors
  [Civ 1] Romans turn: 2 actions — MOVE_UNIT(1), UNIT_ORDER(1)
    >>> Babylon grew to size 2
    >>> Berlin grew to size 2

══════════════════════════════════════════════════════════════════════
  TURN 11 — 3800 B.C. (4ms)
══════════════════════════════════════════════════════════════════════
  [Civ 1] Romans (despotism): 1 cities, 1 units, 13g, 5 techs, researching Alphabet (22/36)
    Rome: size=2, prod=Wonder39 (21sh), bldgs=Palace
    Units: 1x Warriors
  [Civ 2] Babylonians (despotism): 1 cities, 0 units, 1g, 5 techs, researching Alphabet (10/36)
    Babylon: size=2, prod=building:3 (18sh), bldgs=Palace
    Units: none
  [Civ 3] Germans (despotism): 1 cities, 1 units, 10g, 4 techs, researching Alphabet (11/33)
    Berlin: size=2, prod=Wonder41 (18sh), bldgs=Palace
    Units: 1x Warriors
  [Civ 4] Egyptians (despotism): 1 cities, 1 units, 10g, 4 techs, researching Alphabet (20/33)
    Thebes: size=1, prod=Wonder41 (27sh), bldgs=Palace
    Units: 1x Warriors
  [Civ 1] Romans turn: 2 actions — MOVE_UNIT(1), UNIT_ORDER(1)

══════════════════════════════════════════════════════════════════════
  TURN 12 — 3780 B.C. (4ms)
══════════════════════════════════════════════════════════════════════
  [Civ 1] Romans (despotism): 1 cities, 1 units, 15g, 5 techs, researching Alphabet (24/36)
    Rome: size=2, prod=Wonder39 (24sh), bldgs=Palace
    Units: 1x Warriors
  [Civ 2] Babylonians (despotism): 1 cities, 0 units, 2g, 5 techs, researching Alphabet (11/36)
    Babylon: size=2, prod=building:3 (21sh), bldgs=Palace
    Units: none
  [Civ 3] Germans (despotism): 1 cities, 1 units, 11g, 4 techs, researching Alphabet (13/33)
    Berlin: size=2, prod=Wonder41 (21sh), bldgs=Palace
    Units: 1x Warriors
  [Civ 4] Egyptians (despotism): 1 cities, 1 units, 11g, 4 techs, researching Alphabet (22/33)
    Thebes: size=1, prod=Wonder41 (30sh), bldgs=Palace
    Units: 1x Warriors
  [Civ 1] Romans turn: 2 actions — MOVE_UNIT(1), UNIT_ORDER(1)

══════════════════════════════════════════════════════════════════════
  TURN 13 — 3760 B.C. (4ms)
══════════════════════════════════════════════════════════════════════
  [Civ 1] Romans (despotism): 1 cities, 1 units, 17g, 5 techs, researching Alphabet (26/36)
    Rome: size=2, prod=Wonder39 (27sh), bldgs=Palace
    Units: 1x Warriors
  [Civ 2] Babylonians (despotism): 1 cities, 0 units, 3g, 5 techs, researching Alphabet (12/36)
    Babylon: size=2, prod=building:3 (24sh), bldgs=Palace
    Units: none
  [Civ 3] Germans (despotism): 1 cities, 1 units, 12g, 4 techs, researching Alphabet (15/33)
    Berlin: size=2, prod=Wonder41 (24sh), bldgs=Palace
    Units: 1x Warriors
  [Civ 4] Egyptians (despotism): 1 cities, 1 units, 12g, 4 techs, researching Alphabet (24/33)
    Thebes: size=1, prod=Wonder41 (33sh), bldgs=Palace
    Units: 1x Warriors
  [Civ 1] Romans turn: 2 actions — MOVE_UNIT(1), UNIT_ORDER(1)

══════════════════════════════════════════════════════════════════════
  TURN 14 — 3740 B.C. (4ms)
══════════════════════════════════════════════════════════════════════
  [Civ 1] Romans (despotism): 1 cities, 1 units, 19g, 5 techs, researching Alphabet (28/36)
    Rome: size=2, prod=Wonder39 (30sh), bldgs=Palace
    Units: 1x Warriors
  [Civ 2] Babylonians (despotism): 1 cities, 0 units, 4g, 5 techs, researching Alphabet (13/36)
    Babylon: size=2, prod=building:3 (27sh), bldgs=Palace
    Units: none
  [Civ 3] Germans (despotism): 1 cities, 1 units, 13g, 4 techs, researching Alphabet (17/33)
    Berlin: size=2, prod=Wonder41 (27sh), bldgs=Palace
    Units: 1x Warriors
  [Civ 4] Egyptians (despotism): 1 cities, 1 units, 13g, 4 techs, researching Alphabet (26/33)
    Thebes: size=1, prod=Wonder41 (36sh), bldgs=Palace
    Units: 1x Warriors
  [Civ 1] Romans turn: 2 actions — MOVE_UNIT(1), UNIT_ORDER(1)

══════════════════════════════════════════════════════════════════════
  TURN 15 — 3720 B.C. (4ms)
══════════════════════════════════════════════════════════════════════
  [Civ 1] Romans (despotism): 1 cities, 1 units, 21g, 5 techs, researching Alphabet (30/36)
    Rome: size=2, prod=Wonder39 (33sh), bldgs=Palace
    Units: 1x Warriors
  [Civ 2] Babylonians (despotism): 1 cities, 0 units, 5g, 5 techs, researching Alphabet (14/36)
    Babylon: size=2, prod=building:3 (30sh), bldgs=Palace
    Units: none
  [Civ 3] Germans (despotism): 1 cities, 1 units, 14g, 4 techs, researching Alphabet (19/33)
    Berlin: size=2, prod=Wonder41 (30sh), bldgs=Palace
    Units: 1x Warriors
  [Civ 4] Egyptians (despotism): 1 cities, 1 units, 14g, 4 techs, researching Alphabet (28/33)
    Thebes: size=1, prod=Wonder41 (39sh), bldgs=Palace
    Units: 1x Warriors
  [Civ 1] Romans turn: 2 actions — MOVE_UNIT(1), UNIT_ORDER(1)

══════════════════════════════════════════════════════════════════════
  TURN 16 — 3700 B.C. (5ms)
══════════════════════════════════════════════════════════════════════
  [Civ 1] Romans (despotism): 1 cities, 1 units, 23g, 5 techs, researching Alphabet (32/36)
    Rome: size=2, prod=Wonder39 (36sh), bldgs=Palace
    Units: 1x Warriors
  [Civ 2] Babylonians (despotism): 1 cities, 0 units, 6g, 5 techs, researching Alphabet (15/36)
    Babylon: size=2, prod=building:3 (33sh), bldgs=Palace
    Units: none
  [Civ 3] Germans (despotism): 1 cities, 1 units, 15g, 4 techs, researching Alphabet (21/33)
    Berlin: size=2, prod=Wonder41 (33sh), bldgs=Palace
    Units: 1x Warriors
  [Civ 4] Egyptians (despotism): 1 cities, 1 units, 15g, 4 techs, researching Alphabet (30/33)
    Thebes: size=1, prod=Wonder41 (42sh), bldgs=Palace
    Units: 1x Warriors
  [Civ 1] Romans turn: 2 actions — MOVE_UNIT(1), UNIT_ORDER(1)

══════════════════════════════════════════════════════════════════════
  TURN 17 — 3680 B.C. (7ms)
══════════════════════════════════════════════════════════════════════
  [Civ 1] Romans (despotism): 1 cities, 1 units, 25g, 5 techs, researching Alphabet (34/36)
    Rome: size=2, prod=Wonder39 (39sh), bldgs=Palace
    Units: 1x Warriors
  [Civ 2] Babylonians (despotism): 1 cities, 0 units, 7g, 5 techs, researching Alphabet (16/36)
    Babylon: size=2, prod=building:3 (36sh), bldgs=Palace
    Units: none
  [Civ 3] Germans (despotism): 1 cities, 1 units, 16g, 4 techs, researching Alphabet (23/33)
    Berlin: size=2, prod=Wonder41 (36sh), bldgs=Palace
    Units: 1x Warriors
  [Civ 4] Egyptians (despotism): 1 cities, 1 units, 16g, 4 techs, researching Alphabet (32/33)
    Thebes: size=1, prod=Wonder41 (45sh), bldgs=Palace
    Units: 1x Warriors
  [Civ 1] Romans turn: 2 actions — MOVE_UNIT(1), UNIT_ORDER(1)
    >>> Egyptians discovered: Alphabet
    SET_RESEARCH tech=Map Making
    >>> Romans discovered: Alphabet

══════════════════════════════════════════════════════════════════════
  TURN 18 — 3660 B.C. (10ms)
══════════════════════════════════════════════════════════════════════
  [Civ 1] Romans (despotism): 1 cities, 1 units, 25g, 6 techs, researching none (0/36)
    Rome: size=2, prod=Wonder39 (42sh), bldgs=Palace
    Units: 1x Warriors
  [Civ 2] Babylonians (despotism): 1 cities, 0 units, 8g, 5 techs, researching Alphabet (17/36)
    Babylon: size=2, prod=building:3 (39sh), bldgs=Palace
    Units: none
  [Civ 3] Germans (despotism): 1 cities, 1 units, 17g, 4 techs, researching Alphabet (25/33)
    Berlin: size=2, prod=Wonder41 (39sh), bldgs=Palace
    Units: 1x Warriors
  [Civ 4] Egyptians (despotism): 1 cities, 1 units, 16g, 5 techs, researching Map Making (0/36)
    Thebes: size=1, prod=Wonder41 (48sh), bldgs=Palace
    Units: 1x Warriors
  [Civ 1] Romans turn: 3 actions — SET_RESEARCH(1), MOVE_UNIT(1), UNIT_ORDER(1)
    SET_RESEARCH tech=Iron Working

══════════════════════════════════════════════════════════════════════
  TURN 19 — 3640 B.C. (4ms)
══════════════════════════════════════════════════════════════════════
  [Civ 1] Romans (despotism): 1 cities, 1 units, 27g, 6 techs, researching Iron Working (2/36)
    Rome: size=2, prod=Wonder39 (45sh), bldgs=Palace
    Units: 1x Warriors
  [Civ 2] Babylonians (despotism): 1 cities, 0 units, 9g, 5 techs, researching Alphabet (18/36)
    Babylon: size=2, prod=building:3 (42sh), bldgs=Palace
    Units: none
  [Civ 3] Germans (despotism): 1 cities, 1 units, 18g, 4 techs, researching Alphabet (27/33)
    Berlin: size=2, prod=Wonder41 (42sh), bldgs=Palace
    Units: 1x Warriors
  [Civ 4] Egyptians (despotism): 1 cities, 1 units, 17g, 5 techs, researching Map Making (2/36)
    Thebes: size=1, prod=Wonder41 (51sh), bldgs=Palace
    Units: 1x Warriors
  [Civ 1] Romans turn: 2 actions — MOVE_UNIT(1), UNIT_ORDER(1)
    SET_RESEARCH tech=Code of Laws
    SET_RESEARCH tech=Iron Working

══════════════════════════════════════════════════════════════════════
  TURN 20 — 3620 B.C. (3ms)
══════════════════════════════════════════════════════════════════════
  [Civ 1] Romans (despotism): 1 cities, 1 units, 29g, 6 techs, researching Iron Working (4/36)
    Rome: size=2, prod=Wonder39 (48sh), bldgs=Palace
    Units: 1x Warriors
  [Civ 2] Babylonians (despotism): 1 cities, 0 units, 10g, 6 techs, researching Code of Laws (19/36)
    Babylon: size=2, prod=building:3 (45sh), bldgs=Palace
    Units: none
  [Civ 3] Germans (despotism): 1 cities, 1 units, 19g, 5 techs, researching Iron Working (29/36)
    Berlin: size=2, prod=Wonder41 (45sh), bldgs=Palace
    Units: 1x Warriors
  [Civ 4] Egyptians (despotism): 1 cities, 1 units, 18g, 5 techs, researching Map Making (4/36)
    Thebes: size=1, prod=Wonder41 (54sh), bldgs=Palace
    Units: 1x Warriors
  [Civ 1] Romans turn: 2 actions — MOVE_UNIT(1), UNIT_ORDER(1)
    >>> Thebes grew to size 2

══════════════════════════════════════════════════════════════════════
  TURN 21 — 3600 B.C. (4ms)
══════════════════════════════════════════════════════════════════════
  [Civ 1] Romans (despotism): 1 cities, 1 units, 31g, 6 techs, researching Iron Working (6/36)
    Rome: size=2, prod=Wonder39 (51sh), bldgs=Palace
    Units: 1x Warriors
  [Civ 2] Babylonians (despotism): 1 cities, 0 units, 11g, 6 techs, researching Code of Laws (20/36)
    Babylon: size=2, prod=building:3 (48sh), bldgs=Palace
    Units: none
  [Civ 3] Germans (despotism): 1 cities, 1 units, 20g, 5 techs, researching Iron Working (31/36)
    Berlin: size=2, prod=Wonder41 (48sh), bldgs=Palace
    Units: 1x Warriors
  [Civ 4] Egyptians (despotism): 1 cities, 1 units, 20g, 5 techs, researching Map Making (6/36)
    Thebes: size=2, prod=Wonder41 (57sh), bldgs=Palace
    Units: 1x Warriors
  [Civ 1] Romans turn: 2 actions — MOVE_UNIT(1), UNIT_ORDER(1)

══════════════════════════════════════════════════════════════════════
  TURN 22 — 3580 B.C. (4ms)
══════════════════════════════════════════════════════════════════════
  [Civ 1] Romans (despotism): 1 cities, 1 units, 33g, 6 techs, researching Iron Working (8/36)
    Rome: size=2, prod=Wonder39 (54sh), bldgs=Palace
    Units: 1x Warriors
  [Civ 2] Babylonians (despotism): 1 cities, 0 units, 12g, 6 techs, researching Code of Laws (21/36)
    Babylon: size=2, prod=building:3 (51sh), bldgs=Palace
    Units: none
  [Civ 3] Germans (despotism): 1 cities, 1 units, 21g, 5 techs, researching Iron Working (33/36)
    Berlin: size=2, prod=Wonder41 (51sh), bldgs=Palace
    Units: 1x Warriors
  [Civ 4] Egyptians (despotism): 1 cities, 1 units, 22g, 5 techs, researching Map Making (8/36)
    Thebes: size=2, prod=Wonder41 (61sh), bldgs=Palace
    Units: 1x Warriors
  [Civ 1] Romans turn: 2 actions — MOVE_UNIT(1), UNIT_ORDER(1)

══════════════════════════════════════════════════════════════════════
  TURN 23 — 3560 B.C. (4ms)
══════════════════════════════════════════════════════════════════════
  [Civ 1] Romans (despotism): 1 cities, 1 units, 35g, 6 techs, researching Iron Working (10/36)
    Rome: size=2, prod=Wonder39 (57sh), bldgs=Palace
    Units: 1x Warriors
  [Civ 2] Babylonians (despotism): 1 cities, 0 units, 13g, 6 techs, researching Code of Laws (22/36)
    Babylon: size=2, prod=building:3 (54sh), bldgs=Palace
    Units: none
  [Civ 3] Germans (despotism): 1 cities, 1 units, 22g, 5 techs, researching Iron Working (35/36)
    Berlin: size=2, prod=Wonder41 (54sh), bldgs=Palace
    Units: 1x Warriors
  [Civ 4] Egyptians (despotism): 1 cities, 1 units, 24g, 5 techs, researching Map Making (10/36)
    Thebes: size=2, prod=Wonder41 (65sh), bldgs=Palace
    Units: 1x Warriors
  [Civ 1] Romans turn: 2 actions — MOVE_UNIT(1), UNIT_ORDER(1)
    >>> Germans discovered: Iron Working
    SET_RESEARCH tech=Map Making

══════════════════════════════════════════════════════════════════════
  TURN 24 — 3540 B.C. (4ms)
══════════════════════════════════════════════════════════════════════
  [Civ 1] Romans (despotism): 1 cities, 1 units, 37g, 6 techs, researching Iron Working (12/36)
    Rome: size=2, prod=Wonder39 (60sh), bldgs=Palace
    Units: 1x Warriors
  [Civ 2] Babylonians (despotism): 1 cities, 0 units, 14g, 6 techs, researching Code of Laws (23/36)
    Babylon: size=2, prod=building:3 (57sh), bldgs=Palace
    Units: none
  [Civ 3] Germans (despotism): 1 cities, 1 units, 22g, 6 techs, researching Map Making (0/36)
    Berlin: size=2, prod=Wonder41 (57sh), bldgs=Palace
    Units: 1x Warriors
  [Civ 4] Egyptians (despotism): 1 cities, 1 units, 26g, 5 techs, researching Map Making (12/36)
    Thebes: size=2, prod=Wonder41 (69sh), bldgs=Palace
    Units: 1x Warriors
  [Civ 1] Romans turn: 2 actions — MOVE_UNIT(1), UNIT_ORDER(1)
    >>> Babylon built building:3
    CHANGE_PRODUCTION city=1
    >>> Rome grew to size 3

══════════════════════════════════════════════════════════════════════
  TURN 25 — 3520 B.C. (4ms)
══════════════════════════════════════════════════════════════════════
  [Civ 1] Romans (despotism): 1 cities, 1 units, 39g, 6 techs, researching Iron Working (15/36)
    Rome: size=3, prod=Wonder39 (63sh), bldgs=Palace
    Units: 1x Warriors
  [Civ 2] Babylonians (despotism): 1 cities, 0 units, 14g, 6 techs, researching Code of Laws (24/36)
    Babylon: size=2, prod=Settlers (0sh), bldgs=Palace, Granary
    Units: none
  [Civ 3] Germans (despotism): 1 cities, 1 units, 23g, 6 techs, researching Map Making (2/36)
    Berlin: size=2, prod=Wonder41 (60sh), bldgs=Palace
    Units: 1x Warriors
  [Civ 4] Egyptians (despotism): 1 cities, 1 units, 28g, 5 techs, researching Map Making (14/36)
    Thebes: size=2, prod=Wonder41 (73sh), bldgs=Palace
    Units: 1x Warriors
  [Civ 1] Romans turn: 2 actions — MOVE_UNIT(1), UNIT_ORDER(1)
    >>> Babylon grew to size 3
    >>> Berlin grew to size 3

══════════════════════════════════════════════════════════════════════
  TURN 26 — 3500 B.C. (4ms)
══════════════════════════════════════════════════════════════════════
  [Civ 1] Romans (despotism): 1 cities, 1 units, 41g, 6 techs, researching Iron Working (18/36)
    Rome: size=3, prod=Wonder39 (67sh), bldgs=Palace
    Units: 1x Warriors
  [Civ 2] Babylonians (despotism): 1 cities, 0 units, 14g, 6 techs, researching Code of Laws (26/36)
    Babylon: size=3, prod=Settlers (3sh), bldgs=Palace, Granary
    Units: none
  [Civ 3] Germans (despotism): 1 cities, 1 units, 25g, 6 techs, researching Map Making (4/36)
    Berlin: size=3, prod=Wonder41 (63sh), bldgs=Palace
    Units: 1x Warriors
  [Civ 4] Egyptians (despotism): 1 cities, 1 units, 30g, 5 techs, researching Map Making (16/36)
    Thebes: size=2, prod=Wonder41 (77sh), bldgs=Palace
    Units: 1x Warriors
  [Civ 1] Romans turn: 2 actions — MOVE_UNIT(1), UNIT_ORDER(1)

══════════════════════════════════════════════════════════════════════
  TURN 27 — 3480 B.C. (3ms)
══════════════════════════════════════════════════════════════════════
  [Civ 1] Romans (despotism): 1 cities, 1 units, 43g, 6 techs, researching Iron Working (21/36)
    Rome: size=3, prod=Wonder39 (71sh), bldgs=Palace
    Units: 1x Warriors
  [Civ 2] Babylonians (despotism): 1 cities, 0 units, 14g, 6 techs, researching Code of Laws (28/36)
    Babylon: size=3, prod=Settlers (7sh), bldgs=Palace, Granary
    Units: none
  [Civ 3] Germans (despotism): 1 cities, 1 units, 27g, 6 techs, researching Map Making (6/36)
    Berlin: size=3, prod=Wonder41 (66sh), bldgs=Palace
    Units: 1x Warriors
  [Civ 4] Egyptians (despotism): 1 cities, 1 units, 32g, 5 techs, researching Map Making (18/36)
    Thebes: size=2, prod=Wonder41 (81sh), bldgs=Palace
    Units: 1x Warriors
  [Civ 1] Romans turn: 2 actions — MOVE_UNIT(1), UNIT_ORDER(1)

══════════════════════════════════════════════════════════════════════
  TURN 28 — 3460 B.C. (4ms)
══════════════════════════════════════════════════════════════════════
  [Civ 1] Romans (despotism): 1 cities, 1 units, 45g, 6 techs, researching Iron Working (24/36)
    Rome: size=3, prod=Wonder39 (75sh), bldgs=Palace
    Units: 1x Warriors
  [Civ 2] Babylonians (despotism): 1 cities, 0 units, 14g, 6 techs, researching Code of Laws (30/36)
    Babylon: size=3, prod=Settlers (11sh), bldgs=Palace, Granary
    Units: none
  [Civ 3] Germans (despotism): 1 cities, 1 units, 29g, 6 techs, researching Map Making (8/36)
    Berlin: size=3, prod=Wonder41 (69sh), bldgs=Palace
    Units: 1x Warriors
  [Civ 4] Egyptians (despotism): 1 cities, 1 units, 34g, 5 techs, researching Map Making (20/36)
    Thebes: size=2, prod=Wonder41 (85sh), bldgs=Palace
    Units: 1x Warriors
  [Civ 1] Romans turn: 2 actions — MOVE_UNIT(1), UNIT_ORDER(1)

══════════════════════════════════════════════════════════════════════
  TURN 29 — 3440 B.C. (3ms)
══════════════════════════════════════════════════════════════════════
  [Civ 1] Romans (despotism): 1 cities, 1 units, 47g, 6 techs, researching Iron Working (27/36)
    Rome: size=3, prod=Wonder39 (79sh), bldgs=Palace
    Units: 1x Warriors
  [Civ 2] Babylonians (despotism): 1 cities, 0 units, 14g, 6 techs, researching Code of Laws (32/36)
    Babylon: size=3, prod=Settlers (15sh), bldgs=Palace, Granary
    Units: none
  [Civ 3] Germans (despotism): 1 cities, 1 units, 31g, 6 techs, researching Map Making (10/36)
    Berlin: size=3, prod=Wonder41 (72sh), bldgs=Palace
    Units: 1x Warriors
  [Civ 4] Egyptians (despotism): 1 cities, 1 units, 36g, 5 techs, researching Map Making (22/36)
    Thebes: size=2, prod=Wonder41 (89sh), bldgs=Palace
    Units: 1x Warriors
  [Civ 1] Romans turn: 2 actions — MOVE_UNIT(1), UNIT_ORDER(1)

══════════════════════════════════════════════════════════════════════
  TURN 30 — 3420 B.C. (5ms)
══════════════════════════════════════════════════════════════════════
  [Civ 1] Romans (despotism): 1 cities, 1 units, 49g, 6 techs, researching Iron Working (30/36)
    Rome: size=3, prod=Wonder39 (83sh), bldgs=Palace
    Units: 1x Warriors
  [Civ 2] Babylonians (despotism): 1 cities, 0 units, 14g, 6 techs, researching Code of Laws (34/36)
    Babylon: size=3, prod=Settlers (19sh), bldgs=Palace, Granary
    Units: none
  [Civ 3] Germans (despotism): 1 cities, 1 units, 33g, 6 techs, researching Map Making (12/36)
    Berlin: size=3, prod=Wonder41 (75sh), bldgs=Palace
    Units: 1x Warriors
  [Civ 4] Egyptians (despotism): 1 cities, 1 units, 38g, 5 techs, researching Map Making (24/36)
    Thebes: size=2, prod=Wonder41 (93sh), bldgs=Palace
    Units: 1x Warriors
  [Civ 1] Romans turn: 2 actions — MOVE_UNIT(1), UNIT_ORDER(1)
    >>> Babylonians discovered: Code of Laws
    SET_RESEARCH tech=Map Making
    CHANGE_PRODUCTION city=1

══════════════════════════════════════════════════════════════════════
  TURN 31 — 3400 B.C. (6ms)
══════════════════════════════════════════════════════════════════════
  [Civ 1] Romans (despotism): 1 cities, 1 units, 51g, 6 techs, researching Iron Working (33/36)
    Rome: size=3, prod=Wonder39 (87sh), bldgs=Palace
    Units: 1x Warriors
  [Civ 2] Babylonians (despotism): 1 cities, 0 units, 14g, 7 techs, researching Map Making (0/33)
    Babylon: size=3, prod=building:7 (0sh), bldgs=Palace, Granary
    Units: none
  [Civ 3] Germans (despotism): 1 cities, 1 units, 35g, 6 techs, researching Map Making (14/36)
    Berlin: size=3, prod=Wonder41 (78sh), bldgs=Palace
    Units: 1x Warriors
  [Civ 4] Egyptians (despotism): 1 cities, 1 units, 40g, 5 techs, researching Map Making (26/36)
    Thebes: size=2, prod=Wonder41 (97sh), bldgs=Palace
    Units: 1x Warriors
  [Civ 1] Romans turn: 2 actions — MOVE_UNIT(1), UNIT_ORDER(1)
    >>> Romans discovered: Iron Working

══════════════════════════════════════════════════════════════════════
  TURN 32 — 3380 B.C. (5ms)
══════════════════════════════════════════════════════════════════════
  [Civ 1] Romans (despotism): 1 cities, 1 units, 51g, 7 techs, researching none (0/33)
    Rome: size=3, prod=Wonder39 (91sh), bldgs=Palace
    Units: 1x Warriors
  [Civ 2] Babylonians (despotism): 1 cities, 0 units, 14g, 7 techs, researching Map Making (2/33)
    Babylon: size=3, prod=building:7 (4sh), bldgs=Palace, Granary
    Units: none
  [Civ 3] Germans (despotism): 1 cities, 1 units, 37g, 6 techs, researching Map Making (16/36)
    Berlin: size=3, prod=Wonder41 (81sh), bldgs=Palace
    Units: 1x Warriors
  [Civ 4] Egyptians (despotism): 1 cities, 1 units, 42g, 5 techs, researching Map Making (28/36)
    Thebes: size=2, prod=Wonder41 (101sh), bldgs=Palace
    Units: 1x Warriors
  [Civ 1] Romans turn: 6 actions — SET_RESEARCH(1), ADJUST_ATTITUDE(3), MOVE_UNIT(1), UNIT_ORDER(1)
    SET_RESEARCH tech=Map Making
    ADJUST_ATTITUDE target=civ2
    ADJUST_ATTITUDE target=civ3
    ADJUST_ATTITUDE target=civ4
    ADJUST_ATTITUDE target=civ1
    ADJUST_ATTITUDE target=civ3
    ADJUST_ATTITUDE target=civ4
    ADJUST_ATTITUDE target=civ1
    ADJUST_ATTITUDE target=civ2
    ADJUST_ATTITUDE target=civ4
    ADJUST_ATTITUDE target=civ1
    ADJUST_ATTITUDE target=civ2
    ADJUST_ATTITUDE target=civ3

══════════════════════════════════════════════════════════════════════
  TURN 33 — 3360 B.C. (6ms)
══════════════════════════════════════════════════════════════════════
  [Civ 1] Romans (despotism): 1 cities, 1 units, 53g, 7 techs, researching Map Making (3/33)
    Rome: size=3, prod=Wonder39 (95sh), bldgs=Palace
    Units: 1x Warriors
  [Civ 2] Babylonians (despotism): 1 cities, 0 units, 14g, 7 techs, researching Map Making (4/33)
    Babylon: size=3, prod=building:7 (8sh), bldgs=Palace, Granary
    Units: none
  [Civ 3] Germans (despotism): 1 cities, 1 units, 39g, 6 techs, researching Map Making (18/36)
    Berlin: size=3, prod=Wonder41 (84sh), bldgs=Palace
    Units: 1x Warriors
  [Civ 4] Egyptians (despotism): 1 cities, 1 units, 44g, 5 techs, researching Map Making (30/36)
    Thebes: size=2, prod=Wonder41 (105sh), bldgs=Palace
    Units: 1x Warriors
  [Civ 1] Romans turn: 2 actions — MOVE_UNIT(1), UNIT_ORDER(1)

══════════════════════════════════════════════════════════════════════
  TURN 34 — 3340 B.C. (4ms)
══════════════════════════════════════════════════════════════════════
  [Civ 1] Romans (despotism): 1 cities, 1 units, 88g, 7 techs, researching Map Making (6/33)
    Rome: size=3, prod=Wonder39 (99sh), bldgs=Palace
    Units: 1x Warriors
  [Civ 2] Babylonians (despotism): 1 cities, 0 units, 14g, 8 techs, researching Map Making (6/28)
    Babylon: size=3, prod=building:7 (12sh), bldgs=Palace, Granary
    Units: none
  [Civ 3] Germans (despotism): 1 cities, 1 units, 41g, 6 techs, researching Map Making (20/36)
    Berlin: size=3, prod=Wonder41 (87sh), bldgs=Palace
    Units: 1x Warriors
  [Civ 4] Egyptians (despotism): 1 cities, 1 units, 46g, 6 techs, researching Map Making (32/36)
    Thebes: size=2, prod=Wonder41 (109sh), bldgs=Palace
    Units: 1x Warriors
  [Civ 1] Romans turn: 2 actions — MOVE_UNIT(1), UNIT_ORDER(1)

══════════════════════════════════════════════════════════════════════
  TURN 35 — 3320 B.C. (4ms)
══════════════════════════════════════════════════════════════════════
  [Civ 1] Romans (despotism): 1 cities, 1 units, 90g, 7 techs, researching Map Making (9/33)
    Rome: size=3, prod=Wonder39 (103sh), bldgs=Palace
    Units: 1x Warriors
  [Civ 2] Babylonians (despotism): 1 cities, 0 units, 14g, 8 techs, researching Map Making (8/28)
    Babylon: size=3, prod=building:7 (16sh), bldgs=Palace, Granary
    Units: none
  [Civ 3] Germans (despotism): 1 cities, 1 units, 43g, 6 techs, researching Map Making (22/36)
    Berlin: size=3, prod=Wonder41 (90sh), bldgs=Palace
    Units: 1x Warriors
  [Civ 4] Egyptians (despotism): 1 cities, 1 units, 48g, 6 techs, researching Map Making (34/36)
    Thebes: size=2, prod=Wonder41 (113sh), bldgs=Palace
    Units: 1x Warriors
  [Civ 1] Romans turn: 2 actions — MOVE_UNIT(1), UNIT_ORDER(1)
    >>> Egyptians discovered: Map Making
    SET_RESEARCH tech=Masonry

══════════════════════════════════════════════════════════════════════
  TURN 36 — 3300 B.C. (4ms)
══════════════════════════════════════════════════════════════════════
  [Civ 1] Romans (despotism): 1 cities, 1 units, 92g, 7 techs, researching Map Making (12/33)
    Rome: size=3, prod=Wonder39 (107sh), bldgs=Palace
    Units: 1x Warriors
  [Civ 2] Babylonians (despotism): 1 cities, 0 units, 14g, 8 techs, researching Map Making (10/28)
    Babylon: size=3, prod=building:7 (20sh), bldgs=Palace, Granary
    Units: none
  [Civ 3] Germans (despotism): 1 cities, 1 units, 45g, 6 techs, researching Map Making (24/36)
    Berlin: size=3, prod=Wonder41 (93sh), bldgs=Palace
    Units: 1x Warriors
  [Civ 4] Egyptians (despotism): 1 cities, 1 units, 48g, 7 techs, researching Masonry (0/33)
    Thebes: size=2, prod=Wonder41 (117sh), bldgs=Palace
    Units: 1x Warriors
  [Civ 1] Romans turn: 2 actions — MOVE_UNIT(1), UNIT_ORDER(1)

══════════════════════════════════════════════════════════════════════
  TURN 37 — 3280 B.C. (4ms)
══════════════════════════════════════════════════════════════════════
  [Civ 1] Romans (despotism): 1 cities, 1 units, 94g, 7 techs, researching Map Making (15/33)
    Rome: size=3, prod=Wonder39 (111sh), bldgs=Palace
    Units: 1x Warriors
  [Civ 2] Babylonians (despotism): 1 cities, 0 units, 14g, 8 techs, researching Map Making (12/28)
    Babylon: size=3, prod=building:7 (24sh), bldgs=Palace, Granary
    Units: none
  [Civ 3] Germans (despotism): 1 cities, 1 units, 47g, 6 techs, researching Map Making (26/36)
    Berlin: size=3, prod=Wonder41 (96sh), bldgs=Palace
    Units: 1x Warriors
  [Civ 4] Egyptians (despotism): 1 cities, 1 units, 50g, 7 techs, researching Masonry (2/33)
    Thebes: size=2, prod=Wonder41 (121sh), bldgs=Palace
    Units: 1x Warriors
  [Civ 1] Romans turn: 2 actions — MOVE_UNIT(1), UNIT_ORDER(1)

══════════════════════════════════════════════════════════════════════
  TURN 38 — 3260 B.C. (4ms)
══════════════════════════════════════════════════════════════════════
  [Civ 1] Romans (despotism): 1 cities, 1 units, 96g, 7 techs, researching Map Making (18/33)
    Rome: size=3, prod=Wonder39 (115sh), bldgs=Palace
    Units: 1x Warriors
  [Civ 2] Babylonians (despotism): 1 cities, 0 units, 14g, 8 techs, researching Map Making (14/28)
    Babylon: size=3, prod=building:7 (28sh), bldgs=Palace, Granary
    Units: none
  [Civ 3] Germans (despotism): 1 cities, 1 units, 49g, 6 techs, researching Map Making (28/36)
    Berlin: size=3, prod=Wonder41 (99sh), bldgs=Palace
    Units: 1x Warriors
  [Civ 4] Egyptians (despotism): 1 cities, 1 units, 52g, 7 techs, researching Masonry (4/33)
    Thebes: size=2, prod=Wonder41 (125sh), bldgs=Palace
    Units: 1x Warriors
  [Civ 1] Romans turn: 2 actions — MOVE_UNIT(1), UNIT_ORDER(1)
    >>> Babylon grew to size 4

══════════════════════════════════════════════════════════════════════
  TURN 39 — 3240 B.C. (4ms)
══════════════════════════════════════════════════════════════════════
  [Civ 1] Romans (despotism): 1 cities, 1 units, 98g, 7 techs, researching Map Making (21/33)
    Rome: size=3, prod=Wonder39 (119sh), bldgs=Palace
    Units: 1x Warriors
  [Civ 2] Babylonians (despotism): 1 cities, 0 units, 15g, 8 techs, researching Map Making (17/28)
    Babylon: size=4, prod=building:7 (32sh), bldgs=Palace, Granary
    Units: none
  [Civ 3] Germans (despotism): 1 cities, 1 units, 51g, 6 techs, researching Map Making (30/36)
    Berlin: size=3, prod=Wonder41 (102sh), bldgs=Palace
    Units: 1x Warriors
  [Civ 4] Egyptians (despotism): 1 cities, 1 units, 54g, 7 techs, researching Masonry (6/33)
    Thebes: size=2, prod=Wonder41 (129sh), bldgs=Palace
    Units: 1x Warriors
  [Civ 1] Romans turn: 2 actions — MOVE_UNIT(1), UNIT_ORDER(1)

══════════════════════════════════════════════════════════════════════
  TURN 40 — 3220 B.C. (4ms)
══════════════════════════════════════════════════════════════════════
  [Civ 1] Romans (despotism): 1 cities, 1 units, 100g, 7 techs, researching Map Making (24/33)
    Rome: size=3, prod=Wonder39 (123sh), bldgs=Palace
    Units: 1x Warriors
  [Civ 2] Babylonians (despotism): 1 cities, 0 units, 16g, 8 techs, researching Map Making (20/28)
    Babylon: size=4, prod=building:7 (36sh), bldgs=Palace, Granary
    Units: none
  [Civ 3] Germans (despotism): 1 cities, 1 units, 53g, 6 techs, researching Map Making (32/36)
    Berlin: size=3, prod=Wonder41 (105sh), bldgs=Palace
    Units: 1x Warriors
  [Civ 4] Egyptians (despotism): 1 cities, 1 units, 56g, 7 techs, researching Masonry (8/33)
    Thebes: size=2, prod=Wonder41 (133sh), bldgs=Palace
    Units: 1x Warriors
  [Civ 1] Romans turn: 2 actions — MOVE_UNIT(1), UNIT_ORDER(1)

══════════════════════════════════════════════════════════════════════
  TURN 41 — 3200 B.C. (4ms)
══════════════════════════════════════════════════════════════════════
  [Civ 1] Romans (despotism): 1 cities, 1 units, 102g, 7 techs, researching Map Making (27/33)
    Rome: size=3, prod=Wonder39 (127sh), bldgs=Palace
    Units: 1x Warriors
  [Civ 2] Babylonians (despotism): 1 cities, 0 units, 17g, 8 techs, researching Map Making (23/28)
    Babylon: size=4, prod=building:7 (40sh), bldgs=Palace, Granary
    Units: none
  [Civ 3] Germans (despotism): 1 cities, 1 units, 55g, 6 techs, researching Map Making (34/36)
    Berlin: size=3, prod=Wonder41 (108sh), bldgs=Palace
    Units: 1x Warriors
  [Civ 4] Egyptians (despotism): 1 cities, 1 units, 58g, 7 techs, researching Masonry (10/33)
    Thebes: size=2, prod=Wonder41 (137sh), bldgs=Palace
    Units: 1x Warriors
  [Civ 1] Romans turn: 2 actions — MOVE_UNIT(1), UNIT_ORDER(1)
    >>> Germans discovered: Map Making
    SET_RESEARCH tech=Currency

══════════════════════════════════════════════════════════════════════
  TURN 42 — 3180 B.C. (6ms)
══════════════════════════════════════════════════════════════════════
  [Civ 1] Romans (despotism): 1 cities, 1 units, 104g, 7 techs, researching Map Making (30/33)
    Rome: size=3, prod=Wonder39 (131sh), bldgs=Palace
    Units: 1x Warriors
  [Civ 2] Babylonians (despotism): 1 cities, 0 units, 18g, 8 techs, researching Map Making (26/28)
    Babylon: size=4, prod=building:7 (44sh), bldgs=Palace, Granary
    Units: none
  [Civ 3] Germans (despotism): 1 cities, 1 units, 55g, 7 techs, researching Currency (0/33)
    Berlin: size=3, prod=Wonder41 (111sh), bldgs=Palace
    Units: 1x Warriors
  [Civ 4] Egyptians (despotism): 1 cities, 1 units, 60g, 7 techs, researching Masonry (12/33)
    Thebes: size=2, prod=Wonder41 (141sh), bldgs=Palace
    Units: 1x Warriors
  [Civ 1] Romans turn: 2 actions — MOVE_UNIT(1), UNIT_ORDER(1)
    >>> Babylonians discovered: Map Making
    SET_RESEARCH tech=The Wheel
    >>> Romans discovered: Map Making

══════════════════════════════════════════════════════════════════════
  TURN 43 — 3160 B.C. (4ms)
══════════════════════════════════════════════════════════════════════
  [Civ 1] Romans (despotism): 1 cities, 1 units, 104g, 8 techs, researching none (0/28)
    Rome: size=3, prod=Wonder39 (135sh), bldgs=Palace
    Units: 1x Warriors
  [Civ 2] Babylonians (despotism): 1 cities, 0 units, 18g, 9 techs, researching The Wheel (0/32)
    Babylon: size=4, prod=building:7 (48sh), bldgs=Palace, Granary
    Units: none
  [Civ 3] Germans (despotism): 1 cities, 1 units, 57g, 7 techs, researching Currency (2/33)
    Berlin: size=3, prod=Wonder41 (114sh), bldgs=Palace
    Units: 1x Warriors
  [Civ 4] Egyptians (despotism): 1 cities, 1 units, 62g, 7 techs, researching Masonry (14/33)
    Thebes: size=2, prod=Wonder41 (145sh), bldgs=Palace
    Units: 1x Warriors
  [Civ 1] Romans turn: 3 actions — SET_RESEARCH(1), MOVE_UNIT(1), UNIT_ORDER(1)
    SET_RESEARCH tech=Mathematics

══════════════════════════════════════════════════════════════════════
  TURN 44 — 3140 B.C. (5ms)
══════════════════════════════════════════════════════════════════════
  [Civ 1] Romans (despotism): 1 cities, 1 units, 106g, 8 techs, researching Mathematics (3/28)
    Rome: size=3, prod=Wonder39 (139sh), bldgs=Palace
    Units: 1x Warriors
  [Civ 2] Babylonians (despotism): 1 cities, 0 units, 19g, 9 techs, researching The Wheel (3/32)
    Babylon: size=4, prod=building:7 (52sh), bldgs=Palace, Granary
    Units: none
  [Civ 3] Germans (despotism): 1 cities, 1 units, 59g, 7 techs, researching Currency (4/33)
    Berlin: size=3, prod=Wonder41 (117sh), bldgs=Palace
    Units: 1x Warriors
  [Civ 4] Egyptians (despotism): 1 cities, 1 units, 64g, 7 techs, researching Masonry (16/33)
    Thebes: size=2, prod=Wonder41 (149sh), bldgs=Palace
    Units: 1x Warriors
  [Civ 1] Romans turn: 2 actions — MOVE_UNIT(1), UNIT_ORDER(1)
    >>> Rome grew to size 4

══════════════════════════════════════════════════════════════════════
  TURN 45 — 3120 B.C. (3ms)
══════════════════════════════════════════════════════════════════════
  [Civ 1] Romans (despotism): 1 cities, 1 units, 108g, 8 techs, researching Mathematics (7/28)
    Rome: size=4, prod=Wonder39 (143sh), bldgs=Palace
    Units: 1x Warriors
  [Civ 2] Babylonians (despotism): 1 cities, 0 units, 20g, 9 techs, researching The Wheel (6/32)
    Babylon: size=4, prod=building:7 (56sh), bldgs=Palace, Granary
    Units: none
  [Civ 3] Germans (despotism): 1 cities, 1 units, 61g, 7 techs, researching Currency (6/33)
    Berlin: size=3, prod=Wonder41 (120sh), bldgs=Palace
    Units: 1x Warriors
  [Civ 4] Egyptians (despotism): 1 cities, 1 units, 66g, 7 techs, researching Masonry (18/33)
    Thebes: size=2, prod=Wonder41 (153sh), bldgs=Palace
    Units: 1x Warriors
  [Civ 1] Romans turn: 2 actions — MOVE_UNIT(1), UNIT_ORDER(1)
    >>> Berlin grew to size 4

══════════════════════════════════════════════════════════════════════
  TURN 46 — 3100 B.C. (8ms)
══════════════════════════════════════════════════════════════════════
  [Civ 1] Romans (despotism): 1 cities, 1 units, 110g, 8 techs, researching Mathematics (11/28)
    Rome: size=4, prod=Wonder39 (148sh), bldgs=Palace
    Units: 1x Warriors
  [Civ 2] Babylonians (despotism): 1 cities, 0 units, 21g, 9 techs, researching The Wheel (9/32)
    Babylon: size=4, prod=building:7 (60sh), bldgs=Palace, Granary
    Units: none
  [Civ 3] Germans (despotism): 1 cities, 1 units, 63g, 7 techs, researching Currency (9/33)
    Berlin: size=4, prod=Wonder41 (123sh), bldgs=Palace
    Units: 1x Warriors
  [Civ 4] Egyptians (despotism): 1 cities, 1 units, 68g, 7 techs, researching Masonry (20/33)
    Thebes: size=2, prod=Wonder41 (157sh), bldgs=Palace
    Units: 1x Warriors
  [Civ 1] Romans turn: 2 actions — MOVE_UNIT(1), UNIT_ORDER(1)

══════════════════════════════════════════════════════════════════════
  TURN 47 — 3080 B.C. (3ms)
══════════════════════════════════════════════════════════════════════
  [Civ 1] Romans (despotism): 1 cities, 1 units, 112g, 8 techs, researching Mathematics (15/28)
    Rome: size=4, prod=Wonder39 (153sh), bldgs=Palace
    Units: 1x Warriors
  [Civ 2] Babylonians (despotism): 1 cities, 0 units, 22g, 9 techs, researching The Wheel (12/32)
    Babylon: size=4, prod=building:7 (64sh), bldgs=Palace, Granary
    Units: none
  [Civ 3] Germans (despotism): 1 cities, 1 units, 65g, 7 techs, researching Currency (12/33)
    Berlin: size=4, prod=Wonder41 (126sh), bldgs=Palace
    Units: 1x Warriors
  [Civ 4] Egyptians (despotism): 1 cities, 1 units, 70g, 7 techs, researching Masonry (22/33)
    Thebes: size=2, prod=Wonder41 (161sh), bldgs=Palace
    Units: 1x Warriors
  [Civ 1] Romans turn: 2 actions — MOVE_UNIT(1), UNIT_ORDER(1)

══════════════════════════════════════════════════════════════════════
  TURN 48 — 3060 B.C. (4ms)
══════════════════════════════════════════════════════════════════════
  [Civ 1] Romans (despotism): 1 cities, 1 units, 114g, 8 techs, researching Mathematics (19/28)
    Rome: size=4, prod=Wonder39 (158sh), bldgs=Palace
    Units: 1x Warriors
  [Civ 2] Babylonians (despotism): 1 cities, 0 units, 23g, 9 techs, researching The Wheel (15/32)
    Babylon: size=4, prod=building:7 (68sh), bldgs=Palace, Granary
    Units: none
  [Civ 3] Germans (despotism): 1 cities, 1 units, 67g, 7 techs, researching Currency (15/33)
    Berlin: size=4, prod=Wonder41 (129sh), bldgs=Palace
    Units: 1x Warriors
  [Civ 4] Egyptians (despotism): 1 cities, 1 units, 72g, 7 techs, researching Masonry (24/33)
    Thebes: size=2, prod=Wonder41 (165sh), bldgs=Palace
    Units: 1x Warriors
  [Civ 1] Romans turn: 2 actions — MOVE_UNIT(1), UNIT_ORDER(1)

══════════════════════════════════════════════════════════════════════
  TURN 49 — 3040 B.C. (4ms)
══════════════════════════════════════════════════════════════════════
  [Civ 1] Romans (despotism): 1 cities, 1 units, 116g, 8 techs, researching Mathematics (23/28)
    Rome: size=4, prod=Wonder39 (163sh), bldgs=Palace
    Units: 1x Warriors
  [Civ 2] Babylonians (despotism): 1 cities, 0 units, 24g, 9 techs, researching The Wheel (18/32)
    Babylon: size=4, prod=building:7 (72sh), bldgs=Palace, Granary
    Units: none
  [Civ 3] Germans (despotism): 1 cities, 1 units, 69g, 7 techs, researching Currency (18/33)
    Berlin: size=4, prod=Wonder41 (132sh), bldgs=Palace
    Units: 1x Warriors
  [Civ 4] Egyptians (despotism): 1 cities, 1 units, 74g, 7 techs, researching Masonry (26/33)
    Thebes: size=2, prod=Wonder41 (169sh), bldgs=Palace
    Units: 1x Warriors
  [Civ 1] Romans turn: 2 actions — MOVE_UNIT(1), UNIT_ORDER(1)

══════════════════════════════════════════════════════════════════════
  FINAL SUMMARY
══════════════════════════════════════════════════════════════════════
Game ended at turn 50 (3020 B.C.)

── Civ 1: Romans (despotism) ALIVE ──
  Cities: 1 (peak 1, founded 1)
  Units:  1 (peak 1)
  Treasury: 118g
  Techs discovered: 3 — Alphabet, Iron Working, Map Making
  Actions: 111 total, 0 idle turns
  Breakdown: UNIT_ORDER(51), MOVE_UNIT(50), SET_RESEARCH(4), ADJUST_ATTITUDE(3), CHANGE_RATES(1), BUILD_CITY(1), CHANGE_PRODUCTION(1)
  Army: 1x Warriors
  Rome: size=4, shields=168

── Civ 2: Babylonians (despotism) ALIVE ──
  Cities: 1 (peak 1, founded 1)
  Units:  0 (peak 0)
  Treasury: 25g
  Techs discovered: 2 — Code of Laws, Map Making
  Actions: 15 total, 43 idle turns
  Breakdown: SET_RESEARCH(4), CHANGE_PRODUCTION(3), ADJUST_ATTITUDE(3), UNIT_ORDER(2), CHANGE_RATES(1), BUILD_CITY(1), MOVE_UNIT(1)
  Army: none
  Babylon: size=4, shields=76

── Civ 3: Germans (despotism) ALIVE ──
  Cities: 1 (peak 1, founded 1)
  Units:  1 (peak 1)
  Treasury: 71g
  Techs discovered: 2 — Iron Working, Map Making
  Actions: 111 total, 0 idle turns
  Breakdown: UNIT_ORDER(51), MOVE_UNIT(50), SET_RESEARCH(4), ADJUST_ATTITUDE(3), CHANGE_RATES(1), BUILD_CITY(1), CHANGE_PRODUCTION(1)
  Army: 1x Warriors
  Berlin: size=4, shields=135

── Civ 4: Egyptians (despotism) ALIVE ──
  Cities: 1 (peak 1, founded 1)
  Units:  1 (peak 1)
  Treasury: 76g
  Techs discovered: 2 — Alphabet, Map Making
  Actions: 110 total, 0 idle turns
  Breakdown: UNIT_ORDER(51), MOVE_UNIT(50), SET_RESEARCH(3), ADJUST_ATTITUDE(3), CHANGE_RATES(1), BUILD_CITY(1), CHANGE_PRODUCTION(1)
  Army: 1x Warriors
  Thebes: size=2, shields=173


══════════════════════════════════════════════════════════════════════
  AI BEHAVIOR ANALYSIS
══════════════════════════════════════════════════════════════════════
[Civ 1] Romans:
  WARNING: Only 1 city after 30+ turns

[Civ 2] Babylonians:
  WARNING: Idle 43/50 turns (>50%)
  WARNING: Only 1 city after 30+ turns

[Civ 3] Germans:
  WARNING: Only 1 city after 30+ turns

[Civ 4] Egyptians:
  WARNING: Only 1 city after 30+ turns

